[0.041s] Invoking command in '/home/offroad/radar_ws/src/build/radar_conti_ars408_msgs': CMAKE_PREFIX_PATH=${CMAKE_PREFIX_PATH}:/opt/ros/foxy /usr/bin/cmake --build /home/offroad/radar_ws/src/build/radar_conti_ars408_msgs -- -j12 -l12
[0.173s] [  0%] Built target radar_conti_ars408_msgs__cpp
[0.189s] [ 12%] Built target radar_conti_ars408_msgs__rosidl_generator_c
[0.289s] [ 24%] Built target radar_conti_ars408_msgs__rosidl_typesupport_cpp
[0.307s] [ 58%] Built target radar_conti_ars408_msgs__rosidl_typesupport_fastrtps_cpp
[0.307s] [ 58%] Built target radar_conti_ars408_msgs__rosidl_typesupport_introspection_cpp
[0.308s] [ 60%] Built target radar_conti_ars408_msgs__rosidl_typesupport_introspection_c
[0.322s] [ 72%] Built target radar_conti_ars408_msgs__rosidl_typesupport_c
[0.400s] [ 84%] Built target radar_conti_ars408_msgs__rosidl_typesupport_fastrtps_c
[0.455s] [ 84%] Built target radar_conti_ars408_msgs
[0.539s] [ 85%] Built target radar_conti_ars408_msgs__py
[0.701s] [ 96%] Built target radar_conti_ars408_msgs__python
[0.883s] [ 97%] Built target radar_conti_ars408_msgs__rosidl_typesupport_c__pyext
[0.889s] [ 98%] Built target radar_conti_ars408_msgs__rosidl_typesupport_fastrtps_c__pyext
[0.907s] [100%] Built target radar_conti_ars408_msgs__rosidl_typesupport_introspection_c__pyext
[0.978s] Invoked command in '/home/offroad/radar_ws/src/build/radar_conti_ars408_msgs' returned '0': CMAKE_PREFIX_PATH=${CMAKE_PREFIX_PATH}:/opt/ros/foxy /usr/bin/cmake --build /home/offroad/radar_ws/src/build/radar_conti_ars408_msgs -- -j12 -l12
[2.517s] Invoking command in '/home/offroad/radar_ws/src/build/radar_conti_ars408_msgs': CMAKE_PREFIX_PATH=${CMAKE_PREFIX_PATH}:/opt/ros/foxy /usr/bin/cmake --install /home/offroad/radar_ws/src/build/radar_conti_ars408_msgs
[2.554s] -- Install configuration: ""
[2.555s] -- Installing: /home/offroad/radar_ws/src/install/radar_conti_ars408_msgs/share/ament_index/resource_index/rosidl_interfaces/radar_conti_ars408_msgs
[2.555s] -- Installing: /home/offroad/radar_ws/src/install/radar_conti_ars408_msgs/include/radar_conti_ars408_msgs
[2.555s] -- Installing: /home/offroad/radar_ws/src/install/radar_conti_ars408_msgs/include/radar_conti_ars408_msgs/srv
[2.555s] -- Installing: /home/offroad/radar_ws/src/install/radar_conti_ars408_msgs/include/radar_conti_ars408_msgs/srv/detail
[2.556s] -- Installing: /home/offroad/radar_ws/src/install/radar_conti_ars408_msgs/include/radar_conti_ars408_msgs/srv/detail/add_three_ints__functions.h
[2.561s] -- Installing: /home/offroad/radar_ws/src/install/radar_conti_ars408_msgs/include/radar_conti_ars408_msgs/srv/detail/add_three_ints__functions.c
[2.562s] -- Installing: /home/offroad/radar_ws/src/install/radar_conti_ars408_msgs/include/radar_conti_ars408_msgs/srv/detail/add_three_ints__type_support.h
[2.564s] -- Installing: /home/offroad/radar_ws/src/install/radar_conti_ars408_msgs/include/radar_conti_ars408_msgs/srv/detail/add_three_ints__struct.h
[2.565s] -- Installing: /home/offroad/radar_ws/src/install/radar_conti_ars408_msgs/include/radar_conti_ars408_msgs/srv/add_three_ints.h
[2.569s] -- Installing: /home/offroad/radar_ws/src/install/radar_conti_ars408_msgs/include/radar_conti_ars408_msgs/msg
[2.570s] -- Installing: /home/offroad/radar_ws/src/install/radar_conti_ars408_msgs/include/radar_conti_ars408_msgs/msg/detail
[2.571s] -- Installing: /home/offroad/radar_ws/src/install/radar_conti_ars408_msgs/include/radar_conti_ars408_msgs/msg/detail/cluster_list__functions.c
[2.571s] -- Installing: /home/offroad/radar_ws/src/install/radar_conti_ars408_msgs/include/radar_conti_ars408_msgs/msg/detail/cluster_quality__struct.h
[2.571s] -- Installing: /home/offroad/radar_ws/src/install/radar_conti_ars408_msgs/include/radar_conti_ars408_msgs/msg/detail/radar_configuration__struct.h
[2.571s] -- Installing: /home/offroad/radar_ws/src/install/radar_conti_ars408_msgs/include/radar_conti_ars408_msgs/msg/detail/version_id__type_support.h
[2.572s] -- Installing: /home/offroad/radar_ws/src/install/radar_conti_ars408_msgs/include/radar_conti_ars408_msgs/msg/detail/cluster_general__functions.h
[2.572s] -- Installing: /home/offroad/radar_ws/src/install/radar_conti_ars408_msgs/include/radar_conti_ars408_msgs/msg/detail/filter_state_header__type_support.h
[2.575s] -- Installing: /home/offroad/radar_ws/src/install/radar_conti_ars408_msgs/include/radar_conti_ars408_msgs/msg/detail/object_quality__struct.h
[2.580s] -- Installing: /home/offroad/radar_ws/src/install/radar_conti_ars408_msgs/include/radar_conti_ars408_msgs/msg/detail/cluster__functions.h
[2.581s] -- Installing: /home/offroad/radar_ws/src/install/radar_conti_ars408_msgs/include/radar_conti_ars408_msgs/msg/detail/filter_state_cfg__struct.h
[2.581s] -- Installing: /home/offroad/radar_ws/src/install/radar_conti_ars408_msgs/include/radar_conti_ars408_msgs/msg/detail/cluster_general__struct.h
[2.581s] -- Installing: /home/offroad/radar_ws/src/install/radar_conti_ars408_msgs/include/radar_conti_ars408_msgs/msg/detail/object_list__functions.h
[2.582s] -- Installing: /home/offroad/radar_ws/src/install/radar_conti_ars408_msgs/include/radar_conti_ars408_msgs/msg/detail/filter_state_header__functions.h
[2.583s] -- Installing: /home/offroad/radar_ws/src/install/radar_conti_ars408_msgs/include/radar_conti_ars408_msgs/msg/detail/cluster_list__struct.h
[2.584s] -- Installing: /home/offroad/radar_ws/src/install/radar_conti_ars408_msgs/include/radar_conti_ars408_msgs/msg/detail/version_id__functions.h
[2.585s] -- Installing: /home/offroad/radar_ws/src/install/radar_conti_ars408_msgs/include/radar_conti_ars408_msgs/msg/detail/cluster__functions.c
[2.587s] -- Installing: /home/offroad/radar_ws/src/install/radar_conti_ars408_msgs/include/radar_conti_ars408_msgs/msg/detail/filter_state_cfg__type_support.h
[2.589s] -- Installing: /home/offroad/radar_ws/src/install/radar_conti_ars408_msgs/include/radar_conti_ars408_msgs/msg/detail/num__struct.h
[2.589s] -- Installing: /home/offroad/radar_ws/src/install/radar_conti_ars408_msgs/include/radar_conti_ars408_msgs/msg/detail/radar_state__functions.h
[2.589s] -- Installing: /home/offroad/radar_ws/src/install/radar_conti_ars408_msgs/include/radar_conti_ars408_msgs/msg/detail/object_extended__struct.h
[2.590s] -- Installing: /home/offroad/radar_ws/src/install/radar_conti_ars408_msgs/include/radar_conti_ars408_msgs/msg/detail/num__functions.c
[2.592s] -- Installing: /home/offroad/radar_ws/src/install/radar_conti_ars408_msgs/include/radar_conti_ars408_msgs/msg/detail/radar_configuration__type_support.h
[2.596s] -- Installing: /home/offroad/radar_ws/src/install/radar_conti_ars408_msgs/include/radar_conti_ars408_msgs/msg/detail/version_id__functions.c
[2.597s] -- Installing: /home/offroad/radar_ws/src/install/radar_conti_ars408_msgs/include/radar_conti_ars408_msgs/msg/detail/object_list__struct.h
[2.597s] -- Installing: /home/offroad/radar_ws/src/install/radar_conti_ars408_msgs/include/radar_conti_ars408_msgs/msg/detail/object_general__functions.c
[2.597s] -- Installing: /home/offroad/radar_ws/src/install/radar_conti_ars408_msgs/include/radar_conti_ars408_msgs/msg/detail/filter_cfg__type_support.h
[2.598s] -- Installing: /home/offroad/radar_ws/src/install/radar_conti_ars408_msgs/include/radar_conti_ars408_msgs/msg/detail/filter_state_header__functions.c
[2.598s] -- Installing: /home/offroad/radar_ws/src/install/radar_conti_ars408_msgs/include/radar_conti_ars408_msgs/msg/detail/cluster_status__functions.h
[2.599s] -- Installing: /home/offroad/radar_ws/src/install/radar_conti_ars408_msgs/include/radar_conti_ars408_msgs/msg/detail/cluster_list__type_support.h
[2.599s] -- Installing: /home/offroad/radar_ws/src/install/radar_conti_ars408_msgs/include/radar_conti_ars408_msgs/msg/detail/radar_configuration__functions.h
[2.599s] -- Installing: /home/offroad/radar_ws/src/install/radar_conti_ars408_msgs/include/radar_conti_ars408_msgs/msg/detail/object_status__struct.h
[2.599s] -- Installing: /home/offroad/radar_ws/src/install/radar_conti_ars408_msgs/include/radar_conti_ars408_msgs/msg/detail/cluster_status__struct.h
[2.599s] -- Installing: /home/offroad/radar_ws/src/install/radar_conti_ars408_msgs/include/radar_conti_ars408_msgs/msg/detail/object_general__struct.h
[2.600s] -- Installing: /home/offroad/radar_ws/src/install/radar_conti_ars408_msgs/include/radar_conti_ars408_msgs/msg/detail/filter_state_cfg__functions.h
[2.600s] -- Installing: /home/offroad/radar_ws/src/install/radar_conti_ars408_msgs/include/radar_conti_ars408_msgs/msg/detail/radar_configuration__functions.c
[2.600s] -- Installing: /home/offroad/radar_ws/src/install/radar_conti_ars408_msgs/include/radar_conti_ars408_msgs/msg/detail/object_quality__type_support.h
[2.600s] -- Installing: /home/offroad/radar_ws/src/install/radar_conti_ars408_msgs/include/radar_conti_ars408_msgs/msg/detail/filter_state_header__struct.h
[2.600s] -- Installing: /home/offroad/radar_ws/src/install/radar_conti_ars408_msgs/include/radar_conti_ars408_msgs/msg/detail/cluster_list__functions.h
[2.601s] -- Installing: /home/offroad/radar_ws/src/install/radar_conti_ars408_msgs/include/radar_conti_ars408_msgs/msg/detail/cluster__type_support.h
[2.601s] -- Installing: /home/offroad/radar_ws/src/install/radar_conti_ars408_msgs/include/radar_conti_ars408_msgs/msg/detail/object_extended__functions.c
[2.601s] -- Installing: /home/offroad/radar_ws/src/install/radar_conti_ars408_msgs/include/radar_conti_ars408_msgs/msg/detail/cluster_status__type_support.h
[2.601s] -- Installing: /home/offroad/radar_ws/src/install/radar_conti_ars408_msgs/include/radar_conti_ars408_msgs/msg/detail/object__functions.c
[2.602s] -- Installing: /home/offroad/radar_ws/src/install/radar_conti_ars408_msgs/include/radar_conti_ars408_msgs/msg/detail/filter_cfg__functions.c
[2.603s] -- Installing: /home/offroad/radar_ws/src/install/radar_conti_ars408_msgs/include/radar_conti_ars408_msgs/msg/detail/object_extended__type_support.h
[2.604s] -- Installing: /home/offroad/radar_ws/src/install/radar_conti_ars408_msgs/include/radar_conti_ars408_msgs/msg/detail/object_extended__functions.h
[2.604s] -- Installing: /home/offroad/radar_ws/src/install/radar_conti_ars408_msgs/include/radar_conti_ars408_msgs/msg/detail/version_id__struct.h
[2.604s] -- Installing: /home/offroad/radar_ws/src/install/radar_conti_ars408_msgs/include/radar_conti_ars408_msgs/msg/detail/object__type_support.h
[2.604s] -- Installing: /home/offroad/radar_ws/src/install/radar_conti_ars408_msgs/include/radar_conti_ars408_msgs/msg/detail/cluster_quality__functions.c
[2.604s] -- Installing: /home/offroad/radar_ws/src/install/radar_conti_ars408_msgs/include/radar_conti_ars408_msgs/msg/detail/object_quality__functions.h
[2.605s] -- Installing: /home/offroad/radar_ws/src/install/radar_conti_ars408_msgs/include/radar_conti_ars408_msgs/msg/detail/cluster_general__functions.c
[2.605s] -- Installing: /home/offroad/radar_ws/src/install/radar_conti_ars408_msgs/include/radar_conti_ars408_msgs/msg/detail/cluster_general__type_support.h
[2.605s] -- Installing: /home/offroad/radar_ws/src/install/radar_conti_ars408_msgs/include/radar_conti_ars408_msgs/msg/detail/radar_state__type_support.h
[2.605s] -- Installing: /home/offroad/radar_ws/src/install/radar_conti_ars408_msgs/include/radar_conti_ars408_msgs/msg/detail/object_status__functions.c
[2.605s] -- Installing: /home/offroad/radar_ws/src/install/radar_conti_ars408_msgs/include/radar_conti_ars408_msgs/msg/detail/object_status__functions.h
[2.605s] -- Installing: /home/offroad/radar_ws/src/install/radar_conti_ars408_msgs/include/radar_conti_ars408_msgs/msg/detail/num__type_support.h
[2.606s] -- Installing: /home/offroad/radar_ws/src/install/radar_conti_ars408_msgs/include/radar_conti_ars408_msgs/msg/detail/object_list__functions.c
[2.606s] -- Installing: /home/offroad/radar_ws/src/install/radar_conti_ars408_msgs/include/radar_conti_ars408_msgs/msg/detail/radar_state__struct.h
[2.606s] -- Installing: /home/offroad/radar_ws/src/install/radar_conti_ars408_msgs/include/radar_conti_ars408_msgs/msg/detail/object_list__type_support.h
[2.607s] -- Installing: /home/offroad/radar_ws/src/install/radar_conti_ars408_msgs/include/radar_conti_ars408_msgs/msg/detail/radar_state__functions.c
[2.608s] -- Installing: /home/offroad/radar_ws/src/install/radar_conti_ars408_msgs/include/radar_conti_ars408_msgs/msg/detail/filter_cfg__functions.h
[2.611s] -- Installing: /home/offroad/radar_ws/src/install/radar_conti_ars408_msgs/include/radar_conti_ars408_msgs/msg/detail/filter_state_cfg__functions.c
[2.612s] -- Installing: /home/offroad/radar_ws/src/install/radar_conti_ars408_msgs/include/radar_conti_ars408_msgs/msg/detail/cluster_quality__type_support.h
[2.612s] -- Installing: /home/offroad/radar_ws/src/install/radar_conti_ars408_msgs/include/radar_conti_ars408_msgs/msg/detail/object_general__type_support.h
[2.613s] -- Installing: /home/offroad/radar_ws/src/install/radar_conti_ars408_msgs/include/radar_conti_ars408_msgs/msg/detail/num__functions.h
[2.615s] -- Installing: /home/offroad/radar_ws/src/install/radar_conti_ars408_msgs/include/radar_conti_ars408_msgs/msg/detail/filter_cfg__struct.h
[2.615s] -- Installing: /home/offroad/radar_ws/src/install/radar_conti_ars408_msgs/include/radar_conti_ars408_msgs/msg/detail/object_status__type_support.h
[2.616s] -- Installing: /home/offroad/radar_ws/src/install/radar_conti_ars408_msgs/include/radar_conti_ars408_msgs/msg/detail/object__struct.h
[2.619s] -- Installing: /home/offroad/radar_ws/src/install/radar_conti_ars408_msgs/include/radar_conti_ars408_msgs/msg/detail/cluster_status__functions.c
[2.620s] -- Installing: /home/offroad/radar_ws/src/install/radar_conti_ars408_msgs/include/radar_conti_ars408_msgs/msg/detail/object__functions.h
[2.620s] -- Installing: /home/offroad/radar_ws/src/install/radar_conti_ars408_msgs/include/radar_conti_ars408_msgs/msg/detail/cluster__struct.h
[2.620s] -- Installing: /home/offroad/radar_ws/src/install/radar_conti_ars408_msgs/include/radar_conti_ars408_msgs/msg/detail/object_quality__functions.c
[2.620s] -- Installing: /home/offroad/radar_ws/src/install/radar_conti_ars408_msgs/include/radar_conti_ars408_msgs/msg/detail/object_general__functions.h
[2.621s] -- Installing: /home/offroad/radar_ws/src/install/radar_conti_ars408_msgs/include/radar_conti_ars408_msgs/msg/detail/cluster_quality__functions.h
[2.621s] -- Installing: /home/offroad/radar_ws/src/install/radar_conti_ars408_msgs/include/radar_conti_ars408_msgs/msg/object_status.h
[2.621s] -- Installing: /home/offroad/radar_ws/src/install/radar_conti_ars408_msgs/include/radar_conti_ars408_msgs/msg/radar_configuration.h
[2.621s] -- Installing: /home/offroad/radar_ws/src/install/radar_conti_ars408_msgs/include/radar_conti_ars408_msgs/msg/cluster_list.h
[2.621s] -- Installing: /home/offroad/radar_ws/src/install/radar_conti_ars408_msgs/include/radar_conti_ars408_msgs/msg/rosidl_generator_c__visibility_control.h
[2.621s] -- Installing: /home/offroad/radar_ws/src/install/radar_conti_ars408_msgs/include/radar_conti_ars408_msgs/msg/cluster_general.h
[2.622s] -- Installing: /home/offroad/radar_ws/src/install/radar_conti_ars408_msgs/include/radar_conti_ars408_msgs/msg/object_extended.h
[2.622s] -- Installing: /home/offroad/radar_ws/src/install/radar_conti_ars408_msgs/include/radar_conti_ars408_msgs/msg/filter_cfg.h
[2.622s] -- Installing: /home/offroad/radar_ws/src/install/radar_conti_ars408_msgs/include/radar_conti_ars408_msgs/msg/num.h
[2.624s] -- Installing: /home/offroad/radar_ws/src/install/radar_conti_ars408_msgs/include/radar_conti_ars408_msgs/msg/filter_state_header.h
[2.626s] -- Installing: /home/offroad/radar_ws/src/install/radar_conti_ars408_msgs/include/radar_conti_ars408_msgs/msg/object_general.h
[2.628s] -- Installing: /home/offroad/radar_ws/src/install/radar_conti_ars408_msgs/include/radar_conti_ars408_msgs/msg/radar_state.h
[2.628s] -- Installing: /home/offroad/radar_ws/src/install/radar_conti_ars408_msgs/include/radar_conti_ars408_msgs/msg/version_id.h
[2.628s] -- Installing: /home/offroad/radar_ws/src/install/radar_conti_ars408_msgs/include/radar_conti_ars408_msgs/msg/object.h
[2.628s] -- Installing: /home/offroad/radar_ws/src/install/radar_conti_ars408_msgs/include/radar_conti_ars408_msgs/msg/cluster_status.h
[2.628s] -- Installing: /home/offroad/radar_ws/src/install/radar_conti_ars408_msgs/include/radar_conti_ars408_msgs/msg/filter_state_cfg.h
[2.629s] -- Installing: /home/offroad/radar_ws/src/install/radar_conti_ars408_msgs/include/radar_conti_ars408_msgs/msg/cluster.h
[2.629s] -- Installing: /home/offroad/radar_ws/src/install/radar_conti_ars408_msgs/include/radar_conti_ars408_msgs/msg/object_list.h
[2.629s] -- Installing: /home/offroad/radar_ws/src/install/radar_conti_ars408_msgs/include/radar_conti_ars408_msgs/msg/object_quality.h
[2.629s] -- Installing: /home/offroad/radar_ws/src/install/radar_conti_ars408_msgs/include/radar_conti_ars408_msgs/msg/cluster_quality.h
[2.630s] -- Installing: /home/offroad/radar_ws/src/install/radar_conti_ars408_msgs/share/radar_conti_ars408_msgs/environment/library_path.sh
[2.630s] -- Installing: /home/offroad/radar_ws/src/install/radar_conti_ars408_msgs/share/radar_conti_ars408_msgs/environment/library_path.dsv
[2.630s] -- Installing: /home/offroad/radar_ws/src/install/radar_conti_ars408_msgs/lib/libradar_conti_ars408_msgs__rosidl_generator_c.so
[2.630s] -- Set runtime path of "/home/offroad/radar_ws/src/install/radar_conti_ars408_msgs/lib/libradar_conti_ars408_msgs__rosidl_generator_c.so" to ""
[2.630s] -- Up-to-date: /home/offroad/radar_ws/src/install/radar_conti_ars408_msgs/include/radar_conti_ars408_msgs
[2.631s] -- Up-to-date: /home/offroad/radar_ws/src/install/radar_conti_ars408_msgs/include/radar_conti_ars408_msgs/srv
[2.631s] -- Up-to-date: /home/offroad/radar_ws/src/install/radar_conti_ars408_msgs/include/radar_conti_ars408_msgs/srv/detail
[2.631s] -- Installing: /home/offroad/radar_ws/src/install/radar_conti_ars408_msgs/include/radar_conti_ars408_msgs/srv/detail/add_three_ints__rosidl_typesupport_fastrtps_c.h
[2.632s] -- Up-to-date: /home/offroad/radar_ws/src/install/radar_conti_ars408_msgs/include/radar_conti_ars408_msgs/msg
[2.632s] -- Up-to-date: /home/offroad/radar_ws/src/install/radar_conti_ars408_msgs/include/radar_conti_ars408_msgs/msg/detail
[2.634s] -- Installing: /home/offroad/radar_ws/src/install/radar_conti_ars408_msgs/include/radar_conti_ars408_msgs/msg/detail/radar_configuration__rosidl_typesupport_fastrtps_c.h
[2.635s] -- Installing: /home/offroad/radar_ws/src/install/radar_conti_ars408_msgs/include/radar_conti_ars408_msgs/msg/detail/cluster_list__rosidl_typesupport_fastrtps_c.h
[2.635s] -- Installing: /home/offroad/radar_ws/src/install/radar_conti_ars408_msgs/include/radar_conti_ars408_msgs/msg/detail/object_extended__rosidl_typesupport_fastrtps_c.h
[2.635s] -- Installing: /home/offroad/radar_ws/src/install/radar_conti_ars408_msgs/include/radar_conti_ars408_msgs/msg/detail/object_status__rosidl_typesupport_fastrtps_c.h
[2.635s] -- Installing: /home/offroad/radar_ws/src/install/radar_conti_ars408_msgs/include/radar_conti_ars408_msgs/msg/detail/cluster_general__rosidl_typesupport_fastrtps_c.h
[2.636s] -- Installing: /home/offroad/radar_ws/src/install/radar_conti_ars408_msgs/include/radar_conti_ars408_msgs/msg/detail/cluster_quality__rosidl_typesupport_fastrtps_c.h
[2.636s] -- Installing: /home/offroad/radar_ws/src/install/radar_conti_ars408_msgs/include/radar_conti_ars408_msgs/msg/detail/filter_state_cfg__rosidl_typesupport_fastrtps_c.h
[2.636s] -- Installing: /home/offroad/radar_ws/src/install/radar_conti_ars408_msgs/include/radar_conti_ars408_msgs/msg/detail/radar_state__rosidl_typesupport_fastrtps_c.h
[2.636s] -- Installing: /home/offroad/radar_ws/src/install/radar_conti_ars408_msgs/include/radar_conti_ars408_msgs/msg/detail/object__rosidl_typesupport_fastrtps_c.h
[2.637s] -- Installing: /home/offroad/radar_ws/src/install/radar_conti_ars408_msgs/include/radar_conti_ars408_msgs/msg/detail/filter_cfg__rosidl_typesupport_fastrtps_c.h
[2.637s] -- Installing: /home/offroad/radar_ws/src/install/radar_conti_ars408_msgs/include/radar_conti_ars408_msgs/msg/detail/cluster__rosidl_typesupport_fastrtps_c.h
[2.637s] -- Installing: /home/offroad/radar_ws/src/install/radar_conti_ars408_msgs/include/radar_conti_ars408_msgs/msg/detail/filter_state_header__rosidl_typesupport_fastrtps_c.h
[2.637s] -- Installing: /home/offroad/radar_ws/src/install/radar_conti_ars408_msgs/include/radar_conti_ars408_msgs/msg/detail/cluster_status__rosidl_typesupport_fastrtps_c.h
[2.637s] -- Installing: /home/offroad/radar_ws/src/install/radar_conti_ars408_msgs/include/radar_conti_ars408_msgs/msg/detail/version_id__rosidl_typesupport_fastrtps_c.h
[2.637s] -- Installing: /home/offroad/radar_ws/src/install/radar_conti_ars408_msgs/include/radar_conti_ars408_msgs/msg/detail/num__rosidl_typesupport_fastrtps_c.h
[2.638s] -- Installing: /home/offroad/radar_ws/src/install/radar_conti_ars408_msgs/include/radar_conti_ars408_msgs/msg/detail/object_quality__rosidl_typesupport_fastrtps_c.h
[2.638s] -- Installing: /home/offroad/radar_ws/src/install/radar_conti_ars408_msgs/include/radar_conti_ars408_msgs/msg/detail/object_list__rosidl_typesupport_fastrtps_c.h
[2.638s] -- Installing: /home/offroad/radar_ws/src/install/radar_conti_ars408_msgs/include/radar_conti_ars408_msgs/msg/detail/object_general__rosidl_typesupport_fastrtps_c.h
[2.639s] -- Installing: /home/offroad/radar_ws/src/install/radar_conti_ars408_msgs/include/radar_conti_ars408_msgs/msg/rosidl_typesupport_fastrtps_c__visibility_control.h
[2.641s] -- Installing: /home/offroad/radar_ws/src/install/radar_conti_ars408_msgs/lib/libradar_conti_ars408_msgs__rosidl_typesupport_fastrtps_c.so
[2.643s] -- Set runtime path of "/home/offroad/radar_ws/src/install/radar_conti_ars408_msgs/lib/libradar_conti_ars408_msgs__rosidl_typesupport_fastrtps_c.so" to ""
[2.644s] -- Up-to-date: /home/offroad/radar_ws/src/install/radar_conti_ars408_msgs/include/radar_conti_ars408_msgs
[2.644s] -- Up-to-date: /home/offroad/radar_ws/src/install/radar_conti_ars408_msgs/include/radar_conti_ars408_msgs/srv
[2.644s] -- Up-to-date: /home/offroad/radar_ws/src/install/radar_conti_ars408_msgs/include/radar_conti_ars408_msgs/srv/detail
[2.644s] -- Installing: /home/offroad/radar_ws/src/install/radar_conti_ars408_msgs/include/radar_conti_ars408_msgs/srv/detail/dds_fastrtps
[2.645s] -- Installing: /home/offroad/radar_ws/src/install/radar_conti_ars408_msgs/include/radar_conti_ars408_msgs/srv/detail/add_three_ints__rosidl_typesupport_fastrtps_cpp.hpp
[2.646s] -- Up-to-date: /home/offroad/radar_ws/src/install/radar_conti_ars408_msgs/include/radar_conti_ars408_msgs/msg
[2.647s] -- Up-to-date: /home/offroad/radar_ws/src/install/radar_conti_ars408_msgs/include/radar_conti_ars408_msgs/msg/detail
[2.648s] -- Installing: /home/offroad/radar_ws/src/install/radar_conti_ars408_msgs/include/radar_conti_ars408_msgs/msg/detail/cluster_list__rosidl_typesupport_fastrtps_cpp.hpp
[2.648s] -- Installing: /home/offroad/radar_ws/src/install/radar_conti_ars408_msgs/include/radar_conti_ars408_msgs/msg/detail/cluster_quality__rosidl_typesupport_fastrtps_cpp.hpp
[2.650s] -- Installing: /home/offroad/radar_ws/src/install/radar_conti_ars408_msgs/include/radar_conti_ars408_msgs/msg/detail/object_list__rosidl_typesupport_fastrtps_cpp.hpp
[2.651s] -- Installing: /home/offroad/radar_ws/src/install/radar_conti_ars408_msgs/include/radar_conti_ars408_msgs/msg/detail/filter_state_cfg__rosidl_typesupport_fastrtps_cpp.hpp
[2.651s] -- Installing: /home/offroad/radar_ws/src/install/radar_conti_ars408_msgs/include/radar_conti_ars408_msgs/msg/detail/object__rosidl_typesupport_fastrtps_cpp.hpp
[2.652s] -- Installing: /home/offroad/radar_ws/src/install/radar_conti_ars408_msgs/include/radar_conti_ars408_msgs/msg/detail/dds_fastrtps
[2.653s] -- Installing: /home/offroad/radar_ws/src/install/radar_conti_ars408_msgs/include/radar_conti_ars408_msgs/msg/detail/object_extended__rosidl_typesupport_fastrtps_cpp.hpp
[2.654s] -- Installing: /home/offroad/radar_ws/src/install/radar_conti_ars408_msgs/include/radar_conti_ars408_msgs/msg/detail/cluster_general__rosidl_typesupport_fastrtps_cpp.hpp
[2.658s] -- Installing: /home/offroad/radar_ws/src/install/radar_conti_ars408_msgs/include/radar_conti_ars408_msgs/msg/detail/filter_cfg__rosidl_typesupport_fastrtps_cpp.hpp
[2.659s] -- Installing: /home/offroad/radar_ws/src/install/radar_conti_ars408_msgs/include/radar_conti_ars408_msgs/msg/detail/object_status__rosidl_typesupport_fastrtps_cpp.hpp
[2.659s] -- Installing: /home/offroad/radar_ws/src/install/radar_conti_ars408_msgs/include/radar_conti_ars408_msgs/msg/detail/cluster__rosidl_typesupport_fastrtps_cpp.hpp
[2.659s] -- Installing: /home/offroad/radar_ws/src/install/radar_conti_ars408_msgs/include/radar_conti_ars408_msgs/msg/detail/radar_configuration__rosidl_typesupport_fastrtps_cpp.hpp
[2.662s] -- Installing: /home/offroad/radar_ws/src/install/radar_conti_ars408_msgs/include/radar_conti_ars408_msgs/msg/detail/filter_state_header__rosidl_typesupport_fastrtps_cpp.hpp
[2.663s] -- Installing: /home/offroad/radar_ws/src/install/radar_conti_ars408_msgs/include/radar_conti_ars408_msgs/msg/detail/radar_state__rosidl_typesupport_fastrtps_cpp.hpp
[2.665s] -- Installing: /home/offroad/radar_ws/src/install/radar_conti_ars408_msgs/include/radar_conti_ars408_msgs/msg/detail/num__rosidl_typesupport_fastrtps_cpp.hpp
[2.666s] -- Installing: /home/offroad/radar_ws/src/install/radar_conti_ars408_msgs/include/radar_conti_ars408_msgs/msg/detail/object_quality__rosidl_typesupport_fastrtps_cpp.hpp
[2.666s] -- Installing: /home/offroad/radar_ws/src/install/radar_conti_ars408_msgs/include/radar_conti_ars408_msgs/msg/detail/cluster_status__rosidl_typesupport_fastrtps_cpp.hpp
[2.666s] -- Installing: /home/offroad/radar_ws/src/install/radar_conti_ars408_msgs/include/radar_conti_ars408_msgs/msg/detail/version_id__rosidl_typesupport_fastrtps_cpp.hpp
[2.667s] -- Installing: /home/offroad/radar_ws/src/install/radar_conti_ars408_msgs/include/radar_conti_ars408_msgs/msg/detail/object_general__rosidl_typesupport_fastrtps_cpp.hpp
[2.667s] -- Installing: /home/offroad/radar_ws/src/install/radar_conti_ars408_msgs/include/radar_conti_ars408_msgs/msg/rosidl_typesupport_fastrtps_cpp__visibility_control.h
[2.667s] -- Installing: /home/offroad/radar_ws/src/install/radar_conti_ars408_msgs/lib/libradar_conti_ars408_msgs__rosidl_typesupport_fastrtps_cpp.so
[2.667s] -- Set runtime path of "/home/offroad/radar_ws/src/install/radar_conti_ars408_msgs/lib/libradar_conti_ars408_msgs__rosidl_typesupport_fastrtps_cpp.so" to ""
[2.668s] -- Up-to-date: /home/offroad/radar_ws/src/install/radar_conti_ars408_msgs/include/radar_conti_ars408_msgs
[2.668s] -- Up-to-date: /home/offroad/radar_ws/src/install/radar_conti_ars408_msgs/include/radar_conti_ars408_msgs/srv
[2.668s] -- Up-to-date: /home/offroad/radar_ws/src/install/radar_conti_ars408_msgs/include/radar_conti_ars408_msgs/srv/detail
[2.669s] -- Installing: /home/offroad/radar_ws/src/install/radar_conti_ars408_msgs/include/radar_conti_ars408_msgs/srv/detail/add_three_ints__rosidl_typesupport_introspection_c.h
[2.669s] -- Installing: /home/offroad/radar_ws/src/install/radar_conti_ars408_msgs/include/radar_conti_ars408_msgs/srv/detail/add_three_ints__type_support.c
[2.669s] -- Up-to-date: /home/offroad/radar_ws/src/install/radar_conti_ars408_msgs/include/radar_conti_ars408_msgs/msg
[2.669s] -- Up-to-date: /home/offroad/radar_ws/src/install/radar_conti_ars408_msgs/include/radar_conti_ars408_msgs/msg/detail
[2.669s] -- Installing: /home/offroad/radar_ws/src/install/radar_conti_ars408_msgs/include/radar_conti_ars408_msgs/msg/detail/filter_cfg__type_support.c
[2.669s] -- Installing: /home/offroad/radar_ws/src/install/radar_conti_ars408_msgs/include/radar_conti_ars408_msgs/msg/detail/radar_configuration__type_support.c
[2.670s] -- Installing: /home/offroad/radar_ws/src/install/radar_conti_ars408_msgs/include/radar_conti_ars408_msgs/msg/detail/version_id__rosidl_typesupport_introspection_c.h
[2.670s] -- Installing: /home/offroad/radar_ws/src/install/radar_conti_ars408_msgs/include/radar_conti_ars408_msgs/msg/detail/cluster_general__type_support.c
[2.670s] -- Installing: /home/offroad/radar_ws/src/install/radar_conti_ars408_msgs/include/radar_conti_ars408_msgs/msg/detail/object_extended__rosidl_typesupport_introspection_c.h
[2.670s] -- Installing: /home/offroad/radar_ws/src/install/radar_conti_ars408_msgs/include/radar_conti_ars408_msgs/msg/detail/filter_cfg__rosidl_typesupport_introspection_c.h
[2.671s] -- Installing: /home/offroad/radar_ws/src/install/radar_conti_ars408_msgs/include/radar_conti_ars408_msgs/msg/detail/radar_state__rosidl_typesupport_introspection_c.h
[2.671s] -- Installing: /home/offroad/radar_ws/src/install/radar_conti_ars408_msgs/include/radar_conti_ars408_msgs/msg/detail/object_list__rosidl_typesupport_introspection_c.h
[2.671s] -- Installing: /home/offroad/radar_ws/src/install/radar_conti_ars408_msgs/include/radar_conti_ars408_msgs/msg/detail/filter_state_cfg__type_support.c
[2.673s] -- Installing: /home/offroad/radar_ws/src/install/radar_conti_ars408_msgs/include/radar_conti_ars408_msgs/msg/detail/radar_state__type_support.c
[2.674s] -- Installing: /home/offroad/radar_ws/src/install/radar_conti_ars408_msgs/include/radar_conti_ars408_msgs/msg/detail/num__rosidl_typesupport_introspection_c.h
[2.676s] -- Installing: /home/offroad/radar_ws/src/install/radar_conti_ars408_msgs/include/radar_conti_ars408_msgs/msg/detail/object_quality__type_support.c
[2.677s] -- Installing: /home/offroad/radar_ws/src/install/radar_conti_ars408_msgs/include/radar_conti_ars408_msgs/msg/detail/radar_configuration__rosidl_typesupport_introspection_c.h
[2.677s] -- Installing: /home/offroad/radar_ws/src/install/radar_conti_ars408_msgs/include/radar_conti_ars408_msgs/msg/detail/num__type_support.c
[2.677s] -- Installing: /home/offroad/radar_ws/src/install/radar_conti_ars408_msgs/include/radar_conti_ars408_msgs/msg/detail/cluster__type_support.c
[2.677s] -- Installing: /home/offroad/radar_ws/src/install/radar_conti_ars408_msgs/include/radar_conti_ars408_msgs/msg/detail/object_general__rosidl_typesupport_introspection_c.h
[2.678s] -- Installing: /home/offroad/radar_ws/src/install/radar_conti_ars408_msgs/include/radar_conti_ars408_msgs/msg/detail/filter_state_header__rosidl_typesupport_introspection_c.h
[2.678s] -- Installing: /home/offroad/radar_ws/src/install/radar_conti_ars408_msgs/include/radar_conti_ars408_msgs/msg/detail/cluster_quality__type_support.c
[2.678s] -- Installing: /home/offroad/radar_ws/src/install/radar_conti_ars408_msgs/include/radar_conti_ars408_msgs/msg/detail/version_id__type_support.c
[2.679s] -- Installing: /home/offroad/radar_ws/src/install/radar_conti_ars408_msgs/include/radar_conti_ars408_msgs/msg/detail/object_list__type_support.c
[2.679s] -- Installing: /home/offroad/radar_ws/src/install/radar_conti_ars408_msgs/include/radar_conti_ars408_msgs/msg/detail/filter_state_header__type_support.c
[2.679s] -- Installing: /home/offroad/radar_ws/src/install/radar_conti_ars408_msgs/include/radar_conti_ars408_msgs/msg/detail/object_status__type_support.c
[2.680s] -- Installing: /home/offroad/radar_ws/src/install/radar_conti_ars408_msgs/include/radar_conti_ars408_msgs/msg/detail/object__type_support.c
[2.680s] -- Installing: /home/offroad/radar_ws/src/install/radar_conti_ars408_msgs/include/radar_conti_ars408_msgs/msg/detail/object_status__rosidl_typesupport_introspection_c.h
[2.680s] -- Installing: /home/offroad/radar_ws/src/install/radar_conti_ars408_msgs/include/radar_conti_ars408_msgs/msg/detail/cluster_status__type_support.c
[2.680s] -- Installing: /home/offroad/radar_ws/src/install/radar_conti_ars408_msgs/include/radar_conti_ars408_msgs/msg/detail/object_quality__rosidl_typesupport_introspection_c.h
[2.680s] -- Installing: /home/offroad/radar_ws/src/install/radar_conti_ars408_msgs/include/radar_conti_ars408_msgs/msg/detail/object_extended__type_support.c
[2.680s] -- Installing: /home/offroad/radar_ws/src/install/radar_conti_ars408_msgs/include/radar_conti_ars408_msgs/msg/detail/cluster__rosidl_typesupport_introspection_c.h
[2.681s] -- Installing: /home/offroad/radar_ws/src/install/radar_conti_ars408_msgs/include/radar_conti_ars408_msgs/msg/detail/filter_state_cfg__rosidl_typesupport_introspection_c.h
[2.681s] -- Installing: /home/offroad/radar_ws/src/install/radar_conti_ars408_msgs/include/radar_conti_ars408_msgs/msg/detail/cluster_quality__rosidl_typesupport_introspection_c.h
[2.681s] -- Installing: /home/offroad/radar_ws/src/install/radar_conti_ars408_msgs/include/radar_conti_ars408_msgs/msg/detail/object__rosidl_typesupport_introspection_c.h
[2.681s] -- Installing: /home/offroad/radar_ws/src/install/radar_conti_ars408_msgs/include/radar_conti_ars408_msgs/msg/detail/cluster_general__rosidl_typesupport_introspection_c.h
[2.682s] -- Installing: /home/offroad/radar_ws/src/install/radar_conti_ars408_msgs/include/radar_conti_ars408_msgs/msg/detail/object_general__type_support.c
[2.682s] -- Installing: /home/offroad/radar_ws/src/install/radar_conti_ars408_msgs/include/radar_conti_ars408_msgs/msg/detail/cluster_status__rosidl_typesupport_introspection_c.h
[2.682s] -- Installing: /home/offroad/radar_ws/src/install/radar_conti_ars408_msgs/include/radar_conti_ars408_msgs/msg/detail/cluster_list__rosidl_typesupport_introspection_c.h
[2.683s] -- Installing: /home/offroad/radar_ws/src/install/radar_conti_ars408_msgs/include/radar_conti_ars408_msgs/msg/detail/cluster_list__type_support.c
[2.683s] -- Installing: /home/offroad/radar_ws/src/install/radar_conti_ars408_msgs/include/radar_conti_ars408_msgs/msg/rosidl_typesupport_introspection_c__visibility_control.h
[2.683s] -- Installing: /home/offroad/radar_ws/src/install/radar_conti_ars408_msgs/lib/libradar_conti_ars408_msgs__rosidl_typesupport_introspection_c.so
[2.683s] -- Set runtime path of "/home/offroad/radar_ws/src/install/radar_conti_ars408_msgs/lib/libradar_conti_ars408_msgs__rosidl_typesupport_introspection_c.so" to ""
[2.683s] -- Installing: /home/offroad/radar_ws/src/install/radar_conti_ars408_msgs/lib/libradar_conti_ars408_msgs__rosidl_typesupport_c.so
[2.683s] -- Set runtime path of "/home/offroad/radar_ws/src/install/radar_conti_ars408_msgs/lib/libradar_conti_ars408_msgs__rosidl_typesupport_c.so" to ""
[2.683s] -- Up-to-date: /home/offroad/radar_ws/src/install/radar_conti_ars408_msgs/include/radar_conti_ars408_msgs
[2.684s] -- Up-to-date: /home/offroad/radar_ws/src/install/radar_conti_ars408_msgs/include/radar_conti_ars408_msgs/srv
[2.684s] -- Up-to-date: /home/offroad/radar_ws/src/install/radar_conti_ars408_msgs/include/radar_conti_ars408_msgs/srv/detail
[2.684s] -- Installing: /home/offroad/radar_ws/src/install/radar_conti_ars408_msgs/include/radar_conti_ars408_msgs/srv/detail/add_three_ints__traits.hpp
[2.684s] -- Installing: /home/offroad/radar_ws/src/install/radar_conti_ars408_msgs/include/radar_conti_ars408_msgs/srv/detail/add_three_ints__struct.hpp
[2.684s] -- Installing: /home/offroad/radar_ws/src/install/radar_conti_ars408_msgs/include/radar_conti_ars408_msgs/srv/detail/add_three_ints__builder.hpp
[2.685s] -- Installing: /home/offroad/radar_ws/src/install/radar_conti_ars408_msgs/include/radar_conti_ars408_msgs/srv/add_three_ints.hpp
[2.685s] -- Up-to-date: /home/offroad/radar_ws/src/install/radar_conti_ars408_msgs/include/radar_conti_ars408_msgs/msg
[2.685s] -- Up-to-date: /home/offroad/radar_ws/src/install/radar_conti_ars408_msgs/include/radar_conti_ars408_msgs/msg/detail
[2.687s] -- Installing: /home/offroad/radar_ws/src/install/radar_conti_ars408_msgs/include/radar_conti_ars408_msgs/msg/detail/radar_state__traits.hpp
[2.688s] -- Installing: /home/offroad/radar_ws/src/install/radar_conti_ars408_msgs/include/radar_conti_ars408_msgs/msg/detail/object_status__builder.hpp
[2.690s] -- Installing: /home/offroad/radar_ws/src/install/radar_conti_ars408_msgs/include/radar_conti_ars408_msgs/msg/detail/cluster_quality__struct.hpp
[2.691s] -- Installing: /home/offroad/radar_ws/src/install/radar_conti_ars408_msgs/include/radar_conti_ars408_msgs/msg/detail/filter_state_header__traits.hpp
[2.691s] -- Installing: /home/offroad/radar_ws/src/install/radar_conti_ars408_msgs/include/radar_conti_ars408_msgs/msg/detail/cluster_status__builder.hpp
[2.691s] -- Installing: /home/offroad/radar_ws/src/install/radar_conti_ars408_msgs/include/radar_conti_ars408_msgs/msg/detail/object_extended__builder.hpp
[2.691s] -- Installing: /home/offroad/radar_ws/src/install/radar_conti_ars408_msgs/include/radar_conti_ars408_msgs/msg/detail/num__traits.hpp
[2.692s] -- Installing: /home/offroad/radar_ws/src/install/radar_conti_ars408_msgs/include/radar_conti_ars408_msgs/msg/detail/object_list__struct.hpp
[2.692s] -- Installing: /home/offroad/radar_ws/src/install/radar_conti_ars408_msgs/include/radar_conti_ars408_msgs/msg/detail/cluster_list__traits.hpp
[2.692s] -- Installing: /home/offroad/radar_ws/src/install/radar_conti_ars408_msgs/include/radar_conti_ars408_msgs/msg/detail/filter_state_header__struct.hpp
[2.693s] -- Installing: /home/offroad/radar_ws/src/install/radar_conti_ars408_msgs/include/radar_conti_ars408_msgs/msg/detail/num__struct.hpp
[2.693s] -- Installing: /home/offroad/radar_ws/src/install/radar_conti_ars408_msgs/include/radar_conti_ars408_msgs/msg/detail/cluster_general__traits.hpp
[2.694s] -- Installing: /home/offroad/radar_ws/src/install/radar_conti_ars408_msgs/include/radar_conti_ars408_msgs/msg/detail/cluster_general__struct.hpp
[2.694s] -- Installing: /home/offroad/radar_ws/src/install/radar_conti_ars408_msgs/include/radar_conti_ars408_msgs/msg/detail/object_list__traits.hpp
[2.694s] -- Installing: /home/offroad/radar_ws/src/install/radar_conti_ars408_msgs/include/radar_conti_ars408_msgs/msg/detail/object_status__struct.hpp
[2.694s] -- Installing: /home/offroad/radar_ws/src/install/radar_conti_ars408_msgs/include/radar_conti_ars408_msgs/msg/detail/filter_cfg__traits.hpp
[2.694s] -- Installing: /home/offroad/radar_ws/src/install/radar_conti_ars408_msgs/include/radar_conti_ars408_msgs/msg/detail/filter_state_cfg__builder.hpp
[2.695s] -- Installing: /home/offroad/radar_ws/src/install/radar_conti_ars408_msgs/include/radar_conti_ars408_msgs/msg/detail/version_id__traits.hpp
[2.695s] -- Installing: /home/offroad/radar_ws/src/install/radar_conti_ars408_msgs/include/radar_conti_ars408_msgs/msg/detail/object_general__struct.hpp
[2.695s] -- Installing: /home/offroad/radar_ws/src/install/radar_conti_ars408_msgs/include/radar_conti_ars408_msgs/msg/detail/cluster_list__builder.hpp
[2.695s] -- Installing: /home/offroad/radar_ws/src/install/radar_conti_ars408_msgs/include/radar_conti_ars408_msgs/msg/detail/version_id__struct.hpp
[2.695s] -- Installing: /home/offroad/radar_ws/src/install/radar_conti_ars408_msgs/include/radar_conti_ars408_msgs/msg/detail/radar_configuration__builder.hpp
[2.695s] -- Installing: /home/offroad/radar_ws/src/install/radar_conti_ars408_msgs/include/radar_conti_ars408_msgs/msg/detail/radar_state__builder.hpp
[2.695s] -- Installing: /home/offroad/radar_ws/src/install/radar_conti_ars408_msgs/include/radar_conti_ars408_msgs/msg/detail/object_quality__traits.hpp
[2.696s] -- Installing: /home/offroad/radar_ws/src/install/radar_conti_ars408_msgs/include/radar_conti_ars408_msgs/msg/detail/filter_cfg__builder.hpp
[2.696s] -- Installing: /home/offroad/radar_ws/src/install/radar_conti_ars408_msgs/include/radar_conti_ars408_msgs/msg/detail/filter_cfg__struct.hpp
[2.697s] -- Installing: /home/offroad/radar_ws/src/install/radar_conti_ars408_msgs/include/radar_conti_ars408_msgs/msg/detail/object_extended__struct.hpp
[2.698s] -- Installing: /home/offroad/radar_ws/src/install/radar_conti_ars408_msgs/include/radar_conti_ars408_msgs/msg/detail/object_status__traits.hpp
[2.698s] -- Installing: /home/offroad/radar_ws/src/install/radar_conti_ars408_msgs/include/radar_conti_ars408_msgs/msg/detail/object_quality__builder.hpp
[2.698s] -- Installing: /home/offroad/radar_ws/src/install/radar_conti_ars408_msgs/include/radar_conti_ars408_msgs/msg/detail/object_general__builder.hpp
[2.699s] -- Installing: /home/offroad/radar_ws/src/install/radar_conti_ars408_msgs/include/radar_conti_ars408_msgs/msg/detail/cluster__struct.hpp
[2.699s] -- Installing: /home/offroad/radar_ws/src/install/radar_conti_ars408_msgs/include/radar_conti_ars408_msgs/msg/detail/cluster_quality__builder.hpp
[2.699s] -- Installing: /home/offroad/radar_ws/src/install/radar_conti_ars408_msgs/include/radar_conti_ars408_msgs/msg/detail/object_extended__traits.hpp
[2.699s] -- Installing: /home/offroad/radar_ws/src/install/radar_conti_ars408_msgs/include/radar_conti_ars408_msgs/msg/detail/filter_state_header__builder.hpp
[2.699s] -- Installing: /home/offroad/radar_ws/src/install/radar_conti_ars408_msgs/include/radar_conti_ars408_msgs/msg/detail/version_id__builder.hpp
[2.699s] -- Installing: /home/offroad/radar_ws/src/install/radar_conti_ars408_msgs/include/radar_conti_ars408_msgs/msg/detail/object_general__traits.hpp
[2.699s] -- Installing: /home/offroad/radar_ws/src/install/radar_conti_ars408_msgs/include/radar_conti_ars408_msgs/msg/detail/radar_configuration__traits.hpp
[2.700s] -- Installing: /home/offroad/radar_ws/src/install/radar_conti_ars408_msgs/include/radar_conti_ars408_msgs/msg/detail/object__builder.hpp
[2.700s] -- Installing: /home/offroad/radar_ws/src/install/radar_conti_ars408_msgs/include/radar_conti_ars408_msgs/msg/detail/filter_state_cfg__traits.hpp
[2.701s] -- Installing: /home/offroad/radar_ws/src/install/radar_conti_ars408_msgs/include/radar_conti_ars408_msgs/msg/detail/object_list__builder.hpp
[2.701s] -- Installing: /home/offroad/radar_ws/src/install/radar_conti_ars408_msgs/include/radar_conti_ars408_msgs/msg/detail/cluster__traits.hpp
[2.701s] -- Installing: /home/offroad/radar_ws/src/install/radar_conti_ars408_msgs/include/radar_conti_ars408_msgs/msg/detail/object_quality__struct.hpp
[2.701s] -- Installing: /home/offroad/radar_ws/src/install/radar_conti_ars408_msgs/include/radar_conti_ars408_msgs/msg/detail/radar_configuration__struct.hpp
[2.702s] -- Installing: /home/offroad/radar_ws/src/install/radar_conti_ars408_msgs/include/radar_conti_ars408_msgs/msg/detail/object__traits.hpp
[2.702s] -- Installing: /home/offroad/radar_ws/src/install/radar_conti_ars408_msgs/include/radar_conti_ars408_msgs/msg/detail/cluster__builder.hpp
[2.702s] -- Installing: /home/offroad/radar_ws/src/install/radar_conti_ars408_msgs/include/radar_conti_ars408_msgs/msg/detail/cluster_quality__traits.hpp
[2.702s] -- Installing: /home/offroad/radar_ws/src/install/radar_conti_ars408_msgs/include/radar_conti_ars408_msgs/msg/detail/cluster_status__struct.hpp
[2.702s] -- Installing: /home/offroad/radar_ws/src/install/radar_conti_ars408_msgs/include/radar_conti_ars408_msgs/msg/detail/radar_state__struct.hpp
[2.702s] -- Installing: /home/offroad/radar_ws/src/install/radar_conti_ars408_msgs/include/radar_conti_ars408_msgs/msg/detail/object__struct.hpp
[2.703s] -- Installing: /home/offroad/radar_ws/src/install/radar_conti_ars408_msgs/include/radar_conti_ars408_msgs/msg/detail/cluster_list__struct.hpp
[2.703s] -- Installing: /home/offroad/radar_ws/src/install/radar_conti_ars408_msgs/include/radar_conti_ars408_msgs/msg/detail/cluster_general__builder.hpp
[2.703s] -- Installing: /home/offroad/radar_ws/src/install/radar_conti_ars408_msgs/include/radar_conti_ars408_msgs/msg/detail/num__builder.hpp
[2.703s] -- Installing: /home/offroad/radar_ws/src/install/radar_conti_ars408_msgs/include/radar_conti_ars408_msgs/msg/detail/cluster_status__traits.hpp
[2.704s] -- Installing: /home/offroad/radar_ws/src/install/radar_conti_ars408_msgs/include/radar_conti_ars408_msgs/msg/detail/filter_state_cfg__struct.hpp
[2.704s] -- Installing: /home/offroad/radar_ws/src/install/radar_conti_ars408_msgs/include/radar_conti_ars408_msgs/msg/object_quality.hpp
[2.704s] -- Installing: /home/offroad/radar_ws/src/install/radar_conti_ars408_msgs/include/radar_conti_ars408_msgs/msg/cluster_status.hpp
[2.705s] -- Installing: /home/offroad/radar_ws/src/install/radar_conti_ars408_msgs/include/radar_conti_ars408_msgs/msg/radar_state.hpp
[2.705s] -- Installing: /home/offroad/radar_ws/src/install/radar_conti_ars408_msgs/include/radar_conti_ars408_msgs/msg/object_general.hpp
[2.707s] -- Installing: /home/offroad/radar_ws/src/install/radar_conti_ars408_msgs/include/radar_conti_ars408_msgs/msg/version_id.hpp
[2.709s] -- Installing: /home/offroad/radar_ws/src/install/radar_conti_ars408_msgs/include/radar_conti_ars408_msgs/msg/filter_state_header.hpp
[2.710s] -- Installing: /home/offroad/radar_ws/src/install/radar_conti_ars408_msgs/include/radar_conti_ars408_msgs/msg/cluster.hpp
[2.711s] -- Installing: /home/offroad/radar_ws/src/install/radar_conti_ars408_msgs/include/radar_conti_ars408_msgs/msg/object_status.hpp
[2.711s] -- Installing: /home/offroad/radar_ws/src/install/radar_conti_ars408_msgs/include/radar_conti_ars408_msgs/msg/filter_cfg.hpp
[2.711s] -- Installing: /home/offroad/radar_ws/src/install/radar_conti_ars408_msgs/include/radar_conti_ars408_msgs/msg/object_list.hpp
[2.712s] -- Installing: /home/offroad/radar_ws/src/install/radar_conti_ars408_msgs/include/radar_conti_ars408_msgs/msg/radar_configuration.hpp
[2.712s] -- Installing: /home/offroad/radar_ws/src/install/radar_conti_ars408_msgs/include/radar_conti_ars408_msgs/msg/object.hpp
[2.712s] -- Installing: /home/offroad/radar_ws/src/install/radar_conti_ars408_msgs/include/radar_conti_ars408_msgs/msg/num.hpp
[2.713s] -- Installing: /home/offroad/radar_ws/src/install/radar_conti_ars408_msgs/include/radar_conti_ars408_msgs/msg/object_extended.hpp
[2.714s] -- Installing: /home/offroad/radar_ws/src/install/radar_conti_ars408_msgs/include/radar_conti_ars408_msgs/msg/filter_state_cfg.hpp
[2.714s] -- Installing: /home/offroad/radar_ws/src/install/radar_conti_ars408_msgs/include/radar_conti_ars408_msgs/msg/cluster_list.hpp
[2.714s] -- Installing: /home/offroad/radar_ws/src/install/radar_conti_ars408_msgs/include/radar_conti_ars408_msgs/msg/cluster_general.hpp
[2.715s] -- Installing: /home/offroad/radar_ws/src/install/radar_conti_ars408_msgs/include/radar_conti_ars408_msgs/msg/cluster_quality.hpp
[2.715s] -- Up-to-date: /home/offroad/radar_ws/src/install/radar_conti_ars408_msgs/include/radar_conti_ars408_msgs
[2.715s] -- Up-to-date: /home/offroad/radar_ws/src/install/radar_conti_ars408_msgs/include/radar_conti_ars408_msgs/srv
[2.715s] -- Up-to-date: /home/offroad/radar_ws/src/install/radar_conti_ars408_msgs/include/radar_conti_ars408_msgs/srv/detail
[2.715s] -- Installing: /home/offroad/radar_ws/src/install/radar_conti_ars408_msgs/include/radar_conti_ars408_msgs/srv/detail/add_three_ints__type_support.cpp
[2.716s] -- Installing: /home/offroad/radar_ws/src/install/radar_conti_ars408_msgs/include/radar_conti_ars408_msgs/srv/detail/add_three_ints__rosidl_typesupport_introspection_cpp.hpp
[2.716s] -- Up-to-date: /home/offroad/radar_ws/src/install/radar_conti_ars408_msgs/include/radar_conti_ars408_msgs/msg
[2.716s] -- Up-to-date: /home/offroad/radar_ws/src/install/radar_conti_ars408_msgs/include/radar_conti_ars408_msgs/msg/detail
[2.717s] -- Installing: /home/offroad/radar_ws/src/install/radar_conti_ars408_msgs/include/radar_conti_ars408_msgs/msg/detail/object_quality__rosidl_typesupport_introspection_cpp.hpp
[2.717s] -- Installing: /home/offroad/radar_ws/src/install/radar_conti_ars408_msgs/include/radar_conti_ars408_msgs/msg/detail/version_id__rosidl_typesupport_introspection_cpp.hpp
[2.718s] -- Installing: /home/offroad/radar_ws/src/install/radar_conti_ars408_msgs/include/radar_conti_ars408_msgs/msg/detail/num__type_support.cpp
[2.718s] -- Installing: /home/offroad/radar_ws/src/install/radar_conti_ars408_msgs/include/radar_conti_ars408_msgs/msg/detail/object_status__type_support.cpp
[2.718s] -- Installing: /home/offroad/radar_ws/src/install/radar_conti_ars408_msgs/include/radar_conti_ars408_msgs/msg/detail/object_extended__type_support.cpp
[2.719s] -- Installing: /home/offroad/radar_ws/src/install/radar_conti_ars408_msgs/include/radar_conti_ars408_msgs/msg/detail/cluster_status__rosidl_typesupport_introspection_cpp.hpp
[2.719s] -- Installing: /home/offroad/radar_ws/src/install/radar_conti_ars408_msgs/include/radar_conti_ars408_msgs/msg/detail/filter_cfg__type_support.cpp
[2.719s] -- Installing: /home/offroad/radar_ws/src/install/radar_conti_ars408_msgs/include/radar_conti_ars408_msgs/msg/detail/object_general__rosidl_typesupport_introspection_cpp.hpp
[2.719s] -- Installing: /home/offroad/radar_ws/src/install/radar_conti_ars408_msgs/include/radar_conti_ars408_msgs/msg/detail/cluster_general__type_support.cpp
[2.720s] -- Installing: /home/offroad/radar_ws/src/install/radar_conti_ars408_msgs/include/radar_conti_ars408_msgs/msg/detail/cluster__type_support.cpp
[2.720s] -- Installing: /home/offroad/radar_ws/src/install/radar_conti_ars408_msgs/include/radar_conti_ars408_msgs/msg/detail/cluster_list__type_support.cpp
[2.720s] -- Installing: /home/offroad/radar_ws/src/install/radar_conti_ars408_msgs/include/radar_conti_ars408_msgs/msg/detail/cluster_status__type_support.cpp
[2.720s] -- Installing: /home/offroad/radar_ws/src/install/radar_conti_ars408_msgs/include/radar_conti_ars408_msgs/msg/detail/object_list__type_support.cpp
[2.720s] -- Installing: /home/offroad/radar_ws/src/install/radar_conti_ars408_msgs/include/radar_conti_ars408_msgs/msg/detail/filter_state_cfg__type_support.cpp
[2.720s] -- Installing: /home/offroad/radar_ws/src/install/radar_conti_ars408_msgs/include/radar_conti_ars408_msgs/msg/detail/filter_state_cfg__rosidl_typesupport_introspection_cpp.hpp
[2.721s] -- Installing: /home/offroad/radar_ws/src/install/radar_conti_ars408_msgs/include/radar_conti_ars408_msgs/msg/detail/object_list__rosidl_typesupport_introspection_cpp.hpp
[2.721s] -- Installing: /home/offroad/radar_ws/src/install/radar_conti_ars408_msgs/include/radar_conti_ars408_msgs/msg/detail/cluster_list__rosidl_typesupport_introspection_cpp.hpp
[2.721s] -- Installing: /home/offroad/radar_ws/src/install/radar_conti_ars408_msgs/include/radar_conti_ars408_msgs/msg/detail/filter_state_header__rosidl_typesupport_introspection_cpp.hpp
[2.721s] -- Installing: /home/offroad/radar_ws/src/install/radar_conti_ars408_msgs/include/radar_conti_ars408_msgs/msg/detail/filter_state_header__type_support.cpp
[2.721s] -- Installing: /home/offroad/radar_ws/src/install/radar_conti_ars408_msgs/include/radar_conti_ars408_msgs/msg/detail/version_id__type_support.cpp
[2.722s] -- Installing: /home/offroad/radar_ws/src/install/radar_conti_ars408_msgs/include/radar_conti_ars408_msgs/msg/detail/radar_state__type_support.cpp
[2.722s] -- Installing: /home/offroad/radar_ws/src/install/radar_conti_ars408_msgs/include/radar_conti_ars408_msgs/msg/detail/num__rosidl_typesupport_introspection_cpp.hpp
[2.724s] -- Installing: /home/offroad/radar_ws/src/install/radar_conti_ars408_msgs/include/radar_conti_ars408_msgs/msg/detail/object_extended__rosidl_typesupport_introspection_cpp.hpp
[2.726s] -- Installing: /home/offroad/radar_ws/src/install/radar_conti_ars408_msgs/include/radar_conti_ars408_msgs/msg/detail/cluster__rosidl_typesupport_introspection_cpp.hpp
[2.727s] -- Installing: /home/offroad/radar_ws/src/install/radar_conti_ars408_msgs/include/radar_conti_ars408_msgs/msg/detail/cluster_general__rosidl_typesupport_introspection_cpp.hpp
[2.727s] -- Installing: /home/offroad/radar_ws/src/install/radar_conti_ars408_msgs/include/radar_conti_ars408_msgs/msg/detail/object_general__type_support.cpp
[2.728s] -- Installing: /home/offroad/radar_ws/src/install/radar_conti_ars408_msgs/include/radar_conti_ars408_msgs/msg/detail/radar_state__rosidl_typesupport_introspection_cpp.hpp
[2.728s] -- Installing: /home/offroad/radar_ws/src/install/radar_conti_ars408_msgs/include/radar_conti_ars408_msgs/msg/detail/cluster_quality__type_support.cpp
[2.728s] -- Installing: /home/offroad/radar_ws/src/install/radar_conti_ars408_msgs/include/radar_conti_ars408_msgs/msg/detail/object_quality__type_support.cpp
[2.729s] -- Installing: /home/offroad/radar_ws/src/install/radar_conti_ars408_msgs/include/radar_conti_ars408_msgs/msg/detail/object__type_support.cpp
[2.729s] -- Installing: /home/offroad/radar_ws/src/install/radar_conti_ars408_msgs/include/radar_conti_ars408_msgs/msg/detail/radar_configuration__rosidl_typesupport_introspection_cpp.hpp
[2.730s] -- Installing: /home/offroad/radar_ws/src/install/radar_conti_ars408_msgs/include/radar_conti_ars408_msgs/msg/detail/filter_cfg__rosidl_typesupport_introspection_cpp.hpp
[2.730s] -- Installing: /home/offroad/radar_ws/src/install/radar_conti_ars408_msgs/include/radar_conti_ars408_msgs/msg/detail/object__rosidl_typesupport_introspection_cpp.hpp
[2.731s] -- Installing: /home/offroad/radar_ws/src/install/radar_conti_ars408_msgs/include/radar_conti_ars408_msgs/msg/detail/cluster_quality__rosidl_typesupport_introspection_cpp.hpp
[2.731s] -- Installing: /home/offroad/radar_ws/src/install/radar_conti_ars408_msgs/include/radar_conti_ars408_msgs/msg/detail/radar_configuration__type_support.cpp
[2.731s] -- Installing: /home/offroad/radar_ws/src/install/radar_conti_ars408_msgs/include/radar_conti_ars408_msgs/msg/detail/object_status__rosidl_typesupport_introspection_cpp.hpp
[2.731s] -- Installing: /home/offroad/radar_ws/src/install/radar_conti_ars408_msgs/lib/libradar_conti_ars408_msgs__rosidl_typesupport_introspection_cpp.so
[2.731s] -- Set runtime path of "/home/offroad/radar_ws/src/install/radar_conti_ars408_msgs/lib/libradar_conti_ars408_msgs__rosidl_typesupport_introspection_cpp.so" to ""
[2.731s] -- Installing: /home/offroad/radar_ws/src/install/radar_conti_ars408_msgs/lib/libradar_conti_ars408_msgs__rosidl_typesupport_cpp.so
[2.732s] -- Set runtime path of "/home/offroad/radar_ws/src/install/radar_conti_ars408_msgs/lib/libradar_conti_ars408_msgs__rosidl_typesupport_cpp.so" to ""
[2.732s] -- Installing: /home/offroad/radar_ws/src/install/radar_conti_ars408_msgs/share/radar_conti_ars408_msgs/environment/pythonpath.sh
[2.732s] -- Installing: /home/offroad/radar_ws/src/install/radar_conti_ars408_msgs/share/radar_conti_ars408_msgs/environment/pythonpath.dsv
[2.732s] -- Installing: /home/offroad/radar_ws/src/install/radar_conti_ars408_msgs/lib/python3.8/site-packages/radar_conti_ars408_msgs/__init__.py
[2.801s] Compiling '/home/offroad/radar_ws/src/install/radar_conti_ars408_msgs/lib/python3.8/site-packages/radar_conti_ars408_msgs/__init__.py'...
[2.838s] -- Installing: /home/offroad/radar_ws/src/install/radar_conti_ars408_msgs/lib/python3.8/site-packages/radar_conti_ars408_msgs/msg
[2.838s] -- Installing: /home/offroad/radar_ws/src/install/radar_conti_ars408_msgs/lib/python3.8/site-packages/radar_conti_ars408_msgs/msg/__init__.py
[2.839s] -- Installing: /home/offroad/radar_ws/src/install/radar_conti_ars408_msgs/lib/python3.8/site-packages/radar_conti_ars408_msgs/msg/_version_id_s.c
[2.840s] -- Installing: /home/offroad/radar_ws/src/install/radar_conti_ars408_msgs/lib/python3.8/site-packages/radar_conti_ars408_msgs/msg/_cluster_general_s.c
[2.841s] -- Installing: /home/offroad/radar_ws/src/install/radar_conti_ars408_msgs/lib/python3.8/site-packages/radar_conti_ars408_msgs/msg/_cluster_list.py
[2.842s] -- Installing: /home/offroad/radar_ws/src/install/radar_conti_ars408_msgs/lib/python3.8/site-packages/radar_conti_ars408_msgs/msg/_object_general_s.c
[2.843s] -- Installing: /home/offroad/radar_ws/src/install/radar_conti_ars408_msgs/lib/python3.8/site-packages/radar_conti_ars408_msgs/msg/_cluster_status.py
[2.844s] -- Installing: /home/offroad/radar_ws/src/install/radar_conti_ars408_msgs/lib/python3.8/site-packages/radar_conti_ars408_msgs/msg/_object_general.py
[2.845s] -- Installing: /home/offroad/radar_ws/src/install/radar_conti_ars408_msgs/lib/python3.8/site-packages/radar_conti_ars408_msgs/msg/_cluster_status_s.c
[2.845s] -- Installing: /home/offroad/radar_ws/src/install/radar_conti_ars408_msgs/lib/python3.8/site-packages/radar_conti_ars408_msgs/msg/_object_s.c
[2.845s] -- Installing: /home/offroad/radar_ws/src/install/radar_conti_ars408_msgs/lib/python3.8/site-packages/radar_conti_ars408_msgs/msg/_filter_state_header_s.c
[2.845s] -- Installing: /home/offroad/radar_ws/src/install/radar_conti_ars408_msgs/lib/python3.8/site-packages/radar_conti_ars408_msgs/msg/_cluster_quality_s.c
[2.846s] -- Installing: /home/offroad/radar_ws/src/install/radar_conti_ars408_msgs/lib/python3.8/site-packages/radar_conti_ars408_msgs/msg/_object_quality_s.c
[2.846s] -- Installing: /home/offroad/radar_ws/src/install/radar_conti_ars408_msgs/lib/python3.8/site-packages/radar_conti_ars408_msgs/msg/_filter_cfg.py
[2.846s] -- Installing: /home/offroad/radar_ws/src/install/radar_conti_ars408_msgs/lib/python3.8/site-packages/radar_conti_ars408_msgs/msg/_radar_state_s.c
[2.846s] -- Installing: /home/offroad/radar_ws/src/install/radar_conti_ars408_msgs/lib/python3.8/site-packages/radar_conti_ars408_msgs/msg/_filter_state_cfg_s.c
[2.847s] -- Installing: /home/offroad/radar_ws/src/install/radar_conti_ars408_msgs/lib/python3.8/site-packages/radar_conti_ars408_msgs/msg/_cluster_quality.py
[2.847s] -- Installing: /home/offroad/radar_ws/src/install/radar_conti_ars408_msgs/lib/python3.8/site-packages/radar_conti_ars408_msgs/msg/_filter_cfg_s.c
[2.849s] -- Installing: /home/offroad/radar_ws/src/install/radar_conti_ars408_msgs/lib/python3.8/site-packages/radar_conti_ars408_msgs/msg/_cluster_list_s.c
[2.851s] -- Installing: /home/offroad/radar_ws/src/install/radar_conti_ars408_msgs/lib/python3.8/site-packages/radar_conti_ars408_msgs/msg/_object_extended_s.c
[2.852s] -- Installing: /home/offroad/radar_ws/src/install/radar_conti_ars408_msgs/lib/python3.8/site-packages/radar_conti_ars408_msgs/msg/_object_status.py
[2.852s] -- Installing: /home/offroad/radar_ws/src/install/radar_conti_ars408_msgs/lib/python3.8/site-packages/radar_conti_ars408_msgs/msg/_filter_state_cfg.py
[2.853s] -- Installing: /home/offroad/radar_ws/src/install/radar_conti_ars408_msgs/lib/python3.8/site-packages/radar_conti_ars408_msgs/msg/_radar_configuration_s.c
[2.853s] -- Installing: /home/offroad/radar_ws/src/install/radar_conti_ars408_msgs/lib/python3.8/site-packages/radar_conti_ars408_msgs/msg/_cluster_general.py
[2.854s] -- Installing: /home/offroad/radar_ws/src/install/radar_conti_ars408_msgs/lib/python3.8/site-packages/radar_conti_ars408_msgs/msg/_object_extended.py
[2.855s] -- Installing: /home/offroad/radar_ws/src/install/radar_conti_ars408_msgs/lib/python3.8/site-packages/radar_conti_ars408_msgs/msg/_radar_state.py
[2.856s] -- Installing: /home/offroad/radar_ws/src/install/radar_conti_ars408_msgs/lib/python3.8/site-packages/radar_conti_ars408_msgs/msg/_object_status_s.c
[2.858s] -- Installing: /home/offroad/radar_ws/src/install/radar_conti_ars408_msgs/lib/python3.8/site-packages/radar_conti_ars408_msgs/msg/_object.py
[2.859s] -- Installing: /home/offroad/radar_ws/src/install/radar_conti_ars408_msgs/lib/python3.8/site-packages/radar_conti_ars408_msgs/msg/_filter_state_header.py
[2.860s] -- Installing: /home/offroad/radar_ws/src/install/radar_conti_ars408_msgs/lib/python3.8/site-packages/radar_conti_ars408_msgs/msg/_object_list.py
[2.860s] -- Installing: /home/offroad/radar_ws/src/install/radar_conti_ars408_msgs/lib/python3.8/site-packages/radar_conti_ars408_msgs/msg/_version_id.py
[2.860s] -- Installing: /home/offroad/radar_ws/src/install/radar_conti_ars408_msgs/lib/python3.8/site-packages/radar_conti_ars408_msgs/msg/_radar_configuration.py
[2.860s] -- Installing: /home/offroad/radar_ws/src/install/radar_conti_ars408_msgs/lib/python3.8/site-packages/radar_conti_ars408_msgs/msg/_cluster_s.c
[2.860s] -- Installing: /home/offroad/radar_ws/src/install/radar_conti_ars408_msgs/lib/python3.8/site-packages/radar_conti_ars408_msgs/msg/_num.py
[2.860s] -- Installing: /home/offroad/radar_ws/src/install/radar_conti_ars408_msgs/lib/python3.8/site-packages/radar_conti_ars408_msgs/msg/_num_s.c
[2.861s] -- Installing: /home/offroad/radar_ws/src/install/radar_conti_ars408_msgs/lib/python3.8/site-packages/radar_conti_ars408_msgs/msg/_object_quality.py
[2.861s] -- Installing: /home/offroad/radar_ws/src/install/radar_conti_ars408_msgs/lib/python3.8/site-packages/radar_conti_ars408_msgs/msg/_object_list_s.c
[2.861s] -- Installing: /home/offroad/radar_ws/src/install/radar_conti_ars408_msgs/lib/python3.8/site-packages/radar_conti_ars408_msgs/msg/_cluster.py
[2.863s] -- Installing: /home/offroad/radar_ws/src/install/radar_conti_ars408_msgs/lib/python3.8/site-packages/radar_conti_ars408_msgs/srv
[2.866s] -- Installing: /home/offroad/radar_ws/src/install/radar_conti_ars408_msgs/lib/python3.8/site-packages/radar_conti_ars408_msgs/srv/__init__.py
[2.867s] -- Installing: /home/offroad/radar_ws/src/install/radar_conti_ars408_msgs/lib/python3.8/site-packages/radar_conti_ars408_msgs/srv/_add_three_ints_s.c
[2.867s] -- Installing: /home/offroad/radar_ws/src/install/radar_conti_ars408_msgs/lib/python3.8/site-packages/radar_conti_ars408_msgs/srv/_add_three_ints.py
[2.868s] -- Installing: /home/offroad/radar_ws/src/install/radar_conti_ars408_msgs/lib/python3.8/site-packages/radar_conti_ars408_msgs/radar_conti_ars408_msgs_s__rosidl_typesupport_fastrtps_c.cpython-38-x86_64-linux-gnu.so
[2.868s] -- Set runtime path of "/home/offroad/radar_ws/src/install/radar_conti_ars408_msgs/lib/python3.8/site-packages/radar_conti_ars408_msgs/radar_conti_ars408_msgs_s__rosidl_typesupport_fastrtps_c.cpython-38-x86_64-linux-gnu.so" to ""
[2.870s] -- Installing: /home/offroad/radar_ws/src/install/radar_conti_ars408_msgs/lib/python3.8/site-packages/radar_conti_ars408_msgs/radar_conti_ars408_msgs_s__rosidl_typesupport_introspection_c.cpython-38-x86_64-linux-gnu.so
[2.871s] -- Set runtime path of "/home/offroad/radar_ws/src/install/radar_conti_ars408_msgs/lib/python3.8/site-packages/radar_conti_ars408_msgs/radar_conti_ars408_msgs_s__rosidl_typesupport_introspection_c.cpython-38-x86_64-linux-gnu.so" to ""
[2.871s] -- Installing: /home/offroad/radar_ws/src/install/radar_conti_ars408_msgs/lib/python3.8/site-packages/radar_conti_ars408_msgs/radar_conti_ars408_msgs_s__rosidl_typesupport_c.cpython-38-x86_64-linux-gnu.so
[2.872s] -- Set runtime path of "/home/offroad/radar_ws/src/install/radar_conti_ars408_msgs/lib/python3.8/site-packages/radar_conti_ars408_msgs/radar_conti_ars408_msgs_s__rosidl_typesupport_c.cpython-38-x86_64-linux-gnu.so" to ""
[2.873s] -- Installing: /home/offroad/radar_ws/src/install/radar_conti_ars408_msgs/lib/libradar_conti_ars408_msgs__python.so
[2.874s] -- Set runtime path of "/home/offroad/radar_ws/src/install/radar_conti_ars408_msgs/lib/libradar_conti_ars408_msgs__python.so" to ""
[2.874s] -- Installing: /home/offroad/radar_ws/src/install/radar_conti_ars408_msgs/share/radar_conti_ars408_msgs/msg/ClusterGeneral.idl
[2.875s] -- Installing: /home/offroad/radar_ws/src/install/radar_conti_ars408_msgs/share/radar_conti_ars408_msgs/msg/ClusterQuality.idl
[2.875s] -- Installing: /home/offroad/radar_ws/src/install/radar_conti_ars408_msgs/share/radar_conti_ars408_msgs/msg/ClusterStatus.idl
[2.875s] -- Installing: /home/offroad/radar_ws/src/install/radar_conti_ars408_msgs/share/radar_conti_ars408_msgs/msg/ObjectGeneral.idl
[2.876s] -- Installing: /home/offroad/radar_ws/src/install/radar_conti_ars408_msgs/share/radar_conti_ars408_msgs/msg/ObjectExtended.idl
[2.876s] -- Installing: /home/offroad/radar_ws/src/install/radar_conti_ars408_msgs/share/radar_conti_ars408_msgs/msg/ObjectQuality.idl
[2.877s] -- Installing: /home/offroad/radar_ws/src/install/radar_conti_ars408_msgs/share/radar_conti_ars408_msgs/msg/ObjectStatus.idl
[2.878s] -- Installing: /home/offroad/radar_ws/src/install/radar_conti_ars408_msgs/share/radar_conti_ars408_msgs/msg/RadarConfiguration.idl
[2.881s] -- Installing: /home/offroad/radar_ws/src/install/radar_conti_ars408_msgs/share/radar_conti_ars408_msgs/msg/RadarState.idl
[2.882s] -- Installing: /home/offroad/radar_ws/src/install/radar_conti_ars408_msgs/share/radar_conti_ars408_msgs/msg/VersionID.idl
[2.882s] -- Installing: /home/offroad/radar_ws/src/install/radar_conti_ars408_msgs/share/radar_conti_ars408_msgs/msg/Cluster.idl
[2.882s] -- Installing: /home/offroad/radar_ws/src/install/radar_conti_ars408_msgs/share/radar_conti_ars408_msgs/msg/Object.idl
[2.883s] -- Installing: /home/offroad/radar_ws/src/install/radar_conti_ars408_msgs/share/radar_conti_ars408_msgs/msg/ClusterList.idl
[2.883s] -- Installing: /home/offroad/radar_ws/src/install/radar_conti_ars408_msgs/share/radar_conti_ars408_msgs/msg/ObjectList.idl
[2.883s] -- Installing: /home/offroad/radar_ws/src/install/radar_conti_ars408_msgs/share/radar_conti_ars408_msgs/msg/FilterStateCfg.idl
[2.883s] -- Installing: /home/offroad/radar_ws/src/install/radar_conti_ars408_msgs/share/radar_conti_ars408_msgs/msg/FilterCfg.idl
[2.884s] -- Installing: /home/offroad/radar_ws/src/install/radar_conti_ars408_msgs/share/radar_conti_ars408_msgs/msg/FilterStateHeader.idl
[2.885s] -- Installing: /home/offroad/radar_ws/src/install/radar_conti_ars408_msgs/share/radar_conti_ars408_msgs/msg/Num.idl
[2.886s] -- Installing: /home/offroad/radar_ws/src/install/radar_conti_ars408_msgs/share/radar_conti_ars408_msgs/srv/AddThreeInts.idl
[2.887s] -- Installing: /home/offroad/radar_ws/src/install/radar_conti_ars408_msgs/share/radar_conti_ars408_msgs/msg/ClusterGeneral.msg
[2.888s] -- Installing: /home/offroad/radar_ws/src/install/radar_conti_ars408_msgs/share/radar_conti_ars408_msgs/msg/ClusterQuality.msg
[2.889s] -- Installing: /home/offroad/radar_ws/src/install/radar_conti_ars408_msgs/share/radar_conti_ars408_msgs/msg/ClusterStatus.msg
[2.889s] -- Installing: /home/offroad/radar_ws/src/install/radar_conti_ars408_msgs/share/radar_conti_ars408_msgs/msg/ObjectGeneral.msg
[2.890s] -- Installing: /home/offroad/radar_ws/src/install/radar_conti_ars408_msgs/share/radar_conti_ars408_msgs/msg/ObjectExtended.msg
[2.890s] -- Installing: /home/offroad/radar_ws/src/install/radar_conti_ars408_msgs/share/radar_conti_ars408_msgs/msg/ObjectQuality.msg
[2.890s] -- Installing: /home/offroad/radar_ws/src/install/radar_conti_ars408_msgs/share/radar_conti_ars408_msgs/msg/ObjectStatus.msg
[2.890s] -- Installing: /home/offroad/radar_ws/src/install/radar_conti_ars408_msgs/share/radar_conti_ars408_msgs/msg/RadarConfiguration.msg
[2.890s] -- Installing: /home/offroad/radar_ws/src/install/radar_conti_ars408_msgs/share/radar_conti_ars408_msgs/msg/RadarState.msg
[2.890s] -- Installing: /home/offroad/radar_ws/src/install/radar_conti_ars408_msgs/share/radar_conti_ars408_msgs/msg/VersionID.msg
[2.890s] -- Installing: /home/offroad/radar_ws/src/install/radar_conti_ars408_msgs/share/radar_conti_ars408_msgs/msg/Cluster.msg
[2.891s] -- Installing: /home/offroad/radar_ws/src/install/radar_conti_ars408_msgs/share/radar_conti_ars408_msgs/msg/Object.msg
[2.891s] -- Installing: /home/offroad/radar_ws/src/install/radar_conti_ars408_msgs/share/radar_conti_ars408_msgs/msg/ClusterList.msg
[2.891s] -- Installing: /home/offroad/radar_ws/src/install/radar_conti_ars408_msgs/share/radar_conti_ars408_msgs/msg/ObjectList.msg
[2.891s] -- Installing: /home/offroad/radar_ws/src/install/radar_conti_ars408_msgs/share/radar_conti_ars408_msgs/msg/FilterStateCfg.msg
[2.891s] -- Installing: /home/offroad/radar_ws/src/install/radar_conti_ars408_msgs/share/radar_conti_ars408_msgs/msg/FilterCfg.msg
[2.891s] -- Installing: /home/offroad/radar_ws/src/install/radar_conti_ars408_msgs/share/radar_conti_ars408_msgs/msg/FilterStateHeader.msg
[2.893s] -- Installing: /home/offroad/radar_ws/src/install/radar_conti_ars408_msgs/share/radar_conti_ars408_msgs/msg/Num.msg
[2.894s] -- Installing: /home/offroad/radar_ws/src/install/radar_conti_ars408_msgs/share/radar_conti_ars408_msgs/srv/AddThreeInts.srv
[2.897s] -- Installing: /home/offroad/radar_ws/src/install/radar_conti_ars408_msgs/share/radar_conti_ars408_msgs/srv/AddThreeInts_Request.msg
[2.897s] -- Installing: /home/offroad/radar_ws/src/install/radar_conti_ars408_msgs/share/radar_conti_ars408_msgs/srv/AddThreeInts_Response.msg
[2.897s] -- Installing: /home/offroad/radar_ws/src/install/radar_conti_ars408_msgs/share/ament_index/resource_index/package_run_dependencies/radar_conti_ars408_msgs
[2.897s] -- Installing: /home/offroad/radar_ws/src/install/radar_conti_ars408_msgs/share/ament_index/resource_index/parent_prefix_path/radar_conti_ars408_msgs
[2.898s] -- Installing: /home/offroad/radar_ws/src/install/radar_conti_ars408_msgs/share/radar_conti_ars408_msgs/environment/ament_prefix_path.sh
[2.898s] -- Installing: /home/offroad/radar_ws/src/install/radar_conti_ars408_msgs/share/radar_conti_ars408_msgs/environment/ament_prefix_path.dsv
[2.899s] -- Installing: /home/offroad/radar_ws/src/install/radar_conti_ars408_msgs/share/radar_conti_ars408_msgs/environment/path.sh
[2.899s] -- Installing: /home/offroad/radar_ws/src/install/radar_conti_ars408_msgs/share/radar_conti_ars408_msgs/environment/path.dsv
[2.900s] -- Installing: /home/offroad/radar_ws/src/install/radar_conti_ars408_msgs/share/radar_conti_ars408_msgs/local_setup.bash
[2.900s] -- Installing: /home/offroad/radar_ws/src/install/radar_conti_ars408_msgs/share/radar_conti_ars408_msgs/local_setup.sh
[2.901s] -- Installing: /home/offroad/radar_ws/src/install/radar_conti_ars408_msgs/share/radar_conti_ars408_msgs/local_setup.zsh
[2.901s] -- Installing: /home/offroad/radar_ws/src/install/radar_conti_ars408_msgs/share/radar_conti_ars408_msgs/local_setup.dsv
[2.901s] -- Installing: /home/offroad/radar_ws/src/install/radar_conti_ars408_msgs/share/radar_conti_ars408_msgs/package.dsv
[2.901s] -- Installing: /home/offroad/radar_ws/src/install/radar_conti_ars408_msgs/share/ament_index/resource_index/packages/radar_conti_ars408_msgs
[2.902s] -- Installing: /home/offroad/radar_ws/src/install/radar_conti_ars408_msgs/share/radar_conti_ars408_msgs/cmake/radar_conti_ars408_msgs__rosidl_generator_cExport.cmake
[2.902s] -- Installing: /home/offroad/radar_ws/src/install/radar_conti_ars408_msgs/share/radar_conti_ars408_msgs/cmake/radar_conti_ars408_msgs__rosidl_generator_cExport-noconfig.cmake
[2.902s] -- Installing: /home/offroad/radar_ws/src/install/radar_conti_ars408_msgs/share/radar_conti_ars408_msgs/cmake/radar_conti_ars408_msgs__rosidl_typesupport_introspection_cExport.cmake
[2.903s] -- Installing: /home/offroad/radar_ws/src/install/radar_conti_ars408_msgs/share/radar_conti_ars408_msgs/cmake/radar_conti_ars408_msgs__rosidl_typesupport_introspection_cExport-noconfig.cmake
[2.904s] -- Installing: /home/offroad/radar_ws/src/install/radar_conti_ars408_msgs/share/radar_conti_ars408_msgs/cmake/radar_conti_ars408_msgs__rosidl_typesupport_cExport.cmake
[2.904s] -- Installing: /home/offroad/radar_ws/src/install/radar_conti_ars408_msgs/share/radar_conti_ars408_msgs/cmake/radar_conti_ars408_msgs__rosidl_typesupport_cExport-noconfig.cmake
[2.904s] -- Installing: /home/offroad/radar_ws/src/install/radar_conti_ars408_msgs/share/radar_conti_ars408_msgs/cmake/radar_conti_ars408_msgs__rosidl_generator_cppExport.cmake
[2.904s] -- Installing: /home/offroad/radar_ws/src/install/radar_conti_ars408_msgs/share/radar_conti_ars408_msgs/cmake/radar_conti_ars408_msgs__rosidl_typesupport_introspection_cppExport.cmake
[2.904s] -- Installing: /home/offroad/radar_ws/src/install/radar_conti_ars408_msgs/share/radar_conti_ars408_msgs/cmake/radar_conti_ars408_msgs__rosidl_typesupport_introspection_cppExport-noconfig.cmake
[2.904s] -- Installing: /home/offroad/radar_ws/src/install/radar_conti_ars408_msgs/share/radar_conti_ars408_msgs/cmake/radar_conti_ars408_msgs__rosidl_typesupport_cppExport.cmake
[2.905s] -- Installing: /home/offroad/radar_ws/src/install/radar_conti_ars408_msgs/share/radar_conti_ars408_msgs/cmake/radar_conti_ars408_msgs__rosidl_typesupport_cppExport-noconfig.cmake
[2.905s] -- Installing: /home/offroad/radar_ws/src/install/radar_conti_ars408_msgs/share/radar_conti_ars408_msgs/cmake/rosidl_cmake-extras.cmake
[2.905s] -- Installing: /home/offroad/radar_ws/src/install/radar_conti_ars408_msgs/share/radar_conti_ars408_msgs/cmake/ament_cmake_export_dependencies-extras.cmake
[2.905s] -- Installing: /home/offroad/radar_ws/src/install/radar_conti_ars408_msgs/share/radar_conti_ars408_msgs/cmake/ament_cmake_export_libraries-extras.cmake
[2.905s] -- Installing: /home/offroad/radar_ws/src/install/radar_conti_ars408_msgs/share/radar_conti_ars408_msgs/cmake/ament_cmake_export_targets-extras.cmake
[2.905s] -- Installing: /home/offroad/radar_ws/src/install/radar_conti_ars408_msgs/share/radar_conti_ars408_msgs/cmake/ament_cmake_export_include_directories-extras.cmake
[2.905s] -- Installing: /home/offroad/radar_ws/src/install/radar_conti_ars408_msgs/share/radar_conti_ars408_msgs/cmake/rosidl_cmake_export_typesupport_libraries-extras.cmake
[2.905s] -- Installing: /home/offroad/radar_ws/src/install/radar_conti_ars408_msgs/share/radar_conti_ars408_msgs/cmake/rosidl_cmake_export_typesupport_targets-extras.cmake
[2.905s] -- Installing: /home/offroad/radar_ws/src/install/radar_conti_ars408_msgs/share/radar_conti_ars408_msgs/cmake/radar_conti_ars408_msgsConfig.cmake
[2.906s] -- Installing: /home/offroad/radar_ws/src/install/radar_conti_ars408_msgs/share/radar_conti_ars408_msgs/cmake/radar_conti_ars408_msgsConfig-version.cmake
[2.906s] -- Installing: /home/offroad/radar_ws/src/install/radar_conti_ars408_msgs/share/radar_conti_ars408_msgs/package.xml
[2.918s] Invoked command in '/home/offroad/radar_ws/src/build/radar_conti_ars408_msgs' returned '0': CMAKE_PREFIX_PATH=${CMAKE_PREFIX_PATH}:/opt/ros/foxy /usr/bin/cmake --install /home/offroad/radar_ws/src/build/radar_conti_ars408_msgs
