[0.015s] Invoking command in '/home/offroad/radar_ws/build/radar_conti_ars408': CMAKE_PREFIX_PATH=/home/offroad/radar_ws/install/ros2socketcan_bridge:/home/offroad/radar_ws/install/radar_conti_ars408_msgs:/home/offroad/radar_ws/install/can_msgs:/home/offroad/radar_ws/install/cpp_srvcli:/home/offroad/radar_ws/install/cpp_pubsub:/home/offroad/radar_ws/install/radar_conti_ars408:/opt/ros/foxy LD_LIBRARY_PATH=/home/offroad/radar_ws/install/radar_conti_ars408_msgs/lib:/home/offroad/radar_ws/install/can_msgs/lib:/home/offroad/radar_ws/install/radar_conti_ars408/lib:/usr/lib/x86_64-linux-gnu/gazebo-11/plugins:/opt/ros/foxy/opt/yaml_cpp_vendor/lib:/opt/ros/foxy/opt/rviz_ogre_vendor/lib:/opt/ros/foxy/lib/x86_64-linux-gnu:/opt/ros/foxy/lib /usr/bin/cmake --build /home/offroad/radar_ws/build/radar_conti_ars408 -- -j12 -l12
[0.055s] [35m[1mScanning dependencies of target radar_conti_ars408_component[0m
[0.072s] [ 50%] Built target listener
[0.072s] [ 50%] Built target talker
[0.094s] [ 62%] [32mBuilding CXX object CMakeFiles/radar_conti_ars408_component.dir/src/radar_conti_ars408_component.cpp.o[0m
[0.138s] In file included from [01m[K/home/offroad/radar_ws/src/radar_conti_ars408/src/src/../include/radar_conti_ars408_component.hpp:24[m[K,
[0.138s]                  from [01m[K/home/offroad/radar_ws/src/radar_conti_ars408/src/src/radar_conti_ars408_component.cpp:14[m[K:
[0.138s] [01m[K/home/offroad/radar_ws/src/radar_conti_ars408/src/src/../include/visibility_control.h:43:[m[K [01;35m[Kwarning: [m[K"RADAR_CONTI_ARS408_RADAR_CONTI_ARS408" redefined
[0.138s]    43 |   #define RADAR_CONTI_ARS408_RADAR_CONTI_ARS408
[0.138s]       | 
[0.138s] [01m[K/home/offroad/radar_ws/src/radar_conti_ars408/src/src/../include/visibility_control.h:42:[m[K [01;36m[Knote: [m[Kthis is the location of the previous definition
[0.138s]    42 |   #define RADAR_CONTI_ARS408_RADAR_CONTI_ARS408 __attribute__ ((visibility("default")))
[0.138s]       | 
[2.009s] [01m[K/home/offroad/radar_ws/src/radar_conti_ars408/src/src/radar_conti_ars408_component.cpp:[m[K In member function ‘[01m[Kvirtual rclcpp_lifecycle::node_interfaces::LifecycleNodeInterface::CallbackReturn FHAC::radar_conti_ars408::on_shutdown(const rclcpp_lifecycle::State&)[m[K’:
[2.009s] [01m[K/home/offroad/radar_ws/src/radar_conti_ars408/src/src/radar_conti_ars408_component.cpp:73:34:[m[K [01;35m[Kwarning: [m[Kunused parameter ‘[01m[Kprevious_state[m[K’ [[01;35m[K-Wunused-parameter[m[K]
[2.009s]    73 |   [01;35m[Kconst rclcpp_lifecycle::State& previous_state[m[K)
[2.009s]       |   [01;35m[K~~~~~~~~~~~~~~~~~~~~~~~~~~~~~~~^~~~~~~~~~~~~~[m[K
[2.009s] [01m[K/home/offroad/radar_ws/src/radar_conti_ars408/src/src/radar_conti_ars408_component.cpp:[m[K In member function ‘[01m[Kvirtual rclcpp_lifecycle::node_interfaces::LifecycleNodeInterface::CallbackReturn FHAC::radar_conti_ars408::on_error(const rclcpp_lifecycle::State&)[m[K’:
[2.009s] [01m[K/home/offroad/radar_ws/src/radar_conti_ars408/src/src/radar_conti_ars408_component.cpp:81:36:[m[K [01;35m[Kwarning: [m[Kunused parameter ‘[01m[Kprevious_state[m[K’ [[01;35m[K-Wunused-parameter[m[K]
[2.009s]    81 |     [01;35m[Kconst rclcpp_lifecycle::State& previous_state[m[K)
[2.009s]       |     [01;35m[K~~~~~~~~~~~~~~~~~~~~~~~~~~~~~~~^~~~~~~~~~~~~~[m[K
[7.742s] [ 75%] [32m[1mLinking CXX shared library libradar_conti_ars408_component.so[0m
[7.909s] [ 75%] Built target radar_conti_ars408_component
[7.937s] [ 87%] [32m[1mLinking CXX executable radar_conti_ars408_composition[0m
[8.077s] [100%] Built target radar_conti_ars408_composition
[8.086s] Invoked command in '/home/offroad/radar_ws/build/radar_conti_ars408' returned '0': CMAKE_PREFIX_PATH=/home/offroad/radar_ws/install/ros2socketcan_bridge:/home/offroad/radar_ws/install/radar_conti_ars408_msgs:/home/offroad/radar_ws/install/can_msgs:/home/offroad/radar_ws/install/cpp_srvcli:/home/offroad/radar_ws/install/cpp_pubsub:/home/offroad/radar_ws/install/radar_conti_ars408:/opt/ros/foxy LD_LIBRARY_PATH=/home/offroad/radar_ws/install/radar_conti_ars408_msgs/lib:/home/offroad/radar_ws/install/can_msgs/lib:/home/offroad/radar_ws/install/radar_conti_ars408/lib:/usr/lib/x86_64-linux-gnu/gazebo-11/plugins:/opt/ros/foxy/opt/yaml_cpp_vendor/lib:/opt/ros/foxy/opt/rviz_ogre_vendor/lib:/opt/ros/foxy/lib/x86_64-linux-gnu:/opt/ros/foxy/lib /usr/bin/cmake --build /home/offroad/radar_ws/build/radar_conti_ars408 -- -j12 -l12
[8.115s] Invoking command in '/home/offroad/radar_ws/build/radar_conti_ars408': CMAKE_PREFIX_PATH=/home/offroad/radar_ws/install/ros2socketcan_bridge:/home/offroad/radar_ws/install/radar_conti_ars408_msgs:/home/offroad/radar_ws/install/can_msgs:/home/offroad/radar_ws/install/cpp_srvcli:/home/offroad/radar_ws/install/cpp_pubsub:/home/offroad/radar_ws/install/radar_conti_ars408:/opt/ros/foxy LD_LIBRARY_PATH=/home/offroad/radar_ws/install/radar_conti_ars408_msgs/lib:/home/offroad/radar_ws/install/can_msgs/lib:/home/offroad/radar_ws/install/radar_conti_ars408/lib:/usr/lib/x86_64-linux-gnu/gazebo-11/plugins:/opt/ros/foxy/opt/yaml_cpp_vendor/lib:/opt/ros/foxy/opt/rviz_ogre_vendor/lib:/opt/ros/foxy/lib/x86_64-linux-gnu:/opt/ros/foxy/lib /usr/bin/cmake --install /home/offroad/radar_ws/build/radar_conti_ars408
[8.122s] -- Install configuration: "Release"
[8.122s] -- Up-to-date: /home/offroad/radar_ws/install/radar_conti_ars408/share/radar_conti_ars408/environment/library_path.sh
[8.122s] -- Up-to-date: /home/offroad/radar_ws/install/radar_conti_ars408/share/radar_conti_ars408/environment/library_path.dsv
[8.122s] -- Up-to-date: /home/offroad/radar_ws/install/radar_conti_ars408/lib/radar_conti_ars408/talker
[8.122s] -- Up-to-date: /home/offroad/radar_ws/install/radar_conti_ars408/lib/radar_conti_ars408/talker
[8.123s] -- Up-to-date: /home/offroad/radar_ws/install/radar_conti_ars408/lib/radar_conti_ars408/listener
[8.123s] -- Installing: /home/offroad/radar_ws/install/radar_conti_ars408/lib/radar_conti_ars408/radar_conti_ars408_composition
[8.124s] -- Set runtime path of "/home/offroad/radar_ws/install/radar_conti_ars408/lib/radar_conti_ars408/radar_conti_ars408_composition" to ""
[8.124s] -- Installing: /home/offroad/radar_ws/install/radar_conti_ars408/lib/libradar_conti_ars408_component.so
[8.125s] -- Set runtime path of "/home/offroad/radar_ws/install/radar_conti_ars408/lib/libradar_conti_ars408_component.so" to ""
[8.125s] -- Up-to-date: /home/offroad/radar_ws/install/radar_conti_ars408/include/radar_conti_ars408/
[8.125s] -- Up-to-date: /home/offroad/radar_ws/install/radar_conti_ars408/include/radar_conti_ars408//visibility_control.h
[8.125s] -- Up-to-date: /home/offroad/radar_ws/install/radar_conti_ars408/include/radar_conti_ars408//radar_conti_ars408_component.hpp
[8.125s] -- Up-to-date: /home/offroad/radar_ws/install/radar_conti_ars408/include/radar_conti_ars408//ars_408_can_defines.h
[8.125s] -- Up-to-date: /home/offroad/radar_ws/install/radar_conti_ars408/share/radar_conti_ars408/resources
[8.125s] -- Up-to-date: /home/offroad/radar_ws/install/radar_conti_ars408/share/radar_conti_ars408/resources/low_poly_911.dae
[8.125s] -- Up-to-date: /home/offroad/radar_ws/install/radar_conti_ars408/share/radar_conti_ars408/launch
[8.125s] -- Up-to-date: /home/offroad/radar_ws/install/radar_conti_ars408/share/radar_conti_ars408/launch/radar.launch.py
[8.126s] -- Up-to-date: /home/offroad/radar_ws/install/radar_conti_ars408/share/ament_index/resource_index/package_run_dependencies/radar_conti_ars408
[8.126s] -- Up-to-date: /home/offroad/radar_ws/install/radar_conti_ars408/share/ament_index/resource_index/parent_prefix_path/radar_conti_ars408
[8.126s] -- Up-to-date: /home/offroad/radar_ws/install/radar_conti_ars408/share/radar_conti_ars408/environment/ament_prefix_path.sh
[8.126s] -- Up-to-date: /home/offroad/radar_ws/install/radar_conti_ars408/share/radar_conti_ars408/environment/ament_prefix_path.dsv
[8.126s] -- Up-to-date: /home/offroad/radar_ws/install/radar_conti_ars408/share/radar_conti_ars408/environment/path.sh
[8.126s] -- Up-to-date: /home/offroad/radar_ws/install/radar_conti_ars408/share/radar_conti_ars408/environment/path.dsv
[8.126s] -- Up-to-date: /home/offroad/radar_ws/install/radar_conti_ars408/share/radar_conti_ars408/local_setup.bash
[8.126s] -- Up-to-date: /home/offroad/radar_ws/install/radar_conti_ars408/share/radar_conti_ars408/local_setup.sh
[8.126s] -- Up-to-date: /home/offroad/radar_ws/install/radar_conti_ars408/share/radar_conti_ars408/local_setup.zsh
[8.126s] -- Up-to-date: /home/offroad/radar_ws/install/radar_conti_ars408/share/radar_conti_ars408/local_setup.dsv
[8.126s] -- Installing: /home/offroad/radar_ws/install/radar_conti_ars408/share/radar_conti_ars408/package.dsv
[8.126s] -- Up-to-date: /home/offroad/radar_ws/install/radar_conti_ars408/share/ament_index/resource_index/packages/radar_conti_ars408
[8.126s] -- Up-to-date: /home/offroad/radar_ws/install/radar_conti_ars408/share/ament_index/resource_index/rclcpp_components/radar_conti_ars408
[8.126s] -- Up-to-date: /home/offroad/radar_ws/install/radar_conti_ars408/share/radar_conti_ars408/cmake/radar_conti_ars408Config.cmake
[8.127s] -- Up-to-date: /home/offroad/radar_ws/install/radar_conti_ars408/share/radar_conti_ars408/cmake/radar_conti_ars408Config-version.cmake
[8.127s] -- Up-to-date: /home/offroad/radar_ws/install/radar_conti_ars408/share/radar_conti_ars408/package.xml
[8.129s] Invoked command in '/home/offroad/radar_ws/build/radar_conti_ars408' returned '0': CMAKE_PREFIX_PATH=/home/offroad/radar_ws/install/ros2socketcan_bridge:/home/offroad/radar_ws/install/radar_conti_ars408_msgs:/home/offroad/radar_ws/install/can_msgs:/home/offroad/radar_ws/install/cpp_srvcli:/home/offroad/radar_ws/install/cpp_pubsub:/home/offroad/radar_ws/install/radar_conti_ars408:/opt/ros/foxy LD_LIBRARY_PATH=/home/offroad/radar_ws/install/radar_conti_ars408_msgs/lib:/home/offroad/radar_ws/install/can_msgs/lib:/home/offroad/radar_ws/install/radar_conti_ars408/lib:/usr/lib/x86_64-linux-gnu/gazebo-11/plugins:/opt/ros/foxy/opt/yaml_cpp_vendor/lib:/opt/ros/foxy/opt/rviz_ogre_vendor/lib:/opt/ros/foxy/lib/x86_64-linux-gnu:/opt/ros/foxy/lib /usr/bin/cmake --install /home/offroad/radar_ws/build/radar_conti_ars408
