[0.184s] Invoking command in '/home/offroad/radar_ws/src/build/radar_conti_ars408_msgs': CMAKE_PREFIX_PATH=${CMAKE_PREFIX_PATH}:/opt/ros/foxy /usr/bin/cmake /home/offroad/radar_ws/src/radar_conti_ars408_msgs -DCMAKE_INSTALL_PREFIX=/home/offroad/radar_ws/src/install/radar_conti_ars408_msgs
[0.475s] -- The C compiler identification is GNU 9.4.0
[0.710s] -- The CXX compiler identification is GNU 9.4.0
[0.731s] -- Check for working C compiler: /usr/bin/cc
[1.130s] -- Check for working C compiler: /usr/bin/cc -- works
[1.134s] -- Detecting C compiler ABI info
[1.492s] -- Detecting C compiler ABI info - done
[1.527s] -- Detecting C compile features
[1.528s] -- Detecting C compile features - done
[1.535s] -- Check for working CXX compiler: /usr/bin/c++
[1.788s] -- Check for working CXX compiler: /usr/bin/c++ -- works
[1.790s] -- Detecting CXX compiler ABI info
[2.003s] -- Detecting CXX compiler ABI info - done
[2.024s] -- Detecting CXX compile features
[2.025s] -- Detecting CXX compile features - done
[2.030s] -- Found ament_cmake: 0.9.9 (/opt/ros/foxy/share/ament_cmake/cmake)
[2.087s] -- Found PythonInterp: /usr/bin/python3 (found suitable version "3.8.10", minimum required is "3") 
[2.088s] -- Using PYTHON_EXECUTABLE: /usr/bin/python3
[2.593s] -- Found std_msgs: 2.0.5 (/opt/ros/foxy/share/std_msgs/cmake)
[2.639s] -- Using all available rosidl_typesupport_c: rosidl_typesupport_fastrtps_c;rosidl_typesupport_introspection_c
[2.648s] -- Found rosidl_adapter: 1.2.1 (/opt/ros/foxy/share/rosidl_adapter/cmake)
[2.786s] -- Found OpenSSL: /usr/lib/x86_64-linux-gnu/libcrypto.so (found version "1.1.1f")  
[2.844s] -- Found FastRTPS: /opt/ros/foxy/include  
[3.002s] -- Using all available rosidl_typesupport_cpp: rosidl_typesupport_fastrtps_cpp;rosidl_typesupport_introspection_cpp
[3.092s] -- Found rosidl_default_generators: 1.0.1 (/opt/ros/foxy/share/rosidl_default_generators/cmake)
[3.151s] -- Found PythonInterp: /usr/bin/python3 (found version "3.8.10") 
[3.839s] -- Found ament_cmake_ros: 0.9.2 (/opt/ros/foxy/share/ament_cmake_ros/cmake)
[4.180s] -- Using all available rosidl_typesupport_c: rosidl_typesupport_fastrtps_c;rosidl_typesupport_introspection_c
[4.306s] -- Using all available rosidl_typesupport_cpp: rosidl_typesupport_fastrtps_cpp;rosidl_typesupport_introspection_cpp
[4.359s] -- Found PythonInterp: /usr/bin/python3 (found suitable version "3.8.10", minimum required is "3.5") 
[4.361s] -- Found python_cmake_module: 0.8.1 (/opt/ros/foxy/share/python_cmake_module/cmake)
[4.420s] -- Found PythonLibs: /usr/lib/x86_64-linux-gnu/libpython3.8.so (found suitable version "3.8.10", minimum required is "3.5") 
[4.420s] -- Using PYTHON_EXECUTABLE: /usr/bin/python3
[4.421s] -- Using PYTHON_INCLUDE_DIRS: /usr/include/python3.8
[4.421s] -- Using PYTHON_LIBRARIES: /usr/lib/x86_64-linux-gnu/libpython3.8.so
[4.461s] -- Found PythonExtra: .so  
[4.587s] -- Found ament_lint_auto: 0.9.6 (/opt/ros/foxy/share/ament_lint_auto/cmake)
[4.632s] -- Added test 'copyright' to check source files copyright and LICENSE
[4.640s] -- Added test 'flake8' to check Python code syntax and style conventions
[4.642s] -- Added test 'lint_cmake' to check CMake code style
[4.643s] -- Added test 'pep257' to check Python code against some of the style conventions in PEP 257
[4.646s] -- Added test 'xmllint' to check XML markup files
[4.656s] -- Configuring done
[4.835s] -- Generating done
[4.843s] -- Build files have been written to: /home/offroad/radar_ws/src/build/radar_conti_ars408_msgs
