[0.193s] DEBUG:colcon:Command line arguments: ['/usr/bin/colcon', 'build']
[0.193s] DEBUG:colcon:Parsed command line arguments: Namespace(allow_overriding=[], ament_cmake_args=None, base_paths=['.'], build_base='build', catkin_cmake_args=None, catkin_skip_building_tests=False, cmake_args=None, cmake_clean_cache=False, cmake_clean_first=False, cmake_force_configure=False, cmake_target=None, cmake_target_skip_unavailable=False, continue_on_error=False, event_handlers=None, executor='parallel', ignore_user_meta=False, install_base='install', log_base=None, log_level=None, main=<bound method BuildVerb.main of <colcon_core.verb.build.BuildVerb object at 0x7f79ca5a2d60>>, merge_install=False, metas=['./colcon.meta'], packages_above=None, packages_above_and_dependencies=None, packages_above_depth=None, packages_end=None, packages_ignore=None, packages_ignore_regex=None, packages_select=None, packages_select_build_failed=False, packages_select_by_dep=None, packages_select_regex=None, packages_select_test_failures=False, packages_skip=None, packages_skip_build_finished=False, packages_skip_by_dep=None, packages_skip_regex=None, packages_skip_test_passed=False, packages_skip_up_to=None, packages_start=None, packages_up_to=None, packages_up_to_regex=None, parallel_workers=12, paths=None, symlink_install=False, test_result_base=None, verb_extension=<colcon_core.verb.build.BuildVerb object at 0x7f79ca5a2d60>, verb_name='build', verb_parser=<colcon_defaults.argument_parser.defaults.DefaultArgumentsDecorator object at 0x7f79ca52b310>)
[0.221s] Level 1:colcon.colcon_core.package_discovery:discover_packages(colcon_meta) check parameters
[0.221s] Level 1:colcon.colcon_core.package_discovery:discover_packages(recursive) check parameters
[0.221s] Level 1:colcon.colcon_core.package_discovery:discover_packages(ignore) check parameters
[0.221s] Level 1:colcon.colcon_core.package_discovery:discover_packages(path) check parameters
[0.221s] Level 1:colcon.colcon_core.package_discovery:discover_packages(colcon_meta) discover
[0.221s] Level 1:colcon.colcon_core.package_discovery:discover_packages(recursive) discover
[0.221s] INFO:colcon.colcon_core.package_discovery:Crawling recursively for packages in '/home/offroad/radar_ws/src'
[0.221s] Level 1:colcon.colcon_core.package_identification:_identify(.) by extensions ['ignore', 'ignore_ament_install']
[0.221s] Level 1:colcon.colcon_core.package_identification:_identify(.) by extension 'ignore'
[0.221s] Level 1:colcon.colcon_core.package_identification:_identify(.) by extension 'ignore_ament_install'
[0.221s] Level 1:colcon.colcon_core.package_identification:_identify(.) by extensions ['colcon_pkg']
[0.221s] Level 1:colcon.colcon_core.package_identification:_identify(.) by extension 'colcon_pkg'
[0.221s] Level 1:colcon.colcon_core.package_identification:_identify(.) by extensions ['colcon_meta']
[0.221s] Level 1:colcon.colcon_core.package_identification:_identify(.) by extension 'colcon_meta'
[0.222s] Level 1:colcon.colcon_core.package_identification:_identify(.) by extensions ['ros']
[0.222s] Level 1:colcon.colcon_core.package_identification:_identify(.) by extension 'ros'
[0.233s] Level 1:colcon.colcon_core.package_identification:_identify(.) by extensions ['cmake', 'python']
[0.233s] Level 1:colcon.colcon_core.package_identification:_identify(.) by extension 'cmake'
[0.234s] Level 1:colcon.colcon_core.package_identification:_identify(.) by extension 'python'
[0.234s] Level 1:colcon.colcon_core.package_identification:_identify(.) by extensions ['python_setup_py']
[0.234s] Level 1:colcon.colcon_core.package_identification:_identify(.) by extension 'python_setup_py'
[0.234s] Level 1:colcon.colcon_core.package_identification:_identify(CAN_Recording) by extensions ['ignore', 'ignore_ament_install']
[0.234s] Level 1:colcon.colcon_core.package_identification:_identify(CAN_Recording) by extension 'ignore'
[0.234s] Level 1:colcon.colcon_core.package_identification:_identify(CAN_Recording) by extension 'ignore_ament_install'
[0.234s] Level 1:colcon.colcon_core.package_identification:_identify(CAN_Recording) by extensions ['colcon_pkg']
[0.234s] Level 1:colcon.colcon_core.package_identification:_identify(CAN_Recording) by extension 'colcon_pkg'
[0.234s] Level 1:colcon.colcon_core.package_identification:_identify(CAN_Recording) by extensions ['colcon_meta']
[0.234s] Level 1:colcon.colcon_core.package_identification:_identify(CAN_Recording) by extension 'colcon_meta'
[0.234s] Level 1:colcon.colcon_core.package_identification:_identify(CAN_Recording) by extensions ['ros']
[0.234s] Level 1:colcon.colcon_core.package_identification:_identify(CAN_Recording) by extension 'ros'
[0.234s] Level 1:colcon.colcon_core.package_identification:_identify(CAN_Recording) by extensions ['cmake', 'python']
[0.235s] Level 1:colcon.colcon_core.package_identification:_identify(CAN_Recording) by extension 'cmake'
[0.235s] Level 1:colcon.colcon_core.package_identification:_identify(CAN_Recording) by extension 'python'
[0.235s] Level 1:colcon.colcon_core.package_identification:_identify(CAN_Recording) by extensions ['python_setup_py']
[0.235s] Level 1:colcon.colcon_core.package_identification:_identify(CAN_Recording) by extension 'python_setup_py'
[0.235s] Level 1:colcon.colcon_core.package_identification:_identify(build) by extensions ['ignore', 'ignore_ament_install']
[0.235s] Level 1:colcon.colcon_core.package_identification:_identify(build) by extension 'ignore'
[0.235s] Level 1:colcon.colcon_core.package_identification:_identify(build) ignored
[0.235s] Level 1:colcon.colcon_core.package_identification:_identify(cpp_srvcli) by extensions ['ignore', 'ignore_ament_install']
[0.235s] Level 1:colcon.colcon_core.package_identification:_identify(cpp_srvcli) by extension 'ignore'
[0.235s] Level 1:colcon.colcon_core.package_identification:_identify(cpp_srvcli) by extension 'ignore_ament_install'
[0.235s] Level 1:colcon.colcon_core.package_identification:_identify(cpp_srvcli) by extensions ['colcon_pkg']
[0.235s] Level 1:colcon.colcon_core.package_identification:_identify(cpp_srvcli) by extension 'colcon_pkg'
[0.235s] Level 1:colcon.colcon_core.package_identification:_identify(cpp_srvcli) by extensions ['colcon_meta']
[0.236s] Level 1:colcon.colcon_core.package_identification:_identify(cpp_srvcli) by extension 'colcon_meta'
[0.236s] Level 1:colcon.colcon_core.package_identification:_identify(cpp_srvcli) by extensions ['ros']
[0.236s] Level 1:colcon.colcon_core.package_identification:_identify(cpp_srvcli) by extension 'ros'
[0.239s] DEBUG:colcon.colcon_core.package_identification:Package 'cpp_srvcli' with type 'ros.ament_cmake' and name 'cpp_srvcli'
[0.239s] Level 1:colcon.colcon_core.package_identification:_identify(install) by extensions ['ignore', 'ignore_ament_install']
[0.240s] Level 1:colcon.colcon_core.package_identification:_identify(install) by extension 'ignore'
[0.240s] Level 1:colcon.colcon_core.package_identification:_identify(install) ignored
[0.240s] Level 1:colcon.colcon_core.package_identification:_identify(log) by extensions ['ignore', 'ignore_ament_install']
[0.240s] Level 1:colcon.colcon_core.package_identification:_identify(log) by extension 'ignore'
[0.240s] Level 1:colcon.colcon_core.package_identification:_identify(log) ignored
[0.240s] Level 1:colcon.colcon_core.package_identification:_identify(meshes) by extensions ['ignore', 'ignore_ament_install']
[0.240s] Level 1:colcon.colcon_core.package_identification:_identify(meshes) by extension 'ignore'
[0.240s] Level 1:colcon.colcon_core.package_identification:_identify(meshes) by extension 'ignore_ament_install'
[0.240s] Level 1:colcon.colcon_core.package_identification:_identify(meshes) by extensions ['colcon_pkg']
[0.240s] Level 1:colcon.colcon_core.package_identification:_identify(meshes) by extension 'colcon_pkg'
[0.240s] Level 1:colcon.colcon_core.package_identification:_identify(meshes) by extensions ['colcon_meta']
[0.240s] Level 1:colcon.colcon_core.package_identification:_identify(meshes) by extension 'colcon_meta'
[0.241s] Level 1:colcon.colcon_core.package_identification:_identify(meshes) by extensions ['ros']
[0.241s] Level 1:colcon.colcon_core.package_identification:_identify(meshes) by extension 'ros'
[0.241s] Level 1:colcon.colcon_core.package_identification:_identify(meshes) by extensions ['cmake', 'python']
[0.241s] Level 1:colcon.colcon_core.package_identification:_identify(meshes) by extension 'cmake'
[0.241s] Level 1:colcon.colcon_core.package_identification:_identify(meshes) by extension 'python'
[0.241s] Level 1:colcon.colcon_core.package_identification:_identify(meshes) by extensions ['python_setup_py']
[0.241s] Level 1:colcon.colcon_core.package_identification:_identify(meshes) by extension 'python_setup_py'
[0.241s] Level 1:colcon.colcon_core.package_identification:_identify(meshes/accessories) by extensions ['ignore', 'ignore_ament_install']
[0.241s] Level 1:colcon.colcon_core.package_identification:_identify(meshes/accessories) by extension 'ignore'
[0.241s] Level 1:colcon.colcon_core.package_identification:_identify(meshes/accessories) by extension 'ignore_ament_install'
[0.241s] Level 1:colcon.colcon_core.package_identification:_identify(meshes/accessories) by extensions ['colcon_pkg']
[0.241s] Level 1:colcon.colcon_core.package_identification:_identify(meshes/accessories) by extension 'colcon_pkg'
[0.241s] Level 1:colcon.colcon_core.package_identification:_identify(meshes/accessories) by extensions ['colcon_meta']
[0.241s] Level 1:colcon.colcon_core.package_identification:_identify(meshes/accessories) by extension 'colcon_meta'
[0.241s] Level 1:colcon.colcon_core.package_identification:_identify(meshes/accessories) by extensions ['ros']
[0.241s] Level 1:colcon.colcon_core.package_identification:_identify(meshes/accessories) by extension 'ros'
[0.241s] Level 1:colcon.colcon_core.package_identification:_identify(meshes/accessories) by extensions ['cmake', 'python']
[0.241s] Level 1:colcon.colcon_core.package_identification:_identify(meshes/accessories) by extension 'cmake'
[0.241s] Level 1:colcon.colcon_core.package_identification:_identify(meshes/accessories) by extension 'python'
[0.241s] Level 1:colcon.colcon_core.package_identification:_identify(meshes/accessories) by extensions ['python_setup_py']
[0.242s] Level 1:colcon.colcon_core.package_identification:_identify(meshes/accessories) by extension 'python_setup_py'
[0.242s] Level 1:colcon.colcon_core.package_identification:_identify(radar_conti_ars408) by extensions ['ignore', 'ignore_ament_install']
[0.242s] Level 1:colcon.colcon_core.package_identification:_identify(radar_conti_ars408) by extension 'ignore'
[0.242s] Level 1:colcon.colcon_core.package_identification:_identify(radar_conti_ars408) by extension 'ignore_ament_install'
[0.242s] Level 1:colcon.colcon_core.package_identification:_identify(radar_conti_ars408) by extensions ['colcon_pkg']
[0.242s] Level 1:colcon.colcon_core.package_identification:_identify(radar_conti_ars408) by extension 'colcon_pkg'
[0.242s] Level 1:colcon.colcon_core.package_identification:_identify(radar_conti_ars408) by extensions ['colcon_meta']
[0.242s] Level 1:colcon.colcon_core.package_identification:_identify(radar_conti_ars408) by extension 'colcon_meta'
[0.242s] Level 1:colcon.colcon_core.package_identification:_identify(radar_conti_ars408) by extensions ['ros']
[0.242s] Level 1:colcon.colcon_core.package_identification:_identify(radar_conti_ars408) by extension 'ros'
[0.242s] Level 1:colcon.colcon_core.package_identification:_identify(radar_conti_ars408) by extensions ['cmake', 'python']
[0.242s] Level 1:colcon.colcon_core.package_identification:_identify(radar_conti_ars408) by extension 'cmake'
[0.242s] Level 1:colcon.colcon_core.package_identification:_identify(radar_conti_ars408) by extension 'python'
[0.242s] Level 1:colcon.colcon_core.package_identification:_identify(radar_conti_ars408) by extensions ['python_setup_py']
[0.242s] Level 1:colcon.colcon_core.package_identification:_identify(radar_conti_ars408) by extension 'python_setup_py'
[0.242s] Level 1:colcon.colcon_core.package_identification:_identify(radar_conti_ars408/src) by extensions ['ignore', 'ignore_ament_install']
[0.242s] Level 1:colcon.colcon_core.package_identification:_identify(radar_conti_ars408/src) by extension 'ignore'
[0.242s] Level 1:colcon.colcon_core.package_identification:_identify(radar_conti_ars408/src) by extension 'ignore_ament_install'
[0.242s] Level 1:colcon.colcon_core.package_identification:_identify(radar_conti_ars408/src) by extensions ['colcon_pkg']
[0.243s] Level 1:colcon.colcon_core.package_identification:_identify(radar_conti_ars408/src) by extension 'colcon_pkg'
[0.243s] Level 1:colcon.colcon_core.package_identification:_identify(radar_conti_ars408/src) by extensions ['colcon_meta']
[0.243s] Level 1:colcon.colcon_core.package_identification:_identify(radar_conti_ars408/src) by extension 'colcon_meta'
[0.243s] Level 1:colcon.colcon_core.package_identification:_identify(radar_conti_ars408/src) by extensions ['ros']
[0.243s] Level 1:colcon.colcon_core.package_identification:_identify(radar_conti_ars408/src) by extension 'ros'
[0.244s] DEBUG:colcon.colcon_core.package_identification:Package 'radar_conti_ars408/src' with type 'ros.ament_cmake' and name 'radar_conti_ars408'
[0.244s] Level 1:colcon.colcon_core.package_identification:_identify(radar_conti_ars408_msgs) by extensions ['ignore', 'ignore_ament_install']
[0.244s] Level 1:colcon.colcon_core.package_identification:_identify(radar_conti_ars408_msgs) by extension 'ignore'
[0.244s] Level 1:colcon.colcon_core.package_identification:_identify(radar_conti_ars408_msgs) by extension 'ignore_ament_install'
[0.244s] Level 1:colcon.colcon_core.package_identification:_identify(radar_conti_ars408_msgs) by extensions ['colcon_pkg']
[0.244s] Level 1:colcon.colcon_core.package_identification:_identify(radar_conti_ars408_msgs) by extension 'colcon_pkg'
[0.244s] Level 1:colcon.colcon_core.package_identification:_identify(radar_conti_ars408_msgs) by extensions ['colcon_meta']
[0.244s] Level 1:colcon.colcon_core.package_identification:_identify(radar_conti_ars408_msgs) by extension 'colcon_meta'
[0.244s] Level 1:colcon.colcon_core.package_identification:_identify(radar_conti_ars408_msgs) by extensions ['ros']
[0.244s] Level 1:colcon.colcon_core.package_identification:_identify(radar_conti_ars408_msgs) by extension 'ros'
[0.246s] DEBUG:colcon.colcon_core.package_identification:Package 'radar_conti_ars408_msgs' with type 'ros.ament_cmake' and name 'radar_conti_ars408_msgs'
[0.246s] Level 1:colcon.colcon_core.package_identification:_identify(ros2_socketcan_bridge) by extensions ['ignore', 'ignore_ament_install']
[0.246s] Level 1:colcon.colcon_core.package_identification:_identify(ros2_socketcan_bridge) by extension 'ignore'
[0.246s] Level 1:colcon.colcon_core.package_identification:_identify(ros2_socketcan_bridge) by extension 'ignore_ament_install'
[0.246s] Level 1:colcon.colcon_core.package_identification:_identify(ros2_socketcan_bridge) by extensions ['colcon_pkg']
[0.246s] Level 1:colcon.colcon_core.package_identification:_identify(ros2_socketcan_bridge) by extension 'colcon_pkg'
[0.246s] Level 1:colcon.colcon_core.package_identification:_identify(ros2_socketcan_bridge) by extensions ['colcon_meta']
[0.246s] Level 1:colcon.colcon_core.package_identification:_identify(ros2_socketcan_bridge) by extension 'colcon_meta'
[0.246s] Level 1:colcon.colcon_core.package_identification:_identify(ros2_socketcan_bridge) by extensions ['ros']
[0.246s] Level 1:colcon.colcon_core.package_identification:_identify(ros2_socketcan_bridge) by extension 'ros'
[0.246s] Level 1:colcon.colcon_core.package_identification:_identify(ros2_socketcan_bridge) by extensions ['cmake', 'python']
[0.246s] Level 1:colcon.colcon_core.package_identification:_identify(ros2_socketcan_bridge) by extension 'cmake'
[0.246s] Level 1:colcon.colcon_core.package_identification:_identify(ros2_socketcan_bridge) by extension 'python'
[0.246s] Level 1:colcon.colcon_core.package_identification:_identify(ros2_socketcan_bridge) by extensions ['python_setup_py']
[0.247s] Level 1:colcon.colcon_core.package_identification:_identify(ros2_socketcan_bridge) by extension 'python_setup_py'
[0.247s] Level 1:colcon.colcon_core.package_identification:_identify(ros2_socketcan_bridge/can_msgs) by extensions ['ignore', 'ignore_ament_install']
[0.247s] Level 1:colcon.colcon_core.package_identification:_identify(ros2_socketcan_bridge/can_msgs) by extension 'ignore'
[0.247s] Level 1:colcon.colcon_core.package_identification:_identify(ros2_socketcan_bridge/can_msgs) by extension 'ignore_ament_install'
[0.247s] Level 1:colcon.colcon_core.package_identification:_identify(ros2_socketcan_bridge/can_msgs) by extensions ['colcon_pkg']
[0.247s] Level 1:colcon.colcon_core.package_identification:_identify(ros2_socketcan_bridge/can_msgs) by extension 'colcon_pkg'
[0.247s] Level 1:colcon.colcon_core.package_identification:_identify(ros2_socketcan_bridge/can_msgs) by extensions ['colcon_meta']
[0.247s] Level 1:colcon.colcon_core.package_identification:_identify(ros2_socketcan_bridge/can_msgs) by extension 'colcon_meta'
[0.247s] Level 1:colcon.colcon_core.package_identification:_identify(ros2_socketcan_bridge/can_msgs) by extensions ['ros']
[0.247s] Level 1:colcon.colcon_core.package_identification:_identify(ros2_socketcan_bridge/can_msgs) by extension 'ros'
[0.248s] DEBUG:colcon.colcon_core.package_identification:Package 'ros2_socketcan_bridge/can_msgs' with type 'ros.ament_cmake' and name 'can_msgs'
[0.248s] Level 1:colcon.colcon_core.package_identification:_identify(ros2_socketcan_bridge/ros2socketcan_bridge) by extensions ['ignore', 'ignore_ament_install']
[0.248s] Level 1:colcon.colcon_core.package_identification:_identify(ros2_socketcan_bridge/ros2socketcan_bridge) by extension 'ignore'
[0.248s] Level 1:colcon.colcon_core.package_identification:_identify(ros2_socketcan_bridge/ros2socketcan_bridge) by extension 'ignore_ament_install'
[0.248s] Level 1:colcon.colcon_core.package_identification:_identify(ros2_socketcan_bridge/ros2socketcan_bridge) by extensions ['colcon_pkg']
[0.248s] Level 1:colcon.colcon_core.package_identification:_identify(ros2_socketcan_bridge/ros2socketcan_bridge) by extension 'colcon_pkg'
[0.248s] Level 1:colcon.colcon_core.package_identification:_identify(ros2_socketcan_bridge/ros2socketcan_bridge) by extensions ['colcon_meta']
[0.248s] Level 1:colcon.colcon_core.package_identification:_identify(ros2_socketcan_bridge/ros2socketcan_bridge) by extension 'colcon_meta'
[0.248s] Level 1:colcon.colcon_core.package_identification:_identify(ros2_socketcan_bridge/ros2socketcan_bridge) by extensions ['ros']
[0.248s] Level 1:colcon.colcon_core.package_identification:_identify(ros2_socketcan_bridge/ros2socketcan_bridge) by extension 'ros'
[0.250s] DEBUG:colcon.colcon_core.package_identification:Package 'ros2_socketcan_bridge/ros2socketcan_bridge' with type 'ros.ament_cmake' and name 'ros2socketcan_bridge'
[0.251s] Level 1:colcon.colcon_core.package_discovery:discover_packages(recursive) using defaults
[0.252s] Level 1:colcon.colcon_core.package_discovery:discover_packages(ignore) discover
[0.252s] Level 1:colcon.colcon_core.package_discovery:discover_packages(ignore) using defaults
[0.252s] Level 1:colcon.colcon_core.package_discovery:discover_packages(path) discover
[0.252s] Level 1:colcon.colcon_core.package_discovery:discover_packages(path) using defaults
[0.282s] Level 1:colcon.colcon_core.package_discovery:discover_packages(prefix_path) check parameters
[0.282s] Level 1:colcon.colcon_core.package_discovery:discover_packages(prefix_path) discover
[0.286s] DEBUG:colcon.colcon_installed_package_information.package_discovery:Found 6 installed packages in /home/offroad/radar_ws/install
[0.287s] DEBUG:colcon.colcon_installed_package_information.package_discovery:Found 303 installed packages in /opt/ros/foxy
[0.292s] Level 1:colcon.colcon_core.package_discovery:discover_packages(prefix_path) using defaults
[0.456s] Level 5:colcon.colcon_core.verb:set package 'can_msgs' build argument 'cmake_args' from command line to 'None'
[0.456s] Level 5:colcon.colcon_core.verb:set package 'can_msgs' build argument 'cmake_target' from command line to 'None'
[0.457s] Level 5:colcon.colcon_core.verb:set package 'can_msgs' build argument 'cmake_target_skip_unavailable' from command line to 'False'
[0.457s] Level 5:colcon.colcon_core.verb:set package 'can_msgs' build argument 'cmake_clean_cache' from command line to 'False'
[0.457s] Level 5:colcon.colcon_core.verb:set package 'can_msgs' build argument 'cmake_clean_first' from command line to 'False'
[0.457s] Level 5:colcon.colcon_core.verb:set package 'can_msgs' build argument 'cmake_force_configure' from command line to 'False'
[0.457s] Level 5:colcon.colcon_core.verb:set package 'can_msgs' build argument 'ament_cmake_args' from command line to 'None'
[0.457s] Level 5:colcon.colcon_core.verb:set package 'can_msgs' build argument 'catkin_cmake_args' from command line to 'None'
[0.457s] Level 5:colcon.colcon_core.verb:set package 'can_msgs' build argument 'catkin_skip_building_tests' from command line to 'False'
[0.457s] DEBUG:colcon.colcon_core.verb:Building package 'can_msgs' with the following arguments: {'ament_cmake_args': None, 'build_base': '/home/offroad/radar_ws/src/build/can_msgs', 'catkin_cmake_args': None, 'catkin_skip_building_tests': False, 'cmake_args': None, 'cmake_clean_cache': False, 'cmake_clean_first': False, 'cmake_force_configure': False, 'cmake_target': None, 'cmake_target_skip_unavailable': False, 'install_base': '/home/offroad/radar_ws/src/install/can_msgs', 'merge_install': False, 'path': '/home/offroad/radar_ws/src/ros2_socketcan_bridge/can_msgs', 'symlink_install': False, 'test_result_base': None}
[0.459s] Level 5:colcon.colcon_core.verb:set package 'radar_conti_ars408_msgs' build argument 'cmake_args' from command line to 'None'
[0.459s] Level 5:colcon.colcon_core.verb:set package 'radar_conti_ars408_msgs' build argument 'cmake_target' from command line to 'None'
[0.459s] Level 5:colcon.colcon_core.verb:set package 'radar_conti_ars408_msgs' build argument 'cmake_target_skip_unavailable' from command line to 'False'
[0.459s] Level 5:colcon.colcon_core.verb:set package 'radar_conti_ars408_msgs' build argument 'cmake_clean_cache' from command line to 'False'
[0.459s] Level 5:colcon.colcon_core.verb:set package 'radar_conti_ars408_msgs' build argument 'cmake_clean_first' from command line to 'False'
[0.459s] Level 5:colcon.colcon_core.verb:set package 'radar_conti_ars408_msgs' build argument 'cmake_force_configure' from command line to 'False'
[0.459s] Level 5:colcon.colcon_core.verb:set package 'radar_conti_ars408_msgs' build argument 'ament_cmake_args' from command line to 'None'
[0.459s] Level 5:colcon.colcon_core.verb:set package 'radar_conti_ars408_msgs' build argument 'catkin_cmake_args' from command line to 'None'
[0.459s] Level 5:colcon.colcon_core.verb:set package 'radar_conti_ars408_msgs' build argument 'catkin_skip_building_tests' from command line to 'False'
[0.459s] DEBUG:colcon.colcon_core.verb:Building package 'radar_conti_ars408_msgs' with the following arguments: {'ament_cmake_args': None, 'build_base': '/home/offroad/radar_ws/src/build/radar_conti_ars408_msgs', 'catkin_cmake_args': None, 'catkin_skip_building_tests': False, 'cmake_args': None, 'cmake_clean_cache': False, 'cmake_clean_first': False, 'cmake_force_configure': False, 'cmake_target': None, 'cmake_target_skip_unavailable': False, 'install_base': '/home/offroad/radar_ws/src/install/radar_conti_ars408_msgs', 'merge_install': False, 'path': '/home/offroad/radar_ws/src/radar_conti_ars408_msgs', 'symlink_install': False, 'test_result_base': None}
[0.459s] Level 5:colcon.colcon_core.verb:set package 'cpp_srvcli' build argument 'cmake_args' from command line to 'None'
[0.459s] Level 5:colcon.colcon_core.verb:set package 'cpp_srvcli' build argument 'cmake_target' from command line to 'None'
[0.459s] Level 5:colcon.colcon_core.verb:set package 'cpp_srvcli' build argument 'cmake_target_skip_unavailable' from command line to 'False'
[0.459s] Level 5:colcon.colcon_core.verb:set package 'cpp_srvcli' build argument 'cmake_clean_cache' from command line to 'False'
[0.459s] Level 5:colcon.colcon_core.verb:set package 'cpp_srvcli' build argument 'cmake_clean_first' from command line to 'False'
[0.460s] Level 5:colcon.colcon_core.verb:set package 'cpp_srvcli' build argument 'cmake_force_configure' from command line to 'False'
[0.460s] Level 5:colcon.colcon_core.verb:set package 'cpp_srvcli' build argument 'ament_cmake_args' from command line to 'None'
[0.460s] Level 5:colcon.colcon_core.verb:set package 'cpp_srvcli' build argument 'catkin_cmake_args' from command line to 'None'
[0.460s] Level 5:colcon.colcon_core.verb:set package 'cpp_srvcli' build argument 'catkin_skip_building_tests' from command line to 'False'
[0.460s] DEBUG:colcon.colcon_core.verb:Building package 'cpp_srvcli' with the following arguments: {'ament_cmake_args': None, 'build_base': '/home/offroad/radar_ws/src/build/cpp_srvcli', 'catkin_cmake_args': None, 'catkin_skip_building_tests': False, 'cmake_args': None, 'cmake_clean_cache': False, 'cmake_clean_first': False, 'cmake_force_configure': False, 'cmake_target': None, 'cmake_target_skip_unavailable': False, 'install_base': '/home/offroad/radar_ws/src/install/cpp_srvcli', 'merge_install': False, 'path': '/home/offroad/radar_ws/src/cpp_srvcli', 'symlink_install': False, 'test_result_base': None}
[0.460s] Level 5:colcon.colcon_core.verb:set package 'ros2socketcan_bridge' build argument 'cmake_args' from command line to 'None'
[0.460s] Level 5:colcon.colcon_core.verb:set package 'ros2socketcan_bridge' build argument 'cmake_target' from command line to 'None'
[0.460s] Level 5:colcon.colcon_core.verb:set package 'ros2socketcan_bridge' build argument 'cmake_target_skip_unavailable' from command line to 'False'
[0.460s] Level 5:colcon.colcon_core.verb:set package 'ros2socketcan_bridge' build argument 'cmake_clean_cache' from command line to 'False'
[0.460s] Level 5:colcon.colcon_core.verb:set package 'ros2socketcan_bridge' build argument 'cmake_clean_first' from command line to 'False'
[0.460s] Level 5:colcon.colcon_core.verb:set package 'ros2socketcan_bridge' build argument 'cmake_force_configure' from command line to 'False'
[0.460s] Level 5:colcon.colcon_core.verb:set package 'ros2socketcan_bridge' build argument 'ament_cmake_args' from command line to 'None'
[0.461s] Level 5:colcon.colcon_core.verb:set package 'ros2socketcan_bridge' build argument 'catkin_cmake_args' from command line to 'None'
[0.461s] Level 5:colcon.colcon_core.verb:set package 'ros2socketcan_bridge' build argument 'catkin_skip_building_tests' from command line to 'False'
[0.461s] DEBUG:colcon.colcon_core.verb:Building package 'ros2socketcan_bridge' with the following arguments: {'ament_cmake_args': None, 'build_base': '/home/offroad/radar_ws/src/build/ros2socketcan_bridge', 'catkin_cmake_args': None, 'catkin_skip_building_tests': False, 'cmake_args': None, 'cmake_clean_cache': False, 'cmake_clean_first': False, 'cmake_force_configure': False, 'cmake_target': None, 'cmake_target_skip_unavailable': False, 'install_base': '/home/offroad/radar_ws/src/install/ros2socketcan_bridge', 'merge_install': False, 'path': '/home/offroad/radar_ws/src/ros2_socketcan_bridge/ros2socketcan_bridge', 'symlink_install': False, 'test_result_base': None}
[0.461s] Level 5:colcon.colcon_core.verb:set package 'radar_conti_ars408' build argument 'cmake_args' from command line to 'None'
[0.461s] Level 5:colcon.colcon_core.verb:set package 'radar_conti_ars408' build argument 'cmake_target' from command line to 'None'
[0.461s] Level 5:colcon.colcon_core.verb:set package 'radar_conti_ars408' build argument 'cmake_target_skip_unavailable' from command line to 'False'
[0.462s] Level 5:colcon.colcon_core.verb:set package 'radar_conti_ars408' build argument 'cmake_clean_cache' from command line to 'False'
[0.462s] Level 5:colcon.colcon_core.verb:set package 'radar_conti_ars408' build argument 'cmake_clean_first' from command line to 'False'
[0.462s] Level 5:colcon.colcon_core.verb:set package 'radar_conti_ars408' build argument 'cmake_force_configure' from command line to 'False'
[0.462s] Level 5:colcon.colcon_core.verb:set package 'radar_conti_ars408' build argument 'ament_cmake_args' from command line to 'None'
[0.462s] Level 5:colcon.colcon_core.verb:set package 'radar_conti_ars408' build argument 'catkin_cmake_args' from command line to 'None'
[0.462s] Level 5:colcon.colcon_core.verb:set package 'radar_conti_ars408' build argument 'catkin_skip_building_tests' from command line to 'False'
[0.462s] DEBUG:colcon.colcon_core.verb:Building package 'radar_conti_ars408' with the following arguments: {'ament_cmake_args': None, 'build_base': '/home/offroad/radar_ws/src/build/radar_conti_ars408', 'catkin_cmake_args': None, 'catkin_skip_building_tests': False, 'cmake_args': None, 'cmake_clean_cache': False, 'cmake_clean_first': False, 'cmake_force_configure': False, 'cmake_target': None, 'cmake_target_skip_unavailable': False, 'install_base': '/home/offroad/radar_ws/src/install/radar_conti_ars408', 'merge_install': False, 'path': '/home/offroad/radar_ws/src/radar_conti_ars408/src', 'symlink_install': False, 'test_result_base': None}
[0.462s] INFO:colcon.colcon_core.executor:Executing jobs using 'parallel' executor
[0.465s] DEBUG:colcon.colcon_parallel_executor.executor.parallel:run_until_complete
[0.467s] INFO:colcon.colcon_ros.task.ament_cmake.build:Building ROS package in '/home/offroad/radar_ws/src/ros2_socketcan_bridge/can_msgs' with build type 'ament_cmake'
[0.468s] INFO:colcon.colcon_cmake.task.cmake.build:Building CMake package in '/home/offroad/radar_ws/src/ros2_socketcan_bridge/can_msgs'
[0.473s] INFO:colcon.colcon_core.plugin_system:Skipping extension 'colcon_core.shell.bat': Not used on non-Windows systems
[0.474s] INFO:colcon.colcon_core.shell:Skip shell extension 'powershell' for command environment: Not usable outside of PowerShell
[0.474s] DEBUG:colcon.colcon_core.shell:Skip shell extension 'dsv' for command environment
[0.479s] INFO:colcon.colcon_ros.task.ament_cmake.build:Building ROS package in '/home/offroad/radar_ws/src/radar_conti_ars408_msgs' with build type 'ament_cmake'
[0.482s] INFO:colcon.colcon_cmake.task.cmake.build:Building CMake package in '/home/offroad/radar_ws/src/radar_conti_ars408_msgs'
[0.485s] INFO:colcon.colcon_core.shell:Skip shell extension 'powershell' for command environment: Not usable outside of PowerShell
[0.485s] DEBUG:colcon.colcon_core.shell:Skip shell extension 'dsv' for command environment
[0.505s] DEBUG:colcon.colcon_core.event_handler.log_command:Invoking command in '/home/offroad/radar_ws/src/build/can_msgs': CMAKE_PREFIX_PATH=${CMAKE_PREFIX_PATH}:/opt/ros/foxy /usr/bin/cmake --build /home/offroad/radar_ws/src/build/can_msgs -- -j12 -l12
[0.522s] DEBUG:colcon.colcon_core.event_handler.log_command:Invoking command in '/home/offroad/radar_ws/src/build/radar_conti_ars408_msgs': CMAKE_PREFIX_PATH=${CMAKE_PREFIX_PATH}:/opt/ros/foxy /usr/bin/cmake --build /home/offroad/radar_ws/src/build/radar_conti_ars408_msgs -- -j12 -l12
[1.204s] DEBUG:colcon.colcon_core.event_handler.log_command:Invoked command in '/home/offroad/radar_ws/src/build/can_msgs' returned '0': CMAKE_PREFIX_PATH=${CMAKE_PREFIX_PATH}:/opt/ros/foxy /usr/bin/cmake --build /home/offroad/radar_ws/src/build/can_msgs -- -j12 -l12
[1.289s] DEBUG:colcon.colcon_core.event_handler.log_command:Invoked command in '/home/offroad/radar_ws/src/build/radar_conti_ars408_msgs' returned '0': CMAKE_PREFIX_PATH=${CMAKE_PREFIX_PATH}:/opt/ros/foxy /usr/bin/cmake --build /home/offroad/radar_ws/src/build/radar_conti_ars408_msgs -- -j12 -l12
[1.392s] DEBUG:colcon.colcon_core.event_handler.log_command:Invoking command in '/home/offroad/radar_ws/src/build/can_msgs': CMAKE_PREFIX_PATH=${CMAKE_PREFIX_PATH}:/opt/ros/foxy /usr/bin/cmake --install /home/offroad/radar_ws/src/build/can_msgs
[1.498s] Level 1:colcon.colcon_core.environment:create_environment_scripts_only(can_msgs)
[1.503s] DEBUG:colcon.colcon_core.event_handler.log_command:Invoked command in '/home/offroad/radar_ws/src/build/can_msgs' returned '0': CMAKE_PREFIX_PATH=${CMAKE_PREFIX_PATH}:/opt/ros/foxy /usr/bin/cmake --install /home/offroad/radar_ws/src/build/can_msgs
[1.510s] Level 1:colcon.colcon_core.environment:checking '/home/offroad/radar_ws/src/install/can_msgs' for CMake module files
[1.511s] Level 1:colcon.colcon_core.environment:checking '/home/offroad/radar_ws/src/install/can_msgs' for CMake config files
[1.511s] Level 1:colcon.colcon_core.shell:create_environment_hook('can_msgs', 'cmake_prefix_path')
[1.512s] INFO:colcon.colcon_core.shell:Creating environment hook '/home/offroad/radar_ws/src/install/can_msgs/share/can_msgs/hook/cmake_prefix_path.ps1'
[1.513s] INFO:colcon.colcon_core.shell:Creating environment descriptor '/home/offroad/radar_ws/src/install/can_msgs/share/can_msgs/hook/cmake_prefix_path.dsv'
[1.515s] INFO:colcon.colcon_core.shell:Creating environment hook '/home/offroad/radar_ws/src/install/can_msgs/share/can_msgs/hook/cmake_prefix_path.sh'
[1.516s] Level 1:colcon.colcon_core.environment:checking '/home/offroad/radar_ws/src/install/can_msgs/lib'
[1.517s] Level 1:colcon.colcon_core.shell:create_environment_hook('can_msgs', 'ld_library_path_lib')
[1.517s] INFO:colcon.colcon_core.shell:Creating environment hook '/home/offroad/radar_ws/src/install/can_msgs/share/can_msgs/hook/ld_library_path_lib.ps1'
[1.517s] INFO:colcon.colcon_core.shell:Creating environment descriptor '/home/offroad/radar_ws/src/install/can_msgs/share/can_msgs/hook/ld_library_path_lib.dsv'
[1.518s] INFO:colcon.colcon_core.shell:Creating environment hook '/home/offroad/radar_ws/src/install/can_msgs/share/can_msgs/hook/ld_library_path_lib.sh'
[1.518s] Level 1:colcon.colcon_core.environment:checking '/home/offroad/radar_ws/src/install/can_msgs/bin'
[1.518s] Level 1:colcon.colcon_core.environment:checking '/home/offroad/radar_ws/src/install/can_msgs/lib/pkgconfig/can_msgs.pc'
[1.518s] Level 1:colcon.colcon_core.environment:checking '/home/offroad/radar_ws/src/install/can_msgs/lib/python3.8/site-packages'
[1.518s] Level 1:colcon.colcon_core.shell:create_environment_hook('can_msgs', 'pythonpath')
[1.519s] INFO:colcon.colcon_core.shell:Creating environment hook '/home/offroad/radar_ws/src/install/can_msgs/share/can_msgs/hook/pythonpath.ps1'
[1.519s] INFO:colcon.colcon_core.shell:Creating environment descriptor '/home/offroad/radar_ws/src/install/can_msgs/share/can_msgs/hook/pythonpath.dsv'
[1.554s] INFO:colcon.colcon_core.shell:Creating environment hook '/home/offroad/radar_ws/src/install/can_msgs/share/can_msgs/hook/pythonpath.sh'
[1.558s] Level 1:colcon.colcon_core.environment:checking '/home/offroad/radar_ws/src/install/can_msgs/bin'
[1.559s] INFO:colcon.colcon_core.shell:Creating package script '/home/offroad/radar_ws/src/install/can_msgs/share/can_msgs/package.ps1'
[1.560s] INFO:colcon.colcon_core.shell:Creating package descriptor '/home/offroad/radar_ws/src/install/can_msgs/share/can_msgs/package.dsv'
[1.562s] INFO:colcon.colcon_core.shell:Creating package script '/home/offroad/radar_ws/src/install/can_msgs/share/can_msgs/package.sh'
[1.564s] INFO:colcon.colcon_core.shell:Creating package script '/home/offroad/radar_ws/src/install/can_msgs/share/can_msgs/package.bash'
[1.565s] INFO:colcon.colcon_core.shell:Creating package script '/home/offroad/radar_ws/src/install/can_msgs/share/can_msgs/package.zsh'
[1.566s] Level 1:colcon.colcon_core.environment:create_file_with_runtime_dependencies(/home/offroad/radar_ws/src/install/can_msgs/share/colcon-core/packages/can_msgs)
[1.661s] Level 1:colcon.colcon_core.environment:create_environment_scripts_only(can_msgs)
[1.662s] Level 1:colcon.colcon_core.environment:checking '/home/offroad/radar_ws/src/install/can_msgs' for CMake module files
[1.663s] Level 1:colcon.colcon_core.environment:checking '/home/offroad/radar_ws/src/install/can_msgs' for CMake config files
[1.663s] Level 1:colcon.colcon_core.shell:create_environment_hook('can_msgs', 'cmake_prefix_path')
[1.664s] INFO:colcon.colcon_core.shell:Creating environment hook '/home/offroad/radar_ws/src/install/can_msgs/share/can_msgs/hook/cmake_prefix_path.ps1'
[1.664s] INFO:colcon.colcon_core.shell:Creating environment descriptor '/home/offroad/radar_ws/src/install/can_msgs/share/can_msgs/hook/cmake_prefix_path.dsv'
[1.665s] INFO:colcon.colcon_core.shell:Creating environment hook '/home/offroad/radar_ws/src/install/can_msgs/share/can_msgs/hook/cmake_prefix_path.sh'
[1.669s] Level 1:colcon.colcon_core.environment:checking '/home/offroad/radar_ws/src/install/can_msgs/lib'
[1.670s] Level 1:colcon.colcon_core.shell:create_environment_hook('can_msgs', 'ld_library_path_lib')
[1.670s] INFO:colcon.colcon_core.shell:Creating environment hook '/home/offroad/radar_ws/src/install/can_msgs/share/can_msgs/hook/ld_library_path_lib.ps1'
[1.671s] INFO:colcon.colcon_core.shell:Creating environment descriptor '/home/offroad/radar_ws/src/install/can_msgs/share/can_msgs/hook/ld_library_path_lib.dsv'
[1.672s] INFO:colcon.colcon_core.shell:Creating environment hook '/home/offroad/radar_ws/src/install/can_msgs/share/can_msgs/hook/ld_library_path_lib.sh'
[1.674s] Level 1:colcon.colcon_core.environment:checking '/home/offroad/radar_ws/src/install/can_msgs/bin'
[1.674s] Level 1:colcon.colcon_core.environment:checking '/home/offroad/radar_ws/src/install/can_msgs/lib/pkgconfig/can_msgs.pc'
[1.674s] Level 1:colcon.colcon_core.environment:checking '/home/offroad/radar_ws/src/install/can_msgs/lib/python3.8/site-packages'
[1.674s] Level 1:colcon.colcon_core.shell:create_environment_hook('can_msgs', 'pythonpath')
[1.677s] INFO:colcon.colcon_core.shell:Creating environment hook '/home/offroad/radar_ws/src/install/can_msgs/share/can_msgs/hook/pythonpath.ps1'
[1.677s] INFO:colcon.colcon_core.shell:Creating environment descriptor '/home/offroad/radar_ws/src/install/can_msgs/share/can_msgs/hook/pythonpath.dsv'
[1.678s] INFO:colcon.colcon_core.shell:Creating environment hook '/home/offroad/radar_ws/src/install/can_msgs/share/can_msgs/hook/pythonpath.sh'
[1.678s] Level 1:colcon.colcon_core.environment:checking '/home/offroad/radar_ws/src/install/can_msgs/bin'
[1.679s] INFO:colcon.colcon_core.shell:Creating package script '/home/offroad/radar_ws/src/install/can_msgs/share/can_msgs/package.ps1'
[1.680s] INFO:colcon.colcon_core.shell:Creating package descriptor '/home/offroad/radar_ws/src/install/can_msgs/share/can_msgs/package.dsv'
[1.680s] INFO:colcon.colcon_core.shell:Creating package script '/home/offroad/radar_ws/src/install/can_msgs/share/can_msgs/package.sh'
[1.681s] INFO:colcon.colcon_core.shell:Creating package script '/home/offroad/radar_ws/src/install/can_msgs/share/can_msgs/package.bash'
[1.686s] INFO:colcon.colcon_core.shell:Creating package script '/home/offroad/radar_ws/src/install/can_msgs/share/can_msgs/package.zsh'
[1.686s] Level 1:colcon.colcon_core.environment:create_file_with_runtime_dependencies(/home/offroad/radar_ws/src/install/can_msgs/share/colcon-core/packages/can_msgs)
[1.687s] INFO:colcon.colcon_ros.task.ament_cmake.build:Building ROS package in '/home/offroad/radar_ws/src/ros2_socketcan_bridge/ros2socketcan_bridge' with build type 'ament_cmake'
[1.688s] INFO:colcon.colcon_cmake.task.cmake.build:Building CMake package in '/home/offroad/radar_ws/src/ros2_socketcan_bridge/ros2socketcan_bridge'
[1.689s] INFO:colcon.colcon_core.shell:Skip shell extension 'powershell' for command environment: Not usable outside of PowerShell
[1.689s] DEBUG:colcon.colcon_core.shell:Skip shell extension 'dsv' for command environment
[1.714s] DEBUG:colcon.colcon_core.event_handler.log_command:Invoking command in '/home/offroad/radar_ws/src/build/ros2socketcan_bridge': AMENT_PREFIX_PATH=/home/offroad/radar_ws/src/install/can_msgs:${AMENT_PREFIX_PATH} CMAKE_PREFIX_PATH=/home/offroad/radar_ws/src/install/can_msgs:/home/offroad/radar_ws/install/ros2socketcan_bridge:/home/offroad/radar_ws/install/radar_conti_ars408:/home/offroad/radar_ws/install/cpp_srvcli:/home/offroad/radar_ws/install/radar_conti_ars408_msgs:/home/offroad/radar_ws/install/cpp_pubsub:/home/offroad/radar_ws/install/can_msgs:/opt/ros/foxy LD_LIBRARY_PATH=/home/offroad/radar_ws/src/install/can_msgs/lib:${LD_LIBRARY_PATH} PYTHONPATH=/home/offroad/radar_ws/src/install/can_msgs/lib/python3.8/site-packages:${PYTHONPATH} /usr/bin/cmake --build /home/offroad/radar_ws/src/build/ros2socketcan_bridge -- -j12 -l12
[1.888s] DEBUG:colcon.colcon_core.event_handler.log_command:Invoked command in '/home/offroad/radar_ws/src/build/ros2socketcan_bridge' returned '0': AMENT_PREFIX_PATH=/home/offroad/radar_ws/src/install/can_msgs:${AMENT_PREFIX_PATH} CMAKE_PREFIX_PATH=/home/offroad/radar_ws/src/install/can_msgs:/home/offroad/radar_ws/install/ros2socketcan_bridge:/home/offroad/radar_ws/install/radar_conti_ars408:/home/offroad/radar_ws/install/cpp_srvcli:/home/offroad/radar_ws/install/radar_conti_ars408_msgs:/home/offroad/radar_ws/install/cpp_pubsub:/home/offroad/radar_ws/install/can_msgs:/opt/ros/foxy LD_LIBRARY_PATH=/home/offroad/radar_ws/src/install/can_msgs/lib:${LD_LIBRARY_PATH} PYTHONPATH=/home/offroad/radar_ws/src/install/can_msgs/lib/python3.8/site-packages:${PYTHONPATH} /usr/bin/cmake --build /home/offroad/radar_ws/src/build/ros2socketcan_bridge -- -j12 -l12
[1.963s] DEBUG:colcon.colcon_core.event_handler.log_command:Invoking command in '/home/offroad/radar_ws/src/build/ros2socketcan_bridge': AMENT_PREFIX_PATH=/home/offroad/radar_ws/src/install/can_msgs:${AMENT_PREFIX_PATH} CMAKE_PREFIX_PATH=/home/offroad/radar_ws/src/install/can_msgs:/home/offroad/radar_ws/install/ros2socketcan_bridge:/home/offroad/radar_ws/install/radar_conti_ars408:/home/offroad/radar_ws/install/cpp_srvcli:/home/offroad/radar_ws/install/radar_conti_ars408_msgs:/home/offroad/radar_ws/install/cpp_pubsub:/home/offroad/radar_ws/install/can_msgs:/opt/ros/foxy LD_LIBRARY_PATH=/home/offroad/radar_ws/src/install/can_msgs/lib:${LD_LIBRARY_PATH} PYTHONPATH=/home/offroad/radar_ws/src/install/can_msgs/lib/python3.8/site-packages:${PYTHONPATH} /usr/bin/cmake --install /home/offroad/radar_ws/src/build/ros2socketcan_bridge
[1.998s] Level 1:colcon.colcon_core.environment:create_environment_scripts_only(ros2socketcan_bridge)
[2.002s] Level 1:colcon.colcon_core.environment:checking '/home/offroad/radar_ws/src/install/ros2socketcan_bridge' for CMake module files
[2.004s] DEBUG:colcon.colcon_core.event_handler.log_command:Invoked command in '/home/offroad/radar_ws/src/build/ros2socketcan_bridge' returned '0': AMENT_PREFIX_PATH=/home/offroad/radar_ws/src/install/can_msgs:${AMENT_PREFIX_PATH} CMAKE_PREFIX_PATH=/home/offroad/radar_ws/src/install/can_msgs:/home/offroad/radar_ws/install/ros2socketcan_bridge:/home/offroad/radar_ws/install/radar_conti_ars408:/home/offroad/radar_ws/install/cpp_srvcli:/home/offroad/radar_ws/install/radar_conti_ars408_msgs:/home/offroad/radar_ws/install/cpp_pubsub:/home/offroad/radar_ws/install/can_msgs:/opt/ros/foxy LD_LIBRARY_PATH=/home/offroad/radar_ws/src/install/can_msgs/lib:${LD_LIBRARY_PATH} PYTHONPATH=/home/offroad/radar_ws/src/install/can_msgs/lib/python3.8/site-packages:${PYTHONPATH} /usr/bin/cmake --install /home/offroad/radar_ws/src/build/ros2socketcan_bridge
[2.007s] Level 1:colcon.colcon_core.environment:checking '/home/offroad/radar_ws/src/install/ros2socketcan_bridge' for CMake config files
[2.008s] Level 1:colcon.colcon_core.shell:create_environment_hook('ros2socketcan_bridge', 'cmake_prefix_path')
[2.010s] INFO:colcon.colcon_core.shell:Creating environment hook '/home/offroad/radar_ws/src/install/ros2socketcan_bridge/share/ros2socketcan_bridge/hook/cmake_prefix_path.ps1'
[2.012s] INFO:colcon.colcon_core.shell:Creating environment descriptor '/home/offroad/radar_ws/src/install/ros2socketcan_bridge/share/ros2socketcan_bridge/hook/cmake_prefix_path.dsv'
[2.013s] INFO:colcon.colcon_core.shell:Creating environment hook '/home/offroad/radar_ws/src/install/ros2socketcan_bridge/share/ros2socketcan_bridge/hook/cmake_prefix_path.sh'
[2.016s] Level 1:colcon.colcon_core.environment:checking '/home/offroad/radar_ws/src/install/ros2socketcan_bridge/lib'
[2.017s] Level 1:colcon.colcon_core.environment:checking '/home/offroad/radar_ws/src/install/ros2socketcan_bridge/bin'
[2.017s] Level 1:colcon.colcon_core.environment:checking '/home/offroad/radar_ws/src/install/ros2socketcan_bridge/lib/pkgconfig/ros2socketcan_bridge.pc'
[2.018s] Level 1:colcon.colcon_core.environment:checking '/home/offroad/radar_ws/src/install/ros2socketcan_bridge/lib/python3.8/site-packages'
[2.018s] Level 1:colcon.colcon_core.environment:checking '/home/offroad/radar_ws/src/install/ros2socketcan_bridge/bin'
[2.020s] INFO:colcon.colcon_core.shell:Creating package script '/home/offroad/radar_ws/src/install/ros2socketcan_bridge/share/ros2socketcan_bridge/package.ps1'
[2.021s] INFO:colcon.colcon_core.shell:Creating package descriptor '/home/offroad/radar_ws/src/install/ros2socketcan_bridge/share/ros2socketcan_bridge/package.dsv'
[2.021s] INFO:colcon.colcon_core.shell:Creating package script '/home/offroad/radar_ws/src/install/ros2socketcan_bridge/share/ros2socketcan_bridge/package.sh'
[2.025s] INFO:colcon.colcon_core.shell:Creating package script '/home/offroad/radar_ws/src/install/ros2socketcan_bridge/share/ros2socketcan_bridge/package.bash'
[2.026s] INFO:colcon.colcon_core.shell:Creating package script '/home/offroad/radar_ws/src/install/ros2socketcan_bridge/share/ros2socketcan_bridge/package.zsh'
[2.028s] Level 1:colcon.colcon_core.environment:create_file_with_runtime_dependencies(/home/offroad/radar_ws/src/install/ros2socketcan_bridge/share/colcon-core/packages/ros2socketcan_bridge)
[2.043s] DEBUG:colcon.colcon_core.event_handler.log_command:Invoking command in '/home/offroad/radar_ws/src/build/radar_conti_ars408_msgs': CMAKE_PREFIX_PATH=${CMAKE_PREFIX_PATH}:/opt/ros/foxy /usr/bin/cmake --install /home/offroad/radar_ws/src/build/radar_conti_ars408_msgs
[2.077s] Level 1:colcon.colcon_core.environment:create_environment_scripts_only(ros2socketcan_bridge)
[2.078s] Level 1:colcon.colcon_core.environment:checking '/home/offroad/radar_ws/src/install/ros2socketcan_bridge' for CMake module files
[2.080s] Level 1:colcon.colcon_core.environment:checking '/home/offroad/radar_ws/src/install/ros2socketcan_bridge' for CMake config files
[2.084s] Level 1:colcon.colcon_core.shell:create_environment_hook('ros2socketcan_bridge', 'cmake_prefix_path')
[2.086s] INFO:colcon.colcon_core.shell:Creating environment hook '/home/offroad/radar_ws/src/install/ros2socketcan_bridge/share/ros2socketcan_bridge/hook/cmake_prefix_path.ps1'
[2.087s] INFO:colcon.colcon_core.shell:Creating environment descriptor '/home/offroad/radar_ws/src/install/ros2socketcan_bridge/share/ros2socketcan_bridge/hook/cmake_prefix_path.dsv'
[2.090s] INFO:colcon.colcon_core.shell:Creating environment hook '/home/offroad/radar_ws/src/install/ros2socketcan_bridge/share/ros2socketcan_bridge/hook/cmake_prefix_path.sh'
[2.091s] Level 1:colcon.colcon_core.environment:checking '/home/offroad/radar_ws/src/install/ros2socketcan_bridge/lib'
[2.091s] Level 1:colcon.colcon_core.environment:checking '/home/offroad/radar_ws/src/install/ros2socketcan_bridge/bin'
[2.091s] Level 1:colcon.colcon_core.environment:checking '/home/offroad/radar_ws/src/install/ros2socketcan_bridge/lib/pkgconfig/ros2socketcan_bridge.pc'
[2.092s] Level 1:colcon.colcon_core.environment:checking '/home/offroad/radar_ws/src/install/ros2socketcan_bridge/lib/python3.8/site-packages'
[2.092s] Level 1:colcon.colcon_core.environment:checking '/home/offroad/radar_ws/src/install/ros2socketcan_bridge/bin'
[2.093s] INFO:colcon.colcon_core.shell:Creating package script '/home/offroad/radar_ws/src/install/ros2socketcan_bridge/share/ros2socketcan_bridge/package.ps1'
[2.093s] INFO:colcon.colcon_core.shell:Creating package descriptor '/home/offroad/radar_ws/src/install/ros2socketcan_bridge/share/ros2socketcan_bridge/package.dsv'
[2.094s] INFO:colcon.colcon_core.shell:Creating package script '/home/offroad/radar_ws/src/install/ros2socketcan_bridge/share/ros2socketcan_bridge/package.sh'
[2.096s] INFO:colcon.colcon_core.shell:Creating package script '/home/offroad/radar_ws/src/install/ros2socketcan_bridge/share/ros2socketcan_bridge/package.bash'
[2.101s] INFO:colcon.colcon_core.shell:Creating package script '/home/offroad/radar_ws/src/install/ros2socketcan_bridge/share/ros2socketcan_bridge/package.zsh'
[2.104s] Level 1:colcon.colcon_core.environment:create_file_with_runtime_dependencies(/home/offroad/radar_ws/src/install/ros2socketcan_bridge/share/colcon-core/packages/ros2socketcan_bridge)
[2.172s] Level 1:colcon.colcon_core.environment:create_environment_scripts_only(radar_conti_ars408_msgs)
[2.173s] Level 1:colcon.colcon_core.environment:checking '/home/offroad/radar_ws/src/install/radar_conti_ars408_msgs' for CMake module files
[2.173s] DEBUG:colcon.colcon_core.event_handler.log_command:Invoked command in '/home/offroad/radar_ws/src/build/radar_conti_ars408_msgs' returned '0': CMAKE_PREFIX_PATH=${CMAKE_PREFIX_PATH}:/opt/ros/foxy /usr/bin/cmake --install /home/offroad/radar_ws/src/build/radar_conti_ars408_msgs
[2.174s] Level 1:colcon.colcon_core.environment:checking '/home/offroad/radar_ws/src/install/radar_conti_ars408_msgs' for CMake config files
[2.174s] Level 1:colcon.colcon_core.shell:create_environment_hook('radar_conti_ars408_msgs', 'cmake_prefix_path')
[2.175s] INFO:colcon.colcon_core.shell:Creating environment hook '/home/offroad/radar_ws/src/install/radar_conti_ars408_msgs/share/radar_conti_ars408_msgs/hook/cmake_prefix_path.ps1'
[2.175s] INFO:colcon.colcon_core.shell:Creating environment descriptor '/home/offroad/radar_ws/src/install/radar_conti_ars408_msgs/share/radar_conti_ars408_msgs/hook/cmake_prefix_path.dsv'
[2.176s] INFO:colcon.colcon_core.shell:Creating environment hook '/home/offroad/radar_ws/src/install/radar_conti_ars408_msgs/share/radar_conti_ars408_msgs/hook/cmake_prefix_path.sh'
[2.180s] Level 1:colcon.colcon_core.environment:checking '/home/offroad/radar_ws/src/install/radar_conti_ars408_msgs/lib'
[2.181s] Level 1:colcon.colcon_core.shell:create_environment_hook('radar_conti_ars408_msgs', 'ld_library_path_lib')
[2.181s] INFO:colcon.colcon_core.shell:Creating environment hook '/home/offroad/radar_ws/src/install/radar_conti_ars408_msgs/share/radar_conti_ars408_msgs/hook/ld_library_path_lib.ps1'
[2.182s] INFO:colcon.colcon_core.shell:Creating environment descriptor '/home/offroad/radar_ws/src/install/radar_conti_ars408_msgs/share/radar_conti_ars408_msgs/hook/ld_library_path_lib.dsv'
[2.183s] INFO:colcon.colcon_core.shell:Creating environment hook '/home/offroad/radar_ws/src/install/radar_conti_ars408_msgs/share/radar_conti_ars408_msgs/hook/ld_library_path_lib.sh'
[2.184s] Level 1:colcon.colcon_core.environment:checking '/home/offroad/radar_ws/src/install/radar_conti_ars408_msgs/bin'
[2.184s] Level 1:colcon.colcon_core.environment:checking '/home/offroad/radar_ws/src/install/radar_conti_ars408_msgs/lib/pkgconfig/radar_conti_ars408_msgs.pc'
[2.185s] Level 1:colcon.colcon_core.environment:checking '/home/offroad/radar_ws/src/install/radar_conti_ars408_msgs/lib/python3.8/site-packages'
[2.186s] Level 1:colcon.colcon_core.shell:create_environment_hook('radar_conti_ars408_msgs', 'pythonpath')
[2.187s] INFO:colcon.colcon_core.shell:Creating environment hook '/home/offroad/radar_ws/src/install/radar_conti_ars408_msgs/share/radar_conti_ars408_msgs/hook/pythonpath.ps1'
[2.187s] INFO:colcon.colcon_core.shell:Creating environment descriptor '/home/offroad/radar_ws/src/install/radar_conti_ars408_msgs/share/radar_conti_ars408_msgs/hook/pythonpath.dsv'
[2.187s] INFO:colcon.colcon_core.shell:Creating environment hook '/home/offroad/radar_ws/src/install/radar_conti_ars408_msgs/share/radar_conti_ars408_msgs/hook/pythonpath.sh'
[2.188s] Level 1:colcon.colcon_core.environment:checking '/home/offroad/radar_ws/src/install/radar_conti_ars408_msgs/bin'
[2.188s] INFO:colcon.colcon_core.shell:Creating package script '/home/offroad/radar_ws/src/install/radar_conti_ars408_msgs/share/radar_conti_ars408_msgs/package.ps1'
[2.189s] INFO:colcon.colcon_core.shell:Creating package descriptor '/home/offroad/radar_ws/src/install/radar_conti_ars408_msgs/share/radar_conti_ars408_msgs/package.dsv'
[2.189s] INFO:colcon.colcon_core.shell:Creating package script '/home/offroad/radar_ws/src/install/radar_conti_ars408_msgs/share/radar_conti_ars408_msgs/package.sh'
[2.190s] INFO:colcon.colcon_core.shell:Creating package script '/home/offroad/radar_ws/src/install/radar_conti_ars408_msgs/share/radar_conti_ars408_msgs/package.bash'
[2.190s] INFO:colcon.colcon_core.shell:Creating package script '/home/offroad/radar_ws/src/install/radar_conti_ars408_msgs/share/radar_conti_ars408_msgs/package.zsh'
[2.190s] Level 1:colcon.colcon_core.environment:create_file_with_runtime_dependencies(/home/offroad/radar_ws/src/install/radar_conti_ars408_msgs/share/colcon-core/packages/radar_conti_ars408_msgs)
[2.758s] Level 1:colcon.colcon_core.environment:create_environment_scripts_only(radar_conti_ars408_msgs)
[2.759s] Level 1:colcon.colcon_core.environment:checking '/home/offroad/radar_ws/src/install/radar_conti_ars408_msgs' for CMake module files
[2.760s] Level 1:colcon.colcon_core.environment:checking '/home/offroad/radar_ws/src/install/radar_conti_ars408_msgs' for CMake config files
[2.760s] Level 1:colcon.colcon_core.shell:create_environment_hook('radar_conti_ars408_msgs', 'cmake_prefix_path')
[2.760s] INFO:colcon.colcon_core.shell:Creating environment hook '/home/offroad/radar_ws/src/install/radar_conti_ars408_msgs/share/radar_conti_ars408_msgs/hook/cmake_prefix_path.ps1'
[2.761s] INFO:colcon.colcon_core.shell:Creating environment descriptor '/home/offroad/radar_ws/src/install/radar_conti_ars408_msgs/share/radar_conti_ars408_msgs/hook/cmake_prefix_path.dsv'
[2.762s] INFO:colcon.colcon_core.shell:Creating environment hook '/home/offroad/radar_ws/src/install/radar_conti_ars408_msgs/share/radar_conti_ars408_msgs/hook/cmake_prefix_path.sh'
[2.762s] Level 1:colcon.colcon_core.environment:checking '/home/offroad/radar_ws/src/install/radar_conti_ars408_msgs/lib'
[2.762s] Level 1:colcon.colcon_core.shell:create_environment_hook('radar_conti_ars408_msgs', 'ld_library_path_lib')
[2.764s] INFO:colcon.colcon_core.shell:Creating environment hook '/home/offroad/radar_ws/src/install/radar_conti_ars408_msgs/share/radar_conti_ars408_msgs/hook/ld_library_path_lib.ps1'
[2.765s] INFO:colcon.colcon_core.shell:Creating environment descriptor '/home/offroad/radar_ws/src/install/radar_conti_ars408_msgs/share/radar_conti_ars408_msgs/hook/ld_library_path_lib.dsv'
[2.765s] INFO:colcon.colcon_core.shell:Creating environment hook '/home/offroad/radar_ws/src/install/radar_conti_ars408_msgs/share/radar_conti_ars408_msgs/hook/ld_library_path_lib.sh'
[2.766s] Level 1:colcon.colcon_core.environment:checking '/home/offroad/radar_ws/src/install/radar_conti_ars408_msgs/bin'
[2.766s] Level 1:colcon.colcon_core.environment:checking '/home/offroad/radar_ws/src/install/radar_conti_ars408_msgs/lib/pkgconfig/radar_conti_ars408_msgs.pc'
[2.766s] Level 1:colcon.colcon_core.environment:checking '/home/offroad/radar_ws/src/install/radar_conti_ars408_msgs/lib/python3.8/site-packages'
[2.766s] Level 1:colcon.colcon_core.shell:create_environment_hook('radar_conti_ars408_msgs', 'pythonpath')
[2.766s] INFO:colcon.colcon_core.shell:Creating environment hook '/home/offroad/radar_ws/src/install/radar_conti_ars408_msgs/share/radar_conti_ars408_msgs/hook/pythonpath.ps1'
[2.767s] INFO:colcon.colcon_core.shell:Creating environment descriptor '/home/offroad/radar_ws/src/install/radar_conti_ars408_msgs/share/radar_conti_ars408_msgs/hook/pythonpath.dsv'
[2.767s] INFO:colcon.colcon_core.shell:Creating environment hook '/home/offroad/radar_ws/src/install/radar_conti_ars408_msgs/share/radar_conti_ars408_msgs/hook/pythonpath.sh'
[2.768s] Level 1:colcon.colcon_core.environment:checking '/home/offroad/radar_ws/src/install/radar_conti_ars408_msgs/bin'
[2.769s] INFO:colcon.colcon_core.shell:Creating package script '/home/offroad/radar_ws/src/install/radar_conti_ars408_msgs/share/radar_conti_ars408_msgs/package.ps1'
[2.772s] INFO:colcon.colcon_core.shell:Creating package descriptor '/home/offroad/radar_ws/src/install/radar_conti_ars408_msgs/share/radar_conti_ars408_msgs/package.dsv'
[2.774s] INFO:colcon.colcon_core.shell:Creating package script '/home/offroad/radar_ws/src/install/radar_conti_ars408_msgs/share/radar_conti_ars408_msgs/package.sh'
[2.775s] INFO:colcon.colcon_core.shell:Creating package script '/home/offroad/radar_ws/src/install/radar_conti_ars408_msgs/share/radar_conti_ars408_msgs/package.bash'
[2.776s] INFO:colcon.colcon_core.shell:Creating package script '/home/offroad/radar_ws/src/install/radar_conti_ars408_msgs/share/radar_conti_ars408_msgs/package.zsh'
[2.777s] Level 1:colcon.colcon_core.environment:create_file_with_runtime_dependencies(/home/offroad/radar_ws/src/install/radar_conti_ars408_msgs/share/colcon-core/packages/radar_conti_ars408_msgs)
[2.777s] INFO:colcon.colcon_ros.task.ament_cmake.build:Building ROS package in '/home/offroad/radar_ws/src/cpp_srvcli' with build type 'ament_cmake'
[2.778s] INFO:colcon.colcon_cmake.task.cmake.build:Building CMake package in '/home/offroad/radar_ws/src/cpp_srvcli'
[2.778s] INFO:colcon.colcon_core.shell:Skip shell extension 'powershell' for command environment: Not usable outside of PowerShell
[2.779s] DEBUG:colcon.colcon_core.shell:Skip shell extension 'dsv' for command environment
[2.792s] INFO:colcon.colcon_ros.task.ament_cmake.build:Building ROS package in '/home/offroad/radar_ws/src/radar_conti_ars408/src' with build type 'ament_cmake'
[2.794s] INFO:colcon.colcon_cmake.task.cmake.build:Building CMake package in '/home/offroad/radar_ws/src/radar_conti_ars408/src'
[2.796s] INFO:colcon.colcon_core.shell:Skip shell extension 'powershell' for command environment: Not usable outside of PowerShell
[2.796s] DEBUG:colcon.colcon_core.shell:Skip shell extension 'dsv' for command environment
[2.829s] DEBUG:colcon.colcon_core.event_handler.log_command:Invoking command in '/home/offroad/radar_ws/src/build/cpp_srvcli': AMENT_PREFIX_PATH=/home/offroad/radar_ws/src/install/radar_conti_ars408_msgs:${AMENT_PREFIX_PATH} CMAKE_PREFIX_PATH=/home/offroad/radar_ws/src/install/radar_conti_ars408_msgs:/home/offroad/radar_ws/install/ros2socketcan_bridge:/home/offroad/radar_ws/install/radar_conti_ars408:/home/offroad/radar_ws/install/cpp_srvcli:/home/offroad/radar_ws/install/radar_conti_ars408_msgs:/home/offroad/radar_ws/install/cpp_pubsub:/home/offroad/radar_ws/install/can_msgs:/opt/ros/foxy LD_LIBRARY_PATH=/home/offroad/radar_ws/src/install/radar_conti_ars408_msgs/lib:${LD_LIBRARY_PATH} PYTHONPATH=/home/offroad/radar_ws/src/install/radar_conti_ars408_msgs/lib/python3.8/site-packages:${PYTHONPATH} /usr/bin/cmake --build /home/offroad/radar_ws/src/build/cpp_srvcli -- -j12 -l12
[2.840s] DEBUG:colcon.colcon_core.event_handler.log_command:Invoking command in '/home/offroad/radar_ws/src/build/radar_conti_ars408': AMENT_PREFIX_PATH=/home/offroad/radar_ws/src/install/ros2socketcan_bridge:/home/offroad/radar_ws/src/install/radar_conti_ars408_msgs:/home/offroad/radar_ws/src/install/can_msgs:${AMENT_PREFIX_PATH} CMAKE_PREFIX_PATH=/home/offroad/radar_ws/src/install/ros2socketcan_bridge:/home/offroad/radar_ws/src/install/radar_conti_ars408_msgs:/home/offroad/radar_ws/src/install/can_msgs:/home/offroad/radar_ws/install/ros2socketcan_bridge:/home/offroad/radar_ws/install/radar_conti_ars408:/home/offroad/radar_ws/install/cpp_srvcli:/home/offroad/radar_ws/install/radar_conti_ars408_msgs:/home/offroad/radar_ws/install/cpp_pubsub:/home/offroad/radar_ws/install/can_msgs:/opt/ros/foxy LD_LIBRARY_PATH=/home/offroad/radar_ws/src/install/radar_conti_ars408_msgs/lib:/home/offroad/radar_ws/src/install/can_msgs/lib:${LD_LIBRARY_PATH} PYTHONPATH=/home/offroad/radar_ws/src/install/radar_conti_ars408_msgs/lib/python3.8/site-packages:/home/offroad/radar_ws/src/install/can_msgs/lib/python3.8/site-packages:${PYTHONPATH} /usr/bin/cmake --build /home/offroad/radar_ws/src/build/radar_conti_ars408 -- -j12 -l12
[2.986s] DEBUG:colcon.colcon_core.event_handler.log_command:Invoked command in '/home/offroad/radar_ws/src/build/cpp_srvcli' returned '0': AMENT_PREFIX_PATH=/home/offroad/radar_ws/src/install/radar_conti_ars408_msgs:${AMENT_PREFIX_PATH} CMAKE_PREFIX_PATH=/home/offroad/radar_ws/src/install/radar_conti_ars408_msgs:/home/offroad/radar_ws/install/ros2socketcan_bridge:/home/offroad/radar_ws/install/radar_conti_ars408:/home/offroad/radar_ws/install/cpp_srvcli:/home/offroad/radar_ws/install/radar_conti_ars408_msgs:/home/offroad/radar_ws/install/cpp_pubsub:/home/offroad/radar_ws/install/can_msgs:/opt/ros/foxy LD_LIBRARY_PATH=/home/offroad/radar_ws/src/install/radar_conti_ars408_msgs/lib:${LD_LIBRARY_PATH} PYTHONPATH=/home/offroad/radar_ws/src/install/radar_conti_ars408_msgs/lib/python3.8/site-packages:${PYTHONPATH} /usr/bin/cmake --build /home/offroad/radar_ws/src/build/cpp_srvcli -- -j12 -l12
[3.052s] DEBUG:colcon.colcon_core.event_handler.log_command:Invoking command in '/home/offroad/radar_ws/src/build/cpp_srvcli': AMENT_PREFIX_PATH=/home/offroad/radar_ws/src/install/radar_conti_ars408_msgs:${AMENT_PREFIX_PATH} CMAKE_PREFIX_PATH=/home/offroad/radar_ws/src/install/radar_conti_ars408_msgs:/home/offroad/radar_ws/install/ros2socketcan_bridge:/home/offroad/radar_ws/install/radar_conti_ars408:/home/offroad/radar_ws/install/cpp_srvcli:/home/offroad/radar_ws/install/radar_conti_ars408_msgs:/home/offroad/radar_ws/install/cpp_pubsub:/home/offroad/radar_ws/install/can_msgs:/opt/ros/foxy LD_LIBRARY_PATH=/home/offroad/radar_ws/src/install/radar_conti_ars408_msgs/lib:${LD_LIBRARY_PATH} PYTHONPATH=/home/offroad/radar_ws/src/install/radar_conti_ars408_msgs/lib/python3.8/site-packages:${PYTHONPATH} /usr/bin/cmake --install /home/offroad/radar_ws/src/build/cpp_srvcli
[3.077s] Level 1:colcon.colcon_core.environment:create_environment_scripts_only(cpp_srvcli)
[3.079s] Level 1:colcon.colcon_core.environment:checking '/home/offroad/radar_ws/src/install/cpp_srvcli' for CMake module files
[3.082s] DEBUG:colcon.colcon_core.event_handler.log_command:Invoked command in '/home/offroad/radar_ws/src/build/cpp_srvcli' returned '0': AMENT_PREFIX_PATH=/home/offroad/radar_ws/src/install/radar_conti_ars408_msgs:${AMENT_PREFIX_PATH} CMAKE_PREFIX_PATH=/home/offroad/radar_ws/src/install/radar_conti_ars408_msgs:/home/offroad/radar_ws/install/ros2socketcan_bridge:/home/offroad/radar_ws/install/radar_conti_ars408:/home/offroad/radar_ws/install/cpp_srvcli:/home/offroad/radar_ws/install/radar_conti_ars408_msgs:/home/offroad/radar_ws/install/cpp_pubsub:/home/offroad/radar_ws/install/can_msgs:/opt/ros/foxy LD_LIBRARY_PATH=/home/offroad/radar_ws/src/install/radar_conti_ars408_msgs/lib:${LD_LIBRARY_PATH} PYTHONPATH=/home/offroad/radar_ws/src/install/radar_conti_ars408_msgs/lib/python3.8/site-packages:${PYTHONPATH} /usr/bin/cmake --install /home/offroad/radar_ws/src/build/cpp_srvcli
[3.083s] Level 1:colcon.colcon_core.environment:checking '/home/offroad/radar_ws/src/install/cpp_srvcli' for CMake config files
[3.083s] Level 1:colcon.colcon_core.shell:create_environment_hook('cpp_srvcli', 'cmake_prefix_path')
[3.084s] INFO:colcon.colcon_core.shell:Creating environment hook '/home/offroad/radar_ws/src/install/cpp_srvcli/share/cpp_srvcli/hook/cmake_prefix_path.ps1'
[3.084s] INFO:colcon.colcon_core.shell:Creating environment descriptor '/home/offroad/radar_ws/src/install/cpp_srvcli/share/cpp_srvcli/hook/cmake_prefix_path.dsv'
[3.085s] INFO:colcon.colcon_core.shell:Creating environment hook '/home/offroad/radar_ws/src/install/cpp_srvcli/share/cpp_srvcli/hook/cmake_prefix_path.sh'
[3.085s] Level 1:colcon.colcon_core.environment:checking '/home/offroad/radar_ws/src/install/cpp_srvcli/lib'
[3.085s] Level 1:colcon.colcon_core.environment:checking '/home/offroad/radar_ws/src/install/cpp_srvcli/bin'
[3.085s] Level 1:colcon.colcon_core.environment:checking '/home/offroad/radar_ws/src/install/cpp_srvcli/lib/pkgconfig/cpp_srvcli.pc'
[3.085s] Level 1:colcon.colcon_core.environment:checking '/home/offroad/radar_ws/src/install/cpp_srvcli/lib/python3.8/site-packages'
[3.086s] Level 1:colcon.colcon_core.environment:checking '/home/offroad/radar_ws/src/install/cpp_srvcli/bin'
[3.086s] INFO:colcon.colcon_core.shell:Creating package script '/home/offroad/radar_ws/src/install/cpp_srvcli/share/cpp_srvcli/package.ps1'
[3.086s] INFO:colcon.colcon_core.shell:Creating package descriptor '/home/offroad/radar_ws/src/install/cpp_srvcli/share/cpp_srvcli/package.dsv'
[3.087s] INFO:colcon.colcon_core.shell:Creating package script '/home/offroad/radar_ws/src/install/cpp_srvcli/share/cpp_srvcli/package.sh'
[3.088s] INFO:colcon.colcon_core.shell:Creating package script '/home/offroad/radar_ws/src/install/cpp_srvcli/share/cpp_srvcli/package.bash'
[3.088s] INFO:colcon.colcon_core.shell:Creating package script '/home/offroad/radar_ws/src/install/cpp_srvcli/share/cpp_srvcli/package.zsh'
[3.091s] Level 1:colcon.colcon_core.environment:create_file_with_runtime_dependencies(/home/offroad/radar_ws/src/install/cpp_srvcli/share/colcon-core/packages/cpp_srvcli)
[3.150s] Level 1:colcon.colcon_core.environment:create_environment_scripts_only(cpp_srvcli)
[3.152s] Level 1:colcon.colcon_core.environment:checking '/home/offroad/radar_ws/src/install/cpp_srvcli' for CMake module files
[3.154s] Level 1:colcon.colcon_core.environment:checking '/home/offroad/radar_ws/src/install/cpp_srvcli' for CMake config files
[3.155s] Level 1:colcon.colcon_core.shell:create_environment_hook('cpp_srvcli', 'cmake_prefix_path')
[3.157s] INFO:colcon.colcon_core.shell:Creating environment hook '/home/offroad/radar_ws/src/install/cpp_srvcli/share/cpp_srvcli/hook/cmake_prefix_path.ps1'
[3.159s] INFO:colcon.colcon_core.shell:Creating environment descriptor '/home/offroad/radar_ws/src/install/cpp_srvcli/share/cpp_srvcli/hook/cmake_prefix_path.dsv'
[3.159s] INFO:colcon.colcon_core.shell:Creating environment hook '/home/offroad/radar_ws/src/install/cpp_srvcli/share/cpp_srvcli/hook/cmake_prefix_path.sh'
[3.161s] Level 1:colcon.colcon_core.environment:checking '/home/offroad/radar_ws/src/install/cpp_srvcli/lib'
[3.161s] Level 1:colcon.colcon_core.environment:checking '/home/offroad/radar_ws/src/install/cpp_srvcli/bin'
[3.161s] Level 1:colcon.colcon_core.environment:checking '/home/offroad/radar_ws/src/install/cpp_srvcli/lib/pkgconfig/cpp_srvcli.pc'
[3.162s] Level 1:colcon.colcon_core.environment:checking '/home/offroad/radar_ws/src/install/cpp_srvcli/lib/python3.8/site-packages'
[3.163s] Level 1:colcon.colcon_core.environment:checking '/home/offroad/radar_ws/src/install/cpp_srvcli/bin'
[3.164s] INFO:colcon.colcon_core.shell:Creating package script '/home/offroad/radar_ws/src/install/cpp_srvcli/share/cpp_srvcli/package.ps1'
[3.165s] INFO:colcon.colcon_core.shell:Creating package descriptor '/home/offroad/radar_ws/src/install/cpp_srvcli/share/cpp_srvcli/package.dsv'
[3.165s] INFO:colcon.colcon_core.shell:Creating package script '/home/offroad/radar_ws/src/install/cpp_srvcli/share/cpp_srvcli/package.sh'
[3.166s] INFO:colcon.colcon_core.shell:Creating package script '/home/offroad/radar_ws/src/install/cpp_srvcli/share/cpp_srvcli/package.bash'
[3.166s] INFO:colcon.colcon_core.shell:Creating package script '/home/offroad/radar_ws/src/install/cpp_srvcli/share/cpp_srvcli/package.zsh'
[3.166s] Level 1:colcon.colcon_core.environment:create_file_with_runtime_dependencies(/home/offroad/radar_ws/src/install/cpp_srvcli/share/colcon-core/packages/cpp_srvcli)
[26.106s] DEBUG:colcon.colcon_core.event_handler.log_command:Invoked command in '/home/offroad/radar_ws/src/build/radar_conti_ars408' returned '0': AMENT_PREFIX_PATH=/home/offroad/radar_ws/src/install/ros2socketcan_bridge:/home/offroad/radar_ws/src/install/radar_conti_ars408_msgs:/home/offroad/radar_ws/src/install/can_msgs:${AMENT_PREFIX_PATH} CMAKE_PREFIX_PATH=/home/offroad/radar_ws/src/install/ros2socketcan_bridge:/home/offroad/radar_ws/src/install/radar_conti_ars408_msgs:/home/offroad/radar_ws/src/install/can_msgs:/home/offroad/radar_ws/install/ros2socketcan_bridge:/home/offroad/radar_ws/install/radar_conti_ars408:/home/offroad/radar_ws/install/cpp_srvcli:/home/offroad/radar_ws/install/radar_conti_ars408_msgs:/home/offroad/radar_ws/install/cpp_pubsub:/home/offroad/radar_ws/install/can_msgs:/opt/ros/foxy LD_LIBRARY_PATH=/home/offroad/radar_ws/src/install/radar_conti_ars408_msgs/lib:/home/offroad/radar_ws/src/install/can_msgs/lib:${LD_LIBRARY_PATH} PYTHONPATH=/home/offroad/radar_ws/src/install/radar_conti_ars408_msgs/lib/python3.8/site-packages:/home/offroad/radar_ws/src/install/can_msgs/lib/python3.8/site-packages:${PYTHONPATH} /usr/bin/cmake --build /home/offroad/radar_ws/src/build/radar_conti_ars408 -- -j12 -l12
[26.173s] DEBUG:colcon.colcon_core.event_handler.log_command:Invoking command in '/home/offroad/radar_ws/src/build/radar_conti_ars408': AMENT_PREFIX_PATH=/home/offroad/radar_ws/src/install/ros2socketcan_bridge:/home/offroad/radar_ws/src/install/radar_conti_ars408_msgs:/home/offroad/radar_ws/src/install/can_msgs:${AMENT_PREFIX_PATH} CMAKE_PREFIX_PATH=/home/offroad/radar_ws/src/install/ros2socketcan_bridge:/home/offroad/radar_ws/src/install/radar_conti_ars408_msgs:/home/offroad/radar_ws/src/install/can_msgs:/home/offroad/radar_ws/install/ros2socketcan_bridge:/home/offroad/radar_ws/install/radar_conti_ars408:/home/offroad/radar_ws/install/cpp_srvcli:/home/offroad/radar_ws/install/radar_conti_ars408_msgs:/home/offroad/radar_ws/install/cpp_pubsub:/home/offroad/radar_ws/install/can_msgs:/opt/ros/foxy LD_LIBRARY_PATH=/home/offroad/radar_ws/src/install/radar_conti_ars408_msgs/lib:/home/offroad/radar_ws/src/install/can_msgs/lib:${LD_LIBRARY_PATH} PYTHONPATH=/home/offroad/radar_ws/src/install/radar_conti_ars408_msgs/lib/python3.8/site-packages:/home/offroad/radar_ws/src/install/can_msgs/lib/python3.8/site-packages:${PYTHONPATH} /usr/bin/cmake --install /home/offroad/radar_ws/src/build/radar_conti_ars408
[26.216s] Level 1:colcon.colcon_core.environment:create_environment_scripts_only(radar_conti_ars408)
[26.217s] Level 1:colcon.colcon_core.environment:checking '/home/offroad/radar_ws/src/install/radar_conti_ars408' for CMake module files
[26.218s] DEBUG:colcon.colcon_core.event_handler.log_command:Invoked command in '/home/offroad/radar_ws/src/build/radar_conti_ars408' returned '0': AMENT_PREFIX_PATH=/home/offroad/radar_ws/src/install/ros2socketcan_bridge:/home/offroad/radar_ws/src/install/radar_conti_ars408_msgs:/home/offroad/radar_ws/src/install/can_msgs:${AMENT_PREFIX_PATH} CMAKE_PREFIX_PATH=/home/offroad/radar_ws/src/install/ros2socketcan_bridge:/home/offroad/radar_ws/src/install/radar_conti_ars408_msgs:/home/offroad/radar_ws/src/install/can_msgs:/home/offroad/radar_ws/install/ros2socketcan_bridge:/home/offroad/radar_ws/install/radar_conti_ars408:/home/offroad/radar_ws/install/cpp_srvcli:/home/offroad/radar_ws/install/radar_conti_ars408_msgs:/home/offroad/radar_ws/install/cpp_pubsub:/home/offroad/radar_ws/install/can_msgs:/opt/ros/foxy LD_LIBRARY_PATH=/home/offroad/radar_ws/src/install/radar_conti_ars408_msgs/lib:/home/offroad/radar_ws/src/install/can_msgs/lib:${LD_LIBRARY_PATH} PYTHONPATH=/home/offroad/radar_ws/src/install/radar_conti_ars408_msgs/lib/python3.8/site-packages:/home/offroad/radar_ws/src/install/can_msgs/lib/python3.8/site-packages:${PYTHONPATH} /usr/bin/cmake --install /home/offroad/radar_ws/src/build/radar_conti_ars408
[26.218s] Level 1:colcon.colcon_core.environment:checking '/home/offroad/radar_ws/src/install/radar_conti_ars408' for CMake config files
[26.218s] Level 1:colcon.colcon_core.shell:create_environment_hook('radar_conti_ars408', 'cmake_prefix_path')
[26.220s] INFO:colcon.colcon_core.shell:Creating environment hook '/home/offroad/radar_ws/src/install/radar_conti_ars408/share/radar_conti_ars408/hook/cmake_prefix_path.ps1'
[26.221s] INFO:colcon.colcon_core.shell:Creating environment descriptor '/home/offroad/radar_ws/src/install/radar_conti_ars408/share/radar_conti_ars408/hook/cmake_prefix_path.dsv'
[26.222s] INFO:colcon.colcon_core.shell:Creating environment hook '/home/offroad/radar_ws/src/install/radar_conti_ars408/share/radar_conti_ars408/hook/cmake_prefix_path.sh'
[26.222s] Level 1:colcon.colcon_core.environment:checking '/home/offroad/radar_ws/src/install/radar_conti_ars408/lib'
[26.222s] Level 1:colcon.colcon_core.shell:create_environment_hook('radar_conti_ars408', 'ld_library_path_lib')
[26.223s] INFO:colcon.colcon_core.shell:Creating environment hook '/home/offroad/radar_ws/src/install/radar_conti_ars408/share/radar_conti_ars408/hook/ld_library_path_lib.ps1'
[26.223s] INFO:colcon.colcon_core.shell:Creating environment descriptor '/home/offroad/radar_ws/src/install/radar_conti_ars408/share/radar_conti_ars408/hook/ld_library_path_lib.dsv'
[26.223s] INFO:colcon.colcon_core.shell:Creating environment hook '/home/offroad/radar_ws/src/install/radar_conti_ars408/share/radar_conti_ars408/hook/ld_library_path_lib.sh'
[26.224s] Level 1:colcon.colcon_core.environment:checking '/home/offroad/radar_ws/src/install/radar_conti_ars408/bin'
[26.224s] Level 1:colcon.colcon_core.environment:checking '/home/offroad/radar_ws/src/install/radar_conti_ars408/lib/pkgconfig/radar_conti_ars408.pc'
[26.224s] Level 1:colcon.colcon_core.environment:checking '/home/offroad/radar_ws/src/install/radar_conti_ars408/lib/python3.8/site-packages'
[26.224s] Level 1:colcon.colcon_core.environment:checking '/home/offroad/radar_ws/src/install/radar_conti_ars408/bin'
[26.225s] INFO:colcon.colcon_core.shell:Creating package script '/home/offroad/radar_ws/src/install/radar_conti_ars408/share/radar_conti_ars408/package.ps1'
[26.229s] INFO:colcon.colcon_core.shell:Creating package descriptor '/home/offroad/radar_ws/src/install/radar_conti_ars408/share/radar_conti_ars408/package.dsv'
[26.229s] INFO:colcon.colcon_core.shell:Creating package script '/home/offroad/radar_ws/src/install/radar_conti_ars408/share/radar_conti_ars408/package.sh'
[26.230s] INFO:colcon.colcon_core.shell:Creating package script '/home/offroad/radar_ws/src/install/radar_conti_ars408/share/radar_conti_ars408/package.bash'
[26.230s] INFO:colcon.colcon_core.shell:Creating package script '/home/offroad/radar_ws/src/install/radar_conti_ars408/share/radar_conti_ars408/package.zsh'
[26.231s] Level 1:colcon.colcon_core.environment:create_file_with_runtime_dependencies(/home/offroad/radar_ws/src/install/radar_conti_ars408/share/colcon-core/packages/radar_conti_ars408)
[26.280s] Level 1:colcon.colcon_core.environment:create_environment_scripts_only(radar_conti_ars408)
[26.282s] Level 1:colcon.colcon_core.environment:checking '/home/offroad/radar_ws/src/install/radar_conti_ars408' for CMake module files
[26.283s] Level 1:colcon.colcon_core.environment:checking '/home/offroad/radar_ws/src/install/radar_conti_ars408' for CMake config files
[26.284s] Level 1:colcon.colcon_core.shell:create_environment_hook('radar_conti_ars408', 'cmake_prefix_path')
[26.285s] INFO:colcon.colcon_core.shell:Creating environment hook '/home/offroad/radar_ws/src/install/radar_conti_ars408/share/radar_conti_ars408/hook/cmake_prefix_path.ps1'
[26.285s] INFO:colcon.colcon_core.shell:Creating environment descriptor '/home/offroad/radar_ws/src/install/radar_conti_ars408/share/radar_conti_ars408/hook/cmake_prefix_path.dsv'
[26.285s] INFO:colcon.colcon_core.shell:Creating environment hook '/home/offroad/radar_ws/src/install/radar_conti_ars408/share/radar_conti_ars408/hook/cmake_prefix_path.sh'
[26.286s] Level 1:colcon.colcon_core.environment:checking '/home/offroad/radar_ws/src/install/radar_conti_ars408/lib'
[26.286s] Level 1:colcon.colcon_core.shell:create_environment_hook('radar_conti_ars408', 'ld_library_path_lib')
[26.288s] INFO:colcon.colcon_core.shell:Creating environment hook '/home/offroad/radar_ws/src/install/radar_conti_ars408/share/radar_conti_ars408/hook/ld_library_path_lib.ps1'
[26.288s] INFO:colcon.colcon_core.shell:Creating environment descriptor '/home/offroad/radar_ws/src/install/radar_conti_ars408/share/radar_conti_ars408/hook/ld_library_path_lib.dsv'
[26.289s] INFO:colcon.colcon_core.shell:Creating environment hook '/home/offroad/radar_ws/src/install/radar_conti_ars408/share/radar_conti_ars408/hook/ld_library_path_lib.sh'
[26.289s] Level 1:colcon.colcon_core.environment:checking '/home/offroad/radar_ws/src/install/radar_conti_ars408/bin'
[26.289s] Level 1:colcon.colcon_core.environment:checking '/home/offroad/radar_ws/src/install/radar_conti_ars408/lib/pkgconfig/radar_conti_ars408.pc'
[26.289s] Level 1:colcon.colcon_core.environment:checking '/home/offroad/radar_ws/src/install/radar_conti_ars408/lib/python3.8/site-packages'
[26.290s] Level 1:colcon.colcon_core.environment:checking '/home/offroad/radar_ws/src/install/radar_conti_ars408/bin'
[26.290s] INFO:colcon.colcon_core.shell:Creating package script '/home/offroad/radar_ws/src/install/radar_conti_ars408/share/radar_conti_ars408/package.ps1'
[26.294s] INFO:colcon.colcon_core.shell:Creating package descriptor '/home/offroad/radar_ws/src/install/radar_conti_ars408/share/radar_conti_ars408/package.dsv'
[26.295s] INFO:colcon.colcon_core.shell:Creating package script '/home/offroad/radar_ws/src/install/radar_conti_ars408/share/radar_conti_ars408/package.sh'
[26.296s] INFO:colcon.colcon_core.shell:Creating package script '/home/offroad/radar_ws/src/install/radar_conti_ars408/share/radar_conti_ars408/package.bash'
[26.296s] INFO:colcon.colcon_core.shell:Creating package script '/home/offroad/radar_ws/src/install/radar_conti_ars408/share/radar_conti_ars408/package.zsh'
[26.297s] Level 1:colcon.colcon_core.environment:create_file_with_runtime_dependencies(/home/offroad/radar_ws/src/install/radar_conti_ars408/share/colcon-core/packages/radar_conti_ars408)
[26.297s] DEBUG:colcon.colcon_parallel_executor.executor.parallel:closing loop
[26.298s] DEBUG:colcon.colcon_parallel_executor.executor.parallel:loop closed
[26.298s] DEBUG:colcon.colcon_parallel_executor.executor.parallel:run_until_complete finished with '0'
[26.298s] DEBUG:colcon.colcon_core.event_reactor:joining thread
[26.311s] INFO:colcon.colcon_core.plugin_system:Skipping extension 'colcon_notification.desktop_notification.terminal_notifier': Not used on non-Darwin systems
[26.312s] INFO:colcon.colcon_core.plugin_system:Skipping extension 'colcon_notification.desktop_notification.win32': Not used on non-Windows systems
[26.312s] INFO:colcon.colcon_notification.desktop_notification:Sending desktop notification using 'notify2'
[26.344s] DEBUG:colcon.colcon_core.event_reactor:joined thread
[26.345s] INFO:colcon.colcon_core.shell:Creating prefix script '/home/offroad/radar_ws/src/install/local_setup.ps1'
[26.348s] INFO:colcon.colcon_core.shell:Creating prefix util module '/home/offroad/radar_ws/src/install/_local_setup_util_ps1.py'
[26.349s] INFO:colcon.colcon_core.shell:Creating prefix chain script '/home/offroad/radar_ws/src/install/setup.ps1'
[26.351s] INFO:colcon.colcon_core.shell:Creating prefix script '/home/offroad/radar_ws/src/install/local_setup.sh'
[26.352s] INFO:colcon.colcon_core.shell:Creating prefix util module '/home/offroad/radar_ws/src/install/_local_setup_util_sh.py'
[26.355s] INFO:colcon.colcon_core.shell:Creating prefix chain script '/home/offroad/radar_ws/src/install/setup.sh'
[26.359s] INFO:colcon.colcon_core.shell:Creating prefix script '/home/offroad/radar_ws/src/install/local_setup.bash'
[26.360s] INFO:colcon.colcon_core.shell:Creating prefix chain script '/home/offroad/radar_ws/src/install/setup.bash'
[26.363s] INFO:colcon.colcon_core.shell:Creating prefix script '/home/offroad/radar_ws/src/install/local_setup.zsh'
[26.364s] INFO:colcon.colcon_core.shell:Creating prefix chain script '/home/offroad/radar_ws/src/install/setup.zsh'
