[0.106s] DEBUG:colcon:Command line arguments: ['/usr/bin/colcon', 'build']
[0.106s] DEBUG:colcon:Parsed command line arguments: Namespace(allow_overriding=[], ament_cmake_args=None, base_paths=['.'], build_base='build', catkin_cmake_args=None, catkin_skip_building_tests=False, cmake_args=None, cmake_clean_cache=False, cmake_clean_first=False, cmake_force_configure=False, cmake_target=None, cmake_target_skip_unavailable=False, continue_on_error=False, event_handlers=None, executor='parallel', ignore_user_meta=False, install_base='install', log_base=None, log_level=None, main=<bound method BuildVerb.main of <colcon_core.verb.build.BuildVerb object at 0x7f793e4afd00>>, merge_install=False, metas=['./colcon.meta'], packages_above=None, packages_above_and_dependencies=None, packages_above_depth=None, packages_end=None, packages_ignore=None, packages_ignore_regex=None, packages_select=None, packages_select_build_failed=False, packages_select_by_dep=None, packages_select_regex=None, packages_select_test_failures=False, packages_skip=None, packages_skip_build_finished=False, packages_skip_by_dep=None, packages_skip_regex=None, packages_skip_test_passed=False, packages_skip_up_to=None, packages_start=None, packages_up_to=None, packages_up_to_regex=None, parallel_workers=12, paths=None, symlink_install=False, test_result_base=None, verb_extension=<colcon_core.verb.build.BuildVerb object at 0x7f793e4afd00>, verb_name='build', verb_parser=<colcon_defaults.argument_parser.defaults.DefaultArgumentsDecorator object at 0x7f793e4392b0>)
[0.125s] Level 1:colcon.colcon_core.package_discovery:discover_packages(colcon_meta) check parameters
[0.125s] Level 1:colcon.colcon_core.package_discovery:discover_packages(recursive) check parameters
[0.125s] Level 1:colcon.colcon_core.package_discovery:discover_packages(ignore) check parameters
[0.125s] Level 1:colcon.colcon_core.package_discovery:discover_packages(path) check parameters
[0.125s] Level 1:colcon.colcon_core.package_discovery:discover_packages(colcon_meta) discover
[0.126s] Level 1:colcon.colcon_core.package_discovery:discover_packages(recursive) discover
[0.126s] INFO:colcon.colcon_core.package_discovery:Crawling recursively for packages in '/home/offroad/radar_ws'
[0.126s] Level 1:colcon.colcon_core.package_identification:_identify(.) by extensions ['ignore', 'ignore_ament_install']
[0.126s] Level 1:colcon.colcon_core.package_identification:_identify(.) by extension 'ignore'
[0.126s] Level 1:colcon.colcon_core.package_identification:_identify(.) by extension 'ignore_ament_install'
[0.126s] Level 1:colcon.colcon_core.package_identification:_identify(.) by extensions ['colcon_pkg']
[0.126s] Level 1:colcon.colcon_core.package_identification:_identify(.) by extension 'colcon_pkg'
[0.126s] Level 1:colcon.colcon_core.package_identification:_identify(.) by extensions ['colcon_meta']
[0.126s] Level 1:colcon.colcon_core.package_identification:_identify(.) by extension 'colcon_meta'
[0.126s] Level 1:colcon.colcon_core.package_identification:_identify(.) by extensions ['ros']
[0.126s] Level 1:colcon.colcon_core.package_identification:_identify(.) by extension 'ros'
[0.135s] Level 1:colcon.colcon_core.package_identification:_identify(.) by extensions ['cmake', 'python']
[0.135s] Level 1:colcon.colcon_core.package_identification:_identify(.) by extension 'cmake'
[0.135s] Level 1:colcon.colcon_core.package_identification:_identify(.) by extension 'python'
[0.135s] Level 1:colcon.colcon_core.package_identification:_identify(.) by extensions ['python_setup_py']
[0.135s] Level 1:colcon.colcon_core.package_identification:_identify(.) by extension 'python_setup_py'
[0.135s] Level 1:colcon.colcon_core.package_identification:_identify(build) by extensions ['ignore', 'ignore_ament_install']
[0.135s] Level 1:colcon.colcon_core.package_identification:_identify(build) by extension 'ignore'
[0.135s] Level 1:colcon.colcon_core.package_identification:_identify(build) ignored
[0.135s] Level 1:colcon.colcon_core.package_identification:_identify(install) by extensions ['ignore', 'ignore_ament_install']
[0.135s] Level 1:colcon.colcon_core.package_identification:_identify(install) by extension 'ignore'
[0.135s] Level 1:colcon.colcon_core.package_identification:_identify(install) ignored
[0.135s] Level 1:colcon.colcon_core.package_identification:_identify(log) by extensions ['ignore', 'ignore_ament_install']
[0.135s] Level 1:colcon.colcon_core.package_identification:_identify(log) by extension 'ignore'
[0.135s] Level 1:colcon.colcon_core.package_identification:_identify(log) ignored
[0.136s] Level 1:colcon.colcon_core.package_identification:_identify(src) by extensions ['ignore', 'ignore_ament_install']
[0.136s] Level 1:colcon.colcon_core.package_identification:_identify(src) by extension 'ignore'
[0.136s] Level 1:colcon.colcon_core.package_identification:_identify(src) by extension 'ignore_ament_install'
[0.136s] Level 1:colcon.colcon_core.package_identification:_identify(src) by extensions ['colcon_pkg']
[0.136s] Level 1:colcon.colcon_core.package_identification:_identify(src) by extension 'colcon_pkg'
[0.136s] Level 1:colcon.colcon_core.package_identification:_identify(src) by extensions ['colcon_meta']
[0.136s] Level 1:colcon.colcon_core.package_identification:_identify(src) by extension 'colcon_meta'
[0.136s] Level 1:colcon.colcon_core.package_identification:_identify(src) by extensions ['ros']
[0.136s] Level 1:colcon.colcon_core.package_identification:_identify(src) by extension 'ros'
[0.136s] Level 1:colcon.colcon_core.package_identification:_identify(src) by extensions ['cmake', 'python']
[0.136s] Level 1:colcon.colcon_core.package_identification:_identify(src) by extension 'cmake'
[0.136s] Level 1:colcon.colcon_core.package_identification:_identify(src) by extension 'python'
[0.136s] Level 1:colcon.colcon_core.package_identification:_identify(src) by extensions ['python_setup_py']
[0.136s] Level 1:colcon.colcon_core.package_identification:_identify(src) by extension 'python_setup_py'
[0.136s] Level 1:colcon.colcon_core.package_identification:_identify(src/CAN_Recording) by extensions ['ignore', 'ignore_ament_install']
[0.136s] Level 1:colcon.colcon_core.package_identification:_identify(src/CAN_Recording) by extension 'ignore'
[0.136s] Level 1:colcon.colcon_core.package_identification:_identify(src/CAN_Recording) by extension 'ignore_ament_install'
[0.136s] Level 1:colcon.colcon_core.package_identification:_identify(src/CAN_Recording) by extensions ['colcon_pkg']
[0.136s] Level 1:colcon.colcon_core.package_identification:_identify(src/CAN_Recording) by extension 'colcon_pkg'
[0.136s] Level 1:colcon.colcon_core.package_identification:_identify(src/CAN_Recording) by extensions ['colcon_meta']
[0.136s] Level 1:colcon.colcon_core.package_identification:_identify(src/CAN_Recording) by extension 'colcon_meta'
[0.136s] Level 1:colcon.colcon_core.package_identification:_identify(src/CAN_Recording) by extensions ['ros']
[0.137s] Level 1:colcon.colcon_core.package_identification:_identify(src/CAN_Recording) by extension 'ros'
[0.137s] Level 1:colcon.colcon_core.package_identification:_identify(src/CAN_Recording) by extensions ['cmake', 'python']
[0.137s] Level 1:colcon.colcon_core.package_identification:_identify(src/CAN_Recording) by extension 'cmake'
[0.137s] Level 1:colcon.colcon_core.package_identification:_identify(src/CAN_Recording) by extension 'python'
[0.137s] Level 1:colcon.colcon_core.package_identification:_identify(src/CAN_Recording) by extensions ['python_setup_py']
[0.137s] Level 1:colcon.colcon_core.package_identification:_identify(src/CAN_Recording) by extension 'python_setup_py'
[0.137s] Level 1:colcon.colcon_core.package_identification:_identify(src/cpp_srvcli) by extensions ['ignore', 'ignore_ament_install']
[0.137s] Level 1:colcon.colcon_core.package_identification:_identify(src/cpp_srvcli) by extension 'ignore'
[0.137s] Level 1:colcon.colcon_core.package_identification:_identify(src/cpp_srvcli) by extension 'ignore_ament_install'
[0.137s] Level 1:colcon.colcon_core.package_identification:_identify(src/cpp_srvcli) by extensions ['colcon_pkg']
[0.137s] Level 1:colcon.colcon_core.package_identification:_identify(src/cpp_srvcli) by extension 'colcon_pkg'
[0.137s] Level 1:colcon.colcon_core.package_identification:_identify(src/cpp_srvcli) by extensions ['colcon_meta']
[0.137s] Level 1:colcon.colcon_core.package_identification:_identify(src/cpp_srvcli) by extension 'colcon_meta'
[0.137s] Level 1:colcon.colcon_core.package_identification:_identify(src/cpp_srvcli) by extensions ['ros']
[0.137s] Level 1:colcon.colcon_core.package_identification:_identify(src/cpp_srvcli) by extension 'ros'
[0.140s] DEBUG:colcon.colcon_core.package_identification:Package 'src/cpp_srvcli' with type 'ros.ament_cmake' and name 'cpp_srvcli'
[0.140s] Level 1:colcon.colcon_core.package_identification:_identify(src/radar_conti_ars408) by extensions ['ignore', 'ignore_ament_install']
[0.140s] Level 1:colcon.colcon_core.package_identification:_identify(src/radar_conti_ars408) by extension 'ignore'
[0.140s] Level 1:colcon.colcon_core.package_identification:_identify(src/radar_conti_ars408) by extension 'ignore_ament_install'
[0.140s] Level 1:colcon.colcon_core.package_identification:_identify(src/radar_conti_ars408) by extensions ['colcon_pkg']
[0.140s] Level 1:colcon.colcon_core.package_identification:_identify(src/radar_conti_ars408) by extension 'colcon_pkg'
[0.140s] Level 1:colcon.colcon_core.package_identification:_identify(src/radar_conti_ars408) by extensions ['colcon_meta']
[0.140s] Level 1:colcon.colcon_core.package_identification:_identify(src/radar_conti_ars408) by extension 'colcon_meta'
[0.140s] Level 1:colcon.colcon_core.package_identification:_identify(src/radar_conti_ars408) by extensions ['ros']
[0.140s] Level 1:colcon.colcon_core.package_identification:_identify(src/radar_conti_ars408) by extension 'ros'
[0.140s] Level 1:colcon.colcon_core.package_identification:_identify(src/radar_conti_ars408) by extensions ['cmake', 'python']
[0.140s] Level 1:colcon.colcon_core.package_identification:_identify(src/radar_conti_ars408) by extension 'cmake'
[0.140s] Level 1:colcon.colcon_core.package_identification:_identify(src/radar_conti_ars408) by extension 'python'
[0.140s] Level 1:colcon.colcon_core.package_identification:_identify(src/radar_conti_ars408) by extensions ['python_setup_py']
[0.140s] Level 1:colcon.colcon_core.package_identification:_identify(src/radar_conti_ars408) by extension 'python_setup_py'
[0.141s] Level 1:colcon.colcon_core.package_identification:_identify(src/radar_conti_ars408/src) by extensions ['ignore', 'ignore_ament_install']
[0.141s] Level 1:colcon.colcon_core.package_identification:_identify(src/radar_conti_ars408/src) by extension 'ignore'
[0.141s] Level 1:colcon.colcon_core.package_identification:_identify(src/radar_conti_ars408/src) by extension 'ignore_ament_install'
[0.141s] Level 1:colcon.colcon_core.package_identification:_identify(src/radar_conti_ars408/src) by extensions ['colcon_pkg']
[0.141s] Level 1:colcon.colcon_core.package_identification:_identify(src/radar_conti_ars408/src) by extension 'colcon_pkg'
[0.141s] Level 1:colcon.colcon_core.package_identification:_identify(src/radar_conti_ars408/src) by extensions ['colcon_meta']
[0.141s] Level 1:colcon.colcon_core.package_identification:_identify(src/radar_conti_ars408/src) by extension 'colcon_meta'
[0.141s] Level 1:colcon.colcon_core.package_identification:_identify(src/radar_conti_ars408/src) by extensions ['ros']
[0.141s] Level 1:colcon.colcon_core.package_identification:_identify(src/radar_conti_ars408/src) by extension 'ros'
[0.142s] DEBUG:colcon.colcon_core.package_identification:Package 'src/radar_conti_ars408/src' with type 'ros.ament_cmake' and name 'radar_conti_ars408'
[0.142s] Level 1:colcon.colcon_core.package_identification:_identify(src/radar_conti_ars408_msgs) by extensions ['ignore', 'ignore_ament_install']
[0.142s] Level 1:colcon.colcon_core.package_identification:_identify(src/radar_conti_ars408_msgs) by extension 'ignore'
[0.142s] Level 1:colcon.colcon_core.package_identification:_identify(src/radar_conti_ars408_msgs) by extension 'ignore_ament_install'
[0.142s] Level 1:colcon.colcon_core.package_identification:_identify(src/radar_conti_ars408_msgs) by extensions ['colcon_pkg']
[0.142s] Level 1:colcon.colcon_core.package_identification:_identify(src/radar_conti_ars408_msgs) by extension 'colcon_pkg'
[0.142s] Level 1:colcon.colcon_core.package_identification:_identify(src/radar_conti_ars408_msgs) by extensions ['colcon_meta']
[0.142s] Level 1:colcon.colcon_core.package_identification:_identify(src/radar_conti_ars408_msgs) by extension 'colcon_meta'
[0.142s] Level 1:colcon.colcon_core.package_identification:_identify(src/radar_conti_ars408_msgs) by extensions ['ros']
[0.142s] Level 1:colcon.colcon_core.package_identification:_identify(src/radar_conti_ars408_msgs) by extension 'ros'
[0.142s] DEBUG:colcon.colcon_core.package_identification:Package 'src/radar_conti_ars408_msgs' with type 'ros.ament_cmake' and name 'radar_conti_ars408_msgs'
[0.143s] Level 1:colcon.colcon_core.package_identification:_identify(src/ros2_socketcan_bridge) by extensions ['ignore', 'ignore_ament_install']
[0.143s] Level 1:colcon.colcon_core.package_identification:_identify(src/ros2_socketcan_bridge) by extension 'ignore'
[0.143s] Level 1:colcon.colcon_core.package_identification:_identify(src/ros2_socketcan_bridge) by extension 'ignore_ament_install'
[0.143s] Level 1:colcon.colcon_core.package_identification:_identify(src/ros2_socketcan_bridge) by extensions ['colcon_pkg']
[0.143s] Level 1:colcon.colcon_core.package_identification:_identify(src/ros2_socketcan_bridge) by extension 'colcon_pkg'
[0.143s] Level 1:colcon.colcon_core.package_identification:_identify(src/ros2_socketcan_bridge) by extensions ['colcon_meta']
[0.143s] Level 1:colcon.colcon_core.package_identification:_identify(src/ros2_socketcan_bridge) by extension 'colcon_meta'
[0.143s] Level 1:colcon.colcon_core.package_identification:_identify(src/ros2_socketcan_bridge) by extensions ['ros']
[0.143s] Level 1:colcon.colcon_core.package_identification:_identify(src/ros2_socketcan_bridge) by extension 'ros'
[0.143s] Level 1:colcon.colcon_core.package_identification:_identify(src/ros2_socketcan_bridge) by extensions ['cmake', 'python']
[0.143s] Level 1:colcon.colcon_core.package_identification:_identify(src/ros2_socketcan_bridge) by extension 'cmake'
[0.143s] Level 1:colcon.colcon_core.package_identification:_identify(src/ros2_socketcan_bridge) by extension 'python'
[0.143s] Level 1:colcon.colcon_core.package_identification:_identify(src/ros2_socketcan_bridge) by extensions ['python_setup_py']
[0.143s] Level 1:colcon.colcon_core.package_identification:_identify(src/ros2_socketcan_bridge) by extension 'python_setup_py'
[0.143s] Level 1:colcon.colcon_core.package_identification:_identify(src/ros2_socketcan_bridge/can_msgs) by extensions ['ignore', 'ignore_ament_install']
[0.143s] Level 1:colcon.colcon_core.package_identification:_identify(src/ros2_socketcan_bridge/can_msgs) by extension 'ignore'
[0.143s] Level 1:colcon.colcon_core.package_identification:_identify(src/ros2_socketcan_bridge/can_msgs) by extension 'ignore_ament_install'
[0.143s] Level 1:colcon.colcon_core.package_identification:_identify(src/ros2_socketcan_bridge/can_msgs) by extensions ['colcon_pkg']
[0.143s] Level 1:colcon.colcon_core.package_identification:_identify(src/ros2_socketcan_bridge/can_msgs) by extension 'colcon_pkg'
[0.143s] Level 1:colcon.colcon_core.package_identification:_identify(src/ros2_socketcan_bridge/can_msgs) by extensions ['colcon_meta']
[0.143s] Level 1:colcon.colcon_core.package_identification:_identify(src/ros2_socketcan_bridge/can_msgs) by extension 'colcon_meta'
[0.143s] Level 1:colcon.colcon_core.package_identification:_identify(src/ros2_socketcan_bridge/can_msgs) by extensions ['ros']
[0.144s] Level 1:colcon.colcon_core.package_identification:_identify(src/ros2_socketcan_bridge/can_msgs) by extension 'ros'
[0.144s] DEBUG:colcon.colcon_core.package_identification:Package 'src/ros2_socketcan_bridge/can_msgs' with type 'ros.ament_cmake' and name 'can_msgs'
[0.144s] Level 1:colcon.colcon_core.package_identification:_identify(src/ros2_socketcan_bridge/ros2socketcan_bridge) by extensions ['ignore', 'ignore_ament_install']
[0.144s] Level 1:colcon.colcon_core.package_identification:_identify(src/ros2_socketcan_bridge/ros2socketcan_bridge) by extension 'ignore'
[0.144s] Level 1:colcon.colcon_core.package_identification:_identify(src/ros2_socketcan_bridge/ros2socketcan_bridge) by extension 'ignore_ament_install'
[0.144s] Level 1:colcon.colcon_core.package_identification:_identify(src/ros2_socketcan_bridge/ros2socketcan_bridge) by extensions ['colcon_pkg']
[0.144s] Level 1:colcon.colcon_core.package_identification:_identify(src/ros2_socketcan_bridge/ros2socketcan_bridge) by extension 'colcon_pkg'
[0.144s] Level 1:colcon.colcon_core.package_identification:_identify(src/ros2_socketcan_bridge/ros2socketcan_bridge) by extensions ['colcon_meta']
[0.144s] Level 1:colcon.colcon_core.package_identification:_identify(src/ros2_socketcan_bridge/ros2socketcan_bridge) by extension 'colcon_meta'
[0.144s] Level 1:colcon.colcon_core.package_identification:_identify(src/ros2_socketcan_bridge/ros2socketcan_bridge) by extensions ['ros']
[0.144s] Level 1:colcon.colcon_core.package_identification:_identify(src/ros2_socketcan_bridge/ros2socketcan_bridge) by extension 'ros'
[0.145s] DEBUG:colcon.colcon_core.package_identification:Package 'src/ros2_socketcan_bridge/ros2socketcan_bridge' with type 'ros.ament_cmake' and name 'ros2socketcan_bridge'
[0.145s] Level 1:colcon.colcon_core.package_discovery:discover_packages(recursive) using defaults
[0.145s] Level 1:colcon.colcon_core.package_discovery:discover_packages(ignore) discover
[0.145s] Level 1:colcon.colcon_core.package_discovery:discover_packages(ignore) using defaults
[0.145s] Level 1:colcon.colcon_core.package_discovery:discover_packages(path) discover
[0.145s] Level 1:colcon.colcon_core.package_discovery:discover_packages(path) using defaults
[0.159s] Level 1:colcon.colcon_core.package_discovery:discover_packages(prefix_path) check parameters
[0.159s] Level 1:colcon.colcon_core.package_discovery:discover_packages(prefix_path) discover
[0.161s] DEBUG:colcon.colcon_installed_package_information.package_discovery:Found 6 installed packages in /home/offroad/radar_ws/install
[0.162s] DEBUG:colcon.colcon_installed_package_information.package_discovery:Found 303 installed packages in /opt/ros/foxy
[0.164s] Level 1:colcon.colcon_core.package_discovery:discover_packages(prefix_path) using defaults
[0.239s] Level 5:colcon.colcon_core.verb:set package 'can_msgs' build argument 'cmake_args' from command line to 'None'
[0.239s] Level 5:colcon.colcon_core.verb:set package 'can_msgs' build argument 'cmake_target' from command line to 'None'
[0.239s] Level 5:colcon.colcon_core.verb:set package 'can_msgs' build argument 'cmake_target_skip_unavailable' from command line to 'False'
[0.239s] Level 5:colcon.colcon_core.verb:set package 'can_msgs' build argument 'cmake_clean_cache' from command line to 'False'
[0.239s] Level 5:colcon.colcon_core.verb:set package 'can_msgs' build argument 'cmake_clean_first' from command line to 'False'
[0.239s] Level 5:colcon.colcon_core.verb:set package 'can_msgs' build argument 'cmake_force_configure' from command line to 'False'
[0.239s] Level 5:colcon.colcon_core.verb:set package 'can_msgs' build argument 'ament_cmake_args' from command line to 'None'
[0.239s] Level 5:colcon.colcon_core.verb:set package 'can_msgs' build argument 'catkin_cmake_args' from command line to 'None'
[0.239s] Level 5:colcon.colcon_core.verb:set package 'can_msgs' build argument 'catkin_skip_building_tests' from command line to 'False'
[0.239s] DEBUG:colcon.colcon_core.verb:Building package 'can_msgs' with the following arguments: {'ament_cmake_args': None, 'build_base': '/home/offroad/radar_ws/build/can_msgs', 'catkin_cmake_args': None, 'catkin_skip_building_tests': False, 'cmake_args': None, 'cmake_clean_cache': False, 'cmake_clean_first': False, 'cmake_force_configure': False, 'cmake_target': None, 'cmake_target_skip_unavailable': False, 'install_base': '/home/offroad/radar_ws/install/can_msgs', 'merge_install': False, 'path': '/home/offroad/radar_ws/src/ros2_socketcan_bridge/can_msgs', 'symlink_install': False, 'test_result_base': None}
[0.239s] Level 5:colcon.colcon_core.verb:set package 'radar_conti_ars408_msgs' build argument 'cmake_args' from command line to 'None'
[0.240s] Level 5:colcon.colcon_core.verb:set package 'radar_conti_ars408_msgs' build argument 'cmake_target' from command line to 'None'
[0.240s] Level 5:colcon.colcon_core.verb:set package 'radar_conti_ars408_msgs' build argument 'cmake_target_skip_unavailable' from command line to 'False'
[0.240s] Level 5:colcon.colcon_core.verb:set package 'radar_conti_ars408_msgs' build argument 'cmake_clean_cache' from command line to 'False'
[0.240s] Level 5:colcon.colcon_core.verb:set package 'radar_conti_ars408_msgs' build argument 'cmake_clean_first' from command line to 'False'
[0.240s] Level 5:colcon.colcon_core.verb:set package 'radar_conti_ars408_msgs' build argument 'cmake_force_configure' from command line to 'False'
[0.240s] Level 5:colcon.colcon_core.verb:set package 'radar_conti_ars408_msgs' build argument 'ament_cmake_args' from command line to 'None'
[0.240s] Level 5:colcon.colcon_core.verb:set package 'radar_conti_ars408_msgs' build argument 'catkin_cmake_args' from command line to 'None'
[0.240s] Level 5:colcon.colcon_core.verb:set package 'radar_conti_ars408_msgs' build argument 'catkin_skip_building_tests' from command line to 'False'
[0.240s] DEBUG:colcon.colcon_core.verb:Building package 'radar_conti_ars408_msgs' with the following arguments: {'ament_cmake_args': None, 'build_base': '/home/offroad/radar_ws/build/radar_conti_ars408_msgs', 'catkin_cmake_args': None, 'catkin_skip_building_tests': False, 'cmake_args': None, 'cmake_clean_cache': False, 'cmake_clean_first': False, 'cmake_force_configure': False, 'cmake_target': None, 'cmake_target_skip_unavailable': False, 'install_base': '/home/offroad/radar_ws/install/radar_conti_ars408_msgs', 'merge_install': False, 'path': '/home/offroad/radar_ws/src/radar_conti_ars408_msgs', 'symlink_install': False, 'test_result_base': None}
[0.240s] Level 5:colcon.colcon_core.verb:set package 'cpp_srvcli' build argument 'cmake_args' from command line to 'None'
[0.240s] Level 5:colcon.colcon_core.verb:set package 'cpp_srvcli' build argument 'cmake_target' from command line to 'None'
[0.240s] Level 5:colcon.colcon_core.verb:set package 'cpp_srvcli' build argument 'cmake_target_skip_unavailable' from command line to 'False'
[0.240s] Level 5:colcon.colcon_core.verb:set package 'cpp_srvcli' build argument 'cmake_clean_cache' from command line to 'False'
[0.240s] Level 5:colcon.colcon_core.verb:set package 'cpp_srvcli' build argument 'cmake_clean_first' from command line to 'False'
[0.240s] Level 5:colcon.colcon_core.verb:set package 'cpp_srvcli' build argument 'cmake_force_configure' from command line to 'False'
[0.240s] Level 5:colcon.colcon_core.verb:set package 'cpp_srvcli' build argument 'ament_cmake_args' from command line to 'None'
[0.240s] Level 5:colcon.colcon_core.verb:set package 'cpp_srvcli' build argument 'catkin_cmake_args' from command line to 'None'
[0.240s] Level 5:colcon.colcon_core.verb:set package 'cpp_srvcli' build argument 'catkin_skip_building_tests' from command line to 'False'
[0.240s] DEBUG:colcon.colcon_core.verb:Building package 'cpp_srvcli' with the following arguments: {'ament_cmake_args': None, 'build_base': '/home/offroad/radar_ws/build/cpp_srvcli', 'catkin_cmake_args': None, 'catkin_skip_building_tests': False, 'cmake_args': None, 'cmake_clean_cache': False, 'cmake_clean_first': False, 'cmake_force_configure': False, 'cmake_target': None, 'cmake_target_skip_unavailable': False, 'install_base': '/home/offroad/radar_ws/install/cpp_srvcli', 'merge_install': False, 'path': '/home/offroad/radar_ws/src/cpp_srvcli', 'symlink_install': False, 'test_result_base': None}
[0.241s] Level 5:colcon.colcon_core.verb:set package 'ros2socketcan_bridge' build argument 'cmake_args' from command line to 'None'
[0.241s] Level 5:colcon.colcon_core.verb:set package 'ros2socketcan_bridge' build argument 'cmake_target' from command line to 'None'
[0.241s] Level 5:colcon.colcon_core.verb:set package 'ros2socketcan_bridge' build argument 'cmake_target_skip_unavailable' from command line to 'False'
[0.241s] Level 5:colcon.colcon_core.verb:set package 'ros2socketcan_bridge' build argument 'cmake_clean_cache' from command line to 'False'
[0.241s] Level 5:colcon.colcon_core.verb:set package 'ros2socketcan_bridge' build argument 'cmake_clean_first' from command line to 'False'
[0.241s] Level 5:colcon.colcon_core.verb:set package 'ros2socketcan_bridge' build argument 'cmake_force_configure' from command line to 'False'
[0.241s] Level 5:colcon.colcon_core.verb:set package 'ros2socketcan_bridge' build argument 'ament_cmake_args' from command line to 'None'
[0.241s] Level 5:colcon.colcon_core.verb:set package 'ros2socketcan_bridge' build argument 'catkin_cmake_args' from command line to 'None'
[0.241s] Level 5:colcon.colcon_core.verb:set package 'ros2socketcan_bridge' build argument 'catkin_skip_building_tests' from command line to 'False'
[0.241s] DEBUG:colcon.colcon_core.verb:Building package 'ros2socketcan_bridge' with the following arguments: {'ament_cmake_args': None, 'build_base': '/home/offroad/radar_ws/build/ros2socketcan_bridge', 'catkin_cmake_args': None, 'catkin_skip_building_tests': False, 'cmake_args': None, 'cmake_clean_cache': False, 'cmake_clean_first': False, 'cmake_force_configure': False, 'cmake_target': None, 'cmake_target_skip_unavailable': False, 'install_base': '/home/offroad/radar_ws/install/ros2socketcan_bridge', 'merge_install': False, 'path': '/home/offroad/radar_ws/src/ros2_socketcan_bridge/ros2socketcan_bridge', 'symlink_install': False, 'test_result_base': None}
[0.242s] Level 5:colcon.colcon_core.verb:set package 'radar_conti_ars408' build argument 'cmake_args' from command line to 'None'
[0.242s] Level 5:colcon.colcon_core.verb:set package 'radar_conti_ars408' build argument 'cmake_target' from command line to 'None'
[0.242s] Level 5:colcon.colcon_core.verb:set package 'radar_conti_ars408' build argument 'cmake_target_skip_unavailable' from command line to 'False'
[0.242s] Level 5:colcon.colcon_core.verb:set package 'radar_conti_ars408' build argument 'cmake_clean_cache' from command line to 'False'
[0.242s] Level 5:colcon.colcon_core.verb:set package 'radar_conti_ars408' build argument 'cmake_clean_first' from command line to 'False'
[0.242s] Level 5:colcon.colcon_core.verb:set package 'radar_conti_ars408' build argument 'cmake_force_configure' from command line to 'False'
[0.242s] Level 5:colcon.colcon_core.verb:set package 'radar_conti_ars408' build argument 'ament_cmake_args' from command line to 'None'
[0.242s] Level 5:colcon.colcon_core.verb:set package 'radar_conti_ars408' build argument 'catkin_cmake_args' from command line to 'None'
[0.242s] Level 5:colcon.colcon_core.verb:set package 'radar_conti_ars408' build argument 'catkin_skip_building_tests' from command line to 'False'
[0.242s] DEBUG:colcon.colcon_core.verb:Building package 'radar_conti_ars408' with the following arguments: {'ament_cmake_args': None, 'build_base': '/home/offroad/radar_ws/build/radar_conti_ars408', 'catkin_cmake_args': None, 'catkin_skip_building_tests': False, 'cmake_args': None, 'cmake_clean_cache': False, 'cmake_clean_first': False, 'cmake_force_configure': False, 'cmake_target': None, 'cmake_target_skip_unavailable': False, 'install_base': '/home/offroad/radar_ws/install/radar_conti_ars408', 'merge_install': False, 'path': '/home/offroad/radar_ws/src/radar_conti_ars408/src', 'symlink_install': False, 'test_result_base': None}
[0.242s] INFO:colcon.colcon_core.executor:Executing jobs using 'parallel' executor
[0.245s] DEBUG:colcon.colcon_parallel_executor.executor.parallel:run_until_complete
[0.245s] INFO:colcon.colcon_ros.task.ament_cmake.build:Building ROS package in '/home/offroad/radar_ws/src/ros2_socketcan_bridge/can_msgs' with build type 'ament_cmake'
[0.245s] INFO:colcon.colcon_cmake.task.cmake.build:Building CMake package in '/home/offroad/radar_ws/src/ros2_socketcan_bridge/can_msgs'
[0.248s] INFO:colcon.colcon_core.plugin_system:Skipping extension 'colcon_core.shell.bat': Not used on non-Windows systems
[0.248s] INFO:colcon.colcon_core.shell:Skip shell extension 'powershell' for command environment: Not usable outside of PowerShell
[0.248s] DEBUG:colcon.colcon_core.shell:Skip shell extension 'dsv' for command environment
[0.252s] INFO:colcon.colcon_ros.task.ament_cmake.build:Building ROS package in '/home/offroad/radar_ws/src/radar_conti_ars408_msgs' with build type 'ament_cmake'
[0.253s] INFO:colcon.colcon_cmake.task.cmake.build:Building CMake package in '/home/offroad/radar_ws/src/radar_conti_ars408_msgs'
[0.253s] INFO:colcon.colcon_core.shell:Skip shell extension 'powershell' for command environment: Not usable outside of PowerShell
[0.253s] DEBUG:colcon.colcon_core.shell:Skip shell extension 'dsv' for command environment
[0.264s] DEBUG:colcon.colcon_core.event_handler.log_command:Invoking command in '/home/offroad/radar_ws/build/can_msgs': CMAKE_PREFIX_PATH=${CMAKE_PREFIX_PATH}:/opt/ros/foxy /usr/bin/cmake --build /home/offroad/radar_ws/build/can_msgs -- -j12 -l12
[0.270s] DEBUG:colcon.colcon_core.event_handler.log_command:Invoking command in '/home/offroad/radar_ws/build/radar_conti_ars408_msgs': CMAKE_PREFIX_PATH=${CMAKE_PREFIX_PATH}:/opt/ros/foxy /usr/bin/cmake --build /home/offroad/radar_ws/build/radar_conti_ars408_msgs -- -j12 -l12
[0.464s] DEBUG:colcon.colcon_core.event_handler.log_command:Invoked command in '/home/offroad/radar_ws/build/can_msgs' returned '0': CMAKE_PREFIX_PATH=${CMAKE_PREFIX_PATH}:/opt/ros/foxy /usr/bin/cmake --build /home/offroad/radar_ws/build/can_msgs -- -j12 -l12
[0.500s] DEBUG:colcon.colcon_core.event_handler.log_command:Invoked command in '/home/offroad/radar_ws/build/radar_conti_ars408_msgs' returned '0': CMAKE_PREFIX_PATH=${CMAKE_PREFIX_PATH}:/opt/ros/foxy /usr/bin/cmake --build /home/offroad/radar_ws/build/radar_conti_ars408_msgs -- -j12 -l12
[0.518s] DEBUG:colcon.colcon_core.event_handler.log_command:Invoking command in '/home/offroad/radar_ws/build/can_msgs': CMAKE_PREFIX_PATH=${CMAKE_PREFIX_PATH}:/opt/ros/foxy /usr/bin/cmake --install /home/offroad/radar_ws/build/can_msgs
[0.564s] Level 1:colcon.colcon_core.environment:create_environment_scripts_only(can_msgs)
[0.565s] DEBUG:colcon.colcon_core.event_handler.log_command:Invoked command in '/home/offroad/radar_ws/build/can_msgs' returned '0': CMAKE_PREFIX_PATH=${CMAKE_PREFIX_PATH}:/opt/ros/foxy /usr/bin/cmake --install /home/offroad/radar_ws/build/can_msgs
[0.568s] Level 1:colcon.colcon_core.environment:checking '/home/offroad/radar_ws/install/can_msgs' for CMake module files
[0.568s] Level 1:colcon.colcon_core.environment:checking '/home/offroad/radar_ws/install/can_msgs' for CMake config files
[0.569s] Level 1:colcon.colcon_core.shell:create_environment_hook('can_msgs', 'cmake_prefix_path')
[0.569s] INFO:colcon.colcon_core.shell:Creating environment hook '/home/offroad/radar_ws/install/can_msgs/share/can_msgs/hook/cmake_prefix_path.ps1'
[0.570s] INFO:colcon.colcon_core.shell:Creating environment descriptor '/home/offroad/radar_ws/install/can_msgs/share/can_msgs/hook/cmake_prefix_path.dsv'
[0.570s] INFO:colcon.colcon_core.shell:Creating environment hook '/home/offroad/radar_ws/install/can_msgs/share/can_msgs/hook/cmake_prefix_path.sh'
[0.571s] Level 1:colcon.colcon_core.environment:checking '/home/offroad/radar_ws/install/can_msgs/lib'
[0.571s] Level 1:colcon.colcon_core.shell:create_environment_hook('can_msgs', 'ld_library_path_lib')
[0.571s] INFO:colcon.colcon_core.shell:Creating environment hook '/home/offroad/radar_ws/install/can_msgs/share/can_msgs/hook/ld_library_path_lib.ps1'
[0.572s] INFO:colcon.colcon_core.shell:Creating environment descriptor '/home/offroad/radar_ws/install/can_msgs/share/can_msgs/hook/ld_library_path_lib.dsv'
[0.572s] INFO:colcon.colcon_core.shell:Creating environment hook '/home/offroad/radar_ws/install/can_msgs/share/can_msgs/hook/ld_library_path_lib.sh'
[0.572s] Level 1:colcon.colcon_core.environment:checking '/home/offroad/radar_ws/install/can_msgs/bin'
[0.572s] Level 1:colcon.colcon_core.environment:checking '/home/offroad/radar_ws/install/can_msgs/lib/pkgconfig/can_msgs.pc'
[0.573s] Level 1:colcon.colcon_core.environment:checking '/home/offroad/radar_ws/install/can_msgs/lib/python3.8/site-packages'
[0.573s] Level 1:colcon.colcon_core.shell:create_environment_hook('can_msgs', 'pythonpath')
[0.573s] INFO:colcon.colcon_core.shell:Creating environment hook '/home/offroad/radar_ws/install/can_msgs/share/can_msgs/hook/pythonpath.ps1'
[0.574s] INFO:colcon.colcon_core.shell:Creating environment descriptor '/home/offroad/radar_ws/install/can_msgs/share/can_msgs/hook/pythonpath.dsv'
[0.574s] INFO:colcon.colcon_core.shell:Creating environment hook '/home/offroad/radar_ws/install/can_msgs/share/can_msgs/hook/pythonpath.sh'
[0.574s] Level 1:colcon.colcon_core.environment:checking '/home/offroad/radar_ws/install/can_msgs/bin'
[0.575s] INFO:colcon.colcon_core.shell:Creating package script '/home/offroad/radar_ws/install/can_msgs/share/can_msgs/package.ps1'
[0.576s] INFO:colcon.colcon_core.shell:Creating package descriptor '/home/offroad/radar_ws/install/can_msgs/share/can_msgs/package.dsv'
[0.576s] INFO:colcon.colcon_core.shell:Creating package script '/home/offroad/radar_ws/install/can_msgs/share/can_msgs/package.sh'
[0.577s] INFO:colcon.colcon_core.shell:Creating package script '/home/offroad/radar_ws/install/can_msgs/share/can_msgs/package.bash'
[0.577s] INFO:colcon.colcon_core.shell:Creating package script '/home/offroad/radar_ws/install/can_msgs/share/can_msgs/package.zsh'
[0.578s] Level 1:colcon.colcon_core.environment:create_file_with_runtime_dependencies(/home/offroad/radar_ws/install/can_msgs/share/colcon-core/packages/can_msgs)
[0.618s] Level 1:colcon.colcon_core.environment:create_environment_scripts_only(can_msgs)
[0.618s] Level 1:colcon.colcon_core.environment:checking '/home/offroad/radar_ws/install/can_msgs' for CMake module files
[0.619s] Level 1:colcon.colcon_core.environment:checking '/home/offroad/radar_ws/install/can_msgs' for CMake config files
[0.619s] Level 1:colcon.colcon_core.shell:create_environment_hook('can_msgs', 'cmake_prefix_path')
[0.620s] INFO:colcon.colcon_core.shell:Creating environment hook '/home/offroad/radar_ws/install/can_msgs/share/can_msgs/hook/cmake_prefix_path.ps1'
[0.620s] INFO:colcon.colcon_core.shell:Creating environment descriptor '/home/offroad/radar_ws/install/can_msgs/share/can_msgs/hook/cmake_prefix_path.dsv'
[0.620s] INFO:colcon.colcon_core.shell:Creating environment hook '/home/offroad/radar_ws/install/can_msgs/share/can_msgs/hook/cmake_prefix_path.sh'
[0.621s] Level 1:colcon.colcon_core.environment:checking '/home/offroad/radar_ws/install/can_msgs/lib'
[0.621s] Level 1:colcon.colcon_core.shell:create_environment_hook('can_msgs', 'ld_library_path_lib')
[0.621s] INFO:colcon.colcon_core.shell:Creating environment hook '/home/offroad/radar_ws/install/can_msgs/share/can_msgs/hook/ld_library_path_lib.ps1'
[0.621s] INFO:colcon.colcon_core.shell:Creating environment descriptor '/home/offroad/radar_ws/install/can_msgs/share/can_msgs/hook/ld_library_path_lib.dsv'
[0.622s] INFO:colcon.colcon_core.shell:Creating environment hook '/home/offroad/radar_ws/install/can_msgs/share/can_msgs/hook/ld_library_path_lib.sh'
[0.622s] Level 1:colcon.colcon_core.environment:checking '/home/offroad/radar_ws/install/can_msgs/bin'
[0.622s] Level 1:colcon.colcon_core.environment:checking '/home/offroad/radar_ws/install/can_msgs/lib/pkgconfig/can_msgs.pc'
[0.622s] Level 1:colcon.colcon_core.environment:checking '/home/offroad/radar_ws/install/can_msgs/lib/python3.8/site-packages'
[0.622s] Level 1:colcon.colcon_core.shell:create_environment_hook('can_msgs', 'pythonpath')
[0.623s] INFO:colcon.colcon_core.shell:Creating environment hook '/home/offroad/radar_ws/install/can_msgs/share/can_msgs/hook/pythonpath.ps1'
[0.623s] INFO:colcon.colcon_core.shell:Creating environment descriptor '/home/offroad/radar_ws/install/can_msgs/share/can_msgs/hook/pythonpath.dsv'
[0.623s] INFO:colcon.colcon_core.shell:Creating environment hook '/home/offroad/radar_ws/install/can_msgs/share/can_msgs/hook/pythonpath.sh'
[0.624s] Level 1:colcon.colcon_core.environment:checking '/home/offroad/radar_ws/install/can_msgs/bin'
[0.624s] INFO:colcon.colcon_core.shell:Creating package script '/home/offroad/radar_ws/install/can_msgs/share/can_msgs/package.ps1'
[0.625s] INFO:colcon.colcon_core.shell:Creating package descriptor '/home/offroad/radar_ws/install/can_msgs/share/can_msgs/package.dsv'
[0.625s] INFO:colcon.colcon_core.shell:Creating package script '/home/offroad/radar_ws/install/can_msgs/share/can_msgs/package.sh'
[0.625s] INFO:colcon.colcon_core.shell:Creating package script '/home/offroad/radar_ws/install/can_msgs/share/can_msgs/package.bash'
[0.626s] INFO:colcon.colcon_core.shell:Creating package script '/home/offroad/radar_ws/install/can_msgs/share/can_msgs/package.zsh'
[0.626s] Level 1:colcon.colcon_core.environment:create_file_with_runtime_dependencies(/home/offroad/radar_ws/install/can_msgs/share/colcon-core/packages/can_msgs)
[0.626s] INFO:colcon.colcon_ros.task.ament_cmake.build:Building ROS package in '/home/offroad/radar_ws/src/ros2_socketcan_bridge/ros2socketcan_bridge' with build type 'ament_cmake'
[0.627s] INFO:colcon.colcon_cmake.task.cmake.build:Building CMake package in '/home/offroad/radar_ws/src/ros2_socketcan_bridge/ros2socketcan_bridge'
[0.627s] INFO:colcon.colcon_core.shell:Skip shell extension 'powershell' for command environment: Not usable outside of PowerShell
[0.627s] DEBUG:colcon.colcon_core.shell:Skip shell extension 'dsv' for command environment
[0.640s] DEBUG:colcon.colcon_core.event_handler.log_command:Invoking command in '/home/offroad/radar_ws/build/ros2socketcan_bridge': CMAKE_PREFIX_PATH=/home/offroad/radar_ws/install/can_msgs:/home/offroad/radar_ws/install/cpp_srvcli:/home/offroad/radar_ws/install/cpp_pubsub:/home/offroad/radar_ws/install/ros2socketcan_bridge:/home/offroad/radar_ws/install/radar_conti_ars408:/home/offroad/radar_ws/install/radar_conti_ars408_msgs:/opt/ros/foxy LD_LIBRARY_PATH=/home/offroad/radar_ws/install/can_msgs/lib:/home/offroad/radar_ws/install/radar_conti_ars408/lib:/home/offroad/radar_ws/install/radar_conti_ars408_msgs/lib:/usr/lib/x86_64-linux-gnu/gazebo-11/plugins:/opt/ros/foxy/opt/yaml_cpp_vendor/lib:/opt/ros/foxy/opt/rviz_ogre_vendor/lib:/opt/ros/foxy/lib/x86_64-linux-gnu:/opt/ros/foxy/lib PYTHONPATH=/home/offroad/radar_ws/install/can_msgs/lib/python3.8/site-packages:/home/offroad/radar_ws/install/radar_conti_ars408_msgs/lib/python3.8/site-packages:/opt/ros/foxy/lib/python3.8/site-packages /usr/bin/cmake --build /home/offroad/radar_ws/build/ros2socketcan_bridge -- -j12 -l12
[0.693s] DEBUG:colcon.colcon_core.event_handler.log_command:Invoked command in '/home/offroad/radar_ws/build/ros2socketcan_bridge' returned '0': CMAKE_PREFIX_PATH=/home/offroad/radar_ws/install/can_msgs:/home/offroad/radar_ws/install/cpp_srvcli:/home/offroad/radar_ws/install/cpp_pubsub:/home/offroad/radar_ws/install/ros2socketcan_bridge:/home/offroad/radar_ws/install/radar_conti_ars408:/home/offroad/radar_ws/install/radar_conti_ars408_msgs:/opt/ros/foxy LD_LIBRARY_PATH=/home/offroad/radar_ws/install/can_msgs/lib:/home/offroad/radar_ws/install/radar_conti_ars408/lib:/home/offroad/radar_ws/install/radar_conti_ars408_msgs/lib:/usr/lib/x86_64-linux-gnu/gazebo-11/plugins:/opt/ros/foxy/opt/yaml_cpp_vendor/lib:/opt/ros/foxy/opt/rviz_ogre_vendor/lib:/opt/ros/foxy/lib/x86_64-linux-gnu:/opt/ros/foxy/lib PYTHONPATH=/home/offroad/radar_ws/install/can_msgs/lib/python3.8/site-packages:/home/offroad/radar_ws/install/radar_conti_ars408_msgs/lib/python3.8/site-packages:/opt/ros/foxy/lib/python3.8/site-packages /usr/bin/cmake --build /home/offroad/radar_ws/build/ros2socketcan_bridge -- -j12 -l12
[0.713s] DEBUG:colcon.colcon_core.event_handler.log_command:Invoking command in '/home/offroad/radar_ws/build/ros2socketcan_bridge': CMAKE_PREFIX_PATH=/home/offroad/radar_ws/install/can_msgs:/home/offroad/radar_ws/install/cpp_srvcli:/home/offroad/radar_ws/install/cpp_pubsub:/home/offroad/radar_ws/install/ros2socketcan_bridge:/home/offroad/radar_ws/install/radar_conti_ars408:/home/offroad/radar_ws/install/radar_conti_ars408_msgs:/opt/ros/foxy LD_LIBRARY_PATH=/home/offroad/radar_ws/install/can_msgs/lib:/home/offroad/radar_ws/install/radar_conti_ars408/lib:/home/offroad/radar_ws/install/radar_conti_ars408_msgs/lib:/usr/lib/x86_64-linux-gnu/gazebo-11/plugins:/opt/ros/foxy/opt/yaml_cpp_vendor/lib:/opt/ros/foxy/opt/rviz_ogre_vendor/lib:/opt/ros/foxy/lib/x86_64-linux-gnu:/opt/ros/foxy/lib PYTHONPATH=/home/offroad/radar_ws/install/can_msgs/lib/python3.8/site-packages:/home/offroad/radar_ws/install/radar_conti_ars408_msgs/lib/python3.8/site-packages:/opt/ros/foxy/lib/python3.8/site-packages /usr/bin/cmake --install /home/offroad/radar_ws/build/ros2socketcan_bridge
[0.725s] Level 1:colcon.colcon_core.environment:create_environment_scripts_only(ros2socketcan_bridge)
[0.726s] Level 1:colcon.colcon_core.environment:checking '/home/offroad/radar_ws/install/ros2socketcan_bridge' for CMake module files
[0.727s] DEBUG:colcon.colcon_core.event_handler.log_command:Invoked command in '/home/offroad/radar_ws/build/ros2socketcan_bridge' returned '0': CMAKE_PREFIX_PATH=/home/offroad/radar_ws/install/can_msgs:/home/offroad/radar_ws/install/cpp_srvcli:/home/offroad/radar_ws/install/cpp_pubsub:/home/offroad/radar_ws/install/ros2socketcan_bridge:/home/offroad/radar_ws/install/radar_conti_ars408:/home/offroad/radar_ws/install/radar_conti_ars408_msgs:/opt/ros/foxy LD_LIBRARY_PATH=/home/offroad/radar_ws/install/can_msgs/lib:/home/offroad/radar_ws/install/radar_conti_ars408/lib:/home/offroad/radar_ws/install/radar_conti_ars408_msgs/lib:/usr/lib/x86_64-linux-gnu/gazebo-11/plugins:/opt/ros/foxy/opt/yaml_cpp_vendor/lib:/opt/ros/foxy/opt/rviz_ogre_vendor/lib:/opt/ros/foxy/lib/x86_64-linux-gnu:/opt/ros/foxy/lib PYTHONPATH=/home/offroad/radar_ws/install/can_msgs/lib/python3.8/site-packages:/home/offroad/radar_ws/install/radar_conti_ars408_msgs/lib/python3.8/site-packages:/opt/ros/foxy/lib/python3.8/site-packages /usr/bin/cmake --install /home/offroad/radar_ws/build/ros2socketcan_bridge
[0.727s] Level 1:colcon.colcon_core.environment:checking '/home/offroad/radar_ws/install/ros2socketcan_bridge' for CMake config files
[0.727s] Level 1:colcon.colcon_core.shell:create_environment_hook('ros2socketcan_bridge', 'cmake_prefix_path')
[0.728s] INFO:colcon.colcon_core.shell:Creating environment hook '/home/offroad/radar_ws/install/ros2socketcan_bridge/share/ros2socketcan_bridge/hook/cmake_prefix_path.ps1'
[0.728s] INFO:colcon.colcon_core.shell:Creating environment descriptor '/home/offroad/radar_ws/install/ros2socketcan_bridge/share/ros2socketcan_bridge/hook/cmake_prefix_path.dsv'
[0.728s] INFO:colcon.colcon_core.shell:Creating environment hook '/home/offroad/radar_ws/install/ros2socketcan_bridge/share/ros2socketcan_bridge/hook/cmake_prefix_path.sh'
[0.729s] Level 1:colcon.colcon_core.environment:checking '/home/offroad/radar_ws/install/ros2socketcan_bridge/lib'
[0.729s] Level 1:colcon.colcon_core.environment:checking '/home/offroad/radar_ws/install/ros2socketcan_bridge/bin'
[0.729s] Level 1:colcon.colcon_core.environment:checking '/home/offroad/radar_ws/install/ros2socketcan_bridge/lib/pkgconfig/ros2socketcan_bridge.pc'
[0.729s] Level 1:colcon.colcon_core.environment:checking '/home/offroad/radar_ws/install/ros2socketcan_bridge/lib/python3.8/site-packages'
[0.729s] Level 1:colcon.colcon_core.environment:checking '/home/offroad/radar_ws/install/ros2socketcan_bridge/bin'
[0.730s] INFO:colcon.colcon_core.shell:Creating package script '/home/offroad/radar_ws/install/ros2socketcan_bridge/share/ros2socketcan_bridge/package.ps1'
[0.730s] INFO:colcon.colcon_core.shell:Creating package descriptor '/home/offroad/radar_ws/install/ros2socketcan_bridge/share/ros2socketcan_bridge/package.dsv'
[0.731s] INFO:colcon.colcon_core.shell:Creating package script '/home/offroad/radar_ws/install/ros2socketcan_bridge/share/ros2socketcan_bridge/package.sh'
[0.731s] INFO:colcon.colcon_core.shell:Creating package script '/home/offroad/radar_ws/install/ros2socketcan_bridge/share/ros2socketcan_bridge/package.bash'
[0.731s] INFO:colcon.colcon_core.shell:Creating package script '/home/offroad/radar_ws/install/ros2socketcan_bridge/share/ros2socketcan_bridge/package.zsh'
[0.732s] Level 1:colcon.colcon_core.environment:create_file_with_runtime_dependencies(/home/offroad/radar_ws/install/ros2socketcan_bridge/share/colcon-core/packages/ros2socketcan_bridge)
[0.752s] Level 1:colcon.colcon_core.environment:create_environment_scripts_only(ros2socketcan_bridge)
[0.753s] Level 1:colcon.colcon_core.environment:checking '/home/offroad/radar_ws/install/ros2socketcan_bridge' for CMake module files
[0.754s] Level 1:colcon.colcon_core.environment:checking '/home/offroad/radar_ws/install/ros2socketcan_bridge' for CMake config files
[0.754s] Level 1:colcon.colcon_core.shell:create_environment_hook('ros2socketcan_bridge', 'cmake_prefix_path')
[0.754s] INFO:colcon.colcon_core.shell:Creating environment hook '/home/offroad/radar_ws/install/ros2socketcan_bridge/share/ros2socketcan_bridge/hook/cmake_prefix_path.ps1'
[0.755s] INFO:colcon.colcon_core.shell:Creating environment descriptor '/home/offroad/radar_ws/install/ros2socketcan_bridge/share/ros2socketcan_bridge/hook/cmake_prefix_path.dsv'
[0.755s] INFO:colcon.colcon_core.shell:Creating environment hook '/home/offroad/radar_ws/install/ros2socketcan_bridge/share/ros2socketcan_bridge/hook/cmake_prefix_path.sh'
[0.756s] Level 1:colcon.colcon_core.environment:checking '/home/offroad/radar_ws/install/ros2socketcan_bridge/lib'
[0.756s] Level 1:colcon.colcon_core.environment:checking '/home/offroad/radar_ws/install/ros2socketcan_bridge/bin'
[0.756s] Level 1:colcon.colcon_core.environment:checking '/home/offroad/radar_ws/install/ros2socketcan_bridge/lib/pkgconfig/ros2socketcan_bridge.pc'
[0.756s] Level 1:colcon.colcon_core.environment:checking '/home/offroad/radar_ws/install/ros2socketcan_bridge/lib/python3.8/site-packages'
[0.756s] Level 1:colcon.colcon_core.environment:checking '/home/offroad/radar_ws/install/ros2socketcan_bridge/bin'
[0.757s] INFO:colcon.colcon_core.shell:Creating package script '/home/offroad/radar_ws/install/ros2socketcan_bridge/share/ros2socketcan_bridge/package.ps1'
[0.757s] INFO:colcon.colcon_core.shell:Creating package descriptor '/home/offroad/radar_ws/install/ros2socketcan_bridge/share/ros2socketcan_bridge/package.dsv'
[0.758s] INFO:colcon.colcon_core.shell:Creating package script '/home/offroad/radar_ws/install/ros2socketcan_bridge/share/ros2socketcan_bridge/package.sh'
[0.758s] INFO:colcon.colcon_core.shell:Creating package script '/home/offroad/radar_ws/install/ros2socketcan_bridge/share/ros2socketcan_bridge/package.bash'
[0.758s] INFO:colcon.colcon_core.shell:Creating package script '/home/offroad/radar_ws/install/ros2socketcan_bridge/share/ros2socketcan_bridge/package.zsh'
[0.759s] Level 1:colcon.colcon_core.environment:create_file_with_runtime_dependencies(/home/offroad/radar_ws/install/ros2socketcan_bridge/share/colcon-core/packages/ros2socketcan_bridge)
[0.762s] DEBUG:colcon.colcon_core.event_handler.log_command:Invoking command in '/home/offroad/radar_ws/build/radar_conti_ars408_msgs': CMAKE_PREFIX_PATH=${CMAKE_PREFIX_PATH}:/opt/ros/foxy /usr/bin/cmake --install /home/offroad/radar_ws/build/radar_conti_ars408_msgs
[0.817s] Level 1:colcon.colcon_core.environment:create_environment_scripts_only(radar_conti_ars408_msgs)
[0.818s] Level 1:colcon.colcon_core.environment:checking '/home/offroad/radar_ws/install/radar_conti_ars408_msgs' for CMake module files
[0.819s] DEBUG:colcon.colcon_core.event_handler.log_command:Invoked command in '/home/offroad/radar_ws/build/radar_conti_ars408_msgs' returned '0': CMAKE_PREFIX_PATH=${CMAKE_PREFIX_PATH}:/opt/ros/foxy /usr/bin/cmake --install /home/offroad/radar_ws/build/radar_conti_ars408_msgs
[0.819s] Level 1:colcon.colcon_core.environment:checking '/home/offroad/radar_ws/install/radar_conti_ars408_msgs' for CMake config files
[0.819s] Level 1:colcon.colcon_core.shell:create_environment_hook('radar_conti_ars408_msgs', 'cmake_prefix_path')
[0.820s] INFO:colcon.colcon_core.shell:Creating environment hook '/home/offroad/radar_ws/install/radar_conti_ars408_msgs/share/radar_conti_ars408_msgs/hook/cmake_prefix_path.ps1'
[0.820s] INFO:colcon.colcon_core.shell:Creating environment descriptor '/home/offroad/radar_ws/install/radar_conti_ars408_msgs/share/radar_conti_ars408_msgs/hook/cmake_prefix_path.dsv'
[0.820s] INFO:colcon.colcon_core.shell:Creating environment hook '/home/offroad/radar_ws/install/radar_conti_ars408_msgs/share/radar_conti_ars408_msgs/hook/cmake_prefix_path.sh'
[0.821s] Level 1:colcon.colcon_core.environment:checking '/home/offroad/radar_ws/install/radar_conti_ars408_msgs/lib'
[0.821s] Level 1:colcon.colcon_core.shell:create_environment_hook('radar_conti_ars408_msgs', 'ld_library_path_lib')
[0.821s] INFO:colcon.colcon_core.shell:Creating environment hook '/home/offroad/radar_ws/install/radar_conti_ars408_msgs/share/radar_conti_ars408_msgs/hook/ld_library_path_lib.ps1'
[0.821s] INFO:colcon.colcon_core.shell:Creating environment descriptor '/home/offroad/radar_ws/install/radar_conti_ars408_msgs/share/radar_conti_ars408_msgs/hook/ld_library_path_lib.dsv'
[0.822s] INFO:colcon.colcon_core.shell:Creating environment hook '/home/offroad/radar_ws/install/radar_conti_ars408_msgs/share/radar_conti_ars408_msgs/hook/ld_library_path_lib.sh'
[0.822s] Level 1:colcon.colcon_core.environment:checking '/home/offroad/radar_ws/install/radar_conti_ars408_msgs/bin'
[0.822s] Level 1:colcon.colcon_core.environment:checking '/home/offroad/radar_ws/install/radar_conti_ars408_msgs/lib/pkgconfig/radar_conti_ars408_msgs.pc'
[0.822s] Level 1:colcon.colcon_core.environment:checking '/home/offroad/radar_ws/install/radar_conti_ars408_msgs/lib/python3.8/site-packages'
[0.822s] Level 1:colcon.colcon_core.shell:create_environment_hook('radar_conti_ars408_msgs', 'pythonpath')
[0.823s] INFO:colcon.colcon_core.shell:Creating environment hook '/home/offroad/radar_ws/install/radar_conti_ars408_msgs/share/radar_conti_ars408_msgs/hook/pythonpath.ps1'
[0.823s] INFO:colcon.colcon_core.shell:Creating environment descriptor '/home/offroad/radar_ws/install/radar_conti_ars408_msgs/share/radar_conti_ars408_msgs/hook/pythonpath.dsv'
[0.823s] INFO:colcon.colcon_core.shell:Creating environment hook '/home/offroad/radar_ws/install/radar_conti_ars408_msgs/share/radar_conti_ars408_msgs/hook/pythonpath.sh'
[0.824s] Level 1:colcon.colcon_core.environment:checking '/home/offroad/radar_ws/install/radar_conti_ars408_msgs/bin'
[0.824s] INFO:colcon.colcon_core.shell:Creating package script '/home/offroad/radar_ws/install/radar_conti_ars408_msgs/share/radar_conti_ars408_msgs/package.ps1'
[0.825s] INFO:colcon.colcon_core.shell:Creating package descriptor '/home/offroad/radar_ws/install/radar_conti_ars408_msgs/share/radar_conti_ars408_msgs/package.dsv'
[0.825s] INFO:colcon.colcon_core.shell:Creating package script '/home/offroad/radar_ws/install/radar_conti_ars408_msgs/share/radar_conti_ars408_msgs/package.sh'
[0.825s] INFO:colcon.colcon_core.shell:Creating package script '/home/offroad/radar_ws/install/radar_conti_ars408_msgs/share/radar_conti_ars408_msgs/package.bash'
[0.826s] INFO:colcon.colcon_core.shell:Creating package script '/home/offroad/radar_ws/install/radar_conti_ars408_msgs/share/radar_conti_ars408_msgs/package.zsh'
[0.826s] Level 1:colcon.colcon_core.environment:create_file_with_runtime_dependencies(/home/offroad/radar_ws/install/radar_conti_ars408_msgs/share/colcon-core/packages/radar_conti_ars408_msgs)
[1.068s] Level 1:colcon.colcon_core.environment:create_environment_scripts_only(radar_conti_ars408_msgs)
[1.069s] Level 1:colcon.colcon_core.environment:checking '/home/offroad/radar_ws/install/radar_conti_ars408_msgs' for CMake module files
[1.069s] Level 1:colcon.colcon_core.environment:checking '/home/offroad/radar_ws/install/radar_conti_ars408_msgs' for CMake config files
[1.069s] Level 1:colcon.colcon_core.shell:create_environment_hook('radar_conti_ars408_msgs', 'cmake_prefix_path')
[1.070s] INFO:colcon.colcon_core.shell:Creating environment hook '/home/offroad/radar_ws/install/radar_conti_ars408_msgs/share/radar_conti_ars408_msgs/hook/cmake_prefix_path.ps1'
[1.070s] INFO:colcon.colcon_core.shell:Creating environment descriptor '/home/offroad/radar_ws/install/radar_conti_ars408_msgs/share/radar_conti_ars408_msgs/hook/cmake_prefix_path.dsv'
[1.071s] INFO:colcon.colcon_core.shell:Creating environment hook '/home/offroad/radar_ws/install/radar_conti_ars408_msgs/share/radar_conti_ars408_msgs/hook/cmake_prefix_path.sh'
[1.071s] Level 1:colcon.colcon_core.environment:checking '/home/offroad/radar_ws/install/radar_conti_ars408_msgs/lib'
[1.071s] Level 1:colcon.colcon_core.shell:create_environment_hook('radar_conti_ars408_msgs', 'ld_library_path_lib')
[1.072s] INFO:colcon.colcon_core.shell:Creating environment hook '/home/offroad/radar_ws/install/radar_conti_ars408_msgs/share/radar_conti_ars408_msgs/hook/ld_library_path_lib.ps1'
[1.072s] INFO:colcon.colcon_core.shell:Creating environment descriptor '/home/offroad/radar_ws/install/radar_conti_ars408_msgs/share/radar_conti_ars408_msgs/hook/ld_library_path_lib.dsv'
[1.072s] INFO:colcon.colcon_core.shell:Creating environment hook '/home/offroad/radar_ws/install/radar_conti_ars408_msgs/share/radar_conti_ars408_msgs/hook/ld_library_path_lib.sh'
[1.073s] Level 1:colcon.colcon_core.environment:checking '/home/offroad/radar_ws/install/radar_conti_ars408_msgs/bin'
[1.073s] Level 1:colcon.colcon_core.environment:checking '/home/offroad/radar_ws/install/radar_conti_ars408_msgs/lib/pkgconfig/radar_conti_ars408_msgs.pc'
[1.073s] Level 1:colcon.colcon_core.environment:checking '/home/offroad/radar_ws/install/radar_conti_ars408_msgs/lib/python3.8/site-packages'
[1.073s] Level 1:colcon.colcon_core.shell:create_environment_hook('radar_conti_ars408_msgs', 'pythonpath')
[1.073s] INFO:colcon.colcon_core.shell:Creating environment hook '/home/offroad/radar_ws/install/radar_conti_ars408_msgs/share/radar_conti_ars408_msgs/hook/pythonpath.ps1'
[1.074s] INFO:colcon.colcon_core.shell:Creating environment descriptor '/home/offroad/radar_ws/install/radar_conti_ars408_msgs/share/radar_conti_ars408_msgs/hook/pythonpath.dsv'
[1.074s] INFO:colcon.colcon_core.shell:Creating environment hook '/home/offroad/radar_ws/install/radar_conti_ars408_msgs/share/radar_conti_ars408_msgs/hook/pythonpath.sh'
[1.074s] Level 1:colcon.colcon_core.environment:checking '/home/offroad/radar_ws/install/radar_conti_ars408_msgs/bin'
[1.075s] INFO:colcon.colcon_core.shell:Creating package script '/home/offroad/radar_ws/install/radar_conti_ars408_msgs/share/radar_conti_ars408_msgs/package.ps1'
[1.075s] INFO:colcon.colcon_core.shell:Creating package descriptor '/home/offroad/radar_ws/install/radar_conti_ars408_msgs/share/radar_conti_ars408_msgs/package.dsv'
[1.076s] INFO:colcon.colcon_core.shell:Creating package script '/home/offroad/radar_ws/install/radar_conti_ars408_msgs/share/radar_conti_ars408_msgs/package.sh'
[1.076s] INFO:colcon.colcon_core.shell:Creating package script '/home/offroad/radar_ws/install/radar_conti_ars408_msgs/share/radar_conti_ars408_msgs/package.bash'
[1.076s] INFO:colcon.colcon_core.shell:Creating package script '/home/offroad/radar_ws/install/radar_conti_ars408_msgs/share/radar_conti_ars408_msgs/package.zsh'
[1.077s] Level 1:colcon.colcon_core.environment:create_file_with_runtime_dependencies(/home/offroad/radar_ws/install/radar_conti_ars408_msgs/share/colcon-core/packages/radar_conti_ars408_msgs)
[1.077s] INFO:colcon.colcon_ros.task.ament_cmake.build:Building ROS package in '/home/offroad/radar_ws/src/cpp_srvcli' with build type 'ament_cmake'
[1.077s] INFO:colcon.colcon_cmake.task.cmake.build:Building CMake package in '/home/offroad/radar_ws/src/cpp_srvcli'
[1.078s] INFO:colcon.colcon_core.shell:Skip shell extension 'powershell' for command environment: Not usable outside of PowerShell
[1.078s] DEBUG:colcon.colcon_core.shell:Skip shell extension 'dsv' for command environment
[1.082s] INFO:colcon.colcon_ros.task.ament_cmake.build:Building ROS package in '/home/offroad/radar_ws/src/radar_conti_ars408/src' with build type 'ament_cmake'
[1.082s] INFO:colcon.colcon_cmake.task.cmake.build:Building CMake package in '/home/offroad/radar_ws/src/radar_conti_ars408/src'
[1.083s] INFO:colcon.colcon_core.shell:Skip shell extension 'powershell' for command environment: Not usable outside of PowerShell
[1.083s] DEBUG:colcon.colcon_core.shell:Skip shell extension 'dsv' for command environment
[1.093s] DEBUG:colcon.colcon_core.event_handler.log_command:Invoking command in '/home/offroad/radar_ws/build/cpp_srvcli': CMAKE_PREFIX_PATH=/home/offroad/radar_ws/install/radar_conti_ars408_msgs:/home/offroad/radar_ws/install/cpp_srvcli:/home/offroad/radar_ws/install/cpp_pubsub:/home/offroad/radar_ws/install/ros2socketcan_bridge:/home/offroad/radar_ws/install/radar_conti_ars408:/home/offroad/radar_ws/install/can_msgs:/opt/ros/foxy LD_LIBRARY_PATH=/home/offroad/radar_ws/install/radar_conti_ars408_msgs/lib:/home/offroad/radar_ws/install/radar_conti_ars408/lib:/home/offroad/radar_ws/install/can_msgs/lib:/usr/lib/x86_64-linux-gnu/gazebo-11/plugins:/opt/ros/foxy/opt/yaml_cpp_vendor/lib:/opt/ros/foxy/opt/rviz_ogre_vendor/lib:/opt/ros/foxy/lib/x86_64-linux-gnu:/opt/ros/foxy/lib /usr/bin/cmake --build /home/offroad/radar_ws/build/cpp_srvcli -- -j12 -l12
[1.098s] DEBUG:colcon.colcon_core.event_handler.log_command:Invoking command in '/home/offroad/radar_ws/build/radar_conti_ars408': CMAKE_PREFIX_PATH=/home/offroad/radar_ws/install/ros2socketcan_bridge:/home/offroad/radar_ws/install/radar_conti_ars408_msgs:/home/offroad/radar_ws/install/can_msgs:/home/offroad/radar_ws/install/cpp_srvcli:/home/offroad/radar_ws/install/cpp_pubsub:/home/offroad/radar_ws/install/radar_conti_ars408:/opt/ros/foxy LD_LIBRARY_PATH=/home/offroad/radar_ws/install/radar_conti_ars408_msgs/lib:/home/offroad/radar_ws/install/can_msgs/lib:/home/offroad/radar_ws/install/radar_conti_ars408/lib:/usr/lib/x86_64-linux-gnu/gazebo-11/plugins:/opt/ros/foxy/opt/yaml_cpp_vendor/lib:/opt/ros/foxy/opt/rviz_ogre_vendor/lib:/opt/ros/foxy/lib/x86_64-linux-gnu:/opt/ros/foxy/lib /usr/bin/cmake --build /home/offroad/radar_ws/build/radar_conti_ars408 -- -j12 -l12
[1.157s] DEBUG:colcon.colcon_core.event_handler.log_command:Invoked command in '/home/offroad/radar_ws/build/cpp_srvcli' returned '0': CMAKE_PREFIX_PATH=/home/offroad/radar_ws/install/radar_conti_ars408_msgs:/home/offroad/radar_ws/install/cpp_srvcli:/home/offroad/radar_ws/install/cpp_pubsub:/home/offroad/radar_ws/install/ros2socketcan_bridge:/home/offroad/radar_ws/install/radar_conti_ars408:/home/offroad/radar_ws/install/can_msgs:/opt/ros/foxy LD_LIBRARY_PATH=/home/offroad/radar_ws/install/radar_conti_ars408_msgs/lib:/home/offroad/radar_ws/install/radar_conti_ars408/lib:/home/offroad/radar_ws/install/can_msgs/lib:/usr/lib/x86_64-linux-gnu/gazebo-11/plugins:/opt/ros/foxy/opt/yaml_cpp_vendor/lib:/opt/ros/foxy/opt/rviz_ogre_vendor/lib:/opt/ros/foxy/lib/x86_64-linux-gnu:/opt/ros/foxy/lib /usr/bin/cmake --build /home/offroad/radar_ws/build/cpp_srvcli -- -j12 -l12
[1.183s] DEBUG:colcon.colcon_core.event_handler.log_command:Invoking command in '/home/offroad/radar_ws/build/cpp_srvcli': CMAKE_PREFIX_PATH=/home/offroad/radar_ws/install/radar_conti_ars408_msgs:/home/offroad/radar_ws/install/cpp_srvcli:/home/offroad/radar_ws/install/cpp_pubsub:/home/offroad/radar_ws/install/ros2socketcan_bridge:/home/offroad/radar_ws/install/radar_conti_ars408:/home/offroad/radar_ws/install/can_msgs:/opt/ros/foxy LD_LIBRARY_PATH=/home/offroad/radar_ws/install/radar_conti_ars408_msgs/lib:/home/offroad/radar_ws/install/radar_conti_ars408/lib:/home/offroad/radar_ws/install/can_msgs/lib:/usr/lib/x86_64-linux-gnu/gazebo-11/plugins:/opt/ros/foxy/opt/yaml_cpp_vendor/lib:/opt/ros/foxy/opt/rviz_ogre_vendor/lib:/opt/ros/foxy/lib/x86_64-linux-gnu:/opt/ros/foxy/lib /usr/bin/cmake --install /home/offroad/radar_ws/build/cpp_srvcli
[1.192s] Level 1:colcon.colcon_core.environment:create_environment_scripts_only(cpp_srvcli)
[1.193s] Level 1:colcon.colcon_core.environment:checking '/home/offroad/radar_ws/install/cpp_srvcli' for CMake module files
[1.194s] DEBUG:colcon.colcon_core.event_handler.log_command:Invoked command in '/home/offroad/radar_ws/build/cpp_srvcli' returned '0': CMAKE_PREFIX_PATH=/home/offroad/radar_ws/install/radar_conti_ars408_msgs:/home/offroad/radar_ws/install/cpp_srvcli:/home/offroad/radar_ws/install/cpp_pubsub:/home/offroad/radar_ws/install/ros2socketcan_bridge:/home/offroad/radar_ws/install/radar_conti_ars408:/home/offroad/radar_ws/install/can_msgs:/opt/ros/foxy LD_LIBRARY_PATH=/home/offroad/radar_ws/install/radar_conti_ars408_msgs/lib:/home/offroad/radar_ws/install/radar_conti_ars408/lib:/home/offroad/radar_ws/install/can_msgs/lib:/usr/lib/x86_64-linux-gnu/gazebo-11/plugins:/opt/ros/foxy/opt/yaml_cpp_vendor/lib:/opt/ros/foxy/opt/rviz_ogre_vendor/lib:/opt/ros/foxy/lib/x86_64-linux-gnu:/opt/ros/foxy/lib /usr/bin/cmake --install /home/offroad/radar_ws/build/cpp_srvcli
[1.194s] Level 1:colcon.colcon_core.environment:checking '/home/offroad/radar_ws/install/cpp_srvcli' for CMake config files
[1.194s] Level 1:colcon.colcon_core.shell:create_environment_hook('cpp_srvcli', 'cmake_prefix_path')
[1.195s] INFO:colcon.colcon_core.shell:Creating environment hook '/home/offroad/radar_ws/install/cpp_srvcli/share/cpp_srvcli/hook/cmake_prefix_path.ps1'
[1.195s] INFO:colcon.colcon_core.shell:Creating environment descriptor '/home/offroad/radar_ws/install/cpp_srvcli/share/cpp_srvcli/hook/cmake_prefix_path.dsv'
[1.195s] INFO:colcon.colcon_core.shell:Creating environment hook '/home/offroad/radar_ws/install/cpp_srvcli/share/cpp_srvcli/hook/cmake_prefix_path.sh'
[1.196s] Level 1:colcon.colcon_core.environment:checking '/home/offroad/radar_ws/install/cpp_srvcli/lib'
[1.196s] Level 1:colcon.colcon_core.environment:checking '/home/offroad/radar_ws/install/cpp_srvcli/bin'
[1.196s] Level 1:colcon.colcon_core.environment:checking '/home/offroad/radar_ws/install/cpp_srvcli/lib/pkgconfig/cpp_srvcli.pc'
[1.196s] Level 1:colcon.colcon_core.environment:checking '/home/offroad/radar_ws/install/cpp_srvcli/lib/python3.8/site-packages'
[1.196s] Level 1:colcon.colcon_core.environment:checking '/home/offroad/radar_ws/install/cpp_srvcli/bin'
[1.197s] INFO:colcon.colcon_core.shell:Creating package script '/home/offroad/radar_ws/install/cpp_srvcli/share/cpp_srvcli/package.ps1'
[1.197s] INFO:colcon.colcon_core.shell:Creating package descriptor '/home/offroad/radar_ws/install/cpp_srvcli/share/cpp_srvcli/package.dsv'
[1.198s] INFO:colcon.colcon_core.shell:Creating package script '/home/offroad/radar_ws/install/cpp_srvcli/share/cpp_srvcli/package.sh'
[1.198s] INFO:colcon.colcon_core.shell:Creating package script '/home/offroad/radar_ws/install/cpp_srvcli/share/cpp_srvcli/package.bash'
[1.198s] INFO:colcon.colcon_core.shell:Creating package script '/home/offroad/radar_ws/install/cpp_srvcli/share/cpp_srvcli/package.zsh'
[1.198s] Level 1:colcon.colcon_core.environment:create_file_with_runtime_dependencies(/home/offroad/radar_ws/install/cpp_srvcli/share/colcon-core/packages/cpp_srvcli)
[1.222s] Level 1:colcon.colcon_core.environment:create_environment_scripts_only(cpp_srvcli)
[1.223s] Level 1:colcon.colcon_core.environment:checking '/home/offroad/radar_ws/install/cpp_srvcli' for CMake module files
[1.223s] Level 1:colcon.colcon_core.environment:checking '/home/offroad/radar_ws/install/cpp_srvcli' for CMake config files
[1.223s] Level 1:colcon.colcon_core.shell:create_environment_hook('cpp_srvcli', 'cmake_prefix_path')
[1.224s] INFO:colcon.colcon_core.shell:Creating environment hook '/home/offroad/radar_ws/install/cpp_srvcli/share/cpp_srvcli/hook/cmake_prefix_path.ps1'
[1.224s] INFO:colcon.colcon_core.shell:Creating environment descriptor '/home/offroad/radar_ws/install/cpp_srvcli/share/cpp_srvcli/hook/cmake_prefix_path.dsv'
[1.224s] INFO:colcon.colcon_core.shell:Creating environment hook '/home/offroad/radar_ws/install/cpp_srvcli/share/cpp_srvcli/hook/cmake_prefix_path.sh'
[1.225s] Level 1:colcon.colcon_core.environment:checking '/home/offroad/radar_ws/install/cpp_srvcli/lib'
[1.225s] Level 1:colcon.colcon_core.environment:checking '/home/offroad/radar_ws/install/cpp_srvcli/bin'
[1.225s] Level 1:colcon.colcon_core.environment:checking '/home/offroad/radar_ws/install/cpp_srvcli/lib/pkgconfig/cpp_srvcli.pc'
[1.225s] Level 1:colcon.colcon_core.environment:checking '/home/offroad/radar_ws/install/cpp_srvcli/lib/python3.8/site-packages'
[1.225s] Level 1:colcon.colcon_core.environment:checking '/home/offroad/radar_ws/install/cpp_srvcli/bin'
[1.226s] INFO:colcon.colcon_core.shell:Creating package script '/home/offroad/radar_ws/install/cpp_srvcli/share/cpp_srvcli/package.ps1'
[1.226s] INFO:colcon.colcon_core.shell:Creating package descriptor '/home/offroad/radar_ws/install/cpp_srvcli/share/cpp_srvcli/package.dsv'
[1.227s] INFO:colcon.colcon_core.shell:Creating package script '/home/offroad/radar_ws/install/cpp_srvcli/share/cpp_srvcli/package.sh'
[1.227s] INFO:colcon.colcon_core.shell:Creating package script '/home/offroad/radar_ws/install/cpp_srvcli/share/cpp_srvcli/package.bash'
[1.227s] INFO:colcon.colcon_core.shell:Creating package script '/home/offroad/radar_ws/install/cpp_srvcli/share/cpp_srvcli/package.zsh'
[1.228s] Level 1:colcon.colcon_core.environment:create_file_with_runtime_dependencies(/home/offroad/radar_ws/install/cpp_srvcli/share/colcon-core/packages/cpp_srvcli)
[9.275s] DEBUG:colcon.colcon_core.event_handler.log_command:Invoked command in '/home/offroad/radar_ws/build/radar_conti_ars408' returned '0': CMAKE_PREFIX_PATH=/home/offroad/radar_ws/install/ros2socketcan_bridge:/home/offroad/radar_ws/install/radar_conti_ars408_msgs:/home/offroad/radar_ws/install/can_msgs:/home/offroad/radar_ws/install/cpp_srvcli:/home/offroad/radar_ws/install/cpp_pubsub:/home/offroad/radar_ws/install/radar_conti_ars408:/opt/ros/foxy LD_LIBRARY_PATH=/home/offroad/radar_ws/install/radar_conti_ars408_msgs/lib:/home/offroad/radar_ws/install/can_msgs/lib:/home/offroad/radar_ws/install/radar_conti_ars408/lib:/usr/lib/x86_64-linux-gnu/gazebo-11/plugins:/opt/ros/foxy/opt/yaml_cpp_vendor/lib:/opt/ros/foxy/opt/rviz_ogre_vendor/lib:/opt/ros/foxy/lib/x86_64-linux-gnu:/opt/ros/foxy/lib /usr/bin/cmake --build /home/offroad/radar_ws/build/radar_conti_ars408 -- -j12 -l12
[9.301s] DEBUG:colcon.colcon_core.event_handler.log_command:Invoking command in '/home/offroad/radar_ws/build/radar_conti_ars408': CMAKE_PREFIX_PATH=/home/offroad/radar_ws/install/ros2socketcan_bridge:/home/offroad/radar_ws/install/radar_conti_ars408_msgs:/home/offroad/radar_ws/install/can_msgs:/home/offroad/radar_ws/install/cpp_srvcli:/home/offroad/radar_ws/install/cpp_pubsub:/home/offroad/radar_ws/install/radar_conti_ars408:/opt/ros/foxy LD_LIBRARY_PATH=/home/offroad/radar_ws/install/radar_conti_ars408_msgs/lib:/home/offroad/radar_ws/install/can_msgs/lib:/home/offroad/radar_ws/install/radar_conti_ars408/lib:/usr/lib/x86_64-linux-gnu/gazebo-11/plugins:/opt/ros/foxy/opt/yaml_cpp_vendor/lib:/opt/ros/foxy/opt/rviz_ogre_vendor/lib:/opt/ros/foxy/lib/x86_64-linux-gnu:/opt/ros/foxy/lib /usr/bin/cmake --install /home/offroad/radar_ws/build/radar_conti_ars408
[9.313s] Level 1:colcon.colcon_core.environment:create_environment_scripts_only(radar_conti_ars408)
[9.314s] Level 1:colcon.colcon_core.environment:checking '/home/offroad/radar_ws/install/radar_conti_ars408' for CMake module files
[9.315s] DEBUG:colcon.colcon_core.event_handler.log_command:Invoked command in '/home/offroad/radar_ws/build/radar_conti_ars408' returned '0': CMAKE_PREFIX_PATH=/home/offroad/radar_ws/install/ros2socketcan_bridge:/home/offroad/radar_ws/install/radar_conti_ars408_msgs:/home/offroad/radar_ws/install/can_msgs:/home/offroad/radar_ws/install/cpp_srvcli:/home/offroad/radar_ws/install/cpp_pubsub:/home/offroad/radar_ws/install/radar_conti_ars408:/opt/ros/foxy LD_LIBRARY_PATH=/home/offroad/radar_ws/install/radar_conti_ars408_msgs/lib:/home/offroad/radar_ws/install/can_msgs/lib:/home/offroad/radar_ws/install/radar_conti_ars408/lib:/usr/lib/x86_64-linux-gnu/gazebo-11/plugins:/opt/ros/foxy/opt/yaml_cpp_vendor/lib:/opt/ros/foxy/opt/rviz_ogre_vendor/lib:/opt/ros/foxy/lib/x86_64-linux-gnu:/opt/ros/foxy/lib /usr/bin/cmake --install /home/offroad/radar_ws/build/radar_conti_ars408
[9.315s] Level 1:colcon.colcon_core.environment:checking '/home/offroad/radar_ws/install/radar_conti_ars408' for CMake config files
[9.315s] Level 1:colcon.colcon_core.shell:create_environment_hook('radar_conti_ars408', 'cmake_prefix_path')
[9.315s] INFO:colcon.colcon_core.shell:Creating environment hook '/home/offroad/radar_ws/install/radar_conti_ars408/share/radar_conti_ars408/hook/cmake_prefix_path.ps1'
[9.316s] INFO:colcon.colcon_core.shell:Creating environment descriptor '/home/offroad/radar_ws/install/radar_conti_ars408/share/radar_conti_ars408/hook/cmake_prefix_path.dsv'
[9.316s] INFO:colcon.colcon_core.shell:Creating environment hook '/home/offroad/radar_ws/install/radar_conti_ars408/share/radar_conti_ars408/hook/cmake_prefix_path.sh'
[9.317s] Level 1:colcon.colcon_core.environment:checking '/home/offroad/radar_ws/install/radar_conti_ars408/lib'
[9.317s] Level 1:colcon.colcon_core.shell:create_environment_hook('radar_conti_ars408', 'ld_library_path_lib')
[9.317s] INFO:colcon.colcon_core.shell:Creating environment hook '/home/offroad/radar_ws/install/radar_conti_ars408/share/radar_conti_ars408/hook/ld_library_path_lib.ps1'
[9.318s] INFO:colcon.colcon_core.shell:Creating environment descriptor '/home/offroad/radar_ws/install/radar_conti_ars408/share/radar_conti_ars408/hook/ld_library_path_lib.dsv'
[9.318s] INFO:colcon.colcon_core.shell:Creating environment hook '/home/offroad/radar_ws/install/radar_conti_ars408/share/radar_conti_ars408/hook/ld_library_path_lib.sh'
[9.318s] Level 1:colcon.colcon_core.environment:checking '/home/offroad/radar_ws/install/radar_conti_ars408/bin'
[9.318s] Level 1:colcon.colcon_core.environment:checking '/home/offroad/radar_ws/install/radar_conti_ars408/lib/pkgconfig/radar_conti_ars408.pc'
[9.319s] Level 1:colcon.colcon_core.environment:checking '/home/offroad/radar_ws/install/radar_conti_ars408/lib/python3.8/site-packages'
[9.319s] Level 1:colcon.colcon_core.environment:checking '/home/offroad/radar_ws/install/radar_conti_ars408/bin'
[9.319s] INFO:colcon.colcon_core.shell:Creating package script '/home/offroad/radar_ws/install/radar_conti_ars408/share/radar_conti_ars408/package.ps1'
[9.320s] INFO:colcon.colcon_core.shell:Creating package descriptor '/home/offroad/radar_ws/install/radar_conti_ars408/share/radar_conti_ars408/package.dsv'
[9.320s] INFO:colcon.colcon_core.shell:Creating package script '/home/offroad/radar_ws/install/radar_conti_ars408/share/radar_conti_ars408/package.sh'
[9.320s] INFO:colcon.colcon_core.shell:Creating package script '/home/offroad/radar_ws/install/radar_conti_ars408/share/radar_conti_ars408/package.bash'
[9.321s] INFO:colcon.colcon_core.shell:Creating package script '/home/offroad/radar_ws/install/radar_conti_ars408/share/radar_conti_ars408/package.zsh'
[9.321s] Level 1:colcon.colcon_core.environment:create_file_with_runtime_dependencies(/home/offroad/radar_ws/install/radar_conti_ars408/share/colcon-core/packages/radar_conti_ars408)
[9.346s] Level 1:colcon.colcon_core.environment:create_environment_scripts_only(radar_conti_ars408)
[9.347s] Level 1:colcon.colcon_core.environment:checking '/home/offroad/radar_ws/install/radar_conti_ars408' for CMake module files
[9.347s] Level 1:colcon.colcon_core.environment:checking '/home/offroad/radar_ws/install/radar_conti_ars408' for CMake config files
[9.347s] Level 1:colcon.colcon_core.shell:create_environment_hook('radar_conti_ars408', 'cmake_prefix_path')
[9.348s] INFO:colcon.colcon_core.shell:Creating environment hook '/home/offroad/radar_ws/install/radar_conti_ars408/share/radar_conti_ars408/hook/cmake_prefix_path.ps1'
[9.348s] INFO:colcon.colcon_core.shell:Creating environment descriptor '/home/offroad/radar_ws/install/radar_conti_ars408/share/radar_conti_ars408/hook/cmake_prefix_path.dsv'
[9.348s] INFO:colcon.colcon_core.shell:Creating environment hook '/home/offroad/radar_ws/install/radar_conti_ars408/share/radar_conti_ars408/hook/cmake_prefix_path.sh'
[9.349s] Level 1:colcon.colcon_core.environment:checking '/home/offroad/radar_ws/install/radar_conti_ars408/lib'
[9.349s] Level 1:colcon.colcon_core.shell:create_environment_hook('radar_conti_ars408', 'ld_library_path_lib')
[9.349s] INFO:colcon.colcon_core.shell:Creating environment hook '/home/offroad/radar_ws/install/radar_conti_ars408/share/radar_conti_ars408/hook/ld_library_path_lib.ps1'
[9.349s] INFO:colcon.colcon_core.shell:Creating environment descriptor '/home/offroad/radar_ws/install/radar_conti_ars408/share/radar_conti_ars408/hook/ld_library_path_lib.dsv'
[9.350s] INFO:colcon.colcon_core.shell:Creating environment hook '/home/offroad/radar_ws/install/radar_conti_ars408/share/radar_conti_ars408/hook/ld_library_path_lib.sh'
[9.350s] Level 1:colcon.colcon_core.environment:checking '/home/offroad/radar_ws/install/radar_conti_ars408/bin'
[9.350s] Level 1:colcon.colcon_core.environment:checking '/home/offroad/radar_ws/install/radar_conti_ars408/lib/pkgconfig/radar_conti_ars408.pc'
[9.350s] Level 1:colcon.colcon_core.environment:checking '/home/offroad/radar_ws/install/radar_conti_ars408/lib/python3.8/site-packages'
[9.350s] Level 1:colcon.colcon_core.environment:checking '/home/offroad/radar_ws/install/radar_conti_ars408/bin'
[9.351s] INFO:colcon.colcon_core.shell:Creating package script '/home/offroad/radar_ws/install/radar_conti_ars408/share/radar_conti_ars408/package.ps1'
[9.351s] INFO:colcon.colcon_core.shell:Creating package descriptor '/home/offroad/radar_ws/install/radar_conti_ars408/share/radar_conti_ars408/package.dsv'
[9.352s] INFO:colcon.colcon_core.shell:Creating package script '/home/offroad/radar_ws/install/radar_conti_ars408/share/radar_conti_ars408/package.sh'
[9.352s] INFO:colcon.colcon_core.shell:Creating package script '/home/offroad/radar_ws/install/radar_conti_ars408/share/radar_conti_ars408/package.bash'
[9.352s] INFO:colcon.colcon_core.shell:Creating package script '/home/offroad/radar_ws/install/radar_conti_ars408/share/radar_conti_ars408/package.zsh'
[9.353s] Level 1:colcon.colcon_core.environment:create_file_with_runtime_dependencies(/home/offroad/radar_ws/install/radar_conti_ars408/share/colcon-core/packages/radar_conti_ars408)
[9.353s] DEBUG:colcon.colcon_parallel_executor.executor.parallel:closing loop
[9.353s] DEBUG:colcon.colcon_parallel_executor.executor.parallel:loop closed
[9.353s] DEBUG:colcon.colcon_parallel_executor.executor.parallel:run_until_complete finished with '0'
[9.353s] DEBUG:colcon.colcon_core.event_reactor:joining thread
[9.359s] INFO:colcon.colcon_core.plugin_system:Skipping extension 'colcon_notification.desktop_notification.terminal_notifier': Not used on non-Darwin systems
[9.359s] INFO:colcon.colcon_core.plugin_system:Skipping extension 'colcon_notification.desktop_notification.win32': Not used on non-Windows systems
[9.359s] INFO:colcon.colcon_notification.desktop_notification:Sending desktop notification using 'notify2'
[9.370s] DEBUG:colcon.colcon_core.event_reactor:joined thread
[9.371s] INFO:colcon.colcon_core.shell:Creating prefix script '/home/offroad/radar_ws/install/local_setup.ps1'
[9.372s] INFO:colcon.colcon_core.shell:Creating prefix util module '/home/offroad/radar_ws/install/_local_setup_util_ps1.py'
[9.373s] INFO:colcon.colcon_core.shell:Creating prefix chain script '/home/offroad/radar_ws/install/setup.ps1'
[9.374s] INFO:colcon.colcon_core.shell:Creating prefix script '/home/offroad/radar_ws/install/local_setup.sh'
[9.374s] INFO:colcon.colcon_core.shell:Creating prefix util module '/home/offroad/radar_ws/install/_local_setup_util_sh.py'
[9.375s] INFO:colcon.colcon_core.shell:Creating prefix chain script '/home/offroad/radar_ws/install/setup.sh'
[9.376s] INFO:colcon.colcon_core.shell:Creating prefix script '/home/offroad/radar_ws/install/local_setup.bash'
[9.376s] INFO:colcon.colcon_core.shell:Creating prefix chain script '/home/offroad/radar_ws/install/setup.bash'
[9.377s] INFO:colcon.colcon_core.shell:Creating prefix script '/home/offroad/radar_ws/install/local_setup.zsh'
[9.378s] INFO:colcon.colcon_core.shell:Creating prefix chain script '/home/offroad/radar_ws/install/setup.zsh'
