[0.047s] Invoking command in '/home/offroad/radar_ws/src/build/cpp_srvcli': CMAKE_PREFIX_PATH=/home/offroad/radar_ws/src/install/radar_conti_ars408_msgs:/home/offroad/radar_ws/src/install/ros2socketcan_bridge:/home/offroad/radar_ws/src/install/radar_conti_ars408:/home/offroad/radar_ws/src/install/cpp_srvcli:/home/offroad/radar_ws/src/install/can_msgs:/home/offroad/radar_ws/install/ros2socketcan_bridge:/home/offroad/radar_ws/install/radar_conti_ars408:/home/offroad/radar_ws/install/cpp_srvcli:/home/offroad/radar_ws/install/radar_conti_ars408_msgs:/home/offroad/radar_ws/install/cpp_pubsub:/home/offroad/radar_ws/install/can_msgs:/opt/ros/foxy LD_LIBRARY_PATH=/home/offroad/radar_ws/src/install/radar_conti_ars408_msgs/lib:/home/offroad/radar_ws/src/install/radar_conti_ars408/lib:/home/offroad/radar_ws/src/install/can_msgs/lib:/home/offroad/radar_ws/install/radar_conti_ars408/lib:/home/offroad/radar_ws/install/radar_conti_ars408_msgs/lib:/home/offroad/radar_ws/install/can_msgs/lib:/usr/lib/x86_64-linux-gnu/gazebo-11/plugins:/opt/ros/foxy/opt/yaml_cpp_vendor/lib:/opt/ros/foxy/opt/rviz_ogre_vendor/lib:/opt/ros/foxy/lib/x86_64-linux-gnu:/opt/ros/foxy/lib /usr/bin/cmake --build /home/offroad/radar_ws/src/build/cpp_srvcli -- -j12 -l12
[0.234s] [ 50%] Built target client
[0.237s] [100%] Built target server
[0.264s] Invoked command in '/home/offroad/radar_ws/src/build/cpp_srvcli' returned '0': CMAKE_PREFIX_PATH=/home/offroad/radar_ws/src/install/radar_conti_ars408_msgs:/home/offroad/radar_ws/src/install/ros2socketcan_bridge:/home/offroad/radar_ws/src/install/radar_conti_ars408:/home/offroad/radar_ws/src/install/cpp_srvcli:/home/offroad/radar_ws/src/install/can_msgs:/home/offroad/radar_ws/install/ros2socketcan_bridge:/home/offroad/radar_ws/install/radar_conti_ars408:/home/offroad/radar_ws/install/cpp_srvcli:/home/offroad/radar_ws/install/radar_conti_ars408_msgs:/home/offroad/radar_ws/install/cpp_pubsub:/home/offroad/radar_ws/install/can_msgs:/opt/ros/foxy LD_LIBRARY_PATH=/home/offroad/radar_ws/src/install/radar_conti_ars408_msgs/lib:/home/offroad/radar_ws/src/install/radar_conti_ars408/lib:/home/offroad/radar_ws/src/install/can_msgs/lib:/home/offroad/radar_ws/install/radar_conti_ars408/lib:/home/offroad/radar_ws/install/radar_conti_ars408_msgs/lib:/home/offroad/radar_ws/install/can_msgs/lib:/usr/lib/x86_64-linux-gnu/gazebo-11/plugins:/opt/ros/foxy/opt/yaml_cpp_vendor/lib:/opt/ros/foxy/opt/rviz_ogre_vendor/lib:/opt/ros/foxy/lib/x86_64-linux-gnu:/opt/ros/foxy/lib /usr/bin/cmake --build /home/offroad/radar_ws/src/build/cpp_srvcli -- -j12 -l12
[0.333s] Invoking command in '/home/offroad/radar_ws/src/build/cpp_srvcli': CMAKE_PREFIX_PATH=/home/offroad/radar_ws/src/install/radar_conti_ars408_msgs:/home/offroad/radar_ws/src/install/ros2socketcan_bridge:/home/offroad/radar_ws/src/install/radar_conti_ars408:/home/offroad/radar_ws/src/install/cpp_srvcli:/home/offroad/radar_ws/src/install/can_msgs:/home/offroad/radar_ws/install/ros2socketcan_bridge:/home/offroad/radar_ws/install/radar_conti_ars408:/home/offroad/radar_ws/install/cpp_srvcli:/home/offroad/radar_ws/install/radar_conti_ars408_msgs:/home/offroad/radar_ws/install/cpp_pubsub:/home/offroad/radar_ws/install/can_msgs:/opt/ros/foxy LD_LIBRARY_PATH=/home/offroad/radar_ws/src/install/radar_conti_ars408_msgs/lib:/home/offroad/radar_ws/src/install/radar_conti_ars408/lib:/home/offroad/radar_ws/src/install/can_msgs/lib:/home/offroad/radar_ws/install/radar_conti_ars408/lib:/home/offroad/radar_ws/install/radar_conti_ars408_msgs/lib:/home/offroad/radar_ws/install/can_msgs/lib:/usr/lib/x86_64-linux-gnu/gazebo-11/plugins:/opt/ros/foxy/opt/yaml_cpp_vendor/lib:/opt/ros/foxy/opt/rviz_ogre_vendor/lib:/opt/ros/foxy/lib/x86_64-linux-gnu:/opt/ros/foxy/lib /usr/bin/cmake --install /home/offroad/radar_ws/src/build/cpp_srvcli
[0.355s] -- Install configuration: ""
[0.356s] -- Up-to-date: /home/offroad/radar_ws/src/install/cpp_srvcli/lib/cpp_srvcli/server
[0.357s] -- Up-to-date: /home/offroad/radar_ws/src/install/cpp_srvcli/lib/cpp_srvcli/client
[0.357s] -- Up-to-date: /home/offroad/radar_ws/src/install/cpp_srvcli/share/ament_index/resource_index/package_run_dependencies/cpp_srvcli
[0.357s] -- Up-to-date: /home/offroad/radar_ws/src/install/cpp_srvcli/share/ament_index/resource_index/parent_prefix_path/cpp_srvcli
[0.357s] -- Up-to-date: /home/offroad/radar_ws/src/install/cpp_srvcli/share/cpp_srvcli/environment/ament_prefix_path.sh
[0.358s] -- Up-to-date: /home/offroad/radar_ws/src/install/cpp_srvcli/share/cpp_srvcli/environment/ament_prefix_path.dsv
[0.358s] -- Up-to-date: /home/offroad/radar_ws/src/install/cpp_srvcli/share/cpp_srvcli/environment/path.sh
[0.358s] -- Up-to-date: /home/offroad/radar_ws/src/install/cpp_srvcli/share/cpp_srvcli/environment/path.dsv
[0.358s] -- Up-to-date: /home/offroad/radar_ws/src/install/cpp_srvcli/share/cpp_srvcli/local_setup.bash
[0.358s] -- Up-to-date: /home/offroad/radar_ws/src/install/cpp_srvcli/share/cpp_srvcli/local_setup.sh
[0.358s] -- Up-to-date: /home/offroad/radar_ws/src/install/cpp_srvcli/share/cpp_srvcli/local_setup.zsh
[0.358s] -- Up-to-date: /home/offroad/radar_ws/src/install/cpp_srvcli/share/cpp_srvcli/local_setup.dsv
[0.358s] -- Installing: /home/offroad/radar_ws/src/install/cpp_srvcli/share/cpp_srvcli/package.dsv
[0.358s] -- Up-to-date: /home/offroad/radar_ws/src/install/cpp_srvcli/share/ament_index/resource_index/packages/cpp_srvcli
[0.359s] -- Up-to-date: /home/offroad/radar_ws/src/install/cpp_srvcli/share/cpp_srvcli/cmake/cpp_srvcliConfig.cmake
[0.359s] -- Up-to-date: /home/offroad/radar_ws/src/install/cpp_srvcli/share/cpp_srvcli/cmake/cpp_srvcliConfig-version.cmake
[0.359s] -- Up-to-date: /home/offroad/radar_ws/src/install/cpp_srvcli/share/cpp_srvcli/package.xml
[0.364s] Invoked command in '/home/offroad/radar_ws/src/build/cpp_srvcli' returned '0': CMAKE_PREFIX_PATH=/home/offroad/radar_ws/src/install/radar_conti_ars408_msgs:/home/offroad/radar_ws/src/install/ros2socketcan_bridge:/home/offroad/radar_ws/src/install/radar_conti_ars408:/home/offroad/radar_ws/src/install/cpp_srvcli:/home/offroad/radar_ws/src/install/can_msgs:/home/offroad/radar_ws/install/ros2socketcan_bridge:/home/offroad/radar_ws/install/radar_conti_ars408:/home/offroad/radar_ws/install/cpp_srvcli:/home/offroad/radar_ws/install/radar_conti_ars408_msgs:/home/offroad/radar_ws/install/cpp_pubsub:/home/offroad/radar_ws/install/can_msgs:/opt/ros/foxy LD_LIBRARY_PATH=/home/offroad/radar_ws/src/install/radar_conti_ars408_msgs/lib:/home/offroad/radar_ws/src/install/radar_conti_ars408/lib:/home/offroad/radar_ws/src/install/can_msgs/lib:/home/offroad/radar_ws/install/radar_conti_ars408/lib:/home/offroad/radar_ws/install/radar_conti_ars408_msgs/lib:/home/offroad/radar_ws/install/can_msgs/lib:/usr/lib/x86_64-linux-gnu/gazebo-11/plugins:/opt/ros/foxy/opt/yaml_cpp_vendor/lib:/opt/ros/foxy/opt/rviz_ogre_vendor/lib:/opt/ros/foxy/lib/x86_64-linux-gnu:/opt/ros/foxy/lib /usr/bin/cmake --install /home/offroad/radar_ws/src/build/cpp_srvcli
