[0.017s] Invoking command in '/home/offroad/radar_ws/build/radar_conti_ars408_msgs': CMAKE_PREFIX_PATH=${CMAKE_PREFIX_PATH}:/opt/ros/foxy /usr/bin/cmake --build /home/offroad/radar_ws/build/radar_conti_ars408_msgs -- -j12 -l12
[0.068s] [  0%] Built target radar_conti_ars408_msgs__cpp
[0.082s] [ 12%] Built target radar_conti_ars408_msgs__rosidl_generator_c
[0.098s] [ 36%] Built target radar_conti_ars408_msgs__rosidl_typesupport_cpp
[0.098s] [ 36%] Built target radar_conti_ars408_msgs__rosidl_typesupport_introspection_cpp
[0.103s] [ 48%] Built target radar_conti_ars408_msgs__rosidl_typesupport_fastrtps_cpp
[0.109s] [ 60%] Built target radar_conti_ars408_msgs__rosidl_typesupport_c
[0.113s] [ 72%] Built target radar_conti_ars408_msgs__rosidl_typesupport_introspection_c
[0.134s] [ 84%] Built target radar_conti_ars408_msgs__rosidl_typesupport_fastrtps_c
[0.152s] [ 84%] Built target radar_conti_ars408_msgs
[0.171s] [ 85%] Built target radar_conti_ars408_msgs__py
[0.208s] [ 96%] Built target radar_conti_ars408_msgs__python
[0.233s] [100%] Built target radar_conti_ars408_msgs__rosidl_typesupport_c__pyext
[0.234s] [100%] Built target radar_conti_ars408_msgs__rosidl_typesupport_fastrtps_c__pyext
[0.234s] [100%] Built target radar_conti_ars408_msgs__rosidl_typesupport_introspection_c__pyext
[0.244s] Invoked command in '/home/offroad/radar_ws/build/radar_conti_ars408_msgs' returned '0': CMAKE_PREFIX_PATH=${CMAKE_PREFIX_PATH}:/opt/ros/foxy /usr/bin/cmake --build /home/offroad/radar_ws/build/radar_conti_ars408_msgs -- -j12 -l12
[0.508s] Invoking command in '/home/offroad/radar_ws/build/radar_conti_ars408_msgs': CMAKE_PREFIX_PATH=${CMAKE_PREFIX_PATH}:/opt/ros/foxy /usr/bin/cmake --install /home/offroad/radar_ws/build/radar_conti_ars408_msgs
[0.516s] -- Install configuration: ""
[0.516s] -- Up-to-date: /home/offroad/radar_ws/install/radar_conti_ars408_msgs/share/ament_index/resource_index/rosidl_interfaces/radar_conti_ars408_msgs
[0.516s] -- Up-to-date: /home/offroad/radar_ws/install/radar_conti_ars408_msgs/include/radar_conti_ars408_msgs
[0.517s] -- Up-to-date: /home/offroad/radar_ws/install/radar_conti_ars408_msgs/include/radar_conti_ars408_msgs/srv
[0.517s] -- Up-to-date: /home/offroad/radar_ws/install/radar_conti_ars408_msgs/include/radar_conti_ars408_msgs/srv/detail
[0.517s] -- Up-to-date: /home/offroad/radar_ws/install/radar_conti_ars408_msgs/include/radar_conti_ars408_msgs/srv/detail/add_three_ints__functions.h
[0.517s] -- Up-to-date: /home/offroad/radar_ws/install/radar_conti_ars408_msgs/include/radar_conti_ars408_msgs/srv/detail/add_three_ints__functions.c
[0.517s] -- Up-to-date: /home/offroad/radar_ws/install/radar_conti_ars408_msgs/include/radar_conti_ars408_msgs/srv/detail/add_three_ints__type_support.h
[0.517s] -- Up-to-date: /home/offroad/radar_ws/install/radar_conti_ars408_msgs/include/radar_conti_ars408_msgs/srv/detail/add_three_ints__struct.h
[0.517s] -- Up-to-date: /home/offroad/radar_ws/install/radar_conti_ars408_msgs/include/radar_conti_ars408_msgs/srv/add_three_ints.h
[0.517s] -- Up-to-date: /home/offroad/radar_ws/install/radar_conti_ars408_msgs/include/radar_conti_ars408_msgs/msg
[0.517s] -- Up-to-date: /home/offroad/radar_ws/install/radar_conti_ars408_msgs/include/radar_conti_ars408_msgs/msg/detail
[0.518s] -- Up-to-date: /home/offroad/radar_ws/install/radar_conti_ars408_msgs/include/radar_conti_ars408_msgs/msg/detail/cluster_list__functions.c
[0.518s] -- Up-to-date: /home/offroad/radar_ws/install/radar_conti_ars408_msgs/include/radar_conti_ars408_msgs/msg/detail/cluster_quality__struct.h
[0.518s] -- Up-to-date: /home/offroad/radar_ws/install/radar_conti_ars408_msgs/include/radar_conti_ars408_msgs/msg/detail/radar_configuration__struct.h
[0.518s] -- Up-to-date: /home/offroad/radar_ws/install/radar_conti_ars408_msgs/include/radar_conti_ars408_msgs/msg/detail/version_id__type_support.h
[0.518s] -- Up-to-date: /home/offroad/radar_ws/install/radar_conti_ars408_msgs/include/radar_conti_ars408_msgs/msg/detail/cluster_general__functions.h
[0.518s] -- Up-to-date: /home/offroad/radar_ws/install/radar_conti_ars408_msgs/include/radar_conti_ars408_msgs/msg/detail/filter_state_header__type_support.h
[0.518s] -- Up-to-date: /home/offroad/radar_ws/install/radar_conti_ars408_msgs/include/radar_conti_ars408_msgs/msg/detail/object_quality__struct.h
[0.518s] -- Up-to-date: /home/offroad/radar_ws/install/radar_conti_ars408_msgs/include/radar_conti_ars408_msgs/msg/detail/cluster__functions.h
[0.518s] -- Up-to-date: /home/offroad/radar_ws/install/radar_conti_ars408_msgs/include/radar_conti_ars408_msgs/msg/detail/filter_state_cfg__struct.h
[0.519s] -- Up-to-date: /home/offroad/radar_ws/install/radar_conti_ars408_msgs/include/radar_conti_ars408_msgs/msg/detail/cluster_general__struct.h
[0.519s] -- Up-to-date: /home/offroad/radar_ws/install/radar_conti_ars408_msgs/include/radar_conti_ars408_msgs/msg/detail/object_list__functions.h
[0.519s] -- Up-to-date: /home/offroad/radar_ws/install/radar_conti_ars408_msgs/include/radar_conti_ars408_msgs/msg/detail/filter_state_header__functions.h
[0.519s] -- Up-to-date: /home/offroad/radar_ws/install/radar_conti_ars408_msgs/include/radar_conti_ars408_msgs/msg/detail/cluster_list__struct.h
[0.519s] -- Up-to-date: /home/offroad/radar_ws/install/radar_conti_ars408_msgs/include/radar_conti_ars408_msgs/msg/detail/version_id__functions.h
[0.519s] -- Up-to-date: /home/offroad/radar_ws/install/radar_conti_ars408_msgs/include/radar_conti_ars408_msgs/msg/detail/cluster__functions.c
[0.519s] -- Up-to-date: /home/offroad/radar_ws/install/radar_conti_ars408_msgs/include/radar_conti_ars408_msgs/msg/detail/filter_state_cfg__type_support.h
[0.519s] -- Up-to-date: /home/offroad/radar_ws/install/radar_conti_ars408_msgs/include/radar_conti_ars408_msgs/msg/detail/num__struct.h
[0.519s] -- Up-to-date: /home/offroad/radar_ws/install/radar_conti_ars408_msgs/include/radar_conti_ars408_msgs/msg/detail/radar_state__functions.h
[0.519s] -- Up-to-date: /home/offroad/radar_ws/install/radar_conti_ars408_msgs/include/radar_conti_ars408_msgs/msg/detail/object_extended__struct.h
[0.519s] -- Up-to-date: /home/offroad/radar_ws/install/radar_conti_ars408_msgs/include/radar_conti_ars408_msgs/msg/detail/num__functions.c
[0.520s] -- Up-to-date: /home/offroad/radar_ws/install/radar_conti_ars408_msgs/include/radar_conti_ars408_msgs/msg/detail/radar_configuration__type_support.h
[0.520s] -- Up-to-date: /home/offroad/radar_ws/install/radar_conti_ars408_msgs/include/radar_conti_ars408_msgs/msg/detail/version_id__functions.c
[0.520s] -- Up-to-date: /home/offroad/radar_ws/install/radar_conti_ars408_msgs/include/radar_conti_ars408_msgs/msg/detail/object_list__struct.h
[0.520s] -- Up-to-date: /home/offroad/radar_ws/install/radar_conti_ars408_msgs/include/radar_conti_ars408_msgs/msg/detail/object_general__functions.c
[0.520s] -- Up-to-date: /home/offroad/radar_ws/install/radar_conti_ars408_msgs/include/radar_conti_ars408_msgs/msg/detail/filter_cfg__type_support.h
[0.520s] -- Up-to-date: /home/offroad/radar_ws/install/radar_conti_ars408_msgs/include/radar_conti_ars408_msgs/msg/detail/filter_state_header__functions.c
[0.520s] -- Up-to-date: /home/offroad/radar_ws/install/radar_conti_ars408_msgs/include/radar_conti_ars408_msgs/msg/detail/cluster_status__functions.h
[0.520s] -- Up-to-date: /home/offroad/radar_ws/install/radar_conti_ars408_msgs/include/radar_conti_ars408_msgs/msg/detail/cluster_list__type_support.h
[0.520s] -- Up-to-date: /home/offroad/radar_ws/install/radar_conti_ars408_msgs/include/radar_conti_ars408_msgs/msg/detail/radar_configuration__functions.h
[0.521s] -- Up-to-date: /home/offroad/radar_ws/install/radar_conti_ars408_msgs/include/radar_conti_ars408_msgs/msg/detail/object_status__struct.h
[0.521s] -- Up-to-date: /home/offroad/radar_ws/install/radar_conti_ars408_msgs/include/radar_conti_ars408_msgs/msg/detail/cluster_status__struct.h
[0.521s] -- Up-to-date: /home/offroad/radar_ws/install/radar_conti_ars408_msgs/include/radar_conti_ars408_msgs/msg/detail/object_general__struct.h
[0.521s] -- Up-to-date: /home/offroad/radar_ws/install/radar_conti_ars408_msgs/include/radar_conti_ars408_msgs/msg/detail/filter_state_cfg__functions.h
[0.521s] -- Up-to-date: /home/offroad/radar_ws/install/radar_conti_ars408_msgs/include/radar_conti_ars408_msgs/msg/detail/radar_configuration__functions.c
[0.521s] -- Up-to-date: /home/offroad/radar_ws/install/radar_conti_ars408_msgs/include/radar_conti_ars408_msgs/msg/detail/object_quality__type_support.h
[0.521s] -- Up-to-date: /home/offroad/radar_ws/install/radar_conti_ars408_msgs/include/radar_conti_ars408_msgs/msg/detail/filter_state_header__struct.h
[0.521s] -- Up-to-date: /home/offroad/radar_ws/install/radar_conti_ars408_msgs/include/radar_conti_ars408_msgs/msg/detail/cluster_list__functions.h
[0.521s] -- Up-to-date: /home/offroad/radar_ws/install/radar_conti_ars408_msgs/include/radar_conti_ars408_msgs/msg/detail/cluster__type_support.h
[0.521s] -- Up-to-date: /home/offroad/radar_ws/install/radar_conti_ars408_msgs/include/radar_conti_ars408_msgs/msg/detail/object_extended__functions.c
[0.521s] -- Up-to-date: /home/offroad/radar_ws/install/radar_conti_ars408_msgs/include/radar_conti_ars408_msgs/msg/detail/cluster_status__type_support.h
[0.521s] -- Up-to-date: /home/offroad/radar_ws/install/radar_conti_ars408_msgs/include/radar_conti_ars408_msgs/msg/detail/object__functions.c
[0.522s] -- Up-to-date: /home/offroad/radar_ws/install/radar_conti_ars408_msgs/include/radar_conti_ars408_msgs/msg/detail/filter_cfg__functions.c
[0.522s] -- Up-to-date: /home/offroad/radar_ws/install/radar_conti_ars408_msgs/include/radar_conti_ars408_msgs/msg/detail/object_extended__type_support.h
[0.522s] -- Up-to-date: /home/offroad/radar_ws/install/radar_conti_ars408_msgs/include/radar_conti_ars408_msgs/msg/detail/object_extended__functions.h
[0.522s] -- Up-to-date: /home/offroad/radar_ws/install/radar_conti_ars408_msgs/include/radar_conti_ars408_msgs/msg/detail/version_id__struct.h
[0.522s] -- Up-to-date: /home/offroad/radar_ws/install/radar_conti_ars408_msgs/include/radar_conti_ars408_msgs/msg/detail/object__type_support.h
[0.522s] -- Up-to-date: /home/offroad/radar_ws/install/radar_conti_ars408_msgs/include/radar_conti_ars408_msgs/msg/detail/cluster_quality__functions.c
[0.523s] -- Up-to-date: /home/offroad/radar_ws/install/radar_conti_ars408_msgs/include/radar_conti_ars408_msgs/msg/detail/object_quality__functions.h
[0.523s] -- Up-to-date: /home/offroad/radar_ws/install/radar_conti_ars408_msgs/include/radar_conti_ars408_msgs/msg/detail/cluster_general__functions.c
[0.523s] -- Up-to-date: /home/offroad/radar_ws/install/radar_conti_ars408_msgs/include/radar_conti_ars408_msgs/msg/detail/cluster_general__type_support.h
[0.523s] -- Up-to-date: /home/offroad/radar_ws/install/radar_conti_ars408_msgs/include/radar_conti_ars408_msgs/msg/detail/radar_state__type_support.h
[0.523s] -- Up-to-date: /home/offroad/radar_ws/install/radar_conti_ars408_msgs/include/radar_conti_ars408_msgs/msg/detail/object_status__functions.c
[0.523s] -- Up-to-date: /home/offroad/radar_ws/install/radar_conti_ars408_msgs/include/radar_conti_ars408_msgs/msg/detail/object_status__functions.h
[0.523s] -- Up-to-date: /home/offroad/radar_ws/install/radar_conti_ars408_msgs/include/radar_conti_ars408_msgs/msg/detail/num__type_support.h
[0.524s] -- Up-to-date: /home/offroad/radar_ws/install/radar_conti_ars408_msgs/include/radar_conti_ars408_msgs/msg/detail/object_list__functions.c
[0.524s] -- Up-to-date: /home/offroad/radar_ws/install/radar_conti_ars408_msgs/include/radar_conti_ars408_msgs/msg/detail/radar_state__struct.h
[0.524s] -- Up-to-date: /home/offroad/radar_ws/install/radar_conti_ars408_msgs/include/radar_conti_ars408_msgs/msg/detail/object_list__type_support.h
[0.524s] -- Up-to-date: /home/offroad/radar_ws/install/radar_conti_ars408_msgs/include/radar_conti_ars408_msgs/msg/detail/radar_state__functions.c
[0.524s] -- Up-to-date: /home/offroad/radar_ws/install/radar_conti_ars408_msgs/include/radar_conti_ars408_msgs/msg/detail/filter_cfg__functions.h
[0.524s] -- Up-to-date: /home/offroad/radar_ws/install/radar_conti_ars408_msgs/include/radar_conti_ars408_msgs/msg/detail/filter_state_cfg__functions.c
[0.524s] -- Up-to-date: /home/offroad/radar_ws/install/radar_conti_ars408_msgs/include/radar_conti_ars408_msgs/msg/detail/cluster_quality__type_support.h
[0.524s] -- Up-to-date: /home/offroad/radar_ws/install/radar_conti_ars408_msgs/include/radar_conti_ars408_msgs/msg/detail/object_general__type_support.h
[0.524s] -- Up-to-date: /home/offroad/radar_ws/install/radar_conti_ars408_msgs/include/radar_conti_ars408_msgs/msg/detail/num__functions.h
[0.524s] -- Up-to-date: /home/offroad/radar_ws/install/radar_conti_ars408_msgs/include/radar_conti_ars408_msgs/msg/detail/filter_cfg__struct.h
[0.524s] -- Up-to-date: /home/offroad/radar_ws/install/radar_conti_ars408_msgs/include/radar_conti_ars408_msgs/msg/detail/object_status__type_support.h
[0.524s] -- Up-to-date: /home/offroad/radar_ws/install/radar_conti_ars408_msgs/include/radar_conti_ars408_msgs/msg/detail/object__struct.h
[0.524s] -- Up-to-date: /home/offroad/radar_ws/install/radar_conti_ars408_msgs/include/radar_conti_ars408_msgs/msg/detail/cluster_status__functions.c
[0.525s] -- Up-to-date: /home/offroad/radar_ws/install/radar_conti_ars408_msgs/include/radar_conti_ars408_msgs/msg/detail/object__functions.h
[0.525s] -- Up-to-date: /home/offroad/radar_ws/install/radar_conti_ars408_msgs/include/radar_conti_ars408_msgs/msg/detail/cluster__struct.h
[0.525s] -- Up-to-date: /home/offroad/radar_ws/install/radar_conti_ars408_msgs/include/radar_conti_ars408_msgs/msg/detail/object_quality__functions.c
[0.525s] -- Up-to-date: /home/offroad/radar_ws/install/radar_conti_ars408_msgs/include/radar_conti_ars408_msgs/msg/detail/object_general__functions.h
[0.525s] -- Up-to-date: /home/offroad/radar_ws/install/radar_conti_ars408_msgs/include/radar_conti_ars408_msgs/msg/detail/cluster_quality__functions.h
[0.525s] -- Up-to-date: /home/offroad/radar_ws/install/radar_conti_ars408_msgs/include/radar_conti_ars408_msgs/msg/object_status.h
[0.525s] -- Up-to-date: /home/offroad/radar_ws/install/radar_conti_ars408_msgs/include/radar_conti_ars408_msgs/msg/radar_configuration.h
[0.525s] -- Up-to-date: /home/offroad/radar_ws/install/radar_conti_ars408_msgs/include/radar_conti_ars408_msgs/msg/cluster_list.h
[0.525s] -- Up-to-date: /home/offroad/radar_ws/install/radar_conti_ars408_msgs/include/radar_conti_ars408_msgs/msg/rosidl_generator_c__visibility_control.h
[0.525s] -- Up-to-date: /home/offroad/radar_ws/install/radar_conti_ars408_msgs/include/radar_conti_ars408_msgs/msg/cluster_general.h
[0.525s] -- Up-to-date: /home/offroad/radar_ws/install/radar_conti_ars408_msgs/include/radar_conti_ars408_msgs/msg/object_extended.h
[0.525s] -- Up-to-date: /home/offroad/radar_ws/install/radar_conti_ars408_msgs/include/radar_conti_ars408_msgs/msg/filter_cfg.h
[0.525s] -- Up-to-date: /home/offroad/radar_ws/install/radar_conti_ars408_msgs/include/radar_conti_ars408_msgs/msg/num.h
[0.525s] -- Up-to-date: /home/offroad/radar_ws/install/radar_conti_ars408_msgs/include/radar_conti_ars408_msgs/msg/filter_state_header.h
[0.525s] -- Up-to-date: /home/offroad/radar_ws/install/radar_conti_ars408_msgs/include/radar_conti_ars408_msgs/msg/object_general.h
[0.525s] -- Up-to-date: /home/offroad/radar_ws/install/radar_conti_ars408_msgs/include/radar_conti_ars408_msgs/msg/radar_state.h
[0.526s] -- Up-to-date: /home/offroad/radar_ws/install/radar_conti_ars408_msgs/include/radar_conti_ars408_msgs/msg/version_id.h
[0.526s] -- Up-to-date: /home/offroad/radar_ws/install/radar_conti_ars408_msgs/include/radar_conti_ars408_msgs/msg/object.h
[0.526s] -- Up-to-date: /home/offroad/radar_ws/install/radar_conti_ars408_msgs/include/radar_conti_ars408_msgs/msg/cluster_status.h
[0.526s] -- Up-to-date: /home/offroad/radar_ws/install/radar_conti_ars408_msgs/include/radar_conti_ars408_msgs/msg/filter_state_cfg.h
[0.526s] -- Up-to-date: /home/offroad/radar_ws/install/radar_conti_ars408_msgs/include/radar_conti_ars408_msgs/msg/cluster.h
[0.526s] -- Up-to-date: /home/offroad/radar_ws/install/radar_conti_ars408_msgs/include/radar_conti_ars408_msgs/msg/object_list.h
[0.526s] -- Up-to-date: /home/offroad/radar_ws/install/radar_conti_ars408_msgs/include/radar_conti_ars408_msgs/msg/object_quality.h
[0.526s] -- Up-to-date: /home/offroad/radar_ws/install/radar_conti_ars408_msgs/include/radar_conti_ars408_msgs/msg/cluster_quality.h
[0.526s] -- Up-to-date: /home/offroad/radar_ws/install/radar_conti_ars408_msgs/share/radar_conti_ars408_msgs/environment/library_path.sh
[0.526s] -- Up-to-date: /home/offroad/radar_ws/install/radar_conti_ars408_msgs/share/radar_conti_ars408_msgs/environment/library_path.dsv
[0.526s] -- Up-to-date: /home/offroad/radar_ws/install/radar_conti_ars408_msgs/lib/libradar_conti_ars408_msgs__rosidl_generator_c.so
[0.526s] -- Up-to-date: /home/offroad/radar_ws/install/radar_conti_ars408_msgs/include/radar_conti_ars408_msgs
[0.526s] -- Up-to-date: /home/offroad/radar_ws/install/radar_conti_ars408_msgs/include/radar_conti_ars408_msgs/srv
[0.526s] -- Up-to-date: /home/offroad/radar_ws/install/radar_conti_ars408_msgs/include/radar_conti_ars408_msgs/srv/detail
[0.526s] -- Up-to-date: /home/offroad/radar_ws/install/radar_conti_ars408_msgs/include/radar_conti_ars408_msgs/srv/detail/add_three_ints__rosidl_typesupport_fastrtps_c.h
[0.527s] -- Up-to-date: /home/offroad/radar_ws/install/radar_conti_ars408_msgs/include/radar_conti_ars408_msgs/msg
[0.527s] -- Up-to-date: /home/offroad/radar_ws/install/radar_conti_ars408_msgs/include/radar_conti_ars408_msgs/msg/detail
[0.527s] -- Up-to-date: /home/offroad/radar_ws/install/radar_conti_ars408_msgs/include/radar_conti_ars408_msgs/msg/detail/radar_configuration__rosidl_typesupport_fastrtps_c.h
[0.527s] -- Up-to-date: /home/offroad/radar_ws/install/radar_conti_ars408_msgs/include/radar_conti_ars408_msgs/msg/detail/cluster_list__rosidl_typesupport_fastrtps_c.h
[0.527s] -- Up-to-date: /home/offroad/radar_ws/install/radar_conti_ars408_msgs/include/radar_conti_ars408_msgs/msg/detail/object_extended__rosidl_typesupport_fastrtps_c.h
[0.527s] -- Up-to-date: /home/offroad/radar_ws/install/radar_conti_ars408_msgs/include/radar_conti_ars408_msgs/msg/detail/object_status__rosidl_typesupport_fastrtps_c.h
[0.527s] -- Up-to-date: /home/offroad/radar_ws/install/radar_conti_ars408_msgs/include/radar_conti_ars408_msgs/msg/detail/cluster_general__rosidl_typesupport_fastrtps_c.h
[0.527s] -- Up-to-date: /home/offroad/radar_ws/install/radar_conti_ars408_msgs/include/radar_conti_ars408_msgs/msg/detail/cluster_quality__rosidl_typesupport_fastrtps_c.h
[0.527s] -- Up-to-date: /home/offroad/radar_ws/install/radar_conti_ars408_msgs/include/radar_conti_ars408_msgs/msg/detail/filter_state_cfg__rosidl_typesupport_fastrtps_c.h
[0.527s] -- Up-to-date: /home/offroad/radar_ws/install/radar_conti_ars408_msgs/include/radar_conti_ars408_msgs/msg/detail/radar_state__rosidl_typesupport_fastrtps_c.h
[0.528s] -- Up-to-date: /home/offroad/radar_ws/install/radar_conti_ars408_msgs/include/radar_conti_ars408_msgs/msg/detail/object__rosidl_typesupport_fastrtps_c.h
[0.528s] -- Up-to-date: /home/offroad/radar_ws/install/radar_conti_ars408_msgs/include/radar_conti_ars408_msgs/msg/detail/filter_cfg__rosidl_typesupport_fastrtps_c.h
[0.528s] -- Up-to-date: /home/offroad/radar_ws/install/radar_conti_ars408_msgs/include/radar_conti_ars408_msgs/msg/detail/cluster__rosidl_typesupport_fastrtps_c.h
[0.528s] -- Up-to-date: /home/offroad/radar_ws/install/radar_conti_ars408_msgs/include/radar_conti_ars408_msgs/msg/detail/filter_state_header__rosidl_typesupport_fastrtps_c.h
[0.528s] -- Up-to-date: /home/offroad/radar_ws/install/radar_conti_ars408_msgs/include/radar_conti_ars408_msgs/msg/detail/cluster_status__rosidl_typesupport_fastrtps_c.h
[0.528s] -- Up-to-date: /home/offroad/radar_ws/install/radar_conti_ars408_msgs/include/radar_conti_ars408_msgs/msg/detail/version_id__rosidl_typesupport_fastrtps_c.h
[0.528s] -- Up-to-date: /home/offroad/radar_ws/install/radar_conti_ars408_msgs/include/radar_conti_ars408_msgs/msg/detail/num__rosidl_typesupport_fastrtps_c.h
[0.528s] -- Up-to-date: /home/offroad/radar_ws/install/radar_conti_ars408_msgs/include/radar_conti_ars408_msgs/msg/detail/object_quality__rosidl_typesupport_fastrtps_c.h
[0.528s] -- Up-to-date: /home/offroad/radar_ws/install/radar_conti_ars408_msgs/include/radar_conti_ars408_msgs/msg/detail/object_list__rosidl_typesupport_fastrtps_c.h
[0.528s] -- Up-to-date: /home/offroad/radar_ws/install/radar_conti_ars408_msgs/include/radar_conti_ars408_msgs/msg/detail/object_general__rosidl_typesupport_fastrtps_c.h
[0.528s] -- Up-to-date: /home/offroad/radar_ws/install/radar_conti_ars408_msgs/include/radar_conti_ars408_msgs/msg/rosidl_typesupport_fastrtps_c__visibility_control.h
[0.528s] -- Up-to-date: /home/offroad/radar_ws/install/radar_conti_ars408_msgs/lib/libradar_conti_ars408_msgs__rosidl_typesupport_fastrtps_c.so
[0.529s] -- Up-to-date: /home/offroad/radar_ws/install/radar_conti_ars408_msgs/include/radar_conti_ars408_msgs
[0.529s] -- Up-to-date: /home/offroad/radar_ws/install/radar_conti_ars408_msgs/include/radar_conti_ars408_msgs/srv
[0.529s] -- Up-to-date: /home/offroad/radar_ws/install/radar_conti_ars408_msgs/include/radar_conti_ars408_msgs/srv/detail
[0.529s] -- Up-to-date: /home/offroad/radar_ws/install/radar_conti_ars408_msgs/include/radar_conti_ars408_msgs/srv/detail/dds_fastrtps
[0.529s] -- Up-to-date: /home/offroad/radar_ws/install/radar_conti_ars408_msgs/include/radar_conti_ars408_msgs/srv/detail/add_three_ints__rosidl_typesupport_fastrtps_cpp.hpp
[0.529s] -- Up-to-date: /home/offroad/radar_ws/install/radar_conti_ars408_msgs/include/radar_conti_ars408_msgs/msg
[0.529s] -- Up-to-date: /home/offroad/radar_ws/install/radar_conti_ars408_msgs/include/radar_conti_ars408_msgs/msg/detail
[0.529s] -- Up-to-date: /home/offroad/radar_ws/install/radar_conti_ars408_msgs/include/radar_conti_ars408_msgs/msg/detail/cluster_list__rosidl_typesupport_fastrtps_cpp.hpp
[0.529s] -- Up-to-date: /home/offroad/radar_ws/install/radar_conti_ars408_msgs/include/radar_conti_ars408_msgs/msg/detail/cluster_quality__rosidl_typesupport_fastrtps_cpp.hpp
[0.529s] -- Up-to-date: /home/offroad/radar_ws/install/radar_conti_ars408_msgs/include/radar_conti_ars408_msgs/msg/detail/object_list__rosidl_typesupport_fastrtps_cpp.hpp
[0.529s] -- Up-to-date: /home/offroad/radar_ws/install/radar_conti_ars408_msgs/include/radar_conti_ars408_msgs/msg/detail/filter_state_cfg__rosidl_typesupport_fastrtps_cpp.hpp
[0.529s] -- Up-to-date: /home/offroad/radar_ws/install/radar_conti_ars408_msgs/include/radar_conti_ars408_msgs/msg/detail/object__rosidl_typesupport_fastrtps_cpp.hpp
[0.529s] -- Up-to-date: /home/offroad/radar_ws/install/radar_conti_ars408_msgs/include/radar_conti_ars408_msgs/msg/detail/dds_fastrtps
[0.529s] -- Up-to-date: /home/offroad/radar_ws/install/radar_conti_ars408_msgs/include/radar_conti_ars408_msgs/msg/detail/object_extended__rosidl_typesupport_fastrtps_cpp.hpp
[0.529s] -- Up-to-date: /home/offroad/radar_ws/install/radar_conti_ars408_msgs/include/radar_conti_ars408_msgs/msg/detail/cluster_general__rosidl_typesupport_fastrtps_cpp.hpp
[0.529s] -- Up-to-date: /home/offroad/radar_ws/install/radar_conti_ars408_msgs/include/radar_conti_ars408_msgs/msg/detail/filter_cfg__rosidl_typesupport_fastrtps_cpp.hpp
[0.529s] -- Up-to-date: /home/offroad/radar_ws/install/radar_conti_ars408_msgs/include/radar_conti_ars408_msgs/msg/detail/object_status__rosidl_typesupport_fastrtps_cpp.hpp
[0.530s] -- Up-to-date: /home/offroad/radar_ws/install/radar_conti_ars408_msgs/include/radar_conti_ars408_msgs/msg/detail/cluster__rosidl_typesupport_fastrtps_cpp.hpp
[0.530s] -- Up-to-date: /home/offroad/radar_ws/install/radar_conti_ars408_msgs/include/radar_conti_ars408_msgs/msg/detail/radar_configuration__rosidl_typesupport_fastrtps_cpp.hpp
[0.530s] -- Up-to-date: /home/offroad/radar_ws/install/radar_conti_ars408_msgs/include/radar_conti_ars408_msgs/msg/detail/filter_state_header__rosidl_typesupport_fastrtps_cpp.hpp
[0.530s] -- Up-to-date: /home/offroad/radar_ws/install/radar_conti_ars408_msgs/include/radar_conti_ars408_msgs/msg/detail/radar_state__rosidl_typesupport_fastrtps_cpp.hpp
[0.530s] -- Up-to-date: /home/offroad/radar_ws/install/radar_conti_ars408_msgs/include/radar_conti_ars408_msgs/msg/detail/num__rosidl_typesupport_fastrtps_cpp.hpp
[0.530s] -- Up-to-date: /home/offroad/radar_ws/install/radar_conti_ars408_msgs/include/radar_conti_ars408_msgs/msg/detail/object_quality__rosidl_typesupport_fastrtps_cpp.hpp
[0.530s] -- Up-to-date: /home/offroad/radar_ws/install/radar_conti_ars408_msgs/include/radar_conti_ars408_msgs/msg/detail/cluster_status__rosidl_typesupport_fastrtps_cpp.hpp
[0.530s] -- Up-to-date: /home/offroad/radar_ws/install/radar_conti_ars408_msgs/include/radar_conti_ars408_msgs/msg/detail/version_id__rosidl_typesupport_fastrtps_cpp.hpp
[0.530s] -- Up-to-date: /home/offroad/radar_ws/install/radar_conti_ars408_msgs/include/radar_conti_ars408_msgs/msg/detail/object_general__rosidl_typesupport_fastrtps_cpp.hpp
[0.530s] -- Up-to-date: /home/offroad/radar_ws/install/radar_conti_ars408_msgs/include/radar_conti_ars408_msgs/msg/rosidl_typesupport_fastrtps_cpp__visibility_control.h
[0.530s] -- Up-to-date: /home/offroad/radar_ws/install/radar_conti_ars408_msgs/lib/libradar_conti_ars408_msgs__rosidl_typesupport_fastrtps_cpp.so
[0.530s] -- Up-to-date: /home/offroad/radar_ws/install/radar_conti_ars408_msgs/include/radar_conti_ars408_msgs
[0.530s] -- Up-to-date: /home/offroad/radar_ws/install/radar_conti_ars408_msgs/include/radar_conti_ars408_msgs/srv
[0.530s] -- Up-to-date: /home/offroad/radar_ws/install/radar_conti_ars408_msgs/include/radar_conti_ars408_msgs/srv/detail
[0.530s] -- Up-to-date: /home/offroad/radar_ws/install/radar_conti_ars408_msgs/include/radar_conti_ars408_msgs/srv/detail/add_three_ints__rosidl_typesupport_introspection_c.h
[0.530s] -- Up-to-date: /home/offroad/radar_ws/install/radar_conti_ars408_msgs/include/radar_conti_ars408_msgs/srv/detail/add_three_ints__type_support.c
[0.530s] -- Up-to-date: /home/offroad/radar_ws/install/radar_conti_ars408_msgs/include/radar_conti_ars408_msgs/msg
[0.531s] -- Up-to-date: /home/offroad/radar_ws/install/radar_conti_ars408_msgs/include/radar_conti_ars408_msgs/msg/detail
[0.531s] -- Up-to-date: /home/offroad/radar_ws/install/radar_conti_ars408_msgs/include/radar_conti_ars408_msgs/msg/detail/filter_cfg__type_support.c
[0.531s] -- Up-to-date: /home/offroad/radar_ws/install/radar_conti_ars408_msgs/include/radar_conti_ars408_msgs/msg/detail/radar_configuration__type_support.c
[0.531s] -- Up-to-date: /home/offroad/radar_ws/install/radar_conti_ars408_msgs/include/radar_conti_ars408_msgs/msg/detail/version_id__rosidl_typesupport_introspection_c.h
[0.531s] -- Up-to-date: /home/offroad/radar_ws/install/radar_conti_ars408_msgs/include/radar_conti_ars408_msgs/msg/detail/cluster_general__type_support.c
[0.531s] -- Up-to-date: /home/offroad/radar_ws/install/radar_conti_ars408_msgs/include/radar_conti_ars408_msgs/msg/detail/object_extended__rosidl_typesupport_introspection_c.h
[0.531s] -- Up-to-date: /home/offroad/radar_ws/install/radar_conti_ars408_msgs/include/radar_conti_ars408_msgs/msg/detail/filter_cfg__rosidl_typesupport_introspection_c.h
[0.531s] -- Up-to-date: /home/offroad/radar_ws/install/radar_conti_ars408_msgs/include/radar_conti_ars408_msgs/msg/detail/radar_state__rosidl_typesupport_introspection_c.h
[0.531s] -- Up-to-date: /home/offroad/radar_ws/install/radar_conti_ars408_msgs/include/radar_conti_ars408_msgs/msg/detail/object_list__rosidl_typesupport_introspection_c.h
[0.531s] -- Up-to-date: /home/offroad/radar_ws/install/radar_conti_ars408_msgs/include/radar_conti_ars408_msgs/msg/detail/filter_state_cfg__type_support.c
[0.531s] -- Up-to-date: /home/offroad/radar_ws/install/radar_conti_ars408_msgs/include/radar_conti_ars408_msgs/msg/detail/radar_state__type_support.c
[0.531s] -- Up-to-date: /home/offroad/radar_ws/install/radar_conti_ars408_msgs/include/radar_conti_ars408_msgs/msg/detail/num__rosidl_typesupport_introspection_c.h
[0.531s] -- Up-to-date: /home/offroad/radar_ws/install/radar_conti_ars408_msgs/include/radar_conti_ars408_msgs/msg/detail/object_quality__type_support.c
[0.531s] -- Up-to-date: /home/offroad/radar_ws/install/radar_conti_ars408_msgs/include/radar_conti_ars408_msgs/msg/detail/radar_configuration__rosidl_typesupport_introspection_c.h
[0.531s] -- Up-to-date: /home/offroad/radar_ws/install/radar_conti_ars408_msgs/include/radar_conti_ars408_msgs/msg/detail/num__type_support.c
[0.531s] -- Up-to-date: /home/offroad/radar_ws/install/radar_conti_ars408_msgs/include/radar_conti_ars408_msgs/msg/detail/cluster__type_support.c
[0.531s] -- Up-to-date: /home/offroad/radar_ws/install/radar_conti_ars408_msgs/include/radar_conti_ars408_msgs/msg/detail/object_general__rosidl_typesupport_introspection_c.h
[0.531s] -- Up-to-date: /home/offroad/radar_ws/install/radar_conti_ars408_msgs/include/radar_conti_ars408_msgs/msg/detail/filter_state_header__rosidl_typesupport_introspection_c.h
[0.532s] -- Up-to-date: /home/offroad/radar_ws/install/radar_conti_ars408_msgs/include/radar_conti_ars408_msgs/msg/detail/cluster_quality__type_support.c
[0.532s] -- Up-to-date: /home/offroad/radar_ws/install/radar_conti_ars408_msgs/include/radar_conti_ars408_msgs/msg/detail/version_id__type_support.c
[0.532s] -- Up-to-date: /home/offroad/radar_ws/install/radar_conti_ars408_msgs/include/radar_conti_ars408_msgs/msg/detail/object_list__type_support.c
[0.532s] -- Up-to-date: /home/offroad/radar_ws/install/radar_conti_ars408_msgs/include/radar_conti_ars408_msgs/msg/detail/filter_state_header__type_support.c
[0.532s] -- Up-to-date: /home/offroad/radar_ws/install/radar_conti_ars408_msgs/include/radar_conti_ars408_msgs/msg/detail/object_status__type_support.c
[0.532s] -- Up-to-date: /home/offroad/radar_ws/install/radar_conti_ars408_msgs/include/radar_conti_ars408_msgs/msg/detail/object__type_support.c
[0.532s] -- Up-to-date: /home/offroad/radar_ws/install/radar_conti_ars408_msgs/include/radar_conti_ars408_msgs/msg/detail/object_status__rosidl_typesupport_introspection_c.h
[0.532s] -- Up-to-date: /home/offroad/radar_ws/install/radar_conti_ars408_msgs/include/radar_conti_ars408_msgs/msg/detail/cluster_status__type_support.c
[0.532s] -- Up-to-date: /home/offroad/radar_ws/install/radar_conti_ars408_msgs/include/radar_conti_ars408_msgs/msg/detail/object_quality__rosidl_typesupport_introspection_c.h
[0.532s] -- Up-to-date: /home/offroad/radar_ws/install/radar_conti_ars408_msgs/include/radar_conti_ars408_msgs/msg/detail/object_extended__type_support.c
[0.532s] -- Up-to-date: /home/offroad/radar_ws/install/radar_conti_ars408_msgs/include/radar_conti_ars408_msgs/msg/detail/cluster__rosidl_typesupport_introspection_c.h
[0.532s] -- Up-to-date: /home/offroad/radar_ws/install/radar_conti_ars408_msgs/include/radar_conti_ars408_msgs/msg/detail/filter_state_cfg__rosidl_typesupport_introspection_c.h
[0.532s] -- Up-to-date: /home/offroad/radar_ws/install/radar_conti_ars408_msgs/include/radar_conti_ars408_msgs/msg/detail/cluster_quality__rosidl_typesupport_introspection_c.h
[0.532s] -- Up-to-date: /home/offroad/radar_ws/install/radar_conti_ars408_msgs/include/radar_conti_ars408_msgs/msg/detail/object__rosidl_typesupport_introspection_c.h
[0.532s] -- Up-to-date: /home/offroad/radar_ws/install/radar_conti_ars408_msgs/include/radar_conti_ars408_msgs/msg/detail/cluster_general__rosidl_typesupport_introspection_c.h
[0.532s] -- Up-to-date: /home/offroad/radar_ws/install/radar_conti_ars408_msgs/include/radar_conti_ars408_msgs/msg/detail/object_general__type_support.c
[0.532s] -- Up-to-date: /home/offroad/radar_ws/install/radar_conti_ars408_msgs/include/radar_conti_ars408_msgs/msg/detail/cluster_status__rosidl_typesupport_introspection_c.h
[0.533s] -- Up-to-date: /home/offroad/radar_ws/install/radar_conti_ars408_msgs/include/radar_conti_ars408_msgs/msg/detail/cluster_list__rosidl_typesupport_introspection_c.h
[0.533s] -- Up-to-date: /home/offroad/radar_ws/install/radar_conti_ars408_msgs/include/radar_conti_ars408_msgs/msg/detail/cluster_list__type_support.c
[0.533s] -- Up-to-date: /home/offroad/radar_ws/install/radar_conti_ars408_msgs/include/radar_conti_ars408_msgs/msg/rosidl_typesupport_introspection_c__visibility_control.h
[0.533s] -- Up-to-date: /home/offroad/radar_ws/install/radar_conti_ars408_msgs/lib/libradar_conti_ars408_msgs__rosidl_typesupport_introspection_c.so
[0.533s] -- Up-to-date: /home/offroad/radar_ws/install/radar_conti_ars408_msgs/lib/libradar_conti_ars408_msgs__rosidl_typesupport_c.so
[0.533s] -- Up-to-date: /home/offroad/radar_ws/install/radar_conti_ars408_msgs/include/radar_conti_ars408_msgs
[0.533s] -- Up-to-date: /home/offroad/radar_ws/install/radar_conti_ars408_msgs/include/radar_conti_ars408_msgs/srv
[0.533s] -- Up-to-date: /home/offroad/radar_ws/install/radar_conti_ars408_msgs/include/radar_conti_ars408_msgs/srv/detail
[0.533s] -- Up-to-date: /home/offroad/radar_ws/install/radar_conti_ars408_msgs/include/radar_conti_ars408_msgs/srv/detail/add_three_ints__traits.hpp
[0.533s] -- Up-to-date: /home/offroad/radar_ws/install/radar_conti_ars408_msgs/include/radar_conti_ars408_msgs/srv/detail/add_three_ints__struct.hpp
[0.533s] -- Up-to-date: /home/offroad/radar_ws/install/radar_conti_ars408_msgs/include/radar_conti_ars408_msgs/srv/detail/add_three_ints__builder.hpp
[0.533s] -- Up-to-date: /home/offroad/radar_ws/install/radar_conti_ars408_msgs/include/radar_conti_ars408_msgs/srv/add_three_ints.hpp
[0.533s] -- Up-to-date: /home/offroad/radar_ws/install/radar_conti_ars408_msgs/include/radar_conti_ars408_msgs/msg
[0.533s] -- Up-to-date: /home/offroad/radar_ws/install/radar_conti_ars408_msgs/include/radar_conti_ars408_msgs/msg/detail
[0.533s] -- Up-to-date: /home/offroad/radar_ws/install/radar_conti_ars408_msgs/include/radar_conti_ars408_msgs/msg/detail/radar_state__traits.hpp
[0.533s] -- Up-to-date: /home/offroad/radar_ws/install/radar_conti_ars408_msgs/include/radar_conti_ars408_msgs/msg/detail/object_status__builder.hpp
[0.533s] -- Up-to-date: /home/offroad/radar_ws/install/radar_conti_ars408_msgs/include/radar_conti_ars408_msgs/msg/detail/cluster_quality__struct.hpp
[0.533s] -- Up-to-date: /home/offroad/radar_ws/install/radar_conti_ars408_msgs/include/radar_conti_ars408_msgs/msg/detail/filter_state_header__traits.hpp
[0.534s] -- Up-to-date: /home/offroad/radar_ws/install/radar_conti_ars408_msgs/include/radar_conti_ars408_msgs/msg/detail/cluster_status__builder.hpp
[0.534s] -- Up-to-date: /home/offroad/radar_ws/install/radar_conti_ars408_msgs/include/radar_conti_ars408_msgs/msg/detail/object_extended__builder.hpp
[0.534s] -- Up-to-date: /home/offroad/radar_ws/install/radar_conti_ars408_msgs/include/radar_conti_ars408_msgs/msg/detail/num__traits.hpp
[0.534s] -- Up-to-date: /home/offroad/radar_ws/install/radar_conti_ars408_msgs/include/radar_conti_ars408_msgs/msg/detail/object_list__struct.hpp
[0.534s] -- Up-to-date: /home/offroad/radar_ws/install/radar_conti_ars408_msgs/include/radar_conti_ars408_msgs/msg/detail/cluster_list__traits.hpp
[0.534s] -- Up-to-date: /home/offroad/radar_ws/install/radar_conti_ars408_msgs/include/radar_conti_ars408_msgs/msg/detail/filter_state_header__struct.hpp
[0.534s] -- Up-to-date: /home/offroad/radar_ws/install/radar_conti_ars408_msgs/include/radar_conti_ars408_msgs/msg/detail/num__struct.hpp
[0.534s] -- Up-to-date: /home/offroad/radar_ws/install/radar_conti_ars408_msgs/include/radar_conti_ars408_msgs/msg/detail/cluster_general__traits.hpp
[0.534s] -- Up-to-date: /home/offroad/radar_ws/install/radar_conti_ars408_msgs/include/radar_conti_ars408_msgs/msg/detail/cluster_general__struct.hpp
[0.534s] -- Up-to-date: /home/offroad/radar_ws/install/radar_conti_ars408_msgs/include/radar_conti_ars408_msgs/msg/detail/object_list__traits.hpp
[0.534s] -- Up-to-date: /home/offroad/radar_ws/install/radar_conti_ars408_msgs/include/radar_conti_ars408_msgs/msg/detail/object_status__struct.hpp
[0.534s] -- Up-to-date: /home/offroad/radar_ws/install/radar_conti_ars408_msgs/include/radar_conti_ars408_msgs/msg/detail/filter_cfg__traits.hpp
[0.534s] -- Up-to-date: /home/offroad/radar_ws/install/radar_conti_ars408_msgs/include/radar_conti_ars408_msgs/msg/detail/filter_state_cfg__builder.hpp
[0.534s] -- Up-to-date: /home/offroad/radar_ws/install/radar_conti_ars408_msgs/include/radar_conti_ars408_msgs/msg/detail/version_id__traits.hpp
[0.534s] -- Up-to-date: /home/offroad/radar_ws/install/radar_conti_ars408_msgs/include/radar_conti_ars408_msgs/msg/detail/object_general__struct.hpp
[0.534s] -- Up-to-date: /home/offroad/radar_ws/install/radar_conti_ars408_msgs/include/radar_conti_ars408_msgs/msg/detail/cluster_list__builder.hpp
[0.534s] -- Up-to-date: /home/offroad/radar_ws/install/radar_conti_ars408_msgs/include/radar_conti_ars408_msgs/msg/detail/version_id__struct.hpp
[0.534s] -- Up-to-date: /home/offroad/radar_ws/install/radar_conti_ars408_msgs/include/radar_conti_ars408_msgs/msg/detail/radar_configuration__builder.hpp
[0.535s] -- Up-to-date: /home/offroad/radar_ws/install/radar_conti_ars408_msgs/include/radar_conti_ars408_msgs/msg/detail/radar_state__builder.hpp
[0.535s] -- Up-to-date: /home/offroad/radar_ws/install/radar_conti_ars408_msgs/include/radar_conti_ars408_msgs/msg/detail/object_quality__traits.hpp
[0.535s] -- Up-to-date: /home/offroad/radar_ws/install/radar_conti_ars408_msgs/include/radar_conti_ars408_msgs/msg/detail/filter_cfg__builder.hpp
[0.535s] -- Up-to-date: /home/offroad/radar_ws/install/radar_conti_ars408_msgs/include/radar_conti_ars408_msgs/msg/detail/filter_cfg__struct.hpp
[0.535s] -- Up-to-date: /home/offroad/radar_ws/install/radar_conti_ars408_msgs/include/radar_conti_ars408_msgs/msg/detail/object_extended__struct.hpp
[0.535s] -- Up-to-date: /home/offroad/radar_ws/install/radar_conti_ars408_msgs/include/radar_conti_ars408_msgs/msg/detail/object_status__traits.hpp
[0.535s] -- Up-to-date: /home/offroad/radar_ws/install/radar_conti_ars408_msgs/include/radar_conti_ars408_msgs/msg/detail/object_quality__builder.hpp
[0.535s] -- Up-to-date: /home/offroad/radar_ws/install/radar_conti_ars408_msgs/include/radar_conti_ars408_msgs/msg/detail/object_general__builder.hpp
[0.535s] -- Up-to-date: /home/offroad/radar_ws/install/radar_conti_ars408_msgs/include/radar_conti_ars408_msgs/msg/detail/cluster__struct.hpp
[0.535s] -- Up-to-date: /home/offroad/radar_ws/install/radar_conti_ars408_msgs/include/radar_conti_ars408_msgs/msg/detail/cluster_quality__builder.hpp
[0.535s] -- Up-to-date: /home/offroad/radar_ws/install/radar_conti_ars408_msgs/include/radar_conti_ars408_msgs/msg/detail/object_extended__traits.hpp
[0.535s] -- Up-to-date: /home/offroad/radar_ws/install/radar_conti_ars408_msgs/include/radar_conti_ars408_msgs/msg/detail/filter_state_header__builder.hpp
[0.535s] -- Up-to-date: /home/offroad/radar_ws/install/radar_conti_ars408_msgs/include/radar_conti_ars408_msgs/msg/detail/version_id__builder.hpp
[0.535s] -- Up-to-date: /home/offroad/radar_ws/install/radar_conti_ars408_msgs/include/radar_conti_ars408_msgs/msg/detail/object_general__traits.hpp
[0.535s] -- Up-to-date: /home/offroad/radar_ws/install/radar_conti_ars408_msgs/include/radar_conti_ars408_msgs/msg/detail/radar_configuration__traits.hpp
[0.535s] -- Up-to-date: /home/offroad/radar_ws/install/radar_conti_ars408_msgs/include/radar_conti_ars408_msgs/msg/detail/object__builder.hpp
[0.535s] -- Up-to-date: /home/offroad/radar_ws/install/radar_conti_ars408_msgs/include/radar_conti_ars408_msgs/msg/detail/filter_state_cfg__traits.hpp
[0.535s] -- Up-to-date: /home/offroad/radar_ws/install/radar_conti_ars408_msgs/include/radar_conti_ars408_msgs/msg/detail/object_list__builder.hpp
[0.536s] -- Up-to-date: /home/offroad/radar_ws/install/radar_conti_ars408_msgs/include/radar_conti_ars408_msgs/msg/detail/cluster__traits.hpp
[0.536s] -- Up-to-date: /home/offroad/radar_ws/install/radar_conti_ars408_msgs/include/radar_conti_ars408_msgs/msg/detail/object_quality__struct.hpp
[0.536s] -- Up-to-date: /home/offroad/radar_ws/install/radar_conti_ars408_msgs/include/radar_conti_ars408_msgs/msg/detail/radar_configuration__struct.hpp
[0.536s] -- Up-to-date: /home/offroad/radar_ws/install/radar_conti_ars408_msgs/include/radar_conti_ars408_msgs/msg/detail/object__traits.hpp
[0.536s] -- Up-to-date: /home/offroad/radar_ws/install/radar_conti_ars408_msgs/include/radar_conti_ars408_msgs/msg/detail/cluster__builder.hpp
[0.536s] -- Up-to-date: /home/offroad/radar_ws/install/radar_conti_ars408_msgs/include/radar_conti_ars408_msgs/msg/detail/cluster_quality__traits.hpp
[0.536s] -- Up-to-date: /home/offroad/radar_ws/install/radar_conti_ars408_msgs/include/radar_conti_ars408_msgs/msg/detail/cluster_status__struct.hpp
[0.536s] -- Up-to-date: /home/offroad/radar_ws/install/radar_conti_ars408_msgs/include/radar_conti_ars408_msgs/msg/detail/radar_state__struct.hpp
[0.536s] -- Up-to-date: /home/offroad/radar_ws/install/radar_conti_ars408_msgs/include/radar_conti_ars408_msgs/msg/detail/object__struct.hpp
[0.536s] -- Up-to-date: /home/offroad/radar_ws/install/radar_conti_ars408_msgs/include/radar_conti_ars408_msgs/msg/detail/cluster_list__struct.hpp
[0.536s] -- Up-to-date: /home/offroad/radar_ws/install/radar_conti_ars408_msgs/include/radar_conti_ars408_msgs/msg/detail/cluster_general__builder.hpp
[0.536s] -- Up-to-date: /home/offroad/radar_ws/install/radar_conti_ars408_msgs/include/radar_conti_ars408_msgs/msg/detail/num__builder.hpp
[0.536s] -- Up-to-date: /home/offroad/radar_ws/install/radar_conti_ars408_msgs/include/radar_conti_ars408_msgs/msg/detail/cluster_status__traits.hpp
[0.536s] -- Up-to-date: /home/offroad/radar_ws/install/radar_conti_ars408_msgs/include/radar_conti_ars408_msgs/msg/detail/filter_state_cfg__struct.hpp
[0.536s] -- Up-to-date: /home/offroad/radar_ws/install/radar_conti_ars408_msgs/include/radar_conti_ars408_msgs/msg/object_quality.hpp
[0.536s] -- Up-to-date: /home/offroad/radar_ws/install/radar_conti_ars408_msgs/include/radar_conti_ars408_msgs/msg/cluster_status.hpp
[0.537s] -- Up-to-date: /home/offroad/radar_ws/install/radar_conti_ars408_msgs/include/radar_conti_ars408_msgs/msg/radar_state.hpp
[0.537s] -- Up-to-date: /home/offroad/radar_ws/install/radar_conti_ars408_msgs/include/radar_conti_ars408_msgs/msg/object_general.hpp
[0.537s] -- Up-to-date: /home/offroad/radar_ws/install/radar_conti_ars408_msgs/include/radar_conti_ars408_msgs/msg/version_id.hpp
[0.537s] -- Up-to-date: /home/offroad/radar_ws/install/radar_conti_ars408_msgs/include/radar_conti_ars408_msgs/msg/filter_state_header.hpp
[0.537s] -- Up-to-date: /home/offroad/radar_ws/install/radar_conti_ars408_msgs/include/radar_conti_ars408_msgs/msg/cluster.hpp
[0.537s] -- Up-to-date: /home/offroad/radar_ws/install/radar_conti_ars408_msgs/include/radar_conti_ars408_msgs/msg/object_status.hpp
[0.537s] -- Up-to-date: /home/offroad/radar_ws/install/radar_conti_ars408_msgs/include/radar_conti_ars408_msgs/msg/filter_cfg.hpp
[0.537s] -- Up-to-date: /home/offroad/radar_ws/install/radar_conti_ars408_msgs/include/radar_conti_ars408_msgs/msg/object_list.hpp
[0.537s] -- Up-to-date: /home/offroad/radar_ws/install/radar_conti_ars408_msgs/include/radar_conti_ars408_msgs/msg/radar_configuration.hpp
[0.537s] -- Up-to-date: /home/offroad/radar_ws/install/radar_conti_ars408_msgs/include/radar_conti_ars408_msgs/msg/object.hpp
[0.537s] -- Up-to-date: /home/offroad/radar_ws/install/radar_conti_ars408_msgs/include/radar_conti_ars408_msgs/msg/num.hpp
[0.537s] -- Up-to-date: /home/offroad/radar_ws/install/radar_conti_ars408_msgs/include/radar_conti_ars408_msgs/msg/object_extended.hpp
[0.537s] -- Up-to-date: /home/offroad/radar_ws/install/radar_conti_ars408_msgs/include/radar_conti_ars408_msgs/msg/filter_state_cfg.hpp
[0.537s] -- Up-to-date: /home/offroad/radar_ws/install/radar_conti_ars408_msgs/include/radar_conti_ars408_msgs/msg/cluster_list.hpp
[0.537s] -- Up-to-date: /home/offroad/radar_ws/install/radar_conti_ars408_msgs/include/radar_conti_ars408_msgs/msg/cluster_general.hpp
[0.537s] -- Up-to-date: /home/offroad/radar_ws/install/radar_conti_ars408_msgs/include/radar_conti_ars408_msgs/msg/cluster_quality.hpp
[0.537s] -- Up-to-date: /home/offroad/radar_ws/install/radar_conti_ars408_msgs/include/radar_conti_ars408_msgs
[0.538s] -- Up-to-date: /home/offroad/radar_ws/install/radar_conti_ars408_msgs/include/radar_conti_ars408_msgs/srv
[0.538s] -- Up-to-date: /home/offroad/radar_ws/install/radar_conti_ars408_msgs/include/radar_conti_ars408_msgs/srv/detail
[0.538s] -- Up-to-date: /home/offroad/radar_ws/install/radar_conti_ars408_msgs/include/radar_conti_ars408_msgs/srv/detail/add_three_ints__type_support.cpp
[0.538s] -- Up-to-date: /home/offroad/radar_ws/install/radar_conti_ars408_msgs/include/radar_conti_ars408_msgs/srv/detail/add_three_ints__rosidl_typesupport_introspection_cpp.hpp
[0.538s] -- Up-to-date: /home/offroad/radar_ws/install/radar_conti_ars408_msgs/include/radar_conti_ars408_msgs/msg
[0.538s] -- Up-to-date: /home/offroad/radar_ws/install/radar_conti_ars408_msgs/include/radar_conti_ars408_msgs/msg/detail
[0.538s] -- Up-to-date: /home/offroad/radar_ws/install/radar_conti_ars408_msgs/include/radar_conti_ars408_msgs/msg/detail/object_quality__rosidl_typesupport_introspection_cpp.hpp
[0.538s] -- Up-to-date: /home/offroad/radar_ws/install/radar_conti_ars408_msgs/include/radar_conti_ars408_msgs/msg/detail/version_id__rosidl_typesupport_introspection_cpp.hpp
[0.538s] -- Up-to-date: /home/offroad/radar_ws/install/radar_conti_ars408_msgs/include/radar_conti_ars408_msgs/msg/detail/num__type_support.cpp
[0.538s] -- Up-to-date: /home/offroad/radar_ws/install/radar_conti_ars408_msgs/include/radar_conti_ars408_msgs/msg/detail/object_status__type_support.cpp
[0.538s] -- Up-to-date: /home/offroad/radar_ws/install/radar_conti_ars408_msgs/include/radar_conti_ars408_msgs/msg/detail/object_extended__type_support.cpp
[0.538s] -- Up-to-date: /home/offroad/radar_ws/install/radar_conti_ars408_msgs/include/radar_conti_ars408_msgs/msg/detail/cluster_status__rosidl_typesupport_introspection_cpp.hpp
[0.538s] -- Up-to-date: /home/offroad/radar_ws/install/radar_conti_ars408_msgs/include/radar_conti_ars408_msgs/msg/detail/filter_cfg__type_support.cpp
[0.538s] -- Up-to-date: /home/offroad/radar_ws/install/radar_conti_ars408_msgs/include/radar_conti_ars408_msgs/msg/detail/object_general__rosidl_typesupport_introspection_cpp.hpp
[0.538s] -- Up-to-date: /home/offroad/radar_ws/install/radar_conti_ars408_msgs/include/radar_conti_ars408_msgs/msg/detail/cluster_general__type_support.cpp
[0.538s] -- Up-to-date: /home/offroad/radar_ws/install/radar_conti_ars408_msgs/include/radar_conti_ars408_msgs/msg/detail/cluster__type_support.cpp
[0.538s] -- Up-to-date: /home/offroad/radar_ws/install/radar_conti_ars408_msgs/include/radar_conti_ars408_msgs/msg/detail/cluster_list__type_support.cpp
[0.538s] -- Up-to-date: /home/offroad/radar_ws/install/radar_conti_ars408_msgs/include/radar_conti_ars408_msgs/msg/detail/cluster_status__type_support.cpp
[0.539s] -- Up-to-date: /home/offroad/radar_ws/install/radar_conti_ars408_msgs/include/radar_conti_ars408_msgs/msg/detail/object_list__type_support.cpp
[0.539s] -- Up-to-date: /home/offroad/radar_ws/install/radar_conti_ars408_msgs/include/radar_conti_ars408_msgs/msg/detail/filter_state_cfg__type_support.cpp
[0.539s] -- Up-to-date: /home/offroad/radar_ws/install/radar_conti_ars408_msgs/include/radar_conti_ars408_msgs/msg/detail/filter_state_cfg__rosidl_typesupport_introspection_cpp.hpp
[0.539s] -- Up-to-date: /home/offroad/radar_ws/install/radar_conti_ars408_msgs/include/radar_conti_ars408_msgs/msg/detail/object_list__rosidl_typesupport_introspection_cpp.hpp
[0.539s] -- Up-to-date: /home/offroad/radar_ws/install/radar_conti_ars408_msgs/include/radar_conti_ars408_msgs/msg/detail/cluster_list__rosidl_typesupport_introspection_cpp.hpp
[0.539s] -- Up-to-date: /home/offroad/radar_ws/install/radar_conti_ars408_msgs/include/radar_conti_ars408_msgs/msg/detail/filter_state_header__rosidl_typesupport_introspection_cpp.hpp
[0.539s] -- Up-to-date: /home/offroad/radar_ws/install/radar_conti_ars408_msgs/include/radar_conti_ars408_msgs/msg/detail/filter_state_header__type_support.cpp
[0.539s] -- Up-to-date: /home/offroad/radar_ws/install/radar_conti_ars408_msgs/include/radar_conti_ars408_msgs/msg/detail/version_id__type_support.cpp
[0.539s] -- Up-to-date: /home/offroad/radar_ws/install/radar_conti_ars408_msgs/include/radar_conti_ars408_msgs/msg/detail/radar_state__type_support.cpp
[0.539s] -- Up-to-date: /home/offroad/radar_ws/install/radar_conti_ars408_msgs/include/radar_conti_ars408_msgs/msg/detail/num__rosidl_typesupport_introspection_cpp.hpp
[0.539s] -- Up-to-date: /home/offroad/radar_ws/install/radar_conti_ars408_msgs/include/radar_conti_ars408_msgs/msg/detail/object_extended__rosidl_typesupport_introspection_cpp.hpp
[0.539s] -- Up-to-date: /home/offroad/radar_ws/install/radar_conti_ars408_msgs/include/radar_conti_ars408_msgs/msg/detail/cluster__rosidl_typesupport_introspection_cpp.hpp
[0.539s] -- Up-to-date: /home/offroad/radar_ws/install/radar_conti_ars408_msgs/include/radar_conti_ars408_msgs/msg/detail/cluster_general__rosidl_typesupport_introspection_cpp.hpp
[0.539s] -- Up-to-date: /home/offroad/radar_ws/install/radar_conti_ars408_msgs/include/radar_conti_ars408_msgs/msg/detail/object_general__type_support.cpp
[0.539s] -- Up-to-date: /home/offroad/radar_ws/install/radar_conti_ars408_msgs/include/radar_conti_ars408_msgs/msg/detail/radar_state__rosidl_typesupport_introspection_cpp.hpp
[0.539s] -- Up-to-date: /home/offroad/radar_ws/install/radar_conti_ars408_msgs/include/radar_conti_ars408_msgs/msg/detail/cluster_quality__type_support.cpp
[0.539s] -- Up-to-date: /home/offroad/radar_ws/install/radar_conti_ars408_msgs/include/radar_conti_ars408_msgs/msg/detail/object_quality__type_support.cpp
[0.539s] -- Up-to-date: /home/offroad/radar_ws/install/radar_conti_ars408_msgs/include/radar_conti_ars408_msgs/msg/detail/object__type_support.cpp
[0.540s] -- Up-to-date: /home/offroad/radar_ws/install/radar_conti_ars408_msgs/include/radar_conti_ars408_msgs/msg/detail/radar_configuration__rosidl_typesupport_introspection_cpp.hpp
[0.540s] -- Up-to-date: /home/offroad/radar_ws/install/radar_conti_ars408_msgs/include/radar_conti_ars408_msgs/msg/detail/filter_cfg__rosidl_typesupport_introspection_cpp.hpp
[0.540s] -- Up-to-date: /home/offroad/radar_ws/install/radar_conti_ars408_msgs/include/radar_conti_ars408_msgs/msg/detail/object__rosidl_typesupport_introspection_cpp.hpp
[0.540s] -- Up-to-date: /home/offroad/radar_ws/install/radar_conti_ars408_msgs/include/radar_conti_ars408_msgs/msg/detail/cluster_quality__rosidl_typesupport_introspection_cpp.hpp
[0.540s] -- Up-to-date: /home/offroad/radar_ws/install/radar_conti_ars408_msgs/include/radar_conti_ars408_msgs/msg/detail/radar_configuration__type_support.cpp
[0.540s] -- Up-to-date: /home/offroad/radar_ws/install/radar_conti_ars408_msgs/include/radar_conti_ars408_msgs/msg/detail/object_status__rosidl_typesupport_introspection_cpp.hpp
[0.540s] -- Up-to-date: /home/offroad/radar_ws/install/radar_conti_ars408_msgs/lib/libradar_conti_ars408_msgs__rosidl_typesupport_introspection_cpp.so
[0.540s] -- Up-to-date: /home/offroad/radar_ws/install/radar_conti_ars408_msgs/lib/libradar_conti_ars408_msgs__rosidl_typesupport_cpp.so
[0.540s] -- Up-to-date: /home/offroad/radar_ws/install/radar_conti_ars408_msgs/share/radar_conti_ars408_msgs/environment/pythonpath.sh
[0.540s] -- Up-to-date: /home/offroad/radar_ws/install/radar_conti_ars408_msgs/share/radar_conti_ars408_msgs/environment/pythonpath.dsv
[0.540s] -- Up-to-date: /home/offroad/radar_ws/install/radar_conti_ars408_msgs/lib/python3.8/site-packages/radar_conti_ars408_msgs/__init__.py
[0.553s] -- Up-to-date: /home/offroad/radar_ws/install/radar_conti_ars408_msgs/lib/python3.8/site-packages/radar_conti_ars408_msgs/msg
[0.553s] -- Up-to-date: /home/offroad/radar_ws/install/radar_conti_ars408_msgs/lib/python3.8/site-packages/radar_conti_ars408_msgs/msg/__init__.py
[0.553s] -- Up-to-date: /home/offroad/radar_ws/install/radar_conti_ars408_msgs/lib/python3.8/site-packages/radar_conti_ars408_msgs/msg/_version_id_s.c
[0.553s] -- Up-to-date: /home/offroad/radar_ws/install/radar_conti_ars408_msgs/lib/python3.8/site-packages/radar_conti_ars408_msgs/msg/_cluster_general_s.c
[0.553s] -- Up-to-date: /home/offroad/radar_ws/install/radar_conti_ars408_msgs/lib/python3.8/site-packages/radar_conti_ars408_msgs/msg/_cluster_list.py
[0.553s] -- Up-to-date: /home/offroad/radar_ws/install/radar_conti_ars408_msgs/lib/python3.8/site-packages/radar_conti_ars408_msgs/msg/_object_general_s.c
[0.553s] -- Up-to-date: /home/offroad/radar_ws/install/radar_conti_ars408_msgs/lib/python3.8/site-packages/radar_conti_ars408_msgs/msg/_cluster_status.py
[0.553s] -- Up-to-date: /home/offroad/radar_ws/install/radar_conti_ars408_msgs/lib/python3.8/site-packages/radar_conti_ars408_msgs/msg/_object_general.py
[0.554s] -- Up-to-date: /home/offroad/radar_ws/install/radar_conti_ars408_msgs/lib/python3.8/site-packages/radar_conti_ars408_msgs/msg/_cluster_status_s.c
[0.554s] -- Up-to-date: /home/offroad/radar_ws/install/radar_conti_ars408_msgs/lib/python3.8/site-packages/radar_conti_ars408_msgs/msg/_object_s.c
[0.554s] -- Up-to-date: /home/offroad/radar_ws/install/radar_conti_ars408_msgs/lib/python3.8/site-packages/radar_conti_ars408_msgs/msg/_filter_state_header_s.c
[0.554s] -- Up-to-date: /home/offroad/radar_ws/install/radar_conti_ars408_msgs/lib/python3.8/site-packages/radar_conti_ars408_msgs/msg/_cluster_quality_s.c
[0.554s] -- Up-to-date: /home/offroad/radar_ws/install/radar_conti_ars408_msgs/lib/python3.8/site-packages/radar_conti_ars408_msgs/msg/_object_quality_s.c
[0.554s] -- Up-to-date: /home/offroad/radar_ws/install/radar_conti_ars408_msgs/lib/python3.8/site-packages/radar_conti_ars408_msgs/msg/_filter_cfg.py
[0.554s] -- Up-to-date: /home/offroad/radar_ws/install/radar_conti_ars408_msgs/lib/python3.8/site-packages/radar_conti_ars408_msgs/msg/_radar_state_s.c
[0.554s] -- Up-to-date: /home/offroad/radar_ws/install/radar_conti_ars408_msgs/lib/python3.8/site-packages/radar_conti_ars408_msgs/msg/_filter_state_cfg_s.c
[0.554s] -- Up-to-date: /home/offroad/radar_ws/install/radar_conti_ars408_msgs/lib/python3.8/site-packages/radar_conti_ars408_msgs/msg/_cluster_quality.py
[0.554s] -- Up-to-date: /home/offroad/radar_ws/install/radar_conti_ars408_msgs/lib/python3.8/site-packages/radar_conti_ars408_msgs/msg/_filter_cfg_s.c
[0.554s] -- Up-to-date: /home/offroad/radar_ws/install/radar_conti_ars408_msgs/lib/python3.8/site-packages/radar_conti_ars408_msgs/msg/_cluster_list_s.c
[0.554s] -- Up-to-date: /home/offroad/radar_ws/install/radar_conti_ars408_msgs/lib/python3.8/site-packages/radar_conti_ars408_msgs/msg/_object_extended_s.c
[0.554s] -- Up-to-date: /home/offroad/radar_ws/install/radar_conti_ars408_msgs/lib/python3.8/site-packages/radar_conti_ars408_msgs/msg/_object_status.py
[0.554s] -- Up-to-date: /home/offroad/radar_ws/install/radar_conti_ars408_msgs/lib/python3.8/site-packages/radar_conti_ars408_msgs/msg/_filter_state_cfg.py
[0.554s] -- Up-to-date: /home/offroad/radar_ws/install/radar_conti_ars408_msgs/lib/python3.8/site-packages/radar_conti_ars408_msgs/msg/_radar_configuration_s.c
[0.554s] -- Up-to-date: /home/offroad/radar_ws/install/radar_conti_ars408_msgs/lib/python3.8/site-packages/radar_conti_ars408_msgs/msg/_cluster_general.py
[0.554s] -- Up-to-date: /home/offroad/radar_ws/install/radar_conti_ars408_msgs/lib/python3.8/site-packages/radar_conti_ars408_msgs/msg/_object_extended.py
[0.555s] -- Up-to-date: /home/offroad/radar_ws/install/radar_conti_ars408_msgs/lib/python3.8/site-packages/radar_conti_ars408_msgs/msg/_radar_state.py
[0.555s] -- Up-to-date: /home/offroad/radar_ws/install/radar_conti_ars408_msgs/lib/python3.8/site-packages/radar_conti_ars408_msgs/msg/_object_status_s.c
[0.555s] -- Up-to-date: /home/offroad/radar_ws/install/radar_conti_ars408_msgs/lib/python3.8/site-packages/radar_conti_ars408_msgs/msg/_object.py
[0.555s] -- Up-to-date: /home/offroad/radar_ws/install/radar_conti_ars408_msgs/lib/python3.8/site-packages/radar_conti_ars408_msgs/msg/_filter_state_header.py
[0.555s] -- Up-to-date: /home/offroad/radar_ws/install/radar_conti_ars408_msgs/lib/python3.8/site-packages/radar_conti_ars408_msgs/msg/_object_list.py
[0.555s] -- Up-to-date: /home/offroad/radar_ws/install/radar_conti_ars408_msgs/lib/python3.8/site-packages/radar_conti_ars408_msgs/msg/_version_id.py
[0.555s] -- Up-to-date: /home/offroad/radar_ws/install/radar_conti_ars408_msgs/lib/python3.8/site-packages/radar_conti_ars408_msgs/msg/_radar_configuration.py
[0.555s] -- Up-to-date: /home/offroad/radar_ws/install/radar_conti_ars408_msgs/lib/python3.8/site-packages/radar_conti_ars408_msgs/msg/_cluster_s.c
[0.555s] -- Up-to-date: /home/offroad/radar_ws/install/radar_conti_ars408_msgs/lib/python3.8/site-packages/radar_conti_ars408_msgs/msg/_num.py
[0.555s] -- Up-to-date: /home/offroad/radar_ws/install/radar_conti_ars408_msgs/lib/python3.8/site-packages/radar_conti_ars408_msgs/msg/_num_s.c
[0.555s] -- Up-to-date: /home/offroad/radar_ws/install/radar_conti_ars408_msgs/lib/python3.8/site-packages/radar_conti_ars408_msgs/msg/_object_quality.py
[0.555s] -- Up-to-date: /home/offroad/radar_ws/install/radar_conti_ars408_msgs/lib/python3.8/site-packages/radar_conti_ars408_msgs/msg/_object_list_s.c
[0.555s] -- Up-to-date: /home/offroad/radar_ws/install/radar_conti_ars408_msgs/lib/python3.8/site-packages/radar_conti_ars408_msgs/msg/_cluster.py
[0.555s] -- Up-to-date: /home/offroad/radar_ws/install/radar_conti_ars408_msgs/lib/python3.8/site-packages/radar_conti_ars408_msgs/srv
[0.555s] -- Up-to-date: /home/offroad/radar_ws/install/radar_conti_ars408_msgs/lib/python3.8/site-packages/radar_conti_ars408_msgs/srv/__init__.py
[0.555s] -- Up-to-date: /home/offroad/radar_ws/install/radar_conti_ars408_msgs/lib/python3.8/site-packages/radar_conti_ars408_msgs/srv/_add_three_ints_s.c
[0.555s] -- Up-to-date: /home/offroad/radar_ws/install/radar_conti_ars408_msgs/lib/python3.8/site-packages/radar_conti_ars408_msgs/srv/_add_three_ints.py
[0.556s] -- Up-to-date: /home/offroad/radar_ws/install/radar_conti_ars408_msgs/lib/python3.8/site-packages/radar_conti_ars408_msgs/radar_conti_ars408_msgs_s__rosidl_typesupport_fastrtps_c.cpython-38-x86_64-linux-gnu.so
[0.556s] -- Up-to-date: /home/offroad/radar_ws/install/radar_conti_ars408_msgs/lib/python3.8/site-packages/radar_conti_ars408_msgs/radar_conti_ars408_msgs_s__rosidl_typesupport_introspection_c.cpython-38-x86_64-linux-gnu.so
[0.556s] -- Up-to-date: /home/offroad/radar_ws/install/radar_conti_ars408_msgs/lib/python3.8/site-packages/radar_conti_ars408_msgs/radar_conti_ars408_msgs_s__rosidl_typesupport_c.cpython-38-x86_64-linux-gnu.so
[0.556s] -- Up-to-date: /home/offroad/radar_ws/install/radar_conti_ars408_msgs/lib/libradar_conti_ars408_msgs__python.so
[0.556s] -- Up-to-date: /home/offroad/radar_ws/install/radar_conti_ars408_msgs/share/radar_conti_ars408_msgs/msg/ClusterGeneral.idl
[0.556s] -- Up-to-date: /home/offroad/radar_ws/install/radar_conti_ars408_msgs/share/radar_conti_ars408_msgs/msg/ClusterQuality.idl
[0.556s] -- Up-to-date: /home/offroad/radar_ws/install/radar_conti_ars408_msgs/share/radar_conti_ars408_msgs/msg/ClusterStatus.idl
[0.556s] -- Up-to-date: /home/offroad/radar_ws/install/radar_conti_ars408_msgs/share/radar_conti_ars408_msgs/msg/ObjectGeneral.idl
[0.556s] -- Up-to-date: /home/offroad/radar_ws/install/radar_conti_ars408_msgs/share/radar_conti_ars408_msgs/msg/ObjectExtended.idl
[0.556s] -- Up-to-date: /home/offroad/radar_ws/install/radar_conti_ars408_msgs/share/radar_conti_ars408_msgs/msg/ObjectQuality.idl
[0.556s] -- Up-to-date: /home/offroad/radar_ws/install/radar_conti_ars408_msgs/share/radar_conti_ars408_msgs/msg/ObjectStatus.idl
[0.556s] -- Up-to-date: /home/offroad/radar_ws/install/radar_conti_ars408_msgs/share/radar_conti_ars408_msgs/msg/RadarConfiguration.idl
[0.556s] -- Up-to-date: /home/offroad/radar_ws/install/radar_conti_ars408_msgs/share/radar_conti_ars408_msgs/msg/RadarState.idl
[0.556s] -- Up-to-date: /home/offroad/radar_ws/install/radar_conti_ars408_msgs/share/radar_conti_ars408_msgs/msg/VersionID.idl
[0.557s] -- Up-to-date: /home/offroad/radar_ws/install/radar_conti_ars408_msgs/share/radar_conti_ars408_msgs/msg/Cluster.idl
[0.557s] -- Up-to-date: /home/offroad/radar_ws/install/radar_conti_ars408_msgs/share/radar_conti_ars408_msgs/msg/Object.idl
[0.557s] -- Up-to-date: /home/offroad/radar_ws/install/radar_conti_ars408_msgs/share/radar_conti_ars408_msgs/msg/ClusterList.idl
[0.557s] -- Up-to-date: /home/offroad/radar_ws/install/radar_conti_ars408_msgs/share/radar_conti_ars408_msgs/msg/ObjectList.idl
[0.557s] -- Up-to-date: /home/offroad/radar_ws/install/radar_conti_ars408_msgs/share/radar_conti_ars408_msgs/msg/FilterStateCfg.idl
[0.557s] -- Up-to-date: /home/offroad/radar_ws/install/radar_conti_ars408_msgs/share/radar_conti_ars408_msgs/msg/FilterCfg.idl
[0.557s] -- Up-to-date: /home/offroad/radar_ws/install/radar_conti_ars408_msgs/share/radar_conti_ars408_msgs/msg/FilterStateHeader.idl
[0.557s] -- Up-to-date: /home/offroad/radar_ws/install/radar_conti_ars408_msgs/share/radar_conti_ars408_msgs/msg/Num.idl
[0.557s] -- Up-to-date: /home/offroad/radar_ws/install/radar_conti_ars408_msgs/share/radar_conti_ars408_msgs/srv/AddThreeInts.idl
[0.557s] -- Up-to-date: /home/offroad/radar_ws/install/radar_conti_ars408_msgs/share/radar_conti_ars408_msgs/msg/ClusterGeneral.msg
[0.557s] -- Up-to-date: /home/offroad/radar_ws/install/radar_conti_ars408_msgs/share/radar_conti_ars408_msgs/msg/ClusterQuality.msg
[0.557s] -- Up-to-date: /home/offroad/radar_ws/install/radar_conti_ars408_msgs/share/radar_conti_ars408_msgs/msg/ClusterStatus.msg
[0.558s] -- Up-to-date: /home/offroad/radar_ws/install/radar_conti_ars408_msgs/share/radar_conti_ars408_msgs/msg/ObjectGeneral.msg
[0.558s] -- Up-to-date: /home/offroad/radar_ws/install/radar_conti_ars408_msgs/share/radar_conti_ars408_msgs/msg/ObjectExtended.msg
[0.558s] -- Up-to-date: /home/offroad/radar_ws/install/radar_conti_ars408_msgs/share/radar_conti_ars408_msgs/msg/ObjectQuality.msg
[0.558s] -- Up-to-date: /home/offroad/radar_ws/install/radar_conti_ars408_msgs/share/radar_conti_ars408_msgs/msg/ObjectStatus.msg
[0.558s] -- Up-to-date: /home/offroad/radar_ws/install/radar_conti_ars408_msgs/share/radar_conti_ars408_msgs/msg/RadarConfiguration.msg
[0.558s] -- Up-to-date: /home/offroad/radar_ws/install/radar_conti_ars408_msgs/share/radar_conti_ars408_msgs/msg/RadarState.msg
[0.558s] -- Up-to-date: /home/offroad/radar_ws/install/radar_conti_ars408_msgs/share/radar_conti_ars408_msgs/msg/VersionID.msg
[0.558s] -- Up-to-date: /home/offroad/radar_ws/install/radar_conti_ars408_msgs/share/radar_conti_ars408_msgs/msg/Cluster.msg
[0.558s] -- Up-to-date: /home/offroad/radar_ws/install/radar_conti_ars408_msgs/share/radar_conti_ars408_msgs/msg/Object.msg
[0.558s] -- Up-to-date: /home/offroad/radar_ws/install/radar_conti_ars408_msgs/share/radar_conti_ars408_msgs/msg/ClusterList.msg
[0.558s] -- Up-to-date: /home/offroad/radar_ws/install/radar_conti_ars408_msgs/share/radar_conti_ars408_msgs/msg/ObjectList.msg
[0.558s] -- Up-to-date: /home/offroad/radar_ws/install/radar_conti_ars408_msgs/share/radar_conti_ars408_msgs/msg/FilterStateCfg.msg
[0.558s] -- Up-to-date: /home/offroad/radar_ws/install/radar_conti_ars408_msgs/share/radar_conti_ars408_msgs/msg/FilterCfg.msg
[0.558s] -- Up-to-date: /home/offroad/radar_ws/install/radar_conti_ars408_msgs/share/radar_conti_ars408_msgs/msg/FilterStateHeader.msg
[0.559s] -- Up-to-date: /home/offroad/radar_ws/install/radar_conti_ars408_msgs/share/radar_conti_ars408_msgs/msg/Num.msg
[0.559s] -- Up-to-date: /home/offroad/radar_ws/install/radar_conti_ars408_msgs/share/radar_conti_ars408_msgs/srv/AddThreeInts.srv
[0.559s] -- Up-to-date: /home/offroad/radar_ws/install/radar_conti_ars408_msgs/share/radar_conti_ars408_msgs/srv/AddThreeInts_Request.msg
[0.559s] -- Up-to-date: /home/offroad/radar_ws/install/radar_conti_ars408_msgs/share/radar_conti_ars408_msgs/srv/AddThreeInts_Response.msg
[0.559s] -- Up-to-date: /home/offroad/radar_ws/install/radar_conti_ars408_msgs/share/ament_index/resource_index/package_run_dependencies/radar_conti_ars408_msgs
[0.559s] -- Up-to-date: /home/offroad/radar_ws/install/radar_conti_ars408_msgs/share/ament_index/resource_index/parent_prefix_path/radar_conti_ars408_msgs
[0.559s] -- Up-to-date: /home/offroad/radar_ws/install/radar_conti_ars408_msgs/share/radar_conti_ars408_msgs/environment/ament_prefix_path.sh
[0.559s] -- Up-to-date: /home/offroad/radar_ws/install/radar_conti_ars408_msgs/share/radar_conti_ars408_msgs/environment/ament_prefix_path.dsv
[0.559s] -- Up-to-date: /home/offroad/radar_ws/install/radar_conti_ars408_msgs/share/radar_conti_ars408_msgs/environment/path.sh
[0.559s] -- Up-to-date: /home/offroad/radar_ws/install/radar_conti_ars408_msgs/share/radar_conti_ars408_msgs/environment/path.dsv
[0.559s] -- Up-to-date: /home/offroad/radar_ws/install/radar_conti_ars408_msgs/share/radar_conti_ars408_msgs/local_setup.bash
[0.559s] -- Up-to-date: /home/offroad/radar_ws/install/radar_conti_ars408_msgs/share/radar_conti_ars408_msgs/local_setup.sh
[0.559s] -- Up-to-date: /home/offroad/radar_ws/install/radar_conti_ars408_msgs/share/radar_conti_ars408_msgs/local_setup.zsh
[0.559s] -- Up-to-date: /home/offroad/radar_ws/install/radar_conti_ars408_msgs/share/radar_conti_ars408_msgs/local_setup.dsv
[0.559s] -- Installing: /home/offroad/radar_ws/install/radar_conti_ars408_msgs/share/radar_conti_ars408_msgs/package.dsv
[0.560s] -- Up-to-date: /home/offroad/radar_ws/install/radar_conti_ars408_msgs/share/ament_index/resource_index/packages/radar_conti_ars408_msgs
[0.560s] -- Up-to-date: /home/offroad/radar_ws/install/radar_conti_ars408_msgs/share/radar_conti_ars408_msgs/cmake/radar_conti_ars408_msgs__rosidl_generator_cExport.cmake
[0.560s] -- Up-to-date: /home/offroad/radar_ws/install/radar_conti_ars408_msgs/share/radar_conti_ars408_msgs/cmake/radar_conti_ars408_msgs__rosidl_generator_cExport-noconfig.cmake
[0.560s] -- Up-to-date: /home/offroad/radar_ws/install/radar_conti_ars408_msgs/share/radar_conti_ars408_msgs/cmake/radar_conti_ars408_msgs__rosidl_typesupport_introspection_cExport.cmake
[0.560s] -- Up-to-date: /home/offroad/radar_ws/install/radar_conti_ars408_msgs/share/radar_conti_ars408_msgs/cmake/radar_conti_ars408_msgs__rosidl_typesupport_introspection_cExport-noconfig.cmake
[0.560s] -- Up-to-date: /home/offroad/radar_ws/install/radar_conti_ars408_msgs/share/radar_conti_ars408_msgs/cmake/radar_conti_ars408_msgs__rosidl_typesupport_cExport.cmake
[0.560s] -- Up-to-date: /home/offroad/radar_ws/install/radar_conti_ars408_msgs/share/radar_conti_ars408_msgs/cmake/radar_conti_ars408_msgs__rosidl_typesupport_cExport-noconfig.cmake
[0.560s] -- Up-to-date: /home/offroad/radar_ws/install/radar_conti_ars408_msgs/share/radar_conti_ars408_msgs/cmake/radar_conti_ars408_msgs__rosidl_generator_cppExport.cmake
[0.560s] -- Up-to-date: /home/offroad/radar_ws/install/radar_conti_ars408_msgs/share/radar_conti_ars408_msgs/cmake/radar_conti_ars408_msgs__rosidl_typesupport_introspection_cppExport.cmake
[0.560s] -- Up-to-date: /home/offroad/radar_ws/install/radar_conti_ars408_msgs/share/radar_conti_ars408_msgs/cmake/radar_conti_ars408_msgs__rosidl_typesupport_introspection_cppExport-noconfig.cmake
[0.560s] -- Up-to-date: /home/offroad/radar_ws/install/radar_conti_ars408_msgs/share/radar_conti_ars408_msgs/cmake/radar_conti_ars408_msgs__rosidl_typesupport_cppExport.cmake
[0.560s] -- Up-to-date: /home/offroad/radar_ws/install/radar_conti_ars408_msgs/share/radar_conti_ars408_msgs/cmake/radar_conti_ars408_msgs__rosidl_typesupport_cppExport-noconfig.cmake
[0.560s] -- Up-to-date: /home/offroad/radar_ws/install/radar_conti_ars408_msgs/share/radar_conti_ars408_msgs/cmake/rosidl_cmake-extras.cmake
[0.560s] -- Up-to-date: /home/offroad/radar_ws/install/radar_conti_ars408_msgs/share/radar_conti_ars408_msgs/cmake/ament_cmake_export_dependencies-extras.cmake
[0.561s] -- Up-to-date: /home/offroad/radar_ws/install/radar_conti_ars408_msgs/share/radar_conti_ars408_msgs/cmake/ament_cmake_export_libraries-extras.cmake
[0.561s] -- Up-to-date: /home/offroad/radar_ws/install/radar_conti_ars408_msgs/share/radar_conti_ars408_msgs/cmake/ament_cmake_export_targets-extras.cmake
[0.561s] -- Up-to-date: /home/offroad/radar_ws/install/radar_conti_ars408_msgs/share/radar_conti_ars408_msgs/cmake/ament_cmake_export_include_directories-extras.cmake
[0.561s] -- Up-to-date: /home/offroad/radar_ws/install/radar_conti_ars408_msgs/share/radar_conti_ars408_msgs/cmake/rosidl_cmake_export_typesupport_libraries-extras.cmake
[0.561s] -- Up-to-date: /home/offroad/radar_ws/install/radar_conti_ars408_msgs/share/radar_conti_ars408_msgs/cmake/rosidl_cmake_export_typesupport_targets-extras.cmake
[0.561s] -- Up-to-date: /home/offroad/radar_ws/install/radar_conti_ars408_msgs/share/radar_conti_ars408_msgs/cmake/radar_conti_ars408_msgsConfig.cmake
[0.561s] -- Up-to-date: /home/offroad/radar_ws/install/radar_conti_ars408_msgs/share/radar_conti_ars408_msgs/cmake/radar_conti_ars408_msgsConfig-version.cmake
[0.561s] -- Up-to-date: /home/offroad/radar_ws/install/radar_conti_ars408_msgs/share/radar_conti_ars408_msgs/package.xml
[0.564s] Invoked command in '/home/offroad/radar_ws/build/radar_conti_ars408_msgs' returned '0': CMAKE_PREFIX_PATH=${CMAKE_PREFIX_PATH}:/opt/ros/foxy /usr/bin/cmake --install /home/offroad/radar_ws/build/radar_conti_ars408_msgs
