[0.045s] Invoking command in '/home/offroad/radar_ws/build/radar_conti_ars408': CMAKE_PREFIX_PATH=/home/offroad/radar_ws/install/ros2socketcan_bridge:/home/offroad/radar_ws/install/radar_conti_ars408_msgs:/home/offroad/radar_ws/install/can_msgs:/home/offroad/radar_ws/install/radar_conti_ars408:/opt/ros/foxy LD_LIBRARY_PATH=/home/offroad/radar_ws/install/radar_conti_ars408_msgs/lib:/home/offroad/radar_ws/install/can_msgs/lib:/home/offroad/radar_ws/install/radar_conti_ars408/lib:/usr/lib/x86_64-linux-gnu/gazebo-11/plugins:/opt/ros/foxy/opt/yaml_cpp_vendor/lib:/opt/ros/foxy/opt/rviz_ogre_vendor/lib:/opt/ros/foxy/lib/x86_64-linux-gnu:/opt/ros/foxy/lib /usr/bin/cmake --build /home/offroad/radar_ws/build/radar_conti_ars408 -- -j12 -l12
[0.177s] [35m[1mScanning dependencies of target radar_conti_ars408_component[0m
[0.257s] [ 25%] [32mBuilding CXX object CMakeFiles/radar_conti_ars408_component.dir/src/radar_conti_ars408_component.cpp.o[0m
[0.369s] In file included from [01m[K/home/offroad/radar_ws/src/radar_conti_ars408/src/src/../include/radar_conti_ars408_component.hpp:24[m[K,
[0.370s]                  from [01m[K/home/offroad/radar_ws/src/radar_conti_ars408/src/src/radar_conti_ars408_component.cpp:14[m[K:
[0.370s] [01m[K/home/offroad/radar_ws/src/radar_conti_ars408/src/src/../include/visibility_control.h:43:[m[K [01;35m[Kwarning: [m[K"RADAR_CONTI_ARS408_RADAR_CONTI_ARS408" redefined
[0.371s]    43 |   #define RADAR_CONTI_ARS408_RADAR_CONTI_ARS408
[0.371s]       | 
[0.371s] [01m[K/home/offroad/radar_ws/src/radar_conti_ars408/src/src/../include/visibility_control.h:42:[m[K [01;36m[Knote: [m[Kthis is the location of the previous definition
[0.371s]    42 |   #define RADAR_CONTI_ARS408_RADAR_CONTI_ARS408 __attribute__ ((visibility("default")))
[0.371s]       | 
[7.220s] [01m[K/home/offroad/radar_ws/src/radar_conti_ars408/src/src/radar_conti_ars408_component.cpp:[m[K In member function ‘[01m[Kvirtual rclcpp_lifecycle::node_interfaces::LifecycleNodeInterface::CallbackReturn FHAC::radar_conti_ars408::on_shutdown(const rclcpp_lifecycle::State&)[m[K’:
[7.221s] [01m[K/home/offroad/radar_ws/src/radar_conti_ars408/src/src/radar_conti_ars408_component.cpp:68:34:[m[K [01;35m[Kwarning: [m[Kunused parameter ‘[01m[Kprevious_state[m[K’ [[01;35m[K-Wunused-parameter[m[K]
[7.221s]    68 |   [01;35m[Kconst rclcpp_lifecycle::State& previous_state[m[K)
[7.221s]       |   [01;35m[K~~~~~~~~~~~~~~~~~~~~~~~~~~~~~~~^~~~~~~~~~~~~~[m[K
[7.222s] [01m[K/home/offroad/radar_ws/src/radar_conti_ars408/src/src/radar_conti_ars408_component.cpp:[m[K In member function ‘[01m[Kvirtual rclcpp_lifecycle::node_interfaces::LifecycleNodeInterface::CallbackReturn FHAC::radar_conti_ars408::on_error(const rclcpp_lifecycle::State&)[m[K’:
[7.222s] [01m[K/home/offroad/radar_ws/src/radar_conti_ars408/src/src/radar_conti_ars408_component.cpp:76:36:[m[K [01;35m[Kwarning: [m[Kunused parameter ‘[01m[Kprevious_state[m[K’ [[01;35m[K-Wunused-parameter[m[K]
[7.223s]    76 |     [01;35m[Kconst rclcpp_lifecycle::State& previous_state[m[K)
[7.223s]       |     [01;35m[K~~~~~~~~~~~~~~~~~~~~~~~~~~~~~~~^~~~~~~~~~~~~~[m[K
[27.058s] [ 50%] [32m[1mLinking CXX shared library libradar_conti_ars408_component.so[0m
[28.032s] [ 50%] Built target radar_conti_ars408_component
[28.117s] [ 75%] [32m[1mLinking CXX executable radar_conti_ars408_composition[0m
[28.931s] [100%] Built target radar_conti_ars408_composition
[28.966s] Invoked command in '/home/offroad/radar_ws/build/radar_conti_ars408' returned '0': CMAKE_PREFIX_PATH=/home/offroad/radar_ws/install/ros2socketcan_bridge:/home/offroad/radar_ws/install/radar_conti_ars408_msgs:/home/offroad/radar_ws/install/can_msgs:/home/offroad/radar_ws/install/radar_conti_ars408:/opt/ros/foxy LD_LIBRARY_PATH=/home/offroad/radar_ws/install/radar_conti_ars408_msgs/lib:/home/offroad/radar_ws/install/can_msgs/lib:/home/offroad/radar_ws/install/radar_conti_ars408/lib:/usr/lib/x86_64-linux-gnu/gazebo-11/plugins:/opt/ros/foxy/opt/yaml_cpp_vendor/lib:/opt/ros/foxy/opt/rviz_ogre_vendor/lib:/opt/ros/foxy/lib/x86_64-linux-gnu:/opt/ros/foxy/lib /usr/bin/cmake --build /home/offroad/radar_ws/build/radar_conti_ars408 -- -j12 -l12
[29.048s] Invoking command in '/home/offroad/radar_ws/build/radar_conti_ars408': CMAKE_PREFIX_PATH=/home/offroad/radar_ws/install/ros2socketcan_bridge:/home/offroad/radar_ws/install/radar_conti_ars408_msgs:/home/offroad/radar_ws/install/can_msgs:/home/offroad/radar_ws/install/radar_conti_ars408:/opt/ros/foxy LD_LIBRARY_PATH=/home/offroad/radar_ws/install/radar_conti_ars408_msgs/lib:/home/offroad/radar_ws/install/can_msgs/lib:/home/offroad/radar_ws/install/radar_conti_ars408/lib:/usr/lib/x86_64-linux-gnu/gazebo-11/plugins:/opt/ros/foxy/opt/yaml_cpp_vendor/lib:/opt/ros/foxy/opt/rviz_ogre_vendor/lib:/opt/ros/foxy/lib/x86_64-linux-gnu:/opt/ros/foxy/lib /usr/bin/cmake --install /home/offroad/radar_ws/build/radar_conti_ars408
[29.077s] -- Install configuration: "Release"
[29.077s] -- Up-to-date: /home/offroad/radar_ws/install/radar_conti_ars408/share/radar_conti_ars408/environment/library_path.sh
[29.078s] -- Up-to-date: /home/offroad/radar_ws/install/radar_conti_ars408/share/radar_conti_ars408/environment/library_path.dsv
[29.078s] -- Installing: /home/offroad/radar_ws/install/radar_conti_ars408/lib/radar_conti_ars408/radar_conti_ars408_composition
[29.079s] -- Set runtime path of "/home/offroad/radar_ws/install/radar_conti_ars408/lib/radar_conti_ars408/radar_conti_ars408_composition" to ""
[29.079s] -- Installing: /home/offroad/radar_ws/install/radar_conti_ars408/lib/libradar_conti_ars408_component.so
[29.082s] -- Set runtime path of "/home/offroad/radar_ws/install/radar_conti_ars408/lib/libradar_conti_ars408_component.so" to ""
[29.083s] -- Up-to-date: /home/offroad/radar_ws/install/radar_conti_ars408/include/radar_conti_ars408/
[29.083s] -- Up-to-date: /home/offroad/radar_ws/install/radar_conti_ars408/include/radar_conti_ars408//visibility_control.h
[29.084s] -- Up-to-date: /home/offroad/radar_ws/install/radar_conti_ars408/include/radar_conti_ars408//radar_conti_ars408_component.hpp
[29.084s] -- Up-to-date: /home/offroad/radar_ws/install/radar_conti_ars408/include/radar_conti_ars408//ars_408_can_defines.h
[29.085s] -- Up-to-date: /home/offroad/radar_ws/install/radar_conti_ars408/share/radar_conti_ars408/resources
[29.085s] -- Up-to-date: /home/offroad/radar_ws/install/radar_conti_ars408/share/radar_conti_ars408/resources/low_poly_911.dae
[29.085s] -- Up-to-date: /home/offroad/radar_ws/install/radar_conti_ars408/share/radar_conti_ars408/launch
[29.085s] -- Up-to-date: /home/offroad/radar_ws/install/radar_conti_ars408/share/radar_conti_ars408/launch/radar.launch.py
[29.085s] -- Up-to-date: /home/offroad/radar_ws/install/radar_conti_ars408/share/ament_index/resource_index/package_run_dependencies/radar_conti_ars408
[29.086s] -- Up-to-date: /home/offroad/radar_ws/install/radar_conti_ars408/share/ament_index/resource_index/parent_prefix_path/radar_conti_ars408
[29.086s] -- Up-to-date: /home/offroad/radar_ws/install/radar_conti_ars408/share/radar_conti_ars408/environment/ament_prefix_path.sh
[29.086s] -- Up-to-date: /home/offroad/radar_ws/install/radar_conti_ars408/share/radar_conti_ars408/environment/ament_prefix_path.dsv
[29.086s] -- Up-to-date: /home/offroad/radar_ws/install/radar_conti_ars408/share/radar_conti_ars408/environment/path.sh
[29.086s] -- Up-to-date: /home/offroad/radar_ws/install/radar_conti_ars408/share/radar_conti_ars408/environment/path.dsv
[29.086s] -- Up-to-date: /home/offroad/radar_ws/install/radar_conti_ars408/share/radar_conti_ars408/local_setup.bash
[29.086s] -- Up-to-date: /home/offroad/radar_ws/install/radar_conti_ars408/share/radar_conti_ars408/local_setup.sh
[29.086s] -- Up-to-date: /home/offroad/radar_ws/install/radar_conti_ars408/share/radar_conti_ars408/local_setup.zsh
[29.087s] -- Up-to-date: /home/offroad/radar_ws/install/radar_conti_ars408/share/radar_conti_ars408/local_setup.dsv
[29.087s] -- Installing: /home/offroad/radar_ws/install/radar_conti_ars408/share/radar_conti_ars408/package.dsv
[29.087s] -- Up-to-date: /home/offroad/radar_ws/install/radar_conti_ars408/share/ament_index/resource_index/packages/radar_conti_ars408
[29.087s] -- Up-to-date: /home/offroad/radar_ws/install/radar_conti_ars408/share/ament_index/resource_index/rclcpp_components/radar_conti_ars408
[29.087s] -- Up-to-date: /home/offroad/radar_ws/install/radar_conti_ars408/share/radar_conti_ars408/cmake/radar_conti_ars408Config.cmake
[29.087s] -- Up-to-date: /home/offroad/radar_ws/install/radar_conti_ars408/share/radar_conti_ars408/cmake/radar_conti_ars408Config-version.cmake
[29.087s] -- Up-to-date: /home/offroad/radar_ws/install/radar_conti_ars408/share/radar_conti_ars408/package.xml
[29.095s] Invoked command in '/home/offroad/radar_ws/build/radar_conti_ars408' returned '0': CMAKE_PREFIX_PATH=/home/offroad/radar_ws/install/ros2socketcan_bridge:/home/offroad/radar_ws/install/radar_conti_ars408_msgs:/home/offroad/radar_ws/install/can_msgs:/home/offroad/radar_ws/install/radar_conti_ars408:/opt/ros/foxy LD_LIBRARY_PATH=/home/offroad/radar_ws/install/radar_conti_ars408_msgs/lib:/home/offroad/radar_ws/install/can_msgs/lib:/home/offroad/radar_ws/install/radar_conti_ars408/lib:/usr/lib/x86_64-linux-gnu/gazebo-11/plugins:/opt/ros/foxy/opt/yaml_cpp_vendor/lib:/opt/ros/foxy/opt/rviz_ogre_vendor/lib:/opt/ros/foxy/lib/x86_64-linux-gnu:/opt/ros/foxy/lib /usr/bin/cmake --install /home/offroad/radar_ws/build/radar_conti_ars408
