[0.013s] Invoking command in '/home/offroad/radar_ws/build/radar_conti_ars408_msgs': CMAKE_PREFIX_PATH=/opt/ros/foxy /usr/bin/cmake /home/offroad/radar_ws/src/radar_conti_ars408_msgs -DCMAKE_INSTALL_PREFIX=/home/offroad/radar_ws/install/radar_conti_ars408_msgs
[0.126s] -- The C compiler identification is GNU 9.4.0
[0.170s] -- The CXX compiler identification is GNU 9.4.0
[0.173s] -- Check for working C compiler: /usr/bin/cc
[0.229s] -- Check for working C compiler: /usr/bin/cc -- works
[0.230s] -- Detecting C compiler ABI info
[0.285s] -- Detecting C compiler ABI info - done
[0.294s] -- Detecting C compile features
[0.295s] -- Detecting C compile features - done
[0.296s] -- Check for working CXX compiler: /usr/bin/c++
[0.360s] -- Check for working CXX compiler: /usr/bin/c++ -- works
[0.360s] -- Detecting CXX compiler ABI info
[0.425s] -- Detecting CXX compiler ABI info - done
[0.434s] -- Detecting CXX compile features
[0.435s] -- Detecting CXX compile features - done
[0.437s] -- Found ament_cmake: 0.9.9 (/opt/ros/foxy/share/ament_cmake/cmake)
[0.456s] -- Found PythonInterp: /usr/bin/python3 (found suitable version "3.8.10", minimum required is "3") 
[0.456s] -- Using PYTHON_EXECUTABLE: /usr/bin/python3
[0.617s] -- Found std_msgs: 2.0.5 (/opt/ros/foxy/share/std_msgs/cmake)
[0.639s] -- Using all available rosidl_typesupport_c: rosidl_typesupport_fastrtps_c;rosidl_typesupport_introspection_c
[0.645s] -- Found rosidl_adapter: 1.2.1 (/opt/ros/foxy/share/rosidl_adapter/cmake)
[0.704s] -- Found OpenSSL: /usr/lib/x86_64-linux-gnu/libcrypto.so (found version "1.1.1f")  
[0.728s] -- Found FastRTPS: /opt/ros/foxy/include  
[0.792s] -- Using all available rosidl_typesupport_cpp: rosidl_typesupport_fastrtps_cpp;rosidl_typesupport_introspection_cpp
[0.831s] -- Found rosidl_default_generators: 1.0.1 (/opt/ros/foxy/share/rosidl_default_generators/cmake)
[0.859s] -- Found PythonInterp: /usr/bin/python3 (found version "3.8.10") 
[1.077s] -- Found ament_cmake_ros: 0.9.2 (/opt/ros/foxy/share/ament_cmake_ros/cmake)
[1.225s] -- Using all available rosidl_typesupport_c: rosidl_typesupport_fastrtps_c;rosidl_typesupport_introspection_c
[1.280s] -- Using all available rosidl_typesupport_cpp: rosidl_typesupport_fastrtps_cpp;rosidl_typesupport_introspection_cpp
[1.300s] -- Found PythonInterp: /usr/bin/python3 (found suitable version "3.8.10", minimum required is "3.5") 
[1.301s] -- Found python_cmake_module: 0.8.1 (/opt/ros/foxy/share/python_cmake_module/cmake)
[1.322s] -- Found PythonLibs: /usr/lib/x86_64-linux-gnu/libpython3.8.so (found suitable version "3.8.10", minimum required is "3.5") 
[1.322s] -- Using PYTHON_EXECUTABLE: /usr/bin/python3
[1.323s] -- Using PYTHON_INCLUDE_DIRS: /usr/include/python3.8
[1.323s] -- Using PYTHON_LIBRARIES: /usr/lib/x86_64-linux-gnu/libpython3.8.so
[1.340s] -- Found PythonExtra: .so  
[1.392s] -- Found ament_lint_auto: 0.9.6 (/opt/ros/foxy/share/ament_lint_auto/cmake)
[1.408s] -- Added test 'copyright' to check source files copyright and LICENSE
[1.410s] -- Added test 'lint_cmake' to check CMake code style
[1.411s] -- Added test 'xmllint' to check XML markup files
[1.415s] -- Configuring done
[1.483s] -- Generating done
[1.485s] -- Build files have been written to: /home/offroad/radar_ws/build/radar_conti_ars408_msgs
[1.492s] Invoked command in '/home/offroad/radar_ws/build/radar_conti_ars408_msgs' returned '0': CMAKE_PREFIX_PATH=/opt/ros/foxy /usr/bin/cmake /home/offroad/radar_ws/src/radar_conti_ars408_msgs -DCMAKE_INSTALL_PREFIX=/home/offroad/radar_ws/install/radar_conti_ars408_msgs
[1.495s] Invoking command in '/home/offroad/radar_ws/build/radar_conti_ars408_msgs': CMAKE_PREFIX_PATH=/opt/ros/foxy /usr/bin/cmake --build /home/offroad/radar_ws/build/radar_conti_ars408_msgs -- -j12 -l12
[1.535s] [35m[1mScanning dependencies of target radar_conti_ars408_msgs__cpp[0m
[1.535s] [  1%] [34m[1mGenerating C code for ROS interfaces[0m
[1.545s] [  1%] [34m[1mGenerating C++ code for ROS interfaces[0m
[3.343s] [35m[1mScanning dependencies of target radar_conti_ars408_msgs__rosidl_generator_c[0m
[3.354s] [  1%] Built target radar_conti_ars408_msgs__cpp
[3.366s] [  3%] [32mBuilding C object CMakeFiles/radar_conti_ars408_msgs__rosidl_generator_c.dir/rosidl_generator_c/radar_conti_ars408_msgs/msg/detail/cluster_status__functions.c.o[0m
[3.366s] [  3%] [32mBuilding C object CMakeFiles/radar_conti_ars408_msgs__rosidl_generator_c.dir/rosidl_generator_c/radar_conti_ars408_msgs/msg/detail/object_general__functions.c.o[0m
[3.366s] [  3%] [32mBuilding C object CMakeFiles/radar_conti_ars408_msgs__rosidl_generator_c.dir/rosidl_generator_c/radar_conti_ars408_msgs/msg/detail/cluster_general__functions.c.o[0m
[3.366s] [  4%] [32mBuilding C object CMakeFiles/radar_conti_ars408_msgs__rosidl_generator_c.dir/rosidl_generator_c/radar_conti_ars408_msgs/msg/detail/object_extended__functions.c.o[0m
[3.367s] [  3%] [32mBuilding C object CMakeFiles/radar_conti_ars408_msgs__rosidl_generator_c.dir/rosidl_generator_c/radar_conti_ars408_msgs/msg/detail/cluster_quality__functions.c.o[0m
[3.367s] [  5%] [32mBuilding C object CMakeFiles/radar_conti_ars408_msgs__rosidl_generator_c.dir/rosidl_generator_c/radar_conti_ars408_msgs/msg/detail/object_status__functions.c.o[0m
[3.367s] [  5%] [32mBuilding C object CMakeFiles/radar_conti_ars408_msgs__rosidl_generator_c.dir/rosidl_generator_c/radar_conti_ars408_msgs/msg/detail/object_quality__functions.c.o[0m
[3.368s] [  4%] [32mBuilding C object CMakeFiles/radar_conti_ars408_msgs__rosidl_generator_c.dir/rosidl_generator_c/radar_conti_ars408_msgs/msg/detail/radar_state__functions.c.o[0m
[3.368s] [  6%] [32mBuilding C object CMakeFiles/radar_conti_ars408_msgs__rosidl_generator_c.dir/rosidl_generator_c/radar_conti_ars408_msgs/msg/detail/version_id__functions.c.o[0m
[3.369s] [  7%] [32mBuilding C object CMakeFiles/radar_conti_ars408_msgs__rosidl_generator_c.dir/rosidl_generator_c/radar_conti_ars408_msgs/msg/detail/radar_configuration__functions.c.o[0m
[3.376s] [  7%] [34m[1mGenerating C++ introspection for ROS interfaces[0m
[3.379s] [  8%] [32mBuilding C object CMakeFiles/radar_conti_ars408_msgs__rosidl_generator_c.dir/rosidl_generator_c/radar_conti_ars408_msgs/msg/detail/cluster__functions.c.o[0m
[3.432s] [  8%] [32mBuilding C object CMakeFiles/radar_conti_ars408_msgs__rosidl_generator_c.dir/rosidl_generator_c/radar_conti_ars408_msgs/msg/detail/object__functions.c.o[0m
[3.433s] [ 10%] [32mBuilding C object CMakeFiles/radar_conti_ars408_msgs__rosidl_generator_c.dir/rosidl_generator_c/radar_conti_ars408_msgs/msg/detail/filter_state_cfg__functions.c.o[0m
[3.433s] [ 10%] [32mBuilding C object CMakeFiles/radar_conti_ars408_msgs__rosidl_generator_c.dir/rosidl_generator_c/radar_conti_ars408_msgs/msg/detail/cluster_list__functions.c.o[0m
[3.433s] [ 10%] [34m[1mGenerating C++ type support for eProsima Fast-RTPS[0m
[3.434s] [ 11%] [34m[1mGenerating C++ type support dispatch for ROS interfaces[0m
[3.435s] [ 12%] [32mBuilding C object CMakeFiles/radar_conti_ars408_msgs__rosidl_generator_c.dir/rosidl_generator_c/radar_conti_ars408_msgs/msg/detail/object_list__functions.c.o[0m
[3.441s] [ 12%] [32mBuilding C object CMakeFiles/radar_conti_ars408_msgs__rosidl_generator_c.dir/rosidl_generator_c/radar_conti_ars408_msgs/msg/detail/filter_state_header__functions.c.o[0m
[3.441s] [ 13%] [32mBuilding C object CMakeFiles/radar_conti_ars408_msgs__rosidl_generator_c.dir/rosidl_generator_c/radar_conti_ars408_msgs/msg/detail/filter_cfg__functions.c.o[0m
[3.495s] [ 14%] [32m[1mLinking C shared library libradar_conti_ars408_msgs__rosidl_generator_c.so[0m
[3.533s] [ 14%] Built target radar_conti_ars408_msgs__rosidl_generator_c
[3.543s] [ 16%] [34m[1mGenerating C type support dispatch for ROS interfaces[0m
[3.544s] [ 16%] [34m[1mGenerating C introspection for ROS interfaces[0m
[5.095s] [35m[1mScanning dependencies of target radar_conti_ars408_msgs__rosidl_typesupport_c[0m
[5.123s] [ 16%] [32mBuilding CXX object CMakeFiles/radar_conti_ars408_msgs__rosidl_typesupport_c.dir/rosidl_typesupport_c/radar_conti_ars408_msgs/msg/cluster_general__type_support.cpp.o[0m
[5.127s] [ 17%] [32mBuilding CXX object CMakeFiles/radar_conti_ars408_msgs__rosidl_typesupport_c.dir/rosidl_typesupport_c/radar_conti_ars408_msgs/msg/cluster_quality__type_support.cpp.o[0m
[5.127s] [ 17%] [32mBuilding CXX object CMakeFiles/radar_conti_ars408_msgs__rosidl_typesupport_c.dir/rosidl_typesupport_c/radar_conti_ars408_msgs/msg/object_general__type_support.cpp.o[0m
[5.128s] [ 18%] [32mBuilding CXX object CMakeFiles/radar_conti_ars408_msgs__rosidl_typesupport_c.dir/rosidl_typesupport_c/radar_conti_ars408_msgs/msg/object_extended__type_support.cpp.o[0m
[5.131s] [ 18%] [32mBuilding CXX object CMakeFiles/radar_conti_ars408_msgs__rosidl_typesupport_c.dir/rosidl_typesupport_c/radar_conti_ars408_msgs/msg/object_quality__type_support.cpp.o[0m
[5.134s] [ 19%] [32mBuilding CXX object CMakeFiles/radar_conti_ars408_msgs__rosidl_typesupport_c.dir/rosidl_typesupport_c/radar_conti_ars408_msgs/msg/cluster_status__type_support.cpp.o[0m
[5.140s] [ 20%] [32mBuilding CXX object CMakeFiles/radar_conti_ars408_msgs__rosidl_typesupport_c.dir/rosidl_typesupport_c/radar_conti_ars408_msgs/msg/object_status__type_support.cpp.o[0m
[5.144s] [35m[1mScanning dependencies of target radar_conti_ars408_msgs__rosidl_typesupport_cpp[0m
[5.180s] [ 21%] [32mBuilding CXX object CMakeFiles/radar_conti_ars408_msgs__rosidl_typesupport_cpp.dir/rosidl_typesupport_cpp/radar_conti_ars408_msgs/msg/cluster_general__type_support.cpp.o[0m
[5.180s] [ 21%] [32mBuilding CXX object CMakeFiles/radar_conti_ars408_msgs__rosidl_typesupport_c.dir/rosidl_typesupport_c/radar_conti_ars408_msgs/msg/radar_configuration__type_support.cpp.o[0m
[5.182s] [ 23%] [32mBuilding CXX object CMakeFiles/radar_conti_ars408_msgs__rosidl_typesupport_cpp.dir/rosidl_typesupport_cpp/radar_conti_ars408_msgs/msg/cluster_status__type_support.cpp.o[0m
[5.182s] [ 23%] [32mBuilding CXX object CMakeFiles/radar_conti_ars408_msgs__rosidl_typesupport_cpp.dir/rosidl_typesupport_cpp/radar_conti_ars408_msgs/msg/cluster_quality__type_support.cpp.o[0m
[5.185s] [ 23%] [32mBuilding CXX object CMakeFiles/radar_conti_ars408_msgs__rosidl_typesupport_c.dir/rosidl_typesupport_c/radar_conti_ars408_msgs/msg/radar_state__type_support.cpp.o[0m
[5.190s] [ 23%] [32mBuilding CXX object CMakeFiles/radar_conti_ars408_msgs__rosidl_typesupport_cpp.dir/rosidl_typesupport_cpp/radar_conti_ars408_msgs/msg/object_general__type_support.cpp.o[0m
[5.204s] [ 24%] [32mBuilding CXX object CMakeFiles/radar_conti_ars408_msgs__rosidl_typesupport_c.dir/rosidl_typesupport_c/radar_conti_ars408_msgs/msg/version_id__type_support.cpp.o[0m
[5.231s] [ 25%] [32mBuilding CXX object CMakeFiles/radar_conti_ars408_msgs__rosidl_typesupport_c.dir/rosidl_typesupport_c/radar_conti_ars408_msgs/msg/cluster__type_support.cpp.o[0m
[5.242s] [ 25%] [32mBuilding CXX object CMakeFiles/radar_conti_ars408_msgs__rosidl_typesupport_c.dir/rosidl_typesupport_c/radar_conti_ars408_msgs/msg/object__type_support.cpp.o[0m
[5.243s] [ 26%] [32mBuilding CXX object CMakeFiles/radar_conti_ars408_msgs__rosidl_typesupport_c.dir/rosidl_typesupport_c/radar_conti_ars408_msgs/msg/cluster_list__type_support.cpp.o[0m
[5.259s] [ 26%] [32mBuilding CXX object CMakeFiles/radar_conti_ars408_msgs__rosidl_typesupport_c.dir/rosidl_typesupport_c/radar_conti_ars408_msgs/msg/object_list__type_support.cpp.o[0m
[5.291s] [ 27%] [32mBuilding CXX object CMakeFiles/radar_conti_ars408_msgs__rosidl_typesupport_c.dir/rosidl_typesupport_c/radar_conti_ars408_msgs/msg/filter_state_cfg__type_support.cpp.o[0m
[5.292s] [ 28%] [32mBuilding CXX object CMakeFiles/radar_conti_ars408_msgs__rosidl_typesupport_c.dir/rosidl_typesupport_c/radar_conti_ars408_msgs/msg/filter_cfg__type_support.cpp.o[0m
[5.307s] [ 29%] [32mBuilding CXX object CMakeFiles/radar_conti_ars408_msgs__rosidl_typesupport_cpp.dir/rosidl_typesupport_cpp/radar_conti_ars408_msgs/msg/object_extended__type_support.cpp.o[0m
[5.309s] [ 30%] [32mBuilding CXX object CMakeFiles/radar_conti_ars408_msgs__rosidl_typesupport_cpp.dir/rosidl_typesupport_cpp/radar_conti_ars408_msgs/msg/object_quality__type_support.cpp.o[0m
[5.311s] [ 30%] [32mBuilding CXX object CMakeFiles/radar_conti_ars408_msgs__rosidl_typesupport_c.dir/rosidl_typesupport_c/radar_conti_ars408_msgs/msg/filter_state_header__type_support.cpp.o[0m
[5.362s] [ 31%] [32m[1mLinking CXX shared library libradar_conti_ars408_msgs__rosidl_typesupport_c.so[0m
[5.375s] [ 31%] [32mBuilding CXX object CMakeFiles/radar_conti_ars408_msgs__rosidl_typesupport_cpp.dir/rosidl_typesupport_cpp/radar_conti_ars408_msgs/msg/object_status__type_support.cpp.o[0m
[5.397s] [35m[1mScanning dependencies of target radar_conti_ars408_msgs__rosidl_typesupport_introspection_cpp[0m
[5.433s] [ 32%] [32mBuilding CXX object CMakeFiles/radar_conti_ars408_msgs__rosidl_typesupport_introspection_cpp.dir/rosidl_typesupport_introspection_cpp/radar_conti_ars408_msgs/msg/detail/cluster_general__type_support.cpp.o[0m
[5.461s] [ 32%] Built target radar_conti_ars408_msgs__rosidl_typesupport_c
[5.486s] [ 32%] [32mBuilding CXX object CMakeFiles/radar_conti_ars408_msgs__rosidl_typesupport_introspection_cpp.dir/rosidl_typesupport_introspection_cpp/radar_conti_ars408_msgs/msg/detail/cluster_quality__type_support.cpp.o[0m
[5.512s] [ 33%] [32mBuilding CXX object CMakeFiles/radar_conti_ars408_msgs__rosidl_typesupport_introspection_cpp.dir/rosidl_typesupport_introspection_cpp/radar_conti_ars408_msgs/msg/detail/cluster_status__type_support.cpp.o[0m
[5.631s] [ 34%] [32mBuilding CXX object CMakeFiles/radar_conti_ars408_msgs__rosidl_typesupport_cpp.dir/rosidl_typesupport_cpp/radar_conti_ars408_msgs/msg/radar_configuration__type_support.cpp.o[0m
[5.681s] [ 35%] [32mBuilding CXX object CMakeFiles/radar_conti_ars408_msgs__rosidl_typesupport_cpp.dir/rosidl_typesupport_cpp/radar_conti_ars408_msgs/msg/radar_state__type_support.cpp.o[0m
[5.704s] [ 35%] [32mBuilding CXX object CMakeFiles/radar_conti_ars408_msgs__rosidl_typesupport_cpp.dir/rosidl_typesupport_cpp/radar_conti_ars408_msgs/msg/version_id__type_support.cpp.o[0m
[5.745s] [ 36%] [32mBuilding CXX object CMakeFiles/radar_conti_ars408_msgs__rosidl_typesupport_cpp.dir/rosidl_typesupport_cpp/radar_conti_ars408_msgs/msg/cluster__type_support.cpp.o[0m
[5.791s] [ 36%] [32mBuilding CXX object CMakeFiles/radar_conti_ars408_msgs__rosidl_typesupport_cpp.dir/rosidl_typesupport_cpp/radar_conti_ars408_msgs/msg/object__type_support.cpp.o[0m
[5.813s] [ 37%] [32mBuilding CXX object CMakeFiles/radar_conti_ars408_msgs__rosidl_typesupport_cpp.dir/rosidl_typesupport_cpp/radar_conti_ars408_msgs/msg/cluster_list__type_support.cpp.o[0m
[5.844s] [35m[1mScanning dependencies of target radar_conti_ars408_msgs__rosidl_typesupport_introspection_c[0m
[5.865s] [ 38%] [32mBuilding CXX object CMakeFiles/radar_conti_ars408_msgs__rosidl_typesupport_introspection_cpp.dir/rosidl_typesupport_introspection_cpp/radar_conti_ars408_msgs/msg/detail/object_general__type_support.cpp.o[0m
[5.900s] [ 39%] [32mBuilding C object CMakeFiles/radar_conti_ars408_msgs__rosidl_typesupport_introspection_c.dir/rosidl_typesupport_introspection_c/radar_conti_ars408_msgs/msg/detail/cluster_general__type_support.c.o[0m
[5.953s] [ 39%] [32mBuilding CXX object CMakeFiles/radar_conti_ars408_msgs__rosidl_typesupport_introspection_cpp.dir/rosidl_typesupport_introspection_cpp/radar_conti_ars408_msgs/msg/detail/object_extended__type_support.cpp.o[0m
[5.962s] [ 39%] [32mBuilding C object CMakeFiles/radar_conti_ars408_msgs__rosidl_typesupport_introspection_c.dir/rosidl_typesupport_introspection_c/radar_conti_ars408_msgs/msg/detail/cluster_quality__type_support.c.o[0m
[6.002s] [ 40%] [32mBuilding CXX object CMakeFiles/radar_conti_ars408_msgs__rosidl_typesupport_introspection_cpp.dir/rosidl_typesupport_introspection_cpp/radar_conti_ars408_msgs/msg/detail/object_quality__type_support.cpp.o[0m
[6.038s] [ 41%] [32mBuilding CXX object CMakeFiles/radar_conti_ars408_msgs__rosidl_typesupport_introspection_cpp.dir/rosidl_typesupport_introspection_cpp/radar_conti_ars408_msgs/msg/detail/object_status__type_support.cpp.o[0m
[6.043s] [ 42%] [32mBuilding C object CMakeFiles/radar_conti_ars408_msgs__rosidl_typesupport_introspection_c.dir/rosidl_typesupport_introspection_c/radar_conti_ars408_msgs/msg/detail/cluster_status__type_support.c.o[0m
[6.100s] [35m[1mScanning dependencies of target radar_conti_ars408_msgs__rosidl_typesupport_fastrtps_cpp[0m
[6.100s] [ 42%] [32mBuilding C object CMakeFiles/radar_conti_ars408_msgs__rosidl_typesupport_introspection_c.dir/rosidl_typesupport_introspection_c/radar_conti_ars408_msgs/msg/detail/object_general__type_support.c.o[0m
[6.154s] [ 43%] [32mBuilding CXX object CMakeFiles/radar_conti_ars408_msgs__rosidl_typesupport_cpp.dir/rosidl_typesupport_cpp/radar_conti_ars408_msgs/msg/object_list__type_support.cpp.o[0m
[6.165s] [ 44%] [32mBuilding C object CMakeFiles/radar_conti_ars408_msgs__rosidl_typesupport_introspection_c.dir/rosidl_typesupport_introspection_c/radar_conti_ars408_msgs/msg/detail/object_extended__type_support.c.o[0m
[6.170s] [ 45%] [32mBuilding CXX object CMakeFiles/radar_conti_ars408_msgs__rosidl_typesupport_fastrtps_cpp.dir/rosidl_typesupport_fastrtps_cpp/radar_conti_ars408_msgs/msg/detail/dds_fastrtps/cluster_general__type_support.cpp.o[0m
[6.185s] [ 45%] [32mBuilding CXX object CMakeFiles/radar_conti_ars408_msgs__rosidl_typesupport_introspection_cpp.dir/rosidl_typesupport_introspection_cpp/radar_conti_ars408_msgs/msg/detail/radar_configuration__type_support.cpp.o[0m
[6.203s] [ 45%] [32mBuilding CXX object CMakeFiles/radar_conti_ars408_msgs__rosidl_typesupport_cpp.dir/rosidl_typesupport_cpp/radar_conti_ars408_msgs/msg/filter_state_cfg__type_support.cpp.o[0m
[6.240s] [ 46%] [32mBuilding CXX object CMakeFiles/radar_conti_ars408_msgs__rosidl_typesupport_cpp.dir/rosidl_typesupport_cpp/radar_conti_ars408_msgs/msg/filter_cfg__type_support.cpp.o[0m
[6.240s] [ 47%] [32mBuilding C object CMakeFiles/radar_conti_ars408_msgs__rosidl_typesupport_introspection_c.dir/rosidl_typesupport_introspection_c/radar_conti_ars408_msgs/msg/detail/object_quality__type_support.c.o[0m
[6.253s] [ 48%] [32mBuilding CXX object CMakeFiles/radar_conti_ars408_msgs__rosidl_typesupport_cpp.dir/rosidl_typesupport_cpp/radar_conti_ars408_msgs/msg/filter_state_header__type_support.cpp.o[0m
[6.308s] [ 48%] [32mBuilding C object CMakeFiles/radar_conti_ars408_msgs__rosidl_typesupport_introspection_c.dir/rosidl_typesupport_introspection_c/radar_conti_ars408_msgs/msg/detail/object_status__type_support.c.o[0m
[6.346s] [ 49%] [32mBuilding CXX object CMakeFiles/radar_conti_ars408_msgs__rosidl_typesupport_introspection_cpp.dir/rosidl_typesupport_introspection_cpp/radar_conti_ars408_msgs/msg/detail/radar_state__type_support.cpp.o[0m
[6.360s] [ 50%] [32mBuilding C object CMakeFiles/radar_conti_ars408_msgs__rosidl_typesupport_introspection_c.dir/rosidl_typesupport_introspection_c/radar_conti_ars408_msgs/msg/detail/radar_configuration__type_support.c.o[0m
[6.371s] [ 51%] [32mBuilding C object CMakeFiles/radar_conti_ars408_msgs__rosidl_typesupport_introspection_c.dir/rosidl_typesupport_introspection_c/radar_conti_ars408_msgs/msg/detail/radar_state__type_support.c.o[0m
[6.444s] [ 51%] [32mBuilding CXX object CMakeFiles/radar_conti_ars408_msgs__rosidl_typesupport_introspection_cpp.dir/rosidl_typesupport_introspection_cpp/radar_conti_ars408_msgs/msg/detail/version_id__type_support.cpp.o[0m
[6.461s] [ 51%] [32mBuilding C object CMakeFiles/radar_conti_ars408_msgs__rosidl_typesupport_introspection_c.dir/rosidl_typesupport_introspection_c/radar_conti_ars408_msgs/msg/detail/version_id__type_support.c.o[0m
[6.465s] [ 52%] [32mBuilding CXX object CMakeFiles/radar_conti_ars408_msgs__rosidl_typesupport_introspection_cpp.dir/rosidl_typesupport_introspection_cpp/radar_conti_ars408_msgs/msg/detail/cluster__type_support.cpp.o[0m
[6.504s] [ 52%] [32mBuilding CXX object CMakeFiles/radar_conti_ars408_msgs__rosidl_typesupport_fastrtps_cpp.dir/rosidl_typesupport_fastrtps_cpp/radar_conti_ars408_msgs/msg/detail/dds_fastrtps/cluster_quality__type_support.cpp.o[0m
[6.541s] [ 53%] [32mBuilding C object CMakeFiles/radar_conti_ars408_msgs__rosidl_typesupport_introspection_c.dir/rosidl_typesupport_introspection_c/radar_conti_ars408_msgs/msg/detail/cluster__type_support.c.o[0m
[6.557s] [ 54%] [32mBuilding CXX object CMakeFiles/radar_conti_ars408_msgs__rosidl_typesupport_introspection_cpp.dir/rosidl_typesupport_introspection_cpp/radar_conti_ars408_msgs/msg/detail/object__type_support.cpp.o[0m
[6.658s] [ 55%] [32mBuilding C object CMakeFiles/radar_conti_ars408_msgs__rosidl_typesupport_introspection_c.dir/rosidl_typesupport_introspection_c/radar_conti_ars408_msgs/msg/detail/object__type_support.c.o[0m
[6.673s] [ 55%] [32mBuilding C object CMakeFiles/radar_conti_ars408_msgs__rosidl_typesupport_introspection_c.dir/rosidl_typesupport_introspection_c/radar_conti_ars408_msgs/msg/detail/cluster_list__type_support.c.o[0m
[6.712s] [ 56%] [32mBuilding C object CMakeFiles/radar_conti_ars408_msgs__rosidl_typesupport_introspection_c.dir/rosidl_typesupport_introspection_c/radar_conti_ars408_msgs/msg/detail/object_list__type_support.c.o[0m
[6.715s] [ 56%] [32mBuilding C object CMakeFiles/radar_conti_ars408_msgs__rosidl_typesupport_introspection_c.dir/rosidl_typesupport_introspection_c/radar_conti_ars408_msgs/msg/detail/filter_state_cfg__type_support.c.o[0m
[6.732s] [ 57%] [32mBuilding C object CMakeFiles/radar_conti_ars408_msgs__rosidl_typesupport_introspection_c.dir/rosidl_typesupport_introspection_c/radar_conti_ars408_msgs/msg/detail/filter_cfg__type_support.c.o[0m
[6.741s] [ 58%] [32mBuilding CXX object CMakeFiles/radar_conti_ars408_msgs__rosidl_typesupport_fastrtps_cpp.dir/rosidl_typesupport_fastrtps_cpp/radar_conti_ars408_msgs/msg/detail/dds_fastrtps/cluster_status__type_support.cpp.o[0m
[6.757s] [ 59%] [32mBuilding C object CMakeFiles/radar_conti_ars408_msgs__rosidl_typesupport_introspection_c.dir/rosidl_typesupport_introspection_c/radar_conti_ars408_msgs/msg/detail/filter_state_header__type_support.c.o[0m
[6.770s] [ 59%] [32m[1mLinking CXX shared library libradar_conti_ars408_msgs__rosidl_typesupport_cpp.so[0m
[6.790s] [ 60%] [32mBuilding CXX object CMakeFiles/radar_conti_ars408_msgs__rosidl_typesupport_fastrtps_cpp.dir/rosidl_typesupport_fastrtps_cpp/radar_conti_ars408_msgs/msg/detail/dds_fastrtps/object_general__type_support.cpp.o[0m
[6.798s] [ 60%] [32mBuilding CXX object CMakeFiles/radar_conti_ars408_msgs__rosidl_typesupport_introspection_cpp.dir/rosidl_typesupport_introspection_cpp/radar_conti_ars408_msgs/msg/detail/cluster_list__type_support.cpp.o[0m
[6.823s] [ 60%] [32mBuilding CXX object CMakeFiles/radar_conti_ars408_msgs__rosidl_typesupport_fastrtps_cpp.dir/rosidl_typesupport_fastrtps_cpp/radar_conti_ars408_msgs/msg/detail/dds_fastrtps/object_extended__type_support.cpp.o[0m
[6.859s] [ 61%] [32mBuilding CXX object CMakeFiles/radar_conti_ars408_msgs__rosidl_typesupport_introspection_cpp.dir/rosidl_typesupport_introspection_cpp/radar_conti_ars408_msgs/msg/detail/object_list__type_support.cpp.o[0m
[6.866s] [ 61%] [32m[1mLinking C shared library libradar_conti_ars408_msgs__rosidl_typesupport_introspection_c.so[0m
[6.875s] [ 61%] Built target radar_conti_ars408_msgs__rosidl_typesupport_cpp
[6.889s] [ 62%] [32mBuilding CXX object CMakeFiles/radar_conti_ars408_msgs__rosidl_typesupport_introspection_cpp.dir/rosidl_typesupport_introspection_cpp/radar_conti_ars408_msgs/msg/detail/filter_state_cfg__type_support.cpp.o[0m
[6.980s] [ 62%] [32mBuilding CXX object CMakeFiles/radar_conti_ars408_msgs__rosidl_typesupport_introspection_cpp.dir/rosidl_typesupport_introspection_cpp/radar_conti_ars408_msgs/msg/detail/filter_cfg__type_support.cpp.o[0m
[6.986s] [ 63%] [32mBuilding CXX object CMakeFiles/radar_conti_ars408_msgs__rosidl_typesupport_introspection_cpp.dir/rosidl_typesupport_introspection_cpp/radar_conti_ars408_msgs/msg/detail/filter_state_header__type_support.cpp.o[0m
[6.994s] [ 63%] Built target radar_conti_ars408_msgs__rosidl_typesupport_introspection_c
[7.016s] [ 64%] [32mBuilding CXX object CMakeFiles/radar_conti_ars408_msgs__rosidl_typesupport_fastrtps_cpp.dir/rosidl_typesupport_fastrtps_cpp/radar_conti_ars408_msgs/msg/detail/dds_fastrtps/object_quality__type_support.cpp.o[0m
[7.030s] [ 64%] [32mBuilding CXX object CMakeFiles/radar_conti_ars408_msgs__rosidl_typesupport_fastrtps_cpp.dir/rosidl_typesupport_fastrtps_cpp/radar_conti_ars408_msgs/msg/detail/dds_fastrtps/object_status__type_support.cpp.o[0m
[7.220s] [ 65%] [32mBuilding CXX object CMakeFiles/radar_conti_ars408_msgs__rosidl_typesupport_fastrtps_cpp.dir/rosidl_typesupport_fastrtps_cpp/radar_conti_ars408_msgs/msg/detail/dds_fastrtps/radar_configuration__type_support.cpp.o[0m
[7.228s] [ 66%] [32mBuilding CXX object CMakeFiles/radar_conti_ars408_msgs__rosidl_typesupport_fastrtps_cpp.dir/rosidl_typesupport_fastrtps_cpp/radar_conti_ars408_msgs/msg/detail/dds_fastrtps/radar_state__type_support.cpp.o[0m
[7.452s] [ 66%] [32mBuilding CXX object CMakeFiles/radar_conti_ars408_msgs__rosidl_typesupport_fastrtps_cpp.dir/rosidl_typesupport_fastrtps_cpp/radar_conti_ars408_msgs/msg/detail/dds_fastrtps/version_id__type_support.cpp.o[0m
[7.509s] [ 67%] [32mBuilding CXX object CMakeFiles/radar_conti_ars408_msgs__rosidl_typesupport_fastrtps_cpp.dir/rosidl_typesupport_fastrtps_cpp/radar_conti_ars408_msgs/msg/detail/dds_fastrtps/cluster__type_support.cpp.o[0m
[7.531s] [ 68%] [32mBuilding CXX object CMakeFiles/radar_conti_ars408_msgs__rosidl_typesupport_fastrtps_cpp.dir/rosidl_typesupport_fastrtps_cpp/radar_conti_ars408_msgs/msg/detail/dds_fastrtps/object__type_support.cpp.o[0m
[7.595s] [ 68%] [32mBuilding CXX object CMakeFiles/radar_conti_ars408_msgs__rosidl_typesupport_fastrtps_cpp.dir/rosidl_typesupport_fastrtps_cpp/radar_conti_ars408_msgs/msg/detail/dds_fastrtps/filter_state_cfg__type_support.cpp.o[0m
[7.603s] [ 68%] [32mBuilding CXX object CMakeFiles/radar_conti_ars408_msgs__rosidl_typesupport_fastrtps_cpp.dir/rosidl_typesupport_fastrtps_cpp/radar_conti_ars408_msgs/msg/detail/dds_fastrtps/cluster_list__type_support.cpp.o[0m
[7.609s] [ 69%] [32m[1mLinking CXX shared library libradar_conti_ars408_msgs__rosidl_typesupport_introspection_cpp.so[0m
[7.610s] [ 70%] [32mBuilding CXX object CMakeFiles/radar_conti_ars408_msgs__rosidl_typesupport_fastrtps_cpp.dir/rosidl_typesupport_fastrtps_cpp/radar_conti_ars408_msgs/msg/detail/dds_fastrtps/object_list__type_support.cpp.o[0m
[7.743s] [ 71%] [32mBuilding CXX object CMakeFiles/radar_conti_ars408_msgs__rosidl_typesupport_fastrtps_cpp.dir/rosidl_typesupport_fastrtps_cpp/radar_conti_ars408_msgs/msg/detail/dds_fastrtps/filter_cfg__type_support.cpp.o[0m
[7.864s] [ 72%] [32mBuilding CXX object CMakeFiles/radar_conti_ars408_msgs__rosidl_typesupport_fastrtps_cpp.dir/rosidl_typesupport_fastrtps_cpp/radar_conti_ars408_msgs/msg/detail/dds_fastrtps/filter_state_header__type_support.cpp.o[0m
[7.935s] [ 72%] Built target radar_conti_ars408_msgs__rosidl_typesupport_introspection_cpp
[8.355s] [ 72%] [32m[1mLinking CXX shared library libradar_conti_ars408_msgs__rosidl_typesupport_fastrtps_cpp.so[0m
[8.431s] [ 72%] Built target radar_conti_ars408_msgs__rosidl_typesupport_fastrtps_cpp
[8.440s] [ 73%] [34m[1mGenerating C type support for eProsima Fast-RTPS[0m
[9.980s] [35m[1mScanning dependencies of target radar_conti_ars408_msgs__rosidl_typesupport_fastrtps_c[0m
[10.011s] [ 75%] [32mBuilding CXX object CMakeFiles/radar_conti_ars408_msgs__rosidl_typesupport_fastrtps_c.dir/rosidl_typesupport_fastrtps_c/radar_conti_ars408_msgs/msg/detail/object_general__type_support_c.cpp.o[0m
[10.011s] [ 75%] [32mBuilding CXX object CMakeFiles/radar_conti_ars408_msgs__rosidl_typesupport_fastrtps_c.dir/rosidl_typesupport_fastrtps_c/radar_conti_ars408_msgs/msg/detail/cluster_general__type_support_c.cpp.o[0m
[10.012s] [ 75%] [32mBuilding CXX object CMakeFiles/radar_conti_ars408_msgs__rosidl_typesupport_fastrtps_c.dir/rosidl_typesupport_fastrtps_c/radar_conti_ars408_msgs/msg/detail/cluster_status__type_support_c.cpp.o[0m
[10.012s] [ 75%] [32mBuilding CXX object CMakeFiles/radar_conti_ars408_msgs__rosidl_typesupport_fastrtps_c.dir/rosidl_typesupport_fastrtps_c/radar_conti_ars408_msgs/msg/detail/object_extended__type_support_c.cpp.o[0m
[10.012s] [ 76%] [32mBuilding CXX object CMakeFiles/radar_conti_ars408_msgs__rosidl_typesupport_fastrtps_c.dir/rosidl_typesupport_fastrtps_c/radar_conti_ars408_msgs/msg/detail/object_quality__type_support_c.cpp.o[0m
[10.012s] [ 76%] [32mBuilding CXX object CMakeFiles/radar_conti_ars408_msgs__rosidl_typesupport_fastrtps_c.dir/rosidl_typesupport_fastrtps_c/radar_conti_ars408_msgs/msg/detail/object_status__type_support_c.cpp.o[0m
[10.013s] [ 77%] [32mBuilding CXX object CMakeFiles/radar_conti_ars408_msgs__rosidl_typesupport_fastrtps_c.dir/rosidl_typesupport_fastrtps_c/radar_conti_ars408_msgs/msg/detail/cluster_quality__type_support_c.cpp.o[0m
[10.013s] [ 78%] [32mBuilding CXX object CMakeFiles/radar_conti_ars408_msgs__rosidl_typesupport_fastrtps_c.dir/rosidl_typesupport_fastrtps_c/radar_conti_ars408_msgs/msg/detail/radar_configuration__type_support_c.cpp.o[0m
[10.013s] [ 79%] [32mBuilding CXX object CMakeFiles/radar_conti_ars408_msgs__rosidl_typesupport_fastrtps_c.dir/rosidl_typesupport_fastrtps_c/radar_conti_ars408_msgs/msg/detail/radar_state__type_support_c.cpp.o[0m
[10.013s] [ 79%] [32mBuilding CXX object CMakeFiles/radar_conti_ars408_msgs__rosidl_typesupport_fastrtps_c.dir/rosidl_typesupport_fastrtps_c/radar_conti_ars408_msgs/msg/detail/version_id__type_support_c.cpp.o[0m
[10.013s] [ 80%] [32mBuilding CXX object CMakeFiles/radar_conti_ars408_msgs__rosidl_typesupport_fastrtps_c.dir/rosidl_typesupport_fastrtps_c/radar_conti_ars408_msgs/msg/detail/cluster__type_support_c.cpp.o[0m
[10.014s] [ 80%] [32mBuilding CXX object CMakeFiles/radar_conti_ars408_msgs__rosidl_typesupport_fastrtps_c.dir/rosidl_typesupport_fastrtps_c/radar_conti_ars408_msgs/msg/detail/object__type_support_c.cpp.o[0m
[10.601s] [ 82%] [32mBuilding CXX object CMakeFiles/radar_conti_ars408_msgs__rosidl_typesupport_fastrtps_c.dir/rosidl_typesupport_fastrtps_c/radar_conti_ars408_msgs/msg/detail/cluster_list__type_support_c.cpp.o[0m
[10.601s] [ 82%] [32mBuilding CXX object CMakeFiles/radar_conti_ars408_msgs__rosidl_typesupport_fastrtps_c.dir/rosidl_typesupport_fastrtps_c/radar_conti_ars408_msgs/msg/detail/object_list__type_support_c.cpp.o[0m
[10.602s] [ 82%] [32mBuilding CXX object CMakeFiles/radar_conti_ars408_msgs__rosidl_typesupport_fastrtps_c.dir/rosidl_typesupport_fastrtps_c/radar_conti_ars408_msgs/msg/detail/filter_state_cfg__type_support_c.cpp.o[0m
[10.603s] [ 83%] [32mBuilding CXX object CMakeFiles/radar_conti_ars408_msgs__rosidl_typesupport_fastrtps_c.dir/rosidl_typesupport_fastrtps_c/radar_conti_ars408_msgs/msg/detail/filter_cfg__type_support_c.cpp.o[0m
[10.613s] [ 84%] [32mBuilding CXX object CMakeFiles/radar_conti_ars408_msgs__rosidl_typesupport_fastrtps_c.dir/rosidl_typesupport_fastrtps_c/radar_conti_ars408_msgs/msg/detail/filter_state_header__type_support_c.cpp.o[0m
[10.993s] [ 84%] [32m[1mLinking CXX shared library libradar_conti_ars408_msgs__rosidl_typesupport_fastrtps_c.so[0m
[11.069s] [ 84%] Built target radar_conti_ars408_msgs__rosidl_typesupport_fastrtps_c
[11.077s] [35m[1mScanning dependencies of target radar_conti_ars408_msgs[0m
[11.086s] [ 84%] Built target radar_conti_ars408_msgs
[11.094s] [35m[1mScanning dependencies of target radar_conti_ars408_msgs__py[0m
[11.103s] [ 85%] [34m[1mGenerating Python code for ROS interfaces[0m
[14.189s] [ 85%] Built target radar_conti_ars408_msgs__py
[14.197s] [35m[1mScanning dependencies of target radar_conti_ars408_msgs__python[0m
[14.242s] [ 88%] [32mBuilding C object CMakeFiles/radar_conti_ars408_msgs__python.dir/rosidl_generator_py/radar_conti_ars408_msgs/msg/_object_extended_s.c.o[0m
[14.242s] [ 88%] [32mBuilding C object CMakeFiles/radar_conti_ars408_msgs__python.dir/rosidl_generator_py/radar_conti_ars408_msgs/msg/_object_general_s.c.o[0m
[14.242s] [ 89%] [32mBuilding C object CMakeFiles/radar_conti_ars408_msgs__python.dir/rosidl_generator_py/radar_conti_ars408_msgs/msg/_object_quality_s.c.o[0m
[14.242s] [ 89%] [32mBuilding C object CMakeFiles/radar_conti_ars408_msgs__python.dir/rosidl_generator_py/radar_conti_ars408_msgs/msg/_cluster_general_s.c.o[0m
[14.242s] [ 89%] [32mBuilding C object CMakeFiles/radar_conti_ars408_msgs__python.dir/rosidl_generator_py/radar_conti_ars408_msgs/msg/_object_status_s.c.o[0m
[14.243s] [ 88%] [32mBuilding C object CMakeFiles/radar_conti_ars408_msgs__python.dir/rosidl_generator_py/radar_conti_ars408_msgs/msg/_cluster_quality_s.c.o[0m
[14.243s] [ 89%] [32mBuilding C object CMakeFiles/radar_conti_ars408_msgs__python.dir/rosidl_generator_py/radar_conti_ars408_msgs/msg/_radar_state_s.c.o[0m
[14.243s] [ 88%] [32mBuilding C object CMakeFiles/radar_conti_ars408_msgs__python.dir/rosidl_generator_py/radar_conti_ars408_msgs/msg/_cluster_status_s.c.o[0m
[14.243s] [ 90%] [32mBuilding C object CMakeFiles/radar_conti_ars408_msgs__python.dir/rosidl_generator_py/radar_conti_ars408_msgs/msg/_version_id_s.c.o[0m
[14.244s] [ 92%] [32mBuilding C object CMakeFiles/radar_conti_ars408_msgs__python.dir/rosidl_generator_py/radar_conti_ars408_msgs/msg/_cluster_s.c.o[0m
[14.244s] [ 92%] [32mBuilding C object CMakeFiles/radar_conti_ars408_msgs__python.dir/rosidl_generator_py/radar_conti_ars408_msgs/msg/_radar_configuration_s.c.o[0m
[14.245s] [ 92%] [32mBuilding C object CMakeFiles/radar_conti_ars408_msgs__python.dir/rosidl_generator_py/radar_conti_ars408_msgs/msg/_object_s.c.o[0m
[14.416s] [ 92%] [32mBuilding C object CMakeFiles/radar_conti_ars408_msgs__python.dir/rosidl_generator_py/radar_conti_ars408_msgs/msg/_filter_state_cfg_s.c.o[0m
[14.417s] [ 93%] [32mBuilding C object CMakeFiles/radar_conti_ars408_msgs__python.dir/rosidl_generator_py/radar_conti_ars408_msgs/msg/_filter_cfg_s.c.o[0m
[14.417s] [ 95%] [32mBuilding C object CMakeFiles/radar_conti_ars408_msgs__python.dir/rosidl_generator_py/radar_conti_ars408_msgs/msg/_cluster_list_s.c.o[0m
[14.417s] [ 95%] [32mBuilding C object CMakeFiles/radar_conti_ars408_msgs__python.dir/rosidl_generator_py/radar_conti_ars408_msgs/msg/_object_list_s.c.o[0m
[14.421s] [ 95%] [32mBuilding C object CMakeFiles/radar_conti_ars408_msgs__python.dir/rosidl_generator_py/radar_conti_ars408_msgs/msg/_filter_state_header_s.c.o[0m
[14.529s] [ 96%] [32m[1mLinking C shared library rosidl_generator_py/radar_conti_ars408_msgs/libradar_conti_ars408_msgs__python.so[0m
[14.567s] [ 96%] Built target radar_conti_ars408_msgs__python
[14.575s] [35m[1mScanning dependencies of target radar_conti_ars408_msgs__rosidl_typesupport_c__pyext[0m
[14.575s] [35m[1mScanning dependencies of target radar_conti_ars408_msgs__rosidl_typesupport_introspection_c__pyext[0m
[14.575s] [35m[1mScanning dependencies of target radar_conti_ars408_msgs__rosidl_typesupport_fastrtps_c__pyext[0m
[14.594s] [ 99%] [32mBuilding C object CMakeFiles/radar_conti_ars408_msgs__rosidl_typesupport_c__pyext.dir/rosidl_generator_py/radar_conti_ars408_msgs/_radar_conti_ars408_msgs_s.ep.rosidl_typesupport_c.c.o[0m
[14.594s] [ 99%] [32mBuilding C object CMakeFiles/radar_conti_ars408_msgs__rosidl_typesupport_fastrtps_c__pyext.dir/rosidl_generator_py/radar_conti_ars408_msgs/_radar_conti_ars408_msgs_s.ep.rosidl_typesupport_fastrtps_c.c.o[0m
[14.594s] [ 99%] [32mBuilding C object CMakeFiles/radar_conti_ars408_msgs__rosidl_typesupport_introspection_c__pyext.dir/rosidl_generator_py/radar_conti_ars408_msgs/_radar_conti_ars408_msgs_s.ep.rosidl_typesupport_introspection_c.c.o[0m
[14.706s] [100%] [32m[1mLinking C shared library rosidl_generator_py/radar_conti_ars408_msgs/radar_conti_ars408_msgs_s__rosidl_typesupport_introspection_c.cpython-38-x86_64-linux-gnu.so[0m
[14.706s] [100%] [32m[1mLinking CXX shared library rosidl_generator_py/radar_conti_ars408_msgs/radar_conti_ars408_msgs_s__rosidl_typesupport_fastrtps_c.cpython-38-x86_64-linux-gnu.so[0m
[14.706s] [100%] [32m[1mLinking C shared library rosidl_generator_py/radar_conti_ars408_msgs/radar_conti_ars408_msgs_s__rosidl_typesupport_c.cpython-38-x86_64-linux-gnu.so[0m
[14.740s] [100%] Built target radar_conti_ars408_msgs__rosidl_typesupport_c__pyext
[14.741s] [100%] Built target radar_conti_ars408_msgs__rosidl_typesupport_introspection_c__pyext
[14.766s] [100%] Built target radar_conti_ars408_msgs__rosidl_typesupport_fastrtps_c__pyext
[14.776s] Invoked command in '/home/offroad/radar_ws/build/radar_conti_ars408_msgs' returned '0': CMAKE_PREFIX_PATH=/opt/ros/foxy /usr/bin/cmake --build /home/offroad/radar_ws/build/radar_conti_ars408_msgs -- -j12 -l12
[14.968s] Invoking command in '/home/offroad/radar_ws/build/radar_conti_ars408_msgs': CMAKE_PREFIX_PATH=/opt/ros/foxy /usr/bin/cmake --install /home/offroad/radar_ws/build/radar_conti_ars408_msgs
[14.977s] -- Install configuration: ""
[14.977s] -- Installing: /home/offroad/radar_ws/install/radar_conti_ars408_msgs/share/ament_index/resource_index/rosidl_interfaces/radar_conti_ars408_msgs
[14.977s] -- Installing: /home/offroad/radar_ws/install/radar_conti_ars408_msgs/include/radar_conti_ars408_msgs
[14.977s] -- Installing: /home/offroad/radar_ws/install/radar_conti_ars408_msgs/include/radar_conti_ars408_msgs/msg
[14.977s] -- Installing: /home/offroad/radar_ws/install/radar_conti_ars408_msgs/include/radar_conti_ars408_msgs/msg/detail
[14.978s] -- Installing: /home/offroad/radar_ws/install/radar_conti_ars408_msgs/include/radar_conti_ars408_msgs/msg/detail/cluster_list__functions.c
[14.978s] -- Installing: /home/offroad/radar_ws/install/radar_conti_ars408_msgs/include/radar_conti_ars408_msgs/msg/detail/cluster_quality__struct.h
[14.978s] -- Installing: /home/offroad/radar_ws/install/radar_conti_ars408_msgs/include/radar_conti_ars408_msgs/msg/detail/radar_configuration__struct.h
[14.978s] -- Installing: /home/offroad/radar_ws/install/radar_conti_ars408_msgs/include/radar_conti_ars408_msgs/msg/detail/version_id__type_support.h
[14.978s] -- Installing: /home/offroad/radar_ws/install/radar_conti_ars408_msgs/include/radar_conti_ars408_msgs/msg/detail/cluster_general__functions.h
[14.978s] -- Installing: /home/offroad/radar_ws/install/radar_conti_ars408_msgs/include/radar_conti_ars408_msgs/msg/detail/filter_state_header__type_support.h
[14.978s] -- Installing: /home/offroad/radar_ws/install/radar_conti_ars408_msgs/include/radar_conti_ars408_msgs/msg/detail/object_quality__struct.h
[14.978s] -- Installing: /home/offroad/radar_ws/install/radar_conti_ars408_msgs/include/radar_conti_ars408_msgs/msg/detail/cluster__functions.h
[14.978s] -- Installing: /home/offroad/radar_ws/install/radar_conti_ars408_msgs/include/radar_conti_ars408_msgs/msg/detail/filter_state_cfg__struct.h
[14.978s] -- Installing: /home/offroad/radar_ws/install/radar_conti_ars408_msgs/include/radar_conti_ars408_msgs/msg/detail/cluster_general__struct.h
[14.978s] -- Installing: /home/offroad/radar_ws/install/radar_conti_ars408_msgs/include/radar_conti_ars408_msgs/msg/detail/object_list__functions.h
[14.978s] -- Installing: /home/offroad/radar_ws/install/radar_conti_ars408_msgs/include/radar_conti_ars408_msgs/msg/detail/filter_state_header__functions.h
[14.978s] -- Installing: /home/offroad/radar_ws/install/radar_conti_ars408_msgs/include/radar_conti_ars408_msgs/msg/detail/cluster_list__struct.h
[14.978s] -- Installing: /home/offroad/radar_ws/install/radar_conti_ars408_msgs/include/radar_conti_ars408_msgs/msg/detail/version_id__functions.h
[14.978s] -- Installing: /home/offroad/radar_ws/install/radar_conti_ars408_msgs/include/radar_conti_ars408_msgs/msg/detail/cluster__functions.c
[14.978s] -- Installing: /home/offroad/radar_ws/install/radar_conti_ars408_msgs/include/radar_conti_ars408_msgs/msg/detail/filter_state_cfg__type_support.h
[14.979s] -- Installing: /home/offroad/radar_ws/install/radar_conti_ars408_msgs/include/radar_conti_ars408_msgs/msg/detail/radar_state__functions.h
[14.979s] -- Installing: /home/offroad/radar_ws/install/radar_conti_ars408_msgs/include/radar_conti_ars408_msgs/msg/detail/object_extended__struct.h
[14.979s] -- Installing: /home/offroad/radar_ws/install/radar_conti_ars408_msgs/include/radar_conti_ars408_msgs/msg/detail/radar_configuration__type_support.h
[14.979s] -- Installing: /home/offroad/radar_ws/install/radar_conti_ars408_msgs/include/radar_conti_ars408_msgs/msg/detail/version_id__functions.c
[14.979s] -- Installing: /home/offroad/radar_ws/install/radar_conti_ars408_msgs/include/radar_conti_ars408_msgs/msg/detail/object_list__struct.h
[14.979s] -- Installing: /home/offroad/radar_ws/install/radar_conti_ars408_msgs/include/radar_conti_ars408_msgs/msg/detail/object_general__functions.c
[14.979s] -- Installing: /home/offroad/radar_ws/install/radar_conti_ars408_msgs/include/radar_conti_ars408_msgs/msg/detail/filter_cfg__type_support.h
[14.979s] -- Installing: /home/offroad/radar_ws/install/radar_conti_ars408_msgs/include/radar_conti_ars408_msgs/msg/detail/filter_state_header__functions.c
[14.979s] -- Installing: /home/offroad/radar_ws/install/radar_conti_ars408_msgs/include/radar_conti_ars408_msgs/msg/detail/cluster_status__functions.h
[14.979s] -- Installing: /home/offroad/radar_ws/install/radar_conti_ars408_msgs/include/radar_conti_ars408_msgs/msg/detail/cluster_list__type_support.h
[14.979s] -- Installing: /home/offroad/radar_ws/install/radar_conti_ars408_msgs/include/radar_conti_ars408_msgs/msg/detail/radar_configuration__functions.h
[14.979s] -- Installing: /home/offroad/radar_ws/install/radar_conti_ars408_msgs/include/radar_conti_ars408_msgs/msg/detail/object_status__struct.h
[14.979s] -- Installing: /home/offroad/radar_ws/install/radar_conti_ars408_msgs/include/radar_conti_ars408_msgs/msg/detail/cluster_status__struct.h
[14.979s] -- Installing: /home/offroad/radar_ws/install/radar_conti_ars408_msgs/include/radar_conti_ars408_msgs/msg/detail/object_general__struct.h
[14.979s] -- Installing: /home/offroad/radar_ws/install/radar_conti_ars408_msgs/include/radar_conti_ars408_msgs/msg/detail/filter_state_cfg__functions.h
[14.980s] -- Installing: /home/offroad/radar_ws/install/radar_conti_ars408_msgs/include/radar_conti_ars408_msgs/msg/detail/radar_configuration__functions.c
[14.980s] -- Installing: /home/offroad/radar_ws/install/radar_conti_ars408_msgs/include/radar_conti_ars408_msgs/msg/detail/object_quality__type_support.h
[14.980s] -- Installing: /home/offroad/radar_ws/install/radar_conti_ars408_msgs/include/radar_conti_ars408_msgs/msg/detail/filter_state_header__struct.h
[14.980s] -- Installing: /home/offroad/radar_ws/install/radar_conti_ars408_msgs/include/radar_conti_ars408_msgs/msg/detail/cluster_list__functions.h
[14.980s] -- Installing: /home/offroad/radar_ws/install/radar_conti_ars408_msgs/include/radar_conti_ars408_msgs/msg/detail/cluster__type_support.h
[14.980s] -- Installing: /home/offroad/radar_ws/install/radar_conti_ars408_msgs/include/radar_conti_ars408_msgs/msg/detail/object_extended__functions.c
[14.980s] -- Installing: /home/offroad/radar_ws/install/radar_conti_ars408_msgs/include/radar_conti_ars408_msgs/msg/detail/cluster_status__type_support.h
[14.980s] -- Installing: /home/offroad/radar_ws/install/radar_conti_ars408_msgs/include/radar_conti_ars408_msgs/msg/detail/object__functions.c
[14.980s] -- Installing: /home/offroad/radar_ws/install/radar_conti_ars408_msgs/include/radar_conti_ars408_msgs/msg/detail/filter_cfg__functions.c
[14.980s] -- Installing: /home/offroad/radar_ws/install/radar_conti_ars408_msgs/include/radar_conti_ars408_msgs/msg/detail/object_extended__type_support.h
[14.980s] -- Installing: /home/offroad/radar_ws/install/radar_conti_ars408_msgs/include/radar_conti_ars408_msgs/msg/detail/object_extended__functions.h
[14.980s] -- Installing: /home/offroad/radar_ws/install/radar_conti_ars408_msgs/include/radar_conti_ars408_msgs/msg/detail/version_id__struct.h
[14.980s] -- Installing: /home/offroad/radar_ws/install/radar_conti_ars408_msgs/include/radar_conti_ars408_msgs/msg/detail/object__type_support.h
[14.980s] -- Installing: /home/offroad/radar_ws/install/radar_conti_ars408_msgs/include/radar_conti_ars408_msgs/msg/detail/cluster_quality__functions.c
[14.981s] -- Installing: /home/offroad/radar_ws/install/radar_conti_ars408_msgs/include/radar_conti_ars408_msgs/msg/detail/object_quality__functions.h
[14.981s] -- Installing: /home/offroad/radar_ws/install/radar_conti_ars408_msgs/include/radar_conti_ars408_msgs/msg/detail/cluster_general__functions.c
[14.981s] -- Installing: /home/offroad/radar_ws/install/radar_conti_ars408_msgs/include/radar_conti_ars408_msgs/msg/detail/cluster_general__type_support.h
[14.981s] -- Installing: /home/offroad/radar_ws/install/radar_conti_ars408_msgs/include/radar_conti_ars408_msgs/msg/detail/radar_state__type_support.h
[14.981s] -- Installing: /home/offroad/radar_ws/install/radar_conti_ars408_msgs/include/radar_conti_ars408_msgs/msg/detail/object_status__functions.c
[14.981s] -- Installing: /home/offroad/radar_ws/install/radar_conti_ars408_msgs/include/radar_conti_ars408_msgs/msg/detail/object_status__functions.h
[14.981s] -- Installing: /home/offroad/radar_ws/install/radar_conti_ars408_msgs/include/radar_conti_ars408_msgs/msg/detail/object_list__functions.c
[14.981s] -- Installing: /home/offroad/radar_ws/install/radar_conti_ars408_msgs/include/radar_conti_ars408_msgs/msg/detail/radar_state__struct.h
[14.981s] -- Installing: /home/offroad/radar_ws/install/radar_conti_ars408_msgs/include/radar_conti_ars408_msgs/msg/detail/object_list__type_support.h
[14.981s] -- Installing: /home/offroad/radar_ws/install/radar_conti_ars408_msgs/include/radar_conti_ars408_msgs/msg/detail/radar_state__functions.c
[14.981s] -- Installing: /home/offroad/radar_ws/install/radar_conti_ars408_msgs/include/radar_conti_ars408_msgs/msg/detail/filter_cfg__functions.h
[14.981s] -- Installing: /home/offroad/radar_ws/install/radar_conti_ars408_msgs/include/radar_conti_ars408_msgs/msg/detail/filter_state_cfg__functions.c
[14.981s] -- Installing: /home/offroad/radar_ws/install/radar_conti_ars408_msgs/include/radar_conti_ars408_msgs/msg/detail/cluster_quality__type_support.h
[14.982s] -- Installing: /home/offroad/radar_ws/install/radar_conti_ars408_msgs/include/radar_conti_ars408_msgs/msg/detail/object_general__type_support.h
[14.982s] -- Installing: /home/offroad/radar_ws/install/radar_conti_ars408_msgs/include/radar_conti_ars408_msgs/msg/detail/filter_cfg__struct.h
[14.982s] -- Installing: /home/offroad/radar_ws/install/radar_conti_ars408_msgs/include/radar_conti_ars408_msgs/msg/detail/object_status__type_support.h
[14.982s] -- Installing: /home/offroad/radar_ws/install/radar_conti_ars408_msgs/include/radar_conti_ars408_msgs/msg/detail/object__struct.h
[14.982s] -- Installing: /home/offroad/radar_ws/install/radar_conti_ars408_msgs/include/radar_conti_ars408_msgs/msg/detail/cluster_status__functions.c
[14.982s] -- Installing: /home/offroad/radar_ws/install/radar_conti_ars408_msgs/include/radar_conti_ars408_msgs/msg/detail/object__functions.h
[14.982s] -- Installing: /home/offroad/radar_ws/install/radar_conti_ars408_msgs/include/radar_conti_ars408_msgs/msg/detail/cluster__struct.h
[14.982s] -- Installing: /home/offroad/radar_ws/install/radar_conti_ars408_msgs/include/radar_conti_ars408_msgs/msg/detail/object_quality__functions.c
[14.982s] -- Installing: /home/offroad/radar_ws/install/radar_conti_ars408_msgs/include/radar_conti_ars408_msgs/msg/detail/object_general__functions.h
[14.982s] -- Installing: /home/offroad/radar_ws/install/radar_conti_ars408_msgs/include/radar_conti_ars408_msgs/msg/detail/cluster_quality__functions.h
[14.982s] -- Installing: /home/offroad/radar_ws/install/radar_conti_ars408_msgs/include/radar_conti_ars408_msgs/msg/object_status.h
[14.982s] -- Installing: /home/offroad/radar_ws/install/radar_conti_ars408_msgs/include/radar_conti_ars408_msgs/msg/radar_configuration.h
[14.982s] -- Installing: /home/offroad/radar_ws/install/radar_conti_ars408_msgs/include/radar_conti_ars408_msgs/msg/cluster_list.h
[14.982s] -- Installing: /home/offroad/radar_ws/install/radar_conti_ars408_msgs/include/radar_conti_ars408_msgs/msg/rosidl_generator_c__visibility_control.h
[14.983s] -- Installing: /home/offroad/radar_ws/install/radar_conti_ars408_msgs/include/radar_conti_ars408_msgs/msg/cluster_general.h
[14.983s] -- Installing: /home/offroad/radar_ws/install/radar_conti_ars408_msgs/include/radar_conti_ars408_msgs/msg/object_extended.h
[14.983s] -- Installing: /home/offroad/radar_ws/install/radar_conti_ars408_msgs/include/radar_conti_ars408_msgs/msg/filter_cfg.h
[14.983s] -- Installing: /home/offroad/radar_ws/install/radar_conti_ars408_msgs/include/radar_conti_ars408_msgs/msg/filter_state_header.h
[14.983s] -- Installing: /home/offroad/radar_ws/install/radar_conti_ars408_msgs/include/radar_conti_ars408_msgs/msg/object_general.h
[14.983s] -- Installing: /home/offroad/radar_ws/install/radar_conti_ars408_msgs/include/radar_conti_ars408_msgs/msg/radar_state.h
[14.983s] -- Installing: /home/offroad/radar_ws/install/radar_conti_ars408_msgs/include/radar_conti_ars408_msgs/msg/version_id.h
[14.983s] -- Installing: /home/offroad/radar_ws/install/radar_conti_ars408_msgs/include/radar_conti_ars408_msgs/msg/object.h
[14.983s] -- Installing: /home/offroad/radar_ws/install/radar_conti_ars408_msgs/include/radar_conti_ars408_msgs/msg/cluster_status.h
[14.983s] -- Installing: /home/offroad/radar_ws/install/radar_conti_ars408_msgs/include/radar_conti_ars408_msgs/msg/filter_state_cfg.h
[14.983s] -- Installing: /home/offroad/radar_ws/install/radar_conti_ars408_msgs/include/radar_conti_ars408_msgs/msg/cluster.h
[14.983s] -- Installing: /home/offroad/radar_ws/install/radar_conti_ars408_msgs/include/radar_conti_ars408_msgs/msg/object_list.h
[14.983s] -- Installing: /home/offroad/radar_ws/install/radar_conti_ars408_msgs/include/radar_conti_ars408_msgs/msg/object_quality.h
[14.983s] -- Installing: /home/offroad/radar_ws/install/radar_conti_ars408_msgs/include/radar_conti_ars408_msgs/msg/cluster_quality.h
[14.983s] -- Installing: /home/offroad/radar_ws/install/radar_conti_ars408_msgs/share/radar_conti_ars408_msgs/environment/library_path.sh
[14.984s] -- Installing: /home/offroad/radar_ws/install/radar_conti_ars408_msgs/share/radar_conti_ars408_msgs/environment/library_path.dsv
[14.984s] -- Installing: /home/offroad/radar_ws/install/radar_conti_ars408_msgs/lib/libradar_conti_ars408_msgs__rosidl_generator_c.so
[14.984s] -- Set runtime path of "/home/offroad/radar_ws/install/radar_conti_ars408_msgs/lib/libradar_conti_ars408_msgs__rosidl_generator_c.so" to ""
[14.984s] -- Up-to-date: /home/offroad/radar_ws/install/radar_conti_ars408_msgs/include/radar_conti_ars408_msgs
[14.985s] -- Up-to-date: /home/offroad/radar_ws/install/radar_conti_ars408_msgs/include/radar_conti_ars408_msgs/msg
[14.985s] -- Up-to-date: /home/offroad/radar_ws/install/radar_conti_ars408_msgs/include/radar_conti_ars408_msgs/msg/detail
[14.985s] -- Installing: /home/offroad/radar_ws/install/radar_conti_ars408_msgs/include/radar_conti_ars408_msgs/msg/detail/radar_configuration__rosidl_typesupport_fastrtps_c.h
[14.985s] -- Installing: /home/offroad/radar_ws/install/radar_conti_ars408_msgs/include/radar_conti_ars408_msgs/msg/detail/cluster_list__rosidl_typesupport_fastrtps_c.h
[14.985s] -- Installing: /home/offroad/radar_ws/install/radar_conti_ars408_msgs/include/radar_conti_ars408_msgs/msg/detail/object_extended__rosidl_typesupport_fastrtps_c.h
[14.985s] -- Installing: /home/offroad/radar_ws/install/radar_conti_ars408_msgs/include/radar_conti_ars408_msgs/msg/detail/object_status__rosidl_typesupport_fastrtps_c.h
[14.985s] -- Installing: /home/offroad/radar_ws/install/radar_conti_ars408_msgs/include/radar_conti_ars408_msgs/msg/detail/cluster_general__rosidl_typesupport_fastrtps_c.h
[14.985s] -- Installing: /home/offroad/radar_ws/install/radar_conti_ars408_msgs/include/radar_conti_ars408_msgs/msg/detail/cluster_quality__rosidl_typesupport_fastrtps_c.h
[14.985s] -- Installing: /home/offroad/radar_ws/install/radar_conti_ars408_msgs/include/radar_conti_ars408_msgs/msg/detail/filter_state_cfg__rosidl_typesupport_fastrtps_c.h
[14.985s] -- Installing: /home/offroad/radar_ws/install/radar_conti_ars408_msgs/include/radar_conti_ars408_msgs/msg/detail/radar_state__rosidl_typesupport_fastrtps_c.h
[14.985s] -- Installing: /home/offroad/radar_ws/install/radar_conti_ars408_msgs/include/radar_conti_ars408_msgs/msg/detail/object__rosidl_typesupport_fastrtps_c.h
[14.985s] -- Installing: /home/offroad/radar_ws/install/radar_conti_ars408_msgs/include/radar_conti_ars408_msgs/msg/detail/filter_cfg__rosidl_typesupport_fastrtps_c.h
[14.985s] -- Installing: /home/offroad/radar_ws/install/radar_conti_ars408_msgs/include/radar_conti_ars408_msgs/msg/detail/cluster__rosidl_typesupport_fastrtps_c.h
[14.985s] -- Installing: /home/offroad/radar_ws/install/radar_conti_ars408_msgs/include/radar_conti_ars408_msgs/msg/detail/filter_state_header__rosidl_typesupport_fastrtps_c.h
[14.985s] -- Installing: /home/offroad/radar_ws/install/radar_conti_ars408_msgs/include/radar_conti_ars408_msgs/msg/detail/cluster_status__rosidl_typesupport_fastrtps_c.h
[14.985s] -- Installing: /home/offroad/radar_ws/install/radar_conti_ars408_msgs/include/radar_conti_ars408_msgs/msg/detail/version_id__rosidl_typesupport_fastrtps_c.h
[14.986s] -- Installing: /home/offroad/radar_ws/install/radar_conti_ars408_msgs/include/radar_conti_ars408_msgs/msg/detail/object_quality__rosidl_typesupport_fastrtps_c.h
[14.986s] -- Installing: /home/offroad/radar_ws/install/radar_conti_ars408_msgs/include/radar_conti_ars408_msgs/msg/detail/object_list__rosidl_typesupport_fastrtps_c.h
[14.986s] -- Installing: /home/offroad/radar_ws/install/radar_conti_ars408_msgs/include/radar_conti_ars408_msgs/msg/detail/object_general__rosidl_typesupport_fastrtps_c.h
[14.986s] -- Installing: /home/offroad/radar_ws/install/radar_conti_ars408_msgs/include/radar_conti_ars408_msgs/msg/rosidl_typesupport_fastrtps_c__visibility_control.h
[14.986s] -- Installing: /home/offroad/radar_ws/install/radar_conti_ars408_msgs/lib/libradar_conti_ars408_msgs__rosidl_typesupport_fastrtps_c.so
[14.986s] -- Set runtime path of "/home/offroad/radar_ws/install/radar_conti_ars408_msgs/lib/libradar_conti_ars408_msgs__rosidl_typesupport_fastrtps_c.so" to ""
[14.986s] -- Up-to-date: /home/offroad/radar_ws/install/radar_conti_ars408_msgs/include/radar_conti_ars408_msgs
[14.986s] -- Up-to-date: /home/offroad/radar_ws/install/radar_conti_ars408_msgs/include/radar_conti_ars408_msgs/msg
[14.986s] -- Up-to-date: /home/offroad/radar_ws/install/radar_conti_ars408_msgs/include/radar_conti_ars408_msgs/msg/detail
[14.987s] -- Installing: /home/offroad/radar_ws/install/radar_conti_ars408_msgs/include/radar_conti_ars408_msgs/msg/detail/cluster_list__rosidl_typesupport_fastrtps_cpp.hpp
[14.987s] -- Installing: /home/offroad/radar_ws/install/radar_conti_ars408_msgs/include/radar_conti_ars408_msgs/msg/detail/cluster_quality__rosidl_typesupport_fastrtps_cpp.hpp
[14.987s] -- Installing: /home/offroad/radar_ws/install/radar_conti_ars408_msgs/include/radar_conti_ars408_msgs/msg/detail/object_list__rosidl_typesupport_fastrtps_cpp.hpp
[14.987s] -- Installing: /home/offroad/radar_ws/install/radar_conti_ars408_msgs/include/radar_conti_ars408_msgs/msg/detail/filter_state_cfg__rosidl_typesupport_fastrtps_cpp.hpp
[14.987s] -- Installing: /home/offroad/radar_ws/install/radar_conti_ars408_msgs/include/radar_conti_ars408_msgs/msg/detail/object__rosidl_typesupport_fastrtps_cpp.hpp
[14.987s] -- Installing: /home/offroad/radar_ws/install/radar_conti_ars408_msgs/include/radar_conti_ars408_msgs/msg/detail/dds_fastrtps
[14.987s] -- Installing: /home/offroad/radar_ws/install/radar_conti_ars408_msgs/include/radar_conti_ars408_msgs/msg/detail/object_extended__rosidl_typesupport_fastrtps_cpp.hpp
[14.987s] -- Installing: /home/offroad/radar_ws/install/radar_conti_ars408_msgs/include/radar_conti_ars408_msgs/msg/detail/cluster_general__rosidl_typesupport_fastrtps_cpp.hpp
[14.987s] -- Installing: /home/offroad/radar_ws/install/radar_conti_ars408_msgs/include/radar_conti_ars408_msgs/msg/detail/filter_cfg__rosidl_typesupport_fastrtps_cpp.hpp
[14.987s] -- Installing: /home/offroad/radar_ws/install/radar_conti_ars408_msgs/include/radar_conti_ars408_msgs/msg/detail/object_status__rosidl_typesupport_fastrtps_cpp.hpp
[14.987s] -- Installing: /home/offroad/radar_ws/install/radar_conti_ars408_msgs/include/radar_conti_ars408_msgs/msg/detail/cluster__rosidl_typesupport_fastrtps_cpp.hpp
[14.987s] -- Installing: /home/offroad/radar_ws/install/radar_conti_ars408_msgs/include/radar_conti_ars408_msgs/msg/detail/radar_configuration__rosidl_typesupport_fastrtps_cpp.hpp
[14.987s] -- Installing: /home/offroad/radar_ws/install/radar_conti_ars408_msgs/include/radar_conti_ars408_msgs/msg/detail/filter_state_header__rosidl_typesupport_fastrtps_cpp.hpp
[14.987s] -- Installing: /home/offroad/radar_ws/install/radar_conti_ars408_msgs/include/radar_conti_ars408_msgs/msg/detail/radar_state__rosidl_typesupport_fastrtps_cpp.hpp
[14.987s] -- Installing: /home/offroad/radar_ws/install/radar_conti_ars408_msgs/include/radar_conti_ars408_msgs/msg/detail/object_quality__rosidl_typesupport_fastrtps_cpp.hpp
[14.988s] -- Installing: /home/offroad/radar_ws/install/radar_conti_ars408_msgs/include/radar_conti_ars408_msgs/msg/detail/cluster_status__rosidl_typesupport_fastrtps_cpp.hpp
[14.988s] -- Installing: /home/offroad/radar_ws/install/radar_conti_ars408_msgs/include/radar_conti_ars408_msgs/msg/detail/version_id__rosidl_typesupport_fastrtps_cpp.hpp
[14.988s] -- Installing: /home/offroad/radar_ws/install/radar_conti_ars408_msgs/include/radar_conti_ars408_msgs/msg/detail/object_general__rosidl_typesupport_fastrtps_cpp.hpp
[14.988s] -- Installing: /home/offroad/radar_ws/install/radar_conti_ars408_msgs/include/radar_conti_ars408_msgs/msg/rosidl_typesupport_fastrtps_cpp__visibility_control.h
[14.988s] -- Installing: /home/offroad/radar_ws/install/radar_conti_ars408_msgs/lib/libradar_conti_ars408_msgs__rosidl_typesupport_fastrtps_cpp.so
[14.988s] -- Set runtime path of "/home/offroad/radar_ws/install/radar_conti_ars408_msgs/lib/libradar_conti_ars408_msgs__rosidl_typesupport_fastrtps_cpp.so" to ""
[14.989s] -- Up-to-date: /home/offroad/radar_ws/install/radar_conti_ars408_msgs/include/radar_conti_ars408_msgs
[14.989s] -- Up-to-date: /home/offroad/radar_ws/install/radar_conti_ars408_msgs/include/radar_conti_ars408_msgs/msg
[14.989s] -- Up-to-date: /home/offroad/radar_ws/install/radar_conti_ars408_msgs/include/radar_conti_ars408_msgs/msg/detail
[14.989s] -- Installing: /home/offroad/radar_ws/install/radar_conti_ars408_msgs/include/radar_conti_ars408_msgs/msg/detail/filter_cfg__type_support.c
[14.989s] -- Installing: /home/offroad/radar_ws/install/radar_conti_ars408_msgs/include/radar_conti_ars408_msgs/msg/detail/radar_configuration__type_support.c
[14.989s] -- Installing: /home/offroad/radar_ws/install/radar_conti_ars408_msgs/include/radar_conti_ars408_msgs/msg/detail/version_id__rosidl_typesupport_introspection_c.h
[14.989s] -- Installing: /home/offroad/radar_ws/install/radar_conti_ars408_msgs/include/radar_conti_ars408_msgs/msg/detail/cluster_general__type_support.c
[14.989s] -- Installing: /home/offroad/radar_ws/install/radar_conti_ars408_msgs/include/radar_conti_ars408_msgs/msg/detail/object_extended__rosidl_typesupport_introspection_c.h
[14.989s] -- Installing: /home/offroad/radar_ws/install/radar_conti_ars408_msgs/include/radar_conti_ars408_msgs/msg/detail/filter_cfg__rosidl_typesupport_introspection_c.h
[14.989s] -- Installing: /home/offroad/radar_ws/install/radar_conti_ars408_msgs/include/radar_conti_ars408_msgs/msg/detail/radar_state__rosidl_typesupport_introspection_c.h
[14.989s] -- Installing: /home/offroad/radar_ws/install/radar_conti_ars408_msgs/include/radar_conti_ars408_msgs/msg/detail/object_list__rosidl_typesupport_introspection_c.h
[14.989s] -- Installing: /home/offroad/radar_ws/install/radar_conti_ars408_msgs/include/radar_conti_ars408_msgs/msg/detail/filter_state_cfg__type_support.c
[14.990s] -- Installing: /home/offroad/radar_ws/install/radar_conti_ars408_msgs/include/radar_conti_ars408_msgs/msg/detail/radar_state__type_support.c
[14.990s] -- Installing: /home/offroad/radar_ws/install/radar_conti_ars408_msgs/include/radar_conti_ars408_msgs/msg/detail/object_quality__type_support.c
[14.990s] -- Installing: /home/offroad/radar_ws/install/radar_conti_ars408_msgs/include/radar_conti_ars408_msgs/msg/detail/radar_configuration__rosidl_typesupport_introspection_c.h
[14.990s] -- Installing: /home/offroad/radar_ws/install/radar_conti_ars408_msgs/include/radar_conti_ars408_msgs/msg/detail/cluster__type_support.c
[14.990s] -- Installing: /home/offroad/radar_ws/install/radar_conti_ars408_msgs/include/radar_conti_ars408_msgs/msg/detail/object_general__rosidl_typesupport_introspection_c.h
[14.990s] -- Installing: /home/offroad/radar_ws/install/radar_conti_ars408_msgs/include/radar_conti_ars408_msgs/msg/detail/filter_state_header__rosidl_typesupport_introspection_c.h
[14.990s] -- Installing: /home/offroad/radar_ws/install/radar_conti_ars408_msgs/include/radar_conti_ars408_msgs/msg/detail/cluster_quality__type_support.c
[14.990s] -- Installing: /home/offroad/radar_ws/install/radar_conti_ars408_msgs/include/radar_conti_ars408_msgs/msg/detail/version_id__type_support.c
[14.990s] -- Installing: /home/offroad/radar_ws/install/radar_conti_ars408_msgs/include/radar_conti_ars408_msgs/msg/detail/object_list__type_support.c
[14.990s] -- Installing: /home/offroad/radar_ws/install/radar_conti_ars408_msgs/include/radar_conti_ars408_msgs/msg/detail/filter_state_header__type_support.c
[14.990s] -- Installing: /home/offroad/radar_ws/install/radar_conti_ars408_msgs/include/radar_conti_ars408_msgs/msg/detail/object_status__type_support.c
[14.990s] -- Installing: /home/offroad/radar_ws/install/radar_conti_ars408_msgs/include/radar_conti_ars408_msgs/msg/detail/object__type_support.c
[14.990s] -- Installing: /home/offroad/radar_ws/install/radar_conti_ars408_msgs/include/radar_conti_ars408_msgs/msg/detail/object_status__rosidl_typesupport_introspection_c.h
[14.990s] -- Installing: /home/offroad/radar_ws/install/radar_conti_ars408_msgs/include/radar_conti_ars408_msgs/msg/detail/cluster_status__type_support.c
[14.991s] -- Installing: /home/offroad/radar_ws/install/radar_conti_ars408_msgs/include/radar_conti_ars408_msgs/msg/detail/object_quality__rosidl_typesupport_introspection_c.h
[14.991s] -- Installing: /home/offroad/radar_ws/install/radar_conti_ars408_msgs/include/radar_conti_ars408_msgs/msg/detail/object_extended__type_support.c
[14.991s] -- Installing: /home/offroad/radar_ws/install/radar_conti_ars408_msgs/include/radar_conti_ars408_msgs/msg/detail/cluster__rosidl_typesupport_introspection_c.h
[14.991s] -- Installing: /home/offroad/radar_ws/install/radar_conti_ars408_msgs/include/radar_conti_ars408_msgs/msg/detail/filter_state_cfg__rosidl_typesupport_introspection_c.h
[14.991s] -- Installing: /home/offroad/radar_ws/install/radar_conti_ars408_msgs/include/radar_conti_ars408_msgs/msg/detail/cluster_quality__rosidl_typesupport_introspection_c.h
[14.991s] -- Installing: /home/offroad/radar_ws/install/radar_conti_ars408_msgs/include/radar_conti_ars408_msgs/msg/detail/object__rosidl_typesupport_introspection_c.h
[14.991s] -- Installing: /home/offroad/radar_ws/install/radar_conti_ars408_msgs/include/radar_conti_ars408_msgs/msg/detail/cluster_general__rosidl_typesupport_introspection_c.h
[14.991s] -- Installing: /home/offroad/radar_ws/install/radar_conti_ars408_msgs/include/radar_conti_ars408_msgs/msg/detail/object_general__type_support.c
[14.991s] -- Installing: /home/offroad/radar_ws/install/radar_conti_ars408_msgs/include/radar_conti_ars408_msgs/msg/detail/cluster_status__rosidl_typesupport_introspection_c.h
[14.991s] -- Installing: /home/offroad/radar_ws/install/radar_conti_ars408_msgs/include/radar_conti_ars408_msgs/msg/detail/cluster_list__rosidl_typesupport_introspection_c.h
[14.991s] -- Installing: /home/offroad/radar_ws/install/radar_conti_ars408_msgs/include/radar_conti_ars408_msgs/msg/detail/cluster_list__type_support.c
[14.991s] -- Installing: /home/offroad/radar_ws/install/radar_conti_ars408_msgs/include/radar_conti_ars408_msgs/msg/rosidl_typesupport_introspection_c__visibility_control.h
[14.992s] -- Installing: /home/offroad/radar_ws/install/radar_conti_ars408_msgs/lib/libradar_conti_ars408_msgs__rosidl_typesupport_introspection_c.so
[14.992s] -- Set runtime path of "/home/offroad/radar_ws/install/radar_conti_ars408_msgs/lib/libradar_conti_ars408_msgs__rosidl_typesupport_introspection_c.so" to ""
[14.992s] -- Installing: /home/offroad/radar_ws/install/radar_conti_ars408_msgs/lib/libradar_conti_ars408_msgs__rosidl_typesupport_c.so
[14.992s] -- Set runtime path of "/home/offroad/radar_ws/install/radar_conti_ars408_msgs/lib/libradar_conti_ars408_msgs__rosidl_typesupport_c.so" to ""
[14.992s] -- Up-to-date: /home/offroad/radar_ws/install/radar_conti_ars408_msgs/include/radar_conti_ars408_msgs
[14.993s] -- Up-to-date: /home/offroad/radar_ws/install/radar_conti_ars408_msgs/include/radar_conti_ars408_msgs/msg
[14.993s] -- Up-to-date: /home/offroad/radar_ws/install/radar_conti_ars408_msgs/include/radar_conti_ars408_msgs/msg/detail
[14.993s] -- Installing: /home/offroad/radar_ws/install/radar_conti_ars408_msgs/include/radar_conti_ars408_msgs/msg/detail/radar_state__traits.hpp
[14.993s] -- Installing: /home/offroad/radar_ws/install/radar_conti_ars408_msgs/include/radar_conti_ars408_msgs/msg/detail/object_status__builder.hpp
[14.993s] -- Installing: /home/offroad/radar_ws/install/radar_conti_ars408_msgs/include/radar_conti_ars408_msgs/msg/detail/cluster_quality__struct.hpp
[14.993s] -- Installing: /home/offroad/radar_ws/install/radar_conti_ars408_msgs/include/radar_conti_ars408_msgs/msg/detail/filter_state_header__traits.hpp
[14.993s] -- Installing: /home/offroad/radar_ws/install/radar_conti_ars408_msgs/include/radar_conti_ars408_msgs/msg/detail/cluster_status__builder.hpp
[14.993s] -- Installing: /home/offroad/radar_ws/install/radar_conti_ars408_msgs/include/radar_conti_ars408_msgs/msg/detail/object_extended__builder.hpp
[14.993s] -- Installing: /home/offroad/radar_ws/install/radar_conti_ars408_msgs/include/radar_conti_ars408_msgs/msg/detail/object_list__struct.hpp
[14.993s] -- Installing: /home/offroad/radar_ws/install/radar_conti_ars408_msgs/include/radar_conti_ars408_msgs/msg/detail/cluster_list__traits.hpp
[14.993s] -- Installing: /home/offroad/radar_ws/install/radar_conti_ars408_msgs/include/radar_conti_ars408_msgs/msg/detail/filter_state_header__struct.hpp
[14.993s] -- Installing: /home/offroad/radar_ws/install/radar_conti_ars408_msgs/include/radar_conti_ars408_msgs/msg/detail/cluster_general__traits.hpp
[14.993s] -- Installing: /home/offroad/radar_ws/install/radar_conti_ars408_msgs/include/radar_conti_ars408_msgs/msg/detail/cluster_general__struct.hpp
[14.994s] -- Installing: /home/offroad/radar_ws/install/radar_conti_ars408_msgs/include/radar_conti_ars408_msgs/msg/detail/object_list__traits.hpp
[14.994s] -- Installing: /home/offroad/radar_ws/install/radar_conti_ars408_msgs/include/radar_conti_ars408_msgs/msg/detail/object_status__struct.hpp
[14.994s] -- Installing: /home/offroad/radar_ws/install/radar_conti_ars408_msgs/include/radar_conti_ars408_msgs/msg/detail/filter_cfg__traits.hpp
[14.994s] -- Installing: /home/offroad/radar_ws/install/radar_conti_ars408_msgs/include/radar_conti_ars408_msgs/msg/detail/filter_state_cfg__builder.hpp
[14.994s] -- Installing: /home/offroad/radar_ws/install/radar_conti_ars408_msgs/include/radar_conti_ars408_msgs/msg/detail/version_id__traits.hpp
[14.994s] -- Installing: /home/offroad/radar_ws/install/radar_conti_ars408_msgs/include/radar_conti_ars408_msgs/msg/detail/object_general__struct.hpp
[14.994s] -- Installing: /home/offroad/radar_ws/install/radar_conti_ars408_msgs/include/radar_conti_ars408_msgs/msg/detail/cluster_list__builder.hpp
[14.994s] -- Installing: /home/offroad/radar_ws/install/radar_conti_ars408_msgs/include/radar_conti_ars408_msgs/msg/detail/version_id__struct.hpp
[14.994s] -- Installing: /home/offroad/radar_ws/install/radar_conti_ars408_msgs/include/radar_conti_ars408_msgs/msg/detail/radar_configuration__builder.hpp
[14.994s] -- Installing: /home/offroad/radar_ws/install/radar_conti_ars408_msgs/include/radar_conti_ars408_msgs/msg/detail/radar_state__builder.hpp
[14.994s] -- Installing: /home/offroad/radar_ws/install/radar_conti_ars408_msgs/include/radar_conti_ars408_msgs/msg/detail/object_quality__traits.hpp
[14.994s] -- Installing: /home/offroad/radar_ws/install/radar_conti_ars408_msgs/include/radar_conti_ars408_msgs/msg/detail/filter_cfg__builder.hpp
[14.994s] -- Installing: /home/offroad/radar_ws/install/radar_conti_ars408_msgs/include/radar_conti_ars408_msgs/msg/detail/filter_cfg__struct.hpp
[14.994s] -- Installing: /home/offroad/radar_ws/install/radar_conti_ars408_msgs/include/radar_conti_ars408_msgs/msg/detail/object_extended__struct.hpp
[14.994s] -- Installing: /home/offroad/radar_ws/install/radar_conti_ars408_msgs/include/radar_conti_ars408_msgs/msg/detail/object_status__traits.hpp
[14.995s] -- Installing: /home/offroad/radar_ws/install/radar_conti_ars408_msgs/include/radar_conti_ars408_msgs/msg/detail/object_quality__builder.hpp
[14.995s] -- Installing: /home/offroad/radar_ws/install/radar_conti_ars408_msgs/include/radar_conti_ars408_msgs/msg/detail/object_general__builder.hpp
[14.995s] -- Installing: /home/offroad/radar_ws/install/radar_conti_ars408_msgs/include/radar_conti_ars408_msgs/msg/detail/cluster__struct.hpp
[14.995s] -- Installing: /home/offroad/radar_ws/install/radar_conti_ars408_msgs/include/radar_conti_ars408_msgs/msg/detail/cluster_quality__builder.hpp
[14.995s] -- Installing: /home/offroad/radar_ws/install/radar_conti_ars408_msgs/include/radar_conti_ars408_msgs/msg/detail/object_extended__traits.hpp
[14.995s] -- Installing: /home/offroad/radar_ws/install/radar_conti_ars408_msgs/include/radar_conti_ars408_msgs/msg/detail/filter_state_header__builder.hpp
[14.995s] -- Installing: /home/offroad/radar_ws/install/radar_conti_ars408_msgs/include/radar_conti_ars408_msgs/msg/detail/version_id__builder.hpp
[14.995s] -- Installing: /home/offroad/radar_ws/install/radar_conti_ars408_msgs/include/radar_conti_ars408_msgs/msg/detail/object_general__traits.hpp
[14.995s] -- Installing: /home/offroad/radar_ws/install/radar_conti_ars408_msgs/include/radar_conti_ars408_msgs/msg/detail/radar_configuration__traits.hpp
[14.995s] -- Installing: /home/offroad/radar_ws/install/radar_conti_ars408_msgs/include/radar_conti_ars408_msgs/msg/detail/object__builder.hpp
[14.995s] -- Installing: /home/offroad/radar_ws/install/radar_conti_ars408_msgs/include/radar_conti_ars408_msgs/msg/detail/filter_state_cfg__traits.hpp
[14.996s] -- Installing: /home/offroad/radar_ws/install/radar_conti_ars408_msgs/include/radar_conti_ars408_msgs/msg/detail/object_list__builder.hpp
[14.996s] -- Installing: /home/offroad/radar_ws/install/radar_conti_ars408_msgs/include/radar_conti_ars408_msgs/msg/detail/cluster__traits.hpp
[14.996s] -- Installing: /home/offroad/radar_ws/install/radar_conti_ars408_msgs/include/radar_conti_ars408_msgs/msg/detail/object_quality__struct.hpp
[14.996s] -- Installing: /home/offroad/radar_ws/install/radar_conti_ars408_msgs/include/radar_conti_ars408_msgs/msg/detail/radar_configuration__struct.hpp
[14.996s] -- Installing: /home/offroad/radar_ws/install/radar_conti_ars408_msgs/include/radar_conti_ars408_msgs/msg/detail/object__traits.hpp
[14.996s] -- Installing: /home/offroad/radar_ws/install/radar_conti_ars408_msgs/include/radar_conti_ars408_msgs/msg/detail/cluster__builder.hpp
[14.996s] -- Installing: /home/offroad/radar_ws/install/radar_conti_ars408_msgs/include/radar_conti_ars408_msgs/msg/detail/cluster_quality__traits.hpp
[14.996s] -- Installing: /home/offroad/radar_ws/install/radar_conti_ars408_msgs/include/radar_conti_ars408_msgs/msg/detail/cluster_status__struct.hpp
[14.996s] -- Installing: /home/offroad/radar_ws/install/radar_conti_ars408_msgs/include/radar_conti_ars408_msgs/msg/detail/radar_state__struct.hpp
[14.996s] -- Installing: /home/offroad/radar_ws/install/radar_conti_ars408_msgs/include/radar_conti_ars408_msgs/msg/detail/object__struct.hpp
[14.996s] -- Installing: /home/offroad/radar_ws/install/radar_conti_ars408_msgs/include/radar_conti_ars408_msgs/msg/detail/cluster_list__struct.hpp
[14.996s] -- Installing: /home/offroad/radar_ws/install/radar_conti_ars408_msgs/include/radar_conti_ars408_msgs/msg/detail/cluster_general__builder.hpp
[14.996s] -- Installing: /home/offroad/radar_ws/install/radar_conti_ars408_msgs/include/radar_conti_ars408_msgs/msg/detail/cluster_status__traits.hpp
[14.996s] -- Installing: /home/offroad/radar_ws/install/radar_conti_ars408_msgs/include/radar_conti_ars408_msgs/msg/detail/filter_state_cfg__struct.hpp
[14.997s] -- Installing: /home/offroad/radar_ws/install/radar_conti_ars408_msgs/include/radar_conti_ars408_msgs/msg/object_quality.hpp
[14.997s] -- Installing: /home/offroad/radar_ws/install/radar_conti_ars408_msgs/include/radar_conti_ars408_msgs/msg/cluster_status.hpp
[14.997s] -- Installing: /home/offroad/radar_ws/install/radar_conti_ars408_msgs/include/radar_conti_ars408_msgs/msg/radar_state.hpp
[14.997s] -- Installing: /home/offroad/radar_ws/install/radar_conti_ars408_msgs/include/radar_conti_ars408_msgs/msg/object_general.hpp
[14.997s] -- Installing: /home/offroad/radar_ws/install/radar_conti_ars408_msgs/include/radar_conti_ars408_msgs/msg/version_id.hpp
[14.997s] -- Installing: /home/offroad/radar_ws/install/radar_conti_ars408_msgs/include/radar_conti_ars408_msgs/msg/filter_state_header.hpp
[14.997s] -- Installing: /home/offroad/radar_ws/install/radar_conti_ars408_msgs/include/radar_conti_ars408_msgs/msg/cluster.hpp
[14.997s] -- Installing: /home/offroad/radar_ws/install/radar_conti_ars408_msgs/include/radar_conti_ars408_msgs/msg/object_status.hpp
[14.997s] -- Installing: /home/offroad/radar_ws/install/radar_conti_ars408_msgs/include/radar_conti_ars408_msgs/msg/filter_cfg.hpp
[14.997s] -- Installing: /home/offroad/radar_ws/install/radar_conti_ars408_msgs/include/radar_conti_ars408_msgs/msg/object_list.hpp
[14.997s] -- Installing: /home/offroad/radar_ws/install/radar_conti_ars408_msgs/include/radar_conti_ars408_msgs/msg/radar_configuration.hpp
[14.997s] -- Installing: /home/offroad/radar_ws/install/radar_conti_ars408_msgs/include/radar_conti_ars408_msgs/msg/object.hpp
[14.998s] -- Installing: /home/offroad/radar_ws/install/radar_conti_ars408_msgs/include/radar_conti_ars408_msgs/msg/object_extended.hpp
[14.998s] -- Installing: /home/offroad/radar_ws/install/radar_conti_ars408_msgs/include/radar_conti_ars408_msgs/msg/filter_state_cfg.hpp
[14.998s] -- Installing: /home/offroad/radar_ws/install/radar_conti_ars408_msgs/include/radar_conti_ars408_msgs/msg/cluster_list.hpp
[14.998s] -- Installing: /home/offroad/radar_ws/install/radar_conti_ars408_msgs/include/radar_conti_ars408_msgs/msg/cluster_general.hpp
[14.998s] -- Installing: /home/offroad/radar_ws/install/radar_conti_ars408_msgs/include/radar_conti_ars408_msgs/msg/cluster_quality.hpp
[14.998s] -- Up-to-date: /home/offroad/radar_ws/install/radar_conti_ars408_msgs/include/radar_conti_ars408_msgs
[14.998s] -- Up-to-date: /home/offroad/radar_ws/install/radar_conti_ars408_msgs/include/radar_conti_ars408_msgs/msg
[14.998s] -- Up-to-date: /home/offroad/radar_ws/install/radar_conti_ars408_msgs/include/radar_conti_ars408_msgs/msg/detail
[14.998s] -- Installing: /home/offroad/radar_ws/install/radar_conti_ars408_msgs/include/radar_conti_ars408_msgs/msg/detail/object_quality__rosidl_typesupport_introspection_cpp.hpp
[14.998s] -- Installing: /home/offroad/radar_ws/install/radar_conti_ars408_msgs/include/radar_conti_ars408_msgs/msg/detail/version_id__rosidl_typesupport_introspection_cpp.hpp
[14.998s] -- Installing: /home/offroad/radar_ws/install/radar_conti_ars408_msgs/include/radar_conti_ars408_msgs/msg/detail/object_status__type_support.cpp
[14.998s] -- Installing: /home/offroad/radar_ws/install/radar_conti_ars408_msgs/include/radar_conti_ars408_msgs/msg/detail/object_extended__type_support.cpp
[14.998s] -- Installing: /home/offroad/radar_ws/install/radar_conti_ars408_msgs/include/radar_conti_ars408_msgs/msg/detail/cluster_status__rosidl_typesupport_introspection_cpp.hpp
[14.998s] -- Installing: /home/offroad/radar_ws/install/radar_conti_ars408_msgs/include/radar_conti_ars408_msgs/msg/detail/filter_cfg__type_support.cpp
[14.998s] -- Installing: /home/offroad/radar_ws/install/radar_conti_ars408_msgs/include/radar_conti_ars408_msgs/msg/detail/object_general__rosidl_typesupport_introspection_cpp.hpp
[14.999s] -- Installing: /home/offroad/radar_ws/install/radar_conti_ars408_msgs/include/radar_conti_ars408_msgs/msg/detail/cluster_general__type_support.cpp
[14.999s] -- Installing: /home/offroad/radar_ws/install/radar_conti_ars408_msgs/include/radar_conti_ars408_msgs/msg/detail/cluster__type_support.cpp
[14.999s] -- Installing: /home/offroad/radar_ws/install/radar_conti_ars408_msgs/include/radar_conti_ars408_msgs/msg/detail/cluster_list__type_support.cpp
[14.999s] -- Installing: /home/offroad/radar_ws/install/radar_conti_ars408_msgs/include/radar_conti_ars408_msgs/msg/detail/cluster_status__type_support.cpp
[14.999s] -- Installing: /home/offroad/radar_ws/install/radar_conti_ars408_msgs/include/radar_conti_ars408_msgs/msg/detail/object_list__type_support.cpp
[14.999s] -- Installing: /home/offroad/radar_ws/install/radar_conti_ars408_msgs/include/radar_conti_ars408_msgs/msg/detail/filter_state_cfg__type_support.cpp
[14.999s] -- Installing: /home/offroad/radar_ws/install/radar_conti_ars408_msgs/include/radar_conti_ars408_msgs/msg/detail/filter_state_cfg__rosidl_typesupport_introspection_cpp.hpp
[14.999s] -- Installing: /home/offroad/radar_ws/install/radar_conti_ars408_msgs/include/radar_conti_ars408_msgs/msg/detail/object_list__rosidl_typesupport_introspection_cpp.hpp
[14.999s] -- Installing: /home/offroad/radar_ws/install/radar_conti_ars408_msgs/include/radar_conti_ars408_msgs/msg/detail/cluster_list__rosidl_typesupport_introspection_cpp.hpp
[14.999s] -- Installing: /home/offroad/radar_ws/install/radar_conti_ars408_msgs/include/radar_conti_ars408_msgs/msg/detail/filter_state_header__rosidl_typesupport_introspection_cpp.hpp
[14.999s] -- Installing: /home/offroad/radar_ws/install/radar_conti_ars408_msgs/include/radar_conti_ars408_msgs/msg/detail/filter_state_header__type_support.cpp
[14.999s] -- Installing: /home/offroad/radar_ws/install/radar_conti_ars408_msgs/include/radar_conti_ars408_msgs/msg/detail/version_id__type_support.cpp
[14.999s] -- Installing: /home/offroad/radar_ws/install/radar_conti_ars408_msgs/include/radar_conti_ars408_msgs/msg/detail/radar_state__type_support.cpp
[14.999s] -- Installing: /home/offroad/radar_ws/install/radar_conti_ars408_msgs/include/radar_conti_ars408_msgs/msg/detail/object_extended__rosidl_typesupport_introspection_cpp.hpp
[15.000s] -- Installing: /home/offroad/radar_ws/install/radar_conti_ars408_msgs/include/radar_conti_ars408_msgs/msg/detail/cluster__rosidl_typesupport_introspection_cpp.hpp
[15.000s] -- Installing: /home/offroad/radar_ws/install/radar_conti_ars408_msgs/include/radar_conti_ars408_msgs/msg/detail/cluster_general__rosidl_typesupport_introspection_cpp.hpp
[15.000s] -- Installing: /home/offroad/radar_ws/install/radar_conti_ars408_msgs/include/radar_conti_ars408_msgs/msg/detail/object_general__type_support.cpp
[15.000s] -- Installing: /home/offroad/radar_ws/install/radar_conti_ars408_msgs/include/radar_conti_ars408_msgs/msg/detail/radar_state__rosidl_typesupport_introspection_cpp.hpp
[15.000s] -- Installing: /home/offroad/radar_ws/install/radar_conti_ars408_msgs/include/radar_conti_ars408_msgs/msg/detail/cluster_quality__type_support.cpp
[15.000s] -- Installing: /home/offroad/radar_ws/install/radar_conti_ars408_msgs/include/radar_conti_ars408_msgs/msg/detail/object_quality__type_support.cpp
[15.000s] -- Installing: /home/offroad/radar_ws/install/radar_conti_ars408_msgs/include/radar_conti_ars408_msgs/msg/detail/object__type_support.cpp
[15.000s] -- Installing: /home/offroad/radar_ws/install/radar_conti_ars408_msgs/include/radar_conti_ars408_msgs/msg/detail/radar_configuration__rosidl_typesupport_introspection_cpp.hpp
[15.000s] -- Installing: /home/offroad/radar_ws/install/radar_conti_ars408_msgs/include/radar_conti_ars408_msgs/msg/detail/filter_cfg__rosidl_typesupport_introspection_cpp.hpp
[15.000s] -- Installing: /home/offroad/radar_ws/install/radar_conti_ars408_msgs/include/radar_conti_ars408_msgs/msg/detail/object__rosidl_typesupport_introspection_cpp.hpp
[15.000s] -- Installing: /home/offroad/radar_ws/install/radar_conti_ars408_msgs/include/radar_conti_ars408_msgs/msg/detail/cluster_quality__rosidl_typesupport_introspection_cpp.hpp
[15.000s] -- Installing: /home/offroad/radar_ws/install/radar_conti_ars408_msgs/include/radar_conti_ars408_msgs/msg/detail/radar_configuration__type_support.cpp
[15.000s] -- Installing: /home/offroad/radar_ws/install/radar_conti_ars408_msgs/include/radar_conti_ars408_msgs/msg/detail/object_status__rosidl_typesupport_introspection_cpp.hpp
[15.001s] -- Installing: /home/offroad/radar_ws/install/radar_conti_ars408_msgs/lib/libradar_conti_ars408_msgs__rosidl_typesupport_introspection_cpp.so
[15.001s] -- Set runtime path of "/home/offroad/radar_ws/install/radar_conti_ars408_msgs/lib/libradar_conti_ars408_msgs__rosidl_typesupport_introspection_cpp.so" to ""
[15.001s] -- Installing: /home/offroad/radar_ws/install/radar_conti_ars408_msgs/lib/libradar_conti_ars408_msgs__rosidl_typesupport_cpp.so
[15.001s] -- Set runtime path of "/home/offroad/radar_ws/install/radar_conti_ars408_msgs/lib/libradar_conti_ars408_msgs__rosidl_typesupport_cpp.so" to ""
[15.002s] -- Installing: /home/offroad/radar_ws/install/radar_conti_ars408_msgs/share/radar_conti_ars408_msgs/environment/pythonpath.sh
[15.002s] -- Installing: /home/offroad/radar_ws/install/radar_conti_ars408_msgs/share/radar_conti_ars408_msgs/environment/pythonpath.dsv
[15.002s] -- Installing: /home/offroad/radar_ws/install/radar_conti_ars408_msgs/lib/python3.8/site-packages/radar_conti_ars408_msgs/__init__.py
[15.026s] Compiling '/home/offroad/radar_ws/install/radar_conti_ars408_msgs/lib/python3.8/site-packages/radar_conti_ars408_msgs/__init__.py'...
[15.029s] -- Installing: /home/offroad/radar_ws/install/radar_conti_ars408_msgs/lib/python3.8/site-packages/radar_conti_ars408_msgs/msg
[15.029s] -- Installing: /home/offroad/radar_ws/install/radar_conti_ars408_msgs/lib/python3.8/site-packages/radar_conti_ars408_msgs/msg/__init__.py
[15.029s] -- Installing: /home/offroad/radar_ws/install/radar_conti_ars408_msgs/lib/python3.8/site-packages/radar_conti_ars408_msgs/msg/_version_id_s.c
[15.029s] -- Installing: /home/offroad/radar_ws/install/radar_conti_ars408_msgs/lib/python3.8/site-packages/radar_conti_ars408_msgs/msg/_cluster_general_s.c
[15.029s] -- Installing: /home/offroad/radar_ws/install/radar_conti_ars408_msgs/lib/python3.8/site-packages/radar_conti_ars408_msgs/msg/_cluster_list.py
[15.029s] -- Installing: /home/offroad/radar_ws/install/radar_conti_ars408_msgs/lib/python3.8/site-packages/radar_conti_ars408_msgs/msg/_object_general_s.c
[15.029s] -- Installing: /home/offroad/radar_ws/install/radar_conti_ars408_msgs/lib/python3.8/site-packages/radar_conti_ars408_msgs/msg/_cluster_status.py
[15.030s] -- Installing: /home/offroad/radar_ws/install/radar_conti_ars408_msgs/lib/python3.8/site-packages/radar_conti_ars408_msgs/msg/_object_general.py
[15.030s] -- Installing: /home/offroad/radar_ws/install/radar_conti_ars408_msgs/lib/python3.8/site-packages/radar_conti_ars408_msgs/msg/_cluster_status_s.c
[15.030s] -- Installing: /home/offroad/radar_ws/install/radar_conti_ars408_msgs/lib/python3.8/site-packages/radar_conti_ars408_msgs/msg/_object_s.c
[15.030s] -- Installing: /home/offroad/radar_ws/install/radar_conti_ars408_msgs/lib/python3.8/site-packages/radar_conti_ars408_msgs/msg/_filter_state_header_s.c
[15.030s] -- Installing: /home/offroad/radar_ws/install/radar_conti_ars408_msgs/lib/python3.8/site-packages/radar_conti_ars408_msgs/msg/_cluster_quality_s.c
[15.030s] -- Installing: /home/offroad/radar_ws/install/radar_conti_ars408_msgs/lib/python3.8/site-packages/radar_conti_ars408_msgs/msg/_object_quality_s.c
[15.030s] -- Installing: /home/offroad/radar_ws/install/radar_conti_ars408_msgs/lib/python3.8/site-packages/radar_conti_ars408_msgs/msg/_filter_cfg.py
[15.030s] -- Installing: /home/offroad/radar_ws/install/radar_conti_ars408_msgs/lib/python3.8/site-packages/radar_conti_ars408_msgs/msg/_radar_state_s.c
[15.030s] -- Installing: /home/offroad/radar_ws/install/radar_conti_ars408_msgs/lib/python3.8/site-packages/radar_conti_ars408_msgs/msg/_filter_state_cfg_s.c
[15.031s] -- Installing: /home/offroad/radar_ws/install/radar_conti_ars408_msgs/lib/python3.8/site-packages/radar_conti_ars408_msgs/msg/_cluster_quality.py
[15.031s] -- Installing: /home/offroad/radar_ws/install/radar_conti_ars408_msgs/lib/python3.8/site-packages/radar_conti_ars408_msgs/msg/_filter_cfg_s.c
[15.031s] -- Installing: /home/offroad/radar_ws/install/radar_conti_ars408_msgs/lib/python3.8/site-packages/radar_conti_ars408_msgs/msg/_cluster_list_s.c
[15.031s] -- Installing: /home/offroad/radar_ws/install/radar_conti_ars408_msgs/lib/python3.8/site-packages/radar_conti_ars408_msgs/msg/_object_extended_s.c
[15.031s] -- Installing: /home/offroad/radar_ws/install/radar_conti_ars408_msgs/lib/python3.8/site-packages/radar_conti_ars408_msgs/msg/_object_status.py
[15.031s] -- Installing: /home/offroad/radar_ws/install/radar_conti_ars408_msgs/lib/python3.8/site-packages/radar_conti_ars408_msgs/msg/_filter_state_cfg.py
[15.031s] -- Installing: /home/offroad/radar_ws/install/radar_conti_ars408_msgs/lib/python3.8/site-packages/radar_conti_ars408_msgs/msg/_radar_configuration_s.c
[15.031s] -- Installing: /home/offroad/radar_ws/install/radar_conti_ars408_msgs/lib/python3.8/site-packages/radar_conti_ars408_msgs/msg/_cluster_general.py
[15.032s] -- Installing: /home/offroad/radar_ws/install/radar_conti_ars408_msgs/lib/python3.8/site-packages/radar_conti_ars408_msgs/msg/_object_extended.py
[15.032s] -- Installing: /home/offroad/radar_ws/install/radar_conti_ars408_msgs/lib/python3.8/site-packages/radar_conti_ars408_msgs/msg/_radar_state.py
[15.032s] -- Installing: /home/offroad/radar_ws/install/radar_conti_ars408_msgs/lib/python3.8/site-packages/radar_conti_ars408_msgs/msg/_object_status_s.c
[15.032s] -- Installing: /home/offroad/radar_ws/install/radar_conti_ars408_msgs/lib/python3.8/site-packages/radar_conti_ars408_msgs/msg/_object.py
[15.032s] -- Installing: /home/offroad/radar_ws/install/radar_conti_ars408_msgs/lib/python3.8/site-packages/radar_conti_ars408_msgs/msg/_filter_state_header.py
[15.032s] -- Installing: /home/offroad/radar_ws/install/radar_conti_ars408_msgs/lib/python3.8/site-packages/radar_conti_ars408_msgs/msg/_object_list.py
[15.032s] -- Installing: /home/offroad/radar_ws/install/radar_conti_ars408_msgs/lib/python3.8/site-packages/radar_conti_ars408_msgs/msg/_version_id.py
[15.032s] -- Installing: /home/offroad/radar_ws/install/radar_conti_ars408_msgs/lib/python3.8/site-packages/radar_conti_ars408_msgs/msg/_radar_configuration.py
[15.033s] -- Installing: /home/offroad/radar_ws/install/radar_conti_ars408_msgs/lib/python3.8/site-packages/radar_conti_ars408_msgs/msg/_cluster_s.c
[15.033s] -- Installing: /home/offroad/radar_ws/install/radar_conti_ars408_msgs/lib/python3.8/site-packages/radar_conti_ars408_msgs/msg/_object_quality.py
[15.033s] -- Installing: /home/offroad/radar_ws/install/radar_conti_ars408_msgs/lib/python3.8/site-packages/radar_conti_ars408_msgs/msg/_object_list_s.c
[15.033s] -- Installing: /home/offroad/radar_ws/install/radar_conti_ars408_msgs/lib/python3.8/site-packages/radar_conti_ars408_msgs/msg/_cluster.py
[15.033s] -- Installing: /home/offroad/radar_ws/install/radar_conti_ars408_msgs/lib/python3.8/site-packages/radar_conti_ars408_msgs/radar_conti_ars408_msgs_s__rosidl_typesupport_fastrtps_c.cpython-38-x86_64-linux-gnu.so
[15.034s] -- Set runtime path of "/home/offroad/radar_ws/install/radar_conti_ars408_msgs/lib/python3.8/site-packages/radar_conti_ars408_msgs/radar_conti_ars408_msgs_s__rosidl_typesupport_fastrtps_c.cpython-38-x86_64-linux-gnu.so" to ""
[15.034s] -- Installing: /home/offroad/radar_ws/install/radar_conti_ars408_msgs/lib/python3.8/site-packages/radar_conti_ars408_msgs/radar_conti_ars408_msgs_s__rosidl_typesupport_introspection_c.cpython-38-x86_64-linux-gnu.so
[15.035s] -- Set runtime path of "/home/offroad/radar_ws/install/radar_conti_ars408_msgs/lib/python3.8/site-packages/radar_conti_ars408_msgs/radar_conti_ars408_msgs_s__rosidl_typesupport_introspection_c.cpython-38-x86_64-linux-gnu.so" to ""
[15.035s] -- Installing: /home/offroad/radar_ws/install/radar_conti_ars408_msgs/lib/python3.8/site-packages/radar_conti_ars408_msgs/radar_conti_ars408_msgs_s__rosidl_typesupport_c.cpython-38-x86_64-linux-gnu.so
[15.035s] -- Set runtime path of "/home/offroad/radar_ws/install/radar_conti_ars408_msgs/lib/python3.8/site-packages/radar_conti_ars408_msgs/radar_conti_ars408_msgs_s__rosidl_typesupport_c.cpython-38-x86_64-linux-gnu.so" to ""
[15.035s] -- Installing: /home/offroad/radar_ws/install/radar_conti_ars408_msgs/lib/libradar_conti_ars408_msgs__python.so
[15.036s] -- Set runtime path of "/home/offroad/radar_ws/install/radar_conti_ars408_msgs/lib/libradar_conti_ars408_msgs__python.so" to ""
[15.036s] -- Installing: /home/offroad/radar_ws/install/radar_conti_ars408_msgs/share/radar_conti_ars408_msgs/msg/ClusterGeneral.idl
[15.036s] -- Installing: /home/offroad/radar_ws/install/radar_conti_ars408_msgs/share/radar_conti_ars408_msgs/msg/ClusterQuality.idl
[15.036s] -- Installing: /home/offroad/radar_ws/install/radar_conti_ars408_msgs/share/radar_conti_ars408_msgs/msg/ClusterStatus.idl
[15.037s] -- Installing: /home/offroad/radar_ws/install/radar_conti_ars408_msgs/share/radar_conti_ars408_msgs/msg/ObjectGeneral.idl
[15.037s] -- Installing: /home/offroad/radar_ws/install/radar_conti_ars408_msgs/share/radar_conti_ars408_msgs/msg/ObjectExtended.idl
[15.037s] -- Installing: /home/offroad/radar_ws/install/radar_conti_ars408_msgs/share/radar_conti_ars408_msgs/msg/ObjectQuality.idl
[15.037s] -- Installing: /home/offroad/radar_ws/install/radar_conti_ars408_msgs/share/radar_conti_ars408_msgs/msg/ObjectStatus.idl
[15.037s] -- Installing: /home/offroad/radar_ws/install/radar_conti_ars408_msgs/share/radar_conti_ars408_msgs/msg/RadarConfiguration.idl
[15.037s] -- Installing: /home/offroad/radar_ws/install/radar_conti_ars408_msgs/share/radar_conti_ars408_msgs/msg/RadarState.idl
[15.038s] -- Installing: /home/offroad/radar_ws/install/radar_conti_ars408_msgs/share/radar_conti_ars408_msgs/msg/VersionID.idl
[15.038s] -- Installing: /home/offroad/radar_ws/install/radar_conti_ars408_msgs/share/radar_conti_ars408_msgs/msg/Cluster.idl
[15.038s] -- Installing: /home/offroad/radar_ws/install/radar_conti_ars408_msgs/share/radar_conti_ars408_msgs/msg/Object.idl
[15.038s] -- Installing: /home/offroad/radar_ws/install/radar_conti_ars408_msgs/share/radar_conti_ars408_msgs/msg/ClusterList.idl
[15.038s] -- Installing: /home/offroad/radar_ws/install/radar_conti_ars408_msgs/share/radar_conti_ars408_msgs/msg/ObjectList.idl
[15.038s] -- Installing: /home/offroad/radar_ws/install/radar_conti_ars408_msgs/share/radar_conti_ars408_msgs/msg/FilterStateCfg.idl
[15.039s] -- Installing: /home/offroad/radar_ws/install/radar_conti_ars408_msgs/share/radar_conti_ars408_msgs/msg/FilterCfg.idl
[15.039s] -- Installing: /home/offroad/radar_ws/install/radar_conti_ars408_msgs/share/radar_conti_ars408_msgs/msg/FilterStateHeader.idl
[15.039s] -- Installing: /home/offroad/radar_ws/install/radar_conti_ars408_msgs/share/radar_conti_ars408_msgs/msg/ClusterGeneral.msg
[15.039s] -- Installing: /home/offroad/radar_ws/install/radar_conti_ars408_msgs/share/radar_conti_ars408_msgs/msg/ClusterQuality.msg
[15.039s] -- Installing: /home/offroad/radar_ws/install/radar_conti_ars408_msgs/share/radar_conti_ars408_msgs/msg/ClusterStatus.msg
[15.039s] -- Installing: /home/offroad/radar_ws/install/radar_conti_ars408_msgs/share/radar_conti_ars408_msgs/msg/ObjectGeneral.msg
[15.040s] -- Installing: /home/offroad/radar_ws/install/radar_conti_ars408_msgs/share/radar_conti_ars408_msgs/msg/ObjectExtended.msg
[15.040s] -- Installing: /home/offroad/radar_ws/install/radar_conti_ars408_msgs/share/radar_conti_ars408_msgs/msg/ObjectQuality.msg
[15.040s] -- Installing: /home/offroad/radar_ws/install/radar_conti_ars408_msgs/share/radar_conti_ars408_msgs/msg/ObjectStatus.msg
[15.040s] -- Installing: /home/offroad/radar_ws/install/radar_conti_ars408_msgs/share/radar_conti_ars408_msgs/msg/RadarConfiguration.msg
[15.040s] -- Installing: /home/offroad/radar_ws/install/radar_conti_ars408_msgs/share/radar_conti_ars408_msgs/msg/RadarState.msg
[15.040s] -- Installing: /home/offroad/radar_ws/install/radar_conti_ars408_msgs/share/radar_conti_ars408_msgs/msg/VersionID.msg
[15.040s] -- Installing: /home/offroad/radar_ws/install/radar_conti_ars408_msgs/share/radar_conti_ars408_msgs/msg/Cluster.msg
[15.041s] -- Installing: /home/offroad/radar_ws/install/radar_conti_ars408_msgs/share/radar_conti_ars408_msgs/msg/Object.msg
[15.041s] -- Installing: /home/offroad/radar_ws/install/radar_conti_ars408_msgs/share/radar_conti_ars408_msgs/msg/ClusterList.msg
[15.041s] -- Installing: /home/offroad/radar_ws/install/radar_conti_ars408_msgs/share/radar_conti_ars408_msgs/msg/ObjectList.msg
[15.041s] -- Installing: /home/offroad/radar_ws/install/radar_conti_ars408_msgs/share/radar_conti_ars408_msgs/msg/FilterStateCfg.msg
[15.041s] -- Installing: /home/offroad/radar_ws/install/radar_conti_ars408_msgs/share/radar_conti_ars408_msgs/msg/FilterCfg.msg
[15.041s] -- Installing: /home/offroad/radar_ws/install/radar_conti_ars408_msgs/share/radar_conti_ars408_msgs/msg/FilterStateHeader.msg
[15.042s] -- Installing: /home/offroad/radar_ws/install/radar_conti_ars408_msgs/share/ament_index/resource_index/package_run_dependencies/radar_conti_ars408_msgs
[15.042s] -- Installing: /home/offroad/radar_ws/install/radar_conti_ars408_msgs/share/ament_index/resource_index/parent_prefix_path/radar_conti_ars408_msgs
[15.042s] -- Installing: /home/offroad/radar_ws/install/radar_conti_ars408_msgs/share/radar_conti_ars408_msgs/environment/ament_prefix_path.sh
[15.042s] -- Installing: /home/offroad/radar_ws/install/radar_conti_ars408_msgs/share/radar_conti_ars408_msgs/environment/ament_prefix_path.dsv
[15.042s] -- Installing: /home/offroad/radar_ws/install/radar_conti_ars408_msgs/share/radar_conti_ars408_msgs/environment/path.sh
[15.042s] -- Installing: /home/offroad/radar_ws/install/radar_conti_ars408_msgs/share/radar_conti_ars408_msgs/environment/path.dsv
[15.043s] -- Installing: /home/offroad/radar_ws/install/radar_conti_ars408_msgs/share/radar_conti_ars408_msgs/local_setup.bash
[15.043s] -- Installing: /home/offroad/radar_ws/install/radar_conti_ars408_msgs/share/radar_conti_ars408_msgs/local_setup.sh
[15.043s] -- Installing: /home/offroad/radar_ws/install/radar_conti_ars408_msgs/share/radar_conti_ars408_msgs/local_setup.zsh
[15.043s] -- Installing: /home/offroad/radar_ws/install/radar_conti_ars408_msgs/share/radar_conti_ars408_msgs/local_setup.dsv
[15.043s] -- Installing: /home/offroad/radar_ws/install/radar_conti_ars408_msgs/share/radar_conti_ars408_msgs/package.dsv
[15.043s] -- Installing: /home/offroad/radar_ws/install/radar_conti_ars408_msgs/share/ament_index/resource_index/packages/radar_conti_ars408_msgs
[15.044s] -- Installing: /home/offroad/radar_ws/install/radar_conti_ars408_msgs/share/radar_conti_ars408_msgs/cmake/radar_conti_ars408_msgs__rosidl_generator_cExport.cmake
[15.044s] -- Installing: /home/offroad/radar_ws/install/radar_conti_ars408_msgs/share/radar_conti_ars408_msgs/cmake/radar_conti_ars408_msgs__rosidl_generator_cExport-noconfig.cmake
[15.044s] -- Installing: /home/offroad/radar_ws/install/radar_conti_ars408_msgs/share/radar_conti_ars408_msgs/cmake/radar_conti_ars408_msgs__rosidl_typesupport_introspection_cExport.cmake
[15.044s] -- Installing: /home/offroad/radar_ws/install/radar_conti_ars408_msgs/share/radar_conti_ars408_msgs/cmake/radar_conti_ars408_msgs__rosidl_typesupport_introspection_cExport-noconfig.cmake
[15.045s] -- Installing: /home/offroad/radar_ws/install/radar_conti_ars408_msgs/share/radar_conti_ars408_msgs/cmake/radar_conti_ars408_msgs__rosidl_typesupport_cExport.cmake
[15.045s] -- Installing: /home/offroad/radar_ws/install/radar_conti_ars408_msgs/share/radar_conti_ars408_msgs/cmake/radar_conti_ars408_msgs__rosidl_typesupport_cExport-noconfig.cmake
[15.045s] -- Installing: /home/offroad/radar_ws/install/radar_conti_ars408_msgs/share/radar_conti_ars408_msgs/cmake/radar_conti_ars408_msgs__rosidl_generator_cppExport.cmake
[15.045s] -- Installing: /home/offroad/radar_ws/install/radar_conti_ars408_msgs/share/radar_conti_ars408_msgs/cmake/radar_conti_ars408_msgs__rosidl_typesupport_introspection_cppExport.cmake
[15.045s] -- Installing: /home/offroad/radar_ws/install/radar_conti_ars408_msgs/share/radar_conti_ars408_msgs/cmake/radar_conti_ars408_msgs__rosidl_typesupport_introspection_cppExport-noconfig.cmake
[15.046s] -- Installing: /home/offroad/radar_ws/install/radar_conti_ars408_msgs/share/radar_conti_ars408_msgs/cmake/radar_conti_ars408_msgs__rosidl_typesupport_cppExport.cmake
[15.046s] -- Installing: /home/offroad/radar_ws/install/radar_conti_ars408_msgs/share/radar_conti_ars408_msgs/cmake/radar_conti_ars408_msgs__rosidl_typesupport_cppExport-noconfig.cmake
[15.046s] -- Installing: /home/offroad/radar_ws/install/radar_conti_ars408_msgs/share/radar_conti_ars408_msgs/cmake/rosidl_cmake-extras.cmake
[15.046s] -- Installing: /home/offroad/radar_ws/install/radar_conti_ars408_msgs/share/radar_conti_ars408_msgs/cmake/ament_cmake_export_dependencies-extras.cmake
[15.046s] -- Installing: /home/offroad/radar_ws/install/radar_conti_ars408_msgs/share/radar_conti_ars408_msgs/cmake/ament_cmake_export_libraries-extras.cmake
[15.046s] -- Installing: /home/offroad/radar_ws/install/radar_conti_ars408_msgs/share/radar_conti_ars408_msgs/cmake/ament_cmake_export_targets-extras.cmake
[15.047s] -- Installing: /home/offroad/radar_ws/install/radar_conti_ars408_msgs/share/radar_conti_ars408_msgs/cmake/ament_cmake_export_include_directories-extras.cmake
[15.047s] -- Installing: /home/offroad/radar_ws/install/radar_conti_ars408_msgs/share/radar_conti_ars408_msgs/cmake/rosidl_cmake_export_typesupport_libraries-extras.cmake
[15.047s] -- Installing: /home/offroad/radar_ws/install/radar_conti_ars408_msgs/share/radar_conti_ars408_msgs/cmake/rosidl_cmake_export_typesupport_targets-extras.cmake
[15.047s] -- Installing: /home/offroad/radar_ws/install/radar_conti_ars408_msgs/share/radar_conti_ars408_msgs/cmake/radar_conti_ars408_msgsConfig.cmake
[15.047s] -- Installing: /home/offroad/radar_ws/install/radar_conti_ars408_msgs/share/radar_conti_ars408_msgs/cmake/radar_conti_ars408_msgsConfig-version.cmake
[15.047s] -- Installing: /home/offroad/radar_ws/install/radar_conti_ars408_msgs/share/radar_conti_ars408_msgs/package.xml
[15.050s] Invoked command in '/home/offroad/radar_ws/build/radar_conti_ars408_msgs' returned '0': CMAKE_PREFIX_PATH=/opt/ros/foxy /usr/bin/cmake --install /home/offroad/radar_ws/build/radar_conti_ars408_msgs
