[0.082s] Invoking command in '/home/offroad/radar_ws/src/build/radar_conti_ars408_msgs': CMAKE_PREFIX_PATH=${CMAKE_PREFIX_PATH}:/opt/ros/foxy /usr/bin/cmake --build /home/offroad/radar_ws/src/build/radar_conti_ars408_msgs -- -j12 -l12
[0.337s] [35m[1mScanning dependencies of target radar_conti_ars408_msgs__cpp[0m
[0.339s] [  1%] [34m[1mGenerating C code for ROS interfaces[0m
[0.347s] [  1%] [34m[1mGenerating C++ code for ROS interfaces[0m
[7.030s] [35m[1mScanning dependencies of target radar_conti_ars408_msgs__rosidl_generator_c[0m
[7.047s] [  1%] Built target radar_conti_ars408_msgs__cpp
[7.090s] [  3%] [32mBuilding C object CMakeFiles/radar_conti_ars408_msgs__rosidl_generator_c.dir/rosidl_generator_c/radar_conti_ars408_msgs/msg/detail/cluster_quality__functions.c.o[0m
[7.092s] [  3%] [32mBuilding C object CMakeFiles/radar_conti_ars408_msgs__rosidl_generator_c.dir/rosidl_generator_c/radar_conti_ars408_msgs/msg/detail/object_general__functions.c.o[0m
[7.094s] [  5%] [32mBuilding C object CMakeFiles/radar_conti_ars408_msgs__rosidl_generator_c.dir/rosidl_generator_c/radar_conti_ars408_msgs/msg/detail/object_extended__functions.c.o[0m
[7.094s] [  5%] [34m[1mGenerating C++ type support for eProsima Fast-RTPS[0m
[7.095s] [  5%] [32mBuilding C object CMakeFiles/radar_conti_ars408_msgs__rosidl_generator_c.dir/rosidl_generator_c/radar_conti_ars408_msgs/msg/detail/cluster_general__functions.c.o[0m
[7.096s] [  6%] [34m[1mGenerating C++ type support dispatch for ROS interfaces[0m
[7.103s] [  6%] [32mBuilding C object CMakeFiles/radar_conti_ars408_msgs__rosidl_generator_c.dir/rosidl_generator_c/radar_conti_ars408_msgs/msg/detail/cluster_status__functions.c.o[0m
[7.105s] [  6%] [34m[1mGenerating C++ introspection for ROS interfaces[0m
[7.107s] [  7%] [32mBuilding C object CMakeFiles/radar_conti_ars408_msgs__rosidl_generator_c.dir/rosidl_generator_c/radar_conti_ars408_msgs/msg/detail/object_status__functions.c.o[0m
[7.131s] [  7%] [32mBuilding C object CMakeFiles/radar_conti_ars408_msgs__rosidl_generator_c.dir/rosidl_generator_c/radar_conti_ars408_msgs/msg/detail/object_quality__functions.c.o[0m
[7.156s] [  7%] [32mBuilding C object CMakeFiles/radar_conti_ars408_msgs__rosidl_generator_c.dir/rosidl_generator_c/radar_conti_ars408_msgs/msg/detail/radar_configuration__functions.c.o[0m
[7.166s] [  8%] [32mBuilding C object CMakeFiles/radar_conti_ars408_msgs__rosidl_generator_c.dir/rosidl_generator_c/radar_conti_ars408_msgs/msg/detail/radar_state__functions.c.o[0m
[7.311s] [  8%] [32mBuilding C object CMakeFiles/radar_conti_ars408_msgs__rosidl_generator_c.dir/rosidl_generator_c/radar_conti_ars408_msgs/msg/detail/version_id__functions.c.o[0m
[7.348s] [  9%] [32mBuilding C object CMakeFiles/radar_conti_ars408_msgs__rosidl_generator_c.dir/rosidl_generator_c/radar_conti_ars408_msgs/msg/detail/cluster__functions.c.o[0m
[7.371s] [ 10%] [32mBuilding C object CMakeFiles/radar_conti_ars408_msgs__rosidl_generator_c.dir/rosidl_generator_c/radar_conti_ars408_msgs/msg/detail/object__functions.c.o[0m
[7.415s] [ 10%] [32mBuilding C object CMakeFiles/radar_conti_ars408_msgs__rosidl_generator_c.dir/rosidl_generator_c/radar_conti_ars408_msgs/msg/detail/cluster_list__functions.c.o[0m
[7.453s] [ 11%] [32mBuilding C object CMakeFiles/radar_conti_ars408_msgs__rosidl_generator_c.dir/rosidl_generator_c/radar_conti_ars408_msgs/msg/detail/object_list__functions.c.o[0m
[7.473s] [ 12%] [32mBuilding C object CMakeFiles/radar_conti_ars408_msgs__rosidl_generator_c.dir/rosidl_generator_c/radar_conti_ars408_msgs/msg/detail/filter_cfg__functions.c.o[0m
[7.527s] [ 12%] [32mBuilding C object CMakeFiles/radar_conti_ars408_msgs__rosidl_generator_c.dir/rosidl_generator_c/radar_conti_ars408_msgs/msg/detail/filter_state_cfg__functions.c.o[0m
[7.553s] [ 13%] [32mBuilding C object CMakeFiles/radar_conti_ars408_msgs__rosidl_generator_c.dir/rosidl_generator_c/radar_conti_ars408_msgs/srv/detail/add_three_ints__functions.c.o[0m
[7.561s] [ 13%] [32mBuilding C object CMakeFiles/radar_conti_ars408_msgs__rosidl_generator_c.dir/rosidl_generator_c/radar_conti_ars408_msgs/msg/detail/filter_state_header__functions.c.o[0m
[7.608s] [ 14%] [32mBuilding C object CMakeFiles/radar_conti_ars408_msgs__rosidl_generator_c.dir/rosidl_generator_c/radar_conti_ars408_msgs/msg/detail/num__functions.c.o[0m
[7.813s] [ 14%] [32m[1mLinking C shared library libradar_conti_ars408_msgs__rosidl_generator_c.so[0m
[8.031s] [ 14%] Built target radar_conti_ars408_msgs__rosidl_generator_c
[8.077s] [ 15%] [34m[1mGenerating C type support dispatch for ROS interfaces[0m
[8.084s] [ 16%] [34m[1mGenerating C introspection for ROS interfaces[0m
[13.001s] [35m[1mScanning dependencies of target radar_conti_ars408_msgs__rosidl_typesupport_cpp[0m
[13.075s] [ 16%] [32mBuilding CXX object CMakeFiles/radar_conti_ars408_msgs__rosidl_typesupport_cpp.dir/rosidl_typesupport_cpp/radar_conti_ars408_msgs/msg/object_general__type_support.cpp.o[0m
[13.076s] [ 17%] [32mBuilding CXX object CMakeFiles/radar_conti_ars408_msgs__rosidl_typesupport_cpp.dir/rosidl_typesupport_cpp/radar_conti_ars408_msgs/msg/cluster_general__type_support.cpp.o[0m
[13.076s] [ 17%] [32mBuilding CXX object CMakeFiles/radar_conti_ars408_msgs__rosidl_typesupport_cpp.dir/rosidl_typesupport_cpp/radar_conti_ars408_msgs/msg/cluster_quality__type_support.cpp.o[0m
[13.079s] [ 18%] [32mBuilding CXX object CMakeFiles/radar_conti_ars408_msgs__rosidl_typesupport_cpp.dir/rosidl_typesupport_cpp/radar_conti_ars408_msgs/msg/cluster_status__type_support.cpp.o[0m
[13.087s] [ 19%] [32mBuilding CXX object CMakeFiles/radar_conti_ars408_msgs__rosidl_typesupport_cpp.dir/rosidl_typesupport_cpp/radar_conti_ars408_msgs/msg/object_extended__type_support.cpp.o[0m
[13.088s] [ 19%] [32mBuilding CXX object CMakeFiles/radar_conti_ars408_msgs__rosidl_typesupport_cpp.dir/rosidl_typesupport_cpp/radar_conti_ars408_msgs/msg/object_quality__type_support.cpp.o[0m
[13.094s] [ 20%] [32mBuilding CXX object CMakeFiles/radar_conti_ars408_msgs__rosidl_typesupport_cpp.dir/rosidl_typesupport_cpp/radar_conti_ars408_msgs/msg/object_status__type_support.cpp.o[0m
[13.103s] [ 20%] [32mBuilding CXX object CMakeFiles/radar_conti_ars408_msgs__rosidl_typesupport_cpp.dir/rosidl_typesupport_cpp/radar_conti_ars408_msgs/msg/radar_configuration__type_support.cpp.o[0m
[14.560s] [ 21%] [32mBuilding CXX object CMakeFiles/radar_conti_ars408_msgs__rosidl_typesupport_cpp.dir/rosidl_typesupport_cpp/radar_conti_ars408_msgs/msg/radar_state__type_support.cpp.o[0m
[14.639s] [ 22%] [32mBuilding CXX object CMakeFiles/radar_conti_ars408_msgs__rosidl_typesupport_cpp.dir/rosidl_typesupport_cpp/radar_conti_ars408_msgs/msg/version_id__type_support.cpp.o[0m
[14.747s] [ 22%] [32mBuilding CXX object CMakeFiles/radar_conti_ars408_msgs__rosidl_typesupport_cpp.dir/rosidl_typesupport_cpp/radar_conti_ars408_msgs/msg/cluster__type_support.cpp.o[0m
[14.764s] [ 23%] [32mBuilding CXX object CMakeFiles/radar_conti_ars408_msgs__rosidl_typesupport_cpp.dir/rosidl_typesupport_cpp/radar_conti_ars408_msgs/msg/object__type_support.cpp.o[0m
[14.777s] [ 23%] [32mBuilding CXX object CMakeFiles/radar_conti_ars408_msgs__rosidl_typesupport_cpp.dir/rosidl_typesupport_cpp/radar_conti_ars408_msgs/msg/cluster_list__type_support.cpp.o[0m
[14.812s] [35m[1mScanning dependencies of target radar_conti_ars408_msgs__rosidl_typesupport_c[0m
[14.870s] [ 24%] [32mBuilding CXX object CMakeFiles/radar_conti_ars408_msgs__rosidl_typesupport_cpp.dir/rosidl_typesupport_cpp/radar_conti_ars408_msgs/msg/object_list__type_support.cpp.o[0m
[14.901s] [ 24%] [32mBuilding CXX object CMakeFiles/radar_conti_ars408_msgs__rosidl_typesupport_cpp.dir/rosidl_typesupport_cpp/radar_conti_ars408_msgs/msg/filter_state_cfg__type_support.cpp.o[0m
[14.935s] [ 24%] [32mBuilding CXX object CMakeFiles/radar_conti_ars408_msgs__rosidl_typesupport_c.dir/rosidl_typesupport_c/radar_conti_ars408_msgs/msg/cluster_general__type_support.cpp.o[0m
[15.139s] [ 25%] [32mBuilding CXX object CMakeFiles/radar_conti_ars408_msgs__rosidl_typesupport_c.dir/rosidl_typesupport_c/radar_conti_ars408_msgs/msg/cluster_quality__type_support.cpp.o[0m
[15.155s] [ 25%] [32mBuilding CXX object CMakeFiles/radar_conti_ars408_msgs__rosidl_typesupport_c.dir/rosidl_typesupport_c/radar_conti_ars408_msgs/msg/cluster_status__type_support.cpp.o[0m
[15.343s] [ 26%] [32mBuilding CXX object CMakeFiles/radar_conti_ars408_msgs__rosidl_typesupport_c.dir/rosidl_typesupport_c/radar_conti_ars408_msgs/msg/object_general__type_support.cpp.o[0m
[15.438s] [ 27%] [32mBuilding CXX object CMakeFiles/radar_conti_ars408_msgs__rosidl_typesupport_c.dir/rosidl_typesupport_c/radar_conti_ars408_msgs/msg/object_extended__type_support.cpp.o[0m
[15.499s] [ 27%] [32mBuilding CXX object CMakeFiles/radar_conti_ars408_msgs__rosidl_typesupport_c.dir/rosidl_typesupport_c/radar_conti_ars408_msgs/msg/object_quality__type_support.cpp.o[0m
[15.749s] [ 28%] [32mBuilding CXX object CMakeFiles/radar_conti_ars408_msgs__rosidl_typesupport_c.dir/rosidl_typesupport_c/radar_conti_ars408_msgs/msg/object_status__type_support.cpp.o[0m
[15.805s] [ 28%] [32mBuilding CXX object CMakeFiles/radar_conti_ars408_msgs__rosidl_typesupport_c.dir/rosidl_typesupport_c/radar_conti_ars408_msgs/msg/radar_configuration__type_support.cpp.o[0m
[15.969s] [ 29%] [32mBuilding CXX object CMakeFiles/radar_conti_ars408_msgs__rosidl_typesupport_cpp.dir/rosidl_typesupport_cpp/radar_conti_ars408_msgs/msg/filter_cfg__type_support.cpp.o[0m
[16.008s] [35m[1mScanning dependencies of target radar_conti_ars408_msgs__rosidl_typesupport_introspection_cpp[0m
[16.028s] [ 30%] [32mBuilding CXX object CMakeFiles/radar_conti_ars408_msgs__rosidl_typesupport_c.dir/rosidl_typesupport_c/radar_conti_ars408_msgs/msg/radar_state__type_support.cpp.o[0m
[16.217s] [ 31%] [32mBuilding CXX object CMakeFiles/radar_conti_ars408_msgs__rosidl_typesupport_c.dir/rosidl_typesupport_c/radar_conti_ars408_msgs/msg/cluster__type_support.cpp.o[0m
[16.221s] [ 31%] [32mBuilding CXX object CMakeFiles/radar_conti_ars408_msgs__rosidl_typesupport_c.dir/rosidl_typesupport_c/radar_conti_ars408_msgs/msg/version_id__type_support.cpp.o[0m
[16.228s] [ 32%] [32mBuilding CXX object CMakeFiles/radar_conti_ars408_msgs__rosidl_typesupport_introspection_cpp.dir/rosidl_typesupport_introspection_cpp/radar_conti_ars408_msgs/msg/detail/cluster_general__type_support.cpp.o[0m
[16.364s] [ 32%] [32mBuilding CXX object CMakeFiles/radar_conti_ars408_msgs__rosidl_typesupport_introspection_cpp.dir/rosidl_typesupport_introspection_cpp/radar_conti_ars408_msgs/msg/detail/cluster_quality__type_support.cpp.o[0m
[16.416s] [ 33%] [32mBuilding CXX object CMakeFiles/radar_conti_ars408_msgs__rosidl_typesupport_cpp.dir/rosidl_typesupport_cpp/radar_conti_ars408_msgs/msg/filter_state_header__type_support.cpp.o[0m
[16.425s] [ 33%] [32mBuilding CXX object CMakeFiles/radar_conti_ars408_msgs__rosidl_typesupport_cpp.dir/rosidl_typesupport_cpp/radar_conti_ars408_msgs/msg/num__type_support.cpp.o[0m
[16.454s] [ 34%] [32mBuilding CXX object CMakeFiles/radar_conti_ars408_msgs__rosidl_typesupport_c.dir/rosidl_typesupport_c/radar_conti_ars408_msgs/msg/object__type_support.cpp.o[0m
[16.461s] [ 35%] [32mBuilding CXX object CMakeFiles/radar_conti_ars408_msgs__rosidl_typesupport_introspection_cpp.dir/rosidl_typesupport_introspection_cpp/radar_conti_ars408_msgs/msg/detail/cluster_status__type_support.cpp.o[0m
[16.642s] [ 35%] [32mBuilding CXX object CMakeFiles/radar_conti_ars408_msgs__rosidl_typesupport_c.dir/rosidl_typesupport_c/radar_conti_ars408_msgs/msg/cluster_list__type_support.cpp.o[0m
[16.680s] [ 35%] [32mBuilding CXX object CMakeFiles/radar_conti_ars408_msgs__rosidl_typesupport_introspection_cpp.dir/rosidl_typesupport_introspection_cpp/radar_conti_ars408_msgs/msg/detail/object_general__type_support.cpp.o[0m
[16.784s] [ 36%] [32mBuilding CXX object CMakeFiles/radar_conti_ars408_msgs__rosidl_typesupport_cpp.dir/rosidl_typesupport_cpp/radar_conti_ars408_msgs/srv/add_three_ints__type_support.cpp.o[0m
[16.857s] [ 37%] [32mBuilding CXX object CMakeFiles/radar_conti_ars408_msgs__rosidl_typesupport_c.dir/rosidl_typesupport_c/radar_conti_ars408_msgs/msg/object_list__type_support.cpp.o[0m
[16.899s] [ 37%] [32mBuilding CXX object CMakeFiles/radar_conti_ars408_msgs__rosidl_typesupport_c.dir/rosidl_typesupport_c/radar_conti_ars408_msgs/msg/filter_state_cfg__type_support.cpp.o[0m
[16.905s] [35m[1mScanning dependencies of target radar_conti_ars408_msgs__rosidl_typesupport_fastrtps_cpp[0m
[17.112s] [ 38%] [32mBuilding CXX object CMakeFiles/radar_conti_ars408_msgs__rosidl_typesupport_introspection_cpp.dir/rosidl_typesupport_introspection_cpp/radar_conti_ars408_msgs/msg/detail/object_extended__type_support.cpp.o[0m
[17.145s] [ 39%] [32mBuilding CXX object CMakeFiles/radar_conti_ars408_msgs__rosidl_typesupport_fastrtps_cpp.dir/rosidl_typesupport_fastrtps_cpp/radar_conti_ars408_msgs/msg/detail/dds_fastrtps/cluster_general__type_support.cpp.o[0m
[17.161s] [ 40%] [32mBuilding CXX object CMakeFiles/radar_conti_ars408_msgs__rosidl_typesupport_c.dir/rosidl_typesupport_c/radar_conti_ars408_msgs/msg/filter_cfg__type_support.cpp.o[0m
[17.414s] [ 40%] [32mBuilding CXX object CMakeFiles/radar_conti_ars408_msgs__rosidl_typesupport_c.dir/rosidl_typesupport_c/radar_conti_ars408_msgs/msg/filter_state_header__type_support.cpp.o[0m
[17.626s] [ 41%] [32mBuilding CXX object CMakeFiles/radar_conti_ars408_msgs__rosidl_typesupport_c.dir/rosidl_typesupport_c/radar_conti_ars408_msgs/msg/num__type_support.cpp.o[0m
[17.634s] [ 42%] [32mBuilding CXX object CMakeFiles/radar_conti_ars408_msgs__rosidl_typesupport_introspection_cpp.dir/rosidl_typesupport_introspection_cpp/radar_conti_ars408_msgs/msg/detail/object_quality__type_support.cpp.o[0m
[17.758s] [ 43%] [32mBuilding CXX object CMakeFiles/radar_conti_ars408_msgs__rosidl_typesupport_c.dir/rosidl_typesupport_c/radar_conti_ars408_msgs/srv/add_three_ints__type_support.cpp.o[0m
[17.860s] [35m[1mScanning dependencies of target radar_conti_ars408_msgs__rosidl_typesupport_introspection_c[0m
[17.914s] [ 43%] [32mBuilding CXX object CMakeFiles/radar_conti_ars408_msgs__rosidl_typesupport_introspection_cpp.dir/rosidl_typesupport_introspection_cpp/radar_conti_ars408_msgs/msg/detail/object_status__type_support.cpp.o[0m
[17.918s] [ 43%] [32mBuilding CXX object CMakeFiles/radar_conti_ars408_msgs__rosidl_typesupport_fastrtps_cpp.dir/rosidl_typesupport_fastrtps_cpp/radar_conti_ars408_msgs/msg/detail/dds_fastrtps/cluster_quality__type_support.cpp.o[0m
[17.934s] [ 43%] [32m[1mLinking CXX shared library libradar_conti_ars408_msgs__rosidl_typesupport_c.so[0m
[18.037s] [ 44%] [32mBuilding CXX object CMakeFiles/radar_conti_ars408_msgs__rosidl_typesupport_fastrtps_cpp.dir/rosidl_typesupport_fastrtps_cpp/radar_conti_ars408_msgs/msg/detail/dds_fastrtps/cluster_status__type_support.cpp.o[0m
[18.042s] [ 45%] [32mBuilding C object CMakeFiles/radar_conti_ars408_msgs__rosidl_typesupport_introspection_c.dir/rosidl_typesupport_introspection_c/radar_conti_ars408_msgs/msg/detail/cluster_general__type_support.c.o[0m
[18.096s] [ 45%] [32mBuilding C object CMakeFiles/radar_conti_ars408_msgs__rosidl_typesupport_introspection_c.dir/rosidl_typesupport_introspection_c/radar_conti_ars408_msgs/msg/detail/cluster_quality__type_support.c.o[0m
[18.239s] [ 45%] [32m[1mLinking CXX shared library libradar_conti_ars408_msgs__rosidl_typesupport_cpp.so[0m
[18.265s] [ 46%] [32mBuilding CXX object CMakeFiles/radar_conti_ars408_msgs__rosidl_typesupport_introspection_cpp.dir/rosidl_typesupport_introspection_cpp/radar_conti_ars408_msgs/msg/detail/radar_configuration__type_support.cpp.o[0m
[18.282s] [ 46%] [32mBuilding CXX object CMakeFiles/radar_conti_ars408_msgs__rosidl_typesupport_fastrtps_cpp.dir/rosidl_typesupport_fastrtps_cpp/radar_conti_ars408_msgs/msg/detail/dds_fastrtps/object_general__type_support.cpp.o[0m
[18.322s] [ 46%] Built target radar_conti_ars408_msgs__rosidl_typesupport_c
[18.331s] [ 47%] [32mBuilding C object CMakeFiles/radar_conti_ars408_msgs__rosidl_typesupport_introspection_c.dir/rosidl_typesupport_introspection_c/radar_conti_ars408_msgs/msg/detail/cluster_status__type_support.c.o[0m
[18.345s] [ 47%] [32mBuilding CXX object CMakeFiles/radar_conti_ars408_msgs__rosidl_typesupport_introspection_cpp.dir/rosidl_typesupport_introspection_cpp/radar_conti_ars408_msgs/msg/detail/radar_state__type_support.cpp.o[0m
[18.376s] [ 48%] [32mBuilding CXX object CMakeFiles/radar_conti_ars408_msgs__rosidl_typesupport_fastrtps_cpp.dir/rosidl_typesupport_fastrtps_cpp/radar_conti_ars408_msgs/msg/detail/dds_fastrtps/object_extended__type_support.cpp.o[0m
[18.521s] [ 48%] [32mBuilding C object CMakeFiles/radar_conti_ars408_msgs__rosidl_typesupport_introspection_c.dir/rosidl_typesupport_introspection_c/radar_conti_ars408_msgs/msg/detail/object_general__type_support.c.o[0m
[18.619s] [ 48%] Built target radar_conti_ars408_msgs__rosidl_typesupport_cpp
[18.722s] [ 48%] [32mBuilding CXX object CMakeFiles/radar_conti_ars408_msgs__rosidl_typesupport_fastrtps_cpp.dir/rosidl_typesupport_fastrtps_cpp/radar_conti_ars408_msgs/msg/detail/dds_fastrtps/object_quality__type_support.cpp.o[0m
[18.728s] [ 49%] [32mBuilding CXX object CMakeFiles/radar_conti_ars408_msgs__rosidl_typesupport_fastrtps_cpp.dir/rosidl_typesupport_fastrtps_cpp/radar_conti_ars408_msgs/msg/detail/dds_fastrtps/object_status__type_support.cpp.o[0m
[18.764s] [ 50%] [32mBuilding C object CMakeFiles/radar_conti_ars408_msgs__rosidl_typesupport_introspection_c.dir/rosidl_typesupport_introspection_c/radar_conti_ars408_msgs/msg/detail/object_extended__type_support.c.o[0m
[19.002s] [ 50%] [32mBuilding C object CMakeFiles/radar_conti_ars408_msgs__rosidl_typesupport_introspection_c.dir/rosidl_typesupport_introspection_c/radar_conti_ars408_msgs/msg/detail/object_quality__type_support.c.o[0m
[19.250s] [ 51%] [32mBuilding C object CMakeFiles/radar_conti_ars408_msgs__rosidl_typesupport_introspection_c.dir/rosidl_typesupport_introspection_c/radar_conti_ars408_msgs/msg/detail/object_status__type_support.c.o[0m
[19.271s] [ 52%] [32mBuilding CXX object CMakeFiles/radar_conti_ars408_msgs__rosidl_typesupport_fastrtps_cpp.dir/rosidl_typesupport_fastrtps_cpp/radar_conti_ars408_msgs/msg/detail/dds_fastrtps/radar_configuration__type_support.cpp.o[0m
[19.531s] [ 53%] [32mBuilding C object CMakeFiles/radar_conti_ars408_msgs__rosidl_typesupport_introspection_c.dir/rosidl_typesupport_introspection_c/radar_conti_ars408_msgs/msg/detail/radar_configuration__type_support.c.o[0m
[19.646s] [ 53%] [32mBuilding CXX object CMakeFiles/radar_conti_ars408_msgs__rosidl_typesupport_fastrtps_cpp.dir/rosidl_typesupport_fastrtps_cpp/radar_conti_ars408_msgs/msg/detail/dds_fastrtps/radar_state__type_support.cpp.o[0m
[19.782s] [ 53%] [32mBuilding C object CMakeFiles/radar_conti_ars408_msgs__rosidl_typesupport_introspection_c.dir/rosidl_typesupport_introspection_c/radar_conti_ars408_msgs/msg/detail/radar_state__type_support.c.o[0m
[19.807s] [ 54%] [32mBuilding CXX object CMakeFiles/radar_conti_ars408_msgs__rosidl_typesupport_introspection_cpp.dir/rosidl_typesupport_introspection_cpp/radar_conti_ars408_msgs/msg/detail/version_id__type_support.cpp.o[0m
[19.861s] [ 54%] [32mBuilding CXX object CMakeFiles/radar_conti_ars408_msgs__rosidl_typesupport_introspection_cpp.dir/rosidl_typesupport_introspection_cpp/radar_conti_ars408_msgs/msg/detail/cluster__type_support.cpp.o[0m
[20.148s] [ 55%] [32mBuilding CXX object CMakeFiles/radar_conti_ars408_msgs__rosidl_typesupport_introspection_cpp.dir/rosidl_typesupport_introspection_cpp/radar_conti_ars408_msgs/msg/detail/object__type_support.cpp.o[0m
[20.153s] [ 56%] [32mBuilding C object CMakeFiles/radar_conti_ars408_msgs__rosidl_typesupport_introspection_c.dir/rosidl_typesupport_introspection_c/radar_conti_ars408_msgs/msg/detail/version_id__type_support.c.o[0m
[20.306s] [ 57%] [32mBuilding CXX object CMakeFiles/radar_conti_ars408_msgs__rosidl_typesupport_fastrtps_cpp.dir/rosidl_typesupport_fastrtps_cpp/radar_conti_ars408_msgs/msg/detail/dds_fastrtps/version_id__type_support.cpp.o[0m
[20.358s] [ 57%] [32mBuilding CXX object CMakeFiles/radar_conti_ars408_msgs__rosidl_typesupport_fastrtps_cpp.dir/rosidl_typesupport_fastrtps_cpp/radar_conti_ars408_msgs/msg/detail/dds_fastrtps/cluster__type_support.cpp.o[0m
[20.464s] [ 57%] [32mBuilding C object CMakeFiles/radar_conti_ars408_msgs__rosidl_typesupport_introspection_c.dir/rosidl_typesupport_introspection_c/radar_conti_ars408_msgs/msg/detail/cluster__type_support.c.o[0m
[20.713s] [ 58%] [32mBuilding CXX object CMakeFiles/radar_conti_ars408_msgs__rosidl_typesupport_fastrtps_cpp.dir/rosidl_typesupport_fastrtps_cpp/radar_conti_ars408_msgs/msg/detail/dds_fastrtps/object__type_support.cpp.o[0m
[20.813s] [ 59%] [32mBuilding C object CMakeFiles/radar_conti_ars408_msgs__rosidl_typesupport_introspection_c.dir/rosidl_typesupport_introspection_c/radar_conti_ars408_msgs/msg/detail/object__type_support.c.o[0m
[20.851s] [ 59%] [32mBuilding CXX object CMakeFiles/radar_conti_ars408_msgs__rosidl_typesupport_fastrtps_cpp.dir/rosidl_typesupport_fastrtps_cpp/radar_conti_ars408_msgs/msg/detail/dds_fastrtps/cluster_list__type_support.cpp.o[0m
[20.891s] [ 60%] [32mBuilding CXX object CMakeFiles/radar_conti_ars408_msgs__rosidl_typesupport_introspection_cpp.dir/rosidl_typesupport_introspection_cpp/radar_conti_ars408_msgs/msg/detail/cluster_list__type_support.cpp.o[0m
[21.036s] [ 60%] [32mBuilding C object CMakeFiles/radar_conti_ars408_msgs__rosidl_typesupport_introspection_c.dir/rosidl_typesupport_introspection_c/radar_conti_ars408_msgs/msg/detail/cluster_list__type_support.c.o[0m
[21.074s] [ 61%] [32mBuilding CXX object CMakeFiles/radar_conti_ars408_msgs__rosidl_typesupport_fastrtps_cpp.dir/rosidl_typesupport_fastrtps_cpp/radar_conti_ars408_msgs/msg/detail/dds_fastrtps/object_list__type_support.cpp.o[0m
[21.281s] [ 61%] [32mBuilding CXX object CMakeFiles/radar_conti_ars408_msgs__rosidl_typesupport_introspection_cpp.dir/rosidl_typesupport_introspection_cpp/radar_conti_ars408_msgs/msg/detail/object_list__type_support.cpp.o[0m
[21.351s] [ 62%] [32mBuilding C object CMakeFiles/radar_conti_ars408_msgs__rosidl_typesupport_introspection_c.dir/rosidl_typesupport_introspection_c/radar_conti_ars408_msgs/msg/detail/object_list__type_support.c.o[0m
[21.489s] [ 63%] [32mBuilding CXX object CMakeFiles/radar_conti_ars408_msgs__rosidl_typesupport_fastrtps_cpp.dir/rosidl_typesupport_fastrtps_cpp/radar_conti_ars408_msgs/msg/detail/dds_fastrtps/filter_state_cfg__type_support.cpp.o[0m
[21.530s] [ 64%] [32mBuilding C object CMakeFiles/radar_conti_ars408_msgs__rosidl_typesupport_introspection_c.dir/rosidl_typesupport_introspection_c/radar_conti_ars408_msgs/msg/detail/filter_state_cfg__type_support.c.o[0m
[21.590s] [ 64%] [32mBuilding C object CMakeFiles/radar_conti_ars408_msgs__rosidl_typesupport_introspection_c.dir/rosidl_typesupport_introspection_c/radar_conti_ars408_msgs/msg/detail/filter_cfg__type_support.c.o[0m
[21.632s] [ 65%] [32mBuilding C object CMakeFiles/radar_conti_ars408_msgs__rosidl_typesupport_introspection_c.dir/rosidl_typesupport_introspection_c/radar_conti_ars408_msgs/msg/detail/filter_state_header__type_support.c.o[0m
[21.872s] [ 65%] [32mBuilding CXX object CMakeFiles/radar_conti_ars408_msgs__rosidl_typesupport_introspection_cpp.dir/rosidl_typesupport_introspection_cpp/radar_conti_ars408_msgs/msg/detail/filter_cfg__type_support.cpp.o[0m
[21.886s] [ 65%] [32mBuilding C object CMakeFiles/radar_conti_ars408_msgs__rosidl_typesupport_introspection_c.dir/rosidl_typesupport_introspection_c/radar_conti_ars408_msgs/msg/detail/num__type_support.c.o[0m
[21.899s] [ 66%] [32mBuilding CXX object CMakeFiles/radar_conti_ars408_msgs__rosidl_typesupport_introspection_cpp.dir/rosidl_typesupport_introspection_cpp/radar_conti_ars408_msgs/msg/detail/filter_state_cfg__type_support.cpp.o[0m
[22.086s] [ 66%] [32mBuilding CXX object CMakeFiles/radar_conti_ars408_msgs__rosidl_typesupport_fastrtps_cpp.dir/rosidl_typesupport_fastrtps_cpp/radar_conti_ars408_msgs/msg/detail/dds_fastrtps/filter_cfg__type_support.cpp.o[0m
[22.152s] [ 67%] [32mBuilding C object CMakeFiles/radar_conti_ars408_msgs__rosidl_typesupport_introspection_c.dir/rosidl_typesupport_introspection_c/radar_conti_ars408_msgs/srv/detail/add_three_ints__type_support.c.o[0m
[22.503s] [ 67%] [32m[1mLinking C shared library libradar_conti_ars408_msgs__rosidl_typesupport_introspection_c.so[0m
[22.566s] [ 68%] [32mBuilding CXX object CMakeFiles/radar_conti_ars408_msgs__rosidl_typesupport_introspection_cpp.dir/rosidl_typesupport_introspection_cpp/radar_conti_ars408_msgs/msg/detail/filter_state_header__type_support.cpp.o[0m
[22.674s] [ 69%] [32mBuilding CXX object CMakeFiles/radar_conti_ars408_msgs__rosidl_typesupport_fastrtps_cpp.dir/rosidl_typesupport_fastrtps_cpp/radar_conti_ars408_msgs/msg/detail/dds_fastrtps/filter_state_header__type_support.cpp.o[0m
[22.713s] [ 69%] [32mBuilding CXX object CMakeFiles/radar_conti_ars408_msgs__rosidl_typesupport_introspection_cpp.dir/rosidl_typesupport_introspection_cpp/radar_conti_ars408_msgs/msg/detail/num__type_support.cpp.o[0m
[22.791s] [ 69%] Built target radar_conti_ars408_msgs__rosidl_typesupport_introspection_c
[22.910s] [ 69%] [32mBuilding CXX object CMakeFiles/radar_conti_ars408_msgs__rosidl_typesupport_fastrtps_cpp.dir/rosidl_typesupport_fastrtps_cpp/radar_conti_ars408_msgs/msg/detail/dds_fastrtps/num__type_support.cpp.o[0m
[23.186s] [ 70%] [32mBuilding CXX object CMakeFiles/radar_conti_ars408_msgs__rosidl_typesupport_fastrtps_cpp.dir/rosidl_typesupport_fastrtps_cpp/radar_conti_ars408_msgs/srv/detail/dds_fastrtps/add_three_ints__type_support.cpp.o[0m
[23.302s] [ 71%] [32mBuilding CXX object CMakeFiles/radar_conti_ars408_msgs__rosidl_typesupport_introspection_cpp.dir/rosidl_typesupport_introspection_cpp/radar_conti_ars408_msgs/srv/detail/add_three_ints__type_support.cpp.o[0m
[24.383s] [ 72%] [32m[1mLinking CXX shared library libradar_conti_ars408_msgs__rosidl_typesupport_introspection_cpp.so[0m
[24.639s] [ 72%] Built target radar_conti_ars408_msgs__rosidl_typesupport_introspection_cpp
[24.765s] [ 72%] [32m[1mLinking CXX shared library libradar_conti_ars408_msgs__rosidl_typesupport_fastrtps_cpp.so[0m
[24.924s] [ 72%] Built target radar_conti_ars408_msgs__rosidl_typesupport_fastrtps_cpp
[24.941s] [ 73%] [34m[1mGenerating C type support for eProsima Fast-RTPS[0m
[27.488s] [35m[1mScanning dependencies of target radar_conti_ars408_msgs__rosidl_typesupport_fastrtps_c[0m
[27.559s] [ 75%] [32mBuilding CXX object CMakeFiles/radar_conti_ars408_msgs__rosidl_typesupport_fastrtps_c.dir/rosidl_typesupport_fastrtps_c/radar_conti_ars408_msgs/msg/detail/object_extended__type_support_c.cpp.o[0m
[27.560s] [ 75%] [32mBuilding CXX object CMakeFiles/radar_conti_ars408_msgs__rosidl_typesupport_fastrtps_c.dir/rosidl_typesupport_fastrtps_c/radar_conti_ars408_msgs/msg/detail/cluster_quality__type_support_c.cpp.o[0m
[27.561s] [ 75%] [32mBuilding CXX object CMakeFiles/radar_conti_ars408_msgs__rosidl_typesupport_fastrtps_c.dir/rosidl_typesupport_fastrtps_c/radar_conti_ars408_msgs/msg/detail/cluster_general__type_support_c.cpp.o[0m
[27.562s] [ 76%] [32mBuilding CXX object CMakeFiles/radar_conti_ars408_msgs__rosidl_typesupport_fastrtps_c.dir/rosidl_typesupport_fastrtps_c/radar_conti_ars408_msgs/msg/detail/radar_state__type_support_c.cpp.o[0m
[27.567s] [ 76%] [32mBuilding CXX object CMakeFiles/radar_conti_ars408_msgs__rosidl_typesupport_fastrtps_c.dir/rosidl_typesupport_fastrtps_c/radar_conti_ars408_msgs/msg/detail/object_quality__type_support_c.cpp.o[0m
[27.567s] [ 77%] [32mBuilding CXX object CMakeFiles/radar_conti_ars408_msgs__rosidl_typesupport_fastrtps_c.dir/rosidl_typesupport_fastrtps_c/radar_conti_ars408_msgs/msg/detail/version_id__type_support_c.cpp.o[0m
[27.567s] [ 77%] [32mBuilding CXX object CMakeFiles/radar_conti_ars408_msgs__rosidl_typesupport_fastrtps_c.dir/rosidl_typesupport_fastrtps_c/radar_conti_ars408_msgs/msg/detail/radar_configuration__type_support_c.cpp.o[0m
[27.567s] [ 77%] [32mBuilding CXX object CMakeFiles/radar_conti_ars408_msgs__rosidl_typesupport_fastrtps_c.dir/rosidl_typesupport_fastrtps_c/radar_conti_ars408_msgs/msg/detail/object_general__type_support_c.cpp.o[0m
[27.568s] [ 78%] [32mBuilding CXX object CMakeFiles/radar_conti_ars408_msgs__rosidl_typesupport_fastrtps_c.dir/rosidl_typesupport_fastrtps_c/radar_conti_ars408_msgs/msg/detail/cluster_status__type_support_c.cpp.o[0m
[27.568s] [ 79%] [32mBuilding CXX object CMakeFiles/radar_conti_ars408_msgs__rosidl_typesupport_fastrtps_c.dir/rosidl_typesupport_fastrtps_c/radar_conti_ars408_msgs/msg/detail/object_status__type_support_c.cpp.o[0m
[27.581s] [ 79%] [32mBuilding CXX object CMakeFiles/radar_conti_ars408_msgs__rosidl_typesupport_fastrtps_c.dir/rosidl_typesupport_fastrtps_c/radar_conti_ars408_msgs/msg/detail/cluster__type_support_c.cpp.o[0m
[27.592s] [ 80%] [32mBuilding CXX object CMakeFiles/radar_conti_ars408_msgs__rosidl_typesupport_fastrtps_c.dir/rosidl_typesupport_fastrtps_c/radar_conti_ars408_msgs/msg/detail/object__type_support_c.cpp.o[0m
[29.258s] [ 80%] [32mBuilding CXX object CMakeFiles/radar_conti_ars408_msgs__rosidl_typesupport_fastrtps_c.dir/rosidl_typesupport_fastrtps_c/radar_conti_ars408_msgs/msg/detail/cluster_list__type_support_c.cpp.o[0m
[29.312s] [ 81%] [32mBuilding CXX object CMakeFiles/radar_conti_ars408_msgs__rosidl_typesupport_fastrtps_c.dir/rosidl_typesupport_fastrtps_c/radar_conti_ars408_msgs/msg/detail/object_list__type_support_c.cpp.o[0m
[29.319s] [ 81%] [32mBuilding CXX object CMakeFiles/radar_conti_ars408_msgs__rosidl_typesupport_fastrtps_c.dir/rosidl_typesupport_fastrtps_c/radar_conti_ars408_msgs/msg/detail/filter_state_cfg__type_support_c.cpp.o[0m
[29.329s] [ 82%] [32mBuilding CXX object CMakeFiles/radar_conti_ars408_msgs__rosidl_typesupport_fastrtps_c.dir/rosidl_typesupport_fastrtps_c/radar_conti_ars408_msgs/msg/detail/filter_state_header__type_support_c.cpp.o[0m
[29.355s] [ 83%] [32mBuilding CXX object CMakeFiles/radar_conti_ars408_msgs__rosidl_typesupport_fastrtps_c.dir/rosidl_typesupport_fastrtps_c/radar_conti_ars408_msgs/msg/detail/filter_cfg__type_support_c.cpp.o[0m
[29.424s] [ 83%] [32mBuilding CXX object CMakeFiles/radar_conti_ars408_msgs__rosidl_typesupport_fastrtps_c.dir/rosidl_typesupport_fastrtps_c/radar_conti_ars408_msgs/msg/detail/num__type_support_c.cpp.o[0m
[29.481s] [ 84%] [32mBuilding CXX object CMakeFiles/radar_conti_ars408_msgs__rosidl_typesupport_fastrtps_c.dir/rosidl_typesupport_fastrtps_c/radar_conti_ars408_msgs/srv/detail/add_three_ints__type_support_c.cpp.o[0m
[31.007s] [ 84%] [32m[1mLinking CXX shared library libradar_conti_ars408_msgs__rosidl_typesupport_fastrtps_c.so[0m
[31.196s] [ 84%] Built target radar_conti_ars408_msgs__rosidl_typesupport_fastrtps_c
[31.212s] [35m[1mScanning dependencies of target radar_conti_ars408_msgs[0m
[31.230s] [ 84%] Built target radar_conti_ars408_msgs
[31.246s] [35m[1mScanning dependencies of target radar_conti_ars408_msgs__py[0m
[31.262s] [ 85%] [34m[1mGenerating Python code for ROS interfaces[0m
[37.181s] [ 85%] Built target radar_conti_ars408_msgs__py
[37.214s] [35m[1mScanning dependencies of target radar_conti_ars408_msgs__python[0m
[37.316s] [ 85%] [32mBuilding C object CMakeFiles/radar_conti_ars408_msgs__python.dir/rosidl_generator_py/radar_conti_ars408_msgs/msg/_radar_configuration_s.c.o[0m
[37.316s] [ 85%] [32mBuilding C object CMakeFiles/radar_conti_ars408_msgs__python.dir/rosidl_generator_py/radar_conti_ars408_msgs/msg/_cluster_general_s.c.o[0m
[37.316s] [ 86%] [32mBuilding C object CMakeFiles/radar_conti_ars408_msgs__python.dir/rosidl_generator_py/radar_conti_ars408_msgs/msg/_cluster_quality_s.c.o[0m
[37.316s] [ 86%] [32mBuilding C object CMakeFiles/radar_conti_ars408_msgs__python.dir/rosidl_generator_py/radar_conti_ars408_msgs/msg/_cluster_status_s.c.o[0m
[37.317s] [ 88%] [32mBuilding C object CMakeFiles/radar_conti_ars408_msgs__python.dir/rosidl_generator_py/radar_conti_ars408_msgs/msg/_object_quality_s.c.o[0m
[37.317s] [ 88%] [32mBuilding C object CMakeFiles/radar_conti_ars408_msgs__python.dir/rosidl_generator_py/radar_conti_ars408_msgs/msg/_object_extended_s.c.o[0m
[37.318s] [ 88%] [32mBuilding C object CMakeFiles/radar_conti_ars408_msgs__python.dir/rosidl_generator_py/radar_conti_ars408_msgs/msg/_object_status_s.c.o[0m
[37.327s] [ 89%] [32mBuilding C object CMakeFiles/radar_conti_ars408_msgs__python.dir/rosidl_generator_py/radar_conti_ars408_msgs/msg/_object_general_s.c.o[0m
[37.334s] [ 90%] [32mBuilding C object CMakeFiles/radar_conti_ars408_msgs__python.dir/rosidl_generator_py/radar_conti_ars408_msgs/msg/_radar_state_s.c.o[0m
[37.347s] [ 90%] [32mBuilding C object CMakeFiles/radar_conti_ars408_msgs__python.dir/rosidl_generator_py/radar_conti_ars408_msgs/msg/_version_id_s.c.o[0m
[37.356s] [ 91%] [32mBuilding C object CMakeFiles/radar_conti_ars408_msgs__python.dir/rosidl_generator_py/radar_conti_ars408_msgs/msg/_cluster_s.c.o[0m
[37.357s] [ 92%] [32mBuilding C object CMakeFiles/radar_conti_ars408_msgs__python.dir/rosidl_generator_py/radar_conti_ars408_msgs/msg/_object_s.c.o[0m
[37.826s] [ 92%] [32mBuilding C object CMakeFiles/radar_conti_ars408_msgs__python.dir/rosidl_generator_py/radar_conti_ars408_msgs/msg/_cluster_list_s.c.o[0m
[37.828s] [ 93%] [32mBuilding C object CMakeFiles/radar_conti_ars408_msgs__python.dir/rosidl_generator_py/radar_conti_ars408_msgs/msg/_object_list_s.c.o[0m
[37.831s] [ 93%] [32mBuilding C object CMakeFiles/radar_conti_ars408_msgs__python.dir/rosidl_generator_py/radar_conti_ars408_msgs/msg/_filter_state_cfg_s.c.o[0m
[37.891s] [ 94%] [32mBuilding C object CMakeFiles/radar_conti_ars408_msgs__python.dir/rosidl_generator_py/radar_conti_ars408_msgs/msg/_filter_cfg_s.c.o[0m
[37.893s] [ 94%] [32mBuilding C object CMakeFiles/radar_conti_ars408_msgs__python.dir/rosidl_generator_py/radar_conti_ars408_msgs/msg/_filter_state_header_s.c.o[0m
[37.898s] [ 95%] [32mBuilding C object CMakeFiles/radar_conti_ars408_msgs__python.dir/rosidl_generator_py/radar_conti_ars408_msgs/srv/_add_three_ints_s.c.o[0m
[37.899s] [ 96%] [32mBuilding C object CMakeFiles/radar_conti_ars408_msgs__python.dir/rosidl_generator_py/radar_conti_ars408_msgs/msg/_num_s.c.o[0m
[38.358s] [ 96%] [32m[1mLinking C shared library rosidl_generator_py/radar_conti_ars408_msgs/libradar_conti_ars408_msgs__python.so[0m
[38.444s] [ 96%] Built target radar_conti_ars408_msgs__python
[38.469s] [35m[1mScanning dependencies of target radar_conti_ars408_msgs__rosidl_typesupport_c__pyext[0m
[38.469s] [35m[1mScanning dependencies of target radar_conti_ars408_msgs__rosidl_typesupport_introspection_c__pyext[0m
[38.472s] [35m[1mScanning dependencies of target radar_conti_ars408_msgs__rosidl_typesupport_fastrtps_c__pyext[0m
[38.513s] [ 97%] [32mBuilding C object CMakeFiles/radar_conti_ars408_msgs__rosidl_typesupport_introspection_c__pyext.dir/rosidl_generator_py/radar_conti_ars408_msgs/_radar_conti_ars408_msgs_s.ep.rosidl_typesupport_introspection_c.c.o[0m
[38.516s] [ 98%] [32mBuilding C object CMakeFiles/radar_conti_ars408_msgs__rosidl_typesupport_c__pyext.dir/rosidl_generator_py/radar_conti_ars408_msgs/_radar_conti_ars408_msgs_s.ep.rosidl_typesupport_c.c.o[0m
[38.521s] [ 99%] [32mBuilding C object CMakeFiles/radar_conti_ars408_msgs__rosidl_typesupport_fastrtps_c__pyext.dir/rosidl_generator_py/radar_conti_ars408_msgs/_radar_conti_ars408_msgs_s.ep.rosidl_typesupport_fastrtps_c.c.o[0m
[38.902s] [ 99%] [32m[1mLinking CXX shared library rosidl_generator_py/radar_conti_ars408_msgs/radar_conti_ars408_msgs_s__rosidl_typesupport_fastrtps_c.cpython-38-x86_64-linux-gnu.so[0m
[38.907s] [ 99%] [32m[1mLinking C shared library rosidl_generator_py/radar_conti_ars408_msgs/radar_conti_ars408_msgs_s__rosidl_typesupport_c.cpython-38-x86_64-linux-gnu.so[0m
[38.916s] [100%] [32m[1mLinking C shared library rosidl_generator_py/radar_conti_ars408_msgs/radar_conti_ars408_msgs_s__rosidl_typesupport_introspection_c.cpython-38-x86_64-linux-gnu.so[0m
[39.064s] [100%] Built target radar_conti_ars408_msgs__rosidl_typesupport_c__pyext
[39.076s] [100%] Built target radar_conti_ars408_msgs__rosidl_typesupport_introspection_c__pyext
[39.148s] [100%] Built target radar_conti_ars408_msgs__rosidl_typesupport_fastrtps_c__pyext
