[0.012s] Invoking command in '/home/offroad/radar_ws/build/radar_conti_ars408': CMAKE_PREFIX_PATH=/home/offroad/radar_ws/install/ros2socketcan_bridge:/home/offroad/radar_ws/install/radar_conti_ars408_msgs:/home/offroad/radar_ws/install/can_msgs:/home/offroad/radar_ws/install/radar_conti_ars408:/home/offroad/radar_ws/install/cpp_pubsub:/opt/ros/foxy LD_LIBRARY_PATH=/home/offroad/radar_ws/install/radar_conti_ars408_msgs/lib:/home/offroad/radar_ws/install/can_msgs/lib:/home/offroad/radar_ws/install/radar_conti_ars408/lib:/usr/lib/x86_64-linux-gnu/gazebo-11/plugins:/opt/ros/foxy/opt/yaml_cpp_vendor/lib:/opt/ros/foxy/opt/rviz_ogre_vendor/lib:/opt/ros/foxy/lib/x86_64-linux-gnu:/opt/ros/foxy/lib /usr/bin/cmake --build /home/offroad/radar_ws/build/radar_conti_ars408 -- -j12 -l12
[0.035s] -- Found ament_cmake: 0.9.9 (/opt/ros/foxy/share/ament_cmake/cmake)
[0.053s] -- Using PYTHON_EXECUTABLE: /usr/bin/python3
[0.208s] -- Found ament_index_cpp: 1.1.0 (/opt/ros/foxy/share/ament_index_cpp/cmake)
[0.210s] -- Found builtin_interfaces: 1.0.0 (/opt/ros/foxy/share/builtin_interfaces/cmake)
[0.227s] -- Using all available rosidl_typesupport_c: rosidl_typesupport_fastrtps_c;rosidl_typesupport_introspection_c
[0.230s] -- Found rosidl_adapter: 1.2.1 (/opt/ros/foxy/share/rosidl_adapter/cmake)
[0.330s] -- Using all available rosidl_typesupport_cpp: rosidl_typesupport_fastrtps_cpp;rosidl_typesupport_introspection_cpp
[0.351s] -- Found example_interfaces: 0.9.1 (/opt/ros/foxy/share/example_interfaces/cmake)
[0.445s] -- Found rclcpp: 2.4.1 (/opt/ros/foxy/share/rclcpp/cmake)
[0.475s] -- Found rmw_implementation_cmake: 1.0.3 (/opt/ros/foxy/share/rmw_implementation_cmake/cmake)
[0.477s] -- Using RMW implementation 'rmw_fastrtps_cpp' as default
[0.601s] -- Found rclcpp_components: 2.4.1 (/opt/ros/foxy/share/rclcpp_components/cmake)
[0.647s] -- Found rclcpp_lifecycle: 2.4.1 (/opt/ros/foxy/share/rclcpp_lifecycle/cmake)
[0.671s] -- Found geometry_msgs: 2.0.5 (/opt/ros/foxy/share/geometry_msgs/cmake)
[0.701s] -- Found can_msgs: 0.0.0 (/home/offroad/radar_ws/install/can_msgs/share/can_msgs/cmake)
[0.759s] -- Found radar_conti_ars408_msgs: 0.0.0 (/home/offroad/radar_ws/install/radar_conti_ars408_msgs/share/radar_conti_ars408_msgs/cmake)
[0.788s] -- Found visualization_msgs: 2.0.5 (/opt/ros/foxy/share/visualization_msgs/cmake)
[0.851s] -- Found tf2_ros: 0.13.13 (/opt/ros/foxy/share/tf2_ros/cmake)
[1.107s] -- Found ros2socketcan_bridge: 0.0.0 (/home/offroad/radar_ws/install/ros2socketcan_bridge/share/ros2socketcan_bridge/cmake)
[1.262s] -- Configuring done
[1.305s] -- Generating done
[1.307s] -- Build files have been written to: /home/offroad/radar_ws/build/radar_conti_ars408
[1.329s] [35m[1mScanning dependencies of target talker[0m
[1.329s] [35m[1mScanning dependencies of target listener[0m
[1.331s] [35m[1mScanning dependencies of target radar_conti_ars408_component[0m
[1.363s] [ 25%] [32mBuilding CXX object CMakeFiles/listener.dir/src/subscriber_member_function.cpp.o[0m
[1.363s] [ 25%] [32mBuilding CXX object CMakeFiles/talker.dir/src/publisher_member_function.cpp.o[0m
[1.374s] [ 37%] [32mBuilding CXX object CMakeFiles/radar_conti_ars408_component.dir/src/radar_conti_ars408_component.cpp.o[0m
[1.430s] In file included from [01m[K/home/offroad/radar_ws/src/radar_conti_ars408/src/src/../include/radar_conti_ars408_component.hpp:24[m[K,
[1.430s]                  from [01m[K/home/offroad/radar_ws/src/radar_conti_ars408/src/src/radar_conti_ars408_component.cpp:14[m[K:
[1.430s] [01m[K/home/offroad/radar_ws/src/radar_conti_ars408/src/src/../include/visibility_control.h:43:[m[K [01;35m[Kwarning: [m[K"RADAR_CONTI_ARS408_RADAR_CONTI_ARS408" redefined
[1.430s]    43 |   #define RADAR_CONTI_ARS408_RADAR_CONTI_ARS408
[1.430s]       | 
[1.430s] [01m[K/home/offroad/radar_ws/src/radar_conti_ars408/src/src/../include/visibility_control.h:42:[m[K [01;36m[Knote: [m[Kthis is the location of the previous definition
[1.430s]    42 |   #define RADAR_CONTI_ARS408_RADAR_CONTI_ARS408 __attribute__ ((visibility("default")))
[1.430s]       | 
[3.512s] [01m[K/home/offroad/radar_ws/src/radar_conti_ars408/src/src/radar_conti_ars408_component.cpp:[m[K In member function ‘[01m[Kvirtual rclcpp_lifecycle::node_interfaces::LifecycleNodeInterface::CallbackReturn FHAC::radar_conti_ars408::on_shutdown(const rclcpp_lifecycle::State&)[m[K’:
[3.512s] [01m[K/home/offroad/radar_ws/src/radar_conti_ars408/src/src/radar_conti_ars408_component.cpp:68:34:[m[K [01;35m[Kwarning: [m[Kunused parameter ‘[01m[Kprevious_state[m[K’ [[01;35m[K-Wunused-parameter[m[K]
[3.513s]    68 |   [01;35m[Kconst rclcpp_lifecycle::State& previous_state[m[K)
[3.513s]       |   [01;35m[K~~~~~~~~~~~~~~~~~~~~~~~~~~~~~~~^~~~~~~~~~~~~~[m[K
[3.513s] [01m[K/home/offroad/radar_ws/src/radar_conti_ars408/src/src/radar_conti_ars408_component.cpp:[m[K In member function ‘[01m[Kvirtual rclcpp_lifecycle::node_interfaces::LifecycleNodeInterface::CallbackReturn FHAC::radar_conti_ars408::on_error(const rclcpp_lifecycle::State&)[m[K’:
[3.513s] [01m[K/home/offroad/radar_ws/src/radar_conti_ars408/src/src/radar_conti_ars408_component.cpp:76:36:[m[K [01;35m[Kwarning: [m[Kunused parameter ‘[01m[Kprevious_state[m[K’ [[01;35m[K-Wunused-parameter[m[K]
[3.513s]    76 |     [01;35m[Kconst rclcpp_lifecycle::State& previous_state[m[K)
[3.513s]       |     [01;35m[K~~~~~~~~~~~~~~~~~~~~~~~~~~~~~~~^~~~~~~~~~~~~~[m[K
[4.863s] [ 50%] [32m[1mLinking CXX executable talker[0m
[4.982s] [ 50%] Built target talker
[6.754s] [ 62%] [32m[1mLinking CXX executable listener[0m
[6.877s] [ 62%] Built target listener
[9.543s] [ 75%] [32m[1mLinking CXX shared library libradar_conti_ars408_component.so[0m
[9.714s] [ 75%] Built target radar_conti_ars408_component
[9.743s] [ 87%] [32m[1mLinking CXX executable radar_conti_ars408_composition[0m
[9.887s] [100%] Built target radar_conti_ars408_composition
[9.897s] Invoked command in '/home/offroad/radar_ws/build/radar_conti_ars408' returned '0': CMAKE_PREFIX_PATH=/home/offroad/radar_ws/install/ros2socketcan_bridge:/home/offroad/radar_ws/install/radar_conti_ars408_msgs:/home/offroad/radar_ws/install/can_msgs:/home/offroad/radar_ws/install/radar_conti_ars408:/home/offroad/radar_ws/install/cpp_pubsub:/opt/ros/foxy LD_LIBRARY_PATH=/home/offroad/radar_ws/install/radar_conti_ars408_msgs/lib:/home/offroad/radar_ws/install/can_msgs/lib:/home/offroad/radar_ws/install/radar_conti_ars408/lib:/usr/lib/x86_64-linux-gnu/gazebo-11/plugins:/opt/ros/foxy/opt/yaml_cpp_vendor/lib:/opt/ros/foxy/opt/rviz_ogre_vendor/lib:/opt/ros/foxy/lib/x86_64-linux-gnu:/opt/ros/foxy/lib /usr/bin/cmake --build /home/offroad/radar_ws/build/radar_conti_ars408 -- -j12 -l12
[9.924s] Invoking command in '/home/offroad/radar_ws/build/radar_conti_ars408': CMAKE_PREFIX_PATH=/home/offroad/radar_ws/install/ros2socketcan_bridge:/home/offroad/radar_ws/install/radar_conti_ars408_msgs:/home/offroad/radar_ws/install/can_msgs:/home/offroad/radar_ws/install/radar_conti_ars408:/home/offroad/radar_ws/install/cpp_pubsub:/opt/ros/foxy LD_LIBRARY_PATH=/home/offroad/radar_ws/install/radar_conti_ars408_msgs/lib:/home/offroad/radar_ws/install/can_msgs/lib:/home/offroad/radar_ws/install/radar_conti_ars408/lib:/usr/lib/x86_64-linux-gnu/gazebo-11/plugins:/opt/ros/foxy/opt/yaml_cpp_vendor/lib:/opt/ros/foxy/opt/rviz_ogre_vendor/lib:/opt/ros/foxy/lib/x86_64-linux-gnu:/opt/ros/foxy/lib /usr/bin/cmake --install /home/offroad/radar_ws/build/radar_conti_ars408
[9.931s] -- Install configuration: "Release"
[9.931s] -- Up-to-date: /home/offroad/radar_ws/install/radar_conti_ars408/share/radar_conti_ars408/environment/library_path.sh
[9.931s] -- Installing: /home/offroad/radar_ws/install/radar_conti_ars408/share/radar_conti_ars408/environment/library_path.dsv
[9.931s] -- Installing: /home/offroad/radar_ws/install/radar_conti_ars408/lib/radar_conti_ars408/talker
[9.931s] -- Set runtime path of "/home/offroad/radar_ws/install/radar_conti_ars408/lib/radar_conti_ars408/talker" to ""
[9.931s] -- Up-to-date: /home/offroad/radar_ws/install/radar_conti_ars408/lib/radar_conti_ars408/talker
[9.932s] -- Installing: /home/offroad/radar_ws/install/radar_conti_ars408/lib/radar_conti_ars408/listener
[9.932s] -- Set runtime path of "/home/offroad/radar_ws/install/radar_conti_ars408/lib/radar_conti_ars408/listener" to ""
[9.933s] -- Installing: /home/offroad/radar_ws/install/radar_conti_ars408/lib/radar_conti_ars408/radar_conti_ars408_composition
[9.933s] -- Set runtime path of "/home/offroad/radar_ws/install/radar_conti_ars408/lib/radar_conti_ars408/radar_conti_ars408_composition" to ""
[9.933s] -- Installing: /home/offroad/radar_ws/install/radar_conti_ars408/lib/libradar_conti_ars408_component.so
[9.934s] -- Set runtime path of "/home/offroad/radar_ws/install/radar_conti_ars408/lib/libradar_conti_ars408_component.so" to ""
[9.934s] -- Up-to-date: /home/offroad/radar_ws/install/radar_conti_ars408/include/radar_conti_ars408/
[9.934s] -- Up-to-date: /home/offroad/radar_ws/install/radar_conti_ars408/include/radar_conti_ars408//visibility_control.h
[9.935s] -- Up-to-date: /home/offroad/radar_ws/install/radar_conti_ars408/include/radar_conti_ars408//radar_conti_ars408_component.hpp
[9.935s] -- Up-to-date: /home/offroad/radar_ws/install/radar_conti_ars408/include/radar_conti_ars408//ars_408_can_defines.h
[9.935s] -- Up-to-date: /home/offroad/radar_ws/install/radar_conti_ars408/share/radar_conti_ars408/resources
[9.935s] -- Up-to-date: /home/offroad/radar_ws/install/radar_conti_ars408/share/radar_conti_ars408/resources/low_poly_911.dae
[9.935s] -- Up-to-date: /home/offroad/radar_ws/install/radar_conti_ars408/share/radar_conti_ars408/launch
[9.935s] -- Up-to-date: /home/offroad/radar_ws/install/radar_conti_ars408/share/radar_conti_ars408/launch/radar.launch.py
[9.935s] -- Up-to-date: /home/offroad/radar_ws/install/radar_conti_ars408/share/ament_index/resource_index/package_run_dependencies/radar_conti_ars408
[9.935s] -- Installing: /home/offroad/radar_ws/install/radar_conti_ars408/share/ament_index/resource_index/parent_prefix_path/radar_conti_ars408
[9.935s] -- Up-to-date: /home/offroad/radar_ws/install/radar_conti_ars408/share/radar_conti_ars408/environment/ament_prefix_path.sh
[9.935s] -- Installing: /home/offroad/radar_ws/install/radar_conti_ars408/share/radar_conti_ars408/environment/ament_prefix_path.dsv
[9.935s] -- Up-to-date: /home/offroad/radar_ws/install/radar_conti_ars408/share/radar_conti_ars408/environment/path.sh
[9.936s] -- Installing: /home/offroad/radar_ws/install/radar_conti_ars408/share/radar_conti_ars408/environment/path.dsv
[9.936s] -- Up-to-date: /home/offroad/radar_ws/install/radar_conti_ars408/share/radar_conti_ars408/local_setup.bash
[9.936s] -- Up-to-date: /home/offroad/radar_ws/install/radar_conti_ars408/share/radar_conti_ars408/local_setup.sh
[9.936s] -- Up-to-date: /home/offroad/radar_ws/install/radar_conti_ars408/share/radar_conti_ars408/local_setup.zsh
[9.936s] -- Installing: /home/offroad/radar_ws/install/radar_conti_ars408/share/radar_conti_ars408/local_setup.dsv
[9.936s] -- Installing: /home/offroad/radar_ws/install/radar_conti_ars408/share/radar_conti_ars408/package.dsv
[9.936s] -- Up-to-date: /home/offroad/radar_ws/install/radar_conti_ars408/share/ament_index/resource_index/packages/radar_conti_ars408
[9.936s] -- Up-to-date: /home/offroad/radar_ws/install/radar_conti_ars408/share/ament_index/resource_index/rclcpp_components/radar_conti_ars408
[9.936s] -- Up-to-date: /home/offroad/radar_ws/install/radar_conti_ars408/share/radar_conti_ars408/cmake/radar_conti_ars408Config.cmake
[9.936s] -- Up-to-date: /home/offroad/radar_ws/install/radar_conti_ars408/share/radar_conti_ars408/cmake/radar_conti_ars408Config-version.cmake
[9.936s] -- Installing: /home/offroad/radar_ws/install/radar_conti_ars408/share/radar_conti_ars408/package.xml
[9.938s] Invoked command in '/home/offroad/radar_ws/build/radar_conti_ars408' returned '0': CMAKE_PREFIX_PATH=/home/offroad/radar_ws/install/ros2socketcan_bridge:/home/offroad/radar_ws/install/radar_conti_ars408_msgs:/home/offroad/radar_ws/install/can_msgs:/home/offroad/radar_ws/install/radar_conti_ars408:/home/offroad/radar_ws/install/cpp_pubsub:/opt/ros/foxy LD_LIBRARY_PATH=/home/offroad/radar_ws/install/radar_conti_ars408_msgs/lib:/home/offroad/radar_ws/install/can_msgs/lib:/home/offroad/radar_ws/install/radar_conti_ars408/lib:/usr/lib/x86_64-linux-gnu/gazebo-11/plugins:/opt/ros/foxy/opt/yaml_cpp_vendor/lib:/opt/ros/foxy/opt/rviz_ogre_vendor/lib:/opt/ros/foxy/lib/x86_64-linux-gnu:/opt/ros/foxy/lib /usr/bin/cmake --install /home/offroad/radar_ws/build/radar_conti_ars408
