[0.103s] DEBUG:colcon:Command line arguments: ['/usr/bin/colcon', 'build']
[0.104s] DEBUG:colcon:Parsed command line arguments: Namespace(allow_overriding=[], ament_cmake_args=None, base_paths=['.'], build_base='build', catkin_cmake_args=None, catkin_skip_building_tests=False, cmake_args=None, cmake_clean_cache=False, cmake_clean_first=False, cmake_force_configure=False, cmake_target=None, cmake_target_skip_unavailable=False, continue_on_error=False, event_handlers=None, executor='parallel', ignore_user_meta=False, install_base='install', log_base=None, log_level=None, main=<bound method BuildVerb.main of <colcon_core.verb.build.BuildVerb object at 0x7fac9863cac0>>, merge_install=False, metas=['./colcon.meta'], packages_above=None, packages_above_and_dependencies=None, packages_above_depth=None, packages_end=None, packages_ignore=None, packages_ignore_regex=None, packages_select=None, packages_select_build_failed=False, packages_select_by_dep=None, packages_select_regex=None, packages_select_test_failures=False, packages_skip=None, packages_skip_build_finished=False, packages_skip_by_dep=None, packages_skip_regex=None, packages_skip_test_passed=False, packages_skip_up_to=None, packages_start=None, packages_up_to=None, packages_up_to_regex=None, parallel_workers=12, paths=None, symlink_install=False, test_result_base=None, verb_extension=<colcon_core.verb.build.BuildVerb object at 0x7fac9863cac0>, verb_name='build', verb_parser=<colcon_defaults.argument_parser.defaults.DefaultArgumentsDecorator object at 0x7fac985c4070>)
[0.122s] Level 1:colcon.colcon_core.package_discovery:discover_packages(colcon_meta) check parameters
[0.122s] Level 1:colcon.colcon_core.package_discovery:discover_packages(recursive) check parameters
[0.122s] Level 1:colcon.colcon_core.package_discovery:discover_packages(ignore) check parameters
[0.122s] Level 1:colcon.colcon_core.package_discovery:discover_packages(path) check parameters
[0.122s] Level 1:colcon.colcon_core.package_discovery:discover_packages(colcon_meta) discover
[0.122s] Level 1:colcon.colcon_core.package_discovery:discover_packages(recursive) discover
[0.122s] INFO:colcon.colcon_core.package_discovery:Crawling recursively for packages in '/home/offroad/radar_ws'
[0.123s] Level 1:colcon.colcon_core.package_identification:_identify(.) by extensions ['ignore', 'ignore_ament_install']
[0.123s] Level 1:colcon.colcon_core.package_identification:_identify(.) by extension 'ignore'
[0.123s] Level 1:colcon.colcon_core.package_identification:_identify(.) by extension 'ignore_ament_install'
[0.123s] Level 1:colcon.colcon_core.package_identification:_identify(.) by extensions ['colcon_pkg']
[0.123s] Level 1:colcon.colcon_core.package_identification:_identify(.) by extension 'colcon_pkg'
[0.123s] Level 1:colcon.colcon_core.package_identification:_identify(.) by extensions ['colcon_meta']
[0.123s] Level 1:colcon.colcon_core.package_identification:_identify(.) by extension 'colcon_meta'
[0.123s] Level 1:colcon.colcon_core.package_identification:_identify(.) by extensions ['ros']
[0.123s] Level 1:colcon.colcon_core.package_identification:_identify(.) by extension 'ros'
[0.132s] Level 1:colcon.colcon_core.package_identification:_identify(.) by extensions ['cmake', 'python']
[0.132s] Level 1:colcon.colcon_core.package_identification:_identify(.) by extension 'cmake'
[0.132s] Level 1:colcon.colcon_core.package_identification:_identify(.) by extension 'python'
[0.132s] Level 1:colcon.colcon_core.package_identification:_identify(.) by extensions ['python_setup_py']
[0.132s] Level 1:colcon.colcon_core.package_identification:_identify(.) by extension 'python_setup_py'
[0.132s] Level 1:colcon.colcon_core.package_identification:_identify(build) by extensions ['ignore', 'ignore_ament_install']
[0.132s] Level 1:colcon.colcon_core.package_identification:_identify(build) by extension 'ignore'
[0.132s] Level 1:colcon.colcon_core.package_identification:_identify(build) ignored
[0.132s] Level 1:colcon.colcon_core.package_identification:_identify(install) by extensions ['ignore', 'ignore_ament_install']
[0.133s] Level 1:colcon.colcon_core.package_identification:_identify(install) by extension 'ignore'
[0.133s] Level 1:colcon.colcon_core.package_identification:_identify(install) ignored
[0.133s] Level 1:colcon.colcon_core.package_identification:_identify(log) by extensions ['ignore', 'ignore_ament_install']
[0.133s] Level 1:colcon.colcon_core.package_identification:_identify(log) by extension 'ignore'
[0.133s] Level 1:colcon.colcon_core.package_identification:_identify(log) ignored
[0.133s] Level 1:colcon.colcon_core.package_identification:_identify(src) by extensions ['ignore', 'ignore_ament_install']
[0.133s] Level 1:colcon.colcon_core.package_identification:_identify(src) by extension 'ignore'
[0.133s] Level 1:colcon.colcon_core.package_identification:_identify(src) by extension 'ignore_ament_install'
[0.133s] Level 1:colcon.colcon_core.package_identification:_identify(src) by extensions ['colcon_pkg']
[0.133s] Level 1:colcon.colcon_core.package_identification:_identify(src) by extension 'colcon_pkg'
[0.133s] Level 1:colcon.colcon_core.package_identification:_identify(src) by extensions ['colcon_meta']
[0.133s] Level 1:colcon.colcon_core.package_identification:_identify(src) by extension 'colcon_meta'
[0.133s] Level 1:colcon.colcon_core.package_identification:_identify(src) by extensions ['ros']
[0.133s] Level 1:colcon.colcon_core.package_identification:_identify(src) by extension 'ros'
[0.133s] Level 1:colcon.colcon_core.package_identification:_identify(src) by extensions ['cmake', 'python']
[0.133s] Level 1:colcon.colcon_core.package_identification:_identify(src) by extension 'cmake'
[0.133s] Level 1:colcon.colcon_core.package_identification:_identify(src) by extension 'python'
[0.134s] Level 1:colcon.colcon_core.package_identification:_identify(src) by extensions ['python_setup_py']
[0.134s] Level 1:colcon.colcon_core.package_identification:_identify(src) by extension 'python_setup_py'
[0.134s] Level 1:colcon.colcon_core.package_identification:_identify(src/CAN_Recording) by extensions ['ignore', 'ignore_ament_install']
[0.134s] Level 1:colcon.colcon_core.package_identification:_identify(src/CAN_Recording) by extension 'ignore'
[0.134s] Level 1:colcon.colcon_core.package_identification:_identify(src/CAN_Recording) by extension 'ignore_ament_install'
[0.134s] Level 1:colcon.colcon_core.package_identification:_identify(src/CAN_Recording) by extensions ['colcon_pkg']
[0.134s] Level 1:colcon.colcon_core.package_identification:_identify(src/CAN_Recording) by extension 'colcon_pkg'
[0.134s] Level 1:colcon.colcon_core.package_identification:_identify(src/CAN_Recording) by extensions ['colcon_meta']
[0.134s] Level 1:colcon.colcon_core.package_identification:_identify(src/CAN_Recording) by extension 'colcon_meta'
[0.134s] Level 1:colcon.colcon_core.package_identification:_identify(src/CAN_Recording) by extensions ['ros']
[0.134s] Level 1:colcon.colcon_core.package_identification:_identify(src/CAN_Recording) by extension 'ros'
[0.134s] Level 1:colcon.colcon_core.package_identification:_identify(src/CAN_Recording) by extensions ['cmake', 'python']
[0.134s] Level 1:colcon.colcon_core.package_identification:_identify(src/CAN_Recording) by extension 'cmake'
[0.134s] Level 1:colcon.colcon_core.package_identification:_identify(src/CAN_Recording) by extension 'python'
[0.134s] Level 1:colcon.colcon_core.package_identification:_identify(src/CAN_Recording) by extensions ['python_setup_py']
[0.134s] Level 1:colcon.colcon_core.package_identification:_identify(src/CAN_Recording) by extension 'python_setup_py'
[0.134s] Level 1:colcon.colcon_core.package_identification:_identify(src/radar_conti_ars408) by extensions ['ignore', 'ignore_ament_install']
[0.134s] Level 1:colcon.colcon_core.package_identification:_identify(src/radar_conti_ars408) by extension 'ignore'
[0.134s] Level 1:colcon.colcon_core.package_identification:_identify(src/radar_conti_ars408) by extension 'ignore_ament_install'
[0.134s] Level 1:colcon.colcon_core.package_identification:_identify(src/radar_conti_ars408) by extensions ['colcon_pkg']
[0.134s] Level 1:colcon.colcon_core.package_identification:_identify(src/radar_conti_ars408) by extension 'colcon_pkg'
[0.135s] Level 1:colcon.colcon_core.package_identification:_identify(src/radar_conti_ars408) by extensions ['colcon_meta']
[0.135s] Level 1:colcon.colcon_core.package_identification:_identify(src/radar_conti_ars408) by extension 'colcon_meta'
[0.135s] Level 1:colcon.colcon_core.package_identification:_identify(src/radar_conti_ars408) by extensions ['ros']
[0.135s] Level 1:colcon.colcon_core.package_identification:_identify(src/radar_conti_ars408) by extension 'ros'
[0.135s] Level 1:colcon.colcon_core.package_identification:_identify(src/radar_conti_ars408) by extensions ['cmake', 'python']
[0.135s] Level 1:colcon.colcon_core.package_identification:_identify(src/radar_conti_ars408) by extension 'cmake'
[0.135s] Level 1:colcon.colcon_core.package_identification:_identify(src/radar_conti_ars408) by extension 'python'
[0.135s] Level 1:colcon.colcon_core.package_identification:_identify(src/radar_conti_ars408) by extensions ['python_setup_py']
[0.135s] Level 1:colcon.colcon_core.package_identification:_identify(src/radar_conti_ars408) by extension 'python_setup_py'
[0.135s] Level 1:colcon.colcon_core.package_identification:_identify(src/radar_conti_ars408/src) by extensions ['ignore', 'ignore_ament_install']
[0.135s] Level 1:colcon.colcon_core.package_identification:_identify(src/radar_conti_ars408/src) by extension 'ignore'
[0.135s] Level 1:colcon.colcon_core.package_identification:_identify(src/radar_conti_ars408/src) by extension 'ignore_ament_install'
[0.135s] Level 1:colcon.colcon_core.package_identification:_identify(src/radar_conti_ars408/src) by extensions ['colcon_pkg']
[0.135s] Level 1:colcon.colcon_core.package_identification:_identify(src/radar_conti_ars408/src) by extension 'colcon_pkg'
[0.135s] Level 1:colcon.colcon_core.package_identification:_identify(src/radar_conti_ars408/src) by extensions ['colcon_meta']
[0.135s] Level 1:colcon.colcon_core.package_identification:_identify(src/radar_conti_ars408/src) by extension 'colcon_meta'
[0.135s] Level 1:colcon.colcon_core.package_identification:_identify(src/radar_conti_ars408/src) by extensions ['ros']
[0.135s] Level 1:colcon.colcon_core.package_identification:_identify(src/radar_conti_ars408/src) by extension 'ros'
[0.138s] DEBUG:colcon.colcon_core.package_identification:Package 'src/radar_conti_ars408/src' with type 'ros.ament_cmake' and name 'radar_conti_ars408'
[0.138s] Level 1:colcon.colcon_core.package_identification:_identify(src/radar_conti_ars408_msgs) by extensions ['ignore', 'ignore_ament_install']
[0.138s] Level 1:colcon.colcon_core.package_identification:_identify(src/radar_conti_ars408_msgs) by extension 'ignore'
[0.138s] Level 1:colcon.colcon_core.package_identification:_identify(src/radar_conti_ars408_msgs) by extension 'ignore_ament_install'
[0.138s] Level 1:colcon.colcon_core.package_identification:_identify(src/radar_conti_ars408_msgs) by extensions ['colcon_pkg']
[0.138s] Level 1:colcon.colcon_core.package_identification:_identify(src/radar_conti_ars408_msgs) by extension 'colcon_pkg'
[0.138s] Level 1:colcon.colcon_core.package_identification:_identify(src/radar_conti_ars408_msgs) by extensions ['colcon_meta']
[0.138s] Level 1:colcon.colcon_core.package_identification:_identify(src/radar_conti_ars408_msgs) by extension 'colcon_meta'
[0.139s] Level 1:colcon.colcon_core.package_identification:_identify(src/radar_conti_ars408_msgs) by extensions ['ros']
[0.139s] Level 1:colcon.colcon_core.package_identification:_identify(src/radar_conti_ars408_msgs) by extension 'ros'
[0.139s] DEBUG:colcon.colcon_core.package_identification:Package 'src/radar_conti_ars408_msgs' with type 'ros.ament_cmake' and name 'radar_conti_ars408_msgs'
[0.139s] Level 1:colcon.colcon_core.package_identification:_identify(src/ros2_socketcan_bridge) by extensions ['ignore', 'ignore_ament_install']
[0.139s] Level 1:colcon.colcon_core.package_identification:_identify(src/ros2_socketcan_bridge) by extension 'ignore'
[0.139s] Level 1:colcon.colcon_core.package_identification:_identify(src/ros2_socketcan_bridge) by extension 'ignore_ament_install'
[0.139s] Level 1:colcon.colcon_core.package_identification:_identify(src/ros2_socketcan_bridge) by extensions ['colcon_pkg']
[0.139s] Level 1:colcon.colcon_core.package_identification:_identify(src/ros2_socketcan_bridge) by extension 'colcon_pkg'
[0.139s] Level 1:colcon.colcon_core.package_identification:_identify(src/ros2_socketcan_bridge) by extensions ['colcon_meta']
[0.139s] Level 1:colcon.colcon_core.package_identification:_identify(src/ros2_socketcan_bridge) by extension 'colcon_meta'
[0.139s] Level 1:colcon.colcon_core.package_identification:_identify(src/ros2_socketcan_bridge) by extensions ['ros']
[0.139s] Level 1:colcon.colcon_core.package_identification:_identify(src/ros2_socketcan_bridge) by extension 'ros'
[0.140s] Level 1:colcon.colcon_core.package_identification:_identify(src/ros2_socketcan_bridge) by extensions ['cmake', 'python']
[0.140s] Level 1:colcon.colcon_core.package_identification:_identify(src/ros2_socketcan_bridge) by extension 'cmake'
[0.140s] Level 1:colcon.colcon_core.package_identification:_identify(src/ros2_socketcan_bridge) by extension 'python'
[0.140s] Level 1:colcon.colcon_core.package_identification:_identify(src/ros2_socketcan_bridge) by extensions ['python_setup_py']
[0.140s] Level 1:colcon.colcon_core.package_identification:_identify(src/ros2_socketcan_bridge) by extension 'python_setup_py'
[0.140s] Level 1:colcon.colcon_core.package_identification:_identify(src/ros2_socketcan_bridge/can_msgs) by extensions ['ignore', 'ignore_ament_install']
[0.140s] Level 1:colcon.colcon_core.package_identification:_identify(src/ros2_socketcan_bridge/can_msgs) by extension 'ignore'
[0.140s] Level 1:colcon.colcon_core.package_identification:_identify(src/ros2_socketcan_bridge/can_msgs) by extension 'ignore_ament_install'
[0.140s] Level 1:colcon.colcon_core.package_identification:_identify(src/ros2_socketcan_bridge/can_msgs) by extensions ['colcon_pkg']
[0.140s] Level 1:colcon.colcon_core.package_identification:_identify(src/ros2_socketcan_bridge/can_msgs) by extension 'colcon_pkg'
[0.140s] Level 1:colcon.colcon_core.package_identification:_identify(src/ros2_socketcan_bridge/can_msgs) by extensions ['colcon_meta']
[0.140s] Level 1:colcon.colcon_core.package_identification:_identify(src/ros2_socketcan_bridge/can_msgs) by extension 'colcon_meta'
[0.140s] Level 1:colcon.colcon_core.package_identification:_identify(src/ros2_socketcan_bridge/can_msgs) by extensions ['ros']
[0.140s] Level 1:colcon.colcon_core.package_identification:_identify(src/ros2_socketcan_bridge/can_msgs) by extension 'ros'
[0.140s] DEBUG:colcon.colcon_core.package_identification:Package 'src/ros2_socketcan_bridge/can_msgs' with type 'ros.ament_cmake' and name 'can_msgs'
[0.141s] Level 1:colcon.colcon_core.package_identification:_identify(src/ros2_socketcan_bridge/ros2socketcan_bridge) by extensions ['ignore', 'ignore_ament_install']
[0.141s] Level 1:colcon.colcon_core.package_identification:_identify(src/ros2_socketcan_bridge/ros2socketcan_bridge) by extension 'ignore'
[0.141s] Level 1:colcon.colcon_core.package_identification:_identify(src/ros2_socketcan_bridge/ros2socketcan_bridge) by extension 'ignore_ament_install'
[0.141s] Level 1:colcon.colcon_core.package_identification:_identify(src/ros2_socketcan_bridge/ros2socketcan_bridge) by extensions ['colcon_pkg']
[0.141s] Level 1:colcon.colcon_core.package_identification:_identify(src/ros2_socketcan_bridge/ros2socketcan_bridge) by extension 'colcon_pkg'
[0.141s] Level 1:colcon.colcon_core.package_identification:_identify(src/ros2_socketcan_bridge/ros2socketcan_bridge) by extensions ['colcon_meta']
[0.141s] Level 1:colcon.colcon_core.package_identification:_identify(src/ros2_socketcan_bridge/ros2socketcan_bridge) by extension 'colcon_meta'
[0.141s] Level 1:colcon.colcon_core.package_identification:_identify(src/ros2_socketcan_bridge/ros2socketcan_bridge) by extensions ['ros']
[0.141s] Level 1:colcon.colcon_core.package_identification:_identify(src/ros2_socketcan_bridge/ros2socketcan_bridge) by extension 'ros'
[0.141s] DEBUG:colcon.colcon_core.package_identification:Package 'src/ros2_socketcan_bridge/ros2socketcan_bridge' with type 'ros.ament_cmake' and name 'ros2socketcan_bridge'
[0.141s] Level 1:colcon.colcon_core.package_discovery:discover_packages(recursive) using defaults
[0.141s] Level 1:colcon.colcon_core.package_discovery:discover_packages(ignore) discover
[0.141s] Level 1:colcon.colcon_core.package_discovery:discover_packages(ignore) using defaults
[0.141s] Level 1:colcon.colcon_core.package_discovery:discover_packages(path) discover
[0.141s] Level 1:colcon.colcon_core.package_discovery:discover_packages(path) using defaults
[0.155s] Level 1:colcon.colcon_core.package_discovery:discover_packages(prefix_path) check parameters
[0.155s] Level 1:colcon.colcon_core.package_discovery:discover_packages(prefix_path) discover
[0.157s] DEBUG:colcon.colcon_installed_package_information.package_discovery:Found 4 installed packages in /home/offroad/radar_ws/install
[0.158s] DEBUG:colcon.colcon_installed_package_information.package_discovery:Found 303 installed packages in /opt/ros/foxy
[0.160s] Level 1:colcon.colcon_core.package_discovery:discover_packages(prefix_path) using defaults
[0.232s] Level 5:colcon.colcon_core.verb:set package 'can_msgs' build argument 'cmake_args' from command line to 'None'
[0.232s] Level 5:colcon.colcon_core.verb:set package 'can_msgs' build argument 'cmake_target' from command line to 'None'
[0.232s] Level 5:colcon.colcon_core.verb:set package 'can_msgs' build argument 'cmake_target_skip_unavailable' from command line to 'False'
[0.232s] Level 5:colcon.colcon_core.verb:set package 'can_msgs' build argument 'cmake_clean_cache' from command line to 'False'
[0.232s] Level 5:colcon.colcon_core.verb:set package 'can_msgs' build argument 'cmake_clean_first' from command line to 'False'
[0.232s] Level 5:colcon.colcon_core.verb:set package 'can_msgs' build argument 'cmake_force_configure' from command line to 'False'
[0.232s] Level 5:colcon.colcon_core.verb:set package 'can_msgs' build argument 'ament_cmake_args' from command line to 'None'
[0.232s] Level 5:colcon.colcon_core.verb:set package 'can_msgs' build argument 'catkin_cmake_args' from command line to 'None'
[0.232s] Level 5:colcon.colcon_core.verb:set package 'can_msgs' build argument 'catkin_skip_building_tests' from command line to 'False'
[0.232s] DEBUG:colcon.colcon_core.verb:Building package 'can_msgs' with the following arguments: {'ament_cmake_args': None, 'build_base': '/home/offroad/radar_ws/build/can_msgs', 'catkin_cmake_args': None, 'catkin_skip_building_tests': False, 'cmake_args': None, 'cmake_clean_cache': False, 'cmake_clean_first': False, 'cmake_force_configure': False, 'cmake_target': None, 'cmake_target_skip_unavailable': False, 'install_base': '/home/offroad/radar_ws/install/can_msgs', 'merge_install': False, 'path': '/home/offroad/radar_ws/src/ros2_socketcan_bridge/can_msgs', 'symlink_install': False, 'test_result_base': None}
[0.233s] Level 5:colcon.colcon_core.verb:set package 'radar_conti_ars408_msgs' build argument 'cmake_args' from command line to 'None'
[0.233s] Level 5:colcon.colcon_core.verb:set package 'radar_conti_ars408_msgs' build argument 'cmake_target' from command line to 'None'
[0.233s] Level 5:colcon.colcon_core.verb:set package 'radar_conti_ars408_msgs' build argument 'cmake_target_skip_unavailable' from command line to 'False'
[0.233s] Level 5:colcon.colcon_core.verb:set package 'radar_conti_ars408_msgs' build argument 'cmake_clean_cache' from command line to 'False'
[0.233s] Level 5:colcon.colcon_core.verb:set package 'radar_conti_ars408_msgs' build argument 'cmake_clean_first' from command line to 'False'
[0.233s] Level 5:colcon.colcon_core.verb:set package 'radar_conti_ars408_msgs' build argument 'cmake_force_configure' from command line to 'False'
[0.233s] Level 5:colcon.colcon_core.verb:set package 'radar_conti_ars408_msgs' build argument 'ament_cmake_args' from command line to 'None'
[0.233s] Level 5:colcon.colcon_core.verb:set package 'radar_conti_ars408_msgs' build argument 'catkin_cmake_args' from command line to 'None'
[0.233s] Level 5:colcon.colcon_core.verb:set package 'radar_conti_ars408_msgs' build argument 'catkin_skip_building_tests' from command line to 'False'
[0.233s] DEBUG:colcon.colcon_core.verb:Building package 'radar_conti_ars408_msgs' with the following arguments: {'ament_cmake_args': None, 'build_base': '/home/offroad/radar_ws/build/radar_conti_ars408_msgs', 'catkin_cmake_args': None, 'catkin_skip_building_tests': False, 'cmake_args': None, 'cmake_clean_cache': False, 'cmake_clean_first': False, 'cmake_force_configure': False, 'cmake_target': None, 'cmake_target_skip_unavailable': False, 'install_base': '/home/offroad/radar_ws/install/radar_conti_ars408_msgs', 'merge_install': False, 'path': '/home/offroad/radar_ws/src/radar_conti_ars408_msgs', 'symlink_install': False, 'test_result_base': None}
[0.234s] Level 5:colcon.colcon_core.verb:set package 'ros2socketcan_bridge' build argument 'cmake_args' from command line to 'None'
[0.234s] Level 5:colcon.colcon_core.verb:set package 'ros2socketcan_bridge' build argument 'cmake_target' from command line to 'None'
[0.234s] Level 5:colcon.colcon_core.verb:set package 'ros2socketcan_bridge' build argument 'cmake_target_skip_unavailable' from command line to 'False'
[0.234s] Level 5:colcon.colcon_core.verb:set package 'ros2socketcan_bridge' build argument 'cmake_clean_cache' from command line to 'False'
[0.234s] Level 5:colcon.colcon_core.verb:set package 'ros2socketcan_bridge' build argument 'cmake_clean_first' from command line to 'False'
[0.234s] Level 5:colcon.colcon_core.verb:set package 'ros2socketcan_bridge' build argument 'cmake_force_configure' from command line to 'False'
[0.234s] Level 5:colcon.colcon_core.verb:set package 'ros2socketcan_bridge' build argument 'ament_cmake_args' from command line to 'None'
[0.234s] Level 5:colcon.colcon_core.verb:set package 'ros2socketcan_bridge' build argument 'catkin_cmake_args' from command line to 'None'
[0.234s] Level 5:colcon.colcon_core.verb:set package 'ros2socketcan_bridge' build argument 'catkin_skip_building_tests' from command line to 'False'
[0.234s] DEBUG:colcon.colcon_core.verb:Building package 'ros2socketcan_bridge' with the following arguments: {'ament_cmake_args': None, 'build_base': '/home/offroad/radar_ws/build/ros2socketcan_bridge', 'catkin_cmake_args': None, 'catkin_skip_building_tests': False, 'cmake_args': None, 'cmake_clean_cache': False, 'cmake_clean_first': False, 'cmake_force_configure': False, 'cmake_target': None, 'cmake_target_skip_unavailable': False, 'install_base': '/home/offroad/radar_ws/install/ros2socketcan_bridge', 'merge_install': False, 'path': '/home/offroad/radar_ws/src/ros2_socketcan_bridge/ros2socketcan_bridge', 'symlink_install': False, 'test_result_base': None}
[0.234s] Level 5:colcon.colcon_core.verb:set package 'radar_conti_ars408' build argument 'cmake_args' from command line to 'None'
[0.234s] Level 5:colcon.colcon_core.verb:set package 'radar_conti_ars408' build argument 'cmake_target' from command line to 'None'
[0.234s] Level 5:colcon.colcon_core.verb:set package 'radar_conti_ars408' build argument 'cmake_target_skip_unavailable' from command line to 'False'
[0.234s] Level 5:colcon.colcon_core.verb:set package 'radar_conti_ars408' build argument 'cmake_clean_cache' from command line to 'False'
[0.234s] Level 5:colcon.colcon_core.verb:set package 'radar_conti_ars408' build argument 'cmake_clean_first' from command line to 'False'
[0.234s] Level 5:colcon.colcon_core.verb:set package 'radar_conti_ars408' build argument 'cmake_force_configure' from command line to 'False'
[0.234s] Level 5:colcon.colcon_core.verb:set package 'radar_conti_ars408' build argument 'ament_cmake_args' from command line to 'None'
[0.234s] Level 5:colcon.colcon_core.verb:set package 'radar_conti_ars408' build argument 'catkin_cmake_args' from command line to 'None'
[0.235s] Level 5:colcon.colcon_core.verb:set package 'radar_conti_ars408' build argument 'catkin_skip_building_tests' from command line to 'False'
[0.235s] DEBUG:colcon.colcon_core.verb:Building package 'radar_conti_ars408' with the following arguments: {'ament_cmake_args': None, 'build_base': '/home/offroad/radar_ws/build/radar_conti_ars408', 'catkin_cmake_args': None, 'catkin_skip_building_tests': False, 'cmake_args': None, 'cmake_clean_cache': False, 'cmake_clean_first': False, 'cmake_force_configure': False, 'cmake_target': None, 'cmake_target_skip_unavailable': False, 'install_base': '/home/offroad/radar_ws/install/radar_conti_ars408', 'merge_install': False, 'path': '/home/offroad/radar_ws/src/radar_conti_ars408/src', 'symlink_install': False, 'test_result_base': None}
[0.235s] INFO:colcon.colcon_core.executor:Executing jobs using 'parallel' executor
[0.237s] DEBUG:colcon.colcon_parallel_executor.executor.parallel:run_until_complete
[0.237s] INFO:colcon.colcon_ros.task.ament_cmake.build:Building ROS package in '/home/offroad/radar_ws/src/ros2_socketcan_bridge/can_msgs' with build type 'ament_cmake'
[0.237s] INFO:colcon.colcon_cmake.task.cmake.build:Building CMake package in '/home/offroad/radar_ws/src/ros2_socketcan_bridge/can_msgs'
[0.239s] INFO:colcon.colcon_core.plugin_system:Skipping extension 'colcon_core.shell.bat': Not used on non-Windows systems
[0.239s] INFO:colcon.colcon_core.shell:Skip shell extension 'powershell' for command environment: Not usable outside of PowerShell
[0.239s] DEBUG:colcon.colcon_core.shell:Skip shell extension 'dsv' for command environment
[0.244s] INFO:colcon.colcon_ros.task.ament_cmake.build:Building ROS package in '/home/offroad/radar_ws/src/radar_conti_ars408_msgs' with build type 'ament_cmake'
[0.244s] INFO:colcon.colcon_cmake.task.cmake.build:Building CMake package in '/home/offroad/radar_ws/src/radar_conti_ars408_msgs'
[0.245s] INFO:colcon.colcon_core.shell:Skip shell extension 'powershell' for command environment: Not usable outside of PowerShell
[0.245s] DEBUG:colcon.colcon_core.shell:Skip shell extension 'dsv' for command environment
[0.252s] DEBUG:colcon.colcon_core.event_handler.log_command:Invoking command in '/home/offroad/radar_ws/build/can_msgs': CMAKE_PREFIX_PATH=${CMAKE_PREFIX_PATH}:/opt/ros/foxy /usr/bin/cmake --build /home/offroad/radar_ws/build/can_msgs -- -j12 -l12
[0.261s] DEBUG:colcon.colcon_core.event_handler.log_command:Invoking command in '/home/offroad/radar_ws/build/radar_conti_ars408_msgs': CMAKE_PREFIX_PATH=${CMAKE_PREFIX_PATH}:/opt/ros/foxy /usr/bin/cmake --build /home/offroad/radar_ws/build/radar_conti_ars408_msgs -- -j12 -l12
[0.443s] DEBUG:colcon.colcon_core.event_handler.log_command:Invoked command in '/home/offroad/radar_ws/build/can_msgs' returned '0': CMAKE_PREFIX_PATH=${CMAKE_PREFIX_PATH}:/opt/ros/foxy /usr/bin/cmake --build /home/offroad/radar_ws/build/can_msgs -- -j12 -l12
[0.485s] DEBUG:colcon.colcon_core.event_handler.log_command:Invoked command in '/home/offroad/radar_ws/build/radar_conti_ars408_msgs' returned '0': CMAKE_PREFIX_PATH=${CMAKE_PREFIX_PATH}:/opt/ros/foxy /usr/bin/cmake --build /home/offroad/radar_ws/build/radar_conti_ars408_msgs -- -j12 -l12
[0.498s] DEBUG:colcon.colcon_core.event_handler.log_command:Invoking command in '/home/offroad/radar_ws/build/can_msgs': CMAKE_PREFIX_PATH=${CMAKE_PREFIX_PATH}:/opt/ros/foxy /usr/bin/cmake --install /home/offroad/radar_ws/build/can_msgs
[0.544s] Level 1:colcon.colcon_core.environment:create_environment_scripts_only(can_msgs)
[0.546s] DEBUG:colcon.colcon_core.event_handler.log_command:Invoked command in '/home/offroad/radar_ws/build/can_msgs' returned '0': CMAKE_PREFIX_PATH=${CMAKE_PREFIX_PATH}:/opt/ros/foxy /usr/bin/cmake --install /home/offroad/radar_ws/build/can_msgs
[0.549s] Level 1:colcon.colcon_core.environment:checking '/home/offroad/radar_ws/install/can_msgs' for CMake module files
[0.549s] Level 1:colcon.colcon_core.environment:checking '/home/offroad/radar_ws/install/can_msgs' for CMake config files
[0.549s] Level 1:colcon.colcon_core.shell:create_environment_hook('can_msgs', 'cmake_prefix_path')
[0.550s] INFO:colcon.colcon_core.shell:Creating environment hook '/home/offroad/radar_ws/install/can_msgs/share/can_msgs/hook/cmake_prefix_path.ps1'
[0.550s] INFO:colcon.colcon_core.shell:Creating environment descriptor '/home/offroad/radar_ws/install/can_msgs/share/can_msgs/hook/cmake_prefix_path.dsv'
[0.551s] INFO:colcon.colcon_core.shell:Creating environment hook '/home/offroad/radar_ws/install/can_msgs/share/can_msgs/hook/cmake_prefix_path.sh'
[0.552s] Level 1:colcon.colcon_core.environment:checking '/home/offroad/radar_ws/install/can_msgs/lib'
[0.552s] Level 1:colcon.colcon_core.shell:create_environment_hook('can_msgs', 'ld_library_path_lib')
[0.552s] INFO:colcon.colcon_core.shell:Creating environment hook '/home/offroad/radar_ws/install/can_msgs/share/can_msgs/hook/ld_library_path_lib.ps1'
[0.552s] INFO:colcon.colcon_core.shell:Creating environment descriptor '/home/offroad/radar_ws/install/can_msgs/share/can_msgs/hook/ld_library_path_lib.dsv'
[0.553s] INFO:colcon.colcon_core.shell:Creating environment hook '/home/offroad/radar_ws/install/can_msgs/share/can_msgs/hook/ld_library_path_lib.sh'
[0.553s] Level 1:colcon.colcon_core.environment:checking '/home/offroad/radar_ws/install/can_msgs/bin'
[0.553s] Level 1:colcon.colcon_core.environment:checking '/home/offroad/radar_ws/install/can_msgs/lib/pkgconfig/can_msgs.pc'
[0.553s] Level 1:colcon.colcon_core.environment:checking '/home/offroad/radar_ws/install/can_msgs/lib/python3.8/site-packages'
[0.553s] Level 1:colcon.colcon_core.shell:create_environment_hook('can_msgs', 'pythonpath')
[0.554s] INFO:colcon.colcon_core.shell:Creating environment hook '/home/offroad/radar_ws/install/can_msgs/share/can_msgs/hook/pythonpath.ps1'
[0.554s] INFO:colcon.colcon_core.shell:Creating environment descriptor '/home/offroad/radar_ws/install/can_msgs/share/can_msgs/hook/pythonpath.dsv'
[0.554s] INFO:colcon.colcon_core.shell:Creating environment hook '/home/offroad/radar_ws/install/can_msgs/share/can_msgs/hook/pythonpath.sh'
[0.555s] Level 1:colcon.colcon_core.environment:checking '/home/offroad/radar_ws/install/can_msgs/bin'
[0.555s] INFO:colcon.colcon_core.shell:Creating package script '/home/offroad/radar_ws/install/can_msgs/share/can_msgs/package.ps1'
[0.556s] INFO:colcon.colcon_core.shell:Creating package descriptor '/home/offroad/radar_ws/install/can_msgs/share/can_msgs/package.dsv'
[0.556s] INFO:colcon.colcon_core.shell:Creating package script '/home/offroad/radar_ws/install/can_msgs/share/can_msgs/package.sh'
[0.557s] INFO:colcon.colcon_core.shell:Creating package script '/home/offroad/radar_ws/install/can_msgs/share/can_msgs/package.bash'
[0.558s] INFO:colcon.colcon_core.shell:Creating package script '/home/offroad/radar_ws/install/can_msgs/share/can_msgs/package.zsh'
[0.558s] Level 1:colcon.colcon_core.environment:create_file_with_runtime_dependencies(/home/offroad/radar_ws/install/can_msgs/share/colcon-core/packages/can_msgs)
[0.599s] Level 1:colcon.colcon_core.environment:create_environment_scripts_only(can_msgs)
[0.600s] Level 1:colcon.colcon_core.environment:checking '/home/offroad/radar_ws/install/can_msgs' for CMake module files
[0.601s] Level 1:colcon.colcon_core.environment:checking '/home/offroad/radar_ws/install/can_msgs' for CMake config files
[0.601s] Level 1:colcon.colcon_core.shell:create_environment_hook('can_msgs', 'cmake_prefix_path')
[0.601s] INFO:colcon.colcon_core.shell:Creating environment hook '/home/offroad/radar_ws/install/can_msgs/share/can_msgs/hook/cmake_prefix_path.ps1'
[0.602s] INFO:colcon.colcon_core.shell:Creating environment descriptor '/home/offroad/radar_ws/install/can_msgs/share/can_msgs/hook/cmake_prefix_path.dsv'
[0.602s] INFO:colcon.colcon_core.shell:Creating environment hook '/home/offroad/radar_ws/install/can_msgs/share/can_msgs/hook/cmake_prefix_path.sh'
[0.603s] Level 1:colcon.colcon_core.environment:checking '/home/offroad/radar_ws/install/can_msgs/lib'
[0.603s] Level 1:colcon.colcon_core.shell:create_environment_hook('can_msgs', 'ld_library_path_lib')
[0.603s] INFO:colcon.colcon_core.shell:Creating environment hook '/home/offroad/radar_ws/install/can_msgs/share/can_msgs/hook/ld_library_path_lib.ps1'
[0.604s] INFO:colcon.colcon_core.shell:Creating environment descriptor '/home/offroad/radar_ws/install/can_msgs/share/can_msgs/hook/ld_library_path_lib.dsv'
[0.604s] INFO:colcon.colcon_core.shell:Creating environment hook '/home/offroad/radar_ws/install/can_msgs/share/can_msgs/hook/ld_library_path_lib.sh'
[0.604s] Level 1:colcon.colcon_core.environment:checking '/home/offroad/radar_ws/install/can_msgs/bin'
[0.604s] Level 1:colcon.colcon_core.environment:checking '/home/offroad/radar_ws/install/can_msgs/lib/pkgconfig/can_msgs.pc'
[0.604s] Level 1:colcon.colcon_core.environment:checking '/home/offroad/radar_ws/install/can_msgs/lib/python3.8/site-packages'
[0.605s] Level 1:colcon.colcon_core.shell:create_environment_hook('can_msgs', 'pythonpath')
[0.605s] INFO:colcon.colcon_core.shell:Creating environment hook '/home/offroad/radar_ws/install/can_msgs/share/can_msgs/hook/pythonpath.ps1'
[0.605s] INFO:colcon.colcon_core.shell:Creating environment descriptor '/home/offroad/radar_ws/install/can_msgs/share/can_msgs/hook/pythonpath.dsv'
[0.605s] INFO:colcon.colcon_core.shell:Creating environment hook '/home/offroad/radar_ws/install/can_msgs/share/can_msgs/hook/pythonpath.sh'
[0.606s] Level 1:colcon.colcon_core.environment:checking '/home/offroad/radar_ws/install/can_msgs/bin'
[0.606s] INFO:colcon.colcon_core.shell:Creating package script '/home/offroad/radar_ws/install/can_msgs/share/can_msgs/package.ps1'
[0.607s] INFO:colcon.colcon_core.shell:Creating package descriptor '/home/offroad/radar_ws/install/can_msgs/share/can_msgs/package.dsv'
[0.607s] INFO:colcon.colcon_core.shell:Creating package script '/home/offroad/radar_ws/install/can_msgs/share/can_msgs/package.sh'
[0.608s] INFO:colcon.colcon_core.shell:Creating package script '/home/offroad/radar_ws/install/can_msgs/share/can_msgs/package.bash'
[0.608s] INFO:colcon.colcon_core.shell:Creating package script '/home/offroad/radar_ws/install/can_msgs/share/can_msgs/package.zsh'
[0.608s] Level 1:colcon.colcon_core.environment:create_file_with_runtime_dependencies(/home/offroad/radar_ws/install/can_msgs/share/colcon-core/packages/can_msgs)
[0.609s] INFO:colcon.colcon_ros.task.ament_cmake.build:Building ROS package in '/home/offroad/radar_ws/src/ros2_socketcan_bridge/ros2socketcan_bridge' with build type 'ament_cmake'
[0.609s] INFO:colcon.colcon_cmake.task.cmake.build:Building CMake package in '/home/offroad/radar_ws/src/ros2_socketcan_bridge/ros2socketcan_bridge'
[0.609s] INFO:colcon.colcon_core.shell:Skip shell extension 'powershell' for command environment: Not usable outside of PowerShell
[0.609s] DEBUG:colcon.colcon_core.shell:Skip shell extension 'dsv' for command environment
[0.621s] DEBUG:colcon.colcon_core.event_handler.log_command:Invoking command in '/home/offroad/radar_ws/build/ros2socketcan_bridge': CMAKE_PREFIX_PATH=/home/offroad/radar_ws/install/can_msgs:/home/offroad/radar_ws/install/ros2socketcan_bridge:/home/offroad/radar_ws/install/radar_conti_ars408:/home/offroad/radar_ws/install/radar_conti_ars408_msgs:/opt/ros/foxy LD_LIBRARY_PATH=/home/offroad/radar_ws/install/can_msgs/lib:/home/offroad/radar_ws/install/radar_conti_ars408/lib:/home/offroad/radar_ws/install/radar_conti_ars408_msgs/lib:/usr/lib/x86_64-linux-gnu/gazebo-11/plugins:/opt/ros/foxy/opt/yaml_cpp_vendor/lib:/opt/ros/foxy/opt/rviz_ogre_vendor/lib:/opt/ros/foxy/lib/x86_64-linux-gnu:/opt/ros/foxy/lib PYTHONPATH=/home/offroad/radar_ws/install/can_msgs/lib/python3.8/site-packages:/home/offroad/radar_ws/install/radar_conti_ars408_msgs/lib/python3.8/site-packages:/opt/ros/foxy/lib/python3.8/site-packages /usr/bin/cmake --build /home/offroad/radar_ws/build/ros2socketcan_bridge -- -j12 -l12
[0.673s] DEBUG:colcon.colcon_core.event_handler.log_command:Invoked command in '/home/offroad/radar_ws/build/ros2socketcan_bridge' returned '0': CMAKE_PREFIX_PATH=/home/offroad/radar_ws/install/can_msgs:/home/offroad/radar_ws/install/ros2socketcan_bridge:/home/offroad/radar_ws/install/radar_conti_ars408:/home/offroad/radar_ws/install/radar_conti_ars408_msgs:/opt/ros/foxy LD_LIBRARY_PATH=/home/offroad/radar_ws/install/can_msgs/lib:/home/offroad/radar_ws/install/radar_conti_ars408/lib:/home/offroad/radar_ws/install/radar_conti_ars408_msgs/lib:/usr/lib/x86_64-linux-gnu/gazebo-11/plugins:/opt/ros/foxy/opt/yaml_cpp_vendor/lib:/opt/ros/foxy/opt/rviz_ogre_vendor/lib:/opt/ros/foxy/lib/x86_64-linux-gnu:/opt/ros/foxy/lib PYTHONPATH=/home/offroad/radar_ws/install/can_msgs/lib/python3.8/site-packages:/home/offroad/radar_ws/install/radar_conti_ars408_msgs/lib/python3.8/site-packages:/opt/ros/foxy/lib/python3.8/site-packages /usr/bin/cmake --build /home/offroad/radar_ws/build/ros2socketcan_bridge -- -j12 -l12
[0.693s] DEBUG:colcon.colcon_core.event_handler.log_command:Invoking command in '/home/offroad/radar_ws/build/ros2socketcan_bridge': CMAKE_PREFIX_PATH=/home/offroad/radar_ws/install/can_msgs:/home/offroad/radar_ws/install/ros2socketcan_bridge:/home/offroad/radar_ws/install/radar_conti_ars408:/home/offroad/radar_ws/install/radar_conti_ars408_msgs:/opt/ros/foxy LD_LIBRARY_PATH=/home/offroad/radar_ws/install/can_msgs/lib:/home/offroad/radar_ws/install/radar_conti_ars408/lib:/home/offroad/radar_ws/install/radar_conti_ars408_msgs/lib:/usr/lib/x86_64-linux-gnu/gazebo-11/plugins:/opt/ros/foxy/opt/yaml_cpp_vendor/lib:/opt/ros/foxy/opt/rviz_ogre_vendor/lib:/opt/ros/foxy/lib/x86_64-linux-gnu:/opt/ros/foxy/lib PYTHONPATH=/home/offroad/radar_ws/install/can_msgs/lib/python3.8/site-packages:/home/offroad/radar_ws/install/radar_conti_ars408_msgs/lib/python3.8/site-packages:/opt/ros/foxy/lib/python3.8/site-packages /usr/bin/cmake --install /home/offroad/radar_ws/build/ros2socketcan_bridge
[0.702s] Level 1:colcon.colcon_core.environment:create_environment_scripts_only(ros2socketcan_bridge)
[0.703s] Level 1:colcon.colcon_core.environment:checking '/home/offroad/radar_ws/install/ros2socketcan_bridge' for CMake module files
[0.704s] Level 1:colcon.colcon_core.environment:checking '/home/offroad/radar_ws/install/ros2socketcan_bridge' for CMake config files
[0.704s] DEBUG:colcon.colcon_core.event_handler.log_command:Invoked command in '/home/offroad/radar_ws/build/ros2socketcan_bridge' returned '0': CMAKE_PREFIX_PATH=/home/offroad/radar_ws/install/can_msgs:/home/offroad/radar_ws/install/ros2socketcan_bridge:/home/offroad/radar_ws/install/radar_conti_ars408:/home/offroad/radar_ws/install/radar_conti_ars408_msgs:/opt/ros/foxy LD_LIBRARY_PATH=/home/offroad/radar_ws/install/can_msgs/lib:/home/offroad/radar_ws/install/radar_conti_ars408/lib:/home/offroad/radar_ws/install/radar_conti_ars408_msgs/lib:/usr/lib/x86_64-linux-gnu/gazebo-11/plugins:/opt/ros/foxy/opt/yaml_cpp_vendor/lib:/opt/ros/foxy/opt/rviz_ogre_vendor/lib:/opt/ros/foxy/lib/x86_64-linux-gnu:/opt/ros/foxy/lib PYTHONPATH=/home/offroad/radar_ws/install/can_msgs/lib/python3.8/site-packages:/home/offroad/radar_ws/install/radar_conti_ars408_msgs/lib/python3.8/site-packages:/opt/ros/foxy/lib/python3.8/site-packages /usr/bin/cmake --install /home/offroad/radar_ws/build/ros2socketcan_bridge
[0.705s] Level 1:colcon.colcon_core.shell:create_environment_hook('ros2socketcan_bridge', 'cmake_prefix_path')
[0.705s] INFO:colcon.colcon_core.shell:Creating environment hook '/home/offroad/radar_ws/install/ros2socketcan_bridge/share/ros2socketcan_bridge/hook/cmake_prefix_path.ps1'
[0.705s] INFO:colcon.colcon_core.shell:Creating environment descriptor '/home/offroad/radar_ws/install/ros2socketcan_bridge/share/ros2socketcan_bridge/hook/cmake_prefix_path.dsv'
[0.706s] INFO:colcon.colcon_core.shell:Creating environment hook '/home/offroad/radar_ws/install/ros2socketcan_bridge/share/ros2socketcan_bridge/hook/cmake_prefix_path.sh'
[0.706s] Level 1:colcon.colcon_core.environment:checking '/home/offroad/radar_ws/install/ros2socketcan_bridge/lib'
[0.706s] Level 1:colcon.colcon_core.environment:checking '/home/offroad/radar_ws/install/ros2socketcan_bridge/bin'
[0.706s] Level 1:colcon.colcon_core.environment:checking '/home/offroad/radar_ws/install/ros2socketcan_bridge/lib/pkgconfig/ros2socketcan_bridge.pc'
[0.706s] Level 1:colcon.colcon_core.environment:checking '/home/offroad/radar_ws/install/ros2socketcan_bridge/lib/python3.8/site-packages'
[0.707s] Level 1:colcon.colcon_core.environment:checking '/home/offroad/radar_ws/install/ros2socketcan_bridge/bin'
[0.707s] INFO:colcon.colcon_core.shell:Creating package script '/home/offroad/radar_ws/install/ros2socketcan_bridge/share/ros2socketcan_bridge/package.ps1'
[0.707s] INFO:colcon.colcon_core.shell:Creating package descriptor '/home/offroad/radar_ws/install/ros2socketcan_bridge/share/ros2socketcan_bridge/package.dsv'
[0.708s] INFO:colcon.colcon_core.shell:Creating package script '/home/offroad/radar_ws/install/ros2socketcan_bridge/share/ros2socketcan_bridge/package.sh'
[0.708s] INFO:colcon.colcon_core.shell:Creating package script '/home/offroad/radar_ws/install/ros2socketcan_bridge/share/ros2socketcan_bridge/package.bash'
[0.708s] INFO:colcon.colcon_core.shell:Creating package script '/home/offroad/radar_ws/install/ros2socketcan_bridge/share/ros2socketcan_bridge/package.zsh'
[0.709s] Level 1:colcon.colcon_core.environment:create_file_with_runtime_dependencies(/home/offroad/radar_ws/install/ros2socketcan_bridge/share/colcon-core/packages/ros2socketcan_bridge)
[0.714s] DEBUG:colcon.colcon_core.event_handler.log_command:Invoking command in '/home/offroad/radar_ws/build/radar_conti_ars408_msgs': CMAKE_PREFIX_PATH=${CMAKE_PREFIX_PATH}:/opt/ros/foxy /usr/bin/cmake --install /home/offroad/radar_ws/build/radar_conti_ars408_msgs
[0.728s] Level 1:colcon.colcon_core.environment:create_environment_scripts_only(ros2socketcan_bridge)
[0.728s] Level 1:colcon.colcon_core.environment:checking '/home/offroad/radar_ws/install/ros2socketcan_bridge' for CMake module files
[0.730s] Level 1:colcon.colcon_core.environment:checking '/home/offroad/radar_ws/install/ros2socketcan_bridge' for CMake config files
[0.730s] Level 1:colcon.colcon_core.shell:create_environment_hook('ros2socketcan_bridge', 'cmake_prefix_path')
[0.731s] INFO:colcon.colcon_core.shell:Creating environment hook '/home/offroad/radar_ws/install/ros2socketcan_bridge/share/ros2socketcan_bridge/hook/cmake_prefix_path.ps1'
[0.731s] INFO:colcon.colcon_core.shell:Creating environment descriptor '/home/offroad/radar_ws/install/ros2socketcan_bridge/share/ros2socketcan_bridge/hook/cmake_prefix_path.dsv'
[0.732s] INFO:colcon.colcon_core.shell:Creating environment hook '/home/offroad/radar_ws/install/ros2socketcan_bridge/share/ros2socketcan_bridge/hook/cmake_prefix_path.sh'
[0.733s] Level 1:colcon.colcon_core.environment:checking '/home/offroad/radar_ws/install/ros2socketcan_bridge/lib'
[0.733s] Level 1:colcon.colcon_core.environment:checking '/home/offroad/radar_ws/install/ros2socketcan_bridge/bin'
[0.733s] Level 1:colcon.colcon_core.environment:checking '/home/offroad/radar_ws/install/ros2socketcan_bridge/lib/pkgconfig/ros2socketcan_bridge.pc'
[0.733s] Level 1:colcon.colcon_core.environment:checking '/home/offroad/radar_ws/install/ros2socketcan_bridge/lib/python3.8/site-packages'
[0.733s] Level 1:colcon.colcon_core.environment:checking '/home/offroad/radar_ws/install/ros2socketcan_bridge/bin'
[0.734s] INFO:colcon.colcon_core.shell:Creating package script '/home/offroad/radar_ws/install/ros2socketcan_bridge/share/ros2socketcan_bridge/package.ps1'
[0.734s] INFO:colcon.colcon_core.shell:Creating package descriptor '/home/offroad/radar_ws/install/ros2socketcan_bridge/share/ros2socketcan_bridge/package.dsv'
[0.735s] INFO:colcon.colcon_core.shell:Creating package script '/home/offroad/radar_ws/install/ros2socketcan_bridge/share/ros2socketcan_bridge/package.sh'
[0.735s] INFO:colcon.colcon_core.shell:Creating package script '/home/offroad/radar_ws/install/ros2socketcan_bridge/share/ros2socketcan_bridge/package.bash'
[0.736s] INFO:colcon.colcon_core.shell:Creating package script '/home/offroad/radar_ws/install/ros2socketcan_bridge/share/ros2socketcan_bridge/package.zsh'
[0.736s] Level 1:colcon.colcon_core.environment:create_file_with_runtime_dependencies(/home/offroad/radar_ws/install/ros2socketcan_bridge/share/colcon-core/packages/ros2socketcan_bridge)
[0.766s] Level 1:colcon.colcon_core.environment:create_environment_scripts_only(radar_conti_ars408_msgs)
[0.766s] Level 1:colcon.colcon_core.environment:checking '/home/offroad/radar_ws/install/radar_conti_ars408_msgs' for CMake module files
[0.767s] DEBUG:colcon.colcon_core.event_handler.log_command:Invoked command in '/home/offroad/radar_ws/build/radar_conti_ars408_msgs' returned '0': CMAKE_PREFIX_PATH=${CMAKE_PREFIX_PATH}:/opt/ros/foxy /usr/bin/cmake --install /home/offroad/radar_ws/build/radar_conti_ars408_msgs
[0.767s] Level 1:colcon.colcon_core.environment:checking '/home/offroad/radar_ws/install/radar_conti_ars408_msgs' for CMake config files
[0.767s] Level 1:colcon.colcon_core.shell:create_environment_hook('radar_conti_ars408_msgs', 'cmake_prefix_path')
[0.768s] INFO:colcon.colcon_core.shell:Creating environment hook '/home/offroad/radar_ws/install/radar_conti_ars408_msgs/share/radar_conti_ars408_msgs/hook/cmake_prefix_path.ps1'
[0.768s] INFO:colcon.colcon_core.shell:Creating environment descriptor '/home/offroad/radar_ws/install/radar_conti_ars408_msgs/share/radar_conti_ars408_msgs/hook/cmake_prefix_path.dsv'
[0.768s] INFO:colcon.colcon_core.shell:Creating environment hook '/home/offroad/radar_ws/install/radar_conti_ars408_msgs/share/radar_conti_ars408_msgs/hook/cmake_prefix_path.sh'
[0.769s] Level 1:colcon.colcon_core.environment:checking '/home/offroad/radar_ws/install/radar_conti_ars408_msgs/lib'
[0.769s] Level 1:colcon.colcon_core.shell:create_environment_hook('radar_conti_ars408_msgs', 'ld_library_path_lib')
[0.769s] INFO:colcon.colcon_core.shell:Creating environment hook '/home/offroad/radar_ws/install/radar_conti_ars408_msgs/share/radar_conti_ars408_msgs/hook/ld_library_path_lib.ps1'
[0.769s] INFO:colcon.colcon_core.shell:Creating environment descriptor '/home/offroad/radar_ws/install/radar_conti_ars408_msgs/share/radar_conti_ars408_msgs/hook/ld_library_path_lib.dsv'
[0.770s] INFO:colcon.colcon_core.shell:Creating environment hook '/home/offroad/radar_ws/install/radar_conti_ars408_msgs/share/radar_conti_ars408_msgs/hook/ld_library_path_lib.sh'
[0.770s] Level 1:colcon.colcon_core.environment:checking '/home/offroad/radar_ws/install/radar_conti_ars408_msgs/bin'
[0.770s] Level 1:colcon.colcon_core.environment:checking '/home/offroad/radar_ws/install/radar_conti_ars408_msgs/lib/pkgconfig/radar_conti_ars408_msgs.pc'
[0.770s] Level 1:colcon.colcon_core.environment:checking '/home/offroad/radar_ws/install/radar_conti_ars408_msgs/lib/python3.8/site-packages'
[0.770s] Level 1:colcon.colcon_core.shell:create_environment_hook('radar_conti_ars408_msgs', 'pythonpath')
[0.770s] INFO:colcon.colcon_core.shell:Creating environment hook '/home/offroad/radar_ws/install/radar_conti_ars408_msgs/share/radar_conti_ars408_msgs/hook/pythonpath.ps1'
[0.771s] INFO:colcon.colcon_core.shell:Creating environment descriptor '/home/offroad/radar_ws/install/radar_conti_ars408_msgs/share/radar_conti_ars408_msgs/hook/pythonpath.dsv'
[0.771s] INFO:colcon.colcon_core.shell:Creating environment hook '/home/offroad/radar_ws/install/radar_conti_ars408_msgs/share/radar_conti_ars408_msgs/hook/pythonpath.sh'
[0.771s] Level 1:colcon.colcon_core.environment:checking '/home/offroad/radar_ws/install/radar_conti_ars408_msgs/bin'
[0.772s] INFO:colcon.colcon_core.shell:Creating package script '/home/offroad/radar_ws/install/radar_conti_ars408_msgs/share/radar_conti_ars408_msgs/package.ps1'
[0.772s] INFO:colcon.colcon_core.shell:Creating package descriptor '/home/offroad/radar_ws/install/radar_conti_ars408_msgs/share/radar_conti_ars408_msgs/package.dsv'
[0.773s] INFO:colcon.colcon_core.shell:Creating package script '/home/offroad/radar_ws/install/radar_conti_ars408_msgs/share/radar_conti_ars408_msgs/package.sh'
[0.773s] INFO:colcon.colcon_core.shell:Creating package script '/home/offroad/radar_ws/install/radar_conti_ars408_msgs/share/radar_conti_ars408_msgs/package.bash'
[0.773s] INFO:colcon.colcon_core.shell:Creating package script '/home/offroad/radar_ws/install/radar_conti_ars408_msgs/share/radar_conti_ars408_msgs/package.zsh'
[0.773s] Level 1:colcon.colcon_core.environment:create_file_with_runtime_dependencies(/home/offroad/radar_ws/install/radar_conti_ars408_msgs/share/colcon-core/packages/radar_conti_ars408_msgs)
[0.993s] Level 1:colcon.colcon_core.environment:create_environment_scripts_only(radar_conti_ars408_msgs)
[0.994s] Level 1:colcon.colcon_core.environment:checking '/home/offroad/radar_ws/install/radar_conti_ars408_msgs' for CMake module files
[0.994s] Level 1:colcon.colcon_core.environment:checking '/home/offroad/radar_ws/install/radar_conti_ars408_msgs' for CMake config files
[0.994s] Level 1:colcon.colcon_core.shell:create_environment_hook('radar_conti_ars408_msgs', 'cmake_prefix_path')
[0.995s] INFO:colcon.colcon_core.shell:Creating environment hook '/home/offroad/radar_ws/install/radar_conti_ars408_msgs/share/radar_conti_ars408_msgs/hook/cmake_prefix_path.ps1'
[0.995s] INFO:colcon.colcon_core.shell:Creating environment descriptor '/home/offroad/radar_ws/install/radar_conti_ars408_msgs/share/radar_conti_ars408_msgs/hook/cmake_prefix_path.dsv'
[0.995s] INFO:colcon.colcon_core.shell:Creating environment hook '/home/offroad/radar_ws/install/radar_conti_ars408_msgs/share/radar_conti_ars408_msgs/hook/cmake_prefix_path.sh'
[0.996s] Level 1:colcon.colcon_core.environment:checking '/home/offroad/radar_ws/install/radar_conti_ars408_msgs/lib'
[0.996s] Level 1:colcon.colcon_core.shell:create_environment_hook('radar_conti_ars408_msgs', 'ld_library_path_lib')
[0.996s] INFO:colcon.colcon_core.shell:Creating environment hook '/home/offroad/radar_ws/install/radar_conti_ars408_msgs/share/radar_conti_ars408_msgs/hook/ld_library_path_lib.ps1'
[0.997s] INFO:colcon.colcon_core.shell:Creating environment descriptor '/home/offroad/radar_ws/install/radar_conti_ars408_msgs/share/radar_conti_ars408_msgs/hook/ld_library_path_lib.dsv'
[0.997s] INFO:colcon.colcon_core.shell:Creating environment hook '/home/offroad/radar_ws/install/radar_conti_ars408_msgs/share/radar_conti_ars408_msgs/hook/ld_library_path_lib.sh'
[0.997s] Level 1:colcon.colcon_core.environment:checking '/home/offroad/radar_ws/install/radar_conti_ars408_msgs/bin'
[0.997s] Level 1:colcon.colcon_core.environment:checking '/home/offroad/radar_ws/install/radar_conti_ars408_msgs/lib/pkgconfig/radar_conti_ars408_msgs.pc'
[0.997s] Level 1:colcon.colcon_core.environment:checking '/home/offroad/radar_ws/install/radar_conti_ars408_msgs/lib/python3.8/site-packages'
[0.997s] Level 1:colcon.colcon_core.shell:create_environment_hook('radar_conti_ars408_msgs', 'pythonpath')
[0.998s] INFO:colcon.colcon_core.shell:Creating environment hook '/home/offroad/radar_ws/install/radar_conti_ars408_msgs/share/radar_conti_ars408_msgs/hook/pythonpath.ps1'
[0.998s] INFO:colcon.colcon_core.shell:Creating environment descriptor '/home/offroad/radar_ws/install/radar_conti_ars408_msgs/share/radar_conti_ars408_msgs/hook/pythonpath.dsv'
[0.998s] INFO:colcon.colcon_core.shell:Creating environment hook '/home/offroad/radar_ws/install/radar_conti_ars408_msgs/share/radar_conti_ars408_msgs/hook/pythonpath.sh'
[0.999s] Level 1:colcon.colcon_core.environment:checking '/home/offroad/radar_ws/install/radar_conti_ars408_msgs/bin'
[0.999s] INFO:colcon.colcon_core.shell:Creating package script '/home/offroad/radar_ws/install/radar_conti_ars408_msgs/share/radar_conti_ars408_msgs/package.ps1'
[1.000s] INFO:colcon.colcon_core.shell:Creating package descriptor '/home/offroad/radar_ws/install/radar_conti_ars408_msgs/share/radar_conti_ars408_msgs/package.dsv'
[1.000s] INFO:colcon.colcon_core.shell:Creating package script '/home/offroad/radar_ws/install/radar_conti_ars408_msgs/share/radar_conti_ars408_msgs/package.sh'
[1.001s] INFO:colcon.colcon_core.shell:Creating package script '/home/offroad/radar_ws/install/radar_conti_ars408_msgs/share/radar_conti_ars408_msgs/package.bash'
[1.001s] INFO:colcon.colcon_core.shell:Creating package script '/home/offroad/radar_ws/install/radar_conti_ars408_msgs/share/radar_conti_ars408_msgs/package.zsh'
[1.001s] Level 1:colcon.colcon_core.environment:create_file_with_runtime_dependencies(/home/offroad/radar_ws/install/radar_conti_ars408_msgs/share/colcon-core/packages/radar_conti_ars408_msgs)
[1.002s] INFO:colcon.colcon_ros.task.ament_cmake.build:Building ROS package in '/home/offroad/radar_ws/src/radar_conti_ars408/src' with build type 'ament_cmake'
[1.002s] INFO:colcon.colcon_cmake.task.cmake.build:Building CMake package in '/home/offroad/radar_ws/src/radar_conti_ars408/src'
[1.002s] INFO:colcon.colcon_core.shell:Skip shell extension 'powershell' for command environment: Not usable outside of PowerShell
[1.002s] DEBUG:colcon.colcon_core.shell:Skip shell extension 'dsv' for command environment
[1.016s] DEBUG:colcon.colcon_core.event_handler.log_command:Invoking command in '/home/offroad/radar_ws/build/radar_conti_ars408': CMAKE_PREFIX_PATH=/home/offroad/radar_ws/install/ros2socketcan_bridge:/home/offroad/radar_ws/install/radar_conti_ars408_msgs:/home/offroad/radar_ws/install/can_msgs:/home/offroad/radar_ws/install/radar_conti_ars408:/opt/ros/foxy LD_LIBRARY_PATH=/home/offroad/radar_ws/install/radar_conti_ars408_msgs/lib:/home/offroad/radar_ws/install/can_msgs/lib:/home/offroad/radar_ws/install/radar_conti_ars408/lib:/usr/lib/x86_64-linux-gnu/gazebo-11/plugins:/opt/ros/foxy/opt/yaml_cpp_vendor/lib:/opt/ros/foxy/opt/rviz_ogre_vendor/lib:/opt/ros/foxy/lib/x86_64-linux-gnu:/opt/ros/foxy/lib /usr/bin/cmake --build /home/offroad/radar_ws/build/radar_conti_ars408 -- -j12 -l12
[1.113s] DEBUG:colcon.colcon_core.event_handler.log_command:Invoked command in '/home/offroad/radar_ws/build/radar_conti_ars408' returned '0': CMAKE_PREFIX_PATH=/home/offroad/radar_ws/install/ros2socketcan_bridge:/home/offroad/radar_ws/install/radar_conti_ars408_msgs:/home/offroad/radar_ws/install/can_msgs:/home/offroad/radar_ws/install/radar_conti_ars408:/opt/ros/foxy LD_LIBRARY_PATH=/home/offroad/radar_ws/install/radar_conti_ars408_msgs/lib:/home/offroad/radar_ws/install/can_msgs/lib:/home/offroad/radar_ws/install/radar_conti_ars408/lib:/usr/lib/x86_64-linux-gnu/gazebo-11/plugins:/opt/ros/foxy/opt/yaml_cpp_vendor/lib:/opt/ros/foxy/opt/rviz_ogre_vendor/lib:/opt/ros/foxy/lib/x86_64-linux-gnu:/opt/ros/foxy/lib /usr/bin/cmake --build /home/offroad/radar_ws/build/radar_conti_ars408 -- -j12 -l12
[1.135s] DEBUG:colcon.colcon_core.event_handler.log_command:Invoking command in '/home/offroad/radar_ws/build/radar_conti_ars408': CMAKE_PREFIX_PATH=/home/offroad/radar_ws/install/ros2socketcan_bridge:/home/offroad/radar_ws/install/radar_conti_ars408_msgs:/home/offroad/radar_ws/install/can_msgs:/home/offroad/radar_ws/install/radar_conti_ars408:/opt/ros/foxy LD_LIBRARY_PATH=/home/offroad/radar_ws/install/radar_conti_ars408_msgs/lib:/home/offroad/radar_ws/install/can_msgs/lib:/home/offroad/radar_ws/install/radar_conti_ars408/lib:/usr/lib/x86_64-linux-gnu/gazebo-11/plugins:/opt/ros/foxy/opt/yaml_cpp_vendor/lib:/opt/ros/foxy/opt/rviz_ogre_vendor/lib:/opt/ros/foxy/lib/x86_64-linux-gnu:/opt/ros/foxy/lib /usr/bin/cmake --install /home/offroad/radar_ws/build/radar_conti_ars408
[1.145s] Level 1:colcon.colcon_core.environment:create_environment_scripts_only(radar_conti_ars408)
[1.146s] Level 1:colcon.colcon_core.environment:checking '/home/offroad/radar_ws/install/radar_conti_ars408' for CMake module files
[1.147s] DEBUG:colcon.colcon_core.event_handler.log_command:Invoked command in '/home/offroad/radar_ws/build/radar_conti_ars408' returned '0': CMAKE_PREFIX_PATH=/home/offroad/radar_ws/install/ros2socketcan_bridge:/home/offroad/radar_ws/install/radar_conti_ars408_msgs:/home/offroad/radar_ws/install/can_msgs:/home/offroad/radar_ws/install/radar_conti_ars408:/opt/ros/foxy LD_LIBRARY_PATH=/home/offroad/radar_ws/install/radar_conti_ars408_msgs/lib:/home/offroad/radar_ws/install/can_msgs/lib:/home/offroad/radar_ws/install/radar_conti_ars408/lib:/usr/lib/x86_64-linux-gnu/gazebo-11/plugins:/opt/ros/foxy/opt/yaml_cpp_vendor/lib:/opt/ros/foxy/opt/rviz_ogre_vendor/lib:/opt/ros/foxy/lib/x86_64-linux-gnu:/opt/ros/foxy/lib /usr/bin/cmake --install /home/offroad/radar_ws/build/radar_conti_ars408
[1.147s] Level 1:colcon.colcon_core.environment:checking '/home/offroad/radar_ws/install/radar_conti_ars408' for CMake config files
[1.147s] Level 1:colcon.colcon_core.shell:create_environment_hook('radar_conti_ars408', 'cmake_prefix_path')
[1.147s] INFO:colcon.colcon_core.shell:Creating environment hook '/home/offroad/radar_ws/install/radar_conti_ars408/share/radar_conti_ars408/hook/cmake_prefix_path.ps1'
[1.148s] INFO:colcon.colcon_core.shell:Creating environment descriptor '/home/offroad/radar_ws/install/radar_conti_ars408/share/radar_conti_ars408/hook/cmake_prefix_path.dsv'
[1.148s] INFO:colcon.colcon_core.shell:Creating environment hook '/home/offroad/radar_ws/install/radar_conti_ars408/share/radar_conti_ars408/hook/cmake_prefix_path.sh'
[1.149s] Level 1:colcon.colcon_core.environment:checking '/home/offroad/radar_ws/install/radar_conti_ars408/lib'
[1.149s] Level 1:colcon.colcon_core.shell:create_environment_hook('radar_conti_ars408', 'ld_library_path_lib')
[1.149s] INFO:colcon.colcon_core.shell:Creating environment hook '/home/offroad/radar_ws/install/radar_conti_ars408/share/radar_conti_ars408/hook/ld_library_path_lib.ps1'
[1.150s] INFO:colcon.colcon_core.shell:Creating environment descriptor '/home/offroad/radar_ws/install/radar_conti_ars408/share/radar_conti_ars408/hook/ld_library_path_lib.dsv'
[1.150s] INFO:colcon.colcon_core.shell:Creating environment hook '/home/offroad/radar_ws/install/radar_conti_ars408/share/radar_conti_ars408/hook/ld_library_path_lib.sh'
[1.150s] Level 1:colcon.colcon_core.environment:checking '/home/offroad/radar_ws/install/radar_conti_ars408/bin'
[1.150s] Level 1:colcon.colcon_core.environment:checking '/home/offroad/radar_ws/install/radar_conti_ars408/lib/pkgconfig/radar_conti_ars408.pc'
[1.150s] Level 1:colcon.colcon_core.environment:checking '/home/offroad/radar_ws/install/radar_conti_ars408/lib/python3.8/site-packages'
[1.151s] Level 1:colcon.colcon_core.environment:checking '/home/offroad/radar_ws/install/radar_conti_ars408/bin'
[1.151s] INFO:colcon.colcon_core.shell:Creating package script '/home/offroad/radar_ws/install/radar_conti_ars408/share/radar_conti_ars408/package.ps1'
[1.151s] INFO:colcon.colcon_core.shell:Creating package descriptor '/home/offroad/radar_ws/install/radar_conti_ars408/share/radar_conti_ars408/package.dsv'
[1.152s] INFO:colcon.colcon_core.shell:Creating package script '/home/offroad/radar_ws/install/radar_conti_ars408/share/radar_conti_ars408/package.sh'
[1.152s] INFO:colcon.colcon_core.shell:Creating package script '/home/offroad/radar_ws/install/radar_conti_ars408/share/radar_conti_ars408/package.bash'
[1.152s] INFO:colcon.colcon_core.shell:Creating package script '/home/offroad/radar_ws/install/radar_conti_ars408/share/radar_conti_ars408/package.zsh'
[1.152s] Level 1:colcon.colcon_core.environment:create_file_with_runtime_dependencies(/home/offroad/radar_ws/install/radar_conti_ars408/share/colcon-core/packages/radar_conti_ars408)
[1.174s] Level 1:colcon.colcon_core.environment:create_environment_scripts_only(radar_conti_ars408)
[1.175s] Level 1:colcon.colcon_core.environment:checking '/home/offroad/radar_ws/install/radar_conti_ars408' for CMake module files
[1.175s] Level 1:colcon.colcon_core.environment:checking '/home/offroad/radar_ws/install/radar_conti_ars408' for CMake config files
[1.175s] Level 1:colcon.colcon_core.shell:create_environment_hook('radar_conti_ars408', 'cmake_prefix_path')
[1.176s] INFO:colcon.colcon_core.shell:Creating environment hook '/home/offroad/radar_ws/install/radar_conti_ars408/share/radar_conti_ars408/hook/cmake_prefix_path.ps1'
[1.176s] INFO:colcon.colcon_core.shell:Creating environment descriptor '/home/offroad/radar_ws/install/radar_conti_ars408/share/radar_conti_ars408/hook/cmake_prefix_path.dsv'
[1.177s] INFO:colcon.colcon_core.shell:Creating environment hook '/home/offroad/radar_ws/install/radar_conti_ars408/share/radar_conti_ars408/hook/cmake_prefix_path.sh'
[1.177s] Level 1:colcon.colcon_core.environment:checking '/home/offroad/radar_ws/install/radar_conti_ars408/lib'
[1.177s] Level 1:colcon.colcon_core.shell:create_environment_hook('radar_conti_ars408', 'ld_library_path_lib')
[1.177s] INFO:colcon.colcon_core.shell:Creating environment hook '/home/offroad/radar_ws/install/radar_conti_ars408/share/radar_conti_ars408/hook/ld_library_path_lib.ps1'
[1.178s] INFO:colcon.colcon_core.shell:Creating environment descriptor '/home/offroad/radar_ws/install/radar_conti_ars408/share/radar_conti_ars408/hook/ld_library_path_lib.dsv'
[1.178s] INFO:colcon.colcon_core.shell:Creating environment hook '/home/offroad/radar_ws/install/radar_conti_ars408/share/radar_conti_ars408/hook/ld_library_path_lib.sh'
[1.178s] Level 1:colcon.colcon_core.environment:checking '/home/offroad/radar_ws/install/radar_conti_ars408/bin'
[1.178s] Level 1:colcon.colcon_core.environment:checking '/home/offroad/radar_ws/install/radar_conti_ars408/lib/pkgconfig/radar_conti_ars408.pc'
[1.179s] Level 1:colcon.colcon_core.environment:checking '/home/offroad/radar_ws/install/radar_conti_ars408/lib/python3.8/site-packages'
[1.179s] Level 1:colcon.colcon_core.environment:checking '/home/offroad/radar_ws/install/radar_conti_ars408/bin'
[1.179s] INFO:colcon.colcon_core.shell:Creating package script '/home/offroad/radar_ws/install/radar_conti_ars408/share/radar_conti_ars408/package.ps1'
[1.180s] INFO:colcon.colcon_core.shell:Creating package descriptor '/home/offroad/radar_ws/install/radar_conti_ars408/share/radar_conti_ars408/package.dsv'
[1.180s] INFO:colcon.colcon_core.shell:Creating package script '/home/offroad/radar_ws/install/radar_conti_ars408/share/radar_conti_ars408/package.sh'
[1.180s] INFO:colcon.colcon_core.shell:Creating package script '/home/offroad/radar_ws/install/radar_conti_ars408/share/radar_conti_ars408/package.bash'
[1.181s] INFO:colcon.colcon_core.shell:Creating package script '/home/offroad/radar_ws/install/radar_conti_ars408/share/radar_conti_ars408/package.zsh'
[1.181s] Level 1:colcon.colcon_core.environment:create_file_with_runtime_dependencies(/home/offroad/radar_ws/install/radar_conti_ars408/share/colcon-core/packages/radar_conti_ars408)
[1.181s] DEBUG:colcon.colcon_parallel_executor.executor.parallel:closing loop
[1.182s] DEBUG:colcon.colcon_parallel_executor.executor.parallel:loop closed
[1.182s] DEBUG:colcon.colcon_parallel_executor.executor.parallel:run_until_complete finished with '0'
[1.182s] DEBUG:colcon.colcon_core.event_reactor:joining thread
[1.187s] INFO:colcon.colcon_core.plugin_system:Skipping extension 'colcon_notification.desktop_notification.terminal_notifier': Not used on non-Darwin systems
[1.187s] INFO:colcon.colcon_core.plugin_system:Skipping extension 'colcon_notification.desktop_notification.win32': Not used on non-Windows systems
[1.187s] INFO:colcon.colcon_notification.desktop_notification:Sending desktop notification using 'notify2'
[1.200s] DEBUG:colcon.colcon_core.event_reactor:joined thread
[1.200s] INFO:colcon.colcon_core.shell:Creating prefix script '/home/offroad/radar_ws/install/local_setup.ps1'
[1.201s] INFO:colcon.colcon_core.shell:Creating prefix util module '/home/offroad/radar_ws/install/_local_setup_util_ps1.py'
[1.202s] INFO:colcon.colcon_core.shell:Creating prefix chain script '/home/offroad/radar_ws/install/setup.ps1'
[1.203s] INFO:colcon.colcon_core.shell:Creating prefix script '/home/offroad/radar_ws/install/local_setup.sh'
[1.204s] INFO:colcon.colcon_core.shell:Creating prefix util module '/home/offroad/radar_ws/install/_local_setup_util_sh.py'
[1.204s] INFO:colcon.colcon_core.shell:Creating prefix chain script '/home/offroad/radar_ws/install/setup.sh'
[1.205s] INFO:colcon.colcon_core.shell:Creating prefix script '/home/offroad/radar_ws/install/local_setup.bash'
[1.205s] INFO:colcon.colcon_core.shell:Creating prefix chain script '/home/offroad/radar_ws/install/setup.bash'
[1.207s] INFO:colcon.colcon_core.shell:Creating prefix script '/home/offroad/radar_ws/install/local_setup.zsh'
[1.207s] INFO:colcon.colcon_core.shell:Creating prefix chain script '/home/offroad/radar_ws/install/setup.zsh'
