[0.120s] DEBUG:colcon:Command line arguments: ['/usr/bin/colcon', 'build']
[0.120s] DEBUG:colcon:Parsed command line arguments: Namespace(allow_overriding=[], ament_cmake_args=None, base_paths=['.'], build_base='build', catkin_cmake_args=None, catkin_skip_building_tests=False, cmake_args=None, cmake_clean_cache=False, cmake_clean_first=False, cmake_force_configure=False, cmake_target=None, cmake_target_skip_unavailable=False, continue_on_error=False, event_handlers=None, executor='parallel', ignore_user_meta=False, install_base='install', log_base=None, log_level=None, main=<bound method BuildVerb.main of <colcon_core.verb.build.BuildVerb object at 0x7fd6701057c0>>, merge_install=False, metas=['./colcon.meta'], packages_above=None, packages_above_and_dependencies=None, packages_above_depth=None, packages_end=None, packages_ignore=None, packages_ignore_regex=None, packages_select=None, packages_select_build_failed=False, packages_select_by_dep=None, packages_select_regex=None, packages_select_test_failures=False, packages_skip=None, packages_skip_build_finished=False, packages_skip_by_dep=None, packages_skip_regex=None, packages_skip_test_passed=False, packages_skip_up_to=None, packages_start=None, packages_up_to=None, packages_up_to_regex=None, parallel_workers=12, paths=None, symlink_install=False, test_result_base=None, verb_extension=<colcon_core.verb.build.BuildVerb object at 0x7fd6701057c0>, verb_name='build', verb_parser=<colcon_defaults.argument_parser.defaults.DefaultArgumentsDecorator object at 0x7fd67008f4c0>)
[0.141s] Level 1:colcon.colcon_core.package_discovery:discover_packages(colcon_meta) check parameters
[0.142s] Level 1:colcon.colcon_core.package_discovery:discover_packages(recursive) check parameters
[0.142s] Level 1:colcon.colcon_core.package_discovery:discover_packages(ignore) check parameters
[0.142s] Level 1:colcon.colcon_core.package_discovery:discover_packages(path) check parameters
[0.142s] Level 1:colcon.colcon_core.package_discovery:discover_packages(colcon_meta) discover
[0.142s] Level 1:colcon.colcon_core.package_discovery:discover_packages(recursive) discover
[0.142s] INFO:colcon.colcon_core.package_discovery:Crawling recursively for packages in '/home/offroad/radar_ws/src'
[0.142s] Level 1:colcon.colcon_core.package_identification:_identify(.) by extensions ['ignore', 'ignore_ament_install']
[0.142s] Level 1:colcon.colcon_core.package_identification:_identify(.) by extension 'ignore'
[0.142s] Level 1:colcon.colcon_core.package_identification:_identify(.) by extension 'ignore_ament_install'
[0.142s] Level 1:colcon.colcon_core.package_identification:_identify(.) by extensions ['colcon_pkg']
[0.142s] Level 1:colcon.colcon_core.package_identification:_identify(.) by extension 'colcon_pkg'
[0.142s] Level 1:colcon.colcon_core.package_identification:_identify(.) by extensions ['colcon_meta']
[0.142s] Level 1:colcon.colcon_core.package_identification:_identify(.) by extension 'colcon_meta'
[0.142s] Level 1:colcon.colcon_core.package_identification:_identify(.) by extensions ['ros']
[0.142s] Level 1:colcon.colcon_core.package_identification:_identify(.) by extension 'ros'
[0.152s] Level 1:colcon.colcon_core.package_identification:_identify(.) by extensions ['cmake', 'python']
[0.152s] Level 1:colcon.colcon_core.package_identification:_identify(.) by extension 'cmake'
[0.152s] Level 1:colcon.colcon_core.package_identification:_identify(.) by extension 'python'
[0.152s] Level 1:colcon.colcon_core.package_identification:_identify(.) by extensions ['python_setup_py']
[0.152s] Level 1:colcon.colcon_core.package_identification:_identify(.) by extension 'python_setup_py'
[0.152s] Level 1:colcon.colcon_core.package_identification:_identify(CAN_Recording) by extensions ['ignore', 'ignore_ament_install']
[0.152s] Level 1:colcon.colcon_core.package_identification:_identify(CAN_Recording) by extension 'ignore'
[0.152s] Level 1:colcon.colcon_core.package_identification:_identify(CAN_Recording) by extension 'ignore_ament_install'
[0.152s] Level 1:colcon.colcon_core.package_identification:_identify(CAN_Recording) by extensions ['colcon_pkg']
[0.152s] Level 1:colcon.colcon_core.package_identification:_identify(CAN_Recording) by extension 'colcon_pkg'
[0.153s] Level 1:colcon.colcon_core.package_identification:_identify(CAN_Recording) by extensions ['colcon_meta']
[0.153s] Level 1:colcon.colcon_core.package_identification:_identify(CAN_Recording) by extension 'colcon_meta'
[0.153s] Level 1:colcon.colcon_core.package_identification:_identify(CAN_Recording) by extensions ['ros']
[0.153s] Level 1:colcon.colcon_core.package_identification:_identify(CAN_Recording) by extension 'ros'
[0.153s] Level 1:colcon.colcon_core.package_identification:_identify(CAN_Recording) by extensions ['cmake', 'python']
[0.153s] Level 1:colcon.colcon_core.package_identification:_identify(CAN_Recording) by extension 'cmake'
[0.153s] Level 1:colcon.colcon_core.package_identification:_identify(CAN_Recording) by extension 'python'
[0.153s] Level 1:colcon.colcon_core.package_identification:_identify(CAN_Recording) by extensions ['python_setup_py']
[0.153s] Level 1:colcon.colcon_core.package_identification:_identify(CAN_Recording) by extension 'python_setup_py'
[0.153s] Level 1:colcon.colcon_core.package_identification:_identify(build) by extensions ['ignore', 'ignore_ament_install']
[0.153s] Level 1:colcon.colcon_core.package_identification:_identify(build) by extension 'ignore'
[0.153s] Level 1:colcon.colcon_core.package_identification:_identify(build) ignored
[0.153s] Level 1:colcon.colcon_core.package_identification:_identify(cpp_srvcli) by extensions ['ignore', 'ignore_ament_install']
[0.153s] Level 1:colcon.colcon_core.package_identification:_identify(cpp_srvcli) by extension 'ignore'
[0.153s] Level 1:colcon.colcon_core.package_identification:_identify(cpp_srvcli) by extension 'ignore_ament_install'
[0.154s] Level 1:colcon.colcon_core.package_identification:_identify(cpp_srvcli) by extensions ['colcon_pkg']
[0.154s] Level 1:colcon.colcon_core.package_identification:_identify(cpp_srvcli) by extension 'colcon_pkg'
[0.154s] Level 1:colcon.colcon_core.package_identification:_identify(cpp_srvcli) by extensions ['colcon_meta']
[0.154s] Level 1:colcon.colcon_core.package_identification:_identify(cpp_srvcli) by extension 'colcon_meta'
[0.154s] Level 1:colcon.colcon_core.package_identification:_identify(cpp_srvcli) by extensions ['ros']
[0.154s] Level 1:colcon.colcon_core.package_identification:_identify(cpp_srvcli) by extension 'ros'
[0.157s] DEBUG:colcon.colcon_core.package_identification:Package 'cpp_srvcli' with type 'ros.ament_cmake' and name 'cpp_srvcli'
[0.157s] Level 1:colcon.colcon_core.package_identification:_identify(install) by extensions ['ignore', 'ignore_ament_install']
[0.157s] Level 1:colcon.colcon_core.package_identification:_identify(install) by extension 'ignore'
[0.157s] Level 1:colcon.colcon_core.package_identification:_identify(install) ignored
[0.158s] Level 1:colcon.colcon_core.package_identification:_identify(log) by extensions ['ignore', 'ignore_ament_install']
[0.158s] Level 1:colcon.colcon_core.package_identification:_identify(log) by extension 'ignore'
[0.158s] Level 1:colcon.colcon_core.package_identification:_identify(log) ignored
[0.158s] Level 1:colcon.colcon_core.package_identification:_identify(meshes) by extensions ['ignore', 'ignore_ament_install']
[0.158s] Level 1:colcon.colcon_core.package_identification:_identify(meshes) by extension 'ignore'
[0.158s] Level 1:colcon.colcon_core.package_identification:_identify(meshes) by extension 'ignore_ament_install'
[0.158s] Level 1:colcon.colcon_core.package_identification:_identify(meshes) by extensions ['colcon_pkg']
[0.158s] Level 1:colcon.colcon_core.package_identification:_identify(meshes) by extension 'colcon_pkg'
[0.158s] Level 1:colcon.colcon_core.package_identification:_identify(meshes) by extensions ['colcon_meta']
[0.158s] Level 1:colcon.colcon_core.package_identification:_identify(meshes) by extension 'colcon_meta'
[0.158s] Level 1:colcon.colcon_core.package_identification:_identify(meshes) by extensions ['ros']
[0.158s] Level 1:colcon.colcon_core.package_identification:_identify(meshes) by extension 'ros'
[0.158s] Level 1:colcon.colcon_core.package_identification:_identify(meshes) by extensions ['cmake', 'python']
[0.158s] Level 1:colcon.colcon_core.package_identification:_identify(meshes) by extension 'cmake'
[0.158s] Level 1:colcon.colcon_core.package_identification:_identify(meshes) by extension 'python'
[0.158s] Level 1:colcon.colcon_core.package_identification:_identify(meshes) by extensions ['python_setup_py']
[0.158s] Level 1:colcon.colcon_core.package_identification:_identify(meshes) by extension 'python_setup_py'
[0.158s] Level 1:colcon.colcon_core.package_identification:_identify(meshes/accessories) by extensions ['ignore', 'ignore_ament_install']
[0.158s] Level 1:colcon.colcon_core.package_identification:_identify(meshes/accessories) by extension 'ignore'
[0.159s] Level 1:colcon.colcon_core.package_identification:_identify(meshes/accessories) by extension 'ignore_ament_install'
[0.159s] Level 1:colcon.colcon_core.package_identification:_identify(meshes/accessories) by extensions ['colcon_pkg']
[0.159s] Level 1:colcon.colcon_core.package_identification:_identify(meshes/accessories) by extension 'colcon_pkg'
[0.159s] Level 1:colcon.colcon_core.package_identification:_identify(meshes/accessories) by extensions ['colcon_meta']
[0.159s] Level 1:colcon.colcon_core.package_identification:_identify(meshes/accessories) by extension 'colcon_meta'
[0.159s] Level 1:colcon.colcon_core.package_identification:_identify(meshes/accessories) by extensions ['ros']
[0.159s] Level 1:colcon.colcon_core.package_identification:_identify(meshes/accessories) by extension 'ros'
[0.159s] Level 1:colcon.colcon_core.package_identification:_identify(meshes/accessories) by extensions ['cmake', 'python']
[0.159s] Level 1:colcon.colcon_core.package_identification:_identify(meshes/accessories) by extension 'cmake'
[0.159s] Level 1:colcon.colcon_core.package_identification:_identify(meshes/accessories) by extension 'python'
[0.159s] Level 1:colcon.colcon_core.package_identification:_identify(meshes/accessories) by extensions ['python_setup_py']
[0.159s] Level 1:colcon.colcon_core.package_identification:_identify(meshes/accessories) by extension 'python_setup_py'
[0.159s] Level 1:colcon.colcon_core.package_identification:_identify(radar_conti_ars408) by extensions ['ignore', 'ignore_ament_install']
[0.159s] Level 1:colcon.colcon_core.package_identification:_identify(radar_conti_ars408) by extension 'ignore'
[0.159s] Level 1:colcon.colcon_core.package_identification:_identify(radar_conti_ars408) by extension 'ignore_ament_install'
[0.159s] Level 1:colcon.colcon_core.package_identification:_identify(radar_conti_ars408) by extensions ['colcon_pkg']
[0.159s] Level 1:colcon.colcon_core.package_identification:_identify(radar_conti_ars408) by extension 'colcon_pkg'
[0.159s] Level 1:colcon.colcon_core.package_identification:_identify(radar_conti_ars408) by extensions ['colcon_meta']
[0.159s] Level 1:colcon.colcon_core.package_identification:_identify(radar_conti_ars408) by extension 'colcon_meta'
[0.159s] Level 1:colcon.colcon_core.package_identification:_identify(radar_conti_ars408) by extensions ['ros']
[0.159s] Level 1:colcon.colcon_core.package_identification:_identify(radar_conti_ars408) by extension 'ros'
[0.159s] Level 1:colcon.colcon_core.package_identification:_identify(radar_conti_ars408) by extensions ['cmake', 'python']
[0.159s] Level 1:colcon.colcon_core.package_identification:_identify(radar_conti_ars408) by extension 'cmake'
[0.160s] Level 1:colcon.colcon_core.package_identification:_identify(radar_conti_ars408) by extension 'python'
[0.160s] Level 1:colcon.colcon_core.package_identification:_identify(radar_conti_ars408) by extensions ['python_setup_py']
[0.160s] Level 1:colcon.colcon_core.package_identification:_identify(radar_conti_ars408) by extension 'python_setup_py'
[0.160s] Level 1:colcon.colcon_core.package_identification:_identify(radar_conti_ars408/src) by extensions ['ignore', 'ignore_ament_install']
[0.160s] Level 1:colcon.colcon_core.package_identification:_identify(radar_conti_ars408/src) by extension 'ignore'
[0.160s] Level 1:colcon.colcon_core.package_identification:_identify(radar_conti_ars408/src) by extension 'ignore_ament_install'
[0.160s] Level 1:colcon.colcon_core.package_identification:_identify(radar_conti_ars408/src) by extensions ['colcon_pkg']
[0.160s] Level 1:colcon.colcon_core.package_identification:_identify(radar_conti_ars408/src) by extension 'colcon_pkg'
[0.160s] Level 1:colcon.colcon_core.package_identification:_identify(radar_conti_ars408/src) by extensions ['colcon_meta']
[0.160s] Level 1:colcon.colcon_core.package_identification:_identify(radar_conti_ars408/src) by extension 'colcon_meta'
[0.160s] Level 1:colcon.colcon_core.package_identification:_identify(radar_conti_ars408/src) by extensions ['ros']
[0.160s] Level 1:colcon.colcon_core.package_identification:_identify(radar_conti_ars408/src) by extension 'ros'
[0.161s] DEBUG:colcon.colcon_core.package_identification:Package 'radar_conti_ars408/src' with type 'ros.ament_cmake' and name 'radar_conti_ars408'
[0.161s] Level 1:colcon.colcon_core.package_identification:_identify(radar_conti_ars408_msgs) by extensions ['ignore', 'ignore_ament_install']
[0.161s] Level 1:colcon.colcon_core.package_identification:_identify(radar_conti_ars408_msgs) by extension 'ignore'
[0.161s] Level 1:colcon.colcon_core.package_identification:_identify(radar_conti_ars408_msgs) by extension 'ignore_ament_install'
[0.161s] Level 1:colcon.colcon_core.package_identification:_identify(radar_conti_ars408_msgs) by extensions ['colcon_pkg']
[0.161s] Level 1:colcon.colcon_core.package_identification:_identify(radar_conti_ars408_msgs) by extension 'colcon_pkg'
[0.161s] Level 1:colcon.colcon_core.package_identification:_identify(radar_conti_ars408_msgs) by extensions ['colcon_meta']
[0.161s] Level 1:colcon.colcon_core.package_identification:_identify(radar_conti_ars408_msgs) by extension 'colcon_meta'
[0.161s] Level 1:colcon.colcon_core.package_identification:_identify(radar_conti_ars408_msgs) by extensions ['ros']
[0.161s] Level 1:colcon.colcon_core.package_identification:_identify(radar_conti_ars408_msgs) by extension 'ros'
[0.162s] DEBUG:colcon.colcon_core.package_identification:Package 'radar_conti_ars408_msgs' with type 'ros.ament_cmake' and name 'radar_conti_ars408_msgs'
[0.162s] Level 1:colcon.colcon_core.package_identification:_identify(ros2_socketcan_bridge) by extensions ['ignore', 'ignore_ament_install']
[0.162s] Level 1:colcon.colcon_core.package_identification:_identify(ros2_socketcan_bridge) by extension 'ignore'
[0.162s] Level 1:colcon.colcon_core.package_identification:_identify(ros2_socketcan_bridge) by extension 'ignore_ament_install'
[0.162s] Level 1:colcon.colcon_core.package_identification:_identify(ros2_socketcan_bridge) by extensions ['colcon_pkg']
[0.162s] Level 1:colcon.colcon_core.package_identification:_identify(ros2_socketcan_bridge) by extension 'colcon_pkg'
[0.162s] Level 1:colcon.colcon_core.package_identification:_identify(ros2_socketcan_bridge) by extensions ['colcon_meta']
[0.162s] Level 1:colcon.colcon_core.package_identification:_identify(ros2_socketcan_bridge) by extension 'colcon_meta'
[0.162s] Level 1:colcon.colcon_core.package_identification:_identify(ros2_socketcan_bridge) by extensions ['ros']
[0.162s] Level 1:colcon.colcon_core.package_identification:_identify(ros2_socketcan_bridge) by extension 'ros'
[0.162s] Level 1:colcon.colcon_core.package_identification:_identify(ros2_socketcan_bridge) by extensions ['cmake', 'python']
[0.162s] Level 1:colcon.colcon_core.package_identification:_identify(ros2_socketcan_bridge) by extension 'cmake'
[0.162s] Level 1:colcon.colcon_core.package_identification:_identify(ros2_socketcan_bridge) by extension 'python'
[0.162s] Level 1:colcon.colcon_core.package_identification:_identify(ros2_socketcan_bridge) by extensions ['python_setup_py']
[0.162s] Level 1:colcon.colcon_core.package_identification:_identify(ros2_socketcan_bridge) by extension 'python_setup_py'
[0.162s] Level 1:colcon.colcon_core.package_identification:_identify(ros2_socketcan_bridge/can_msgs) by extensions ['ignore', 'ignore_ament_install']
[0.162s] Level 1:colcon.colcon_core.package_identification:_identify(ros2_socketcan_bridge/can_msgs) by extension 'ignore'
[0.162s] Level 1:colcon.colcon_core.package_identification:_identify(ros2_socketcan_bridge/can_msgs) by extension 'ignore_ament_install'
[0.163s] Level 1:colcon.colcon_core.package_identification:_identify(ros2_socketcan_bridge/can_msgs) by extensions ['colcon_pkg']
[0.163s] Level 1:colcon.colcon_core.package_identification:_identify(ros2_socketcan_bridge/can_msgs) by extension 'colcon_pkg'
[0.163s] Level 1:colcon.colcon_core.package_identification:_identify(ros2_socketcan_bridge/can_msgs) by extensions ['colcon_meta']
[0.163s] Level 1:colcon.colcon_core.package_identification:_identify(ros2_socketcan_bridge/can_msgs) by extension 'colcon_meta'
[0.163s] Level 1:colcon.colcon_core.package_identification:_identify(ros2_socketcan_bridge/can_msgs) by extensions ['ros']
[0.163s] Level 1:colcon.colcon_core.package_identification:_identify(ros2_socketcan_bridge/can_msgs) by extension 'ros'
[0.163s] DEBUG:colcon.colcon_core.package_identification:Package 'ros2_socketcan_bridge/can_msgs' with type 'ros.ament_cmake' and name 'can_msgs'
[0.163s] Level 1:colcon.colcon_core.package_identification:_identify(ros2_socketcan_bridge/ros2socketcan_bridge) by extensions ['ignore', 'ignore_ament_install']
[0.163s] Level 1:colcon.colcon_core.package_identification:_identify(ros2_socketcan_bridge/ros2socketcan_bridge) by extension 'ignore'
[0.163s] Level 1:colcon.colcon_core.package_identification:_identify(ros2_socketcan_bridge/ros2socketcan_bridge) by extension 'ignore_ament_install'
[0.163s] Level 1:colcon.colcon_core.package_identification:_identify(ros2_socketcan_bridge/ros2socketcan_bridge) by extensions ['colcon_pkg']
[0.163s] Level 1:colcon.colcon_core.package_identification:_identify(ros2_socketcan_bridge/ros2socketcan_bridge) by extension 'colcon_pkg'
[0.163s] Level 1:colcon.colcon_core.package_identification:_identify(ros2_socketcan_bridge/ros2socketcan_bridge) by extensions ['colcon_meta']
[0.163s] Level 1:colcon.colcon_core.package_identification:_identify(ros2_socketcan_bridge/ros2socketcan_bridge) by extension 'colcon_meta'
[0.164s] Level 1:colcon.colcon_core.package_identification:_identify(ros2_socketcan_bridge/ros2socketcan_bridge) by extensions ['ros']
[0.164s] Level 1:colcon.colcon_core.package_identification:_identify(ros2_socketcan_bridge/ros2socketcan_bridge) by extension 'ros'
[0.164s] DEBUG:colcon.colcon_core.package_identification:Package 'ros2_socketcan_bridge/ros2socketcan_bridge' with type 'ros.ament_cmake' and name 'ros2socketcan_bridge'
[0.164s] Level 1:colcon.colcon_core.package_discovery:discover_packages(recursive) using defaults
[0.164s] Level 1:colcon.colcon_core.package_discovery:discover_packages(ignore) discover
[0.164s] Level 1:colcon.colcon_core.package_discovery:discover_packages(ignore) using defaults
[0.164s] Level 1:colcon.colcon_core.package_discovery:discover_packages(path) discover
[0.164s] Level 1:colcon.colcon_core.package_discovery:discover_packages(path) using defaults
[0.181s] Level 1:colcon.colcon_core.package_discovery:discover_packages(prefix_path) check parameters
[0.181s] Level 1:colcon.colcon_core.package_discovery:discover_packages(prefix_path) discover
[0.184s] DEBUG:colcon.colcon_installed_package_information.package_discovery:Found 6 installed packages in /home/offroad/radar_ws/src/install
[0.184s] DEBUG:colcon.colcon_installed_package_information.package_discovery:Found 6 installed packages in /home/offroad/radar_ws/install
[0.186s] DEBUG:colcon.colcon_installed_package_information.package_discovery:Found 303 installed packages in /opt/ros/foxy
[0.187s] Level 1:colcon.colcon_core.package_discovery:discover_packages(prefix_path) using defaults
[0.272s] Level 5:colcon.colcon_core.verb:set package 'can_msgs' build argument 'cmake_args' from command line to 'None'
[0.272s] Level 5:colcon.colcon_core.verb:set package 'can_msgs' build argument 'cmake_target' from command line to 'None'
[0.272s] Level 5:colcon.colcon_core.verb:set package 'can_msgs' build argument 'cmake_target_skip_unavailable' from command line to 'False'
[0.272s] Level 5:colcon.colcon_core.verb:set package 'can_msgs' build argument 'cmake_clean_cache' from command line to 'False'
[0.272s] Level 5:colcon.colcon_core.verb:set package 'can_msgs' build argument 'cmake_clean_first' from command line to 'False'
[0.272s] Level 5:colcon.colcon_core.verb:set package 'can_msgs' build argument 'cmake_force_configure' from command line to 'False'
[0.272s] Level 5:colcon.colcon_core.verb:set package 'can_msgs' build argument 'ament_cmake_args' from command line to 'None'
[0.272s] Level 5:colcon.colcon_core.verb:set package 'can_msgs' build argument 'catkin_cmake_args' from command line to 'None'
[0.272s] Level 5:colcon.colcon_core.verb:set package 'can_msgs' build argument 'catkin_skip_building_tests' from command line to 'False'
[0.272s] DEBUG:colcon.colcon_core.verb:Building package 'can_msgs' with the following arguments: {'ament_cmake_args': None, 'build_base': '/home/offroad/radar_ws/src/build/can_msgs', 'catkin_cmake_args': None, 'catkin_skip_building_tests': False, 'cmake_args': None, 'cmake_clean_cache': False, 'cmake_clean_first': False, 'cmake_force_configure': False, 'cmake_target': None, 'cmake_target_skip_unavailable': False, 'install_base': '/home/offroad/radar_ws/src/install/can_msgs', 'merge_install': False, 'path': '/home/offroad/radar_ws/src/ros2_socketcan_bridge/can_msgs', 'symlink_install': False, 'test_result_base': None}
[0.273s] Level 5:colcon.colcon_core.verb:set package 'radar_conti_ars408_msgs' build argument 'cmake_args' from command line to 'None'
[0.273s] Level 5:colcon.colcon_core.verb:set package 'radar_conti_ars408_msgs' build argument 'cmake_target' from command line to 'None'
[0.273s] Level 5:colcon.colcon_core.verb:set package 'radar_conti_ars408_msgs' build argument 'cmake_target_skip_unavailable' from command line to 'False'
[0.273s] Level 5:colcon.colcon_core.verb:set package 'radar_conti_ars408_msgs' build argument 'cmake_clean_cache' from command line to 'False'
[0.273s] Level 5:colcon.colcon_core.verb:set package 'radar_conti_ars408_msgs' build argument 'cmake_clean_first' from command line to 'False'
[0.273s] Level 5:colcon.colcon_core.verb:set package 'radar_conti_ars408_msgs' build argument 'cmake_force_configure' from command line to 'False'
[0.273s] Level 5:colcon.colcon_core.verb:set package 'radar_conti_ars408_msgs' build argument 'ament_cmake_args' from command line to 'None'
[0.273s] Level 5:colcon.colcon_core.verb:set package 'radar_conti_ars408_msgs' build argument 'catkin_cmake_args' from command line to 'None'
[0.273s] Level 5:colcon.colcon_core.verb:set package 'radar_conti_ars408_msgs' build argument 'catkin_skip_building_tests' from command line to 'False'
[0.273s] DEBUG:colcon.colcon_core.verb:Building package 'radar_conti_ars408_msgs' with the following arguments: {'ament_cmake_args': None, 'build_base': '/home/offroad/radar_ws/src/build/radar_conti_ars408_msgs', 'catkin_cmake_args': None, 'catkin_skip_building_tests': False, 'cmake_args': None, 'cmake_clean_cache': False, 'cmake_clean_first': False, 'cmake_force_configure': False, 'cmake_target': None, 'cmake_target_skip_unavailable': False, 'install_base': '/home/offroad/radar_ws/src/install/radar_conti_ars408_msgs', 'merge_install': False, 'path': '/home/offroad/radar_ws/src/radar_conti_ars408_msgs', 'symlink_install': False, 'test_result_base': None}
[0.274s] Level 5:colcon.colcon_core.verb:set package 'cpp_srvcli' build argument 'cmake_args' from command line to 'None'
[0.274s] Level 5:colcon.colcon_core.verb:set package 'cpp_srvcli' build argument 'cmake_target' from command line to 'None'
[0.274s] Level 5:colcon.colcon_core.verb:set package 'cpp_srvcli' build argument 'cmake_target_skip_unavailable' from command line to 'False'
[0.274s] Level 5:colcon.colcon_core.verb:set package 'cpp_srvcli' build argument 'cmake_clean_cache' from command line to 'False'
[0.274s] Level 5:colcon.colcon_core.verb:set package 'cpp_srvcli' build argument 'cmake_clean_first' from command line to 'False'
[0.274s] Level 5:colcon.colcon_core.verb:set package 'cpp_srvcli' build argument 'cmake_force_configure' from command line to 'False'
[0.274s] Level 5:colcon.colcon_core.verb:set package 'cpp_srvcli' build argument 'ament_cmake_args' from command line to 'None'
[0.274s] Level 5:colcon.colcon_core.verb:set package 'cpp_srvcli' build argument 'catkin_cmake_args' from command line to 'None'
[0.274s] Level 5:colcon.colcon_core.verb:set package 'cpp_srvcli' build argument 'catkin_skip_building_tests' from command line to 'False'
[0.274s] DEBUG:colcon.colcon_core.verb:Building package 'cpp_srvcli' with the following arguments: {'ament_cmake_args': None, 'build_base': '/home/offroad/radar_ws/src/build/cpp_srvcli', 'catkin_cmake_args': None, 'catkin_skip_building_tests': False, 'cmake_args': None, 'cmake_clean_cache': False, 'cmake_clean_first': False, 'cmake_force_configure': False, 'cmake_target': None, 'cmake_target_skip_unavailable': False, 'install_base': '/home/offroad/radar_ws/src/install/cpp_srvcli', 'merge_install': False, 'path': '/home/offroad/radar_ws/src/cpp_srvcli', 'symlink_install': False, 'test_result_base': None}
[0.274s] Level 5:colcon.colcon_core.verb:set package 'ros2socketcan_bridge' build argument 'cmake_args' from command line to 'None'
[0.274s] Level 5:colcon.colcon_core.verb:set package 'ros2socketcan_bridge' build argument 'cmake_target' from command line to 'None'
[0.274s] Level 5:colcon.colcon_core.verb:set package 'ros2socketcan_bridge' build argument 'cmake_target_skip_unavailable' from command line to 'False'
[0.274s] Level 5:colcon.colcon_core.verb:set package 'ros2socketcan_bridge' build argument 'cmake_clean_cache' from command line to 'False'
[0.275s] Level 5:colcon.colcon_core.verb:set package 'ros2socketcan_bridge' build argument 'cmake_clean_first' from command line to 'False'
[0.275s] Level 5:colcon.colcon_core.verb:set package 'ros2socketcan_bridge' build argument 'cmake_force_configure' from command line to 'False'
[0.275s] Level 5:colcon.colcon_core.verb:set package 'ros2socketcan_bridge' build argument 'ament_cmake_args' from command line to 'None'
[0.275s] Level 5:colcon.colcon_core.verb:set package 'ros2socketcan_bridge' build argument 'catkin_cmake_args' from command line to 'None'
[0.275s] Level 5:colcon.colcon_core.verb:set package 'ros2socketcan_bridge' build argument 'catkin_skip_building_tests' from command line to 'False'
[0.275s] DEBUG:colcon.colcon_core.verb:Building package 'ros2socketcan_bridge' with the following arguments: {'ament_cmake_args': None, 'build_base': '/home/offroad/radar_ws/src/build/ros2socketcan_bridge', 'catkin_cmake_args': None, 'catkin_skip_building_tests': False, 'cmake_args': None, 'cmake_clean_cache': False, 'cmake_clean_first': False, 'cmake_force_configure': False, 'cmake_target': None, 'cmake_target_skip_unavailable': False, 'install_base': '/home/offroad/radar_ws/src/install/ros2socketcan_bridge', 'merge_install': False, 'path': '/home/offroad/radar_ws/src/ros2_socketcan_bridge/ros2socketcan_bridge', 'symlink_install': False, 'test_result_base': None}
[0.275s] Level 5:colcon.colcon_core.verb:set package 'radar_conti_ars408' build argument 'cmake_args' from command line to 'None'
[0.275s] Level 5:colcon.colcon_core.verb:set package 'radar_conti_ars408' build argument 'cmake_target' from command line to 'None'
[0.275s] Level 5:colcon.colcon_core.verb:set package 'radar_conti_ars408' build argument 'cmake_target_skip_unavailable' from command line to 'False'
[0.275s] Level 5:colcon.colcon_core.verb:set package 'radar_conti_ars408' build argument 'cmake_clean_cache' from command line to 'False'
[0.275s] Level 5:colcon.colcon_core.verb:set package 'radar_conti_ars408' build argument 'cmake_clean_first' from command line to 'False'
[0.275s] Level 5:colcon.colcon_core.verb:set package 'radar_conti_ars408' build argument 'cmake_force_configure' from command line to 'False'
[0.275s] Level 5:colcon.colcon_core.verb:set package 'radar_conti_ars408' build argument 'ament_cmake_args' from command line to 'None'
[0.275s] Level 5:colcon.colcon_core.verb:set package 'radar_conti_ars408' build argument 'catkin_cmake_args' from command line to 'None'
[0.275s] Level 5:colcon.colcon_core.verb:set package 'radar_conti_ars408' build argument 'catkin_skip_building_tests' from command line to 'False'
[0.275s] DEBUG:colcon.colcon_core.verb:Building package 'radar_conti_ars408' with the following arguments: {'ament_cmake_args': None, 'build_base': '/home/offroad/radar_ws/src/build/radar_conti_ars408', 'catkin_cmake_args': None, 'catkin_skip_building_tests': False, 'cmake_args': None, 'cmake_clean_cache': False, 'cmake_clean_first': False, 'cmake_force_configure': False, 'cmake_target': None, 'cmake_target_skip_unavailable': False, 'install_base': '/home/offroad/radar_ws/src/install/radar_conti_ars408', 'merge_install': False, 'path': '/home/offroad/radar_ws/src/radar_conti_ars408/src', 'symlink_install': False, 'test_result_base': None}
[0.276s] INFO:colcon.colcon_core.executor:Executing jobs using 'parallel' executor
[0.278s] DEBUG:colcon.colcon_parallel_executor.executor.parallel:run_until_complete
[0.278s] INFO:colcon.colcon_ros.task.ament_cmake.build:Building ROS package in '/home/offroad/radar_ws/src/ros2_socketcan_bridge/can_msgs' with build type 'ament_cmake'
[0.278s] INFO:colcon.colcon_cmake.task.cmake.build:Building CMake package in '/home/offroad/radar_ws/src/ros2_socketcan_bridge/can_msgs'
[0.281s] INFO:colcon.colcon_core.plugin_system:Skipping extension 'colcon_core.shell.bat': Not used on non-Windows systems
[0.281s] INFO:colcon.colcon_core.shell:Skip shell extension 'powershell' for command environment: Not usable outside of PowerShell
[0.281s] DEBUG:colcon.colcon_core.shell:Skip shell extension 'dsv' for command environment
[0.288s] INFO:colcon.colcon_ros.task.ament_cmake.build:Building ROS package in '/home/offroad/radar_ws/src/radar_conti_ars408_msgs' with build type 'ament_cmake'
[0.288s] INFO:colcon.colcon_cmake.task.cmake.build:Building CMake package in '/home/offroad/radar_ws/src/radar_conti_ars408_msgs'
[0.289s] INFO:colcon.colcon_core.shell:Skip shell extension 'powershell' for command environment: Not usable outside of PowerShell
[0.289s] DEBUG:colcon.colcon_core.shell:Skip shell extension 'dsv' for command environment
[0.300s] DEBUG:colcon.colcon_core.event_handler.log_command:Invoking command in '/home/offroad/radar_ws/src/build/can_msgs': CMAKE_PREFIX_PATH=${CMAKE_PREFIX_PATH}:/opt/ros/foxy /usr/bin/cmake --build /home/offroad/radar_ws/src/build/can_msgs -- -j12 -l12
[0.311s] DEBUG:colcon.colcon_core.event_handler.log_command:Invoking command in '/home/offroad/radar_ws/src/build/radar_conti_ars408_msgs': CMAKE_PREFIX_PATH=${CMAKE_PREFIX_PATH}:/opt/ros/foxy /usr/bin/cmake --build /home/offroad/radar_ws/src/build/radar_conti_ars408_msgs -- -j12 -l12
[0.554s] DEBUG:colcon.colcon_core.event_handler.log_command:Invoked command in '/home/offroad/radar_ws/src/build/can_msgs' returned '0': CMAKE_PREFIX_PATH=${CMAKE_PREFIX_PATH}:/opt/ros/foxy /usr/bin/cmake --build /home/offroad/radar_ws/src/build/can_msgs -- -j12 -l12
[0.594s] DEBUG:colcon.colcon_core.event_handler.log_command:Invoked command in '/home/offroad/radar_ws/src/build/radar_conti_ars408_msgs' returned '0': CMAKE_PREFIX_PATH=${CMAKE_PREFIX_PATH}:/opt/ros/foxy /usr/bin/cmake --build /home/offroad/radar_ws/src/build/radar_conti_ars408_msgs -- -j12 -l12
[0.623s] DEBUG:colcon.colcon_core.event_handler.log_command:Invoking command in '/home/offroad/radar_ws/src/build/can_msgs': CMAKE_PREFIX_PATH=${CMAKE_PREFIX_PATH}:/opt/ros/foxy /usr/bin/cmake --install /home/offroad/radar_ws/src/build/can_msgs
[0.679s] Level 1:colcon.colcon_core.environment:create_environment_scripts_only(can_msgs)
[0.680s] DEBUG:colcon.colcon_core.event_handler.log_command:Invoked command in '/home/offroad/radar_ws/src/build/can_msgs' returned '0': CMAKE_PREFIX_PATH=${CMAKE_PREFIX_PATH}:/opt/ros/foxy /usr/bin/cmake --install /home/offroad/radar_ws/src/build/can_msgs
[0.686s] Level 1:colcon.colcon_core.environment:checking '/home/offroad/radar_ws/src/install/can_msgs' for CMake module files
[0.687s] Level 1:colcon.colcon_core.environment:checking '/home/offroad/radar_ws/src/install/can_msgs' for CMake config files
[0.687s] Level 1:colcon.colcon_core.shell:create_environment_hook('can_msgs', 'cmake_prefix_path')
[0.688s] INFO:colcon.colcon_core.shell:Creating environment hook '/home/offroad/radar_ws/src/install/can_msgs/share/can_msgs/hook/cmake_prefix_path.ps1'
[0.688s] INFO:colcon.colcon_core.shell:Creating environment descriptor '/home/offroad/radar_ws/src/install/can_msgs/share/can_msgs/hook/cmake_prefix_path.dsv'
[0.689s] INFO:colcon.colcon_core.shell:Creating environment hook '/home/offroad/radar_ws/src/install/can_msgs/share/can_msgs/hook/cmake_prefix_path.sh'
[0.690s] Level 1:colcon.colcon_core.environment:checking '/home/offroad/radar_ws/src/install/can_msgs/lib'
[0.690s] Level 1:colcon.colcon_core.shell:create_environment_hook('can_msgs', 'ld_library_path_lib')
[0.690s] INFO:colcon.colcon_core.shell:Creating environment hook '/home/offroad/radar_ws/src/install/can_msgs/share/can_msgs/hook/ld_library_path_lib.ps1'
[0.691s] INFO:colcon.colcon_core.shell:Creating environment descriptor '/home/offroad/radar_ws/src/install/can_msgs/share/can_msgs/hook/ld_library_path_lib.dsv'
[0.691s] INFO:colcon.colcon_core.shell:Creating environment hook '/home/offroad/radar_ws/src/install/can_msgs/share/can_msgs/hook/ld_library_path_lib.sh'
[0.691s] Level 1:colcon.colcon_core.environment:checking '/home/offroad/radar_ws/src/install/can_msgs/bin'
[0.691s] Level 1:colcon.colcon_core.environment:checking '/home/offroad/radar_ws/src/install/can_msgs/lib/pkgconfig/can_msgs.pc'
[0.691s] Level 1:colcon.colcon_core.environment:checking '/home/offroad/radar_ws/src/install/can_msgs/lib/python3.8/site-packages'
[0.691s] Level 1:colcon.colcon_core.shell:create_environment_hook('can_msgs', 'pythonpath')
[0.692s] INFO:colcon.colcon_core.shell:Creating environment hook '/home/offroad/radar_ws/src/install/can_msgs/share/can_msgs/hook/pythonpath.ps1'
[0.692s] INFO:colcon.colcon_core.shell:Creating environment descriptor '/home/offroad/radar_ws/src/install/can_msgs/share/can_msgs/hook/pythonpath.dsv'
[0.692s] INFO:colcon.colcon_core.shell:Creating environment hook '/home/offroad/radar_ws/src/install/can_msgs/share/can_msgs/hook/pythonpath.sh'
[0.693s] Level 1:colcon.colcon_core.environment:checking '/home/offroad/radar_ws/src/install/can_msgs/bin'
[0.693s] INFO:colcon.colcon_core.shell:Creating package script '/home/offroad/radar_ws/src/install/can_msgs/share/can_msgs/package.ps1'
[0.694s] INFO:colcon.colcon_core.shell:Creating package descriptor '/home/offroad/radar_ws/src/install/can_msgs/share/can_msgs/package.dsv'
[0.695s] INFO:colcon.colcon_core.shell:Creating package script '/home/offroad/radar_ws/src/install/can_msgs/share/can_msgs/package.sh'
[0.695s] INFO:colcon.colcon_core.shell:Creating package script '/home/offroad/radar_ws/src/install/can_msgs/share/can_msgs/package.bash'
[0.696s] INFO:colcon.colcon_core.shell:Creating package script '/home/offroad/radar_ws/src/install/can_msgs/share/can_msgs/package.zsh'
[0.696s] Level 1:colcon.colcon_core.environment:create_file_with_runtime_dependencies(/home/offroad/radar_ws/src/install/can_msgs/share/colcon-core/packages/can_msgs)
[0.744s] Level 1:colcon.colcon_core.environment:create_environment_scripts_only(can_msgs)
[0.745s] Level 1:colcon.colcon_core.environment:checking '/home/offroad/radar_ws/src/install/can_msgs' for CMake module files
[0.746s] Level 1:colcon.colcon_core.environment:checking '/home/offroad/radar_ws/src/install/can_msgs' for CMake config files
[0.746s] Level 1:colcon.colcon_core.shell:create_environment_hook('can_msgs', 'cmake_prefix_path')
[0.747s] INFO:colcon.colcon_core.shell:Creating environment hook '/home/offroad/radar_ws/src/install/can_msgs/share/can_msgs/hook/cmake_prefix_path.ps1'
[0.747s] INFO:colcon.colcon_core.shell:Creating environment descriptor '/home/offroad/radar_ws/src/install/can_msgs/share/can_msgs/hook/cmake_prefix_path.dsv'
[0.748s] INFO:colcon.colcon_core.shell:Creating environment hook '/home/offroad/radar_ws/src/install/can_msgs/share/can_msgs/hook/cmake_prefix_path.sh'
[0.748s] Level 1:colcon.colcon_core.environment:checking '/home/offroad/radar_ws/src/install/can_msgs/lib'
[0.748s] Level 1:colcon.colcon_core.shell:create_environment_hook('can_msgs', 'ld_library_path_lib')
[0.749s] INFO:colcon.colcon_core.shell:Creating environment hook '/home/offroad/radar_ws/src/install/can_msgs/share/can_msgs/hook/ld_library_path_lib.ps1'
[0.750s] INFO:colcon.colcon_core.shell:Creating environment descriptor '/home/offroad/radar_ws/src/install/can_msgs/share/can_msgs/hook/ld_library_path_lib.dsv'
[0.750s] INFO:colcon.colcon_core.shell:Creating environment hook '/home/offroad/radar_ws/src/install/can_msgs/share/can_msgs/hook/ld_library_path_lib.sh'
[0.751s] Level 1:colcon.colcon_core.environment:checking '/home/offroad/radar_ws/src/install/can_msgs/bin'
[0.751s] Level 1:colcon.colcon_core.environment:checking '/home/offroad/radar_ws/src/install/can_msgs/lib/pkgconfig/can_msgs.pc'
[0.751s] Level 1:colcon.colcon_core.environment:checking '/home/offroad/radar_ws/src/install/can_msgs/lib/python3.8/site-packages'
[0.751s] Level 1:colcon.colcon_core.shell:create_environment_hook('can_msgs', 'pythonpath')
[0.752s] INFO:colcon.colcon_core.shell:Creating environment hook '/home/offroad/radar_ws/src/install/can_msgs/share/can_msgs/hook/pythonpath.ps1'
[0.752s] INFO:colcon.colcon_core.shell:Creating environment descriptor '/home/offroad/radar_ws/src/install/can_msgs/share/can_msgs/hook/pythonpath.dsv'
[0.752s] INFO:colcon.colcon_core.shell:Creating environment hook '/home/offroad/radar_ws/src/install/can_msgs/share/can_msgs/hook/pythonpath.sh'
[0.753s] Level 1:colcon.colcon_core.environment:checking '/home/offroad/radar_ws/src/install/can_msgs/bin'
[0.754s] INFO:colcon.colcon_core.shell:Creating package script '/home/offroad/radar_ws/src/install/can_msgs/share/can_msgs/package.ps1'
[0.754s] INFO:colcon.colcon_core.shell:Creating package descriptor '/home/offroad/radar_ws/src/install/can_msgs/share/can_msgs/package.dsv'
[0.755s] INFO:colcon.colcon_core.shell:Creating package script '/home/offroad/radar_ws/src/install/can_msgs/share/can_msgs/package.sh'
[0.755s] INFO:colcon.colcon_core.shell:Creating package script '/home/offroad/radar_ws/src/install/can_msgs/share/can_msgs/package.bash'
[0.755s] INFO:colcon.colcon_core.shell:Creating package script '/home/offroad/radar_ws/src/install/can_msgs/share/can_msgs/package.zsh'
[0.756s] Level 1:colcon.colcon_core.environment:create_file_with_runtime_dependencies(/home/offroad/radar_ws/src/install/can_msgs/share/colcon-core/packages/can_msgs)
[0.756s] INFO:colcon.colcon_ros.task.ament_cmake.build:Building ROS package in '/home/offroad/radar_ws/src/ros2_socketcan_bridge/ros2socketcan_bridge' with build type 'ament_cmake'
[0.757s] INFO:colcon.colcon_cmake.task.cmake.build:Building CMake package in '/home/offroad/radar_ws/src/ros2_socketcan_bridge/ros2socketcan_bridge'
[0.757s] INFO:colcon.colcon_core.shell:Skip shell extension 'powershell' for command environment: Not usable outside of PowerShell
[0.757s] DEBUG:colcon.colcon_core.shell:Skip shell extension 'dsv' for command environment
[0.773s] DEBUG:colcon.colcon_core.event_handler.log_command:Invoking command in '/home/offroad/radar_ws/src/build/ros2socketcan_bridge': CMAKE_PREFIX_PATH=/home/offroad/radar_ws/src/install/can_msgs:/home/offroad/radar_ws/src/install/ros2socketcan_bridge:/home/offroad/radar_ws/src/install/radar_conti_ars408:/home/offroad/radar_ws/src/install/cpp_srvcli:/home/offroad/radar_ws/src/install/radar_conti_ars408_msgs:/home/offroad/radar_ws/install/ros2socketcan_bridge:/home/offroad/radar_ws/install/radar_conti_ars408:/home/offroad/radar_ws/install/cpp_srvcli:/home/offroad/radar_ws/install/radar_conti_ars408_msgs:/home/offroad/radar_ws/install/cpp_pubsub:/home/offroad/radar_ws/install/can_msgs:/opt/ros/foxy LD_LIBRARY_PATH=/home/offroad/radar_ws/src/install/can_msgs/lib:/home/offroad/radar_ws/src/install/radar_conti_ars408/lib:/home/offroad/radar_ws/src/install/radar_conti_ars408_msgs/lib:/home/offroad/radar_ws/install/radar_conti_ars408/lib:/home/offroad/radar_ws/install/radar_conti_ars408_msgs/lib:/home/offroad/radar_ws/install/can_msgs/lib:/usr/lib/x86_64-linux-gnu/gazebo-11/plugins:/opt/ros/foxy/opt/yaml_cpp_vendor/lib:/opt/ros/foxy/opt/rviz_ogre_vendor/lib:/opt/ros/foxy/lib/x86_64-linux-gnu:/opt/ros/foxy/lib PYTHONPATH=/home/offroad/radar_ws/src/install/can_msgs/lib/python3.8/site-packages:/home/offroad/radar_ws/src/install/radar_conti_ars408_msgs/lib/python3.8/site-packages:/home/offroad/radar_ws/install/radar_conti_ars408_msgs/lib/python3.8/site-packages:/home/offroad/radar_ws/install/can_msgs/lib/python3.8/site-packages:/opt/ros/foxy/lib/python3.8/site-packages /usr/bin/cmake --build /home/offroad/radar_ws/src/build/ros2socketcan_bridge -- -j12 -l12
[0.843s] DEBUG:colcon.colcon_core.event_handler.log_command:Invoked command in '/home/offroad/radar_ws/src/build/ros2socketcan_bridge' returned '0': CMAKE_PREFIX_PATH=/home/offroad/radar_ws/src/install/can_msgs:/home/offroad/radar_ws/src/install/ros2socketcan_bridge:/home/offroad/radar_ws/src/install/radar_conti_ars408:/home/offroad/radar_ws/src/install/cpp_srvcli:/home/offroad/radar_ws/src/install/radar_conti_ars408_msgs:/home/offroad/radar_ws/install/ros2socketcan_bridge:/home/offroad/radar_ws/install/radar_conti_ars408:/home/offroad/radar_ws/install/cpp_srvcli:/home/offroad/radar_ws/install/radar_conti_ars408_msgs:/home/offroad/radar_ws/install/cpp_pubsub:/home/offroad/radar_ws/install/can_msgs:/opt/ros/foxy LD_LIBRARY_PATH=/home/offroad/radar_ws/src/install/can_msgs/lib:/home/offroad/radar_ws/src/install/radar_conti_ars408/lib:/home/offroad/radar_ws/src/install/radar_conti_ars408_msgs/lib:/home/offroad/radar_ws/install/radar_conti_ars408/lib:/home/offroad/radar_ws/install/radar_conti_ars408_msgs/lib:/home/offroad/radar_ws/install/can_msgs/lib:/usr/lib/x86_64-linux-gnu/gazebo-11/plugins:/opt/ros/foxy/opt/yaml_cpp_vendor/lib:/opt/ros/foxy/opt/rviz_ogre_vendor/lib:/opt/ros/foxy/lib/x86_64-linux-gnu:/opt/ros/foxy/lib PYTHONPATH=/home/offroad/radar_ws/src/install/can_msgs/lib/python3.8/site-packages:/home/offroad/radar_ws/src/install/radar_conti_ars408_msgs/lib/python3.8/site-packages:/home/offroad/radar_ws/install/radar_conti_ars408_msgs/lib/python3.8/site-packages:/home/offroad/radar_ws/install/can_msgs/lib/python3.8/site-packages:/opt/ros/foxy/lib/python3.8/site-packages /usr/bin/cmake --build /home/offroad/radar_ws/src/build/ros2socketcan_bridge -- -j12 -l12
[0.868s] DEBUG:colcon.colcon_core.event_handler.log_command:Invoking command in '/home/offroad/radar_ws/src/build/ros2socketcan_bridge': CMAKE_PREFIX_PATH=/home/offroad/radar_ws/src/install/can_msgs:/home/offroad/radar_ws/src/install/ros2socketcan_bridge:/home/offroad/radar_ws/src/install/radar_conti_ars408:/home/offroad/radar_ws/src/install/cpp_srvcli:/home/offroad/radar_ws/src/install/radar_conti_ars408_msgs:/home/offroad/radar_ws/install/ros2socketcan_bridge:/home/offroad/radar_ws/install/radar_conti_ars408:/home/offroad/radar_ws/install/cpp_srvcli:/home/offroad/radar_ws/install/radar_conti_ars408_msgs:/home/offroad/radar_ws/install/cpp_pubsub:/home/offroad/radar_ws/install/can_msgs:/opt/ros/foxy LD_LIBRARY_PATH=/home/offroad/radar_ws/src/install/can_msgs/lib:/home/offroad/radar_ws/src/install/radar_conti_ars408/lib:/home/offroad/radar_ws/src/install/radar_conti_ars408_msgs/lib:/home/offroad/radar_ws/install/radar_conti_ars408/lib:/home/offroad/radar_ws/install/radar_conti_ars408_msgs/lib:/home/offroad/radar_ws/install/can_msgs/lib:/usr/lib/x86_64-linux-gnu/gazebo-11/plugins:/opt/ros/foxy/opt/yaml_cpp_vendor/lib:/opt/ros/foxy/opt/rviz_ogre_vendor/lib:/opt/ros/foxy/lib/x86_64-linux-gnu:/opt/ros/foxy/lib PYTHONPATH=/home/offroad/radar_ws/src/install/can_msgs/lib/python3.8/site-packages:/home/offroad/radar_ws/src/install/radar_conti_ars408_msgs/lib/python3.8/site-packages:/home/offroad/radar_ws/install/radar_conti_ars408_msgs/lib/python3.8/site-packages:/home/offroad/radar_ws/install/can_msgs/lib/python3.8/site-packages:/opt/ros/foxy/lib/python3.8/site-packages /usr/bin/cmake --install /home/offroad/radar_ws/src/build/ros2socketcan_bridge
[0.879s] Level 1:colcon.colcon_core.environment:create_environment_scripts_only(ros2socketcan_bridge)
[0.880s] Level 1:colcon.colcon_core.environment:checking '/home/offroad/radar_ws/src/install/ros2socketcan_bridge' for CMake module files
[0.882s] DEBUG:colcon.colcon_core.event_handler.log_command:Invoked command in '/home/offroad/radar_ws/src/build/ros2socketcan_bridge' returned '0': CMAKE_PREFIX_PATH=/home/offroad/radar_ws/src/install/can_msgs:/home/offroad/radar_ws/src/install/ros2socketcan_bridge:/home/offroad/radar_ws/src/install/radar_conti_ars408:/home/offroad/radar_ws/src/install/cpp_srvcli:/home/offroad/radar_ws/src/install/radar_conti_ars408_msgs:/home/offroad/radar_ws/install/ros2socketcan_bridge:/home/offroad/radar_ws/install/radar_conti_ars408:/home/offroad/radar_ws/install/cpp_srvcli:/home/offroad/radar_ws/install/radar_conti_ars408_msgs:/home/offroad/radar_ws/install/cpp_pubsub:/home/offroad/radar_ws/install/can_msgs:/opt/ros/foxy LD_LIBRARY_PATH=/home/offroad/radar_ws/src/install/can_msgs/lib:/home/offroad/radar_ws/src/install/radar_conti_ars408/lib:/home/offroad/radar_ws/src/install/radar_conti_ars408_msgs/lib:/home/offroad/radar_ws/install/radar_conti_ars408/lib:/home/offroad/radar_ws/install/radar_conti_ars408_msgs/lib:/home/offroad/radar_ws/install/can_msgs/lib:/usr/lib/x86_64-linux-gnu/gazebo-11/plugins:/opt/ros/foxy/opt/yaml_cpp_vendor/lib:/opt/ros/foxy/opt/rviz_ogre_vendor/lib:/opt/ros/foxy/lib/x86_64-linux-gnu:/opt/ros/foxy/lib PYTHONPATH=/home/offroad/radar_ws/src/install/can_msgs/lib/python3.8/site-packages:/home/offroad/radar_ws/src/install/radar_conti_ars408_msgs/lib/python3.8/site-packages:/home/offroad/radar_ws/install/radar_conti_ars408_msgs/lib/python3.8/site-packages:/home/offroad/radar_ws/install/can_msgs/lib/python3.8/site-packages:/opt/ros/foxy/lib/python3.8/site-packages /usr/bin/cmake --install /home/offroad/radar_ws/src/build/ros2socketcan_bridge
[0.883s] Level 1:colcon.colcon_core.environment:checking '/home/offroad/radar_ws/src/install/ros2socketcan_bridge' for CMake config files
[0.883s] Level 1:colcon.colcon_core.shell:create_environment_hook('ros2socketcan_bridge', 'cmake_prefix_path')
[0.884s] INFO:colcon.colcon_core.shell:Creating environment hook '/home/offroad/radar_ws/src/install/ros2socketcan_bridge/share/ros2socketcan_bridge/hook/cmake_prefix_path.ps1'
[0.884s] INFO:colcon.colcon_core.shell:Creating environment descriptor '/home/offroad/radar_ws/src/install/ros2socketcan_bridge/share/ros2socketcan_bridge/hook/cmake_prefix_path.dsv'
[0.885s] INFO:colcon.colcon_core.shell:Creating environment hook '/home/offroad/radar_ws/src/install/ros2socketcan_bridge/share/ros2socketcan_bridge/hook/cmake_prefix_path.sh'
[0.885s] Level 1:colcon.colcon_core.environment:checking '/home/offroad/radar_ws/src/install/ros2socketcan_bridge/lib'
[0.885s] Level 1:colcon.colcon_core.environment:checking '/home/offroad/radar_ws/src/install/ros2socketcan_bridge/bin'
[0.885s] Level 1:colcon.colcon_core.environment:checking '/home/offroad/radar_ws/src/install/ros2socketcan_bridge/lib/pkgconfig/ros2socketcan_bridge.pc'
[0.886s] Level 1:colcon.colcon_core.environment:checking '/home/offroad/radar_ws/src/install/ros2socketcan_bridge/lib/python3.8/site-packages'
[0.886s] Level 1:colcon.colcon_core.environment:checking '/home/offroad/radar_ws/src/install/ros2socketcan_bridge/bin'
[0.886s] INFO:colcon.colcon_core.shell:Creating package script '/home/offroad/radar_ws/src/install/ros2socketcan_bridge/share/ros2socketcan_bridge/package.ps1'
[0.887s] INFO:colcon.colcon_core.shell:Creating package descriptor '/home/offroad/radar_ws/src/install/ros2socketcan_bridge/share/ros2socketcan_bridge/package.dsv'
[0.888s] INFO:colcon.colcon_core.shell:Creating package script '/home/offroad/radar_ws/src/install/ros2socketcan_bridge/share/ros2socketcan_bridge/package.sh'
[0.888s] INFO:colcon.colcon_core.shell:Creating package script '/home/offroad/radar_ws/src/install/ros2socketcan_bridge/share/ros2socketcan_bridge/package.bash'
[0.888s] INFO:colcon.colcon_core.shell:Creating package script '/home/offroad/radar_ws/src/install/ros2socketcan_bridge/share/ros2socketcan_bridge/package.zsh'
[0.889s] Level 1:colcon.colcon_core.environment:create_file_with_runtime_dependencies(/home/offroad/radar_ws/src/install/ros2socketcan_bridge/share/colcon-core/packages/ros2socketcan_bridge)
[0.912s] Level 1:colcon.colcon_core.environment:create_environment_scripts_only(ros2socketcan_bridge)
[0.913s] Level 1:colcon.colcon_core.environment:checking '/home/offroad/radar_ws/src/install/ros2socketcan_bridge' for CMake module files
[0.914s] Level 1:colcon.colcon_core.environment:checking '/home/offroad/radar_ws/src/install/ros2socketcan_bridge' for CMake config files
[0.914s] Level 1:colcon.colcon_core.shell:create_environment_hook('ros2socketcan_bridge', 'cmake_prefix_path')
[0.915s] INFO:colcon.colcon_core.shell:Creating environment hook '/home/offroad/radar_ws/src/install/ros2socketcan_bridge/share/ros2socketcan_bridge/hook/cmake_prefix_path.ps1'
[0.915s] INFO:colcon.colcon_core.shell:Creating environment descriptor '/home/offroad/radar_ws/src/install/ros2socketcan_bridge/share/ros2socketcan_bridge/hook/cmake_prefix_path.dsv'
[0.916s] INFO:colcon.colcon_core.shell:Creating environment hook '/home/offroad/radar_ws/src/install/ros2socketcan_bridge/share/ros2socketcan_bridge/hook/cmake_prefix_path.sh'
[0.916s] Level 1:colcon.colcon_core.environment:checking '/home/offroad/radar_ws/src/install/ros2socketcan_bridge/lib'
[0.916s] Level 1:colcon.colcon_core.environment:checking '/home/offroad/radar_ws/src/install/ros2socketcan_bridge/bin'
[0.916s] Level 1:colcon.colcon_core.environment:checking '/home/offroad/radar_ws/src/install/ros2socketcan_bridge/lib/pkgconfig/ros2socketcan_bridge.pc'
[0.917s] Level 1:colcon.colcon_core.environment:checking '/home/offroad/radar_ws/src/install/ros2socketcan_bridge/lib/python3.8/site-packages'
[0.917s] Level 1:colcon.colcon_core.environment:checking '/home/offroad/radar_ws/src/install/ros2socketcan_bridge/bin'
[0.918s] INFO:colcon.colcon_core.shell:Creating package script '/home/offroad/radar_ws/src/install/ros2socketcan_bridge/share/ros2socketcan_bridge/package.ps1'
[0.918s] INFO:colcon.colcon_core.shell:Creating package descriptor '/home/offroad/radar_ws/src/install/ros2socketcan_bridge/share/ros2socketcan_bridge/package.dsv'
[0.919s] INFO:colcon.colcon_core.shell:Creating package script '/home/offroad/radar_ws/src/install/ros2socketcan_bridge/share/ros2socketcan_bridge/package.sh'
[0.919s] INFO:colcon.colcon_core.shell:Creating package script '/home/offroad/radar_ws/src/install/ros2socketcan_bridge/share/ros2socketcan_bridge/package.bash'
[0.919s] INFO:colcon.colcon_core.shell:Creating package script '/home/offroad/radar_ws/src/install/ros2socketcan_bridge/share/ros2socketcan_bridge/package.zsh'
[0.920s] Level 1:colcon.colcon_core.environment:create_file_with_runtime_dependencies(/home/offroad/radar_ws/src/install/ros2socketcan_bridge/share/colcon-core/packages/ros2socketcan_bridge)
[0.923s] DEBUG:colcon.colcon_core.event_handler.log_command:Invoking command in '/home/offroad/radar_ws/src/build/radar_conti_ars408_msgs': CMAKE_PREFIX_PATH=${CMAKE_PREFIX_PATH}:/opt/ros/foxy /usr/bin/cmake --install /home/offroad/radar_ws/src/build/radar_conti_ars408_msgs
[0.984s] Level 1:colcon.colcon_core.environment:create_environment_scripts_only(radar_conti_ars408_msgs)
[0.985s] Level 1:colcon.colcon_core.environment:checking '/home/offroad/radar_ws/src/install/radar_conti_ars408_msgs' for CMake module files
[0.986s] DEBUG:colcon.colcon_core.event_handler.log_command:Invoked command in '/home/offroad/radar_ws/src/build/radar_conti_ars408_msgs' returned '0': CMAKE_PREFIX_PATH=${CMAKE_PREFIX_PATH}:/opt/ros/foxy /usr/bin/cmake --install /home/offroad/radar_ws/src/build/radar_conti_ars408_msgs
[0.986s] Level 1:colcon.colcon_core.environment:checking '/home/offroad/radar_ws/src/install/radar_conti_ars408_msgs' for CMake config files
[0.986s] Level 1:colcon.colcon_core.shell:create_environment_hook('radar_conti_ars408_msgs', 'cmake_prefix_path')
[0.987s] INFO:colcon.colcon_core.shell:Creating environment hook '/home/offroad/radar_ws/src/install/radar_conti_ars408_msgs/share/radar_conti_ars408_msgs/hook/cmake_prefix_path.ps1'
[0.987s] INFO:colcon.colcon_core.shell:Creating environment descriptor '/home/offroad/radar_ws/src/install/radar_conti_ars408_msgs/share/radar_conti_ars408_msgs/hook/cmake_prefix_path.dsv'
[0.988s] INFO:colcon.colcon_core.shell:Creating environment hook '/home/offroad/radar_ws/src/install/radar_conti_ars408_msgs/share/radar_conti_ars408_msgs/hook/cmake_prefix_path.sh'
[0.988s] Level 1:colcon.colcon_core.environment:checking '/home/offroad/radar_ws/src/install/radar_conti_ars408_msgs/lib'
[0.988s] Level 1:colcon.colcon_core.shell:create_environment_hook('radar_conti_ars408_msgs', 'ld_library_path_lib')
[0.989s] INFO:colcon.colcon_core.shell:Creating environment hook '/home/offroad/radar_ws/src/install/radar_conti_ars408_msgs/share/radar_conti_ars408_msgs/hook/ld_library_path_lib.ps1'
[0.989s] INFO:colcon.colcon_core.shell:Creating environment descriptor '/home/offroad/radar_ws/src/install/radar_conti_ars408_msgs/share/radar_conti_ars408_msgs/hook/ld_library_path_lib.dsv'
[0.989s] INFO:colcon.colcon_core.shell:Creating environment hook '/home/offroad/radar_ws/src/install/radar_conti_ars408_msgs/share/radar_conti_ars408_msgs/hook/ld_library_path_lib.sh'
[0.990s] Level 1:colcon.colcon_core.environment:checking '/home/offroad/radar_ws/src/install/radar_conti_ars408_msgs/bin'
[0.990s] Level 1:colcon.colcon_core.environment:checking '/home/offroad/radar_ws/src/install/radar_conti_ars408_msgs/lib/pkgconfig/radar_conti_ars408_msgs.pc'
[0.990s] Level 1:colcon.colcon_core.environment:checking '/home/offroad/radar_ws/src/install/radar_conti_ars408_msgs/lib/python3.8/site-packages'
[0.990s] Level 1:colcon.colcon_core.shell:create_environment_hook('radar_conti_ars408_msgs', 'pythonpath')
[0.991s] INFO:colcon.colcon_core.shell:Creating environment hook '/home/offroad/radar_ws/src/install/radar_conti_ars408_msgs/share/radar_conti_ars408_msgs/hook/pythonpath.ps1'
[0.991s] INFO:colcon.colcon_core.shell:Creating environment descriptor '/home/offroad/radar_ws/src/install/radar_conti_ars408_msgs/share/radar_conti_ars408_msgs/hook/pythonpath.dsv'
[0.991s] INFO:colcon.colcon_core.shell:Creating environment hook '/home/offroad/radar_ws/src/install/radar_conti_ars408_msgs/share/radar_conti_ars408_msgs/hook/pythonpath.sh'
[0.991s] Level 1:colcon.colcon_core.environment:checking '/home/offroad/radar_ws/src/install/radar_conti_ars408_msgs/bin'
[0.992s] INFO:colcon.colcon_core.shell:Creating package script '/home/offroad/radar_ws/src/install/radar_conti_ars408_msgs/share/radar_conti_ars408_msgs/package.ps1'
[0.993s] INFO:colcon.colcon_core.shell:Creating package descriptor '/home/offroad/radar_ws/src/install/radar_conti_ars408_msgs/share/radar_conti_ars408_msgs/package.dsv'
[0.993s] INFO:colcon.colcon_core.shell:Creating package script '/home/offroad/radar_ws/src/install/radar_conti_ars408_msgs/share/radar_conti_ars408_msgs/package.sh'
[0.993s] INFO:colcon.colcon_core.shell:Creating package script '/home/offroad/radar_ws/src/install/radar_conti_ars408_msgs/share/radar_conti_ars408_msgs/package.bash'
[0.994s] INFO:colcon.colcon_core.shell:Creating package script '/home/offroad/radar_ws/src/install/radar_conti_ars408_msgs/share/radar_conti_ars408_msgs/package.zsh'
[0.994s] Level 1:colcon.colcon_core.environment:create_file_with_runtime_dependencies(/home/offroad/radar_ws/src/install/radar_conti_ars408_msgs/share/colcon-core/packages/radar_conti_ars408_msgs)
[1.290s] Level 1:colcon.colcon_core.environment:create_environment_scripts_only(radar_conti_ars408_msgs)
[1.291s] Level 1:colcon.colcon_core.environment:checking '/home/offroad/radar_ws/src/install/radar_conti_ars408_msgs' for CMake module files
[1.292s] Level 1:colcon.colcon_core.environment:checking '/home/offroad/radar_ws/src/install/radar_conti_ars408_msgs' for CMake config files
[1.292s] Level 1:colcon.colcon_core.shell:create_environment_hook('radar_conti_ars408_msgs', 'cmake_prefix_path')
[1.292s] INFO:colcon.colcon_core.shell:Creating environment hook '/home/offroad/radar_ws/src/install/radar_conti_ars408_msgs/share/radar_conti_ars408_msgs/hook/cmake_prefix_path.ps1'
[1.293s] INFO:colcon.colcon_core.shell:Creating environment descriptor '/home/offroad/radar_ws/src/install/radar_conti_ars408_msgs/share/radar_conti_ars408_msgs/hook/cmake_prefix_path.dsv'
[1.293s] INFO:colcon.colcon_core.shell:Creating environment hook '/home/offroad/radar_ws/src/install/radar_conti_ars408_msgs/share/radar_conti_ars408_msgs/hook/cmake_prefix_path.sh'
[1.293s] Level 1:colcon.colcon_core.environment:checking '/home/offroad/radar_ws/src/install/radar_conti_ars408_msgs/lib'
[1.294s] Level 1:colcon.colcon_core.shell:create_environment_hook('radar_conti_ars408_msgs', 'ld_library_path_lib')
[1.294s] INFO:colcon.colcon_core.shell:Creating environment hook '/home/offroad/radar_ws/src/install/radar_conti_ars408_msgs/share/radar_conti_ars408_msgs/hook/ld_library_path_lib.ps1'
[1.294s] INFO:colcon.colcon_core.shell:Creating environment descriptor '/home/offroad/radar_ws/src/install/radar_conti_ars408_msgs/share/radar_conti_ars408_msgs/hook/ld_library_path_lib.dsv'
[1.295s] INFO:colcon.colcon_core.shell:Creating environment hook '/home/offroad/radar_ws/src/install/radar_conti_ars408_msgs/share/radar_conti_ars408_msgs/hook/ld_library_path_lib.sh'
[1.295s] Level 1:colcon.colcon_core.environment:checking '/home/offroad/radar_ws/src/install/radar_conti_ars408_msgs/bin'
[1.295s] Level 1:colcon.colcon_core.environment:checking '/home/offroad/radar_ws/src/install/radar_conti_ars408_msgs/lib/pkgconfig/radar_conti_ars408_msgs.pc'
[1.295s] Level 1:colcon.colcon_core.environment:checking '/home/offroad/radar_ws/src/install/radar_conti_ars408_msgs/lib/python3.8/site-packages'
[1.295s] Level 1:colcon.colcon_core.shell:create_environment_hook('radar_conti_ars408_msgs', 'pythonpath')
[1.296s] INFO:colcon.colcon_core.shell:Creating environment hook '/home/offroad/radar_ws/src/install/radar_conti_ars408_msgs/share/radar_conti_ars408_msgs/hook/pythonpath.ps1'
[1.296s] INFO:colcon.colcon_core.shell:Creating environment descriptor '/home/offroad/radar_ws/src/install/radar_conti_ars408_msgs/share/radar_conti_ars408_msgs/hook/pythonpath.dsv'
[1.296s] INFO:colcon.colcon_core.shell:Creating environment hook '/home/offroad/radar_ws/src/install/radar_conti_ars408_msgs/share/radar_conti_ars408_msgs/hook/pythonpath.sh'
[1.296s] Level 1:colcon.colcon_core.environment:checking '/home/offroad/radar_ws/src/install/radar_conti_ars408_msgs/bin'
[1.297s] INFO:colcon.colcon_core.shell:Creating package script '/home/offroad/radar_ws/src/install/radar_conti_ars408_msgs/share/radar_conti_ars408_msgs/package.ps1'
[1.298s] INFO:colcon.colcon_core.shell:Creating package descriptor '/home/offroad/radar_ws/src/install/radar_conti_ars408_msgs/share/radar_conti_ars408_msgs/package.dsv'
[1.298s] INFO:colcon.colcon_core.shell:Creating package script '/home/offroad/radar_ws/src/install/radar_conti_ars408_msgs/share/radar_conti_ars408_msgs/package.sh'
[1.299s] INFO:colcon.colcon_core.shell:Creating package script '/home/offroad/radar_ws/src/install/radar_conti_ars408_msgs/share/radar_conti_ars408_msgs/package.bash'
[1.299s] INFO:colcon.colcon_core.shell:Creating package script '/home/offroad/radar_ws/src/install/radar_conti_ars408_msgs/share/radar_conti_ars408_msgs/package.zsh'
[1.299s] Level 1:colcon.colcon_core.environment:create_file_with_runtime_dependencies(/home/offroad/radar_ws/src/install/radar_conti_ars408_msgs/share/colcon-core/packages/radar_conti_ars408_msgs)
[1.300s] INFO:colcon.colcon_ros.task.ament_cmake.build:Building ROS package in '/home/offroad/radar_ws/src/cpp_srvcli' with build type 'ament_cmake'
[1.300s] INFO:colcon.colcon_cmake.task.cmake.build:Building CMake package in '/home/offroad/radar_ws/src/cpp_srvcli'
[1.300s] INFO:colcon.colcon_core.shell:Skip shell extension 'powershell' for command environment: Not usable outside of PowerShell
[1.300s] DEBUG:colcon.colcon_core.shell:Skip shell extension 'dsv' for command environment
[1.307s] INFO:colcon.colcon_ros.task.ament_cmake.build:Building ROS package in '/home/offroad/radar_ws/src/radar_conti_ars408/src' with build type 'ament_cmake'
[1.308s] INFO:colcon.colcon_cmake.task.cmake.build:Building CMake package in '/home/offroad/radar_ws/src/radar_conti_ars408/src'
[1.309s] INFO:colcon.colcon_core.shell:Skip shell extension 'powershell' for command environment: Not usable outside of PowerShell
[1.309s] DEBUG:colcon.colcon_core.shell:Skip shell extension 'dsv' for command environment
[1.324s] DEBUG:colcon.colcon_core.event_handler.log_command:Invoking command in '/home/offroad/radar_ws/src/build/cpp_srvcli': CMAKE_PREFIX_PATH=/home/offroad/radar_ws/src/install/radar_conti_ars408_msgs:/home/offroad/radar_ws/src/install/ros2socketcan_bridge:/home/offroad/radar_ws/src/install/radar_conti_ars408:/home/offroad/radar_ws/src/install/cpp_srvcli:/home/offroad/radar_ws/src/install/can_msgs:/home/offroad/radar_ws/install/ros2socketcan_bridge:/home/offroad/radar_ws/install/radar_conti_ars408:/home/offroad/radar_ws/install/cpp_srvcli:/home/offroad/radar_ws/install/radar_conti_ars408_msgs:/home/offroad/radar_ws/install/cpp_pubsub:/home/offroad/radar_ws/install/can_msgs:/opt/ros/foxy LD_LIBRARY_PATH=/home/offroad/radar_ws/src/install/radar_conti_ars408_msgs/lib:/home/offroad/radar_ws/src/install/radar_conti_ars408/lib:/home/offroad/radar_ws/src/install/can_msgs/lib:/home/offroad/radar_ws/install/radar_conti_ars408/lib:/home/offroad/radar_ws/install/radar_conti_ars408_msgs/lib:/home/offroad/radar_ws/install/can_msgs/lib:/usr/lib/x86_64-linux-gnu/gazebo-11/plugins:/opt/ros/foxy/opt/yaml_cpp_vendor/lib:/opt/ros/foxy/opt/rviz_ogre_vendor/lib:/opt/ros/foxy/lib/x86_64-linux-gnu:/opt/ros/foxy/lib /usr/bin/cmake --build /home/offroad/radar_ws/src/build/cpp_srvcli -- -j12 -l12
[1.330s] DEBUG:colcon.colcon_core.event_handler.log_command:Invoking command in '/home/offroad/radar_ws/src/build/radar_conti_ars408': CMAKE_PREFIX_PATH=/home/offroad/radar_ws/src/install/ros2socketcan_bridge:/home/offroad/radar_ws/src/install/radar_conti_ars408_msgs:/home/offroad/radar_ws/src/install/can_msgs:/home/offroad/radar_ws/src/install/radar_conti_ars408:/home/offroad/radar_ws/src/install/cpp_srvcli:/home/offroad/radar_ws/install/ros2socketcan_bridge:/home/offroad/radar_ws/install/radar_conti_ars408:/home/offroad/radar_ws/install/cpp_srvcli:/home/offroad/radar_ws/install/radar_conti_ars408_msgs:/home/offroad/radar_ws/install/cpp_pubsub:/home/offroad/radar_ws/install/can_msgs:/opt/ros/foxy LD_LIBRARY_PATH=/home/offroad/radar_ws/src/install/radar_conti_ars408_msgs/lib:/home/offroad/radar_ws/src/install/can_msgs/lib:/home/offroad/radar_ws/src/install/radar_conti_ars408/lib:/home/offroad/radar_ws/install/radar_conti_ars408/lib:/home/offroad/radar_ws/install/radar_conti_ars408_msgs/lib:/home/offroad/radar_ws/install/can_msgs/lib:/usr/lib/x86_64-linux-gnu/gazebo-11/plugins:/opt/ros/foxy/opt/yaml_cpp_vendor/lib:/opt/ros/foxy/opt/rviz_ogre_vendor/lib:/opt/ros/foxy/lib/x86_64-linux-gnu:/opt/ros/foxy/lib /usr/bin/cmake --build /home/offroad/radar_ws/src/build/radar_conti_ars408 -- -j12 -l12
[1.406s] DEBUG:colcon.colcon_core.event_handler.log_command:Invoked command in '/home/offroad/radar_ws/src/build/cpp_srvcli' returned '0': CMAKE_PREFIX_PATH=/home/offroad/radar_ws/src/install/radar_conti_ars408_msgs:/home/offroad/radar_ws/src/install/ros2socketcan_bridge:/home/offroad/radar_ws/src/install/radar_conti_ars408:/home/offroad/radar_ws/src/install/cpp_srvcli:/home/offroad/radar_ws/src/install/can_msgs:/home/offroad/radar_ws/install/ros2socketcan_bridge:/home/offroad/radar_ws/install/radar_conti_ars408:/home/offroad/radar_ws/install/cpp_srvcli:/home/offroad/radar_ws/install/radar_conti_ars408_msgs:/home/offroad/radar_ws/install/cpp_pubsub:/home/offroad/radar_ws/install/can_msgs:/opt/ros/foxy LD_LIBRARY_PATH=/home/offroad/radar_ws/src/install/radar_conti_ars408_msgs/lib:/home/offroad/radar_ws/src/install/radar_conti_ars408/lib:/home/offroad/radar_ws/src/install/can_msgs/lib:/home/offroad/radar_ws/install/radar_conti_ars408/lib:/home/offroad/radar_ws/install/radar_conti_ars408_msgs/lib:/home/offroad/radar_ws/install/can_msgs/lib:/usr/lib/x86_64-linux-gnu/gazebo-11/plugins:/opt/ros/foxy/opt/yaml_cpp_vendor/lib:/opt/ros/foxy/opt/rviz_ogre_vendor/lib:/opt/ros/foxy/lib/x86_64-linux-gnu:/opt/ros/foxy/lib /usr/bin/cmake --build /home/offroad/radar_ws/src/build/cpp_srvcli -- -j12 -l12
[1.434s] DEBUG:colcon.colcon_core.event_handler.log_command:Invoking command in '/home/offroad/radar_ws/src/build/cpp_srvcli': CMAKE_PREFIX_PATH=/home/offroad/radar_ws/src/install/radar_conti_ars408_msgs:/home/offroad/radar_ws/src/install/ros2socketcan_bridge:/home/offroad/radar_ws/src/install/radar_conti_ars408:/home/offroad/radar_ws/src/install/cpp_srvcli:/home/offroad/radar_ws/src/install/can_msgs:/home/offroad/radar_ws/install/ros2socketcan_bridge:/home/offroad/radar_ws/install/radar_conti_ars408:/home/offroad/radar_ws/install/cpp_srvcli:/home/offroad/radar_ws/install/radar_conti_ars408_msgs:/home/offroad/radar_ws/install/cpp_pubsub:/home/offroad/radar_ws/install/can_msgs:/opt/ros/foxy LD_LIBRARY_PATH=/home/offroad/radar_ws/src/install/radar_conti_ars408_msgs/lib:/home/offroad/radar_ws/src/install/radar_conti_ars408/lib:/home/offroad/radar_ws/src/install/can_msgs/lib:/home/offroad/radar_ws/install/radar_conti_ars408/lib:/home/offroad/radar_ws/install/radar_conti_ars408_msgs/lib:/home/offroad/radar_ws/install/can_msgs/lib:/usr/lib/x86_64-linux-gnu/gazebo-11/plugins:/opt/ros/foxy/opt/yaml_cpp_vendor/lib:/opt/ros/foxy/opt/rviz_ogre_vendor/lib:/opt/ros/foxy/lib/x86_64-linux-gnu:/opt/ros/foxy/lib /usr/bin/cmake --install /home/offroad/radar_ws/src/build/cpp_srvcli
[1.446s] Level 1:colcon.colcon_core.environment:create_environment_scripts_only(cpp_srvcli)
[1.448s] Level 1:colcon.colcon_core.environment:checking '/home/offroad/radar_ws/src/install/cpp_srvcli' for CMake module files
[1.448s] DEBUG:colcon.colcon_core.event_handler.log_command:Invoked command in '/home/offroad/radar_ws/src/build/cpp_srvcli' returned '0': CMAKE_PREFIX_PATH=/home/offroad/radar_ws/src/install/radar_conti_ars408_msgs:/home/offroad/radar_ws/src/install/ros2socketcan_bridge:/home/offroad/radar_ws/src/install/radar_conti_ars408:/home/offroad/radar_ws/src/install/cpp_srvcli:/home/offroad/radar_ws/src/install/can_msgs:/home/offroad/radar_ws/install/ros2socketcan_bridge:/home/offroad/radar_ws/install/radar_conti_ars408:/home/offroad/radar_ws/install/cpp_srvcli:/home/offroad/radar_ws/install/radar_conti_ars408_msgs:/home/offroad/radar_ws/install/cpp_pubsub:/home/offroad/radar_ws/install/can_msgs:/opt/ros/foxy LD_LIBRARY_PATH=/home/offroad/radar_ws/src/install/radar_conti_ars408_msgs/lib:/home/offroad/radar_ws/src/install/radar_conti_ars408/lib:/home/offroad/radar_ws/src/install/can_msgs/lib:/home/offroad/radar_ws/install/radar_conti_ars408/lib:/home/offroad/radar_ws/install/radar_conti_ars408_msgs/lib:/home/offroad/radar_ws/install/can_msgs/lib:/usr/lib/x86_64-linux-gnu/gazebo-11/plugins:/opt/ros/foxy/opt/yaml_cpp_vendor/lib:/opt/ros/foxy/opt/rviz_ogre_vendor/lib:/opt/ros/foxy/lib/x86_64-linux-gnu:/opt/ros/foxy/lib /usr/bin/cmake --install /home/offroad/radar_ws/src/build/cpp_srvcli
[1.449s] Level 1:colcon.colcon_core.environment:checking '/home/offroad/radar_ws/src/install/cpp_srvcli' for CMake config files
[1.449s] Level 1:colcon.colcon_core.shell:create_environment_hook('cpp_srvcli', 'cmake_prefix_path')
[1.449s] INFO:colcon.colcon_core.shell:Creating environment hook '/home/offroad/radar_ws/src/install/cpp_srvcli/share/cpp_srvcli/hook/cmake_prefix_path.ps1'
[1.450s] INFO:colcon.colcon_core.shell:Creating environment descriptor '/home/offroad/radar_ws/src/install/cpp_srvcli/share/cpp_srvcli/hook/cmake_prefix_path.dsv'
[1.450s] INFO:colcon.colcon_core.shell:Creating environment hook '/home/offroad/radar_ws/src/install/cpp_srvcli/share/cpp_srvcli/hook/cmake_prefix_path.sh'
[1.451s] Level 1:colcon.colcon_core.environment:checking '/home/offroad/radar_ws/src/install/cpp_srvcli/lib'
[1.451s] Level 1:colcon.colcon_core.environment:checking '/home/offroad/radar_ws/src/install/cpp_srvcli/bin'
[1.451s] Level 1:colcon.colcon_core.environment:checking '/home/offroad/radar_ws/src/install/cpp_srvcli/lib/pkgconfig/cpp_srvcli.pc'
[1.451s] Level 1:colcon.colcon_core.environment:checking '/home/offroad/radar_ws/src/install/cpp_srvcli/lib/python3.8/site-packages'
[1.451s] Level 1:colcon.colcon_core.environment:checking '/home/offroad/radar_ws/src/install/cpp_srvcli/bin'
[1.452s] INFO:colcon.colcon_core.shell:Creating package script '/home/offroad/radar_ws/src/install/cpp_srvcli/share/cpp_srvcli/package.ps1'
[1.452s] INFO:colcon.colcon_core.shell:Creating package descriptor '/home/offroad/radar_ws/src/install/cpp_srvcli/share/cpp_srvcli/package.dsv'
[1.453s] INFO:colcon.colcon_core.shell:Creating package script '/home/offroad/radar_ws/src/install/cpp_srvcli/share/cpp_srvcli/package.sh'
[1.453s] INFO:colcon.colcon_core.shell:Creating package script '/home/offroad/radar_ws/src/install/cpp_srvcli/share/cpp_srvcli/package.bash'
[1.454s] INFO:colcon.colcon_core.shell:Creating package script '/home/offroad/radar_ws/src/install/cpp_srvcli/share/cpp_srvcli/package.zsh'
[1.454s] Level 1:colcon.colcon_core.environment:create_file_with_runtime_dependencies(/home/offroad/radar_ws/src/install/cpp_srvcli/share/colcon-core/packages/cpp_srvcli)
[1.459s] DEBUG:colcon.colcon_core.event_handler.log_command:Invoked command in '/home/offroad/radar_ws/src/build/radar_conti_ars408' returned '0': CMAKE_PREFIX_PATH=/home/offroad/radar_ws/src/install/ros2socketcan_bridge:/home/offroad/radar_ws/src/install/radar_conti_ars408_msgs:/home/offroad/radar_ws/src/install/can_msgs:/home/offroad/radar_ws/src/install/radar_conti_ars408:/home/offroad/radar_ws/src/install/cpp_srvcli:/home/offroad/radar_ws/install/ros2socketcan_bridge:/home/offroad/radar_ws/install/radar_conti_ars408:/home/offroad/radar_ws/install/cpp_srvcli:/home/offroad/radar_ws/install/radar_conti_ars408_msgs:/home/offroad/radar_ws/install/cpp_pubsub:/home/offroad/radar_ws/install/can_msgs:/opt/ros/foxy LD_LIBRARY_PATH=/home/offroad/radar_ws/src/install/radar_conti_ars408_msgs/lib:/home/offroad/radar_ws/src/install/can_msgs/lib:/home/offroad/radar_ws/src/install/radar_conti_ars408/lib:/home/offroad/radar_ws/install/radar_conti_ars408/lib:/home/offroad/radar_ws/install/radar_conti_ars408_msgs/lib:/home/offroad/radar_ws/install/can_msgs/lib:/usr/lib/x86_64-linux-gnu/gazebo-11/plugins:/opt/ros/foxy/opt/yaml_cpp_vendor/lib:/opt/ros/foxy/opt/rviz_ogre_vendor/lib:/opt/ros/foxy/lib/x86_64-linux-gnu:/opt/ros/foxy/lib /usr/bin/cmake --build /home/offroad/radar_ws/src/build/radar_conti_ars408 -- -j12 -l12
[1.479s] Level 1:colcon.colcon_core.environment:create_environment_scripts_only(cpp_srvcli)
[1.479s] Level 1:colcon.colcon_core.environment:checking '/home/offroad/radar_ws/src/install/cpp_srvcli' for CMake module files
[1.480s] Level 1:colcon.colcon_core.environment:checking '/home/offroad/radar_ws/src/install/cpp_srvcli' for CMake config files
[1.481s] Level 1:colcon.colcon_core.shell:create_environment_hook('cpp_srvcli', 'cmake_prefix_path')
[1.481s] INFO:colcon.colcon_core.shell:Creating environment hook '/home/offroad/radar_ws/src/install/cpp_srvcli/share/cpp_srvcli/hook/cmake_prefix_path.ps1'
[1.482s] INFO:colcon.colcon_core.shell:Creating environment descriptor '/home/offroad/radar_ws/src/install/cpp_srvcli/share/cpp_srvcli/hook/cmake_prefix_path.dsv'
[1.482s] INFO:colcon.colcon_core.shell:Creating environment hook '/home/offroad/radar_ws/src/install/cpp_srvcli/share/cpp_srvcli/hook/cmake_prefix_path.sh'
[1.483s] Level 1:colcon.colcon_core.environment:checking '/home/offroad/radar_ws/src/install/cpp_srvcli/lib'
[1.484s] Level 1:colcon.colcon_core.environment:checking '/home/offroad/radar_ws/src/install/cpp_srvcli/bin'
[1.484s] Level 1:colcon.colcon_core.environment:checking '/home/offroad/radar_ws/src/install/cpp_srvcli/lib/pkgconfig/cpp_srvcli.pc'
[1.484s] Level 1:colcon.colcon_core.environment:checking '/home/offroad/radar_ws/src/install/cpp_srvcli/lib/python3.8/site-packages'
[1.484s] Level 1:colcon.colcon_core.environment:checking '/home/offroad/radar_ws/src/install/cpp_srvcli/bin'
[1.485s] INFO:colcon.colcon_core.shell:Creating package script '/home/offroad/radar_ws/src/install/cpp_srvcli/share/cpp_srvcli/package.ps1'
[1.485s] INFO:colcon.colcon_core.shell:Creating package descriptor '/home/offroad/radar_ws/src/install/cpp_srvcli/share/cpp_srvcli/package.dsv'
[1.486s] INFO:colcon.colcon_core.shell:Creating package script '/home/offroad/radar_ws/src/install/cpp_srvcli/share/cpp_srvcli/package.sh'
[1.486s] INFO:colcon.colcon_core.shell:Creating package script '/home/offroad/radar_ws/src/install/cpp_srvcli/share/cpp_srvcli/package.bash'
[1.487s] INFO:colcon.colcon_core.shell:Creating package script '/home/offroad/radar_ws/src/install/cpp_srvcli/share/cpp_srvcli/package.zsh'
[1.487s] Level 1:colcon.colcon_core.environment:create_file_with_runtime_dependencies(/home/offroad/radar_ws/src/install/cpp_srvcli/share/colcon-core/packages/cpp_srvcli)
[1.491s] DEBUG:colcon.colcon_core.event_handler.log_command:Invoking command in '/home/offroad/radar_ws/src/build/radar_conti_ars408': CMAKE_PREFIX_PATH=/home/offroad/radar_ws/src/install/ros2socketcan_bridge:/home/offroad/radar_ws/src/install/radar_conti_ars408_msgs:/home/offroad/radar_ws/src/install/can_msgs:/home/offroad/radar_ws/src/install/radar_conti_ars408:/home/offroad/radar_ws/src/install/cpp_srvcli:/home/offroad/radar_ws/install/ros2socketcan_bridge:/home/offroad/radar_ws/install/radar_conti_ars408:/home/offroad/radar_ws/install/cpp_srvcli:/home/offroad/radar_ws/install/radar_conti_ars408_msgs:/home/offroad/radar_ws/install/cpp_pubsub:/home/offroad/radar_ws/install/can_msgs:/opt/ros/foxy LD_LIBRARY_PATH=/home/offroad/radar_ws/src/install/radar_conti_ars408_msgs/lib:/home/offroad/radar_ws/src/install/can_msgs/lib:/home/offroad/radar_ws/src/install/radar_conti_ars408/lib:/home/offroad/radar_ws/install/radar_conti_ars408/lib:/home/offroad/radar_ws/install/radar_conti_ars408_msgs/lib:/home/offroad/radar_ws/install/can_msgs/lib:/usr/lib/x86_64-linux-gnu/gazebo-11/plugins:/opt/ros/foxy/opt/yaml_cpp_vendor/lib:/opt/ros/foxy/opt/rviz_ogre_vendor/lib:/opt/ros/foxy/lib/x86_64-linux-gnu:/opt/ros/foxy/lib /usr/bin/cmake --install /home/offroad/radar_ws/src/build/radar_conti_ars408
[1.503s] Level 1:colcon.colcon_core.environment:create_environment_scripts_only(radar_conti_ars408)
[1.505s] Level 1:colcon.colcon_core.environment:checking '/home/offroad/radar_ws/src/install/radar_conti_ars408' for CMake module files
[1.505s] DEBUG:colcon.colcon_core.event_handler.log_command:Invoked command in '/home/offroad/radar_ws/src/build/radar_conti_ars408' returned '0': CMAKE_PREFIX_PATH=/home/offroad/radar_ws/src/install/ros2socketcan_bridge:/home/offroad/radar_ws/src/install/radar_conti_ars408_msgs:/home/offroad/radar_ws/src/install/can_msgs:/home/offroad/radar_ws/src/install/radar_conti_ars408:/home/offroad/radar_ws/src/install/cpp_srvcli:/home/offroad/radar_ws/install/ros2socketcan_bridge:/home/offroad/radar_ws/install/radar_conti_ars408:/home/offroad/radar_ws/install/cpp_srvcli:/home/offroad/radar_ws/install/radar_conti_ars408_msgs:/home/offroad/radar_ws/install/cpp_pubsub:/home/offroad/radar_ws/install/can_msgs:/opt/ros/foxy LD_LIBRARY_PATH=/home/offroad/radar_ws/src/install/radar_conti_ars408_msgs/lib:/home/offroad/radar_ws/src/install/can_msgs/lib:/home/offroad/radar_ws/src/install/radar_conti_ars408/lib:/home/offroad/radar_ws/install/radar_conti_ars408/lib:/home/offroad/radar_ws/install/radar_conti_ars408_msgs/lib:/home/offroad/radar_ws/install/can_msgs/lib:/usr/lib/x86_64-linux-gnu/gazebo-11/plugins:/opt/ros/foxy/opt/yaml_cpp_vendor/lib:/opt/ros/foxy/opt/rviz_ogre_vendor/lib:/opt/ros/foxy/lib/x86_64-linux-gnu:/opt/ros/foxy/lib /usr/bin/cmake --install /home/offroad/radar_ws/src/build/radar_conti_ars408
[1.505s] Level 1:colcon.colcon_core.environment:checking '/home/offroad/radar_ws/src/install/radar_conti_ars408' for CMake config files
[1.506s] Level 1:colcon.colcon_core.shell:create_environment_hook('radar_conti_ars408', 'cmake_prefix_path')
[1.506s] INFO:colcon.colcon_core.shell:Creating environment hook '/home/offroad/radar_ws/src/install/radar_conti_ars408/share/radar_conti_ars408/hook/cmake_prefix_path.ps1'
[1.506s] INFO:colcon.colcon_core.shell:Creating environment descriptor '/home/offroad/radar_ws/src/install/radar_conti_ars408/share/radar_conti_ars408/hook/cmake_prefix_path.dsv'
[1.507s] INFO:colcon.colcon_core.shell:Creating environment hook '/home/offroad/radar_ws/src/install/radar_conti_ars408/share/radar_conti_ars408/hook/cmake_prefix_path.sh'
[1.507s] Level 1:colcon.colcon_core.environment:checking '/home/offroad/radar_ws/src/install/radar_conti_ars408/lib'
[1.507s] Level 1:colcon.colcon_core.shell:create_environment_hook('radar_conti_ars408', 'ld_library_path_lib')
[1.508s] INFO:colcon.colcon_core.shell:Creating environment hook '/home/offroad/radar_ws/src/install/radar_conti_ars408/share/radar_conti_ars408/hook/ld_library_path_lib.ps1'
[1.508s] INFO:colcon.colcon_core.shell:Creating environment descriptor '/home/offroad/radar_ws/src/install/radar_conti_ars408/share/radar_conti_ars408/hook/ld_library_path_lib.dsv'
[1.508s] INFO:colcon.colcon_core.shell:Creating environment hook '/home/offroad/radar_ws/src/install/radar_conti_ars408/share/radar_conti_ars408/hook/ld_library_path_lib.sh'
[1.508s] Level 1:colcon.colcon_core.environment:checking '/home/offroad/radar_ws/src/install/radar_conti_ars408/bin'
[1.509s] Level 1:colcon.colcon_core.environment:checking '/home/offroad/radar_ws/src/install/radar_conti_ars408/lib/pkgconfig/radar_conti_ars408.pc'
[1.509s] Level 1:colcon.colcon_core.environment:checking '/home/offroad/radar_ws/src/install/radar_conti_ars408/lib/python3.8/site-packages'
[1.509s] Level 1:colcon.colcon_core.environment:checking '/home/offroad/radar_ws/src/install/radar_conti_ars408/bin'
[1.509s] INFO:colcon.colcon_core.shell:Creating package script '/home/offroad/radar_ws/src/install/radar_conti_ars408/share/radar_conti_ars408/package.ps1'
[1.510s] INFO:colcon.colcon_core.shell:Creating package descriptor '/home/offroad/radar_ws/src/install/radar_conti_ars408/share/radar_conti_ars408/package.dsv'
[1.510s] INFO:colcon.colcon_core.shell:Creating package script '/home/offroad/radar_ws/src/install/radar_conti_ars408/share/radar_conti_ars408/package.sh'
[1.510s] INFO:colcon.colcon_core.shell:Creating package script '/home/offroad/radar_ws/src/install/radar_conti_ars408/share/radar_conti_ars408/package.bash'
[1.511s] INFO:colcon.colcon_core.shell:Creating package script '/home/offroad/radar_ws/src/install/radar_conti_ars408/share/radar_conti_ars408/package.zsh'
[1.511s] Level 1:colcon.colcon_core.environment:create_file_with_runtime_dependencies(/home/offroad/radar_ws/src/install/radar_conti_ars408/share/colcon-core/packages/radar_conti_ars408)
[1.542s] Level 1:colcon.colcon_core.environment:create_environment_scripts_only(radar_conti_ars408)
[1.543s] Level 1:colcon.colcon_core.environment:checking '/home/offroad/radar_ws/src/install/radar_conti_ars408' for CMake module files
[1.544s] Level 1:colcon.colcon_core.environment:checking '/home/offroad/radar_ws/src/install/radar_conti_ars408' for CMake config files
[1.544s] Level 1:colcon.colcon_core.shell:create_environment_hook('radar_conti_ars408', 'cmake_prefix_path')
[1.544s] INFO:colcon.colcon_core.shell:Creating environment hook '/home/offroad/radar_ws/src/install/radar_conti_ars408/share/radar_conti_ars408/hook/cmake_prefix_path.ps1'
[1.545s] INFO:colcon.colcon_core.shell:Creating environment descriptor '/home/offroad/radar_ws/src/install/radar_conti_ars408/share/radar_conti_ars408/hook/cmake_prefix_path.dsv'
[1.545s] INFO:colcon.colcon_core.shell:Creating environment hook '/home/offroad/radar_ws/src/install/radar_conti_ars408/share/radar_conti_ars408/hook/cmake_prefix_path.sh'
[1.545s] Level 1:colcon.colcon_core.environment:checking '/home/offroad/radar_ws/src/install/radar_conti_ars408/lib'
[1.545s] Level 1:colcon.colcon_core.shell:create_environment_hook('radar_conti_ars408', 'ld_library_path_lib')
[1.546s] INFO:colcon.colcon_core.shell:Creating environment hook '/home/offroad/radar_ws/src/install/radar_conti_ars408/share/radar_conti_ars408/hook/ld_library_path_lib.ps1'
[1.546s] INFO:colcon.colcon_core.shell:Creating environment descriptor '/home/offroad/radar_ws/src/install/radar_conti_ars408/share/radar_conti_ars408/hook/ld_library_path_lib.dsv'
[1.546s] INFO:colcon.colcon_core.shell:Creating environment hook '/home/offroad/radar_ws/src/install/radar_conti_ars408/share/radar_conti_ars408/hook/ld_library_path_lib.sh'
[1.547s] Level 1:colcon.colcon_core.environment:checking '/home/offroad/radar_ws/src/install/radar_conti_ars408/bin'
[1.547s] Level 1:colcon.colcon_core.environment:checking '/home/offroad/radar_ws/src/install/radar_conti_ars408/lib/pkgconfig/radar_conti_ars408.pc'
[1.547s] Level 1:colcon.colcon_core.environment:checking '/home/offroad/radar_ws/src/install/radar_conti_ars408/lib/python3.8/site-packages'
[1.547s] Level 1:colcon.colcon_core.environment:checking '/home/offroad/radar_ws/src/install/radar_conti_ars408/bin'
[1.548s] INFO:colcon.colcon_core.shell:Creating package script '/home/offroad/radar_ws/src/install/radar_conti_ars408/share/radar_conti_ars408/package.ps1'
[1.549s] INFO:colcon.colcon_core.shell:Creating package descriptor '/home/offroad/radar_ws/src/install/radar_conti_ars408/share/radar_conti_ars408/package.dsv'
[1.549s] INFO:colcon.colcon_core.shell:Creating package script '/home/offroad/radar_ws/src/install/radar_conti_ars408/share/radar_conti_ars408/package.sh'
[1.550s] INFO:colcon.colcon_core.shell:Creating package script '/home/offroad/radar_ws/src/install/radar_conti_ars408/share/radar_conti_ars408/package.bash'
[1.550s] INFO:colcon.colcon_core.shell:Creating package script '/home/offroad/radar_ws/src/install/radar_conti_ars408/share/radar_conti_ars408/package.zsh'
[1.551s] Level 1:colcon.colcon_core.environment:create_file_with_runtime_dependencies(/home/offroad/radar_ws/src/install/radar_conti_ars408/share/colcon-core/packages/radar_conti_ars408)
[1.551s] DEBUG:colcon.colcon_parallel_executor.executor.parallel:closing loop
[1.551s] DEBUG:colcon.colcon_parallel_executor.executor.parallel:loop closed
[1.552s] DEBUG:colcon.colcon_parallel_executor.executor.parallel:run_until_complete finished with '0'
[1.552s] DEBUG:colcon.colcon_core.event_reactor:joining thread
[1.558s] INFO:colcon.colcon_core.plugin_system:Skipping extension 'colcon_notification.desktop_notification.terminal_notifier': Not used on non-Darwin systems
[1.558s] INFO:colcon.colcon_core.plugin_system:Skipping extension 'colcon_notification.desktop_notification.win32': Not used on non-Windows systems
[1.558s] INFO:colcon.colcon_notification.desktop_notification:Sending desktop notification using 'notify2'
[1.572s] DEBUG:colcon.colcon_core.event_reactor:joined thread
[1.572s] INFO:colcon.colcon_core.shell:Creating prefix script '/home/offroad/radar_ws/src/install/local_setup.ps1'
[1.573s] INFO:colcon.colcon_core.shell:Creating prefix util module '/home/offroad/radar_ws/src/install/_local_setup_util_ps1.py'
[1.574s] INFO:colcon.colcon_core.shell:Creating prefix chain script '/home/offroad/radar_ws/src/install/setup.ps1'
[1.576s] INFO:colcon.colcon_core.shell:Creating prefix script '/home/offroad/radar_ws/src/install/local_setup.sh'
[1.576s] INFO:colcon.colcon_core.shell:Creating prefix util module '/home/offroad/radar_ws/src/install/_local_setup_util_sh.py'
[1.576s] INFO:colcon.colcon_core.shell:Creating prefix chain script '/home/offroad/radar_ws/src/install/setup.sh'
[1.578s] INFO:colcon.colcon_core.shell:Creating prefix script '/home/offroad/radar_ws/src/install/local_setup.bash'
[1.578s] INFO:colcon.colcon_core.shell:Creating prefix chain script '/home/offroad/radar_ws/src/install/setup.bash'
[1.579s] INFO:colcon.colcon_core.shell:Creating prefix script '/home/offroad/radar_ws/src/install/local_setup.zsh'
[1.579s] INFO:colcon.colcon_core.shell:Creating prefix chain script '/home/offroad/radar_ws/src/install/setup.zsh'
