-- The C compiler identification is GNU 9.4.0
-- The CXX compiler identification is GNU 9.4.0
-- Check for working C compiler: /usr/bin/cc
-- Check for working C compiler: /usr/bin/cc -- works
-- Detecting C compiler ABI info
-- Detecting C compiler ABI info - done
-- Detecting C compile features
-- Detecting C compile features - done
-- Check for working CXX compiler: /usr/bin/c++
-- Check for working CXX compiler: /usr/bin/c++ -- works
-- Detecting CXX compiler ABI info
-- Detecting CXX compiler ABI info - done
-- Detecting CXX compile features
-- Detecting CXX compile features - done
-- Found ament_cmake: 0.9.9 (/opt/ros/foxy/share/ament_cmake/cmake)
-- Found PythonInterp: /usr/bin/python3 (found suitable version "3.8.10", minimum required is "3") 
-- Using PYTHON_EXECUTABLE: /usr/bin/python3
-- Found rclcpp: 2.4.1 (/opt/ros/foxy/share/rclcpp/cmake)
-- Using all available rosidl_typesupport_c: rosidl_typesupport_fastrtps_c;rosidl_typesupport_introspection_c
-- Found rosidl_adapter: 1.2.1 (/opt/ros/foxy/share/rosidl_adapter/cmake)
-- Found OpenSSL: /usr/lib/x86_64-linux-gnu/libcrypto.so (found version "1.1.1f")  
-- Found FastRTPS: /opt/ros/foxy/include  
-- Using all available rosidl_typesupport_cpp: rosidl_typesupport_fastrtps_cpp;rosidl_typesupport_introspection_cpp
-- Found rmw_implementation_cmake: 1.0.3 (/opt/ros/foxy/share/rmw_implementation_cmake/cmake)
-- Using RMW implementation 'rmw_fastrtps_cpp' as default
-- Looking for pthread.h
-- Looking for pthread.h - found
-- Performing Test CMAKE_HAVE_LIBC_PTHREAD
-- Performing Test CMAKE_HAVE_LIBC_PTHREAD - Failed
-- Looking for pthread_create in pthreads
-- Looking for pthread_create in pthreads - not found
-- Looking for pthread_create in pthread
-- Looking for pthread_create in pthread - found
-- Found Threads: TRUE  
-- Found can_msgs: 0.0.0 (/home/offroad/radar_ws/install/can_msgs/share/can_msgs/cmake)
-- Configuring done
-- Generating done
-- Build files have been written to: /home/offroad/radar_ws/build/ros2socketcan_bridge
[35m[1mScanning dependencies of target ros2socketcan_bridge[0m
[100%] [32m[1mLinking CXX static library libros2socketcan_bridge.a[0m
[100%] Built target ros2socketcan_bridge
-- Install configuration: ""
-- Installing: /home/offroad/radar_ws/install/ros2socketcan_bridge/include/ros2socketcan_bridge
-- Installing: /home/offroad/radar_ws/install/ros2socketcan_bridge/include/ros2socketcan_bridge/ros2socketcan.h
-- Installing: /home/offroad/radar_ws/install/ros2socketcan_bridge/lib/ros2socketcan_bridge/libros2socketcan_bridge.a
-- Installing: /home/offroad/radar_ws/install/ros2socketcan_bridge/share/ament_index/resource_index/package_run_dependencies/ros2socketcan_bridge
-- Installing: /home/offroad/radar_ws/install/ros2socketcan_bridge/share/ament_index/resource_index/parent_prefix_path/ros2socketcan_bridge
-- Installing: /home/offroad/radar_ws/install/ros2socketcan_bridge/share/ros2socketcan_bridge/environment/ament_prefix_path.sh
-- Installing: /home/offroad/radar_ws/install/ros2socketcan_bridge/share/ros2socketcan_bridge/environment/ament_prefix_path.dsv
-- Installing: /home/offroad/radar_ws/install/ros2socketcan_bridge/share/ros2socketcan_bridge/environment/path.sh
-- Installing: /home/offroad/radar_ws/install/ros2socketcan_bridge/share/ros2socketcan_bridge/environment/path.dsv
-- Installing: /home/offroad/radar_ws/install/ros2socketcan_bridge/share/ros2socketcan_bridge/local_setup.bash
-- Installing: /home/offroad/radar_ws/install/ros2socketcan_bridge/share/ros2socketcan_bridge/local_setup.sh
-- Installing: /home/offroad/radar_ws/install/ros2socketcan_bridge/share/ros2socketcan_bridge/local_setup.zsh
-- Installing: /home/offroad/radar_ws/install/ros2socketcan_bridge/share/ros2socketcan_bridge/local_setup.dsv
-- Installing: /home/offroad/radar_ws/install/ros2socketcan_bridge/share/ros2socketcan_bridge/package.dsv
-- Installing: /home/offroad/radar_ws/install/ros2socketcan_bridge/share/ament_index/resource_index/packages/ros2socketcan_bridge
-- Installing: /home/offroad/radar_ws/install/ros2socketcan_bridge/share/ros2socketcan_bridge/cmake/ament_cmake_export_include_directories-extras.cmake
-- Installing: /home/offroad/radar_ws/install/ros2socketcan_bridge/share/ros2socketcan_bridge/cmake/ament_cmake_export_dependencies-extras.cmake
-- Installing: /home/offroad/radar_ws/install/ros2socketcan_bridge/share/ros2socketcan_bridge/cmake/ros2socketcan_bridgeConfig.cmake
-- Installing: /home/offroad/radar_ws/install/ros2socketcan_bridge/share/ros2socketcan_bridge/cmake/ros2socketcan_bridgeConfig-version.cmake
-- Installing: /home/offroad/radar_ws/install/ros2socketcan_bridge/share/ros2socketcan_bridge/package.xml
