[0.012s] Invoking command in '/home/offroad/radar_ws/build/ros2socketcan_bridge': AMENT_PREFIX_PATH=/home/offroad/radar_ws/install/can_msgs:${AMENT_PREFIX_PATH} CMAKE_PREFIX_PATH=/home/offroad/radar_ws/install/can_msgs:/opt/ros/foxy LD_LIBRARY_PATH=/home/offroad/radar_ws/install/can_msgs/lib:${LD_LIBRARY_PATH} PYTHONPATH=/home/offroad/radar_ws/install/can_msgs/lib/python3.8/site-packages:${PYTHONPATH} /usr/bin/cmake /home/offroad/radar_ws/src/ros2_socketcan_bridge/ros2socketcan_bridge -DCMAKE_INSTALL_PREFIX=/home/offroad/radar_ws/install/ros2socketcan_bridge
[0.069s] -- The C compiler identification is GNU 9.4.0
[0.121s] -- The CXX compiler identification is GNU 9.4.0
[0.125s] -- Check for working C compiler: /usr/bin/cc
[0.191s] -- Check for working C compiler: /usr/bin/cc -- works
[0.192s] -- Detecting C compiler ABI info
[0.270s] -- Detecting C compiler ABI info - done
[0.290s] -- Detecting C compile features
[0.290s] -- Detecting C compile features - done
[0.294s] -- Check for working CXX compiler: /usr/bin/c++
[0.372s] -- Check for working CXX compiler: /usr/bin/c++ -- works
[0.374s] -- Detecting CXX compiler ABI info
[0.455s] -- Detecting CXX compiler ABI info - done
[0.477s] -- Detecting CXX compile features
[0.478s] -- Detecting CXX compile features - done
[0.481s] -- Found ament_cmake: 0.9.9 (/opt/ros/foxy/share/ament_cmake/cmake)
[0.508s] -- Found PythonInterp: /usr/bin/python3 (found suitable version "3.8.10", minimum required is "3") 
[0.508s] -- Using PYTHON_EXECUTABLE: /usr/bin/python3
[0.741s] -- Found rclcpp: 2.4.1 (/opt/ros/foxy/share/rclcpp/cmake)
[0.818s] -- Using all available rosidl_typesupport_c: rosidl_typesupport_fastrtps_c;rosidl_typesupport_introspection_c
[0.830s] -- Found rosidl_adapter: 1.2.1 (/opt/ros/foxy/share/rosidl_adapter/cmake)
[0.994s] -- Found OpenSSL: /usr/lib/x86_64-linux-gnu/libcrypto.so (found version "1.1.1f")  
[1.065s] -- Found FastRTPS: /opt/ros/foxy/include  
[1.234s] -- Using all available rosidl_typesupport_cpp: rosidl_typesupport_fastrtps_cpp;rosidl_typesupport_introspection_cpp
[1.351s] -- Found rmw_implementation_cmake: 1.0.3 (/opt/ros/foxy/share/rmw_implementation_cmake/cmake)
[1.355s] -- Using RMW implementation 'rmw_fastrtps_cpp' as default
[1.356s] -- Looking for pthread.h
[1.556s] -- Looking for pthread.h - found
[1.557s] -- Performing Test CMAKE_HAVE_LIBC_PTHREAD
[1.753s] -- Performing Test CMAKE_HAVE_LIBC_PTHREAD - Failed
[1.753s] -- Looking for pthread_create in pthreads
[1.971s] -- Looking for pthread_create in pthreads - not found
[1.971s] -- Looking for pthread_create in pthread
[2.121s] -- Looking for pthread_create in pthread - found
[2.123s] -- Found Threads: TRUE  
[2.433s] -- Found can_msgs: 0.0.0 (/home/offroad/radar_ws/install/can_msgs/share/can_msgs/cmake)
[2.782s] -- Configuring done
[2.792s] -- Generating done
[2.795s] -- Build files have been written to: /home/offroad/radar_ws/build/ros2socketcan_bridge
[2.818s] Invoked command in '/home/offroad/radar_ws/build/ros2socketcan_bridge' returned '0': AMENT_PREFIX_PATH=/home/offroad/radar_ws/install/can_msgs:${AMENT_PREFIX_PATH} CMAKE_PREFIX_PATH=/home/offroad/radar_ws/install/can_msgs:/opt/ros/foxy LD_LIBRARY_PATH=/home/offroad/radar_ws/install/can_msgs/lib:${LD_LIBRARY_PATH} PYTHONPATH=/home/offroad/radar_ws/install/can_msgs/lib/python3.8/site-packages:${PYTHONPATH} /usr/bin/cmake /home/offroad/radar_ws/src/ros2_socketcan_bridge/ros2socketcan_bridge -DCMAKE_INSTALL_PREFIX=/home/offroad/radar_ws/install/ros2socketcan_bridge
[2.819s] Invoking command in '/home/offroad/radar_ws/build/ros2socketcan_bridge': AMENT_PREFIX_PATH=/home/offroad/radar_ws/install/can_msgs:${AMENT_PREFIX_PATH} CMAKE_PREFIX_PATH=/home/offroad/radar_ws/install/can_msgs:/opt/ros/foxy LD_LIBRARY_PATH=/home/offroad/radar_ws/install/can_msgs/lib:${LD_LIBRARY_PATH} PYTHONPATH=/home/offroad/radar_ws/install/can_msgs/lib/python3.8/site-packages:${PYTHONPATH} /usr/bin/cmake --build /home/offroad/radar_ws/build/ros2socketcan_bridge -- -j12 -l12
[2.991s] [35m[1mScanning dependencies of target ros2socketcan_bridge[0m
[3.061s] [100%] [32m[1mLinking CXX static library libros2socketcan_bridge.a[0m
[3.247s] [100%] Built target ros2socketcan_bridge
[3.307s] Invoked command in '/home/offroad/radar_ws/build/ros2socketcan_bridge' returned '0': AMENT_PREFIX_PATH=/home/offroad/radar_ws/install/can_msgs:${AMENT_PREFIX_PATH} CMAKE_PREFIX_PATH=/home/offroad/radar_ws/install/can_msgs:/opt/ros/foxy LD_LIBRARY_PATH=/home/offroad/radar_ws/install/can_msgs/lib:${LD_LIBRARY_PATH} PYTHONPATH=/home/offroad/radar_ws/install/can_msgs/lib/python3.8/site-packages:${PYTHONPATH} /usr/bin/cmake --build /home/offroad/radar_ws/build/ros2socketcan_bridge -- -j12 -l12
[3.408s] Invoking command in '/home/offroad/radar_ws/build/ros2socketcan_bridge': AMENT_PREFIX_PATH=/home/offroad/radar_ws/install/can_msgs:${AMENT_PREFIX_PATH} CMAKE_PREFIX_PATH=/home/offroad/radar_ws/install/can_msgs:/opt/ros/foxy LD_LIBRARY_PATH=/home/offroad/radar_ws/install/can_msgs/lib:${LD_LIBRARY_PATH} PYTHONPATH=/home/offroad/radar_ws/install/can_msgs/lib/python3.8/site-packages:${PYTHONPATH} /usr/bin/cmake --install /home/offroad/radar_ws/build/ros2socketcan_bridge
[3.428s] -- Install configuration: ""
[3.428s] -- Installing: /home/offroad/radar_ws/install/ros2socketcan_bridge/include/ros2socketcan_bridge
[3.428s] -- Installing: /home/offroad/radar_ws/install/ros2socketcan_bridge/include/ros2socketcan_bridge/ros2socketcan.h
[3.429s] -- Installing: /home/offroad/radar_ws/install/ros2socketcan_bridge/lib/ros2socketcan_bridge/libros2socketcan_bridge.a
[3.429s] -- Installing: /home/offroad/radar_ws/install/ros2socketcan_bridge/share/ament_index/resource_index/package_run_dependencies/ros2socketcan_bridge
[3.429s] -- Installing: /home/offroad/radar_ws/install/ros2socketcan_bridge/share/ament_index/resource_index/parent_prefix_path/ros2socketcan_bridge
[3.429s] -- Installing: /home/offroad/radar_ws/install/ros2socketcan_bridge/share/ros2socketcan_bridge/environment/ament_prefix_path.sh
[3.430s] -- Installing: /home/offroad/radar_ws/install/ros2socketcan_bridge/share/ros2socketcan_bridge/environment/ament_prefix_path.dsv
[3.430s] -- Installing: /home/offroad/radar_ws/install/ros2socketcan_bridge/share/ros2socketcan_bridge/environment/path.sh
[3.430s] -- Installing: /home/offroad/radar_ws/install/ros2socketcan_bridge/share/ros2socketcan_bridge/environment/path.dsv
[3.430s] -- Installing: /home/offroad/radar_ws/install/ros2socketcan_bridge/share/ros2socketcan_bridge/local_setup.bash
[3.431s] -- Installing: /home/offroad/radar_ws/install/ros2socketcan_bridge/share/ros2socketcan_bridge/local_setup.sh
[3.431s] -- Installing: /home/offroad/radar_ws/install/ros2socketcan_bridge/share/ros2socketcan_bridge/local_setup.zsh
[3.431s] -- Installing: /home/offroad/radar_ws/install/ros2socketcan_bridge/share/ros2socketcan_bridge/local_setup.dsv
[3.431s] -- Installing: /home/offroad/radar_ws/install/ros2socketcan_bridge/share/ros2socketcan_bridge/package.dsv
[3.431s] -- Installing: /home/offroad/radar_ws/install/ros2socketcan_bridge/share/ament_index/resource_index/packages/ros2socketcan_bridge
[3.432s] -- Installing: /home/offroad/radar_ws/install/ros2socketcan_bridge/share/ros2socketcan_bridge/cmake/ament_cmake_export_include_directories-extras.cmake
[3.432s] -- Installing: /home/offroad/radar_ws/install/ros2socketcan_bridge/share/ros2socketcan_bridge/cmake/ament_cmake_export_dependencies-extras.cmake
[3.432s] -- Installing: /home/offroad/radar_ws/install/ros2socketcan_bridge/share/ros2socketcan_bridge/cmake/ros2socketcan_bridgeConfig.cmake
[3.432s] -- Installing: /home/offroad/radar_ws/install/ros2socketcan_bridge/share/ros2socketcan_bridge/cmake/ros2socketcan_bridgeConfig-version.cmake
[3.433s] -- Installing: /home/offroad/radar_ws/install/ros2socketcan_bridge/share/ros2socketcan_bridge/package.xml
[3.439s] Invoked command in '/home/offroad/radar_ws/build/ros2socketcan_bridge' returned '0': AMENT_PREFIX_PATH=/home/offroad/radar_ws/install/can_msgs:${AMENT_PREFIX_PATH} CMAKE_PREFIX_PATH=/home/offroad/radar_ws/install/can_msgs:/opt/ros/foxy LD_LIBRARY_PATH=/home/offroad/radar_ws/install/can_msgs/lib:${LD_LIBRARY_PATH} PYTHONPATH=/home/offroad/radar_ws/install/can_msgs/lib/python3.8/site-packages:${PYTHONPATH} /usr/bin/cmake --install /home/offroad/radar_ws/build/ros2socketcan_bridge
