[0.016s] Invoking command in '/home/offroad/radar_ws/build/radar_conti_ars408': CMAKE_PREFIX_PATH=/home/offroad/radar_ws/install/ros2socketcan_bridge:/home/offroad/radar_ws/install/radar_conti_ars408_msgs:/home/offroad/radar_ws/install/can_msgs:/home/offroad/radar_ws/install/cpp_srvcli:/home/offroad/radar_ws/install/cpp_pubsub:/home/offroad/radar_ws/install/radar_conti_ars408:/opt/ros/foxy LD_LIBRARY_PATH=/home/offroad/radar_ws/install/radar_conti_ars408_msgs/lib:/home/offroad/radar_ws/install/can_msgs/lib:/home/offroad/radar_ws/install/radar_conti_ars408/lib:/usr/lib/x86_64-linux-gnu/gazebo-11/plugins:/opt/ros/foxy/opt/yaml_cpp_vendor/lib:/opt/ros/foxy/opt/rviz_ogre_vendor/lib:/opt/ros/foxy/lib/x86_64-linux-gnu:/opt/ros/foxy/lib /usr/bin/cmake --build /home/offroad/radar_ws/build/radar_conti_ars408 -- -j12 -l12
[0.082s] [ 25%] [32mBuilding CXX object CMakeFiles/radar_conti_ars408_component.dir/src/radar_conti_ars408_component.cpp.o[0m
[0.082s] [ 37%] Built target talker
[0.088s] [ 62%] Built target listener
[0.133s] In file included from [01m[K/home/offroad/radar_ws/src/radar_conti_ars408/src/src/../include/radar_conti_ars408_component.hpp:24[m[K,
[0.133s]                  from [01m[K/home/offroad/radar_ws/src/radar_conti_ars408/src/src/radar_conti_ars408_component.cpp:14[m[K:
[0.133s] [01m[K/home/offroad/radar_ws/src/radar_conti_ars408/src/src/../include/visibility_control.h:43:[m[K [01;35m[Kwarning: [m[K"RADAR_CONTI_ARS408_RADAR_CONTI_ARS408" redefined
[0.133s]    43 |   #define RADAR_CONTI_ARS408_RADAR_CONTI_ARS408
[0.134s]       | 
[0.135s] [01m[K/home/offroad/radar_ws/src/radar_conti_ars408/src/src/../include/visibility_control.h:42:[m[K [01;36m[Knote: [m[Kthis is the location of the previous definition
[0.135s]    42 |   #define RADAR_CONTI_ARS408_RADAR_CONTI_ARS408 __attribute__ ((visibility("default")))
[0.135s]       | 
[2.211s] [01m[K/home/offroad/radar_ws/src/radar_conti_ars408/src/src/radar_conti_ars408_component.cpp:[m[K In member function ‘[01m[Kvirtual rclcpp_lifecycle::node_interfaces::LifecycleNodeInterface::CallbackReturn FHAC::radar_conti_ars408::on_shutdown(const rclcpp_lifecycle::State&)[m[K’:
[2.211s] [01m[K/home/offroad/radar_ws/src/radar_conti_ars408/src/src/radar_conti_ars408_component.cpp:73:34:[m[K [01;35m[Kwarning: [m[Kunused parameter ‘[01m[Kprevious_state[m[K’ [[01;35m[K-Wunused-parameter[m[K]
[2.211s]    73 |   [01;35m[Kconst rclcpp_lifecycle::State& previous_state[m[K)
[2.211s]       |   [01;35m[K~~~~~~~~~~~~~~~~~~~~~~~~~~~~~~~^~~~~~~~~~~~~~[m[K
[2.211s] [01m[K/home/offroad/radar_ws/src/radar_conti_ars408/src/src/radar_conti_ars408_component.cpp:[m[K In member function ‘[01m[Kvirtual rclcpp_lifecycle::node_interfaces::LifecycleNodeInterface::CallbackReturn FHAC::radar_conti_ars408::on_error(const rclcpp_lifecycle::State&)[m[K’:
[2.212s] [01m[K/home/offroad/radar_ws/src/radar_conti_ars408/src/src/radar_conti_ars408_component.cpp:81:36:[m[K [01;35m[Kwarning: [m[Kunused parameter ‘[01m[Kprevious_state[m[K’ [[01;35m[K-Wunused-parameter[m[K]
[2.212s]    81 |     [01;35m[Kconst rclcpp_lifecycle::State& previous_state[m[K)
[2.212s]       |     [01;35m[K~~~~~~~~~~~~~~~~~~~~~~~~~~~~~~~^~~~~~~~~~~~~~[m[K
[2.260s] [01m[K/home/offroad/radar_ws/src/radar_conti_ars408/src/src/radar_conti_ars408_component.cpp:[m[K In member function ‘[01m[Kvoid FHAC::radar_conti_ars408::publish_object_map()[m[K’:
[2.260s] [01m[K/home/offroad/radar_ws/src/radar_conti_ars408/src/src/radar_conti_ars408_component.cpp:474:45:[m[K [01;31m[Kerror: [m[Kno match for ‘[01m[Koperator+[m[K’ (operand types are ‘[01m[Kstd::__cxx11::basic_string<char>[m[K’ and ‘[01m[Kstd_msgs::msg::Int32_<std::allocator<void> >::_data_type[m[K’ {aka ‘[01m[Kint[m[K’})
[2.261s]   470 |                     mtext.text= [32m[K"object_" + std::to_string(itr->first) + ": \n"[m[K
[2.261s]       |                                 [32m[K~~~~~~~~~~~~~~~~~~~~~~~~~~~~~~~~~~~~~~~~~~~~~~~[m[K
[2.262s]   471 | [32m[K                    + " RCS: " + std::to_string(itr->second.object_general.obj_rcs.data) + "dBm^2" + " \n"[m[K
[2.262s]       |                     [32m[K~~~~~~~~~~~~~~~~~~~~~~~~~~~~~~~~~~~~~~~~~~~~~~~~~~~~~~~~~~~~~~~~~~~~~~~~~~~~~~~~~~~~~~[m[K
[2.262s]   472 | [32m[K                    + " V_long: " +   std::to_string(itr->second.object_general.obj_vrellong.data) + "m/s" + " \n"[m[K
[2.262s]       |                     [32m[K~~~~~~~~~~~~~~~~~~~~~~~~~~~~~~~~~~~~~~~~~~~~~~~~~~~~~~~~~~~~~~~~~~~~~~~~~~~~~~~~~~~~~~~~~~~~~~[m[K
[2.262s]   473 | [32m[K                    + " V_lat: " + std::to_string(itr->second.object_general.obj_vrellat.data) + "m/s" + " \n"[m[K
[2.262s]       |                     [32m[K~~~~~~~~~~~~~~~~~~~~~~~~~~~~~~~~~~~~~~~~~~~~~~~~~~~~~~~~~~~~~~~~~~~~~~~~~~~~~~~~~~~~~~~~~~[m[K
[2.262s]   474 | [32m[K                    + " Dynamic_Property: "[m[K [01;31m[K+[m[K [34m[Kitr->second.object_general.obj_dynprop.data[m[K  + "\n";
[2.262s]       |                     [32m[K~~~~~~~~~~~~~~~~~~~~~~~[m[K [01;31m[K^[m[K [34m[K~~~~~~~~~~~~~~~~~~~~~~~~~~~~~~~~~~~~~~~~~~~[m[K
[2.262s]       |                     [32m[K|[m[K                                                                [34m[K|[m[K
[2.262s]       |                     [32m[Kstd::__cxx11::basic_string<char>[m[K                                 [34m[Kstd_msgs::msg::Int32_<std::allocator<void> >::_data_type {aka int}[m[K
[2.262s] In file included from [01m[K/usr/include/c++/9/bits/stl_algobase.h:67[m[K,
[2.262s]                  from [01m[K/usr/include/c++/9/bits/char_traits.h:39[m[K,
[2.263s]                  from [01m[K/usr/include/c++/9/ios:40[m[K,
[2.263s]                  from [01m[K/usr/include/c++/9/ostream:38[m[K,
[2.263s]                  from [01m[K/usr/include/c++/9/iostream:39[m[K,
[2.263s]                  from [01m[K/home/offroad/radar_ws/src/radar_conti_ars408/src/src/../include/radar_conti_ars408_component.hpp:19[m[K,
[2.263s]                  from [01m[K/home/offroad/radar_ws/src/radar_conti_ars408/src/src/radar_conti_ars408_component.cpp:14[m[K:
[2.263s] [01m[K/usr/include/c++/9/bits/stl_iterator.h:423:5:[m[K [01;36m[Knote: [m[Kcandidate: ‘[01m[Ktemplate<class _Iterator> std::reverse_iterator<_Iterator> std::operator+(typename std::reverse_iterator<_Iterator>::difference_type, const std::reverse_iterator<_Iterator>&)[m[K’
[2.263s]   423 |     [01;36m[Koperator[m[K+(typename reverse_iterator<_Iterator>::difference_type __n,
[2.263s]       |     [01;36m[K^~~~~~~~[m[K
[2.263s] [01m[K/usr/include/c++/9/bits/stl_iterator.h:423:5:[m[K [01;36m[Knote: [m[K  template argument deduction/substitution failed:
[2.263s] [01m[K/home/offroad/radar_ws/src/radar_conti_ars408/src/src/radar_conti_ars408_component.cpp:474:86:[m[K [01;36m[Knote: [m[K  mismatched types ‘[01m[Kconst std::reverse_iterator<_Iterator>[m[K’ and ‘[01m[Kstd_msgs::msg::Int32_<std::allocator<void> >::_data_type[m[K’ {aka ‘[01m[Kint[m[K’}
[2.263s]   474 |                     + " Dynamic_Property: " + itr->second.object_general.obj_dynprop.[01;36m[Kdata[m[K  + "\n";
[2.263s]       |                                                                                      [01;36m[K^~~~[m[K
[2.263s] In file included from [01m[K/usr/include/c++/9/bits/stl_algobase.h:67[m[K,
[2.263s]                  from [01m[K/usr/include/c++/9/bits/char_traits.h:39[m[K,
[2.263s]                  from [01m[K/usr/include/c++/9/ios:40[m[K,
[2.264s]                  from [01m[K/usr/include/c++/9/ostream:38[m[K,
[2.264s]                  from [01m[K/usr/include/c++/9/iostream:39[m[K,
[2.264s]                  from [01m[K/home/offroad/radar_ws/src/radar_conti_ars408/src/src/../include/radar_conti_ars408_component.hpp:19[m[K,
[2.264s]                  from [01m[K/home/offroad/radar_ws/src/radar_conti_ars408/src/src/radar_conti_ars408_component.cpp:14[m[K:
[2.264s] [01m[K/usr/include/c++/9/bits/stl_iterator.h:1216:5:[m[K [01;36m[Knote: [m[Kcandidate: ‘[01m[Ktemplate<class _Iterator> std::move_iterator<_IteratorL> std::operator+(typename std::move_iterator<_IteratorL>::difference_type, const std::move_iterator<_IteratorL>&)[m[K’
[2.264s]  1216 |     [01;36m[Koperator[m[K+(typename move_iterator<_Iterator>::difference_type __n,
[2.264s]       |     [01;36m[K^~~~~~~~[m[K
[2.264s] [01m[K/usr/include/c++/9/bits/stl_iterator.h:1216:5:[m[K [01;36m[Knote: [m[K  template argument deduction/substitution failed:
[2.264s] [01m[K/home/offroad/radar_ws/src/radar_conti_ars408/src/src/radar_conti_ars408_component.cpp:474:86:[m[K [01;36m[Knote: [m[K  mismatched types ‘[01m[Kconst std::move_iterator<_IteratorL>[m[K’ and ‘[01m[Kstd_msgs::msg::Int32_<std::allocator<void> >::_data_type[m[K’ {aka ‘[01m[Kint[m[K’}
[2.264s]   474 |                     + " Dynamic_Property: " + itr->second.object_general.obj_dynprop.[01;36m[Kdata[m[K  + "\n";
[2.264s]       |                                                                                      [01;36m[K^~~~[m[K
[2.264s] In file included from [01m[K/usr/include/c++/9/string:55[m[K,
[2.264s]                  from [01m[K/usr/include/c++/9/bits/locale_classes.h:40[m[K,
[2.264s]                  from [01m[K/usr/include/c++/9/bits/ios_base.h:41[m[K,
[2.265s]                  from [01m[K/usr/include/c++/9/ios:42[m[K,
[2.265s]                  from [01m[K/usr/include/c++/9/ostream:38[m[K,
[2.265s]                  from [01m[K/usr/include/c++/9/iostream:39[m[K,
[2.265s]                  from [01m[K/home/offroad/radar_ws/src/radar_conti_ars408/src/src/../include/radar_conti_ars408_component.hpp:19[m[K,
[2.265s]                  from [01m[K/home/offroad/radar_ws/src/radar_conti_ars408/src/src/radar_conti_ars408_component.cpp:14[m[K:
[2.265s] [01m[K/usr/include/c++/9/bits/basic_string.h:6023:5:[m[K [01;36m[Knote: [m[Kcandidate: ‘[01m[Ktemplate<class _CharT, class _Traits, class _Alloc> std::__cxx11::basic_string<_CharT, _Traits, _Alloc> std::operator+(const std::__cxx11::basic_string<_CharT, _Traits, _Alloc>&, const std::__cxx11::basic_string<_CharT, _Traits, _Alloc>&)[m[K’
[2.265s]  6023 |     [01;36m[Koperator[m[K+(const basic_string<_CharT, _Traits, _Alloc>& __lhs,
[2.265s]       |     [01;36m[K^~~~~~~~[m[K
[2.265s] [01m[K/usr/include/c++/9/bits/basic_string.h:6023:5:[m[K [01;36m[Knote: [m[K  template argument deduction/substitution failed:
[2.265s] [01m[K/home/offroad/radar_ws/src/radar_conti_ars408/src/src/radar_conti_ars408_component.cpp:474:86:[m[K [01;36m[Knote: [m[K  mismatched types ‘[01m[Kconst std::__cxx11::basic_string<_CharT, _Traits, _Alloc>[m[K’ and ‘[01m[Kstd_msgs::msg::Int32_<std::allocator<void> >::_data_type[m[K’ {aka ‘[01m[Kint[m[K’}
[2.265s]   474 |                     + " Dynamic_Property: " + itr->second.object_general.obj_dynprop.[01;36m[Kdata[m[K  + "\n";
[2.265s]       |                                                                                      [01;36m[K^~~~[m[K
[2.265s] In file included from [01m[K/usr/include/c++/9/string:56[m[K,
[2.265s]                  from [01m[K/usr/include/c++/9/bits/locale_classes.h:40[m[K,
[2.265s]                  from [01m[K/usr/include/c++/9/bits/ios_base.h:41[m[K,
[2.266s]                  from [01m[K/usr/include/c++/9/ios:42[m[K,
[2.266s]                  from [01m[K/usr/include/c++/9/ostream:38[m[K,
[2.266s]                  from [01m[K/usr/include/c++/9/iostream:39[m[K,
[2.266s]                  from [01m[K/home/offroad/radar_ws/src/radar_conti_ars408/src/src/../include/radar_conti_ars408_component.hpp:19[m[K,
[2.266s]                  from [01m[K/home/offroad/radar_ws/src/radar_conti_ars408/src/src/radar_conti_ars408_component.cpp:14[m[K:
[2.266s] [01m[K/usr/include/c++/9/bits/basic_string.tcc:1158:5:[m[K [01;36m[Knote: [m[Kcandidate: ‘[01m[Ktemplate<class _CharT, class _Traits, class _Alloc> std::__cxx11::basic_string<_CharT, _Traits, _Alloc> std::operator+(const _CharT*, const std::__cxx11::basic_string<_CharT, _Traits, _Alloc>&)[m[K’
[2.266s]  1158 |     [01;36m[Koperator[m[K+(const _CharT* __lhs,
[2.266s]       |     [01;36m[K^~~~~~~~[m[K
[2.266s] [01m[K/usr/include/c++/9/bits/basic_string.tcc:1158:5:[m[K [01;36m[Knote: [m[K  template argument deduction/substitution failed:
[2.266s] [01m[K/home/offroad/radar_ws/src/radar_conti_ars408/src/src/radar_conti_ars408_component.cpp:474:86:[m[K [01;36m[Knote: [m[K  mismatched types ‘[01m[Kconst _CharT*[m[K’ and ‘[01m[Kstd::__cxx11::basic_string<char>[m[K’
[2.266s]   474 |                     + " Dynamic_Property: " + itr->second.object_general.obj_dynprop.[01;36m[Kdata[m[K  + "\n";
[2.266s]       |                                                                                      [01;36m[K^~~~[m[K
[2.266s] In file included from [01m[K/usr/include/c++/9/string:56[m[K,
[2.266s]                  from [01m[K/usr/include/c++/9/bits/locale_classes.h:40[m[K,
[2.266s]                  from [01m[K/usr/include/c++/9/bits/ios_base.h:41[m[K,
[2.267s]                  from [01m[K/usr/include/c++/9/ios:42[m[K,
[2.267s]                  from [01m[K/usr/include/c++/9/ostream:38[m[K,
[2.267s]                  from [01m[K/usr/include/c++/9/iostream:39[m[K,
[2.267s]                  from [01m[K/home/offroad/radar_ws/src/radar_conti_ars408/src/src/../include/radar_conti_ars408_component.hpp:19[m[K,
[2.267s]                  from [01m[K/home/offroad/radar_ws/src/radar_conti_ars408/src/src/radar_conti_ars408_component.cpp:14[m[K:
[2.267s] [01m[K/usr/include/c++/9/bits/basic_string.tcc:1174:5:[m[K [01;36m[Knote: [m[Kcandidate: ‘[01m[Ktemplate<class _CharT, class _Traits, class _Alloc> std::__cxx11::basic_string<_CharT, _Traits, _Alloc> std::operator+(_CharT, const std::__cxx11::basic_string<_CharT, _Traits, _Alloc>&)[m[K’
[2.267s]  1174 |     [01;36m[Koperator[m[K+(_CharT __lhs, const basic_string<_CharT, _Traits, _Alloc>& __rhs)
[2.267s]       |     [01;36m[K^~~~~~~~[m[K
[2.267s] [01m[K/usr/include/c++/9/bits/basic_string.tcc:1174:5:[m[K [01;36m[Knote: [m[K  template argument deduction/substitution failed:
[2.267s] [01m[K/home/offroad/radar_ws/src/radar_conti_ars408/src/src/radar_conti_ars408_component.cpp:474:86:[m[K [01;36m[Knote: [m[K  mismatched types ‘[01m[Kconst std::__cxx11::basic_string<_CharT, _Traits, _Alloc>[m[K’ and ‘[01m[Kstd_msgs::msg::Int32_<std::allocator<void> >::_data_type[m[K’ {aka ‘[01m[Kint[m[K’}
[2.267s]   474 |                     + " Dynamic_Property: " + itr->second.object_general.obj_dynprop.[01;36m[Kdata[m[K  + "\n";
[2.267s]       |                                                                                      [01;36m[K^~~~[m[K
[2.267s] In file included from [01m[K/usr/include/c++/9/string:55[m[K,
[2.267s]                  from [01m[K/usr/include/c++/9/bits/locale_classes.h:40[m[K,
[2.267s]                  from [01m[K/usr/include/c++/9/bits/ios_base.h:41[m[K,
[2.268s]                  from [01m[K/usr/include/c++/9/ios:42[m[K,
[2.268s]                  from [01m[K/usr/include/c++/9/ostream:38[m[K,
[2.268s]                  from [01m[K/usr/include/c++/9/iostream:39[m[K,
[2.268s]                  from [01m[K/home/offroad/radar_ws/src/radar_conti_ars408/src/src/../include/radar_conti_ars408_component.hpp:19[m[K,
[2.268s]                  from [01m[K/home/offroad/radar_ws/src/radar_conti_ars408/src/src/radar_conti_ars408_component.cpp:14[m[K:
[2.268s] [01m[K/usr/include/c++/9/bits/basic_string.h:6060:5:[m[K [01;36m[Knote: [m[Kcandidate: ‘[01m[Ktemplate<class _CharT, class _Traits, class _Alloc> std::__cxx11::basic_string<_CharT, _Traits, _Alloc> std::operator+(const std::__cxx11::basic_string<_CharT, _Traits, _Alloc>&, const _CharT*)[m[K’
[2.268s]  6060 |     [01;36m[Koperator[m[K+(const basic_string<_CharT, _Traits, _Alloc>& __lhs,
[2.268s]       |     [01;36m[K^~~~~~~~[m[K
[2.268s] [01m[K/usr/include/c++/9/bits/basic_string.h:6060:5:[m[K [01;36m[Knote: [m[K  template argument deduction/substitution failed:
[2.268s] [01m[K/home/offroad/radar_ws/src/radar_conti_ars408/src/src/radar_conti_ars408_component.cpp:474:86:[m[K [01;36m[Knote: [m[K  mismatched types ‘[01m[Kconst _CharT*[m[K’ and ‘[01m[Kint[m[K’
[2.268s]   474 |                     + " Dynamic_Property: " + itr->second.object_general.obj_dynprop.[01;36m[Kdata[m[K  + "\n";
[2.268s]       |                                                                                      [01;36m[K^~~~[m[K
[2.268s] In file included from [01m[K/usr/include/c++/9/string:55[m[K,
[2.268s]                  from [01m[K/usr/include/c++/9/bits/locale_classes.h:40[m[K,
[2.268s]                  from [01m[K/usr/include/c++/9/bits/ios_base.h:41[m[K,
[2.269s]                  from [01m[K/usr/include/c++/9/ios:42[m[K,
[2.269s]                  from [01m[K/usr/include/c++/9/ostream:38[m[K,
[2.269s]                  from [01m[K/usr/include/c++/9/iostream:39[m[K,
[2.269s]                  from [01m[K/home/offroad/radar_ws/src/radar_conti_ars408/src/src/../include/radar_conti_ars408_component.hpp:19[m[K,
[2.269s]                  from [01m[K/home/offroad/radar_ws/src/radar_conti_ars408/src/src/radar_conti_ars408_component.cpp:14[m[K:
[2.269s] [01m[K/usr/include/c++/9/bits/basic_string.h:6076:5:[m[K [01;36m[Knote: [m[Kcandidate: ‘[01m[Ktemplate<class _CharT, class _Traits, class _Alloc> std::__cxx11::basic_string<_CharT, _Traits, _Alloc> std::operator+(const std::__cxx11::basic_string<_CharT, _Traits, _Alloc>&, _CharT)[m[K’
[2.269s]  6076 |     [01;36m[Koperator[m[K+(const basic_string<_CharT, _Traits, _Alloc>& __lhs, _CharT __rhs)
[2.269s]       |     [01;36m[K^~~~~~~~[m[K
[2.269s] [01m[K/usr/include/c++/9/bits/basic_string.h:6076:5:[m[K [01;36m[Knote: [m[K  template argument deduction/substitution failed:
[2.269s] [01m[K/home/offroad/radar_ws/src/radar_conti_ars408/src/src/radar_conti_ars408_component.cpp:474:86:[m[K [01;36m[Knote: [m[K  deduced conflicting types for parameter ‘[01m[K_CharT[m[K’ (‘[01m[Kchar[m[K’ and ‘[01m[Kint[m[K’)
[2.269s]   474 |                     + " Dynamic_Property: " + itr->second.object_general.obj_dynprop.[01;36m[Kdata[m[K  + "\n";
[2.269s]       |                                                                                      [01;36m[K^~~~[m[K
[2.269s] In file included from [01m[K/usr/include/c++/9/string:55[m[K,
[2.269s]                  from [01m[K/usr/include/c++/9/bits/locale_classes.h:40[m[K,
[2.269s]                  from [01m[K/usr/include/c++/9/bits/ios_base.h:41[m[K,
[2.270s]                  from [01m[K/usr/include/c++/9/ios:42[m[K,
[2.270s]                  from [01m[K/usr/include/c++/9/ostream:38[m[K,
[2.270s]                  from [01m[K/usr/include/c++/9/iostream:39[m[K,
[2.270s]                  from [01m[K/home/offroad/radar_ws/src/radar_conti_ars408/src/src/../include/radar_conti_ars408_component.hpp:19[m[K,
[2.270s]                  from [01m[K/home/offroad/radar_ws/src/radar_conti_ars408/src/src/radar_conti_ars408_component.cpp:14[m[K:
[2.270s] [01m[K/usr/include/c++/9/bits/basic_string.h:6088:5:[m[K [01;36m[Knote: [m[Kcandidate: ‘[01m[Ktemplate<class _CharT, class _Traits, class _Alloc> std::__cxx11::basic_string<_CharT, _Traits, _Alloc> std::operator+(std::__cxx11::basic_string<_CharT, _Traits, _Alloc>&&, const std::__cxx11::basic_string<_CharT, _Traits, _Alloc>&)[m[K’
[2.270s]  6088 |     [01;36m[Koperator[m[K+(basic_string<_CharT, _Traits, _Alloc>&& __lhs,
[2.270s]       |     [01;36m[K^~~~~~~~[m[K
[2.270s] [01m[K/usr/include/c++/9/bits/basic_string.h:6088:5:[m[K [01;36m[Knote: [m[K  template argument deduction/substitution failed:
[2.270s] [01m[K/home/offroad/radar_ws/src/radar_conti_ars408/src/src/radar_conti_ars408_component.cpp:474:86:[m[K [01;36m[Knote: [m[K  mismatched types ‘[01m[Kconst std::__cxx11::basic_string<_CharT, _Traits, _Alloc>[m[K’ and ‘[01m[Kstd_msgs::msg::Int32_<std::allocator<void> >::_data_type[m[K’ {aka ‘[01m[Kint[m[K’}
[2.270s]   474 |                     + " Dynamic_Property: " + itr->second.object_general.obj_dynprop.[01;36m[Kdata[m[K  + "\n";
[2.270s]       |                                                                                      [01;36m[K^~~~[m[K
[2.270s] In file included from [01m[K/usr/include/c++/9/string:55[m[K,
[2.270s]                  from [01m[K/usr/include/c++/9/bits/locale_classes.h:40[m[K,
[2.270s]                  from [01m[K/usr/include/c++/9/bits/ios_base.h:41[m[K,
[2.271s]                  from [01m[K/usr/include/c++/9/ios:42[m[K,
[2.271s]                  from [01m[K/usr/include/c++/9/ostream:38[m[K,
[2.271s]                  from [01m[K/usr/include/c++/9/iostream:39[m[K,
[2.271s]                  from [01m[K/home/offroad/radar_ws/src/radar_conti_ars408/src/src/../include/radar_conti_ars408_component.hpp:19[m[K,
[2.271s]                  from [01m[K/home/offroad/radar_ws/src/radar_conti_ars408/src/src/radar_conti_ars408_component.cpp:14[m[K:
[2.271s] [01m[K/usr/include/c++/9/bits/basic_string.h:6094:5:[m[K [01;36m[Knote: [m[Kcandidate: ‘[01m[Ktemplate<class _CharT, class _Traits, class _Alloc> std::__cxx11::basic_string<_CharT, _Traits, _Alloc> std::operator+(const std::__cxx11::basic_string<_CharT, _Traits, _Alloc>&, std::__cxx11::basic_string<_CharT, _Traits, _Alloc>&&)[m[K’
[2.271s]  6094 |     [01;36m[Koperator[m[K+(const basic_string<_CharT, _Traits, _Alloc>& __lhs,
[2.271s]       |     [01;36m[K^~~~~~~~[m[K
[2.271s] [01m[K/usr/include/c++/9/bits/basic_string.h:6094:5:[m[K [01;36m[Knote: [m[K  template argument deduction/substitution failed:
[2.271s] [01m[K/home/offroad/radar_ws/src/radar_conti_ars408/src/src/radar_conti_ars408_component.cpp:474:86:[m[K [01;36m[Knote: [m[K  mismatched types ‘[01m[Kstd::__cxx11::basic_string<_CharT, _Traits, _Alloc>[m[K’ and ‘[01m[Kstd_msgs::msg::Int32_<std::allocator<void> >::_data_type[m[K’ {aka ‘[01m[Kint[m[K’}
[2.271s]   474 |                     + " Dynamic_Property: " + itr->second.object_general.obj_dynprop.[01;36m[Kdata[m[K  + "\n";
[2.271s]       |                                                                                      [01;36m[K^~~~[m[K
[2.271s] In file included from [01m[K/usr/include/c++/9/string:55[m[K,
[2.271s]                  from [01m[K/usr/include/c++/9/bits/locale_classes.h:40[m[K,
[2.272s]                  from [01m[K/usr/include/c++/9/bits/ios_base.h:41[m[K,
[2.272s]                  from [01m[K/usr/include/c++/9/ios:42[m[K,
[2.272s]                  from [01m[K/usr/include/c++/9/ostream:38[m[K,
[2.272s]                  from [01m[K/usr/include/c++/9/iostream:39[m[K,
[2.272s]                  from [01m[K/home/offroad/radar_ws/src/radar_conti_ars408/src/src/../include/radar_conti_ars408_component.hpp:19[m[K,
[2.272s]                  from [01m[K/home/offroad/radar_ws/src/radar_conti_ars408/src/src/radar_conti_ars408_component.cpp:14[m[K:
[2.272s] [01m[K/usr/include/c++/9/bits/basic_string.h:6100:5:[m[K [01;36m[Knote: [m[Kcandidate: ‘[01m[Ktemplate<class _CharT, class _Traits, class _Alloc> std::__cxx11::basic_string<_CharT, _Traits, _Alloc> std::operator+(std::__cxx11::basic_string<_CharT, _Traits, _Alloc>&&, std::__cxx11::basic_string<_CharT, _Traits, _Alloc>&&)[m[K’
[2.272s]  6100 |     [01;36m[Koperator[m[K+(basic_string<_CharT, _Traits, _Alloc>&& __lhs,
[2.272s]       |     [01;36m[K^~~~~~~~[m[K
[2.272s] [01m[K/usr/include/c++/9/bits/basic_string.h:6100:5:[m[K [01;36m[Knote: [m[K  template argument deduction/substitution failed:
[2.272s] [01m[K/home/offroad/radar_ws/src/radar_conti_ars408/src/src/radar_conti_ars408_component.cpp:474:86:[m[K [01;36m[Knote: [m[K  mismatched types ‘[01m[Kstd::__cxx11::basic_string<_CharT, _Traits, _Alloc>[m[K’ and ‘[01m[Kstd_msgs::msg::Int32_<std::allocator<void> >::_data_type[m[K’ {aka ‘[01m[Kint[m[K’}
[2.272s]   474 |                     + " Dynamic_Property: " + itr->second.object_general.obj_dynprop.[01;36m[Kdata[m[K  + "\n";
[2.272s]       |                                                                                      [01;36m[K^~~~[m[K
[2.272s] In file included from [01m[K/usr/include/c++/9/string:55[m[K,
[2.272s]                  from [01m[K/usr/include/c++/9/bits/locale_classes.h:40[m[K,
[2.273s]                  from [01m[K/usr/include/c++/9/bits/ios_base.h:41[m[K,
[2.273s]                  from [01m[K/usr/include/c++/9/ios:42[m[K,
[2.273s]                  from [01m[K/usr/include/c++/9/ostream:38[m[K,
[2.273s]                  from [01m[K/usr/include/c++/9/iostream:39[m[K,
[2.273s]                  from [01m[K/home/offroad/radar_ws/src/radar_conti_ars408/src/src/../include/radar_conti_ars408_component.hpp:19[m[K,
[2.273s]                  from [01m[K/home/offroad/radar_ws/src/radar_conti_ars408/src/src/radar_conti_ars408_component.cpp:14[m[K:
[2.273s] [01m[K/usr/include/c++/9/bits/basic_string.h:6112:5:[m[K [01;36m[Knote: [m[Kcandidate: ‘[01m[Ktemplate<class _CharT, class _Traits, class _Alloc> std::__cxx11::basic_string<_CharT, _Traits, _Alloc> std::operator+(const _CharT*, std::__cxx11::basic_string<_CharT, _Traits, _Alloc>&&)[m[K’
[2.273s]  6112 |     [01;36m[Koperator[m[K+(const _CharT* __lhs,
[2.273s]       |     [01;36m[K^~~~~~~~[m[K
[2.273s] [01m[K/usr/include/c++/9/bits/basic_string.h:6112:5:[m[K [01;36m[Knote: [m[K  template argument deduction/substitution failed:
[2.273s] [01m[K/home/offroad/radar_ws/src/radar_conti_ars408/src/src/radar_conti_ars408_component.cpp:474:86:[m[K [01;36m[Knote: [m[K  mismatched types ‘[01m[Kconst _CharT*[m[K’ and ‘[01m[Kstd::__cxx11::basic_string<char>[m[K’
[2.273s]   474 |                     + " Dynamic_Property: " + itr->second.object_general.obj_dynprop.[01;36m[Kdata[m[K  + "\n";
[2.273s]       |                                                                                      [01;36m[K^~~~[m[K
[2.273s] In file included from [01m[K/usr/include/c++/9/string:55[m[K,
[2.273s]                  from [01m[K/usr/include/c++/9/bits/locale_classes.h:40[m[K,
[2.274s]                  from [01m[K/usr/include/c++/9/bits/ios_base.h:41[m[K,
[2.274s]                  from [01m[K/usr/include/c++/9/ios:42[m[K,
[2.274s]                  from [01m[K/usr/include/c++/9/ostream:38[m[K,
[2.274s]                  from [01m[K/usr/include/c++/9/iostream:39[m[K,
[2.274s]                  from [01m[K/home/offroad/radar_ws/src/radar_conti_ars408/src/src/../include/radar_conti_ars408_component.hpp:19[m[K,
[2.274s]                  from [01m[K/home/offroad/radar_ws/src/radar_conti_ars408/src/src/radar_conti_ars408_component.cpp:14[m[K:
[2.274s] [01m[K/usr/include/c++/9/bits/basic_string.h:6118:5:[m[K [01;36m[Knote: [m[Kcandidate: ‘[01m[Ktemplate<class _CharT, class _Traits, class _Alloc> std::__cxx11::basic_string<_CharT, _Traits, _Alloc> std::operator+(_CharT, std::__cxx11::basic_string<_CharT, _Traits, _Alloc>&&)[m[K’
[2.274s]  6118 |     [01;36m[Koperator[m[K+(_CharT __lhs,
[2.274s]       |     [01;36m[K^~~~~~~~[m[K
[2.274s] [01m[K/usr/include/c++/9/bits/basic_string.h:6118:5:[m[K [01;36m[Knote: [m[K  template argument deduction/substitution failed:
[2.274s] [01m[K/home/offroad/radar_ws/src/radar_conti_ars408/src/src/radar_conti_ars408_component.cpp:474:86:[m[K [01;36m[Knote: [m[K  mismatched types ‘[01m[Kstd::__cxx11::basic_string<_CharT, _Traits, _Alloc>[m[K’ and ‘[01m[Kstd_msgs::msg::Int32_<std::allocator<void> >::_data_type[m[K’ {aka ‘[01m[Kint[m[K’}
[2.274s]   474 |                     + " Dynamic_Property: " + itr->second.object_general.obj_dynprop.[01;36m[Kdata[m[K  + "\n";
[2.274s]       |                                                                                      [01;36m[K^~~~[m[K
[2.274s] In file included from [01m[K/usr/include/c++/9/string:55[m[K,
[2.274s]                  from [01m[K/usr/include/c++/9/bits/locale_classes.h:40[m[K,
[2.275s]                  from [01m[K/usr/include/c++/9/bits/ios_base.h:41[m[K,
[2.275s]                  from [01m[K/usr/include/c++/9/ios:42[m[K,
[2.275s]                  from [01m[K/usr/include/c++/9/ostream:38[m[K,
[2.275s]                  from [01m[K/usr/include/c++/9/iostream:39[m[K,
[2.275s]                  from [01m[K/home/offroad/radar_ws/src/radar_conti_ars408/src/src/../include/radar_conti_ars408_component.hpp:19[m[K,
[2.275s]                  from [01m[K/home/offroad/radar_ws/src/radar_conti_ars408/src/src/radar_conti_ars408_component.cpp:14[m[K:
[2.275s] [01m[K/usr/include/c++/9/bits/basic_string.h:6124:5:[m[K [01;36m[Knote: [m[Kcandidate: ‘[01m[Ktemplate<class _CharT, class _Traits, class _Alloc> std::__cxx11::basic_string<_CharT, _Traits, _Alloc> std::operator+(std::__cxx11::basic_string<_CharT, _Traits, _Alloc>&&, const _CharT*)[m[K’
[2.275s]  6124 |     [01;36m[Koperator[m[K+(basic_string<_CharT, _Traits, _Alloc>&& __lhs,
[2.275s]       |     [01;36m[K^~~~~~~~[m[K
[2.275s] [01m[K/usr/include/c++/9/bits/basic_string.h:6124:5:[m[K [01;36m[Knote: [m[K  template argument deduction/substitution failed:
[2.275s] [01m[K/home/offroad/radar_ws/src/radar_conti_ars408/src/src/radar_conti_ars408_component.cpp:474:86:[m[K [01;36m[Knote: [m[K  mismatched types ‘[01m[Kconst _CharT*[m[K’ and ‘[01m[Kint[m[K’
[2.275s]   474 |                     + " Dynamic_Property: " + itr->second.object_general.obj_dynprop.[01;36m[Kdata[m[K  + "\n";
[2.275s]       |                                                                                      [01;36m[K^~~~[m[K
[2.276s] In file included from [01m[K/usr/include/c++/9/string:55[m[K,
[2.276s]                  from [01m[K/usr/include/c++/9/bits/locale_classes.h:40[m[K,
[2.276s]                  from [01m[K/usr/include/c++/9/bits/ios_base.h:41[m[K,
[2.276s]                  from [01m[K/usr/include/c++/9/ios:42[m[K,
[2.276s]                  from [01m[K/usr/include/c++/9/ostream:38[m[K,
[2.276s]                  from [01m[K/usr/include/c++/9/iostream:39[m[K,
[2.276s]                  from [01m[K/home/offroad/radar_ws/src/radar_conti_ars408/src/src/../include/radar_conti_ars408_component.hpp:19[m[K,
[2.276s]                  from [01m[K/home/offroad/radar_ws/src/radar_conti_ars408/src/src/radar_conti_ars408_component.cpp:14[m[K:
[2.276s] [01m[K/usr/include/c++/9/bits/basic_string.h:6130:5:[m[K [01;36m[Knote: [m[Kcandidate: ‘[01m[Ktemplate<class _CharT, class _Traits, class _Alloc> std::__cxx11::basic_string<_CharT, _Traits, _Alloc> std::operator+(std::__cxx11::basic_string<_CharT, _Traits, _Alloc>&&, _CharT)[m[K’
[2.276s]  6130 |     [01;36m[Koperator[m[K+(basic_string<_CharT, _Traits, _Alloc>&& __lhs,
[2.276s]       |     [01;36m[K^~~~~~~~[m[K
[2.276s] [01m[K/usr/include/c++/9/bits/basic_string.h:6130:5:[m[K [01;36m[Knote: [m[K  template argument deduction/substitution failed:
[2.276s] [01m[K/home/offroad/radar_ws/src/radar_conti_ars408/src/src/radar_conti_ars408_component.cpp:474:86:[m[K [01;36m[Knote: [m[K  deduced conflicting types for parameter ‘[01m[K_CharT[m[K’ (‘[01m[Kchar[m[K’ and ‘[01m[Kint[m[K’)
[2.276s]   474 |                     + " Dynamic_Property: " + itr->second.object_general.obj_dynprop.[01;36m[Kdata[m[K  + "\n";
[2.276s]       |                                                                                      [01;36m[K^~~~[m[K
[2.277s] In file included from [01m[K/usr/include/c++/9/vector:68[m[K,
[2.277s]                  from [01m[K/opt/ros/foxy/include/rclcpp/executor.hpp:27[m[K,
[2.277s]                  from [01m[K/opt/ros/foxy/include/rclcpp/executors/multi_threaded_executor.hpp:26[m[K,
[2.277s]                  from [01m[K/opt/ros/foxy/include/rclcpp/executors.hpp:21[m[K,
[2.277s]                  from [01m[K/opt/ros/foxy/include/rclcpp/rclcpp.hpp:146[m[K,
[2.277s]                  from [01m[K/home/offroad/radar_ws/src/radar_conti_ars408/src/src/../include/radar_conti_ars408_component.hpp:25[m[K,
[2.277s]                  from [01m[K/home/offroad/radar_ws/src/radar_conti_ars408/src/src/radar_conti_ars408_component.cpp:14[m[K:
[2.277s] [01m[K/usr/include/c++/9/bits/stl_bvector.h:303:3:[m[K [01;36m[Knote: [m[Kcandidate: ‘[01m[Kstd::_Bit_iterator std::operator+(std::ptrdiff_t, const std::_Bit_iterator&)[m[K’
[2.277s]   303 |   [01;36m[Koperator[m[K+(ptrdiff_t __n, const _Bit_iterator& __x)
[2.277s]       |   [01;36m[K^~~~~~~~[m[K
[2.277s] [01m[K/usr/include/c++/9/bits/stl_bvector.h:303:23:[m[K [01;36m[Knote: [m[K  no known conversion for argument 1 from ‘[01m[Kstd::__cxx11::basic_string<char>[m[K’ to ‘[01m[Kstd::ptrdiff_t[m[K’ {aka ‘[01m[Klong int[m[K’}
[2.277s]   303 |   operator+([01;36m[Kptrdiff_t __n[m[K, const _Bit_iterator& __x)
[2.277s]       |             [01;36m[K~~~~~~~~~~^~~[m[K
[2.277s] [01m[K/usr/include/c++/9/bits/stl_bvector.h:393:3:[m[K [01;36m[Knote: [m[Kcandidate: ‘[01m[Kstd::_Bit_const_iterator std::operator+(std::ptrdiff_t, const std::_Bit_const_iterator&)[m[K’
[2.278s]   393 |   [01;36m[Koperator[m[K+(ptrdiff_t __n, const _Bit_const_iterator& __x)
[2.278s]       |   [01;36m[K^~~~~~~~[m[K
[2.278s] [01m[K/usr/include/c++/9/bits/stl_bvector.h:393:23:[m[K [01;36m[Knote: [m[K  no known conversion for argument 1 from ‘[01m[Kstd::__cxx11::basic_string<char>[m[K’ to ‘[01m[Kstd::ptrdiff_t[m[K’ {aka ‘[01m[Klong int[m[K’}
[2.278s]   393 |   operator+([01;36m[Kptrdiff_t __n[m[K, const _Bit_const_iterator& __x)
[2.278s]       |             [01;36m[K~~~~~~~~~~^~~[m[K
[2.278s] In file included from [01m[K/usr/include/c++/9/bits/stl_algobase.h:67[m[K,
[2.278s]                  from [01m[K/usr/include/c++/9/bits/char_traits.h:39[m[K,
[2.278s]                  from [01m[K/usr/include/c++/9/ios:40[m[K,
[2.278s]                  from [01m[K/usr/include/c++/9/ostream:38[m[K,
[2.278s]                  from [01m[K/usr/include/c++/9/iostream:39[m[K,
[2.278s]                  from [01m[K/home/offroad/radar_ws/src/radar_conti_ars408/src/src/../include/radar_conti_ars408_component.hpp:19[m[K,
[2.278s]                  from [01m[K/home/offroad/radar_ws/src/radar_conti_ars408/src/src/radar_conti_ars408_component.cpp:14[m[K:
[2.278s] [01m[K/usr/include/c++/9/bits/stl_iterator.h:993:5:[m[K [01;36m[Knote: [m[Kcandidate: ‘[01m[Ktemplate<class _Iterator, class _Container> __gnu_cxx::__normal_iterator<_Iterator, _Container> __gnu_cxx::operator+(typename __gnu_cxx::__normal_iterator<_Iterator, _Container>::difference_type, const __gnu_cxx::__normal_iterator<_Iterator, _Container>&)[m[K’
[2.278s]   993 |     [01;36m[Koperator[m[K+(typename __normal_iterator<_Iterator, _Container>::difference_type
[2.278s]       |     [01;36m[K^~~~~~~~[m[K
[2.278s] [01m[K/usr/include/c++/9/bits/stl_iterator.h:993:5:[m[K [01;36m[Knote: [m[K  template argument deduction/substitution failed:
[2.279s] [01m[K/home/offroad/radar_ws/src/radar_conti_ars408/src/src/radar_conti_ars408_component.cpp:474:86:[m[K [01;36m[Knote: [m[K  mismatched types ‘[01m[Kconst __gnu_cxx::__normal_iterator<_Iterator, _Container>[m[K’ and ‘[01m[Kstd_msgs::msg::Int32_<std::allocator<void> >::_data_type[m[K’ {aka ‘[01m[Kint[m[K’}
[2.279s]   474 |                     + " Dynamic_Property: " + itr->second.object_general.obj_dynprop.[01;36m[Kdata[m[K  + "\n";
[2.279s]       |                                                                                      [01;36m[K^~~~[m[K
[3.833s] make[2]: *** [CMakeFiles/radar_conti_ars408_component.dir/build.make:63: CMakeFiles/radar_conti_ars408_component.dir/src/radar_conti_ars408_component.cpp.o] Error 1
[3.833s] make[1]: *** [CMakeFiles/Makefile2:165: CMakeFiles/radar_conti_ars408_component.dir/all] Error 2
[3.833s] make: *** [Makefile:141: all] Error 2
[3.835s] Invoked command in '/home/offroad/radar_ws/build/radar_conti_ars408' returned '2': CMAKE_PREFIX_PATH=/home/offroad/radar_ws/install/ros2socketcan_bridge:/home/offroad/radar_ws/install/radar_conti_ars408_msgs:/home/offroad/radar_ws/install/can_msgs:/home/offroad/radar_ws/install/cpp_srvcli:/home/offroad/radar_ws/install/cpp_pubsub:/home/offroad/radar_ws/install/radar_conti_ars408:/opt/ros/foxy LD_LIBRARY_PATH=/home/offroad/radar_ws/install/radar_conti_ars408_msgs/lib:/home/offroad/radar_ws/install/can_msgs/lib:/home/offroad/radar_ws/install/radar_conti_ars408/lib:/usr/lib/x86_64-linux-gnu/gazebo-11/plugins:/opt/ros/foxy/opt/yaml_cpp_vendor/lib:/opt/ros/foxy/opt/rviz_ogre_vendor/lib:/opt/ros/foxy/lib/x86_64-linux-gnu:/opt/ros/foxy/lib /usr/bin/cmake --build /home/offroad/radar_ws/build/radar_conti_ars408 -- -j12 -l12
