[0.027s] Invoking command in '/home/offroad/radar_ws/src/build/can_msgs': CMAKE_PREFIX_PATH=${CMAKE_PREFIX_PATH}:/home/offroad/nav2_ws/install/nav2_gazebo_spawner:/opt/ros/foxy /usr/bin/cmake --build /home/offroad/radar_ws/src/build/can_msgs -- -j12 -l12
[0.091s] [  3%] Built target can_msgs__cpp
[0.092s] [ 12%] Built target can_msgs__rosidl_generator_c
[0.128s] [ 25%] Built target can_msgs__rosidl_typesupport_c
[0.128s] [ 32%] Built target can_msgs__rosidl_typesupport_introspection_cpp
[0.131s] [ 41%] Built target can_msgs__rosidl_typesupport_fastrtps_cpp
[0.134s] [ 51%] Built target can_msgs__rosidl_typesupport_introspection_c
[0.134s] [ 61%] Built target can_msgs__rosidl_typesupport_cpp
[0.166s] [ 70%] Built target can_msgs__rosidl_typesupport_fastrtps_c
[0.191s] [ 70%] Built target can_msgs
[0.216s] [ 74%] Built target can_msgs__py
[0.246s] [ 80%] Built target can_msgs__python
[0.277s] [100%] Built target can_msgs__rosidl_typesupport_introspection_c__pyext
[0.277s] [100%] Built target can_msgs__rosidl_typesupport_fastrtps_c__pyext
[0.278s] [100%] Built target can_msgs__rosidl_typesupport_c__pyext
[0.290s] Invoked command in '/home/offroad/radar_ws/src/build/can_msgs' returned '0': CMAKE_PREFIX_PATH=${CMAKE_PREFIX_PATH}:/home/offroad/nav2_ws/install/nav2_gazebo_spawner:/opt/ros/foxy /usr/bin/cmake --build /home/offroad/radar_ws/src/build/can_msgs -- -j12 -l12
[0.372s] Invoking command in '/home/offroad/radar_ws/src/build/can_msgs': CMAKE_PREFIX_PATH=${CMAKE_PREFIX_PATH}:/home/offroad/nav2_ws/install/nav2_gazebo_spawner:/opt/ros/foxy /usr/bin/cmake --install /home/offroad/radar_ws/src/build/can_msgs
[0.382s] -- Install configuration: ""
[0.383s] -- Up-to-date: /home/offroad/radar_ws/src/install/can_msgs/share/ament_index/resource_index/rosidl_interfaces/can_msgs
[0.383s] -- Up-to-date: /home/offroad/radar_ws/src/install/can_msgs/include/can_msgs
[0.383s] -- Up-to-date: /home/offroad/radar_ws/src/install/can_msgs/include/can_msgs/msg
[0.383s] -- Up-to-date: /home/offroad/radar_ws/src/install/can_msgs/include/can_msgs/msg/detail
[0.383s] -- Up-to-date: /home/offroad/radar_ws/src/install/can_msgs/include/can_msgs/msg/detail/frame__functions.h
[0.383s] -- Up-to-date: /home/offroad/radar_ws/src/install/can_msgs/include/can_msgs/msg/detail/frame__struct.h
[0.383s] -- Up-to-date: /home/offroad/radar_ws/src/install/can_msgs/include/can_msgs/msg/detail/frame__functions.c
[0.383s] -- Up-to-date: /home/offroad/radar_ws/src/install/can_msgs/include/can_msgs/msg/detail/frame__type_support.h
[0.383s] -- Up-to-date: /home/offroad/radar_ws/src/install/can_msgs/include/can_msgs/msg/rosidl_generator_c__visibility_control.h
[0.383s] -- Up-to-date: /home/offroad/radar_ws/src/install/can_msgs/include/can_msgs/msg/frame.h
[0.384s] -- Up-to-date: /home/offroad/radar_ws/src/install/can_msgs/share/can_msgs/environment/library_path.sh
[0.384s] -- Up-to-date: /home/offroad/radar_ws/src/install/can_msgs/share/can_msgs/environment/library_path.dsv
[0.384s] -- Up-to-date: /home/offroad/radar_ws/src/install/can_msgs/lib/libcan_msgs__rosidl_generator_c.so
[0.384s] -- Up-to-date: /home/offroad/radar_ws/src/install/can_msgs/include/can_msgs
[0.384s] -- Up-to-date: /home/offroad/radar_ws/src/install/can_msgs/include/can_msgs/msg
[0.384s] -- Up-to-date: /home/offroad/radar_ws/src/install/can_msgs/include/can_msgs/msg/detail
[0.384s] -- Up-to-date: /home/offroad/radar_ws/src/install/can_msgs/include/can_msgs/msg/detail/frame__rosidl_typesupport_fastrtps_c.h
[0.384s] -- Up-to-date: /home/offroad/radar_ws/src/install/can_msgs/include/can_msgs/msg/rosidl_typesupport_fastrtps_c__visibility_control.h
[0.384s] -- Up-to-date: /home/offroad/radar_ws/src/install/can_msgs/lib/libcan_msgs__rosidl_typesupport_fastrtps_c.so
[0.384s] -- Up-to-date: /home/offroad/radar_ws/src/install/can_msgs/include/can_msgs
[0.384s] -- Up-to-date: /home/offroad/radar_ws/src/install/can_msgs/include/can_msgs/msg
[0.385s] -- Up-to-date: /home/offroad/radar_ws/src/install/can_msgs/include/can_msgs/msg/detail
[0.385s] -- Up-to-date: /home/offroad/radar_ws/src/install/can_msgs/include/can_msgs/msg/detail/dds_fastrtps
[0.385s] -- Up-to-date: /home/offroad/radar_ws/src/install/can_msgs/include/can_msgs/msg/detail/frame__rosidl_typesupport_fastrtps_cpp.hpp
[0.385s] -- Up-to-date: /home/offroad/radar_ws/src/install/can_msgs/include/can_msgs/msg/rosidl_typesupport_fastrtps_cpp__visibility_control.h
[0.385s] -- Up-to-date: /home/offroad/radar_ws/src/install/can_msgs/lib/libcan_msgs__rosidl_typesupport_fastrtps_cpp.so
[0.385s] -- Up-to-date: /home/offroad/radar_ws/src/install/can_msgs/include/can_msgs
[0.385s] -- Up-to-date: /home/offroad/radar_ws/src/install/can_msgs/include/can_msgs/msg
[0.385s] -- Up-to-date: /home/offroad/radar_ws/src/install/can_msgs/include/can_msgs/msg/detail
[0.385s] -- Up-to-date: /home/offroad/radar_ws/src/install/can_msgs/include/can_msgs/msg/detail/frame__rosidl_typesupport_introspection_c.h
[0.385s] -- Up-to-date: /home/offroad/radar_ws/src/install/can_msgs/include/can_msgs/msg/detail/frame__type_support.c
[0.385s] -- Up-to-date: /home/offroad/radar_ws/src/install/can_msgs/include/can_msgs/msg/rosidl_typesupport_introspection_c__visibility_control.h
[0.386s] -- Up-to-date: /home/offroad/radar_ws/src/install/can_msgs/lib/libcan_msgs__rosidl_typesupport_introspection_c.so
[0.386s] -- Up-to-date: /home/offroad/radar_ws/src/install/can_msgs/lib/libcan_msgs__rosidl_typesupport_c.so
[0.386s] -- Up-to-date: /home/offroad/radar_ws/src/install/can_msgs/include/can_msgs
[0.386s] -- Up-to-date: /home/offroad/radar_ws/src/install/can_msgs/include/can_msgs/msg
[0.386s] -- Up-to-date: /home/offroad/radar_ws/src/install/can_msgs/include/can_msgs/msg/detail
[0.386s] -- Up-to-date: /home/offroad/radar_ws/src/install/can_msgs/include/can_msgs/msg/detail/frame__builder.hpp
[0.386s] -- Up-to-date: /home/offroad/radar_ws/src/install/can_msgs/include/can_msgs/msg/detail/frame__traits.hpp
[0.386s] -- Up-to-date: /home/offroad/radar_ws/src/install/can_msgs/include/can_msgs/msg/detail/frame__struct.hpp
[0.386s] -- Up-to-date: /home/offroad/radar_ws/src/install/can_msgs/include/can_msgs/msg/frame.hpp
[0.386s] -- Up-to-date: /home/offroad/radar_ws/src/install/can_msgs/include/can_msgs
[0.386s] -- Up-to-date: /home/offroad/radar_ws/src/install/can_msgs/include/can_msgs/msg
[0.386s] -- Up-to-date: /home/offroad/radar_ws/src/install/can_msgs/include/can_msgs/msg/detail
[0.386s] -- Up-to-date: /home/offroad/radar_ws/src/install/can_msgs/include/can_msgs/msg/detail/frame__type_support.cpp
[0.386s] -- Up-to-date: /home/offroad/radar_ws/src/install/can_msgs/include/can_msgs/msg/detail/frame__rosidl_typesupport_introspection_cpp.hpp
[0.386s] -- Up-to-date: /home/offroad/radar_ws/src/install/can_msgs/lib/libcan_msgs__rosidl_typesupport_introspection_cpp.so
[0.387s] -- Up-to-date: /home/offroad/radar_ws/src/install/can_msgs/lib/libcan_msgs__rosidl_typesupport_cpp.so
[0.387s] -- Up-to-date: /home/offroad/radar_ws/src/install/can_msgs/share/can_msgs/environment/pythonpath.sh
[0.387s] -- Up-to-date: /home/offroad/radar_ws/src/install/can_msgs/share/can_msgs/environment/pythonpath.dsv
[0.387s] -- Up-to-date: /home/offroad/radar_ws/src/install/can_msgs/lib/python3.8/site-packages/can_msgs/__init__.py
[0.417s] -- Up-to-date: /home/offroad/radar_ws/src/install/can_msgs/lib/python3.8/site-packages/can_msgs/msg
[0.417s] -- Up-to-date: /home/offroad/radar_ws/src/install/can_msgs/lib/python3.8/site-packages/can_msgs/msg/__init__.py
[0.417s] -- Up-to-date: /home/offroad/radar_ws/src/install/can_msgs/lib/python3.8/site-packages/can_msgs/msg/_frame.py
[0.417s] -- Up-to-date: /home/offroad/radar_ws/src/install/can_msgs/lib/python3.8/site-packages/can_msgs/msg/_frame_s.c
[0.417s] -- Up-to-date: /home/offroad/radar_ws/src/install/can_msgs/lib/python3.8/site-packages/can_msgs/can_msgs_s__rosidl_typesupport_fastrtps_c.cpython-38-x86_64-linux-gnu.so
[0.418s] -- Up-to-date: /home/offroad/radar_ws/src/install/can_msgs/lib/python3.8/site-packages/can_msgs/can_msgs_s__rosidl_typesupport_introspection_c.cpython-38-x86_64-linux-gnu.so
[0.418s] -- Up-to-date: /home/offroad/radar_ws/src/install/can_msgs/lib/python3.8/site-packages/can_msgs/can_msgs_s__rosidl_typesupport_c.cpython-38-x86_64-linux-gnu.so
[0.419s] -- Up-to-date: /home/offroad/radar_ws/src/install/can_msgs/lib/libcan_msgs__python.so
[0.419s] -- Up-to-date: /home/offroad/radar_ws/src/install/can_msgs/share/can_msgs/msg/Frame.idl
[0.419s] -- Up-to-date: /home/offroad/radar_ws/src/install/can_msgs/share/can_msgs/msg/Frame.msg
[0.419s] -- Up-to-date: /home/offroad/radar_ws/src/install/can_msgs/share/ament_index/resource_index/package_run_dependencies/can_msgs
[0.420s] -- Up-to-date: /home/offroad/radar_ws/src/install/can_msgs/share/ament_index/resource_index/parent_prefix_path/can_msgs
[0.420s] -- Up-to-date: /home/offroad/radar_ws/src/install/can_msgs/share/can_msgs/environment/ament_prefix_path.sh
[0.420s] -- Up-to-date: /home/offroad/radar_ws/src/install/can_msgs/share/can_msgs/environment/ament_prefix_path.dsv
[0.420s] -- Up-to-date: /home/offroad/radar_ws/src/install/can_msgs/share/can_msgs/environment/path.sh
[0.420s] -- Up-to-date: /home/offroad/radar_ws/src/install/can_msgs/share/can_msgs/environment/path.dsv
[0.420s] -- Up-to-date: /home/offroad/radar_ws/src/install/can_msgs/share/can_msgs/local_setup.bash
[0.421s] -- Up-to-date: /home/offroad/radar_ws/src/install/can_msgs/share/can_msgs/local_setup.sh
[0.421s] -- Up-to-date: /home/offroad/radar_ws/src/install/can_msgs/share/can_msgs/local_setup.zsh
[0.421s] -- Up-to-date: /home/offroad/radar_ws/src/install/can_msgs/share/can_msgs/local_setup.dsv
[0.421s] -- Installing: /home/offroad/radar_ws/src/install/can_msgs/share/can_msgs/package.dsv
[0.421s] -- Up-to-date: /home/offroad/radar_ws/src/install/can_msgs/share/ament_index/resource_index/packages/can_msgs
[0.421s] -- Up-to-date: /home/offroad/radar_ws/src/install/can_msgs/share/can_msgs/cmake/can_msgs__rosidl_generator_cExport.cmake
[0.421s] -- Up-to-date: /home/offroad/radar_ws/src/install/can_msgs/share/can_msgs/cmake/can_msgs__rosidl_generator_cExport-noconfig.cmake
[0.422s] -- Up-to-date: /home/offroad/radar_ws/src/install/can_msgs/share/can_msgs/cmake/can_msgs__rosidl_typesupport_introspection_cExport.cmake
[0.422s] -- Up-to-date: /home/offroad/radar_ws/src/install/can_msgs/share/can_msgs/cmake/can_msgs__rosidl_typesupport_introspection_cExport-noconfig.cmake
[0.422s] -- Up-to-date: /home/offroad/radar_ws/src/install/can_msgs/share/can_msgs/cmake/can_msgs__rosidl_typesupport_cExport.cmake
[0.422s] -- Up-to-date: /home/offroad/radar_ws/src/install/can_msgs/share/can_msgs/cmake/can_msgs__rosidl_typesupport_cExport-noconfig.cmake
[0.422s] -- Up-to-date: /home/offroad/radar_ws/src/install/can_msgs/share/can_msgs/cmake/can_msgs__rosidl_generator_cppExport.cmake
[0.422s] -- Up-to-date: /home/offroad/radar_ws/src/install/can_msgs/share/can_msgs/cmake/can_msgs__rosidl_typesupport_introspection_cppExport.cmake
[0.422s] -- Up-to-date: /home/offroad/radar_ws/src/install/can_msgs/share/can_msgs/cmake/can_msgs__rosidl_typesupport_introspection_cppExport-noconfig.cmake
[0.423s] -- Up-to-date: /home/offroad/radar_ws/src/install/can_msgs/share/can_msgs/cmake/can_msgs__rosidl_typesupport_cppExport.cmake
[0.423s] -- Up-to-date: /home/offroad/radar_ws/src/install/can_msgs/share/can_msgs/cmake/can_msgs__rosidl_typesupport_cppExport-noconfig.cmake
[0.423s] -- Up-to-date: /home/offroad/radar_ws/src/install/can_msgs/share/can_msgs/cmake/rosidl_cmake-extras.cmake
[0.424s] -- Up-to-date: /home/offroad/radar_ws/src/install/can_msgs/share/can_msgs/cmake/ament_cmake_export_dependencies-extras.cmake
[0.425s] -- Up-to-date: /home/offroad/radar_ws/src/install/can_msgs/share/can_msgs/cmake/ament_cmake_export_libraries-extras.cmake
[0.425s] -- Up-to-date: /home/offroad/radar_ws/src/install/can_msgs/share/can_msgs/cmake/ament_cmake_export_targets-extras.cmake
[0.426s] -- Up-to-date: /home/offroad/radar_ws/src/install/can_msgs/share/can_msgs/cmake/ament_cmake_export_include_directories-extras.cmake
[0.426s] -- Up-to-date: /home/offroad/radar_ws/src/install/can_msgs/share/can_msgs/cmake/rosidl_cmake_export_typesupport_libraries-extras.cmake
[0.426s] -- Up-to-date: /home/offroad/radar_ws/src/install/can_msgs/share/can_msgs/cmake/rosidl_cmake_export_typesupport_targets-extras.cmake
[0.426s] -- Up-to-date: /home/offroad/radar_ws/src/install/can_msgs/share/can_msgs/cmake/can_msgsConfig.cmake
[0.427s] -- Up-to-date: /home/offroad/radar_ws/src/install/can_msgs/share/can_msgs/cmake/can_msgsConfig-version.cmake
[0.427s] -- Up-to-date: /home/offroad/radar_ws/src/install/can_msgs/share/can_msgs/package.xml
[0.427s] Invoked command in '/home/offroad/radar_ws/src/build/can_msgs' returned '0': CMAKE_PREFIX_PATH=${CMAKE_PREFIX_PATH}:/home/offroad/nav2_ws/install/nav2_gazebo_spawner:/opt/ros/foxy /usr/bin/cmake --install /home/offroad/radar_ws/src/build/can_msgs
