[0.039s] Invoking command in '/home/offroad/radar_ws/src/build/radar_conti_ars408_msgs': CMAKE_PREFIX_PATH=${CMAKE_PREFIX_PATH}:/opt/ros/foxy /usr/bin/cmake --build /home/offroad/radar_ws/src/build/radar_conti_ars408_msgs -- -j12 -l12
[0.180s] [  0%] Built target radar_conti_ars408_msgs__cpp
[0.186s] [ 12%] Built target radar_conti_ars408_msgs__rosidl_generator_c
[0.275s] [ 33%] Built target radar_conti_ars408_msgs__rosidl_typesupport_introspection_cpp
[0.275s] [ 36%] Built target radar_conti_ars408_msgs__rosidl_typesupport_cpp
[0.284s] [ 48%] Built target radar_conti_ars408_msgs__rosidl_typesupport_c
[0.293s] [ 60%] Built target radar_conti_ars408_msgs__rosidl_typesupport_introspection_c
[0.302s] [ 72%] Built target radar_conti_ars408_msgs__rosidl_typesupport_fastrtps_cpp
[0.464s] [ 84%] Built target radar_conti_ars408_msgs__rosidl_typesupport_fastrtps_c
[0.546s] [ 84%] Built target radar_conti_ars408_msgs
[0.617s] [ 85%] Built target radar_conti_ars408_msgs__py
[0.741s] [ 96%] Built target radar_conti_ars408_msgs__python
[0.818s] [ 98%] Built target radar_conti_ars408_msgs__rosidl_typesupport_c__pyext
[0.820s] [ 98%] Built target radar_conti_ars408_msgs__rosidl_typesupport_fastrtps_c__pyext
[0.820s] [100%] Built target radar_conti_ars408_msgs__rosidl_typesupport_introspection_c__pyext
[0.851s] Invoked command in '/home/offroad/radar_ws/src/build/radar_conti_ars408_msgs' returned '0': CMAKE_PREFIX_PATH=${CMAKE_PREFIX_PATH}:/opt/ros/foxy /usr/bin/cmake --build /home/offroad/radar_ws/src/build/radar_conti_ars408_msgs -- -j12 -l12
[1.521s] Invoking command in '/home/offroad/radar_ws/src/build/radar_conti_ars408_msgs': CMAKE_PREFIX_PATH=${CMAKE_PREFIX_PATH}:/opt/ros/foxy /usr/bin/cmake --install /home/offroad/radar_ws/src/build/radar_conti_ars408_msgs
[1.537s] -- Install configuration: ""
[1.537s] -- Up-to-date: /home/offroad/radar_ws/src/install/radar_conti_ars408_msgs/share/ament_index/resource_index/rosidl_interfaces/radar_conti_ars408_msgs
[1.537s] -- Up-to-date: /home/offroad/radar_ws/src/install/radar_conti_ars408_msgs/include/radar_conti_ars408_msgs
[1.538s] -- Up-to-date: /home/offroad/radar_ws/src/install/radar_conti_ars408_msgs/include/radar_conti_ars408_msgs/srv
[1.542s] -- Up-to-date: /home/offroad/radar_ws/src/install/radar_conti_ars408_msgs/include/radar_conti_ars408_msgs/srv/detail
[1.544s] -- Up-to-date: /home/offroad/radar_ws/src/install/radar_conti_ars408_msgs/include/radar_conti_ars408_msgs/srv/detail/add_three_ints__functions.h
[1.544s] -- Up-to-date: /home/offroad/radar_ws/src/install/radar_conti_ars408_msgs/include/radar_conti_ars408_msgs/srv/detail/add_three_ints__functions.c
[1.544s] -- Up-to-date: /home/offroad/radar_ws/src/install/radar_conti_ars408_msgs/include/radar_conti_ars408_msgs/srv/detail/add_three_ints__type_support.h
[1.544s] -- Up-to-date: /home/offroad/radar_ws/src/install/radar_conti_ars408_msgs/include/radar_conti_ars408_msgs/srv/detail/add_three_ints__struct.h
[1.544s] -- Up-to-date: /home/offroad/radar_ws/src/install/radar_conti_ars408_msgs/include/radar_conti_ars408_msgs/srv/add_three_ints.h
[1.545s] -- Up-to-date: /home/offroad/radar_ws/src/install/radar_conti_ars408_msgs/include/radar_conti_ars408_msgs/msg
[1.545s] -- Up-to-date: /home/offroad/radar_ws/src/install/radar_conti_ars408_msgs/include/radar_conti_ars408_msgs/msg/detail
[1.545s] -- Up-to-date: /home/offroad/radar_ws/src/install/radar_conti_ars408_msgs/include/radar_conti_ars408_msgs/msg/detail/cluster_list__functions.c
[1.545s] -- Up-to-date: /home/offroad/radar_ws/src/install/radar_conti_ars408_msgs/include/radar_conti_ars408_msgs/msg/detail/cluster_quality__struct.h
[1.545s] -- Up-to-date: /home/offroad/radar_ws/src/install/radar_conti_ars408_msgs/include/radar_conti_ars408_msgs/msg/detail/radar_configuration__struct.h
[1.546s] -- Up-to-date: /home/offroad/radar_ws/src/install/radar_conti_ars408_msgs/include/radar_conti_ars408_msgs/msg/detail/version_id__type_support.h
[1.546s] -- Up-to-date: /home/offroad/radar_ws/src/install/radar_conti_ars408_msgs/include/radar_conti_ars408_msgs/msg/detail/cluster_general__functions.h
[1.546s] -- Up-to-date: /home/offroad/radar_ws/src/install/radar_conti_ars408_msgs/include/radar_conti_ars408_msgs/msg/detail/filter_state_header__type_support.h
[1.547s] -- Up-to-date: /home/offroad/radar_ws/src/install/radar_conti_ars408_msgs/include/radar_conti_ars408_msgs/msg/detail/object_quality__struct.h
[1.547s] -- Up-to-date: /home/offroad/radar_ws/src/install/radar_conti_ars408_msgs/include/radar_conti_ars408_msgs/msg/detail/cluster__functions.h
[1.547s] -- Up-to-date: /home/offroad/radar_ws/src/install/radar_conti_ars408_msgs/include/radar_conti_ars408_msgs/msg/detail/filter_state_cfg__struct.h
[1.547s] -- Up-to-date: /home/offroad/radar_ws/src/install/radar_conti_ars408_msgs/include/radar_conti_ars408_msgs/msg/detail/cluster_general__struct.h
[1.547s] -- Up-to-date: /home/offroad/radar_ws/src/install/radar_conti_ars408_msgs/include/radar_conti_ars408_msgs/msg/detail/object_list__functions.h
[1.548s] -- Up-to-date: /home/offroad/radar_ws/src/install/radar_conti_ars408_msgs/include/radar_conti_ars408_msgs/msg/detail/filter_state_header__functions.h
[1.548s] -- Up-to-date: /home/offroad/radar_ws/src/install/radar_conti_ars408_msgs/include/radar_conti_ars408_msgs/msg/detail/cluster_list__struct.h
[1.548s] -- Up-to-date: /home/offroad/radar_ws/src/install/radar_conti_ars408_msgs/include/radar_conti_ars408_msgs/msg/detail/version_id__functions.h
[1.549s] -- Up-to-date: /home/offroad/radar_ws/src/install/radar_conti_ars408_msgs/include/radar_conti_ars408_msgs/msg/detail/cluster__functions.c
[1.549s] -- Up-to-date: /home/offroad/radar_ws/src/install/radar_conti_ars408_msgs/include/radar_conti_ars408_msgs/msg/detail/filter_state_cfg__type_support.h
[1.549s] -- Up-to-date: /home/offroad/radar_ws/src/install/radar_conti_ars408_msgs/include/radar_conti_ars408_msgs/msg/detail/num__struct.h
[1.549s] -- Up-to-date: /home/offroad/radar_ws/src/install/radar_conti_ars408_msgs/include/radar_conti_ars408_msgs/msg/detail/radar_state__functions.h
[1.549s] -- Up-to-date: /home/offroad/radar_ws/src/install/radar_conti_ars408_msgs/include/radar_conti_ars408_msgs/msg/detail/object_extended__struct.h
[1.549s] -- Up-to-date: /home/offroad/radar_ws/src/install/radar_conti_ars408_msgs/include/radar_conti_ars408_msgs/msg/detail/num__functions.c
[1.550s] -- Up-to-date: /home/offroad/radar_ws/src/install/radar_conti_ars408_msgs/include/radar_conti_ars408_msgs/msg/detail/radar_configuration__type_support.h
[1.550s] -- Up-to-date: /home/offroad/radar_ws/src/install/radar_conti_ars408_msgs/include/radar_conti_ars408_msgs/msg/detail/version_id__functions.c
[1.550s] -- Up-to-date: /home/offroad/radar_ws/src/install/radar_conti_ars408_msgs/include/radar_conti_ars408_msgs/msg/detail/object_list__struct.h
[1.550s] -- Up-to-date: /home/offroad/radar_ws/src/install/radar_conti_ars408_msgs/include/radar_conti_ars408_msgs/msg/detail/object_general__functions.c
[1.550s] -- Up-to-date: /home/offroad/radar_ws/src/install/radar_conti_ars408_msgs/include/radar_conti_ars408_msgs/msg/detail/filter_cfg__type_support.h
[1.550s] -- Up-to-date: /home/offroad/radar_ws/src/install/radar_conti_ars408_msgs/include/radar_conti_ars408_msgs/msg/detail/filter_state_header__functions.c
[1.550s] -- Up-to-date: /home/offroad/radar_ws/src/install/radar_conti_ars408_msgs/include/radar_conti_ars408_msgs/msg/detail/cluster_status__functions.h
[1.551s] -- Up-to-date: /home/offroad/radar_ws/src/install/radar_conti_ars408_msgs/include/radar_conti_ars408_msgs/msg/detail/cluster_list__type_support.h
[1.551s] -- Up-to-date: /home/offroad/radar_ws/src/install/radar_conti_ars408_msgs/include/radar_conti_ars408_msgs/msg/detail/radar_configuration__functions.h
[1.551s] -- Up-to-date: /home/offroad/radar_ws/src/install/radar_conti_ars408_msgs/include/radar_conti_ars408_msgs/msg/detail/object_status__struct.h
[1.551s] -- Up-to-date: /home/offroad/radar_ws/src/install/radar_conti_ars408_msgs/include/radar_conti_ars408_msgs/msg/detail/cluster_status__struct.h
[1.551s] -- Up-to-date: /home/offroad/radar_ws/src/install/radar_conti_ars408_msgs/include/radar_conti_ars408_msgs/msg/detail/object_general__struct.h
[1.552s] -- Up-to-date: /home/offroad/radar_ws/src/install/radar_conti_ars408_msgs/include/radar_conti_ars408_msgs/msg/detail/filter_state_cfg__functions.h
[1.555s] -- Up-to-date: /home/offroad/radar_ws/src/install/radar_conti_ars408_msgs/include/radar_conti_ars408_msgs/msg/detail/radar_configuration__functions.c
[1.556s] -- Up-to-date: /home/offroad/radar_ws/src/install/radar_conti_ars408_msgs/include/radar_conti_ars408_msgs/msg/detail/object_quality__type_support.h
[1.557s] -- Up-to-date: /home/offroad/radar_ws/src/install/radar_conti_ars408_msgs/include/radar_conti_ars408_msgs/msg/detail/filter_state_header__struct.h
[1.559s] -- Up-to-date: /home/offroad/radar_ws/src/install/radar_conti_ars408_msgs/include/radar_conti_ars408_msgs/msg/detail/cluster_list__functions.h
[1.560s] -- Up-to-date: /home/offroad/radar_ws/src/install/radar_conti_ars408_msgs/include/radar_conti_ars408_msgs/msg/detail/cluster__type_support.h
[1.560s] -- Up-to-date: /home/offroad/radar_ws/src/install/radar_conti_ars408_msgs/include/radar_conti_ars408_msgs/msg/detail/object_extended__functions.c
[1.560s] -- Up-to-date: /home/offroad/radar_ws/src/install/radar_conti_ars408_msgs/include/radar_conti_ars408_msgs/msg/detail/cluster_status__type_support.h
[1.560s] -- Up-to-date: /home/offroad/radar_ws/src/install/radar_conti_ars408_msgs/include/radar_conti_ars408_msgs/msg/detail/object__functions.c
[1.560s] -- Up-to-date: /home/offroad/radar_ws/src/install/radar_conti_ars408_msgs/include/radar_conti_ars408_msgs/msg/detail/filter_cfg__functions.c
[1.560s] -- Up-to-date: /home/offroad/radar_ws/src/install/radar_conti_ars408_msgs/include/radar_conti_ars408_msgs/msg/detail/object_extended__type_support.h
[1.560s] -- Up-to-date: /home/offroad/radar_ws/src/install/radar_conti_ars408_msgs/include/radar_conti_ars408_msgs/msg/detail/object_extended__functions.h
[1.560s] -- Up-to-date: /home/offroad/radar_ws/src/install/radar_conti_ars408_msgs/include/radar_conti_ars408_msgs/msg/detail/version_id__struct.h
[1.560s] -- Up-to-date: /home/offroad/radar_ws/src/install/radar_conti_ars408_msgs/include/radar_conti_ars408_msgs/msg/detail/object__type_support.h
[1.560s] -- Up-to-date: /home/offroad/radar_ws/src/install/radar_conti_ars408_msgs/include/radar_conti_ars408_msgs/msg/detail/cluster_quality__functions.c
[1.560s] -- Up-to-date: /home/offroad/radar_ws/src/install/radar_conti_ars408_msgs/include/radar_conti_ars408_msgs/msg/detail/object_quality__functions.h
[1.560s] -- Up-to-date: /home/offroad/radar_ws/src/install/radar_conti_ars408_msgs/include/radar_conti_ars408_msgs/msg/detail/cluster_general__functions.c
[1.561s] -- Up-to-date: /home/offroad/radar_ws/src/install/radar_conti_ars408_msgs/include/radar_conti_ars408_msgs/msg/detail/cluster_general__type_support.h
[1.561s] -- Up-to-date: /home/offroad/radar_ws/src/install/radar_conti_ars408_msgs/include/radar_conti_ars408_msgs/msg/detail/radar_state__type_support.h
[1.561s] -- Up-to-date: /home/offroad/radar_ws/src/install/radar_conti_ars408_msgs/include/radar_conti_ars408_msgs/msg/detail/object_status__functions.c
[1.561s] -- Up-to-date: /home/offroad/radar_ws/src/install/radar_conti_ars408_msgs/include/radar_conti_ars408_msgs/msg/detail/object_status__functions.h
[1.561s] -- Up-to-date: /home/offroad/radar_ws/src/install/radar_conti_ars408_msgs/include/radar_conti_ars408_msgs/msg/detail/num__type_support.h
[1.561s] -- Up-to-date: /home/offroad/radar_ws/src/install/radar_conti_ars408_msgs/include/radar_conti_ars408_msgs/msg/detail/object_list__functions.c
[1.561s] -- Up-to-date: /home/offroad/radar_ws/src/install/radar_conti_ars408_msgs/include/radar_conti_ars408_msgs/msg/detail/radar_state__struct.h
[1.561s] -- Up-to-date: /home/offroad/radar_ws/src/install/radar_conti_ars408_msgs/include/radar_conti_ars408_msgs/msg/detail/object_list__type_support.h
[1.561s] -- Up-to-date: /home/offroad/radar_ws/src/install/radar_conti_ars408_msgs/include/radar_conti_ars408_msgs/msg/detail/radar_state__functions.c
[1.561s] -- Up-to-date: /home/offroad/radar_ws/src/install/radar_conti_ars408_msgs/include/radar_conti_ars408_msgs/msg/detail/filter_cfg__functions.h
[1.562s] -- Up-to-date: /home/offroad/radar_ws/src/install/radar_conti_ars408_msgs/include/radar_conti_ars408_msgs/msg/detail/filter_state_cfg__functions.c
[1.562s] -- Up-to-date: /home/offroad/radar_ws/src/install/radar_conti_ars408_msgs/include/radar_conti_ars408_msgs/msg/detail/cluster_quality__type_support.h
[1.562s] -- Up-to-date: /home/offroad/radar_ws/src/install/radar_conti_ars408_msgs/include/radar_conti_ars408_msgs/msg/detail/object_general__type_support.h
[1.562s] -- Up-to-date: /home/offroad/radar_ws/src/install/radar_conti_ars408_msgs/include/radar_conti_ars408_msgs/msg/detail/num__functions.h
[1.562s] -- Up-to-date: /home/offroad/radar_ws/src/install/radar_conti_ars408_msgs/include/radar_conti_ars408_msgs/msg/detail/filter_cfg__struct.h
[1.562s] -- Up-to-date: /home/offroad/radar_ws/src/install/radar_conti_ars408_msgs/include/radar_conti_ars408_msgs/msg/detail/object_status__type_support.h
[1.563s] -- Up-to-date: /home/offroad/radar_ws/src/install/radar_conti_ars408_msgs/include/radar_conti_ars408_msgs/msg/detail/object__struct.h
[1.563s] -- Up-to-date: /home/offroad/radar_ws/src/install/radar_conti_ars408_msgs/include/radar_conti_ars408_msgs/msg/detail/cluster_status__functions.c
[1.563s] -- Up-to-date: /home/offroad/radar_ws/src/install/radar_conti_ars408_msgs/include/radar_conti_ars408_msgs/msg/detail/object__functions.h
[1.564s] -- Up-to-date: /home/offroad/radar_ws/src/install/radar_conti_ars408_msgs/include/radar_conti_ars408_msgs/msg/detail/cluster__struct.h
[1.566s] -- Up-to-date: /home/offroad/radar_ws/src/install/radar_conti_ars408_msgs/include/radar_conti_ars408_msgs/msg/detail/object_quality__functions.c
[1.567s] -- Up-to-date: /home/offroad/radar_ws/src/install/radar_conti_ars408_msgs/include/radar_conti_ars408_msgs/msg/detail/object_general__functions.h
[1.567s] -- Up-to-date: /home/offroad/radar_ws/src/install/radar_conti_ars408_msgs/include/radar_conti_ars408_msgs/msg/detail/cluster_quality__functions.h
[1.567s] -- Up-to-date: /home/offroad/radar_ws/src/install/radar_conti_ars408_msgs/include/radar_conti_ars408_msgs/msg/object_status.h
[1.567s] -- Up-to-date: /home/offroad/radar_ws/src/install/radar_conti_ars408_msgs/include/radar_conti_ars408_msgs/msg/radar_configuration.h
[1.568s] -- Up-to-date: /home/offroad/radar_ws/src/install/radar_conti_ars408_msgs/include/radar_conti_ars408_msgs/msg/cluster_list.h
[1.568s] -- Up-to-date: /home/offroad/radar_ws/src/install/radar_conti_ars408_msgs/include/radar_conti_ars408_msgs/msg/rosidl_generator_c__visibility_control.h
[1.568s] -- Up-to-date: /home/offroad/radar_ws/src/install/radar_conti_ars408_msgs/include/radar_conti_ars408_msgs/msg/cluster_general.h
[1.568s] -- Up-to-date: /home/offroad/radar_ws/src/install/radar_conti_ars408_msgs/include/radar_conti_ars408_msgs/msg/object_extended.h
[1.568s] -- Up-to-date: /home/offroad/radar_ws/src/install/radar_conti_ars408_msgs/include/radar_conti_ars408_msgs/msg/filter_cfg.h
[1.568s] -- Up-to-date: /home/offroad/radar_ws/src/install/radar_conti_ars408_msgs/include/radar_conti_ars408_msgs/msg/num.h
[1.569s] -- Up-to-date: /home/offroad/radar_ws/src/install/radar_conti_ars408_msgs/include/radar_conti_ars408_msgs/msg/filter_state_header.h
[1.569s] -- Up-to-date: /home/offroad/radar_ws/src/install/radar_conti_ars408_msgs/include/radar_conti_ars408_msgs/msg/object_general.h
[1.570s] -- Up-to-date: /home/offroad/radar_ws/src/install/radar_conti_ars408_msgs/include/radar_conti_ars408_msgs/msg/radar_state.h
[1.574s] -- Up-to-date: /home/offroad/radar_ws/src/install/radar_conti_ars408_msgs/include/radar_conti_ars408_msgs/msg/version_id.h
[1.575s] -- Up-to-date: /home/offroad/radar_ws/src/install/radar_conti_ars408_msgs/include/radar_conti_ars408_msgs/msg/object.h
[1.576s] -- Up-to-date: /home/offroad/radar_ws/src/install/radar_conti_ars408_msgs/include/radar_conti_ars408_msgs/msg/cluster_status.h
[1.577s] -- Up-to-date: /home/offroad/radar_ws/src/install/radar_conti_ars408_msgs/include/radar_conti_ars408_msgs/msg/filter_state_cfg.h
[1.577s] -- Up-to-date: /home/offroad/radar_ws/src/install/radar_conti_ars408_msgs/include/radar_conti_ars408_msgs/msg/cluster.h
[1.579s] -- Up-to-date: /home/offroad/radar_ws/src/install/radar_conti_ars408_msgs/include/radar_conti_ars408_msgs/msg/object_list.h
[1.579s] -- Up-to-date: /home/offroad/radar_ws/src/install/radar_conti_ars408_msgs/include/radar_conti_ars408_msgs/msg/object_quality.h
[1.580s] -- Up-to-date: /home/offroad/radar_ws/src/install/radar_conti_ars408_msgs/include/radar_conti_ars408_msgs/msg/cluster_quality.h
[1.580s] -- Up-to-date: /home/offroad/radar_ws/src/install/radar_conti_ars408_msgs/share/radar_conti_ars408_msgs/environment/library_path.sh
[1.581s] -- Up-to-date: /home/offroad/radar_ws/src/install/radar_conti_ars408_msgs/share/radar_conti_ars408_msgs/environment/library_path.dsv
[1.581s] -- Up-to-date: /home/offroad/radar_ws/src/install/radar_conti_ars408_msgs/lib/libradar_conti_ars408_msgs__rosidl_generator_c.so
[1.582s] -- Up-to-date: /home/offroad/radar_ws/src/install/radar_conti_ars408_msgs/include/radar_conti_ars408_msgs
[1.583s] -- Up-to-date: /home/offroad/radar_ws/src/install/radar_conti_ars408_msgs/include/radar_conti_ars408_msgs/srv
[1.583s] -- Up-to-date: /home/offroad/radar_ws/src/install/radar_conti_ars408_msgs/include/radar_conti_ars408_msgs/srv/detail
[1.583s] -- Up-to-date: /home/offroad/radar_ws/src/install/radar_conti_ars408_msgs/include/radar_conti_ars408_msgs/srv/detail/add_three_ints__rosidl_typesupport_fastrtps_c.h
[1.584s] -- Up-to-date: /home/offroad/radar_ws/src/install/radar_conti_ars408_msgs/include/radar_conti_ars408_msgs/msg
[1.584s] -- Up-to-date: /home/offroad/radar_ws/src/install/radar_conti_ars408_msgs/include/radar_conti_ars408_msgs/msg/detail
[1.584s] -- Up-to-date: /home/offroad/radar_ws/src/install/radar_conti_ars408_msgs/include/radar_conti_ars408_msgs/msg/detail/radar_configuration__rosidl_typesupport_fastrtps_c.h
[1.584s] -- Up-to-date: /home/offroad/radar_ws/src/install/radar_conti_ars408_msgs/include/radar_conti_ars408_msgs/msg/detail/cluster_list__rosidl_typesupport_fastrtps_c.h
[1.584s] -- Up-to-date: /home/offroad/radar_ws/src/install/radar_conti_ars408_msgs/include/radar_conti_ars408_msgs/msg/detail/object_extended__rosidl_typesupport_fastrtps_c.h
[1.584s] -- Up-to-date: /home/offroad/radar_ws/src/install/radar_conti_ars408_msgs/include/radar_conti_ars408_msgs/msg/detail/object_status__rosidl_typesupport_fastrtps_c.h
[1.584s] -- Up-to-date: /home/offroad/radar_ws/src/install/radar_conti_ars408_msgs/include/radar_conti_ars408_msgs/msg/detail/cluster_general__rosidl_typesupport_fastrtps_c.h
[1.584s] -- Up-to-date: /home/offroad/radar_ws/src/install/radar_conti_ars408_msgs/include/radar_conti_ars408_msgs/msg/detail/cluster_quality__rosidl_typesupport_fastrtps_c.h
[1.584s] -- Up-to-date: /home/offroad/radar_ws/src/install/radar_conti_ars408_msgs/include/radar_conti_ars408_msgs/msg/detail/filter_state_cfg__rosidl_typesupport_fastrtps_c.h
[1.584s] -- Up-to-date: /home/offroad/radar_ws/src/install/radar_conti_ars408_msgs/include/radar_conti_ars408_msgs/msg/detail/radar_state__rosidl_typesupport_fastrtps_c.h
[1.584s] -- Up-to-date: /home/offroad/radar_ws/src/install/radar_conti_ars408_msgs/include/radar_conti_ars408_msgs/msg/detail/object__rosidl_typesupport_fastrtps_c.h
[1.585s] -- Up-to-date: /home/offroad/radar_ws/src/install/radar_conti_ars408_msgs/include/radar_conti_ars408_msgs/msg/detail/filter_cfg__rosidl_typesupport_fastrtps_c.h
[1.585s] -- Up-to-date: /home/offroad/radar_ws/src/install/radar_conti_ars408_msgs/include/radar_conti_ars408_msgs/msg/detail/cluster__rosidl_typesupport_fastrtps_c.h
[1.585s] -- Up-to-date: /home/offroad/radar_ws/src/install/radar_conti_ars408_msgs/include/radar_conti_ars408_msgs/msg/detail/filter_state_header__rosidl_typesupport_fastrtps_c.h
[1.585s] -- Up-to-date: /home/offroad/radar_ws/src/install/radar_conti_ars408_msgs/include/radar_conti_ars408_msgs/msg/detail/cluster_status__rosidl_typesupport_fastrtps_c.h
[1.585s] -- Up-to-date: /home/offroad/radar_ws/src/install/radar_conti_ars408_msgs/include/radar_conti_ars408_msgs/msg/detail/version_id__rosidl_typesupport_fastrtps_c.h
[1.585s] -- Up-to-date: /home/offroad/radar_ws/src/install/radar_conti_ars408_msgs/include/radar_conti_ars408_msgs/msg/detail/num__rosidl_typesupport_fastrtps_c.h
[1.585s] -- Up-to-date: /home/offroad/radar_ws/src/install/radar_conti_ars408_msgs/include/radar_conti_ars408_msgs/msg/detail/object_quality__rosidl_typesupport_fastrtps_c.h
[1.585s] -- Up-to-date: /home/offroad/radar_ws/src/install/radar_conti_ars408_msgs/include/radar_conti_ars408_msgs/msg/detail/object_list__rosidl_typesupport_fastrtps_c.h
[1.585s] -- Up-to-date: /home/offroad/radar_ws/src/install/radar_conti_ars408_msgs/include/radar_conti_ars408_msgs/msg/detail/object_general__rosidl_typesupport_fastrtps_c.h
[1.585s] -- Up-to-date: /home/offroad/radar_ws/src/install/radar_conti_ars408_msgs/include/radar_conti_ars408_msgs/msg/rosidl_typesupport_fastrtps_c__visibility_control.h
[1.585s] -- Up-to-date: /home/offroad/radar_ws/src/install/radar_conti_ars408_msgs/lib/libradar_conti_ars408_msgs__rosidl_typesupport_fastrtps_c.so
[1.585s] -- Up-to-date: /home/offroad/radar_ws/src/install/radar_conti_ars408_msgs/include/radar_conti_ars408_msgs
[1.585s] -- Up-to-date: /home/offroad/radar_ws/src/install/radar_conti_ars408_msgs/include/radar_conti_ars408_msgs/srv
[1.586s] -- Up-to-date: /home/offroad/radar_ws/src/install/radar_conti_ars408_msgs/include/radar_conti_ars408_msgs/srv/detail
[1.586s] -- Up-to-date: /home/offroad/radar_ws/src/install/radar_conti_ars408_msgs/include/radar_conti_ars408_msgs/srv/detail/dds_fastrtps
[1.586s] -- Up-to-date: /home/offroad/radar_ws/src/install/radar_conti_ars408_msgs/include/radar_conti_ars408_msgs/srv/detail/add_three_ints__rosidl_typesupport_fastrtps_cpp.hpp
[1.586s] -- Up-to-date: /home/offroad/radar_ws/src/install/radar_conti_ars408_msgs/include/radar_conti_ars408_msgs/msg
[1.586s] -- Up-to-date: /home/offroad/radar_ws/src/install/radar_conti_ars408_msgs/include/radar_conti_ars408_msgs/msg/detail
[1.586s] -- Up-to-date: /home/offroad/radar_ws/src/install/radar_conti_ars408_msgs/include/radar_conti_ars408_msgs/msg/detail/cluster_list__rosidl_typesupport_fastrtps_cpp.hpp
[1.586s] -- Up-to-date: /home/offroad/radar_ws/src/install/radar_conti_ars408_msgs/include/radar_conti_ars408_msgs/msg/detail/cluster_quality__rosidl_typesupport_fastrtps_cpp.hpp
[1.586s] -- Up-to-date: /home/offroad/radar_ws/src/install/radar_conti_ars408_msgs/include/radar_conti_ars408_msgs/msg/detail/object_list__rosidl_typesupport_fastrtps_cpp.hpp
[1.586s] -- Up-to-date: /home/offroad/radar_ws/src/install/radar_conti_ars408_msgs/include/radar_conti_ars408_msgs/msg/detail/filter_state_cfg__rosidl_typesupport_fastrtps_cpp.hpp
[1.586s] -- Up-to-date: /home/offroad/radar_ws/src/install/radar_conti_ars408_msgs/include/radar_conti_ars408_msgs/msg/detail/object__rosidl_typesupport_fastrtps_cpp.hpp
[1.586s] -- Up-to-date: /home/offroad/radar_ws/src/install/radar_conti_ars408_msgs/include/radar_conti_ars408_msgs/msg/detail/dds_fastrtps
[1.586s] -- Up-to-date: /home/offroad/radar_ws/src/install/radar_conti_ars408_msgs/include/radar_conti_ars408_msgs/msg/detail/object_extended__rosidl_typesupport_fastrtps_cpp.hpp
[1.586s] -- Up-to-date: /home/offroad/radar_ws/src/install/radar_conti_ars408_msgs/include/radar_conti_ars408_msgs/msg/detail/cluster_general__rosidl_typesupport_fastrtps_cpp.hpp
[1.587s] -- Up-to-date: /home/offroad/radar_ws/src/install/radar_conti_ars408_msgs/include/radar_conti_ars408_msgs/msg/detail/filter_cfg__rosidl_typesupport_fastrtps_cpp.hpp
[1.587s] -- Up-to-date: /home/offroad/radar_ws/src/install/radar_conti_ars408_msgs/include/radar_conti_ars408_msgs/msg/detail/object_status__rosidl_typesupport_fastrtps_cpp.hpp
[1.587s] -- Up-to-date: /home/offroad/radar_ws/src/install/radar_conti_ars408_msgs/include/radar_conti_ars408_msgs/msg/detail/cluster__rosidl_typesupport_fastrtps_cpp.hpp
[1.587s] -- Up-to-date: /home/offroad/radar_ws/src/install/radar_conti_ars408_msgs/include/radar_conti_ars408_msgs/msg/detail/radar_configuration__rosidl_typesupport_fastrtps_cpp.hpp
[1.587s] -- Up-to-date: /home/offroad/radar_ws/src/install/radar_conti_ars408_msgs/include/radar_conti_ars408_msgs/msg/detail/filter_state_header__rosidl_typesupport_fastrtps_cpp.hpp
[1.587s] -- Up-to-date: /home/offroad/radar_ws/src/install/radar_conti_ars408_msgs/include/radar_conti_ars408_msgs/msg/detail/radar_state__rosidl_typesupport_fastrtps_cpp.hpp
[1.587s] -- Up-to-date: /home/offroad/radar_ws/src/install/radar_conti_ars408_msgs/include/radar_conti_ars408_msgs/msg/detail/num__rosidl_typesupport_fastrtps_cpp.hpp
[1.587s] -- Up-to-date: /home/offroad/radar_ws/src/install/radar_conti_ars408_msgs/include/radar_conti_ars408_msgs/msg/detail/object_quality__rosidl_typesupport_fastrtps_cpp.hpp
[1.587s] -- Up-to-date: /home/offroad/radar_ws/src/install/radar_conti_ars408_msgs/include/radar_conti_ars408_msgs/msg/detail/cluster_status__rosidl_typesupport_fastrtps_cpp.hpp
[1.587s] -- Up-to-date: /home/offroad/radar_ws/src/install/radar_conti_ars408_msgs/include/radar_conti_ars408_msgs/msg/detail/version_id__rosidl_typesupport_fastrtps_cpp.hpp
[1.589s] -- Up-to-date: /home/offroad/radar_ws/src/install/radar_conti_ars408_msgs/include/radar_conti_ars408_msgs/msg/detail/object_general__rosidl_typesupport_fastrtps_cpp.hpp
[1.590s] -- Up-to-date: /home/offroad/radar_ws/src/install/radar_conti_ars408_msgs/include/radar_conti_ars408_msgs/msg/rosidl_typesupport_fastrtps_cpp__visibility_control.h
[1.591s] -- Up-to-date: /home/offroad/radar_ws/src/install/radar_conti_ars408_msgs/lib/libradar_conti_ars408_msgs__rosidl_typesupport_fastrtps_cpp.so
[1.592s] -- Up-to-date: /home/offroad/radar_ws/src/install/radar_conti_ars408_msgs/include/radar_conti_ars408_msgs
[1.592s] -- Up-to-date: /home/offroad/radar_ws/src/install/radar_conti_ars408_msgs/include/radar_conti_ars408_msgs/srv
[1.592s] -- Up-to-date: /home/offroad/radar_ws/src/install/radar_conti_ars408_msgs/include/radar_conti_ars408_msgs/srv/detail
[1.592s] -- Up-to-date: /home/offroad/radar_ws/src/install/radar_conti_ars408_msgs/include/radar_conti_ars408_msgs/srv/detail/add_three_ints__rosidl_typesupport_introspection_c.h
[1.592s] -- Up-to-date: /home/offroad/radar_ws/src/install/radar_conti_ars408_msgs/include/radar_conti_ars408_msgs/srv/detail/add_three_ints__type_support.c
[1.592s] -- Up-to-date: /home/offroad/radar_ws/src/install/radar_conti_ars408_msgs/include/radar_conti_ars408_msgs/msg
[1.593s] -- Up-to-date: /home/offroad/radar_ws/src/install/radar_conti_ars408_msgs/include/radar_conti_ars408_msgs/msg/detail
[1.593s] -- Up-to-date: /home/offroad/radar_ws/src/install/radar_conti_ars408_msgs/include/radar_conti_ars408_msgs/msg/detail/filter_cfg__type_support.c
[1.593s] -- Up-to-date: /home/offroad/radar_ws/src/install/radar_conti_ars408_msgs/include/radar_conti_ars408_msgs/msg/detail/radar_configuration__type_support.c
[1.593s] -- Up-to-date: /home/offroad/radar_ws/src/install/radar_conti_ars408_msgs/include/radar_conti_ars408_msgs/msg/detail/version_id__rosidl_typesupport_introspection_c.h
[1.593s] -- Up-to-date: /home/offroad/radar_ws/src/install/radar_conti_ars408_msgs/include/radar_conti_ars408_msgs/msg/detail/cluster_general__type_support.c
[1.593s] -- Up-to-date: /home/offroad/radar_ws/src/install/radar_conti_ars408_msgs/include/radar_conti_ars408_msgs/msg/detail/object_extended__rosidl_typesupport_introspection_c.h
[1.593s] -- Up-to-date: /home/offroad/radar_ws/src/install/radar_conti_ars408_msgs/include/radar_conti_ars408_msgs/msg/detail/filter_cfg__rosidl_typesupport_introspection_c.h
[1.593s] -- Up-to-date: /home/offroad/radar_ws/src/install/radar_conti_ars408_msgs/include/radar_conti_ars408_msgs/msg/detail/radar_state__rosidl_typesupport_introspection_c.h
[1.593s] -- Up-to-date: /home/offroad/radar_ws/src/install/radar_conti_ars408_msgs/include/radar_conti_ars408_msgs/msg/detail/object_list__rosidl_typesupport_introspection_c.h
[1.593s] -- Up-to-date: /home/offroad/radar_ws/src/install/radar_conti_ars408_msgs/include/radar_conti_ars408_msgs/msg/detail/filter_state_cfg__type_support.c
[1.593s] -- Up-to-date: /home/offroad/radar_ws/src/install/radar_conti_ars408_msgs/include/radar_conti_ars408_msgs/msg/detail/radar_state__type_support.c
[1.593s] -- Up-to-date: /home/offroad/radar_ws/src/install/radar_conti_ars408_msgs/include/radar_conti_ars408_msgs/msg/detail/num__rosidl_typesupport_introspection_c.h
[1.593s] -- Up-to-date: /home/offroad/radar_ws/src/install/radar_conti_ars408_msgs/include/radar_conti_ars408_msgs/msg/detail/object_quality__type_support.c
[1.594s] -- Up-to-date: /home/offroad/radar_ws/src/install/radar_conti_ars408_msgs/include/radar_conti_ars408_msgs/msg/detail/radar_configuration__rosidl_typesupport_introspection_c.h
[1.594s] -- Up-to-date: /home/offroad/radar_ws/src/install/radar_conti_ars408_msgs/include/radar_conti_ars408_msgs/msg/detail/num__type_support.c
[1.594s] -- Up-to-date: /home/offroad/radar_ws/src/install/radar_conti_ars408_msgs/include/radar_conti_ars408_msgs/msg/detail/cluster__type_support.c
[1.594s] -- Up-to-date: /home/offroad/radar_ws/src/install/radar_conti_ars408_msgs/include/radar_conti_ars408_msgs/msg/detail/object_general__rosidl_typesupport_introspection_c.h
[1.594s] -- Up-to-date: /home/offroad/radar_ws/src/install/radar_conti_ars408_msgs/include/radar_conti_ars408_msgs/msg/detail/filter_state_header__rosidl_typesupport_introspection_c.h
[1.594s] -- Up-to-date: /home/offroad/radar_ws/src/install/radar_conti_ars408_msgs/include/radar_conti_ars408_msgs/msg/detail/cluster_quality__type_support.c
[1.594s] -- Up-to-date: /home/offroad/radar_ws/src/install/radar_conti_ars408_msgs/include/radar_conti_ars408_msgs/msg/detail/version_id__type_support.c
[1.594s] -- Up-to-date: /home/offroad/radar_ws/src/install/radar_conti_ars408_msgs/include/radar_conti_ars408_msgs/msg/detail/object_list__type_support.c
[1.594s] -- Up-to-date: /home/offroad/radar_ws/src/install/radar_conti_ars408_msgs/include/radar_conti_ars408_msgs/msg/detail/filter_state_header__type_support.c
[1.594s] -- Up-to-date: /home/offroad/radar_ws/src/install/radar_conti_ars408_msgs/include/radar_conti_ars408_msgs/msg/detail/object_status__type_support.c
[1.594s] -- Up-to-date: /home/offroad/radar_ws/src/install/radar_conti_ars408_msgs/include/radar_conti_ars408_msgs/msg/detail/object__type_support.c
[1.594s] -- Up-to-date: /home/offroad/radar_ws/src/install/radar_conti_ars408_msgs/include/radar_conti_ars408_msgs/msg/detail/object_status__rosidl_typesupport_introspection_c.h
[1.594s] -- Up-to-date: /home/offroad/radar_ws/src/install/radar_conti_ars408_msgs/include/radar_conti_ars408_msgs/msg/detail/cluster_status__type_support.c
[1.595s] -- Up-to-date: /home/offroad/radar_ws/src/install/radar_conti_ars408_msgs/include/radar_conti_ars408_msgs/msg/detail/object_quality__rosidl_typesupport_introspection_c.h
[1.595s] -- Up-to-date: /home/offroad/radar_ws/src/install/radar_conti_ars408_msgs/include/radar_conti_ars408_msgs/msg/detail/object_extended__type_support.c
[1.595s] -- Up-to-date: /home/offroad/radar_ws/src/install/radar_conti_ars408_msgs/include/radar_conti_ars408_msgs/msg/detail/cluster__rosidl_typesupport_introspection_c.h
[1.595s] -- Up-to-date: /home/offroad/radar_ws/src/install/radar_conti_ars408_msgs/include/radar_conti_ars408_msgs/msg/detail/filter_state_cfg__rosidl_typesupport_introspection_c.h
[1.595s] -- Up-to-date: /home/offroad/radar_ws/src/install/radar_conti_ars408_msgs/include/radar_conti_ars408_msgs/msg/detail/cluster_quality__rosidl_typesupport_introspection_c.h
[1.595s] -- Up-to-date: /home/offroad/radar_ws/src/install/radar_conti_ars408_msgs/include/radar_conti_ars408_msgs/msg/detail/object__rosidl_typesupport_introspection_c.h
[1.595s] -- Up-to-date: /home/offroad/radar_ws/src/install/radar_conti_ars408_msgs/include/radar_conti_ars408_msgs/msg/detail/cluster_general__rosidl_typesupport_introspection_c.h
[1.595s] -- Up-to-date: /home/offroad/radar_ws/src/install/radar_conti_ars408_msgs/include/radar_conti_ars408_msgs/msg/detail/object_general__type_support.c
[1.595s] -- Up-to-date: /home/offroad/radar_ws/src/install/radar_conti_ars408_msgs/include/radar_conti_ars408_msgs/msg/detail/cluster_status__rosidl_typesupport_introspection_c.h
[1.595s] -- Up-to-date: /home/offroad/radar_ws/src/install/radar_conti_ars408_msgs/include/radar_conti_ars408_msgs/msg/detail/cluster_list__rosidl_typesupport_introspection_c.h
[1.595s] -- Up-to-date: /home/offroad/radar_ws/src/install/radar_conti_ars408_msgs/include/radar_conti_ars408_msgs/msg/detail/cluster_list__type_support.c
[1.595s] -- Up-to-date: /home/offroad/radar_ws/src/install/radar_conti_ars408_msgs/include/radar_conti_ars408_msgs/msg/rosidl_typesupport_introspection_c__visibility_control.h
[1.595s] -- Up-to-date: /home/offroad/radar_ws/src/install/radar_conti_ars408_msgs/lib/libradar_conti_ars408_msgs__rosidl_typesupport_introspection_c.so
[1.595s] -- Up-to-date: /home/offroad/radar_ws/src/install/radar_conti_ars408_msgs/lib/libradar_conti_ars408_msgs__rosidl_typesupport_c.so
[1.596s] -- Up-to-date: /home/offroad/radar_ws/src/install/radar_conti_ars408_msgs/include/radar_conti_ars408_msgs
[1.596s] -- Up-to-date: /home/offroad/radar_ws/src/install/radar_conti_ars408_msgs/include/radar_conti_ars408_msgs/srv
[1.596s] -- Up-to-date: /home/offroad/radar_ws/src/install/radar_conti_ars408_msgs/include/radar_conti_ars408_msgs/srv/detail
[1.596s] -- Up-to-date: /home/offroad/radar_ws/src/install/radar_conti_ars408_msgs/include/radar_conti_ars408_msgs/srv/detail/add_three_ints__traits.hpp
[1.596s] -- Up-to-date: /home/offroad/radar_ws/src/install/radar_conti_ars408_msgs/include/radar_conti_ars408_msgs/srv/detail/add_three_ints__struct.hpp
[1.596s] -- Up-to-date: /home/offroad/radar_ws/src/install/radar_conti_ars408_msgs/include/radar_conti_ars408_msgs/srv/detail/add_three_ints__builder.hpp
[1.596s] -- Up-to-date: /home/offroad/radar_ws/src/install/radar_conti_ars408_msgs/include/radar_conti_ars408_msgs/srv/add_three_ints.hpp
[1.596s] -- Up-to-date: /home/offroad/radar_ws/src/install/radar_conti_ars408_msgs/include/radar_conti_ars408_msgs/msg
[1.596s] -- Up-to-date: /home/offroad/radar_ws/src/install/radar_conti_ars408_msgs/include/radar_conti_ars408_msgs/msg/detail
[1.596s] -- Up-to-date: /home/offroad/radar_ws/src/install/radar_conti_ars408_msgs/include/radar_conti_ars408_msgs/msg/detail/radar_state__traits.hpp
[1.596s] -- Up-to-date: /home/offroad/radar_ws/src/install/radar_conti_ars408_msgs/include/radar_conti_ars408_msgs/msg/detail/object_status__builder.hpp
[1.596s] -- Up-to-date: /home/offroad/radar_ws/src/install/radar_conti_ars408_msgs/include/radar_conti_ars408_msgs/msg/detail/cluster_quality__struct.hpp
[1.596s] -- Up-to-date: /home/offroad/radar_ws/src/install/radar_conti_ars408_msgs/include/radar_conti_ars408_msgs/msg/detail/filter_state_header__traits.hpp
[1.596s] -- Up-to-date: /home/offroad/radar_ws/src/install/radar_conti_ars408_msgs/include/radar_conti_ars408_msgs/msg/detail/cluster_status__builder.hpp
[1.597s] -- Up-to-date: /home/offroad/radar_ws/src/install/radar_conti_ars408_msgs/include/radar_conti_ars408_msgs/msg/detail/object_extended__builder.hpp
[1.597s] -- Up-to-date: /home/offroad/radar_ws/src/install/radar_conti_ars408_msgs/include/radar_conti_ars408_msgs/msg/detail/num__traits.hpp
[1.597s] -- Up-to-date: /home/offroad/radar_ws/src/install/radar_conti_ars408_msgs/include/radar_conti_ars408_msgs/msg/detail/object_list__struct.hpp
[1.597s] -- Up-to-date: /home/offroad/radar_ws/src/install/radar_conti_ars408_msgs/include/radar_conti_ars408_msgs/msg/detail/cluster_list__traits.hpp
[1.597s] -- Up-to-date: /home/offroad/radar_ws/src/install/radar_conti_ars408_msgs/include/radar_conti_ars408_msgs/msg/detail/filter_state_header__struct.hpp
[1.597s] -- Up-to-date: /home/offroad/radar_ws/src/install/radar_conti_ars408_msgs/include/radar_conti_ars408_msgs/msg/detail/num__struct.hpp
[1.597s] -- Up-to-date: /home/offroad/radar_ws/src/install/radar_conti_ars408_msgs/include/radar_conti_ars408_msgs/msg/detail/cluster_general__traits.hpp
[1.597s] -- Up-to-date: /home/offroad/radar_ws/src/install/radar_conti_ars408_msgs/include/radar_conti_ars408_msgs/msg/detail/cluster_general__struct.hpp
[1.597s] -- Up-to-date: /home/offroad/radar_ws/src/install/radar_conti_ars408_msgs/include/radar_conti_ars408_msgs/msg/detail/object_list__traits.hpp
[1.597s] -- Up-to-date: /home/offroad/radar_ws/src/install/radar_conti_ars408_msgs/include/radar_conti_ars408_msgs/msg/detail/object_status__struct.hpp
[1.597s] -- Up-to-date: /home/offroad/radar_ws/src/install/radar_conti_ars408_msgs/include/radar_conti_ars408_msgs/msg/detail/filter_cfg__traits.hpp
[1.597s] -- Up-to-date: /home/offroad/radar_ws/src/install/radar_conti_ars408_msgs/include/radar_conti_ars408_msgs/msg/detail/filter_state_cfg__builder.hpp
[1.598s] -- Up-to-date: /home/offroad/radar_ws/src/install/radar_conti_ars408_msgs/include/radar_conti_ars408_msgs/msg/detail/version_id__traits.hpp
[1.598s] -- Up-to-date: /home/offroad/radar_ws/src/install/radar_conti_ars408_msgs/include/radar_conti_ars408_msgs/msg/detail/object_general__struct.hpp
[1.598s] -- Up-to-date: /home/offroad/radar_ws/src/install/radar_conti_ars408_msgs/include/radar_conti_ars408_msgs/msg/detail/cluster_list__builder.hpp
[1.598s] -- Up-to-date: /home/offroad/radar_ws/src/install/radar_conti_ars408_msgs/include/radar_conti_ars408_msgs/msg/detail/version_id__struct.hpp
[1.598s] -- Up-to-date: /home/offroad/radar_ws/src/install/radar_conti_ars408_msgs/include/radar_conti_ars408_msgs/msg/detail/radar_configuration__builder.hpp
[1.598s] -- Up-to-date: /home/offroad/radar_ws/src/install/radar_conti_ars408_msgs/include/radar_conti_ars408_msgs/msg/detail/radar_state__builder.hpp
[1.599s] -- Up-to-date: /home/offroad/radar_ws/src/install/radar_conti_ars408_msgs/include/radar_conti_ars408_msgs/msg/detail/object_quality__traits.hpp
[1.599s] -- Up-to-date: /home/offroad/radar_ws/src/install/radar_conti_ars408_msgs/include/radar_conti_ars408_msgs/msg/detail/filter_cfg__builder.hpp
[1.599s] -- Up-to-date: /home/offroad/radar_ws/src/install/radar_conti_ars408_msgs/include/radar_conti_ars408_msgs/msg/detail/filter_cfg__struct.hpp
[1.599s] -- Up-to-date: /home/offroad/radar_ws/src/install/radar_conti_ars408_msgs/include/radar_conti_ars408_msgs/msg/detail/object_extended__struct.hpp
[1.599s] -- Up-to-date: /home/offroad/radar_ws/src/install/radar_conti_ars408_msgs/include/radar_conti_ars408_msgs/msg/detail/object_status__traits.hpp
[1.599s] -- Up-to-date: /home/offroad/radar_ws/src/install/radar_conti_ars408_msgs/include/radar_conti_ars408_msgs/msg/detail/object_quality__builder.hpp
[1.599s] -- Up-to-date: /home/offroad/radar_ws/src/install/radar_conti_ars408_msgs/include/radar_conti_ars408_msgs/msg/detail/object_general__builder.hpp
[1.600s] -- Up-to-date: /home/offroad/radar_ws/src/install/radar_conti_ars408_msgs/include/radar_conti_ars408_msgs/msg/detail/cluster__struct.hpp
[1.600s] -- Up-to-date: /home/offroad/radar_ws/src/install/radar_conti_ars408_msgs/include/radar_conti_ars408_msgs/msg/detail/cluster_quality__builder.hpp
[1.600s] -- Up-to-date: /home/offroad/radar_ws/src/install/radar_conti_ars408_msgs/include/radar_conti_ars408_msgs/msg/detail/object_extended__traits.hpp
[1.600s] -- Up-to-date: /home/offroad/radar_ws/src/install/radar_conti_ars408_msgs/include/radar_conti_ars408_msgs/msg/detail/filter_state_header__builder.hpp
[1.600s] -- Up-to-date: /home/offroad/radar_ws/src/install/radar_conti_ars408_msgs/include/radar_conti_ars408_msgs/msg/detail/version_id__builder.hpp
[1.600s] -- Up-to-date: /home/offroad/radar_ws/src/install/radar_conti_ars408_msgs/include/radar_conti_ars408_msgs/msg/detail/object_general__traits.hpp
[1.600s] -- Up-to-date: /home/offroad/radar_ws/src/install/radar_conti_ars408_msgs/include/radar_conti_ars408_msgs/msg/detail/radar_configuration__traits.hpp
[1.600s] -- Up-to-date: /home/offroad/radar_ws/src/install/radar_conti_ars408_msgs/include/radar_conti_ars408_msgs/msg/detail/object__builder.hpp
[1.600s] -- Up-to-date: /home/offroad/radar_ws/src/install/radar_conti_ars408_msgs/include/radar_conti_ars408_msgs/msg/detail/filter_state_cfg__traits.hpp
[1.600s] -- Up-to-date: /home/offroad/radar_ws/src/install/radar_conti_ars408_msgs/include/radar_conti_ars408_msgs/msg/detail/object_list__builder.hpp
[1.601s] -- Up-to-date: /home/offroad/radar_ws/src/install/radar_conti_ars408_msgs/include/radar_conti_ars408_msgs/msg/detail/cluster__traits.hpp
[1.601s] -- Up-to-date: /home/offroad/radar_ws/src/install/radar_conti_ars408_msgs/include/radar_conti_ars408_msgs/msg/detail/object_quality__struct.hpp
[1.601s] -- Up-to-date: /home/offroad/radar_ws/src/install/radar_conti_ars408_msgs/include/radar_conti_ars408_msgs/msg/detail/radar_configuration__struct.hpp
[1.601s] -- Up-to-date: /home/offroad/radar_ws/src/install/radar_conti_ars408_msgs/include/radar_conti_ars408_msgs/msg/detail/object__traits.hpp
[1.601s] -- Up-to-date: /home/offroad/radar_ws/src/install/radar_conti_ars408_msgs/include/radar_conti_ars408_msgs/msg/detail/cluster__builder.hpp
[1.601s] -- Up-to-date: /home/offroad/radar_ws/src/install/radar_conti_ars408_msgs/include/radar_conti_ars408_msgs/msg/detail/cluster_quality__traits.hpp
[1.601s] -- Up-to-date: /home/offroad/radar_ws/src/install/radar_conti_ars408_msgs/include/radar_conti_ars408_msgs/msg/detail/cluster_status__struct.hpp
[1.601s] -- Up-to-date: /home/offroad/radar_ws/src/install/radar_conti_ars408_msgs/include/radar_conti_ars408_msgs/msg/detail/radar_state__struct.hpp
[1.601s] -- Up-to-date: /home/offroad/radar_ws/src/install/radar_conti_ars408_msgs/include/radar_conti_ars408_msgs/msg/detail/object__struct.hpp
[1.601s] -- Up-to-date: /home/offroad/radar_ws/src/install/radar_conti_ars408_msgs/include/radar_conti_ars408_msgs/msg/detail/cluster_list__struct.hpp
[1.601s] -- Up-to-date: /home/offroad/radar_ws/src/install/radar_conti_ars408_msgs/include/radar_conti_ars408_msgs/msg/detail/cluster_general__builder.hpp
[1.601s] -- Up-to-date: /home/offroad/radar_ws/src/install/radar_conti_ars408_msgs/include/radar_conti_ars408_msgs/msg/detail/num__builder.hpp
[1.601s] -- Up-to-date: /home/offroad/radar_ws/src/install/radar_conti_ars408_msgs/include/radar_conti_ars408_msgs/msg/detail/cluster_status__traits.hpp
[1.601s] -- Up-to-date: /home/offroad/radar_ws/src/install/radar_conti_ars408_msgs/include/radar_conti_ars408_msgs/msg/detail/filter_state_cfg__struct.hpp
[1.602s] -- Up-to-date: /home/offroad/radar_ws/src/install/radar_conti_ars408_msgs/include/radar_conti_ars408_msgs/msg/object_quality.hpp
[1.602s] -- Up-to-date: /home/offroad/radar_ws/src/install/radar_conti_ars408_msgs/include/radar_conti_ars408_msgs/msg/cluster_status.hpp
[1.602s] -- Up-to-date: /home/offroad/radar_ws/src/install/radar_conti_ars408_msgs/include/radar_conti_ars408_msgs/msg/radar_state.hpp
[1.602s] -- Up-to-date: /home/offroad/radar_ws/src/install/radar_conti_ars408_msgs/include/radar_conti_ars408_msgs/msg/object_general.hpp
[1.602s] -- Up-to-date: /home/offroad/radar_ws/src/install/radar_conti_ars408_msgs/include/radar_conti_ars408_msgs/msg/version_id.hpp
[1.602s] -- Up-to-date: /home/offroad/radar_ws/src/install/radar_conti_ars408_msgs/include/radar_conti_ars408_msgs/msg/filter_state_header.hpp
[1.602s] -- Up-to-date: /home/offroad/radar_ws/src/install/radar_conti_ars408_msgs/include/radar_conti_ars408_msgs/msg/cluster.hpp
[1.602s] -- Up-to-date: /home/offroad/radar_ws/src/install/radar_conti_ars408_msgs/include/radar_conti_ars408_msgs/msg/object_status.hpp
[1.602s] -- Up-to-date: /home/offroad/radar_ws/src/install/radar_conti_ars408_msgs/include/radar_conti_ars408_msgs/msg/filter_cfg.hpp
[1.602s] -- Up-to-date: /home/offroad/radar_ws/src/install/radar_conti_ars408_msgs/include/radar_conti_ars408_msgs/msg/object_list.hpp
[1.602s] -- Up-to-date: /home/offroad/radar_ws/src/install/radar_conti_ars408_msgs/include/radar_conti_ars408_msgs/msg/radar_configuration.hpp
[1.602s] -- Up-to-date: /home/offroad/radar_ws/src/install/radar_conti_ars408_msgs/include/radar_conti_ars408_msgs/msg/object.hpp
[1.602s] -- Up-to-date: /home/offroad/radar_ws/src/install/radar_conti_ars408_msgs/include/radar_conti_ars408_msgs/msg/num.hpp
[1.602s] -- Up-to-date: /home/offroad/radar_ws/src/install/radar_conti_ars408_msgs/include/radar_conti_ars408_msgs/msg/object_extended.hpp
[1.602s] -- Up-to-date: /home/offroad/radar_ws/src/install/radar_conti_ars408_msgs/include/radar_conti_ars408_msgs/msg/filter_state_cfg.hpp
[1.603s] -- Up-to-date: /home/offroad/radar_ws/src/install/radar_conti_ars408_msgs/include/radar_conti_ars408_msgs/msg/cluster_list.hpp
[1.603s] -- Up-to-date: /home/offroad/radar_ws/src/install/radar_conti_ars408_msgs/include/radar_conti_ars408_msgs/msg/cluster_general.hpp
[1.603s] -- Up-to-date: /home/offroad/radar_ws/src/install/radar_conti_ars408_msgs/include/radar_conti_ars408_msgs/msg/cluster_quality.hpp
[1.603s] -- Up-to-date: /home/offroad/radar_ws/src/install/radar_conti_ars408_msgs/include/radar_conti_ars408_msgs
[1.603s] -- Up-to-date: /home/offroad/radar_ws/src/install/radar_conti_ars408_msgs/include/radar_conti_ars408_msgs/srv
[1.603s] -- Up-to-date: /home/offroad/radar_ws/src/install/radar_conti_ars408_msgs/include/radar_conti_ars408_msgs/srv/detail
[1.603s] -- Up-to-date: /home/offroad/radar_ws/src/install/radar_conti_ars408_msgs/include/radar_conti_ars408_msgs/srv/detail/add_three_ints__type_support.cpp
[1.603s] -- Up-to-date: /home/offroad/radar_ws/src/install/radar_conti_ars408_msgs/include/radar_conti_ars408_msgs/srv/detail/add_three_ints__rosidl_typesupport_introspection_cpp.hpp
[1.603s] -- Up-to-date: /home/offroad/radar_ws/src/install/radar_conti_ars408_msgs/include/radar_conti_ars408_msgs/msg
[1.603s] -- Up-to-date: /home/offroad/radar_ws/src/install/radar_conti_ars408_msgs/include/radar_conti_ars408_msgs/msg/detail
[1.603s] -- Up-to-date: /home/offroad/radar_ws/src/install/radar_conti_ars408_msgs/include/radar_conti_ars408_msgs/msg/detail/object_quality__rosidl_typesupport_introspection_cpp.hpp
[1.603s] -- Up-to-date: /home/offroad/radar_ws/src/install/radar_conti_ars408_msgs/include/radar_conti_ars408_msgs/msg/detail/version_id__rosidl_typesupport_introspection_cpp.hpp
[1.603s] -- Up-to-date: /home/offroad/radar_ws/src/install/radar_conti_ars408_msgs/include/radar_conti_ars408_msgs/msg/detail/num__type_support.cpp
[1.604s] -- Up-to-date: /home/offroad/radar_ws/src/install/radar_conti_ars408_msgs/include/radar_conti_ars408_msgs/msg/detail/object_status__type_support.cpp
[1.604s] -- Up-to-date: /home/offroad/radar_ws/src/install/radar_conti_ars408_msgs/include/radar_conti_ars408_msgs/msg/detail/object_extended__type_support.cpp
[1.604s] -- Up-to-date: /home/offroad/radar_ws/src/install/radar_conti_ars408_msgs/include/radar_conti_ars408_msgs/msg/detail/cluster_status__rosidl_typesupport_introspection_cpp.hpp
[1.604s] -- Up-to-date: /home/offroad/radar_ws/src/install/radar_conti_ars408_msgs/include/radar_conti_ars408_msgs/msg/detail/filter_cfg__type_support.cpp
[1.604s] -- Up-to-date: /home/offroad/radar_ws/src/install/radar_conti_ars408_msgs/include/radar_conti_ars408_msgs/msg/detail/object_general__rosidl_typesupport_introspection_cpp.hpp
[1.604s] -- Up-to-date: /home/offroad/radar_ws/src/install/radar_conti_ars408_msgs/include/radar_conti_ars408_msgs/msg/detail/cluster_general__type_support.cpp
[1.605s] -- Up-to-date: /home/offroad/radar_ws/src/install/radar_conti_ars408_msgs/include/radar_conti_ars408_msgs/msg/detail/cluster__type_support.cpp
[1.605s] -- Up-to-date: /home/offroad/radar_ws/src/install/radar_conti_ars408_msgs/include/radar_conti_ars408_msgs/msg/detail/cluster_list__type_support.cpp
[1.608s] -- Up-to-date: /home/offroad/radar_ws/src/install/radar_conti_ars408_msgs/include/radar_conti_ars408_msgs/msg/detail/cluster_status__type_support.cpp
[1.609s] -- Up-to-date: /home/offroad/radar_ws/src/install/radar_conti_ars408_msgs/include/radar_conti_ars408_msgs/msg/detail/object_list__type_support.cpp
[1.610s] -- Up-to-date: /home/offroad/radar_ws/src/install/radar_conti_ars408_msgs/include/radar_conti_ars408_msgs/msg/detail/filter_state_cfg__type_support.cpp
[1.611s] -- Up-to-date: /home/offroad/radar_ws/src/install/radar_conti_ars408_msgs/include/radar_conti_ars408_msgs/msg/detail/filter_state_cfg__rosidl_typesupport_introspection_cpp.hpp
[1.611s] -- Up-to-date: /home/offroad/radar_ws/src/install/radar_conti_ars408_msgs/include/radar_conti_ars408_msgs/msg/detail/object_list__rosidl_typesupport_introspection_cpp.hpp
[1.611s] -- Up-to-date: /home/offroad/radar_ws/src/install/radar_conti_ars408_msgs/include/radar_conti_ars408_msgs/msg/detail/cluster_list__rosidl_typesupport_introspection_cpp.hpp
[1.611s] -- Up-to-date: /home/offroad/radar_ws/src/install/radar_conti_ars408_msgs/include/radar_conti_ars408_msgs/msg/detail/filter_state_header__rosidl_typesupport_introspection_cpp.hpp
[1.611s] -- Up-to-date: /home/offroad/radar_ws/src/install/radar_conti_ars408_msgs/include/radar_conti_ars408_msgs/msg/detail/filter_state_header__type_support.cpp
[1.611s] -- Up-to-date: /home/offroad/radar_ws/src/install/radar_conti_ars408_msgs/include/radar_conti_ars408_msgs/msg/detail/version_id__type_support.cpp
[1.612s] -- Up-to-date: /home/offroad/radar_ws/src/install/radar_conti_ars408_msgs/include/radar_conti_ars408_msgs/msg/detail/radar_state__type_support.cpp
[1.612s] -- Up-to-date: /home/offroad/radar_ws/src/install/radar_conti_ars408_msgs/include/radar_conti_ars408_msgs/msg/detail/num__rosidl_typesupport_introspection_cpp.hpp
[1.612s] -- Up-to-date: /home/offroad/radar_ws/src/install/radar_conti_ars408_msgs/include/radar_conti_ars408_msgs/msg/detail/object_extended__rosidl_typesupport_introspection_cpp.hpp
[1.612s] -- Up-to-date: /home/offroad/radar_ws/src/install/radar_conti_ars408_msgs/include/radar_conti_ars408_msgs/msg/detail/cluster__rosidl_typesupport_introspection_cpp.hpp
[1.612s] -- Up-to-date: /home/offroad/radar_ws/src/install/radar_conti_ars408_msgs/include/radar_conti_ars408_msgs/msg/detail/cluster_general__rosidl_typesupport_introspection_cpp.hpp
[1.612s] -- Up-to-date: /home/offroad/radar_ws/src/install/radar_conti_ars408_msgs/include/radar_conti_ars408_msgs/msg/detail/object_general__type_support.cpp
[1.613s] -- Up-to-date: /home/offroad/radar_ws/src/install/radar_conti_ars408_msgs/include/radar_conti_ars408_msgs/msg/detail/radar_state__rosidl_typesupport_introspection_cpp.hpp
[1.613s] -- Up-to-date: /home/offroad/radar_ws/src/install/radar_conti_ars408_msgs/include/radar_conti_ars408_msgs/msg/detail/cluster_quality__type_support.cpp
[1.613s] -- Up-to-date: /home/offroad/radar_ws/src/install/radar_conti_ars408_msgs/include/radar_conti_ars408_msgs/msg/detail/object_quality__type_support.cpp
[1.613s] -- Up-to-date: /home/offroad/radar_ws/src/install/radar_conti_ars408_msgs/include/radar_conti_ars408_msgs/msg/detail/object__type_support.cpp
[1.613s] -- Up-to-date: /home/offroad/radar_ws/src/install/radar_conti_ars408_msgs/include/radar_conti_ars408_msgs/msg/detail/radar_configuration__rosidl_typesupport_introspection_cpp.hpp
[1.613s] -- Up-to-date: /home/offroad/radar_ws/src/install/radar_conti_ars408_msgs/include/radar_conti_ars408_msgs/msg/detail/filter_cfg__rosidl_typesupport_introspection_cpp.hpp
[1.613s] -- Up-to-date: /home/offroad/radar_ws/src/install/radar_conti_ars408_msgs/include/radar_conti_ars408_msgs/msg/detail/object__rosidl_typesupport_introspection_cpp.hpp
[1.613s] -- Up-to-date: /home/offroad/radar_ws/src/install/radar_conti_ars408_msgs/include/radar_conti_ars408_msgs/msg/detail/cluster_quality__rosidl_typesupport_introspection_cpp.hpp
[1.614s] -- Up-to-date: /home/offroad/radar_ws/src/install/radar_conti_ars408_msgs/include/radar_conti_ars408_msgs/msg/detail/radar_configuration__type_support.cpp
[1.614s] -- Up-to-date: /home/offroad/radar_ws/src/install/radar_conti_ars408_msgs/include/radar_conti_ars408_msgs/msg/detail/object_status__rosidl_typesupport_introspection_cpp.hpp
[1.614s] -- Up-to-date: /home/offroad/radar_ws/src/install/radar_conti_ars408_msgs/lib/libradar_conti_ars408_msgs__rosidl_typesupport_introspection_cpp.so
[1.614s] -- Up-to-date: /home/offroad/radar_ws/src/install/radar_conti_ars408_msgs/lib/libradar_conti_ars408_msgs__rosidl_typesupport_cpp.so
[1.614s] -- Up-to-date: /home/offroad/radar_ws/src/install/radar_conti_ars408_msgs/share/radar_conti_ars408_msgs/environment/pythonpath.sh
[1.614s] -- Up-to-date: /home/offroad/radar_ws/src/install/radar_conti_ars408_msgs/share/radar_conti_ars408_msgs/environment/pythonpath.dsv
[1.614s] -- Up-to-date: /home/offroad/radar_ws/src/install/radar_conti_ars408_msgs/lib/python3.8/site-packages/radar_conti_ars408_msgs/__init__.py
[1.639s] -- Up-to-date: /home/offroad/radar_ws/src/install/radar_conti_ars408_msgs/lib/python3.8/site-packages/radar_conti_ars408_msgs/msg
[1.641s] -- Up-to-date: /home/offroad/radar_ws/src/install/radar_conti_ars408_msgs/lib/python3.8/site-packages/radar_conti_ars408_msgs/msg/__init__.py
[1.642s] -- Up-to-date: /home/offroad/radar_ws/src/install/radar_conti_ars408_msgs/lib/python3.8/site-packages/radar_conti_ars408_msgs/msg/_version_id_s.c
[1.644s] -- Up-to-date: /home/offroad/radar_ws/src/install/radar_conti_ars408_msgs/lib/python3.8/site-packages/radar_conti_ars408_msgs/msg/_cluster_general_s.c
[1.645s] -- Up-to-date: /home/offroad/radar_ws/src/install/radar_conti_ars408_msgs/lib/python3.8/site-packages/radar_conti_ars408_msgs/msg/_cluster_list.py
[1.645s] -- Up-to-date: /home/offroad/radar_ws/src/install/radar_conti_ars408_msgs/lib/python3.8/site-packages/radar_conti_ars408_msgs/msg/_object_general_s.c
[1.645s] -- Up-to-date: /home/offroad/radar_ws/src/install/radar_conti_ars408_msgs/lib/python3.8/site-packages/radar_conti_ars408_msgs/msg/_cluster_status.py
[1.645s] -- Up-to-date: /home/offroad/radar_ws/src/install/radar_conti_ars408_msgs/lib/python3.8/site-packages/radar_conti_ars408_msgs/msg/_object_general.py
[1.645s] -- Up-to-date: /home/offroad/radar_ws/src/install/radar_conti_ars408_msgs/lib/python3.8/site-packages/radar_conti_ars408_msgs/msg/_cluster_status_s.c
[1.645s] -- Up-to-date: /home/offroad/radar_ws/src/install/radar_conti_ars408_msgs/lib/python3.8/site-packages/radar_conti_ars408_msgs/msg/_object_s.c
[1.645s] -- Up-to-date: /home/offroad/radar_ws/src/install/radar_conti_ars408_msgs/lib/python3.8/site-packages/radar_conti_ars408_msgs/msg/_filter_state_header_s.c
[1.645s] -- Up-to-date: /home/offroad/radar_ws/src/install/radar_conti_ars408_msgs/lib/python3.8/site-packages/radar_conti_ars408_msgs/msg/_cluster_quality_s.c
[1.646s] -- Up-to-date: /home/offroad/radar_ws/src/install/radar_conti_ars408_msgs/lib/python3.8/site-packages/radar_conti_ars408_msgs/msg/_object_quality_s.c
[1.646s] -- Up-to-date: /home/offroad/radar_ws/src/install/radar_conti_ars408_msgs/lib/python3.8/site-packages/radar_conti_ars408_msgs/msg/_filter_cfg.py
[1.646s] -- Up-to-date: /home/offroad/radar_ws/src/install/radar_conti_ars408_msgs/lib/python3.8/site-packages/radar_conti_ars408_msgs/msg/_radar_state_s.c
[1.646s] -- Up-to-date: /home/offroad/radar_ws/src/install/radar_conti_ars408_msgs/lib/python3.8/site-packages/radar_conti_ars408_msgs/msg/_filter_state_cfg_s.c
[1.646s] -- Up-to-date: /home/offroad/radar_ws/src/install/radar_conti_ars408_msgs/lib/python3.8/site-packages/radar_conti_ars408_msgs/msg/_cluster_quality.py
[1.646s] -- Up-to-date: /home/offroad/radar_ws/src/install/radar_conti_ars408_msgs/lib/python3.8/site-packages/radar_conti_ars408_msgs/msg/_filter_cfg_s.c
[1.646s] -- Up-to-date: /home/offroad/radar_ws/src/install/radar_conti_ars408_msgs/lib/python3.8/site-packages/radar_conti_ars408_msgs/msg/_cluster_list_s.c
[1.646s] -- Up-to-date: /home/offroad/radar_ws/src/install/radar_conti_ars408_msgs/lib/python3.8/site-packages/radar_conti_ars408_msgs/msg/_object_extended_s.c
[1.647s] -- Up-to-date: /home/offroad/radar_ws/src/install/radar_conti_ars408_msgs/lib/python3.8/site-packages/radar_conti_ars408_msgs/msg/_object_status.py
[1.647s] -- Up-to-date: /home/offroad/radar_ws/src/install/radar_conti_ars408_msgs/lib/python3.8/site-packages/radar_conti_ars408_msgs/msg/_filter_state_cfg.py
[1.647s] -- Up-to-date: /home/offroad/radar_ws/src/install/radar_conti_ars408_msgs/lib/python3.8/site-packages/radar_conti_ars408_msgs/msg/_radar_configuration_s.c
[1.647s] -- Up-to-date: /home/offroad/radar_ws/src/install/radar_conti_ars408_msgs/lib/python3.8/site-packages/radar_conti_ars408_msgs/msg/_cluster_general.py
[1.647s] -- Up-to-date: /home/offroad/radar_ws/src/install/radar_conti_ars408_msgs/lib/python3.8/site-packages/radar_conti_ars408_msgs/msg/_object_extended.py
[1.647s] -- Up-to-date: /home/offroad/radar_ws/src/install/radar_conti_ars408_msgs/lib/python3.8/site-packages/radar_conti_ars408_msgs/msg/_radar_state.py
[1.648s] -- Up-to-date: /home/offroad/radar_ws/src/install/radar_conti_ars408_msgs/lib/python3.8/site-packages/radar_conti_ars408_msgs/msg/_object_status_s.c
[1.648s] -- Up-to-date: /home/offroad/radar_ws/src/install/radar_conti_ars408_msgs/lib/python3.8/site-packages/radar_conti_ars408_msgs/msg/_object.py
[1.648s] -- Up-to-date: /home/offroad/radar_ws/src/install/radar_conti_ars408_msgs/lib/python3.8/site-packages/radar_conti_ars408_msgs/msg/_filter_state_header.py
[1.648s] -- Up-to-date: /home/offroad/radar_ws/src/install/radar_conti_ars408_msgs/lib/python3.8/site-packages/radar_conti_ars408_msgs/msg/_object_list.py
[1.649s] -- Up-to-date: /home/offroad/radar_ws/src/install/radar_conti_ars408_msgs/lib/python3.8/site-packages/radar_conti_ars408_msgs/msg/_version_id.py
[1.649s] -- Up-to-date: /home/offroad/radar_ws/src/install/radar_conti_ars408_msgs/lib/python3.8/site-packages/radar_conti_ars408_msgs/msg/_radar_configuration.py
[1.649s] -- Up-to-date: /home/offroad/radar_ws/src/install/radar_conti_ars408_msgs/lib/python3.8/site-packages/radar_conti_ars408_msgs/msg/_cluster_s.c
[1.649s] -- Up-to-date: /home/offroad/radar_ws/src/install/radar_conti_ars408_msgs/lib/python3.8/site-packages/radar_conti_ars408_msgs/msg/_num.py
[1.649s] -- Up-to-date: /home/offroad/radar_ws/src/install/radar_conti_ars408_msgs/lib/python3.8/site-packages/radar_conti_ars408_msgs/msg/_num_s.c
[1.649s] -- Up-to-date: /home/offroad/radar_ws/src/install/radar_conti_ars408_msgs/lib/python3.8/site-packages/radar_conti_ars408_msgs/msg/_object_quality.py
[1.649s] -- Up-to-date: /home/offroad/radar_ws/src/install/radar_conti_ars408_msgs/lib/python3.8/site-packages/radar_conti_ars408_msgs/msg/_object_list_s.c
[1.650s] -- Up-to-date: /home/offroad/radar_ws/src/install/radar_conti_ars408_msgs/lib/python3.8/site-packages/radar_conti_ars408_msgs/msg/_cluster.py
[1.650s] -- Up-to-date: /home/offroad/radar_ws/src/install/radar_conti_ars408_msgs/lib/python3.8/site-packages/radar_conti_ars408_msgs/srv
[1.650s] -- Up-to-date: /home/offroad/radar_ws/src/install/radar_conti_ars408_msgs/lib/python3.8/site-packages/radar_conti_ars408_msgs/srv/__init__.py
[1.651s] -- Up-to-date: /home/offroad/radar_ws/src/install/radar_conti_ars408_msgs/lib/python3.8/site-packages/radar_conti_ars408_msgs/srv/_add_three_ints_s.c
[1.651s] -- Up-to-date: /home/offroad/radar_ws/src/install/radar_conti_ars408_msgs/lib/python3.8/site-packages/radar_conti_ars408_msgs/srv/_add_three_ints.py
[1.651s] -- Up-to-date: /home/offroad/radar_ws/src/install/radar_conti_ars408_msgs/lib/python3.8/site-packages/radar_conti_ars408_msgs/radar_conti_ars408_msgs_s__rosidl_typesupport_fastrtps_c.cpython-38-x86_64-linux-gnu.so
[1.651s] -- Up-to-date: /home/offroad/radar_ws/src/install/radar_conti_ars408_msgs/lib/python3.8/site-packages/radar_conti_ars408_msgs/radar_conti_ars408_msgs_s__rosidl_typesupport_introspection_c.cpython-38-x86_64-linux-gnu.so
[1.651s] -- Up-to-date: /home/offroad/radar_ws/src/install/radar_conti_ars408_msgs/lib/python3.8/site-packages/radar_conti_ars408_msgs/radar_conti_ars408_msgs_s__rosidl_typesupport_c.cpython-38-x86_64-linux-gnu.so
[1.651s] -- Up-to-date: /home/offroad/radar_ws/src/install/radar_conti_ars408_msgs/lib/libradar_conti_ars408_msgs__python.so
[1.652s] -- Up-to-date: /home/offroad/radar_ws/src/install/radar_conti_ars408_msgs/share/radar_conti_ars408_msgs/msg/ClusterGeneral.idl
[1.652s] -- Up-to-date: /home/offroad/radar_ws/src/install/radar_conti_ars408_msgs/share/radar_conti_ars408_msgs/msg/ClusterQuality.idl
[1.652s] -- Up-to-date: /home/offroad/radar_ws/src/install/radar_conti_ars408_msgs/share/radar_conti_ars408_msgs/msg/ClusterStatus.idl
[1.652s] -- Up-to-date: /home/offroad/radar_ws/src/install/radar_conti_ars408_msgs/share/radar_conti_ars408_msgs/msg/ObjectGeneral.idl
[1.652s] -- Up-to-date: /home/offroad/radar_ws/src/install/radar_conti_ars408_msgs/share/radar_conti_ars408_msgs/msg/ObjectExtended.idl
[1.652s] -- Up-to-date: /home/offroad/radar_ws/src/install/radar_conti_ars408_msgs/share/radar_conti_ars408_msgs/msg/ObjectQuality.idl
[1.652s] -- Up-to-date: /home/offroad/radar_ws/src/install/radar_conti_ars408_msgs/share/radar_conti_ars408_msgs/msg/ObjectStatus.idl
[1.652s] -- Up-to-date: /home/offroad/radar_ws/src/install/radar_conti_ars408_msgs/share/radar_conti_ars408_msgs/msg/RadarConfiguration.idl
[1.652s] -- Up-to-date: /home/offroad/radar_ws/src/install/radar_conti_ars408_msgs/share/radar_conti_ars408_msgs/msg/RadarState.idl
[1.652s] -- Up-to-date: /home/offroad/radar_ws/src/install/radar_conti_ars408_msgs/share/radar_conti_ars408_msgs/msg/VersionID.idl
[1.652s] -- Up-to-date: /home/offroad/radar_ws/src/install/radar_conti_ars408_msgs/share/radar_conti_ars408_msgs/msg/Cluster.idl
[1.653s] -- Up-to-date: /home/offroad/radar_ws/src/install/radar_conti_ars408_msgs/share/radar_conti_ars408_msgs/msg/Object.idl
[1.653s] -- Up-to-date: /home/offroad/radar_ws/src/install/radar_conti_ars408_msgs/share/radar_conti_ars408_msgs/msg/ClusterList.idl
[1.653s] -- Up-to-date: /home/offroad/radar_ws/src/install/radar_conti_ars408_msgs/share/radar_conti_ars408_msgs/msg/ObjectList.idl
[1.653s] -- Up-to-date: /home/offroad/radar_ws/src/install/radar_conti_ars408_msgs/share/radar_conti_ars408_msgs/msg/FilterStateCfg.idl
[1.653s] -- Up-to-date: /home/offroad/radar_ws/src/install/radar_conti_ars408_msgs/share/radar_conti_ars408_msgs/msg/FilterCfg.idl
[1.653s] -- Up-to-date: /home/offroad/radar_ws/src/install/radar_conti_ars408_msgs/share/radar_conti_ars408_msgs/msg/FilterStateHeader.idl
[1.653s] -- Up-to-date: /home/offroad/radar_ws/src/install/radar_conti_ars408_msgs/share/radar_conti_ars408_msgs/msg/Num.idl
[1.653s] -- Up-to-date: /home/offroad/radar_ws/src/install/radar_conti_ars408_msgs/share/radar_conti_ars408_msgs/srv/AddThreeInts.idl
[1.654s] -- Up-to-date: /home/offroad/radar_ws/src/install/radar_conti_ars408_msgs/share/radar_conti_ars408_msgs/msg/ClusterGeneral.msg
[1.654s] -- Up-to-date: /home/offroad/radar_ws/src/install/radar_conti_ars408_msgs/share/radar_conti_ars408_msgs/msg/ClusterQuality.msg
[1.654s] -- Up-to-date: /home/offroad/radar_ws/src/install/radar_conti_ars408_msgs/share/radar_conti_ars408_msgs/msg/ClusterStatus.msg
[1.654s] -- Up-to-date: /home/offroad/radar_ws/src/install/radar_conti_ars408_msgs/share/radar_conti_ars408_msgs/msg/ObjectGeneral.msg
[1.654s] -- Up-to-date: /home/offroad/radar_ws/src/install/radar_conti_ars408_msgs/share/radar_conti_ars408_msgs/msg/ObjectExtended.msg
[1.655s] -- Up-to-date: /home/offroad/radar_ws/src/install/radar_conti_ars408_msgs/share/radar_conti_ars408_msgs/msg/ObjectQuality.msg
[1.655s] -- Up-to-date: /home/offroad/radar_ws/src/install/radar_conti_ars408_msgs/share/radar_conti_ars408_msgs/msg/ObjectStatus.msg
[1.655s] -- Up-to-date: /home/offroad/radar_ws/src/install/radar_conti_ars408_msgs/share/radar_conti_ars408_msgs/msg/RadarConfiguration.msg
[1.655s] -- Up-to-date: /home/offroad/radar_ws/src/install/radar_conti_ars408_msgs/share/radar_conti_ars408_msgs/msg/RadarState.msg
[1.655s] -- Up-to-date: /home/offroad/radar_ws/src/install/radar_conti_ars408_msgs/share/radar_conti_ars408_msgs/msg/VersionID.msg
[1.655s] -- Up-to-date: /home/offroad/radar_ws/src/install/radar_conti_ars408_msgs/share/radar_conti_ars408_msgs/msg/Cluster.msg
[1.655s] -- Up-to-date: /home/offroad/radar_ws/src/install/radar_conti_ars408_msgs/share/radar_conti_ars408_msgs/msg/Object.msg
[1.656s] -- Up-to-date: /home/offroad/radar_ws/src/install/radar_conti_ars408_msgs/share/radar_conti_ars408_msgs/msg/ClusterList.msg
[1.657s] -- Up-to-date: /home/offroad/radar_ws/src/install/radar_conti_ars408_msgs/share/radar_conti_ars408_msgs/msg/ObjectList.msg
[1.658s] -- Up-to-date: /home/offroad/radar_ws/src/install/radar_conti_ars408_msgs/share/radar_conti_ars408_msgs/msg/FilterStateCfg.msg
[1.660s] -- Up-to-date: /home/offroad/radar_ws/src/install/radar_conti_ars408_msgs/share/radar_conti_ars408_msgs/msg/FilterCfg.msg
[1.660s] -- Up-to-date: /home/offroad/radar_ws/src/install/radar_conti_ars408_msgs/share/radar_conti_ars408_msgs/msg/FilterStateHeader.msg
[1.660s] -- Up-to-date: /home/offroad/radar_ws/src/install/radar_conti_ars408_msgs/share/radar_conti_ars408_msgs/msg/Num.msg
[1.660s] -- Up-to-date: /home/offroad/radar_ws/src/install/radar_conti_ars408_msgs/share/radar_conti_ars408_msgs/srv/AddThreeInts.srv
[1.660s] -- Up-to-date: /home/offroad/radar_ws/src/install/radar_conti_ars408_msgs/share/radar_conti_ars408_msgs/srv/AddThreeInts_Request.msg
[1.661s] -- Up-to-date: /home/offroad/radar_ws/src/install/radar_conti_ars408_msgs/share/radar_conti_ars408_msgs/srv/AddThreeInts_Response.msg
[1.661s] -- Up-to-date: /home/offroad/radar_ws/src/install/radar_conti_ars408_msgs/share/ament_index/resource_index/package_run_dependencies/radar_conti_ars408_msgs
[1.661s] -- Up-to-date: /home/offroad/radar_ws/src/install/radar_conti_ars408_msgs/share/ament_index/resource_index/parent_prefix_path/radar_conti_ars408_msgs
[1.661s] -- Up-to-date: /home/offroad/radar_ws/src/install/radar_conti_ars408_msgs/share/radar_conti_ars408_msgs/environment/ament_prefix_path.sh
[1.661s] -- Up-to-date: /home/offroad/radar_ws/src/install/radar_conti_ars408_msgs/share/radar_conti_ars408_msgs/environment/ament_prefix_path.dsv
[1.661s] -- Up-to-date: /home/offroad/radar_ws/src/install/radar_conti_ars408_msgs/share/radar_conti_ars408_msgs/environment/path.sh
[1.661s] -- Up-to-date: /home/offroad/radar_ws/src/install/radar_conti_ars408_msgs/share/radar_conti_ars408_msgs/environment/path.dsv
[1.661s] -- Up-to-date: /home/offroad/radar_ws/src/install/radar_conti_ars408_msgs/share/radar_conti_ars408_msgs/local_setup.bash
[1.661s] -- Up-to-date: /home/offroad/radar_ws/src/install/radar_conti_ars408_msgs/share/radar_conti_ars408_msgs/local_setup.sh
[1.661s] -- Up-to-date: /home/offroad/radar_ws/src/install/radar_conti_ars408_msgs/share/radar_conti_ars408_msgs/local_setup.zsh
[1.661s] -- Up-to-date: /home/offroad/radar_ws/src/install/radar_conti_ars408_msgs/share/radar_conti_ars408_msgs/local_setup.dsv
[1.661s] -- Installing: /home/offroad/radar_ws/src/install/radar_conti_ars408_msgs/share/radar_conti_ars408_msgs/package.dsv
[1.661s] -- Up-to-date: /home/offroad/radar_ws/src/install/radar_conti_ars408_msgs/share/ament_index/resource_index/packages/radar_conti_ars408_msgs
[1.662s] -- Up-to-date: /home/offroad/radar_ws/src/install/radar_conti_ars408_msgs/share/radar_conti_ars408_msgs/cmake/radar_conti_ars408_msgs__rosidl_generator_cExport.cmake
[1.662s] -- Up-to-date: /home/offroad/radar_ws/src/install/radar_conti_ars408_msgs/share/radar_conti_ars408_msgs/cmake/radar_conti_ars408_msgs__rosidl_generator_cExport-noconfig.cmake
[1.662s] -- Up-to-date: /home/offroad/radar_ws/src/install/radar_conti_ars408_msgs/share/radar_conti_ars408_msgs/cmake/radar_conti_ars408_msgs__rosidl_typesupport_introspection_cExport.cmake
[1.662s] -- Up-to-date: /home/offroad/radar_ws/src/install/radar_conti_ars408_msgs/share/radar_conti_ars408_msgs/cmake/radar_conti_ars408_msgs__rosidl_typesupport_introspection_cExport-noconfig.cmake
[1.662s] -- Up-to-date: /home/offroad/radar_ws/src/install/radar_conti_ars408_msgs/share/radar_conti_ars408_msgs/cmake/radar_conti_ars408_msgs__rosidl_typesupport_cExport.cmake
[1.662s] -- Up-to-date: /home/offroad/radar_ws/src/install/radar_conti_ars408_msgs/share/radar_conti_ars408_msgs/cmake/radar_conti_ars408_msgs__rosidl_typesupport_cExport-noconfig.cmake
[1.662s] -- Up-to-date: /home/offroad/radar_ws/src/install/radar_conti_ars408_msgs/share/radar_conti_ars408_msgs/cmake/radar_conti_ars408_msgs__rosidl_generator_cppExport.cmake
[1.662s] -- Up-to-date: /home/offroad/radar_ws/src/install/radar_conti_ars408_msgs/share/radar_conti_ars408_msgs/cmake/radar_conti_ars408_msgs__rosidl_typesupport_introspection_cppExport.cmake
[1.662s] -- Up-to-date: /home/offroad/radar_ws/src/install/radar_conti_ars408_msgs/share/radar_conti_ars408_msgs/cmake/radar_conti_ars408_msgs__rosidl_typesupport_introspection_cppExport-noconfig.cmake
[1.663s] -- Up-to-date: /home/offroad/radar_ws/src/install/radar_conti_ars408_msgs/share/radar_conti_ars408_msgs/cmake/radar_conti_ars408_msgs__rosidl_typesupport_cppExport.cmake
[1.663s] -- Up-to-date: /home/offroad/radar_ws/src/install/radar_conti_ars408_msgs/share/radar_conti_ars408_msgs/cmake/radar_conti_ars408_msgs__rosidl_typesupport_cppExport-noconfig.cmake
[1.663s] -- Up-to-date: /home/offroad/radar_ws/src/install/radar_conti_ars408_msgs/share/radar_conti_ars408_msgs/cmake/rosidl_cmake-extras.cmake
[1.666s] -- Up-to-date: /home/offroad/radar_ws/src/install/radar_conti_ars408_msgs/share/radar_conti_ars408_msgs/cmake/ament_cmake_export_dependencies-extras.cmake
[1.667s] -- Up-to-date: /home/offroad/radar_ws/src/install/radar_conti_ars408_msgs/share/radar_conti_ars408_msgs/cmake/ament_cmake_export_libraries-extras.cmake
[1.667s] -- Up-to-date: /home/offroad/radar_ws/src/install/radar_conti_ars408_msgs/share/radar_conti_ars408_msgs/cmake/ament_cmake_export_targets-extras.cmake
[1.667s] -- Up-to-date: /home/offroad/radar_ws/src/install/radar_conti_ars408_msgs/share/radar_conti_ars408_msgs/cmake/ament_cmake_export_include_directories-extras.cmake
[1.667s] -- Up-to-date: /home/offroad/radar_ws/src/install/radar_conti_ars408_msgs/share/radar_conti_ars408_msgs/cmake/rosidl_cmake_export_typesupport_libraries-extras.cmake
[1.668s] -- Up-to-date: /home/offroad/radar_ws/src/install/radar_conti_ars408_msgs/share/radar_conti_ars408_msgs/cmake/rosidl_cmake_export_typesupport_targets-extras.cmake
[1.668s] -- Up-to-date: /home/offroad/radar_ws/src/install/radar_conti_ars408_msgs/share/radar_conti_ars408_msgs/cmake/radar_conti_ars408_msgsConfig.cmake
[1.668s] -- Up-to-date: /home/offroad/radar_ws/src/install/radar_conti_ars408_msgs/share/radar_conti_ars408_msgs/cmake/radar_conti_ars408_msgsConfig-version.cmake
[1.668s] -- Up-to-date: /home/offroad/radar_ws/src/install/radar_conti_ars408_msgs/share/radar_conti_ars408_msgs/package.xml
[1.669s] Invoked command in '/home/offroad/radar_ws/src/build/radar_conti_ars408_msgs' returned '0': CMAKE_PREFIX_PATH=${CMAKE_PREFIX_PATH}:/opt/ros/foxy /usr/bin/cmake --install /home/offroad/radar_ws/src/build/radar_conti_ars408_msgs
