[0.010s] Invoking command in '/home/offroad/radar_ws/build/ros2socketcan_bridge': AMENT_PREFIX_PATH=/home/offroad/radar_ws/install/can_msgs:${AMENT_PREFIX_PATH} CMAKE_PREFIX_PATH=/home/offroad/radar_ws/install/can_msgs:/opt/ros/foxy LD_LIBRARY_PATH=/home/offroad/radar_ws/install/can_msgs/lib:${LD_LIBRARY_PATH} PYTHONPATH=/home/offroad/radar_ws/install/can_msgs/lib/python3.8/site-packages:${PYTHONPATH} /usr/bin/cmake --build /home/offroad/radar_ws/build/ros2socketcan_bridge -- -j12 -l12
[0.054s] [100%] Built target ros2socketcan_bridge
[0.065s] Invoked command in '/home/offroad/radar_ws/build/ros2socketcan_bridge' returned '0': AMENT_PREFIX_PATH=/home/offroad/radar_ws/install/can_msgs:${AMENT_PREFIX_PATH} CMAKE_PREFIX_PATH=/home/offroad/radar_ws/install/can_msgs:/opt/ros/foxy LD_LIBRARY_PATH=/home/offroad/radar_ws/install/can_msgs/lib:${LD_LIBRARY_PATH} PYTHONPATH=/home/offroad/radar_ws/install/can_msgs/lib/python3.8/site-packages:${PYTHONPATH} /usr/bin/cmake --build /home/offroad/radar_ws/build/ros2socketcan_bridge -- -j12 -l12
[0.086s] Invoking command in '/home/offroad/radar_ws/build/ros2socketcan_bridge': AMENT_PREFIX_PATH=/home/offroad/radar_ws/install/can_msgs:${AMENT_PREFIX_PATH} CMAKE_PREFIX_PATH=/home/offroad/radar_ws/install/can_msgs:/opt/ros/foxy LD_LIBRARY_PATH=/home/offroad/radar_ws/install/can_msgs/lib:${LD_LIBRARY_PATH} PYTHONPATH=/home/offroad/radar_ws/install/can_msgs/lib/python3.8/site-packages:${PYTHONPATH} /usr/bin/cmake --install /home/offroad/radar_ws/build/ros2socketcan_bridge
[0.095s] -- Install configuration: ""
[0.096s] -- Up-to-date: /home/offroad/radar_ws/install/ros2socketcan_bridge/include/ros2socketcan_bridge
[0.096s] -- Up-to-date: /home/offroad/radar_ws/install/ros2socketcan_bridge/include/ros2socketcan_bridge/ros2socketcan.h
[0.096s] -- Up-to-date: /home/offroad/radar_ws/install/ros2socketcan_bridge/lib/ros2socketcan_bridge/libros2socketcan_bridge.a
[0.096s] -- Up-to-date: /home/offroad/radar_ws/install/ros2socketcan_bridge/share/ament_index/resource_index/package_run_dependencies/ros2socketcan_bridge
[0.096s] -- Up-to-date: /home/offroad/radar_ws/install/ros2socketcan_bridge/share/ament_index/resource_index/parent_prefix_path/ros2socketcan_bridge
[0.096s] -- Up-to-date: /home/offroad/radar_ws/install/ros2socketcan_bridge/share/ros2socketcan_bridge/environment/ament_prefix_path.sh
[0.097s] -- Up-to-date: /home/offroad/radar_ws/install/ros2socketcan_bridge/share/ros2socketcan_bridge/environment/ament_prefix_path.dsv
[0.097s] -- Up-to-date: /home/offroad/radar_ws/install/ros2socketcan_bridge/share/ros2socketcan_bridge/environment/path.sh
[0.097s] -- Up-to-date: /home/offroad/radar_ws/install/ros2socketcan_bridge/share/ros2socketcan_bridge/environment/path.dsv
[0.097s] -- Up-to-date: /home/offroad/radar_ws/install/ros2socketcan_bridge/share/ros2socketcan_bridge/local_setup.bash
[0.097s] -- Up-to-date: /home/offroad/radar_ws/install/ros2socketcan_bridge/share/ros2socketcan_bridge/local_setup.sh
[0.097s] -- Up-to-date: /home/offroad/radar_ws/install/ros2socketcan_bridge/share/ros2socketcan_bridge/local_setup.zsh
[0.098s] -- Up-to-date: /home/offroad/radar_ws/install/ros2socketcan_bridge/share/ros2socketcan_bridge/local_setup.dsv
[0.099s] -- Installing: /home/offroad/radar_ws/install/ros2socketcan_bridge/share/ros2socketcan_bridge/package.dsv
[0.100s] -- Up-to-date: /home/offroad/radar_ws/install/ros2socketcan_bridge/share/ament_index/resource_index/packages/ros2socketcan_bridge
[0.100s] -- Up-to-date: /home/offroad/radar_ws/install/ros2socketcan_bridge/share/ros2socketcan_bridge/cmake/ament_cmake_export_include_directories-extras.cmake
[0.100s] -- Up-to-date: /home/offroad/radar_ws/install/ros2socketcan_bridge/share/ros2socketcan_bridge/cmake/ament_cmake_export_dependencies-extras.cmake
[0.100s] -- Up-to-date: /home/offroad/radar_ws/install/ros2socketcan_bridge/share/ros2socketcan_bridge/cmake/ros2socketcan_bridgeConfig.cmake
[0.100s] -- Up-to-date: /home/offroad/radar_ws/install/ros2socketcan_bridge/share/ros2socketcan_bridge/cmake/ros2socketcan_bridgeConfig-version.cmake
[0.100s] -- Up-to-date: /home/offroad/radar_ws/install/ros2socketcan_bridge/share/ros2socketcan_bridge/package.xml
[0.101s] Invoked command in '/home/offroad/radar_ws/build/ros2socketcan_bridge' returned '0': AMENT_PREFIX_PATH=/home/offroad/radar_ws/install/can_msgs:${AMENT_PREFIX_PATH} CMAKE_PREFIX_PATH=/home/offroad/radar_ws/install/can_msgs:/opt/ros/foxy LD_LIBRARY_PATH=/home/offroad/radar_ws/install/can_msgs/lib:${LD_LIBRARY_PATH} PYTHONPATH=/home/offroad/radar_ws/install/can_msgs/lib/python3.8/site-packages:${PYTHONPATH} /usr/bin/cmake --install /home/offroad/radar_ws/build/ros2socketcan_bridge
