[0.184s] DEBUG:colcon:Command line arguments: ['/usr/bin/colcon', 'build']
[0.184s] DEBUG:colcon:Parsed command line arguments: Namespace(allow_overriding=[], ament_cmake_args=None, base_paths=['.'], build_base='build', catkin_cmake_args=None, catkin_skip_building_tests=False, cmake_args=None, cmake_clean_cache=False, cmake_clean_first=False, cmake_force_configure=False, cmake_target=None, cmake_target_skip_unavailable=False, continue_on_error=False, event_handlers=None, executor='parallel', ignore_user_meta=False, install_base='install', log_base=None, log_level=None, main=<bound method BuildVerb.main of <colcon_core.verb.build.BuildVerb object at 0x7f133b0b4c40>>, merge_install=False, metas=['./colcon.meta'], packages_above=None, packages_above_and_dependencies=None, packages_above_depth=None, packages_end=None, packages_ignore=None, packages_ignore_regex=None, packages_select=None, packages_select_build_failed=False, packages_select_by_dep=None, packages_select_regex=None, packages_select_test_failures=False, packages_skip=None, packages_skip_build_finished=False, packages_skip_by_dep=None, packages_skip_regex=None, packages_skip_test_passed=False, packages_skip_up_to=None, packages_start=None, packages_up_to=None, packages_up_to_regex=None, parallel_workers=12, paths=None, symlink_install=False, test_result_base=None, verb_extension=<colcon_core.verb.build.BuildVerb object at 0x7f133b0b4c40>, verb_name='build', verb_parser=<colcon_defaults.argument_parser.defaults.DefaultArgumentsDecorator object at 0x7f133b03e1f0>)
[0.218s] Level 1:colcon.colcon_core.package_discovery:discover_packages(colcon_meta) check parameters
[0.218s] Level 1:colcon.colcon_core.package_discovery:discover_packages(recursive) check parameters
[0.218s] Level 1:colcon.colcon_core.package_discovery:discover_packages(ignore) check parameters
[0.218s] Level 1:colcon.colcon_core.package_discovery:discover_packages(path) check parameters
[0.218s] Level 1:colcon.colcon_core.package_discovery:discover_packages(colcon_meta) discover
[0.218s] Level 1:colcon.colcon_core.package_discovery:discover_packages(recursive) discover
[0.218s] INFO:colcon.colcon_core.package_discovery:Crawling recursively for packages in '/home/offroad/radar_ws/src'
[0.218s] Level 1:colcon.colcon_core.package_identification:_identify(.) by extensions ['ignore', 'ignore_ament_install']
[0.219s] Level 1:colcon.colcon_core.package_identification:_identify(.) by extension 'ignore'
[0.219s] Level 1:colcon.colcon_core.package_identification:_identify(.) by extension 'ignore_ament_install'
[0.219s] Level 1:colcon.colcon_core.package_identification:_identify(.) by extensions ['colcon_pkg']
[0.219s] Level 1:colcon.colcon_core.package_identification:_identify(.) by extension 'colcon_pkg'
[0.219s] Level 1:colcon.colcon_core.package_identification:_identify(.) by extensions ['colcon_meta']
[0.219s] Level 1:colcon.colcon_core.package_identification:_identify(.) by extension 'colcon_meta'
[0.219s] Level 1:colcon.colcon_core.package_identification:_identify(.) by extensions ['ros']
[0.219s] Level 1:colcon.colcon_core.package_identification:_identify(.) by extension 'ros'
[0.234s] Level 1:colcon.colcon_core.package_identification:_identify(.) by extensions ['cmake', 'python']
[0.235s] Level 1:colcon.colcon_core.package_identification:_identify(.) by extension 'cmake'
[0.235s] Level 1:colcon.colcon_core.package_identification:_identify(.) by extension 'python'
[0.235s] Level 1:colcon.colcon_core.package_identification:_identify(.) by extensions ['python_setup_py']
[0.235s] Level 1:colcon.colcon_core.package_identification:_identify(.) by extension 'python_setup_py'
[0.235s] Level 1:colcon.colcon_core.package_identification:_identify(CAN_Recording) by extensions ['ignore', 'ignore_ament_install']
[0.235s] Level 1:colcon.colcon_core.package_identification:_identify(CAN_Recording) by extension 'ignore'
[0.235s] Level 1:colcon.colcon_core.package_identification:_identify(CAN_Recording) by extension 'ignore_ament_install'
[0.235s] Level 1:colcon.colcon_core.package_identification:_identify(CAN_Recording) by extensions ['colcon_pkg']
[0.235s] Level 1:colcon.colcon_core.package_identification:_identify(CAN_Recording) by extension 'colcon_pkg'
[0.235s] Level 1:colcon.colcon_core.package_identification:_identify(CAN_Recording) by extensions ['colcon_meta']
[0.236s] Level 1:colcon.colcon_core.package_identification:_identify(CAN_Recording) by extension 'colcon_meta'
[0.236s] Level 1:colcon.colcon_core.package_identification:_identify(CAN_Recording) by extensions ['ros']
[0.236s] Level 1:colcon.colcon_core.package_identification:_identify(CAN_Recording) by extension 'ros'
[0.236s] Level 1:colcon.colcon_core.package_identification:_identify(CAN_Recording) by extensions ['cmake', 'python']
[0.237s] Level 1:colcon.colcon_core.package_identification:_identify(CAN_Recording) by extension 'cmake'
[0.237s] Level 1:colcon.colcon_core.package_identification:_identify(CAN_Recording) by extension 'python'
[0.238s] Level 1:colcon.colcon_core.package_identification:_identify(CAN_Recording) by extensions ['python_setup_py']
[0.238s] Level 1:colcon.colcon_core.package_identification:_identify(CAN_Recording) by extension 'python_setup_py'
[0.239s] Level 1:colcon.colcon_core.package_identification:_identify(build) by extensions ['ignore', 'ignore_ament_install']
[0.239s] Level 1:colcon.colcon_core.package_identification:_identify(build) by extension 'ignore'
[0.239s] Level 1:colcon.colcon_core.package_identification:_identify(build) ignored
[0.239s] Level 1:colcon.colcon_core.package_identification:_identify(cpp_srvcli) by extensions ['ignore', 'ignore_ament_install']
[0.239s] Level 1:colcon.colcon_core.package_identification:_identify(cpp_srvcli) by extension 'ignore'
[0.240s] Level 1:colcon.colcon_core.package_identification:_identify(cpp_srvcli) by extension 'ignore_ament_install'
[0.240s] Level 1:colcon.colcon_core.package_identification:_identify(cpp_srvcli) by extensions ['colcon_pkg']
[0.240s] Level 1:colcon.colcon_core.package_identification:_identify(cpp_srvcli) by extension 'colcon_pkg'
[0.240s] Level 1:colcon.colcon_core.package_identification:_identify(cpp_srvcli) by extensions ['colcon_meta']
[0.240s] Level 1:colcon.colcon_core.package_identification:_identify(cpp_srvcli) by extension 'colcon_meta'
[0.240s] Level 1:colcon.colcon_core.package_identification:_identify(cpp_srvcli) by extensions ['ros']
[0.240s] Level 1:colcon.colcon_core.package_identification:_identify(cpp_srvcli) by extension 'ros'
[0.246s] DEBUG:colcon.colcon_core.package_identification:Package 'cpp_srvcli' with type 'ros.ament_cmake' and name 'cpp_srvcli'
[0.246s] Level 1:colcon.colcon_core.package_identification:_identify(install) by extensions ['ignore', 'ignore_ament_install']
[0.246s] Level 1:colcon.colcon_core.package_identification:_identify(install) by extension 'ignore'
[0.246s] Level 1:colcon.colcon_core.package_identification:_identify(install) ignored
[0.247s] Level 1:colcon.colcon_core.package_identification:_identify(log) by extensions ['ignore', 'ignore_ament_install']
[0.247s] Level 1:colcon.colcon_core.package_identification:_identify(log) by extension 'ignore'
[0.247s] Level 1:colcon.colcon_core.package_identification:_identify(log) ignored
[0.247s] Level 1:colcon.colcon_core.package_identification:_identify(meshes) by extensions ['ignore', 'ignore_ament_install']
[0.247s] Level 1:colcon.colcon_core.package_identification:_identify(meshes) by extension 'ignore'
[0.247s] Level 1:colcon.colcon_core.package_identification:_identify(meshes) by extension 'ignore_ament_install'
[0.247s] Level 1:colcon.colcon_core.package_identification:_identify(meshes) by extensions ['colcon_pkg']
[0.247s] Level 1:colcon.colcon_core.package_identification:_identify(meshes) by extension 'colcon_pkg'
[0.247s] Level 1:colcon.colcon_core.package_identification:_identify(meshes) by extensions ['colcon_meta']
[0.247s] Level 1:colcon.colcon_core.package_identification:_identify(meshes) by extension 'colcon_meta'
[0.247s] Level 1:colcon.colcon_core.package_identification:_identify(meshes) by extensions ['ros']
[0.247s] Level 1:colcon.colcon_core.package_identification:_identify(meshes) by extension 'ros'
[0.247s] Level 1:colcon.colcon_core.package_identification:_identify(meshes) by extensions ['cmake', 'python']
[0.247s] Level 1:colcon.colcon_core.package_identification:_identify(meshes) by extension 'cmake'
[0.247s] Level 1:colcon.colcon_core.package_identification:_identify(meshes) by extension 'python'
[0.247s] Level 1:colcon.colcon_core.package_identification:_identify(meshes) by extensions ['python_setup_py']
[0.247s] Level 1:colcon.colcon_core.package_identification:_identify(meshes) by extension 'python_setup_py'
[0.248s] Level 1:colcon.colcon_core.package_identification:_identify(meshes/accessories) by extensions ['ignore', 'ignore_ament_install']
[0.248s] Level 1:colcon.colcon_core.package_identification:_identify(meshes/accessories) by extension 'ignore'
[0.248s] Level 1:colcon.colcon_core.package_identification:_identify(meshes/accessories) by extension 'ignore_ament_install'
[0.248s] Level 1:colcon.colcon_core.package_identification:_identify(meshes/accessories) by extensions ['colcon_pkg']
[0.248s] Level 1:colcon.colcon_core.package_identification:_identify(meshes/accessories) by extension 'colcon_pkg'
[0.248s] Level 1:colcon.colcon_core.package_identification:_identify(meshes/accessories) by extensions ['colcon_meta']
[0.248s] Level 1:colcon.colcon_core.package_identification:_identify(meshes/accessories) by extension 'colcon_meta'
[0.248s] Level 1:colcon.colcon_core.package_identification:_identify(meshes/accessories) by extensions ['ros']
[0.248s] Level 1:colcon.colcon_core.package_identification:_identify(meshes/accessories) by extension 'ros'
[0.248s] Level 1:colcon.colcon_core.package_identification:_identify(meshes/accessories) by extensions ['cmake', 'python']
[0.248s] Level 1:colcon.colcon_core.package_identification:_identify(meshes/accessories) by extension 'cmake'
[0.248s] Level 1:colcon.colcon_core.package_identification:_identify(meshes/accessories) by extension 'python'
[0.248s] Level 1:colcon.colcon_core.package_identification:_identify(meshes/accessories) by extensions ['python_setup_py']
[0.248s] Level 1:colcon.colcon_core.package_identification:_identify(meshes/accessories) by extension 'python_setup_py'
[0.248s] Level 1:colcon.colcon_core.package_identification:_identify(radar_conti_ars408) by extensions ['ignore', 'ignore_ament_install']
[0.248s] Level 1:colcon.colcon_core.package_identification:_identify(radar_conti_ars408) by extension 'ignore'
[0.248s] Level 1:colcon.colcon_core.package_identification:_identify(radar_conti_ars408) by extension 'ignore_ament_install'
[0.248s] Level 1:colcon.colcon_core.package_identification:_identify(radar_conti_ars408) by extensions ['colcon_pkg']
[0.248s] Level 1:colcon.colcon_core.package_identification:_identify(radar_conti_ars408) by extension 'colcon_pkg'
[0.248s] Level 1:colcon.colcon_core.package_identification:_identify(radar_conti_ars408) by extensions ['colcon_meta']
[0.248s] Level 1:colcon.colcon_core.package_identification:_identify(radar_conti_ars408) by extension 'colcon_meta'
[0.248s] Level 1:colcon.colcon_core.package_identification:_identify(radar_conti_ars408) by extensions ['ros']
[0.249s] Level 1:colcon.colcon_core.package_identification:_identify(radar_conti_ars408) by extension 'ros'
[0.249s] Level 1:colcon.colcon_core.package_identification:_identify(radar_conti_ars408) by extensions ['cmake', 'python']
[0.249s] Level 1:colcon.colcon_core.package_identification:_identify(radar_conti_ars408) by extension 'cmake'
[0.249s] Level 1:colcon.colcon_core.package_identification:_identify(radar_conti_ars408) by extension 'python'
[0.249s] Level 1:colcon.colcon_core.package_identification:_identify(radar_conti_ars408) by extensions ['python_setup_py']
[0.249s] Level 1:colcon.colcon_core.package_identification:_identify(radar_conti_ars408) by extension 'python_setup_py'
[0.249s] Level 1:colcon.colcon_core.package_identification:_identify(radar_conti_ars408/src) by extensions ['ignore', 'ignore_ament_install']
[0.249s] Level 1:colcon.colcon_core.package_identification:_identify(radar_conti_ars408/src) by extension 'ignore'
[0.249s] Level 1:colcon.colcon_core.package_identification:_identify(radar_conti_ars408/src) by extension 'ignore_ament_install'
[0.249s] Level 1:colcon.colcon_core.package_identification:_identify(radar_conti_ars408/src) by extensions ['colcon_pkg']
[0.249s] Level 1:colcon.colcon_core.package_identification:_identify(radar_conti_ars408/src) by extension 'colcon_pkg'
[0.249s] Level 1:colcon.colcon_core.package_identification:_identify(radar_conti_ars408/src) by extensions ['colcon_meta']
[0.249s] Level 1:colcon.colcon_core.package_identification:_identify(radar_conti_ars408/src) by extension 'colcon_meta'
[0.249s] Level 1:colcon.colcon_core.package_identification:_identify(radar_conti_ars408/src) by extensions ['ros']
[0.249s] Level 1:colcon.colcon_core.package_identification:_identify(radar_conti_ars408/src) by extension 'ros'
[0.250s] DEBUG:colcon.colcon_core.package_identification:Package 'radar_conti_ars408/src' with type 'ros.ament_cmake' and name 'radar_conti_ars408'
[0.250s] Level 1:colcon.colcon_core.package_identification:_identify(radar_conti_ars408_msgs) by extensions ['ignore', 'ignore_ament_install']
[0.250s] Level 1:colcon.colcon_core.package_identification:_identify(radar_conti_ars408_msgs) by extension 'ignore'
[0.250s] Level 1:colcon.colcon_core.package_identification:_identify(radar_conti_ars408_msgs) by extension 'ignore_ament_install'
[0.250s] Level 1:colcon.colcon_core.package_identification:_identify(radar_conti_ars408_msgs) by extensions ['colcon_pkg']
[0.250s] Level 1:colcon.colcon_core.package_identification:_identify(radar_conti_ars408_msgs) by extension 'colcon_pkg'
[0.250s] Level 1:colcon.colcon_core.package_identification:_identify(radar_conti_ars408_msgs) by extensions ['colcon_meta']
[0.250s] Level 1:colcon.colcon_core.package_identification:_identify(radar_conti_ars408_msgs) by extension 'colcon_meta'
[0.250s] Level 1:colcon.colcon_core.package_identification:_identify(radar_conti_ars408_msgs) by extensions ['ros']
[0.250s] Level 1:colcon.colcon_core.package_identification:_identify(radar_conti_ars408_msgs) by extension 'ros'
[0.251s] DEBUG:colcon.colcon_core.package_identification:Package 'radar_conti_ars408_msgs' with type 'ros.ament_cmake' and name 'radar_conti_ars408_msgs'
[0.252s] Level 1:colcon.colcon_core.package_identification:_identify(ros2_socketcan_bridge) by extensions ['ignore', 'ignore_ament_install']
[0.252s] Level 1:colcon.colcon_core.package_identification:_identify(ros2_socketcan_bridge) by extension 'ignore'
[0.252s] Level 1:colcon.colcon_core.package_identification:_identify(ros2_socketcan_bridge) by extension 'ignore_ament_install'
[0.253s] Level 1:colcon.colcon_core.package_identification:_identify(ros2_socketcan_bridge) by extensions ['colcon_pkg']
[0.253s] Level 1:colcon.colcon_core.package_identification:_identify(ros2_socketcan_bridge) by extension 'colcon_pkg'
[0.254s] Level 1:colcon.colcon_core.package_identification:_identify(ros2_socketcan_bridge) by extensions ['colcon_meta']
[0.255s] Level 1:colcon.colcon_core.package_identification:_identify(ros2_socketcan_bridge) by extension 'colcon_meta'
[0.255s] Level 1:colcon.colcon_core.package_identification:_identify(ros2_socketcan_bridge) by extensions ['ros']
[0.255s] Level 1:colcon.colcon_core.package_identification:_identify(ros2_socketcan_bridge) by extension 'ros'
[0.255s] Level 1:colcon.colcon_core.package_identification:_identify(ros2_socketcan_bridge) by extensions ['cmake', 'python']
[0.255s] Level 1:colcon.colcon_core.package_identification:_identify(ros2_socketcan_bridge) by extension 'cmake'
[0.256s] Level 1:colcon.colcon_core.package_identification:_identify(ros2_socketcan_bridge) by extension 'python'
[0.256s] Level 1:colcon.colcon_core.package_identification:_identify(ros2_socketcan_bridge) by extensions ['python_setup_py']
[0.256s] Level 1:colcon.colcon_core.package_identification:_identify(ros2_socketcan_bridge) by extension 'python_setup_py'
[0.256s] Level 1:colcon.colcon_core.package_identification:_identify(ros2_socketcan_bridge/can_msgs) by extensions ['ignore', 'ignore_ament_install']
[0.256s] Level 1:colcon.colcon_core.package_identification:_identify(ros2_socketcan_bridge/can_msgs) by extension 'ignore'
[0.256s] Level 1:colcon.colcon_core.package_identification:_identify(ros2_socketcan_bridge/can_msgs) by extension 'ignore_ament_install'
[0.256s] Level 1:colcon.colcon_core.package_identification:_identify(ros2_socketcan_bridge/can_msgs) by extensions ['colcon_pkg']
[0.256s] Level 1:colcon.colcon_core.package_identification:_identify(ros2_socketcan_bridge/can_msgs) by extension 'colcon_pkg'
[0.256s] Level 1:colcon.colcon_core.package_identification:_identify(ros2_socketcan_bridge/can_msgs) by extensions ['colcon_meta']
[0.256s] Level 1:colcon.colcon_core.package_identification:_identify(ros2_socketcan_bridge/can_msgs) by extension 'colcon_meta'
[0.256s] Level 1:colcon.colcon_core.package_identification:_identify(ros2_socketcan_bridge/can_msgs) by extensions ['ros']
[0.256s] Level 1:colcon.colcon_core.package_identification:_identify(ros2_socketcan_bridge/can_msgs) by extension 'ros'
[0.257s] DEBUG:colcon.colcon_core.package_identification:Package 'ros2_socketcan_bridge/can_msgs' with type 'ros.ament_cmake' and name 'can_msgs'
[0.257s] Level 1:colcon.colcon_core.package_identification:_identify(ros2_socketcan_bridge/ros2socketcan_bridge) by extensions ['ignore', 'ignore_ament_install']
[0.257s] Level 1:colcon.colcon_core.package_identification:_identify(ros2_socketcan_bridge/ros2socketcan_bridge) by extension 'ignore'
[0.257s] Level 1:colcon.colcon_core.package_identification:_identify(ros2_socketcan_bridge/ros2socketcan_bridge) by extension 'ignore_ament_install'
[0.257s] Level 1:colcon.colcon_core.package_identification:_identify(ros2_socketcan_bridge/ros2socketcan_bridge) by extensions ['colcon_pkg']
[0.257s] Level 1:colcon.colcon_core.package_identification:_identify(ros2_socketcan_bridge/ros2socketcan_bridge) by extension 'colcon_pkg'
[0.258s] Level 1:colcon.colcon_core.package_identification:_identify(ros2_socketcan_bridge/ros2socketcan_bridge) by extensions ['colcon_meta']
[0.258s] Level 1:colcon.colcon_core.package_identification:_identify(ros2_socketcan_bridge/ros2socketcan_bridge) by extension 'colcon_meta'
[0.258s] Level 1:colcon.colcon_core.package_identification:_identify(ros2_socketcan_bridge/ros2socketcan_bridge) by extensions ['ros']
[0.258s] Level 1:colcon.colcon_core.package_identification:_identify(ros2_socketcan_bridge/ros2socketcan_bridge) by extension 'ros'
[0.258s] DEBUG:colcon.colcon_core.package_identification:Package 'ros2_socketcan_bridge/ros2socketcan_bridge' with type 'ros.ament_cmake' and name 'ros2socketcan_bridge'
[0.258s] Level 1:colcon.colcon_core.package_discovery:discover_packages(recursive) using defaults
[0.258s] Level 1:colcon.colcon_core.package_discovery:discover_packages(ignore) discover
[0.258s] Level 1:colcon.colcon_core.package_discovery:discover_packages(ignore) using defaults
[0.258s] Level 1:colcon.colcon_core.package_discovery:discover_packages(path) discover
[0.258s] Level 1:colcon.colcon_core.package_discovery:discover_packages(path) using defaults
[0.288s] Level 1:colcon.colcon_core.package_discovery:discover_packages(prefix_path) check parameters
[0.288s] Level 1:colcon.colcon_core.package_discovery:discover_packages(prefix_path) discover
[0.294s] DEBUG:colcon.colcon_installed_package_information.package_discovery:Found 6 installed packages in /home/offroad/radar_ws/src/install
[0.295s] DEBUG:colcon.colcon_installed_package_information.package_discovery:Found 6 installed packages in /home/offroad/radar_ws/install
[0.296s] DEBUG:colcon.colcon_installed_package_information.package_discovery:Found 303 installed packages in /opt/ros/foxy
[0.297s] Level 1:colcon.colcon_core.package_discovery:discover_packages(prefix_path) using defaults
[0.440s] Level 5:colcon.colcon_core.verb:set package 'can_msgs' build argument 'cmake_args' from command line to 'None'
[0.440s] Level 5:colcon.colcon_core.verb:set package 'can_msgs' build argument 'cmake_target' from command line to 'None'
[0.440s] Level 5:colcon.colcon_core.verb:set package 'can_msgs' build argument 'cmake_target_skip_unavailable' from command line to 'False'
[0.441s] Level 5:colcon.colcon_core.verb:set package 'can_msgs' build argument 'cmake_clean_cache' from command line to 'False'
[0.441s] Level 5:colcon.colcon_core.verb:set package 'can_msgs' build argument 'cmake_clean_first' from command line to 'False'
[0.441s] Level 5:colcon.colcon_core.verb:set package 'can_msgs' build argument 'cmake_force_configure' from command line to 'False'
[0.441s] Level 5:colcon.colcon_core.verb:set package 'can_msgs' build argument 'ament_cmake_args' from command line to 'None'
[0.441s] Level 5:colcon.colcon_core.verb:set package 'can_msgs' build argument 'catkin_cmake_args' from command line to 'None'
[0.441s] Level 5:colcon.colcon_core.verb:set package 'can_msgs' build argument 'catkin_skip_building_tests' from command line to 'False'
[0.441s] DEBUG:colcon.colcon_core.verb:Building package 'can_msgs' with the following arguments: {'ament_cmake_args': None, 'build_base': '/home/offroad/radar_ws/src/build/can_msgs', 'catkin_cmake_args': None, 'catkin_skip_building_tests': False, 'cmake_args': None, 'cmake_clean_cache': False, 'cmake_clean_first': False, 'cmake_force_configure': False, 'cmake_target': None, 'cmake_target_skip_unavailable': False, 'install_base': '/home/offroad/radar_ws/src/install/can_msgs', 'merge_install': False, 'path': '/home/offroad/radar_ws/src/ros2_socketcan_bridge/can_msgs', 'symlink_install': False, 'test_result_base': None}
[0.441s] Level 5:colcon.colcon_core.verb:set package 'radar_conti_ars408_msgs' build argument 'cmake_args' from command line to 'None'
[0.442s] Level 5:colcon.colcon_core.verb:set package 'radar_conti_ars408_msgs' build argument 'cmake_target' from command line to 'None'
[0.442s] Level 5:colcon.colcon_core.verb:set package 'radar_conti_ars408_msgs' build argument 'cmake_target_skip_unavailable' from command line to 'False'
[0.442s] Level 5:colcon.colcon_core.verb:set package 'radar_conti_ars408_msgs' build argument 'cmake_clean_cache' from command line to 'False'
[0.442s] Level 5:colcon.colcon_core.verb:set package 'radar_conti_ars408_msgs' build argument 'cmake_clean_first' from command line to 'False'
[0.442s] Level 5:colcon.colcon_core.verb:set package 'radar_conti_ars408_msgs' build argument 'cmake_force_configure' from command line to 'False'
[0.442s] Level 5:colcon.colcon_core.verb:set package 'radar_conti_ars408_msgs' build argument 'ament_cmake_args' from command line to 'None'
[0.442s] Level 5:colcon.colcon_core.verb:set package 'radar_conti_ars408_msgs' build argument 'catkin_cmake_args' from command line to 'None'
[0.442s] Level 5:colcon.colcon_core.verb:set package 'radar_conti_ars408_msgs' build argument 'catkin_skip_building_tests' from command line to 'False'
[0.442s] DEBUG:colcon.colcon_core.verb:Building package 'radar_conti_ars408_msgs' with the following arguments: {'ament_cmake_args': None, 'build_base': '/home/offroad/radar_ws/src/build/radar_conti_ars408_msgs', 'catkin_cmake_args': None, 'catkin_skip_building_tests': False, 'cmake_args': None, 'cmake_clean_cache': False, 'cmake_clean_first': False, 'cmake_force_configure': False, 'cmake_target': None, 'cmake_target_skip_unavailable': False, 'install_base': '/home/offroad/radar_ws/src/install/radar_conti_ars408_msgs', 'merge_install': False, 'path': '/home/offroad/radar_ws/src/radar_conti_ars408_msgs', 'symlink_install': False, 'test_result_base': None}
[0.442s] Level 5:colcon.colcon_core.verb:set package 'cpp_srvcli' build argument 'cmake_args' from command line to 'None'
[0.442s] Level 5:colcon.colcon_core.verb:set package 'cpp_srvcli' build argument 'cmake_target' from command line to 'None'
[0.442s] Level 5:colcon.colcon_core.verb:set package 'cpp_srvcli' build argument 'cmake_target_skip_unavailable' from command line to 'False'
[0.442s] Level 5:colcon.colcon_core.verb:set package 'cpp_srvcli' build argument 'cmake_clean_cache' from command line to 'False'
[0.442s] Level 5:colcon.colcon_core.verb:set package 'cpp_srvcli' build argument 'cmake_clean_first' from command line to 'False'
[0.442s] Level 5:colcon.colcon_core.verb:set package 'cpp_srvcli' build argument 'cmake_force_configure' from command line to 'False'
[0.443s] Level 5:colcon.colcon_core.verb:set package 'cpp_srvcli' build argument 'ament_cmake_args' from command line to 'None'
[0.443s] Level 5:colcon.colcon_core.verb:set package 'cpp_srvcli' build argument 'catkin_cmake_args' from command line to 'None'
[0.443s] Level 5:colcon.colcon_core.verb:set package 'cpp_srvcli' build argument 'catkin_skip_building_tests' from command line to 'False'
[0.443s] DEBUG:colcon.colcon_core.verb:Building package 'cpp_srvcli' with the following arguments: {'ament_cmake_args': None, 'build_base': '/home/offroad/radar_ws/src/build/cpp_srvcli', 'catkin_cmake_args': None, 'catkin_skip_building_tests': False, 'cmake_args': None, 'cmake_clean_cache': False, 'cmake_clean_first': False, 'cmake_force_configure': False, 'cmake_target': None, 'cmake_target_skip_unavailable': False, 'install_base': '/home/offroad/radar_ws/src/install/cpp_srvcli', 'merge_install': False, 'path': '/home/offroad/radar_ws/src/cpp_srvcli', 'symlink_install': False, 'test_result_base': None}
[0.443s] Level 5:colcon.colcon_core.verb:set package 'ros2socketcan_bridge' build argument 'cmake_args' from command line to 'None'
[0.443s] Level 5:colcon.colcon_core.verb:set package 'ros2socketcan_bridge' build argument 'cmake_target' from command line to 'None'
[0.443s] Level 5:colcon.colcon_core.verb:set package 'ros2socketcan_bridge' build argument 'cmake_target_skip_unavailable' from command line to 'False'
[0.443s] Level 5:colcon.colcon_core.verb:set package 'ros2socketcan_bridge' build argument 'cmake_clean_cache' from command line to 'False'
[0.443s] Level 5:colcon.colcon_core.verb:set package 'ros2socketcan_bridge' build argument 'cmake_clean_first' from command line to 'False'
[0.443s] Level 5:colcon.colcon_core.verb:set package 'ros2socketcan_bridge' build argument 'cmake_force_configure' from command line to 'False'
[0.443s] Level 5:colcon.colcon_core.verb:set package 'ros2socketcan_bridge' build argument 'ament_cmake_args' from command line to 'None'
[0.443s] Level 5:colcon.colcon_core.verb:set package 'ros2socketcan_bridge' build argument 'catkin_cmake_args' from command line to 'None'
[0.444s] Level 5:colcon.colcon_core.verb:set package 'ros2socketcan_bridge' build argument 'catkin_skip_building_tests' from command line to 'False'
[0.444s] DEBUG:colcon.colcon_core.verb:Building package 'ros2socketcan_bridge' with the following arguments: {'ament_cmake_args': None, 'build_base': '/home/offroad/radar_ws/src/build/ros2socketcan_bridge', 'catkin_cmake_args': None, 'catkin_skip_building_tests': False, 'cmake_args': None, 'cmake_clean_cache': False, 'cmake_clean_first': False, 'cmake_force_configure': False, 'cmake_target': None, 'cmake_target_skip_unavailable': False, 'install_base': '/home/offroad/radar_ws/src/install/ros2socketcan_bridge', 'merge_install': False, 'path': '/home/offroad/radar_ws/src/ros2_socketcan_bridge/ros2socketcan_bridge', 'symlink_install': False, 'test_result_base': None}
[0.444s] Level 5:colcon.colcon_core.verb:set package 'radar_conti_ars408' build argument 'cmake_args' from command line to 'None'
[0.444s] Level 5:colcon.colcon_core.verb:set package 'radar_conti_ars408' build argument 'cmake_target' from command line to 'None'
[0.444s] Level 5:colcon.colcon_core.verb:set package 'radar_conti_ars408' build argument 'cmake_target_skip_unavailable' from command line to 'False'
[0.444s] Level 5:colcon.colcon_core.verb:set package 'radar_conti_ars408' build argument 'cmake_clean_cache' from command line to 'False'
[0.444s] Level 5:colcon.colcon_core.verb:set package 'radar_conti_ars408' build argument 'cmake_clean_first' from command line to 'False'
[0.444s] Level 5:colcon.colcon_core.verb:set package 'radar_conti_ars408' build argument 'cmake_force_configure' from command line to 'False'
[0.444s] Level 5:colcon.colcon_core.verb:set package 'radar_conti_ars408' build argument 'ament_cmake_args' from command line to 'None'
[0.444s] Level 5:colcon.colcon_core.verb:set package 'radar_conti_ars408' build argument 'catkin_cmake_args' from command line to 'None'
[0.444s] Level 5:colcon.colcon_core.verb:set package 'radar_conti_ars408' build argument 'catkin_skip_building_tests' from command line to 'False'
[0.445s] DEBUG:colcon.colcon_core.verb:Building package 'radar_conti_ars408' with the following arguments: {'ament_cmake_args': None, 'build_base': '/home/offroad/radar_ws/src/build/radar_conti_ars408', 'catkin_cmake_args': None, 'catkin_skip_building_tests': False, 'cmake_args': None, 'cmake_clean_cache': False, 'cmake_clean_first': False, 'cmake_force_configure': False, 'cmake_target': None, 'cmake_target_skip_unavailable': False, 'install_base': '/home/offroad/radar_ws/src/install/radar_conti_ars408', 'merge_install': False, 'path': '/home/offroad/radar_ws/src/radar_conti_ars408/src', 'symlink_install': False, 'test_result_base': None}
[0.445s] INFO:colcon.colcon_core.executor:Executing jobs using 'parallel' executor
[0.450s] DEBUG:colcon.colcon_parallel_executor.executor.parallel:run_until_complete
[0.451s] INFO:colcon.colcon_ros.task.ament_cmake.build:Building ROS package in '/home/offroad/radar_ws/src/ros2_socketcan_bridge/can_msgs' with build type 'ament_cmake'
[0.452s] INFO:colcon.colcon_cmake.task.cmake.build:Building CMake package in '/home/offroad/radar_ws/src/ros2_socketcan_bridge/can_msgs'
[0.456s] INFO:colcon.colcon_core.plugin_system:Skipping extension 'colcon_core.shell.bat': Not used on non-Windows systems
[0.457s] INFO:colcon.colcon_core.shell:Skip shell extension 'powershell' for command environment: Not usable outside of PowerShell
[0.457s] DEBUG:colcon.colcon_core.shell:Skip shell extension 'dsv' for command environment
[0.467s] INFO:colcon.colcon_ros.task.ament_cmake.build:Building ROS package in '/home/offroad/radar_ws/src/radar_conti_ars408_msgs' with build type 'ament_cmake'
[0.468s] INFO:colcon.colcon_cmake.task.cmake.build:Building CMake package in '/home/offroad/radar_ws/src/radar_conti_ars408_msgs'
[0.469s] INFO:colcon.colcon_core.shell:Skip shell extension 'powershell' for command environment: Not usable outside of PowerShell
[0.469s] DEBUG:colcon.colcon_core.shell:Skip shell extension 'dsv' for command environment
[0.492s] DEBUG:colcon.colcon_core.event_handler.log_command:Invoking command in '/home/offroad/radar_ws/src/build/can_msgs': CMAKE_PREFIX_PATH=${CMAKE_PREFIX_PATH}:/opt/ros/foxy /usr/bin/cmake --build /home/offroad/radar_ws/src/build/can_msgs -- -j12 -l12
[0.511s] DEBUG:colcon.colcon_core.event_handler.log_command:Invoking command in '/home/offroad/radar_ws/src/build/radar_conti_ars408_msgs': CMAKE_PREFIX_PATH=${CMAKE_PREFIX_PATH}:/opt/ros/foxy /usr/bin/cmake --build /home/offroad/radar_ws/src/build/radar_conti_ars408_msgs -- -j12 -l12
[1.191s] DEBUG:colcon.colcon_core.event_handler.log_command:Invoked command in '/home/offroad/radar_ws/src/build/can_msgs' returned '0': CMAKE_PREFIX_PATH=${CMAKE_PREFIX_PATH}:/opt/ros/foxy /usr/bin/cmake --build /home/offroad/radar_ws/src/build/can_msgs -- -j12 -l12
[1.346s] DEBUG:colcon.colcon_core.event_handler.log_command:Invoked command in '/home/offroad/radar_ws/src/build/radar_conti_ars408_msgs' returned '0': CMAKE_PREFIX_PATH=${CMAKE_PREFIX_PATH}:/opt/ros/foxy /usr/bin/cmake --build /home/offroad/radar_ws/src/build/radar_conti_ars408_msgs -- -j12 -l12
[1.450s] DEBUG:colcon.colcon_core.event_handler.log_command:Invoking command in '/home/offroad/radar_ws/src/build/can_msgs': CMAKE_PREFIX_PATH=${CMAKE_PREFIX_PATH}:/opt/ros/foxy /usr/bin/cmake --install /home/offroad/radar_ws/src/build/can_msgs
[1.586s] Level 1:colcon.colcon_core.environment:create_environment_scripts_only(can_msgs)
[1.602s] DEBUG:colcon.colcon_core.event_handler.log_command:Invoked command in '/home/offroad/radar_ws/src/build/can_msgs' returned '0': CMAKE_PREFIX_PATH=${CMAKE_PREFIX_PATH}:/opt/ros/foxy /usr/bin/cmake --install /home/offroad/radar_ws/src/build/can_msgs
[1.614s] Level 1:colcon.colcon_core.environment:checking '/home/offroad/radar_ws/src/install/can_msgs' for CMake module files
[1.616s] Level 1:colcon.colcon_core.environment:checking '/home/offroad/radar_ws/src/install/can_msgs' for CMake config files
[1.617s] Level 1:colcon.colcon_core.shell:create_environment_hook('can_msgs', 'cmake_prefix_path')
[1.619s] INFO:colcon.colcon_core.shell:Creating environment hook '/home/offroad/radar_ws/src/install/can_msgs/share/can_msgs/hook/cmake_prefix_path.ps1'
[1.626s] INFO:colcon.colcon_core.shell:Creating environment descriptor '/home/offroad/radar_ws/src/install/can_msgs/share/can_msgs/hook/cmake_prefix_path.dsv'
[1.629s] INFO:colcon.colcon_core.shell:Creating environment hook '/home/offroad/radar_ws/src/install/can_msgs/share/can_msgs/hook/cmake_prefix_path.sh'
[1.635s] Level 1:colcon.colcon_core.environment:checking '/home/offroad/radar_ws/src/install/can_msgs/lib'
[1.635s] Level 1:colcon.colcon_core.shell:create_environment_hook('can_msgs', 'ld_library_path_lib')
[1.636s] INFO:colcon.colcon_core.shell:Creating environment hook '/home/offroad/radar_ws/src/install/can_msgs/share/can_msgs/hook/ld_library_path_lib.ps1'
[1.639s] INFO:colcon.colcon_core.shell:Creating environment descriptor '/home/offroad/radar_ws/src/install/can_msgs/share/can_msgs/hook/ld_library_path_lib.dsv'
[1.644s] INFO:colcon.colcon_core.shell:Creating environment hook '/home/offroad/radar_ws/src/install/can_msgs/share/can_msgs/hook/ld_library_path_lib.sh'
[1.648s] Level 1:colcon.colcon_core.environment:checking '/home/offroad/radar_ws/src/install/can_msgs/bin'
[1.649s] Level 1:colcon.colcon_core.environment:checking '/home/offroad/radar_ws/src/install/can_msgs/lib/pkgconfig/can_msgs.pc'
[1.651s] Level 1:colcon.colcon_core.environment:checking '/home/offroad/radar_ws/src/install/can_msgs/lib/python3.8/site-packages'
[1.652s] Level 1:colcon.colcon_core.shell:create_environment_hook('can_msgs', 'pythonpath')
[1.653s] INFO:colcon.colcon_core.shell:Creating environment hook '/home/offroad/radar_ws/src/install/can_msgs/share/can_msgs/hook/pythonpath.ps1'
[1.654s] INFO:colcon.colcon_core.shell:Creating environment descriptor '/home/offroad/radar_ws/src/install/can_msgs/share/can_msgs/hook/pythonpath.dsv'
[1.655s] INFO:colcon.colcon_core.shell:Creating environment hook '/home/offroad/radar_ws/src/install/can_msgs/share/can_msgs/hook/pythonpath.sh'
[1.658s] Level 1:colcon.colcon_core.environment:checking '/home/offroad/radar_ws/src/install/can_msgs/bin'
[1.663s] INFO:colcon.colcon_core.shell:Creating package script '/home/offroad/radar_ws/src/install/can_msgs/share/can_msgs/package.ps1'
[1.668s] INFO:colcon.colcon_core.shell:Creating package descriptor '/home/offroad/radar_ws/src/install/can_msgs/share/can_msgs/package.dsv'
[1.671s] INFO:colcon.colcon_core.shell:Creating package script '/home/offroad/radar_ws/src/install/can_msgs/share/can_msgs/package.sh'
[1.674s] INFO:colcon.colcon_core.shell:Creating package script '/home/offroad/radar_ws/src/install/can_msgs/share/can_msgs/package.bash'
[1.681s] INFO:colcon.colcon_core.shell:Creating package script '/home/offroad/radar_ws/src/install/can_msgs/share/can_msgs/package.zsh'
[1.686s] Level 1:colcon.colcon_core.environment:create_file_with_runtime_dependencies(/home/offroad/radar_ws/src/install/can_msgs/share/colcon-core/packages/can_msgs)
[1.914s] Level 1:colcon.colcon_core.environment:create_environment_scripts_only(can_msgs)
[1.920s] Level 1:colcon.colcon_core.environment:checking '/home/offroad/radar_ws/src/install/can_msgs' for CMake module files
[1.923s] Level 1:colcon.colcon_core.environment:checking '/home/offroad/radar_ws/src/install/can_msgs' for CMake config files
[1.924s] Level 1:colcon.colcon_core.shell:create_environment_hook('can_msgs', 'cmake_prefix_path')
[1.928s] INFO:colcon.colcon_core.shell:Creating environment hook '/home/offroad/radar_ws/src/install/can_msgs/share/can_msgs/hook/cmake_prefix_path.ps1'
[1.930s] INFO:colcon.colcon_core.shell:Creating environment descriptor '/home/offroad/radar_ws/src/install/can_msgs/share/can_msgs/hook/cmake_prefix_path.dsv'
[1.934s] INFO:colcon.colcon_core.shell:Creating environment hook '/home/offroad/radar_ws/src/install/can_msgs/share/can_msgs/hook/cmake_prefix_path.sh'
[1.939s] Level 1:colcon.colcon_core.environment:checking '/home/offroad/radar_ws/src/install/can_msgs/lib'
[1.940s] Level 1:colcon.colcon_core.shell:create_environment_hook('can_msgs', 'ld_library_path_lib')
[1.945s] INFO:colcon.colcon_core.shell:Creating environment hook '/home/offroad/radar_ws/src/install/can_msgs/share/can_msgs/hook/ld_library_path_lib.ps1'
[1.946s] INFO:colcon.colcon_core.shell:Creating environment descriptor '/home/offroad/radar_ws/src/install/can_msgs/share/can_msgs/hook/ld_library_path_lib.dsv'
[1.951s] INFO:colcon.colcon_core.shell:Creating environment hook '/home/offroad/radar_ws/src/install/can_msgs/share/can_msgs/hook/ld_library_path_lib.sh'
[1.954s] Level 1:colcon.colcon_core.environment:checking '/home/offroad/radar_ws/src/install/can_msgs/bin'
[1.955s] Level 1:colcon.colcon_core.environment:checking '/home/offroad/radar_ws/src/install/can_msgs/lib/pkgconfig/can_msgs.pc'
[1.957s] Level 1:colcon.colcon_core.environment:checking '/home/offroad/radar_ws/src/install/can_msgs/lib/python3.8/site-packages'
[1.960s] Level 1:colcon.colcon_core.shell:create_environment_hook('can_msgs', 'pythonpath')
[1.962s] INFO:colcon.colcon_core.shell:Creating environment hook '/home/offroad/radar_ws/src/install/can_msgs/share/can_msgs/hook/pythonpath.ps1'
[1.967s] INFO:colcon.colcon_core.shell:Creating environment descriptor '/home/offroad/radar_ws/src/install/can_msgs/share/can_msgs/hook/pythonpath.dsv'
[1.969s] INFO:colcon.colcon_core.shell:Creating environment hook '/home/offroad/radar_ws/src/install/can_msgs/share/can_msgs/hook/pythonpath.sh'
[1.973s] Level 1:colcon.colcon_core.environment:checking '/home/offroad/radar_ws/src/install/can_msgs/bin'
[1.976s] INFO:colcon.colcon_core.shell:Creating package script '/home/offroad/radar_ws/src/install/can_msgs/share/can_msgs/package.ps1'
[1.978s] INFO:colcon.colcon_core.shell:Creating package descriptor '/home/offroad/radar_ws/src/install/can_msgs/share/can_msgs/package.dsv'
[1.983s] INFO:colcon.colcon_core.shell:Creating package script '/home/offroad/radar_ws/src/install/can_msgs/share/can_msgs/package.sh'
[1.986s] INFO:colcon.colcon_core.shell:Creating package script '/home/offroad/radar_ws/src/install/can_msgs/share/can_msgs/package.bash'
[1.989s] INFO:colcon.colcon_core.shell:Creating package script '/home/offroad/radar_ws/src/install/can_msgs/share/can_msgs/package.zsh'
[1.992s] Level 1:colcon.colcon_core.environment:create_file_with_runtime_dependencies(/home/offroad/radar_ws/src/install/can_msgs/share/colcon-core/packages/can_msgs)
[1.993s] INFO:colcon.colcon_ros.task.ament_cmake.build:Building ROS package in '/home/offroad/radar_ws/src/ros2_socketcan_bridge/ros2socketcan_bridge' with build type 'ament_cmake'
[1.995s] INFO:colcon.colcon_cmake.task.cmake.build:Building CMake package in '/home/offroad/radar_ws/src/ros2_socketcan_bridge/ros2socketcan_bridge'
[2.000s] INFO:colcon.colcon_core.shell:Skip shell extension 'powershell' for command environment: Not usable outside of PowerShell
[2.000s] DEBUG:colcon.colcon_core.shell:Skip shell extension 'dsv' for command environment
[2.070s] DEBUG:colcon.colcon_core.event_handler.log_command:Invoking command in '/home/offroad/radar_ws/src/build/ros2socketcan_bridge': CMAKE_PREFIX_PATH=/home/offroad/radar_ws/src/install/can_msgs:/home/offroad/radar_ws/src/install/ros2socketcan_bridge:/home/offroad/radar_ws/src/install/radar_conti_ars408:/home/offroad/radar_ws/src/install/cpp_srvcli:/home/offroad/radar_ws/src/install/radar_conti_ars408_msgs:/home/offroad/radar_ws/install/ros2socketcan_bridge:/home/offroad/radar_ws/install/radar_conti_ars408:/home/offroad/radar_ws/install/cpp_srvcli:/home/offroad/radar_ws/install/radar_conti_ars408_msgs:/home/offroad/radar_ws/install/cpp_pubsub:/home/offroad/radar_ws/install/can_msgs:/opt/ros/foxy LD_LIBRARY_PATH=/home/offroad/radar_ws/src/install/can_msgs/lib:/home/offroad/radar_ws/src/install/radar_conti_ars408/lib:/home/offroad/radar_ws/src/install/radar_conti_ars408_msgs/lib:/home/offroad/radar_ws/install/radar_conti_ars408/lib:/home/offroad/radar_ws/install/radar_conti_ars408_msgs/lib:/home/offroad/radar_ws/install/can_msgs/lib:/usr/lib/x86_64-linux-gnu/gazebo-11/plugins:/opt/ros/foxy/opt/yaml_cpp_vendor/lib:/opt/ros/foxy/opt/rviz_ogre_vendor/lib:/opt/ros/foxy/lib/x86_64-linux-gnu:/opt/ros/foxy/lib PYTHONPATH=/home/offroad/radar_ws/src/install/can_msgs/lib/python3.8/site-packages:/home/offroad/radar_ws/src/install/radar_conti_ars408_msgs/lib/python3.8/site-packages:/home/offroad/radar_ws/install/radar_conti_ars408_msgs/lib/python3.8/site-packages:/home/offroad/radar_ws/install/can_msgs/lib/python3.8/site-packages:/opt/ros/foxy/lib/python3.8/site-packages /usr/bin/cmake --build /home/offroad/radar_ws/src/build/ros2socketcan_bridge -- -j12 -l12
[2.363s] DEBUG:colcon.colcon_core.event_handler.log_command:Invoked command in '/home/offroad/radar_ws/src/build/ros2socketcan_bridge' returned '0': CMAKE_PREFIX_PATH=/home/offroad/radar_ws/src/install/can_msgs:/home/offroad/radar_ws/src/install/ros2socketcan_bridge:/home/offroad/radar_ws/src/install/radar_conti_ars408:/home/offroad/radar_ws/src/install/cpp_srvcli:/home/offroad/radar_ws/src/install/radar_conti_ars408_msgs:/home/offroad/radar_ws/install/ros2socketcan_bridge:/home/offroad/radar_ws/install/radar_conti_ars408:/home/offroad/radar_ws/install/cpp_srvcli:/home/offroad/radar_ws/install/radar_conti_ars408_msgs:/home/offroad/radar_ws/install/cpp_pubsub:/home/offroad/radar_ws/install/can_msgs:/opt/ros/foxy LD_LIBRARY_PATH=/home/offroad/radar_ws/src/install/can_msgs/lib:/home/offroad/radar_ws/src/install/radar_conti_ars408/lib:/home/offroad/radar_ws/src/install/radar_conti_ars408_msgs/lib:/home/offroad/radar_ws/install/radar_conti_ars408/lib:/home/offroad/radar_ws/install/radar_conti_ars408_msgs/lib:/home/offroad/radar_ws/install/can_msgs/lib:/usr/lib/x86_64-linux-gnu/gazebo-11/plugins:/opt/ros/foxy/opt/yaml_cpp_vendor/lib:/opt/ros/foxy/opt/rviz_ogre_vendor/lib:/opt/ros/foxy/lib/x86_64-linux-gnu:/opt/ros/foxy/lib PYTHONPATH=/home/offroad/radar_ws/src/install/can_msgs/lib/python3.8/site-packages:/home/offroad/radar_ws/src/install/radar_conti_ars408_msgs/lib/python3.8/site-packages:/home/offroad/radar_ws/install/radar_conti_ars408_msgs/lib/python3.8/site-packages:/home/offroad/radar_ws/install/can_msgs/lib/python3.8/site-packages:/opt/ros/foxy/lib/python3.8/site-packages /usr/bin/cmake --build /home/offroad/radar_ws/src/build/ros2socketcan_bridge -- -j12 -l12
[2.449s] DEBUG:colcon.colcon_core.event_handler.log_command:Invoking command in '/home/offroad/radar_ws/src/build/ros2socketcan_bridge': CMAKE_PREFIX_PATH=/home/offroad/radar_ws/src/install/can_msgs:/home/offroad/radar_ws/src/install/ros2socketcan_bridge:/home/offroad/radar_ws/src/install/radar_conti_ars408:/home/offroad/radar_ws/src/install/cpp_srvcli:/home/offroad/radar_ws/src/install/radar_conti_ars408_msgs:/home/offroad/radar_ws/install/ros2socketcan_bridge:/home/offroad/radar_ws/install/radar_conti_ars408:/home/offroad/radar_ws/install/cpp_srvcli:/home/offroad/radar_ws/install/radar_conti_ars408_msgs:/home/offroad/radar_ws/install/cpp_pubsub:/home/offroad/radar_ws/install/can_msgs:/opt/ros/foxy LD_LIBRARY_PATH=/home/offroad/radar_ws/src/install/can_msgs/lib:/home/offroad/radar_ws/src/install/radar_conti_ars408/lib:/home/offroad/radar_ws/src/install/radar_conti_ars408_msgs/lib:/home/offroad/radar_ws/install/radar_conti_ars408/lib:/home/offroad/radar_ws/install/radar_conti_ars408_msgs/lib:/home/offroad/radar_ws/install/can_msgs/lib:/usr/lib/x86_64-linux-gnu/gazebo-11/plugins:/opt/ros/foxy/opt/yaml_cpp_vendor/lib:/opt/ros/foxy/opt/rviz_ogre_vendor/lib:/opt/ros/foxy/lib/x86_64-linux-gnu:/opt/ros/foxy/lib PYTHONPATH=/home/offroad/radar_ws/src/install/can_msgs/lib/python3.8/site-packages:/home/offroad/radar_ws/src/install/radar_conti_ars408_msgs/lib/python3.8/site-packages:/home/offroad/radar_ws/install/radar_conti_ars408_msgs/lib/python3.8/site-packages:/home/offroad/radar_ws/install/can_msgs/lib/python3.8/site-packages:/opt/ros/foxy/lib/python3.8/site-packages /usr/bin/cmake --install /home/offroad/radar_ws/src/build/ros2socketcan_bridge
[2.482s] Level 1:colcon.colcon_core.environment:create_environment_scripts_only(ros2socketcan_bridge)
[2.485s] Level 1:colcon.colcon_core.environment:checking '/home/offroad/radar_ws/src/install/ros2socketcan_bridge' for CMake module files
[2.490s] DEBUG:colcon.colcon_core.event_handler.log_command:Invoked command in '/home/offroad/radar_ws/src/build/ros2socketcan_bridge' returned '0': CMAKE_PREFIX_PATH=/home/offroad/radar_ws/src/install/can_msgs:/home/offroad/radar_ws/src/install/ros2socketcan_bridge:/home/offroad/radar_ws/src/install/radar_conti_ars408:/home/offroad/radar_ws/src/install/cpp_srvcli:/home/offroad/radar_ws/src/install/radar_conti_ars408_msgs:/home/offroad/radar_ws/install/ros2socketcan_bridge:/home/offroad/radar_ws/install/radar_conti_ars408:/home/offroad/radar_ws/install/cpp_srvcli:/home/offroad/radar_ws/install/radar_conti_ars408_msgs:/home/offroad/radar_ws/install/cpp_pubsub:/home/offroad/radar_ws/install/can_msgs:/opt/ros/foxy LD_LIBRARY_PATH=/home/offroad/radar_ws/src/install/can_msgs/lib:/home/offroad/radar_ws/src/install/radar_conti_ars408/lib:/home/offroad/radar_ws/src/install/radar_conti_ars408_msgs/lib:/home/offroad/radar_ws/install/radar_conti_ars408/lib:/home/offroad/radar_ws/install/radar_conti_ars408_msgs/lib:/home/offroad/radar_ws/install/can_msgs/lib:/usr/lib/x86_64-linux-gnu/gazebo-11/plugins:/opt/ros/foxy/opt/yaml_cpp_vendor/lib:/opt/ros/foxy/opt/rviz_ogre_vendor/lib:/opt/ros/foxy/lib/x86_64-linux-gnu:/opt/ros/foxy/lib PYTHONPATH=/home/offroad/radar_ws/src/install/can_msgs/lib/python3.8/site-packages:/home/offroad/radar_ws/src/install/radar_conti_ars408_msgs/lib/python3.8/site-packages:/home/offroad/radar_ws/install/radar_conti_ars408_msgs/lib/python3.8/site-packages:/home/offroad/radar_ws/install/can_msgs/lib/python3.8/site-packages:/opt/ros/foxy/lib/python3.8/site-packages /usr/bin/cmake --install /home/offroad/radar_ws/src/build/ros2socketcan_bridge
[2.490s] Level 1:colcon.colcon_core.environment:checking '/home/offroad/radar_ws/src/install/ros2socketcan_bridge' for CMake config files
[2.490s] Level 1:colcon.colcon_core.shell:create_environment_hook('ros2socketcan_bridge', 'cmake_prefix_path')
[2.491s] INFO:colcon.colcon_core.shell:Creating environment hook '/home/offroad/radar_ws/src/install/ros2socketcan_bridge/share/ros2socketcan_bridge/hook/cmake_prefix_path.ps1'
[2.492s] INFO:colcon.colcon_core.shell:Creating environment descriptor '/home/offroad/radar_ws/src/install/ros2socketcan_bridge/share/ros2socketcan_bridge/hook/cmake_prefix_path.dsv'
[2.492s] INFO:colcon.colcon_core.shell:Creating environment hook '/home/offroad/radar_ws/src/install/ros2socketcan_bridge/share/ros2socketcan_bridge/hook/cmake_prefix_path.sh'
[2.493s] Level 1:colcon.colcon_core.environment:checking '/home/offroad/radar_ws/src/install/ros2socketcan_bridge/lib'
[2.494s] Level 1:colcon.colcon_core.environment:checking '/home/offroad/radar_ws/src/install/ros2socketcan_bridge/bin'
[2.495s] Level 1:colcon.colcon_core.environment:checking '/home/offroad/radar_ws/src/install/ros2socketcan_bridge/lib/pkgconfig/ros2socketcan_bridge.pc'
[2.496s] Level 1:colcon.colcon_core.environment:checking '/home/offroad/radar_ws/src/install/ros2socketcan_bridge/lib/python3.8/site-packages'
[2.498s] Level 1:colcon.colcon_core.environment:checking '/home/offroad/radar_ws/src/install/ros2socketcan_bridge/bin'
[2.499s] INFO:colcon.colcon_core.shell:Creating package script '/home/offroad/radar_ws/src/install/ros2socketcan_bridge/share/ros2socketcan_bridge/package.ps1'
[2.501s] INFO:colcon.colcon_core.shell:Creating package descriptor '/home/offroad/radar_ws/src/install/ros2socketcan_bridge/share/ros2socketcan_bridge/package.dsv'
[2.503s] INFO:colcon.colcon_core.shell:Creating package script '/home/offroad/radar_ws/src/install/ros2socketcan_bridge/share/ros2socketcan_bridge/package.sh'
[2.505s] INFO:colcon.colcon_core.shell:Creating package script '/home/offroad/radar_ws/src/install/ros2socketcan_bridge/share/ros2socketcan_bridge/package.bash'
[2.505s] INFO:colcon.colcon_core.shell:Creating package script '/home/offroad/radar_ws/src/install/ros2socketcan_bridge/share/ros2socketcan_bridge/package.zsh'
[2.506s] Level 1:colcon.colcon_core.environment:create_file_with_runtime_dependencies(/home/offroad/radar_ws/src/install/ros2socketcan_bridge/share/colcon-core/packages/ros2socketcan_bridge)
[2.554s] Level 1:colcon.colcon_core.environment:create_environment_scripts_only(ros2socketcan_bridge)
[2.555s] Level 1:colcon.colcon_core.environment:checking '/home/offroad/radar_ws/src/install/ros2socketcan_bridge' for CMake module files
[2.556s] Level 1:colcon.colcon_core.environment:checking '/home/offroad/radar_ws/src/install/ros2socketcan_bridge' for CMake config files
[2.556s] Level 1:colcon.colcon_core.shell:create_environment_hook('ros2socketcan_bridge', 'cmake_prefix_path')
[2.558s] INFO:colcon.colcon_core.shell:Creating environment hook '/home/offroad/radar_ws/src/install/ros2socketcan_bridge/share/ros2socketcan_bridge/hook/cmake_prefix_path.ps1'
[2.561s] INFO:colcon.colcon_core.shell:Creating environment descriptor '/home/offroad/radar_ws/src/install/ros2socketcan_bridge/share/ros2socketcan_bridge/hook/cmake_prefix_path.dsv'
[2.562s] INFO:colcon.colcon_core.shell:Creating environment hook '/home/offroad/radar_ws/src/install/ros2socketcan_bridge/share/ros2socketcan_bridge/hook/cmake_prefix_path.sh'
[2.563s] Level 1:colcon.colcon_core.environment:checking '/home/offroad/radar_ws/src/install/ros2socketcan_bridge/lib'
[2.564s] Level 1:colcon.colcon_core.environment:checking '/home/offroad/radar_ws/src/install/ros2socketcan_bridge/bin'
[2.564s] Level 1:colcon.colcon_core.environment:checking '/home/offroad/radar_ws/src/install/ros2socketcan_bridge/lib/pkgconfig/ros2socketcan_bridge.pc'
[2.564s] Level 1:colcon.colcon_core.environment:checking '/home/offroad/radar_ws/src/install/ros2socketcan_bridge/lib/python3.8/site-packages'
[2.565s] Level 1:colcon.colcon_core.environment:checking '/home/offroad/radar_ws/src/install/ros2socketcan_bridge/bin'
[2.567s] INFO:colcon.colcon_core.shell:Creating package script '/home/offroad/radar_ws/src/install/ros2socketcan_bridge/share/ros2socketcan_bridge/package.ps1'
[2.568s] INFO:colcon.colcon_core.shell:Creating package descriptor '/home/offroad/radar_ws/src/install/ros2socketcan_bridge/share/ros2socketcan_bridge/package.dsv'
[2.568s] INFO:colcon.colcon_core.shell:Creating package script '/home/offroad/radar_ws/src/install/ros2socketcan_bridge/share/ros2socketcan_bridge/package.sh'
[2.569s] INFO:colcon.colcon_core.shell:Creating package script '/home/offroad/radar_ws/src/install/ros2socketcan_bridge/share/ros2socketcan_bridge/package.bash'
[2.569s] INFO:colcon.colcon_core.shell:Creating package script '/home/offroad/radar_ws/src/install/ros2socketcan_bridge/share/ros2socketcan_bridge/package.zsh'
[2.570s] Level 1:colcon.colcon_core.environment:create_file_with_runtime_dependencies(/home/offroad/radar_ws/src/install/ros2socketcan_bridge/share/colcon-core/packages/ros2socketcan_bridge)
[2.579s] DEBUG:colcon.colcon_core.event_handler.log_command:Invoking command in '/home/offroad/radar_ws/src/build/radar_conti_ars408_msgs': CMAKE_PREFIX_PATH=${CMAKE_PREFIX_PATH}:/opt/ros/foxy /usr/bin/cmake --install /home/offroad/radar_ws/src/build/radar_conti_ars408_msgs
[2.697s] Level 1:colcon.colcon_core.environment:create_environment_scripts_only(radar_conti_ars408_msgs)
[2.699s] Level 1:colcon.colcon_core.environment:checking '/home/offroad/radar_ws/src/install/radar_conti_ars408_msgs' for CMake module files
[2.700s] DEBUG:colcon.colcon_core.event_handler.log_command:Invoked command in '/home/offroad/radar_ws/src/build/radar_conti_ars408_msgs' returned '0': CMAKE_PREFIX_PATH=${CMAKE_PREFIX_PATH}:/opt/ros/foxy /usr/bin/cmake --install /home/offroad/radar_ws/src/build/radar_conti_ars408_msgs
[2.700s] Level 1:colcon.colcon_core.environment:checking '/home/offroad/radar_ws/src/install/radar_conti_ars408_msgs' for CMake config files
[2.701s] Level 1:colcon.colcon_core.shell:create_environment_hook('radar_conti_ars408_msgs', 'cmake_prefix_path')
[2.705s] INFO:colcon.colcon_core.shell:Creating environment hook '/home/offroad/radar_ws/src/install/radar_conti_ars408_msgs/share/radar_conti_ars408_msgs/hook/cmake_prefix_path.ps1'
[2.706s] INFO:colcon.colcon_core.shell:Creating environment descriptor '/home/offroad/radar_ws/src/install/radar_conti_ars408_msgs/share/radar_conti_ars408_msgs/hook/cmake_prefix_path.dsv'
[2.706s] INFO:colcon.colcon_core.shell:Creating environment hook '/home/offroad/radar_ws/src/install/radar_conti_ars408_msgs/share/radar_conti_ars408_msgs/hook/cmake_prefix_path.sh'
[2.707s] Level 1:colcon.colcon_core.environment:checking '/home/offroad/radar_ws/src/install/radar_conti_ars408_msgs/lib'
[2.708s] Level 1:colcon.colcon_core.shell:create_environment_hook('radar_conti_ars408_msgs', 'ld_library_path_lib')
[2.709s] INFO:colcon.colcon_core.shell:Creating environment hook '/home/offroad/radar_ws/src/install/radar_conti_ars408_msgs/share/radar_conti_ars408_msgs/hook/ld_library_path_lib.ps1'
[2.710s] INFO:colcon.colcon_core.shell:Creating environment descriptor '/home/offroad/radar_ws/src/install/radar_conti_ars408_msgs/share/radar_conti_ars408_msgs/hook/ld_library_path_lib.dsv'
[2.710s] INFO:colcon.colcon_core.shell:Creating environment hook '/home/offroad/radar_ws/src/install/radar_conti_ars408_msgs/share/radar_conti_ars408_msgs/hook/ld_library_path_lib.sh'
[2.711s] Level 1:colcon.colcon_core.environment:checking '/home/offroad/radar_ws/src/install/radar_conti_ars408_msgs/bin'
[2.711s] Level 1:colcon.colcon_core.environment:checking '/home/offroad/radar_ws/src/install/radar_conti_ars408_msgs/lib/pkgconfig/radar_conti_ars408_msgs.pc'
[2.711s] Level 1:colcon.colcon_core.environment:checking '/home/offroad/radar_ws/src/install/radar_conti_ars408_msgs/lib/python3.8/site-packages'
[2.712s] Level 1:colcon.colcon_core.shell:create_environment_hook('radar_conti_ars408_msgs', 'pythonpath')
[2.712s] INFO:colcon.colcon_core.shell:Creating environment hook '/home/offroad/radar_ws/src/install/radar_conti_ars408_msgs/share/radar_conti_ars408_msgs/hook/pythonpath.ps1'
[2.714s] INFO:colcon.colcon_core.shell:Creating environment descriptor '/home/offroad/radar_ws/src/install/radar_conti_ars408_msgs/share/radar_conti_ars408_msgs/hook/pythonpath.dsv'
[2.715s] INFO:colcon.colcon_core.shell:Creating environment hook '/home/offroad/radar_ws/src/install/radar_conti_ars408_msgs/share/radar_conti_ars408_msgs/hook/pythonpath.sh'
[2.716s] Level 1:colcon.colcon_core.environment:checking '/home/offroad/radar_ws/src/install/radar_conti_ars408_msgs/bin'
[2.717s] INFO:colcon.colcon_core.shell:Creating package script '/home/offroad/radar_ws/src/install/radar_conti_ars408_msgs/share/radar_conti_ars408_msgs/package.ps1'
[2.718s] INFO:colcon.colcon_core.shell:Creating package descriptor '/home/offroad/radar_ws/src/install/radar_conti_ars408_msgs/share/radar_conti_ars408_msgs/package.dsv'
[2.719s] INFO:colcon.colcon_core.shell:Creating package script '/home/offroad/radar_ws/src/install/radar_conti_ars408_msgs/share/radar_conti_ars408_msgs/package.sh'
[2.723s] INFO:colcon.colcon_core.shell:Creating package script '/home/offroad/radar_ws/src/install/radar_conti_ars408_msgs/share/radar_conti_ars408_msgs/package.bash'
[2.725s] INFO:colcon.colcon_core.shell:Creating package script '/home/offroad/radar_ws/src/install/radar_conti_ars408_msgs/share/radar_conti_ars408_msgs/package.zsh'
[2.725s] Level 1:colcon.colcon_core.environment:create_file_with_runtime_dependencies(/home/offroad/radar_ws/src/install/radar_conti_ars408_msgs/share/colcon-core/packages/radar_conti_ars408_msgs)
[3.325s] Level 1:colcon.colcon_core.environment:create_environment_scripts_only(radar_conti_ars408_msgs)
[3.328s] Level 1:colcon.colcon_core.environment:checking '/home/offroad/radar_ws/src/install/radar_conti_ars408_msgs' for CMake module files
[3.329s] Level 1:colcon.colcon_core.environment:checking '/home/offroad/radar_ws/src/install/radar_conti_ars408_msgs' for CMake config files
[3.329s] Level 1:colcon.colcon_core.shell:create_environment_hook('radar_conti_ars408_msgs', 'cmake_prefix_path')
[3.330s] INFO:colcon.colcon_core.shell:Creating environment hook '/home/offroad/radar_ws/src/install/radar_conti_ars408_msgs/share/radar_conti_ars408_msgs/hook/cmake_prefix_path.ps1'
[3.330s] INFO:colcon.colcon_core.shell:Creating environment descriptor '/home/offroad/radar_ws/src/install/radar_conti_ars408_msgs/share/radar_conti_ars408_msgs/hook/cmake_prefix_path.dsv'
[3.331s] INFO:colcon.colcon_core.shell:Creating environment hook '/home/offroad/radar_ws/src/install/radar_conti_ars408_msgs/share/radar_conti_ars408_msgs/hook/cmake_prefix_path.sh'
[3.332s] Level 1:colcon.colcon_core.environment:checking '/home/offroad/radar_ws/src/install/radar_conti_ars408_msgs/lib'
[3.332s] Level 1:colcon.colcon_core.shell:create_environment_hook('radar_conti_ars408_msgs', 'ld_library_path_lib')
[3.332s] INFO:colcon.colcon_core.shell:Creating environment hook '/home/offroad/radar_ws/src/install/radar_conti_ars408_msgs/share/radar_conti_ars408_msgs/hook/ld_library_path_lib.ps1'
[3.333s] INFO:colcon.colcon_core.shell:Creating environment descriptor '/home/offroad/radar_ws/src/install/radar_conti_ars408_msgs/share/radar_conti_ars408_msgs/hook/ld_library_path_lib.dsv'
[3.333s] INFO:colcon.colcon_core.shell:Creating environment hook '/home/offroad/radar_ws/src/install/radar_conti_ars408_msgs/share/radar_conti_ars408_msgs/hook/ld_library_path_lib.sh'
[3.333s] Level 1:colcon.colcon_core.environment:checking '/home/offroad/radar_ws/src/install/radar_conti_ars408_msgs/bin'
[3.333s] Level 1:colcon.colcon_core.environment:checking '/home/offroad/radar_ws/src/install/radar_conti_ars408_msgs/lib/pkgconfig/radar_conti_ars408_msgs.pc'
[3.334s] Level 1:colcon.colcon_core.environment:checking '/home/offroad/radar_ws/src/install/radar_conti_ars408_msgs/lib/python3.8/site-packages'
[3.334s] Level 1:colcon.colcon_core.shell:create_environment_hook('radar_conti_ars408_msgs', 'pythonpath')
[3.335s] INFO:colcon.colcon_core.shell:Creating environment hook '/home/offroad/radar_ws/src/install/radar_conti_ars408_msgs/share/radar_conti_ars408_msgs/hook/pythonpath.ps1'
[3.336s] INFO:colcon.colcon_core.shell:Creating environment descriptor '/home/offroad/radar_ws/src/install/radar_conti_ars408_msgs/share/radar_conti_ars408_msgs/hook/pythonpath.dsv'
[3.336s] INFO:colcon.colcon_core.shell:Creating environment hook '/home/offroad/radar_ws/src/install/radar_conti_ars408_msgs/share/radar_conti_ars408_msgs/hook/pythonpath.sh'
[3.337s] Level 1:colcon.colcon_core.environment:checking '/home/offroad/radar_ws/src/install/radar_conti_ars408_msgs/bin'
[3.337s] INFO:colcon.colcon_core.shell:Creating package script '/home/offroad/radar_ws/src/install/radar_conti_ars408_msgs/share/radar_conti_ars408_msgs/package.ps1'
[3.338s] INFO:colcon.colcon_core.shell:Creating package descriptor '/home/offroad/radar_ws/src/install/radar_conti_ars408_msgs/share/radar_conti_ars408_msgs/package.dsv'
[3.339s] INFO:colcon.colcon_core.shell:Creating package script '/home/offroad/radar_ws/src/install/radar_conti_ars408_msgs/share/radar_conti_ars408_msgs/package.sh'
[3.339s] INFO:colcon.colcon_core.shell:Creating package script '/home/offroad/radar_ws/src/install/radar_conti_ars408_msgs/share/radar_conti_ars408_msgs/package.bash'
[3.340s] INFO:colcon.colcon_core.shell:Creating package script '/home/offroad/radar_ws/src/install/radar_conti_ars408_msgs/share/radar_conti_ars408_msgs/package.zsh'
[3.340s] Level 1:colcon.colcon_core.environment:create_file_with_runtime_dependencies(/home/offroad/radar_ws/src/install/radar_conti_ars408_msgs/share/colcon-core/packages/radar_conti_ars408_msgs)
[3.341s] INFO:colcon.colcon_ros.task.ament_cmake.build:Building ROS package in '/home/offroad/radar_ws/src/cpp_srvcli' with build type 'ament_cmake'
[3.343s] INFO:colcon.colcon_cmake.task.cmake.build:Building CMake package in '/home/offroad/radar_ws/src/cpp_srvcli'
[3.345s] INFO:colcon.colcon_core.shell:Skip shell extension 'powershell' for command environment: Not usable outside of PowerShell
[3.345s] DEBUG:colcon.colcon_core.shell:Skip shell extension 'dsv' for command environment
[3.354s] INFO:colcon.colcon_ros.task.ament_cmake.build:Building ROS package in '/home/offroad/radar_ws/src/radar_conti_ars408/src' with build type 'ament_cmake'
[3.354s] INFO:colcon.colcon_cmake.task.cmake.build:Building CMake package in '/home/offroad/radar_ws/src/radar_conti_ars408/src'
[3.355s] INFO:colcon.colcon_core.shell:Skip shell extension 'powershell' for command environment: Not usable outside of PowerShell
[3.355s] DEBUG:colcon.colcon_core.shell:Skip shell extension 'dsv' for command environment
[3.381s] DEBUG:colcon.colcon_core.event_handler.log_command:Invoking command in '/home/offroad/radar_ws/src/build/cpp_srvcli': CMAKE_PREFIX_PATH=/home/offroad/radar_ws/src/install/radar_conti_ars408_msgs:/home/offroad/radar_ws/src/install/ros2socketcan_bridge:/home/offroad/radar_ws/src/install/radar_conti_ars408:/home/offroad/radar_ws/src/install/cpp_srvcli:/home/offroad/radar_ws/src/install/can_msgs:/home/offroad/radar_ws/install/ros2socketcan_bridge:/home/offroad/radar_ws/install/radar_conti_ars408:/home/offroad/radar_ws/install/cpp_srvcli:/home/offroad/radar_ws/install/radar_conti_ars408_msgs:/home/offroad/radar_ws/install/cpp_pubsub:/home/offroad/radar_ws/install/can_msgs:/opt/ros/foxy LD_LIBRARY_PATH=/home/offroad/radar_ws/src/install/radar_conti_ars408_msgs/lib:/home/offroad/radar_ws/src/install/radar_conti_ars408/lib:/home/offroad/radar_ws/src/install/can_msgs/lib:/home/offroad/radar_ws/install/radar_conti_ars408/lib:/home/offroad/radar_ws/install/radar_conti_ars408_msgs/lib:/home/offroad/radar_ws/install/can_msgs/lib:/usr/lib/x86_64-linux-gnu/gazebo-11/plugins:/opt/ros/foxy/opt/yaml_cpp_vendor/lib:/opt/ros/foxy/opt/rviz_ogre_vendor/lib:/opt/ros/foxy/lib/x86_64-linux-gnu:/opt/ros/foxy/lib /usr/bin/cmake --build /home/offroad/radar_ws/src/build/cpp_srvcli -- -j12 -l12
[3.390s] DEBUG:colcon.colcon_core.event_handler.log_command:Invoking command in '/home/offroad/radar_ws/src/build/radar_conti_ars408': CMAKE_PREFIX_PATH=/home/offroad/radar_ws/src/install/ros2socketcan_bridge:/home/offroad/radar_ws/src/install/radar_conti_ars408_msgs:/home/offroad/radar_ws/src/install/can_msgs:/home/offroad/radar_ws/src/install/radar_conti_ars408:/home/offroad/radar_ws/src/install/cpp_srvcli:/home/offroad/radar_ws/install/ros2socketcan_bridge:/home/offroad/radar_ws/install/radar_conti_ars408:/home/offroad/radar_ws/install/cpp_srvcli:/home/offroad/radar_ws/install/radar_conti_ars408_msgs:/home/offroad/radar_ws/install/cpp_pubsub:/home/offroad/radar_ws/install/can_msgs:/opt/ros/foxy LD_LIBRARY_PATH=/home/offroad/radar_ws/src/install/radar_conti_ars408_msgs/lib:/home/offroad/radar_ws/src/install/can_msgs/lib:/home/offroad/radar_ws/src/install/radar_conti_ars408/lib:/home/offroad/radar_ws/install/radar_conti_ars408/lib:/home/offroad/radar_ws/install/radar_conti_ars408_msgs/lib:/home/offroad/radar_ws/install/can_msgs/lib:/usr/lib/x86_64-linux-gnu/gazebo-11/plugins:/opt/ros/foxy/opt/yaml_cpp_vendor/lib:/opt/ros/foxy/opt/rviz_ogre_vendor/lib:/opt/ros/foxy/lib/x86_64-linux-gnu:/opt/ros/foxy/lib /usr/bin/cmake --build /home/offroad/radar_ws/src/build/radar_conti_ars408 -- -j12 -l12
[3.565s] DEBUG:colcon.colcon_core.event_handler.log_command:Invoked command in '/home/offroad/radar_ws/src/build/cpp_srvcli' returned '0': CMAKE_PREFIX_PATH=/home/offroad/radar_ws/src/install/radar_conti_ars408_msgs:/home/offroad/radar_ws/src/install/ros2socketcan_bridge:/home/offroad/radar_ws/src/install/radar_conti_ars408:/home/offroad/radar_ws/src/install/cpp_srvcli:/home/offroad/radar_ws/src/install/can_msgs:/home/offroad/radar_ws/install/ros2socketcan_bridge:/home/offroad/radar_ws/install/radar_conti_ars408:/home/offroad/radar_ws/install/cpp_srvcli:/home/offroad/radar_ws/install/radar_conti_ars408_msgs:/home/offroad/radar_ws/install/cpp_pubsub:/home/offroad/radar_ws/install/can_msgs:/opt/ros/foxy LD_LIBRARY_PATH=/home/offroad/radar_ws/src/install/radar_conti_ars408_msgs/lib:/home/offroad/radar_ws/src/install/radar_conti_ars408/lib:/home/offroad/radar_ws/src/install/can_msgs/lib:/home/offroad/radar_ws/install/radar_conti_ars408/lib:/home/offroad/radar_ws/install/radar_conti_ars408_msgs/lib:/home/offroad/radar_ws/install/can_msgs/lib:/usr/lib/x86_64-linux-gnu/gazebo-11/plugins:/opt/ros/foxy/opt/yaml_cpp_vendor/lib:/opt/ros/foxy/opt/rviz_ogre_vendor/lib:/opt/ros/foxy/lib/x86_64-linux-gnu:/opt/ros/foxy/lib /usr/bin/cmake --build /home/offroad/radar_ws/src/build/cpp_srvcli -- -j12 -l12
[3.625s] DEBUG:colcon.colcon_core.event_handler.log_command:Invoking command in '/home/offroad/radar_ws/src/build/cpp_srvcli': CMAKE_PREFIX_PATH=/home/offroad/radar_ws/src/install/radar_conti_ars408_msgs:/home/offroad/radar_ws/src/install/ros2socketcan_bridge:/home/offroad/radar_ws/src/install/radar_conti_ars408:/home/offroad/radar_ws/src/install/cpp_srvcli:/home/offroad/radar_ws/src/install/can_msgs:/home/offroad/radar_ws/install/ros2socketcan_bridge:/home/offroad/radar_ws/install/radar_conti_ars408:/home/offroad/radar_ws/install/cpp_srvcli:/home/offroad/radar_ws/install/radar_conti_ars408_msgs:/home/offroad/radar_ws/install/cpp_pubsub:/home/offroad/radar_ws/install/can_msgs:/opt/ros/foxy LD_LIBRARY_PATH=/home/offroad/radar_ws/src/install/radar_conti_ars408_msgs/lib:/home/offroad/radar_ws/src/install/radar_conti_ars408/lib:/home/offroad/radar_ws/src/install/can_msgs/lib:/home/offroad/radar_ws/install/radar_conti_ars408/lib:/home/offroad/radar_ws/install/radar_conti_ars408_msgs/lib:/home/offroad/radar_ws/install/can_msgs/lib:/usr/lib/x86_64-linux-gnu/gazebo-11/plugins:/opt/ros/foxy/opt/yaml_cpp_vendor/lib:/opt/ros/foxy/opt/rviz_ogre_vendor/lib:/opt/ros/foxy/lib/x86_64-linux-gnu:/opt/ros/foxy/lib /usr/bin/cmake --install /home/offroad/radar_ws/src/build/cpp_srvcli
[3.647s] Level 1:colcon.colcon_core.environment:create_environment_scripts_only(cpp_srvcli)
[3.650s] Level 1:colcon.colcon_core.environment:checking '/home/offroad/radar_ws/src/install/cpp_srvcli' for CMake module files
[3.651s] DEBUG:colcon.colcon_core.event_handler.log_command:Invoked command in '/home/offroad/radar_ws/src/build/cpp_srvcli' returned '0': CMAKE_PREFIX_PATH=/home/offroad/radar_ws/src/install/radar_conti_ars408_msgs:/home/offroad/radar_ws/src/install/ros2socketcan_bridge:/home/offroad/radar_ws/src/install/radar_conti_ars408:/home/offroad/radar_ws/src/install/cpp_srvcli:/home/offroad/radar_ws/src/install/can_msgs:/home/offroad/radar_ws/install/ros2socketcan_bridge:/home/offroad/radar_ws/install/radar_conti_ars408:/home/offroad/radar_ws/install/cpp_srvcli:/home/offroad/radar_ws/install/radar_conti_ars408_msgs:/home/offroad/radar_ws/install/cpp_pubsub:/home/offroad/radar_ws/install/can_msgs:/opt/ros/foxy LD_LIBRARY_PATH=/home/offroad/radar_ws/src/install/radar_conti_ars408_msgs/lib:/home/offroad/radar_ws/src/install/radar_conti_ars408/lib:/home/offroad/radar_ws/src/install/can_msgs/lib:/home/offroad/radar_ws/install/radar_conti_ars408/lib:/home/offroad/radar_ws/install/radar_conti_ars408_msgs/lib:/home/offroad/radar_ws/install/can_msgs/lib:/usr/lib/x86_64-linux-gnu/gazebo-11/plugins:/opt/ros/foxy/opt/yaml_cpp_vendor/lib:/opt/ros/foxy/opt/rviz_ogre_vendor/lib:/opt/ros/foxy/lib/x86_64-linux-gnu:/opt/ros/foxy/lib /usr/bin/cmake --install /home/offroad/radar_ws/src/build/cpp_srvcli
[3.651s] Level 1:colcon.colcon_core.environment:checking '/home/offroad/radar_ws/src/install/cpp_srvcli' for CMake config files
[3.652s] Level 1:colcon.colcon_core.shell:create_environment_hook('cpp_srvcli', 'cmake_prefix_path')
[3.653s] INFO:colcon.colcon_core.shell:Creating environment hook '/home/offroad/radar_ws/src/install/cpp_srvcli/share/cpp_srvcli/hook/cmake_prefix_path.ps1'
[3.655s] INFO:colcon.colcon_core.shell:Creating environment descriptor '/home/offroad/radar_ws/src/install/cpp_srvcli/share/cpp_srvcli/hook/cmake_prefix_path.dsv'
[3.655s] INFO:colcon.colcon_core.shell:Creating environment hook '/home/offroad/radar_ws/src/install/cpp_srvcli/share/cpp_srvcli/hook/cmake_prefix_path.sh'
[3.656s] Level 1:colcon.colcon_core.environment:checking '/home/offroad/radar_ws/src/install/cpp_srvcli/lib'
[3.656s] Level 1:colcon.colcon_core.environment:checking '/home/offroad/radar_ws/src/install/cpp_srvcli/bin'
[3.656s] Level 1:colcon.colcon_core.environment:checking '/home/offroad/radar_ws/src/install/cpp_srvcli/lib/pkgconfig/cpp_srvcli.pc'
[3.656s] Level 1:colcon.colcon_core.environment:checking '/home/offroad/radar_ws/src/install/cpp_srvcli/lib/python3.8/site-packages'
[3.656s] Level 1:colcon.colcon_core.environment:checking '/home/offroad/radar_ws/src/install/cpp_srvcli/bin'
[3.657s] INFO:colcon.colcon_core.shell:Creating package script '/home/offroad/radar_ws/src/install/cpp_srvcli/share/cpp_srvcli/package.ps1'
[3.657s] INFO:colcon.colcon_core.shell:Creating package descriptor '/home/offroad/radar_ws/src/install/cpp_srvcli/share/cpp_srvcli/package.dsv'
[3.657s] INFO:colcon.colcon_core.shell:Creating package script '/home/offroad/radar_ws/src/install/cpp_srvcli/share/cpp_srvcli/package.sh'
[3.658s] INFO:colcon.colcon_core.shell:Creating package script '/home/offroad/radar_ws/src/install/cpp_srvcli/share/cpp_srvcli/package.bash'
[3.659s] INFO:colcon.colcon_core.shell:Creating package script '/home/offroad/radar_ws/src/install/cpp_srvcli/share/cpp_srvcli/package.zsh'
[3.659s] Level 1:colcon.colcon_core.environment:create_file_with_runtime_dependencies(/home/offroad/radar_ws/src/install/cpp_srvcli/share/colcon-core/packages/cpp_srvcli)
[3.713s] Level 1:colcon.colcon_core.environment:create_environment_scripts_only(cpp_srvcli)
[3.714s] Level 1:colcon.colcon_core.environment:checking '/home/offroad/radar_ws/src/install/cpp_srvcli' for CMake module files
[3.715s] Level 1:colcon.colcon_core.environment:checking '/home/offroad/radar_ws/src/install/cpp_srvcli' for CMake config files
[3.716s] Level 1:colcon.colcon_core.shell:create_environment_hook('cpp_srvcli', 'cmake_prefix_path')
[3.717s] INFO:colcon.colcon_core.shell:Creating environment hook '/home/offroad/radar_ws/src/install/cpp_srvcli/share/cpp_srvcli/hook/cmake_prefix_path.ps1'
[3.719s] INFO:colcon.colcon_core.shell:Creating environment descriptor '/home/offroad/radar_ws/src/install/cpp_srvcli/share/cpp_srvcli/hook/cmake_prefix_path.dsv'
[3.719s] INFO:colcon.colcon_core.shell:Creating environment hook '/home/offroad/radar_ws/src/install/cpp_srvcli/share/cpp_srvcli/hook/cmake_prefix_path.sh'
[3.719s] Level 1:colcon.colcon_core.environment:checking '/home/offroad/radar_ws/src/install/cpp_srvcli/lib'
[3.719s] Level 1:colcon.colcon_core.environment:checking '/home/offroad/radar_ws/src/install/cpp_srvcli/bin'
[3.720s] Level 1:colcon.colcon_core.environment:checking '/home/offroad/radar_ws/src/install/cpp_srvcli/lib/pkgconfig/cpp_srvcli.pc'
[3.720s] Level 1:colcon.colcon_core.environment:checking '/home/offroad/radar_ws/src/install/cpp_srvcli/lib/python3.8/site-packages'
[3.720s] Level 1:colcon.colcon_core.environment:checking '/home/offroad/radar_ws/src/install/cpp_srvcli/bin'
[3.721s] INFO:colcon.colcon_core.shell:Creating package script '/home/offroad/radar_ws/src/install/cpp_srvcli/share/cpp_srvcli/package.ps1'
[3.721s] INFO:colcon.colcon_core.shell:Creating package descriptor '/home/offroad/radar_ws/src/install/cpp_srvcli/share/cpp_srvcli/package.dsv'
[3.722s] INFO:colcon.colcon_core.shell:Creating package script '/home/offroad/radar_ws/src/install/cpp_srvcli/share/cpp_srvcli/package.sh'
[3.722s] INFO:colcon.colcon_core.shell:Creating package script '/home/offroad/radar_ws/src/install/cpp_srvcli/share/cpp_srvcli/package.bash'
[3.724s] INFO:colcon.colcon_core.shell:Creating package script '/home/offroad/radar_ws/src/install/cpp_srvcli/share/cpp_srvcli/package.zsh'
[3.728s] Level 1:colcon.colcon_core.environment:create_file_with_runtime_dependencies(/home/offroad/radar_ws/src/install/cpp_srvcli/share/colcon-core/packages/cpp_srvcli)
[10.410s] DEBUG:colcon.colcon_core.event_handler.log_command:Invoked command in '/home/offroad/radar_ws/src/build/radar_conti_ars408' returned '2': CMAKE_PREFIX_PATH=/home/offroad/radar_ws/src/install/ros2socketcan_bridge:/home/offroad/radar_ws/src/install/radar_conti_ars408_msgs:/home/offroad/radar_ws/src/install/can_msgs:/home/offroad/radar_ws/src/install/radar_conti_ars408:/home/offroad/radar_ws/src/install/cpp_srvcli:/home/offroad/radar_ws/install/ros2socketcan_bridge:/home/offroad/radar_ws/install/radar_conti_ars408:/home/offroad/radar_ws/install/cpp_srvcli:/home/offroad/radar_ws/install/radar_conti_ars408_msgs:/home/offroad/radar_ws/install/cpp_pubsub:/home/offroad/radar_ws/install/can_msgs:/opt/ros/foxy LD_LIBRARY_PATH=/home/offroad/radar_ws/src/install/radar_conti_ars408_msgs/lib:/home/offroad/radar_ws/src/install/can_msgs/lib:/home/offroad/radar_ws/src/install/radar_conti_ars408/lib:/home/offroad/radar_ws/install/radar_conti_ars408/lib:/home/offroad/radar_ws/install/radar_conti_ars408_msgs/lib:/home/offroad/radar_ws/install/can_msgs/lib:/usr/lib/x86_64-linux-gnu/gazebo-11/plugins:/opt/ros/foxy/opt/yaml_cpp_vendor/lib:/opt/ros/foxy/opt/rviz_ogre_vendor/lib:/opt/ros/foxy/lib/x86_64-linux-gnu:/opt/ros/foxy/lib /usr/bin/cmake --build /home/offroad/radar_ws/src/build/radar_conti_ars408 -- -j12 -l12
[10.472s] Level 1:colcon.colcon_core.environment:create_environment_scripts_only(radar_conti_ars408)
[10.474s] Level 1:colcon.colcon_core.environment:checking '/home/offroad/radar_ws/src/install/radar_conti_ars408' for CMake module files
[10.474s] Level 1:colcon.colcon_core.environment:checking '/home/offroad/radar_ws/src/install/radar_conti_ars408' for CMake config files
[10.474s] Level 1:colcon.colcon_core.shell:create_environment_hook('radar_conti_ars408', 'cmake_prefix_path')
[10.475s] INFO:colcon.colcon_core.shell:Creating environment hook '/home/offroad/radar_ws/src/install/radar_conti_ars408/share/radar_conti_ars408/hook/cmake_prefix_path.ps1'
[10.476s] INFO:colcon.colcon_core.shell:Creating environment descriptor '/home/offroad/radar_ws/src/install/radar_conti_ars408/share/radar_conti_ars408/hook/cmake_prefix_path.dsv'
[10.477s] INFO:colcon.colcon_core.shell:Creating environment hook '/home/offroad/radar_ws/src/install/radar_conti_ars408/share/radar_conti_ars408/hook/cmake_prefix_path.sh'
[10.481s] Level 1:colcon.colcon_core.environment:checking '/home/offroad/radar_ws/src/install/radar_conti_ars408/lib'
[10.481s] Level 1:colcon.colcon_core.shell:create_environment_hook('radar_conti_ars408', 'ld_library_path_lib')
[10.482s] INFO:colcon.colcon_core.shell:Creating environment hook '/home/offroad/radar_ws/src/install/radar_conti_ars408/share/radar_conti_ars408/hook/ld_library_path_lib.ps1'
[10.483s] INFO:colcon.colcon_core.shell:Creating environment descriptor '/home/offroad/radar_ws/src/install/radar_conti_ars408/share/radar_conti_ars408/hook/ld_library_path_lib.dsv'
[10.484s] INFO:colcon.colcon_core.shell:Creating environment hook '/home/offroad/radar_ws/src/install/radar_conti_ars408/share/radar_conti_ars408/hook/ld_library_path_lib.sh'
[10.484s] Level 1:colcon.colcon_core.environment:checking '/home/offroad/radar_ws/src/install/radar_conti_ars408/bin'
[10.485s] Level 1:colcon.colcon_core.environment:checking '/home/offroad/radar_ws/src/install/radar_conti_ars408/lib/pkgconfig/radar_conti_ars408.pc'
[10.486s] Level 1:colcon.colcon_core.environment:checking '/home/offroad/radar_ws/src/install/radar_conti_ars408/lib/python3.8/site-packages'
[10.486s] Level 1:colcon.colcon_core.environment:checking '/home/offroad/radar_ws/src/install/radar_conti_ars408/bin'
[10.487s] INFO:colcon.colcon_core.shell:Creating package script '/home/offroad/radar_ws/src/install/radar_conti_ars408/share/radar_conti_ars408/package.ps1'
[10.488s] INFO:colcon.colcon_core.shell:Creating package descriptor '/home/offroad/radar_ws/src/install/radar_conti_ars408/share/radar_conti_ars408/package.dsv'
[10.488s] INFO:colcon.colcon_core.shell:Creating package script '/home/offroad/radar_ws/src/install/radar_conti_ars408/share/radar_conti_ars408/package.sh'
[10.489s] INFO:colcon.colcon_core.shell:Creating package script '/home/offroad/radar_ws/src/install/radar_conti_ars408/share/radar_conti_ars408/package.bash'
[10.489s] INFO:colcon.colcon_core.shell:Creating package script '/home/offroad/radar_ws/src/install/radar_conti_ars408/share/radar_conti_ars408/package.zsh'
[10.489s] Level 1:colcon.colcon_core.environment:create_file_with_runtime_dependencies(/home/offroad/radar_ws/src/install/radar_conti_ars408/share/colcon-core/packages/radar_conti_ars408)
[10.500s] DEBUG:colcon.colcon_parallel_executor.executor.parallel:closing loop
[10.501s] DEBUG:colcon.colcon_parallel_executor.executor.parallel:loop closed
[10.501s] DEBUG:colcon.colcon_parallel_executor.executor.parallel:run_until_complete finished with '2'
[10.501s] DEBUG:colcon.colcon_core.event_reactor:joining thread
[10.509s] INFO:colcon.colcon_core.plugin_system:Skipping extension 'colcon_notification.desktop_notification.terminal_notifier': Not used on non-Darwin systems
[10.510s] INFO:colcon.colcon_core.plugin_system:Skipping extension 'colcon_notification.desktop_notification.win32': Not used on non-Windows systems
[10.511s] INFO:colcon.colcon_notification.desktop_notification:Sending desktop notification using 'notify2'
[10.551s] DEBUG:colcon.colcon_core.event_reactor:joined thread
[10.552s] INFO:colcon.colcon_core.shell:Creating prefix script '/home/offroad/radar_ws/src/install/local_setup.ps1'
[10.553s] INFO:colcon.colcon_core.shell:Creating prefix util module '/home/offroad/radar_ws/src/install/_local_setup_util_ps1.py'
[10.554s] INFO:colcon.colcon_core.shell:Creating prefix chain script '/home/offroad/radar_ws/src/install/setup.ps1'
[10.556s] INFO:colcon.colcon_core.shell:Creating prefix script '/home/offroad/radar_ws/src/install/local_setup.sh'
[10.560s] INFO:colcon.colcon_core.shell:Creating prefix util module '/home/offroad/radar_ws/src/install/_local_setup_util_sh.py'
[10.562s] INFO:colcon.colcon_core.shell:Creating prefix chain script '/home/offroad/radar_ws/src/install/setup.sh'
[10.567s] INFO:colcon.colcon_core.shell:Creating prefix script '/home/offroad/radar_ws/src/install/local_setup.bash'
[10.569s] INFO:colcon.colcon_core.shell:Creating prefix chain script '/home/offroad/radar_ws/src/install/setup.bash'
[10.571s] INFO:colcon.colcon_core.shell:Creating prefix script '/home/offroad/radar_ws/src/install/local_setup.zsh'
[10.573s] INFO:colcon.colcon_core.shell:Creating prefix chain script '/home/offroad/radar_ws/src/install/setup.zsh'
