[0.036s] Invoking command in '/home/offroad/radar_ws/src/build/radar_conti_ars408': CMAKE_PREFIX_PATH=/home/offroad/radar_ws/src/install/ros2socketcan_bridge:/home/offroad/radar_ws/src/install/radar_conti_ars408_msgs:/home/offroad/radar_ws/src/install/can_msgs:/home/offroad/radar_ws/src/install/radar_conti_ars408:/home/offroad/radar_ws/src/install/cpp_srvcli:/home/offroad/radar_ws/install/ros2socketcan_bridge:/home/offroad/radar_ws/install/radar_conti_ars408:/home/offroad/radar_ws/install/cpp_srvcli:/home/offroad/radar_ws/install/radar_conti_ars408_msgs:/home/offroad/radar_ws/install/cpp_pubsub:/home/offroad/radar_ws/install/can_msgs:/opt/ros/foxy LD_LIBRARY_PATH=/home/offroad/radar_ws/src/install/radar_conti_ars408_msgs/lib:/home/offroad/radar_ws/src/install/can_msgs/lib:/home/offroad/radar_ws/src/install/radar_conti_ars408/lib:/home/offroad/radar_ws/install/radar_conti_ars408/lib:/home/offroad/radar_ws/install/radar_conti_ars408_msgs/lib:/home/offroad/radar_ws/install/can_msgs/lib:/usr/lib/x86_64-linux-gnu/gazebo-11/plugins:/opt/ros/foxy/opt/yaml_cpp_vendor/lib:/opt/ros/foxy/opt/rviz_ogre_vendor/lib:/opt/ros/foxy/lib/x86_64-linux-gnu:/opt/ros/foxy/lib /usr/bin/cmake --build /home/offroad/radar_ws/src/build/radar_conti_ars408 -- -j12 -l12
[0.117s] [35m[1mScanning dependencies of target radar_conti_ars408_component[0m
[0.149s] [ 25%] Built target talker
[0.158s] [ 50%] Built target listener
[0.187s] [ 62%] [32mBuilding CXX object CMakeFiles/radar_conti_ars408_component.dir/src/radar_conti_ars408_component.cpp.o[0m
[0.273s] In file included from [01m[K/home/offroad/radar_ws/src/radar_conti_ars408/src/src/../include/radar_conti_ars408_component.hpp:24[m[K,
[0.273s]                  from [01m[K/home/offroad/radar_ws/src/radar_conti_ars408/src/src/radar_conti_ars408_component.cpp:14[m[K:
[0.273s] [01m[K/home/offroad/radar_ws/src/radar_conti_ars408/src/src/../include/visibility_control.h:43:[m[K [01;35m[Kwarning: [m[K"RADAR_CONTI_ARS408_RADAR_CONTI_ARS408" redefined
[0.273s]    43 |   #define RADAR_CONTI_ARS408_RADAR_CONTI_ARS408
[0.273s]       | 
[0.273s] [01m[K/home/offroad/radar_ws/src/radar_conti_ars408/src/src/../include/visibility_control.h:42:[m[K [01;36m[Knote: [m[Kthis is the location of the previous definition
[0.273s]    42 |   #define RADAR_CONTI_ARS408_RADAR_CONTI_ARS408 __attribute__ ((visibility("default")))
[0.273s]       | 
[3.664s] [01m[K/home/offroad/radar_ws/src/radar_conti_ars408/src/src/radar_conti_ars408_component.cpp:[m[K In member function ‘[01m[Kvirtual rclcpp_lifecycle::node_interfaces::LifecycleNodeInterface::CallbackReturn FHAC::radar_conti_ars408::on_shutdown(const rclcpp_lifecycle::State&)[m[K’:
[3.664s] [01m[K/home/offroad/radar_ws/src/radar_conti_ars408/src/src/radar_conti_ars408_component.cpp:73:34:[m[K [01;35m[Kwarning: [m[Kunused parameter ‘[01m[Kprevious_state[m[K’ [[01;35m[K-Wunused-parameter[m[K]
[3.664s]    73 |   [01;35m[Kconst rclcpp_lifecycle::State& previous_state[m[K)
[3.664s]       |   [01;35m[K~~~~~~~~~~~~~~~~~~~~~~~~~~~~~~~^~~~~~~~~~~~~~[m[K
[3.664s] [01m[K/home/offroad/radar_ws/src/radar_conti_ars408/src/src/radar_conti_ars408_component.cpp:[m[K In member function ‘[01m[Kvirtual rclcpp_lifecycle::node_interfaces::LifecycleNodeInterface::CallbackReturn FHAC::radar_conti_ars408::on_error(const rclcpp_lifecycle::State&)[m[K’:
[3.664s] [01m[K/home/offroad/radar_ws/src/radar_conti_ars408/src/src/radar_conti_ars408_component.cpp:81:36:[m[K [01;35m[Kwarning: [m[Kunused parameter ‘[01m[Kprevious_state[m[K’ [[01;35m[K-Wunused-parameter[m[K]
[3.664s]    81 |     [01;35m[Kconst rclcpp_lifecycle::State& previous_state[m[K)
[3.664s]       |     [01;35m[K~~~~~~~~~~~~~~~~~~~~~~~~~~~~~~~^~~~~~~~~~~~~~[m[K
[14.515s] [ 75%] [32m[1mLinking CXX shared library libradar_conti_ars408_component.so[0m
[14.915s] [ 75%] Built target radar_conti_ars408_component
[14.965s] [ 87%] [32m[1mLinking CXX executable radar_conti_ars408_composition[0m
[15.282s] [100%] Built target radar_conti_ars408_composition
[15.298s] Invoked command in '/home/offroad/radar_ws/src/build/radar_conti_ars408' returned '0': CMAKE_PREFIX_PATH=/home/offroad/radar_ws/src/install/ros2socketcan_bridge:/home/offroad/radar_ws/src/install/radar_conti_ars408_msgs:/home/offroad/radar_ws/src/install/can_msgs:/home/offroad/radar_ws/src/install/radar_conti_ars408:/home/offroad/radar_ws/src/install/cpp_srvcli:/home/offroad/radar_ws/install/ros2socketcan_bridge:/home/offroad/radar_ws/install/radar_conti_ars408:/home/offroad/radar_ws/install/cpp_srvcli:/home/offroad/radar_ws/install/radar_conti_ars408_msgs:/home/offroad/radar_ws/install/cpp_pubsub:/home/offroad/radar_ws/install/can_msgs:/opt/ros/foxy LD_LIBRARY_PATH=/home/offroad/radar_ws/src/install/radar_conti_ars408_msgs/lib:/home/offroad/radar_ws/src/install/can_msgs/lib:/home/offroad/radar_ws/src/install/radar_conti_ars408/lib:/home/offroad/radar_ws/install/radar_conti_ars408/lib:/home/offroad/radar_ws/install/radar_conti_ars408_msgs/lib:/home/offroad/radar_ws/install/can_msgs/lib:/usr/lib/x86_64-linux-gnu/gazebo-11/plugins:/opt/ros/foxy/opt/yaml_cpp_vendor/lib:/opt/ros/foxy/opt/rviz_ogre_vendor/lib:/opt/ros/foxy/lib/x86_64-linux-gnu:/opt/ros/foxy/lib /usr/bin/cmake --build /home/offroad/radar_ws/src/build/radar_conti_ars408 -- -j12 -l12
[15.351s] Invoking command in '/home/offroad/radar_ws/src/build/radar_conti_ars408': CMAKE_PREFIX_PATH=/home/offroad/radar_ws/src/install/ros2socketcan_bridge:/home/offroad/radar_ws/src/install/radar_conti_ars408_msgs:/home/offroad/radar_ws/src/install/can_msgs:/home/offroad/radar_ws/src/install/radar_conti_ars408:/home/offroad/radar_ws/src/install/cpp_srvcli:/home/offroad/radar_ws/install/ros2socketcan_bridge:/home/offroad/radar_ws/install/radar_conti_ars408:/home/offroad/radar_ws/install/cpp_srvcli:/home/offroad/radar_ws/install/radar_conti_ars408_msgs:/home/offroad/radar_ws/install/cpp_pubsub:/home/offroad/radar_ws/install/can_msgs:/opt/ros/foxy LD_LIBRARY_PATH=/home/offroad/radar_ws/src/install/radar_conti_ars408_msgs/lib:/home/offroad/radar_ws/src/install/can_msgs/lib:/home/offroad/radar_ws/src/install/radar_conti_ars408/lib:/home/offroad/radar_ws/install/radar_conti_ars408/lib:/home/offroad/radar_ws/install/radar_conti_ars408_msgs/lib:/home/offroad/radar_ws/install/can_msgs/lib:/usr/lib/x86_64-linux-gnu/gazebo-11/plugins:/opt/ros/foxy/opt/yaml_cpp_vendor/lib:/opt/ros/foxy/opt/rviz_ogre_vendor/lib:/opt/ros/foxy/lib/x86_64-linux-gnu:/opt/ros/foxy/lib /usr/bin/cmake --install /home/offroad/radar_ws/src/build/radar_conti_ars408
[15.363s] -- Install configuration: "Release"
[15.363s] -- Up-to-date: /home/offroad/radar_ws/src/install/radar_conti_ars408/share/radar_conti_ars408/environment/library_path.sh
[15.363s] -- Up-to-date: /home/offroad/radar_ws/src/install/radar_conti_ars408/share/radar_conti_ars408/environment/library_path.dsv
[15.363s] -- Up-to-date: /home/offroad/radar_ws/src/install/radar_conti_ars408/lib/radar_conti_ars408/talker
[15.363s] -- Up-to-date: /home/offroad/radar_ws/src/install/radar_conti_ars408/lib/radar_conti_ars408/talker
[15.364s] -- Up-to-date: /home/offroad/radar_ws/src/install/radar_conti_ars408/lib/radar_conti_ars408/listener
[15.364s] -- Installing: /home/offroad/radar_ws/src/install/radar_conti_ars408/lib/radar_conti_ars408/radar_conti_ars408_composition
[15.364s] -- Set runtime path of "/home/offroad/radar_ws/src/install/radar_conti_ars408/lib/radar_conti_ars408/radar_conti_ars408_composition" to ""
[15.365s] -- Installing: /home/offroad/radar_ws/src/install/radar_conti_ars408/lib/libradar_conti_ars408_component.so
[15.369s] -- Set runtime path of "/home/offroad/radar_ws/src/install/radar_conti_ars408/lib/libradar_conti_ars408_component.so" to ""
[15.369s] -- Up-to-date: /home/offroad/radar_ws/src/install/radar_conti_ars408/include/radar_conti_ars408/
[15.369s] -- Up-to-date: /home/offroad/radar_ws/src/install/radar_conti_ars408/include/radar_conti_ars408//visibility_control.h
[15.370s] -- Up-to-date: /home/offroad/radar_ws/src/install/radar_conti_ars408/include/radar_conti_ars408//radar_conti_ars408_component.hpp
[15.370s] -- Up-to-date: /home/offroad/radar_ws/src/install/radar_conti_ars408/include/radar_conti_ars408//ars_408_can_defines.h
[15.370s] -- Up-to-date: /home/offroad/radar_ws/src/install/radar_conti_ars408/share/radar_conti_ars408/resources
[15.370s] -- Up-to-date: /home/offroad/radar_ws/src/install/radar_conti_ars408/share/radar_conti_ars408/resources/low_poly_911.dae
[15.370s] -- Up-to-date: /home/offroad/radar_ws/src/install/radar_conti_ars408/share/radar_conti_ars408/launch
[15.370s] -- Up-to-date: /home/offroad/radar_ws/src/install/radar_conti_ars408/share/radar_conti_ars408/launch/radar.launch.py
[15.370s] -- Up-to-date: /home/offroad/radar_ws/src/install/radar_conti_ars408/share/ament_index/resource_index/package_run_dependencies/radar_conti_ars408
[15.370s] -- Up-to-date: /home/offroad/radar_ws/src/install/radar_conti_ars408/share/ament_index/resource_index/parent_prefix_path/radar_conti_ars408
[15.370s] -- Up-to-date: /home/offroad/radar_ws/src/install/radar_conti_ars408/share/radar_conti_ars408/environment/ament_prefix_path.sh
[15.370s] -- Up-to-date: /home/offroad/radar_ws/src/install/radar_conti_ars408/share/radar_conti_ars408/environment/ament_prefix_path.dsv
[15.370s] -- Up-to-date: /home/offroad/radar_ws/src/install/radar_conti_ars408/share/radar_conti_ars408/environment/path.sh
[15.370s] -- Up-to-date: /home/offroad/radar_ws/src/install/radar_conti_ars408/share/radar_conti_ars408/environment/path.dsv
[15.370s] -- Up-to-date: /home/offroad/radar_ws/src/install/radar_conti_ars408/share/radar_conti_ars408/local_setup.bash
[15.371s] -- Up-to-date: /home/offroad/radar_ws/src/install/radar_conti_ars408/share/radar_conti_ars408/local_setup.sh
[15.371s] -- Up-to-date: /home/offroad/radar_ws/src/install/radar_conti_ars408/share/radar_conti_ars408/local_setup.zsh
[15.371s] -- Up-to-date: /home/offroad/radar_ws/src/install/radar_conti_ars408/share/radar_conti_ars408/local_setup.dsv
[15.371s] -- Installing: /home/offroad/radar_ws/src/install/radar_conti_ars408/share/radar_conti_ars408/package.dsv
[15.371s] -- Up-to-date: /home/offroad/radar_ws/src/install/radar_conti_ars408/share/ament_index/resource_index/packages/radar_conti_ars408
[15.371s] -- Up-to-date: /home/offroad/radar_ws/src/install/radar_conti_ars408/share/ament_index/resource_index/rclcpp_components/radar_conti_ars408
[15.371s] -- Up-to-date: /home/offroad/radar_ws/src/install/radar_conti_ars408/share/radar_conti_ars408/cmake/radar_conti_ars408Config.cmake
[15.371s] -- Up-to-date: /home/offroad/radar_ws/src/install/radar_conti_ars408/share/radar_conti_ars408/cmake/radar_conti_ars408Config-version.cmake
[15.371s] -- Up-to-date: /home/offroad/radar_ws/src/install/radar_conti_ars408/share/radar_conti_ars408/package.xml
[15.375s] Invoked command in '/home/offroad/radar_ws/src/build/radar_conti_ars408' returned '0': CMAKE_PREFIX_PATH=/home/offroad/radar_ws/src/install/ros2socketcan_bridge:/home/offroad/radar_ws/src/install/radar_conti_ars408_msgs:/home/offroad/radar_ws/src/install/can_msgs:/home/offroad/radar_ws/src/install/radar_conti_ars408:/home/offroad/radar_ws/src/install/cpp_srvcli:/home/offroad/radar_ws/install/ros2socketcan_bridge:/home/offroad/radar_ws/install/radar_conti_ars408:/home/offroad/radar_ws/install/cpp_srvcli:/home/offroad/radar_ws/install/radar_conti_ars408_msgs:/home/offroad/radar_ws/install/cpp_pubsub:/home/offroad/radar_ws/install/can_msgs:/opt/ros/foxy LD_LIBRARY_PATH=/home/offroad/radar_ws/src/install/radar_conti_ars408_msgs/lib:/home/offroad/radar_ws/src/install/can_msgs/lib:/home/offroad/radar_ws/src/install/radar_conti_ars408/lib:/home/offroad/radar_ws/install/radar_conti_ars408/lib:/home/offroad/radar_ws/install/radar_conti_ars408_msgs/lib:/home/offroad/radar_ws/install/can_msgs/lib:/usr/lib/x86_64-linux-gnu/gazebo-11/plugins:/opt/ros/foxy/opt/yaml_cpp_vendor/lib:/opt/ros/foxy/opt/rviz_ogre_vendor/lib:/opt/ros/foxy/lib/x86_64-linux-gnu:/opt/ros/foxy/lib /usr/bin/cmake --install /home/offroad/radar_ws/src/build/radar_conti_ars408
