In file included from [01m[K/home/offroad/radar_ws/src/radar_conti_ars408/src/src/../include/radar_conti_ars408_component.hpp:24[m[K,
                 from [01m[K/home/offroad/radar_ws/src/radar_conti_ars408/src/src/radar_conti_ars408_component.cpp:14[m[K:
[01m[K/home/offroad/radar_ws/src/radar_conti_ars408/src/src/../include/visibility_control.h:43:[m[K [01;35m[Kwarning: [m[K"RADAR_CONTI_ARS408_RADAR_CONTI_ARS408" redefined
   43 |   #define RADAR_CONTI_ARS408_RADAR_CONTI_ARS408
      | 
[01m[K/home/offroad/radar_ws/src/radar_conti_ars408/src/src/../include/visibility_control.h:42:[m[K [01;36m[Knote: [m[Kthis is the location of the previous definition
   42 |   #define RADAR_CONTI_ARS408_RADAR_CONTI_ARS408 __attribute__ ((visibility("default")))
      | 
[01m[K/home/offroad/radar_ws/src/radar_conti_ars408/src/src/radar_conti_ars408_component.cpp:[m[K In member function ‘[01m[Kvirtual rclcpp_lifecycle::node_interfaces::LifecycleNodeInterface::CallbackReturn FHAC::radar_conti_ars408::on_shutdown(const rclcpp_lifecycle::State&)[m[K’:
[01m[K/home/offroad/radar_ws/src/radar_conti_ars408/src/src/radar_conti_ars408_component.cpp:68:34:[m[K [01;35m[Kwarning: [m[Kunused parameter ‘[01m[Kprevious_state[m[K’ [[01;35m[K-Wunused-parameter[m[K]
   68 |   [01;35m[Kconst rclcpp_lifecycle::State& previous_state[m[K)
      |   [01;35m[K~~~~~~~~~~~~~~~~~~~~~~~~~~~~~~~^~~~~~~~~~~~~~[m[K
[01m[K/home/offroad/radar_ws/src/radar_conti_ars408/src/src/radar_conti_ars408_component.cpp:[m[K In member function ‘[01m[Kvirtual rclcpp_lifecycle::node_interfaces::LifecycleNodeInterface::CallbackReturn FHAC::radar_conti_ars408::on_error(const rclcpp_lifecycle::State&)[m[K’:
[01m[K/home/offroad/radar_ws/src/radar_conti_ars408/src/src/radar_conti_ars408_component.cpp:76:36:[m[K [01;35m[Kwarning: [m[Kunused parameter ‘[01m[Kprevious_state[m[K’ [[01;35m[K-Wunused-parameter[m[K]
   76 |     [01;35m[Kconst rclcpp_lifecycle::State& previous_state[m[K)
      |     [01;35m[K~~~~~~~~~~~~~~~~~~~~~~~~~~~~~~~^~~~~~~~~~~~~~[m[K
[01m[K/home/offroad/radar_ws/src/radar_conti_ars408/src/src/radar_conti_ars408_component.cpp:[m[K In member function ‘[01m[Kvoid FHAC::radar_conti_ars408::publish_object_map()[m[K’:
[01m[K/home/offroad/radar_ws/src/radar_conti_ars408/src/src/radar_conti_ars408_component.cpp:424:105:[m[K [01;31m[Kerror: [m[Kno matching function for call to ‘[01m[Kto_string(std_msgs::msg::String_<std::allocator<void> >::_data_type&)[m[K’
  424 | std::to_string(itr->second.object_general.obj_dynprop.data[01;31m[K)[m[K + " \n"
      |                                                           [01;31m[K^[m[K

In file included from [01m[K/opt/ros/foxy/include/rclcpp/node_interfaces/node_parameters_interface.hpp:28[m[K,
                 from [01m[K/opt/ros/foxy/include/rclcpp/node.hpp:51[m[K,
                 from [01m[K/opt/ros/foxy/include/rclcpp/executors/single_threaded_executor.hpp:28[m[K,
                 from [01m[K/opt/ros/foxy/include/rclcpp/executors.hpp:22[m[K,
                 from [01m[K/opt/ros/foxy/include/rclcpp/rclcpp.hpp:146[m[K,
                 from [01m[K/home/offroad/radar_ws/src/radar_conti_ars408/src/src/../include/radar_conti_ars408_component.hpp:25[m[K,
                 from [01m[K/home/offroad/radar_ws/src/radar_conti_ars408/src/src/radar_conti_ars408_component.cpp:14[m[K:
[01m[K/opt/ros/foxy/include/rclcpp/parameter.hpp:287:1:[m[K [01;36m[Knote: [m[Kcandidate: ‘[01m[Kstd::string std::to_string(const rclcpp::Parameter&)[m[K’
  287 | [01;36m[Kto_string[m[K(const rclcpp::Parameter & param);
      | [01;36m[K^~~~~~~~~[m[K
[01m[K/opt/ros/foxy/include/rclcpp/parameter.hpp:287:37:[m[K [01;36m[Knote: [m[K  no known conversion for argument 1 from ‘[01m[Kstd_msgs::msg::String_<std::allocator<void> >::_data_type[m[K’ {aka ‘[01m[Kstd::__cxx11::basic_string<char>[m[K’} to ‘[01m[Kconst rclcpp::Parameter&[m[K’
  287 | to_string([01;36m[Kconst rclcpp::Parameter & param[m[K);
      |           [01;36m[K~~~~~~~~~~~~~~~~~~~~~~~~~~^~~~~[m[K
[01m[K/opt/ros/foxy/include/rclcpp/parameter.hpp:292:1:[m[K [01;36m[Knote: [m[Kcandidate: ‘[01m[Kstd::string std::to_string(const std::vector<rclcpp::Parameter>&)[m[K’
  292 | [01;36m[Kto_string[m[K(const std::vector<rclcpp::Parameter> & parameters);
      | [01;36m[K^~~~~~~~~[m[K
[01m[K/opt/ros/foxy/include/rclcpp/parameter.hpp:292:50:[m[K [01;36m[Knote: [m[K  no known conversion for argument 1 from ‘[01m[Kstd_msgs::msg::String_<std::allocator<void> >::_data_type[m[K’ {aka ‘[01m[Kstd::__cxx11::basic_string<char>[m[K’} to ‘[01m[Kconst std::vector<rclcpp::Parameter>&[m[K’
  292 | to_string([01;36m[Kconst std::vector<rclcpp::Parameter> & parameters[m[K);
      |           [01;36m[K~~~~~~~~~~~~~~~~~~~~~~~~~~~~~~~~~~~~~~~^~~~~~~~~~[m[K
In file included from [01m[K/usr/include/c++/9/string:55[m[K,
                 from [01m[K/usr/include/c++/9/bits/locale_classes.h:40[m[K,
                 from [01m[K/usr/include/c++/9/bits/ios_base.h:41[m[K,
                 from [01m[K/usr/include/c++/9/ios:42[m[K,
                 from [01m[K/usr/include/c++/9/ostream:38[m[K,
                 from [01m[K/usr/include/c++/9/iostream:39[m[K,
                 from [01m[K/home/offroad/radar_ws/src/radar_conti_ars408/src/src/../include/radar_conti_ars408_component.hpp:19[m[K,
                 from [01m[K/home/offroad/radar_ws/src/radar_conti_ars408/src/src/radar_conti_ars408_component.cpp:14[m[K:
[01m[K/usr/include/c++/9/bits/basic_string.h:6549:3:[m[K [01;36m[Knote: [m[Kcandidate: ‘[01m[Kstd::string std::__cxx11::to_string(int)[m[K’
 6549 |   [01;36m[Kto_string[m[K(int __val)
      |   [01;36m[K^~~~~~~~~[m[K
[01m[K/usr/include/c++/9/bits/basic_string.h:6549:17:[m[K [01;36m[Knote: [m[K  no known conversion for argument 1 from ‘[01m[Kstd_msgs::msg::String_<std::allocator<void> >::_data_type[m[K’ {aka ‘[01m[Kstd::__cxx11::basic_string<char>[m[K’} to ‘[01m[Kint[m[K’
 6549 |   to_string([01;36m[Kint __val[m[K)
      |             [01;36m[K~~~~^~~~~[m[K
[01m[K/usr/include/c++/9/bits/basic_string.h:6554:3:[m[K [01;36m[Knote: [m[Kcandidate: ‘[01m[Kstd::string std::__cxx11::to_string(unsigned int)[m[K’
 6554 |   [01;36m[Kto_string[m[K(unsigned __val)
      |   [01;36m[K^~~~~~~~~[m[K
[01m[K/usr/include/c++/9/bits/basic_string.h:6554:22:[m[K [01;36m[Knote: [m[K  no known conversion for argument 1 from ‘[01m[Kstd_msgs::msg::String_<std::allocator<void> >::_data_type[m[K’ {aka ‘[01m[Kstd::__cxx11::basic_string<char>[m[K’} to ‘[01m[Kunsigned int[m[K’
 6554 |   to_string([01;36m[Kunsigned __val[m[K)
      |             [01;36m[K~~~~~~~~~^~~~~[m[K
[01m[K/usr/include/c++/9/bits/basic_string.h:6560:3:[m[K [01;36m[Knote: [m[Kcandidate: ‘[01m[Kstd::string std::__cxx11::to_string(long int)[m[K’
 6560 |   [01;36m[Kto_string[m[K(long __val)
      |   [01;36m[K^~~~~~~~~[m[K
[01m[K/usr/include/c++/9/bits/basic_string.h:6560:18:[m[K [01;36m[Knote: [m[K  no known conversion for argument 1 from ‘[01m[Kstd_msgs::msg::String_<std::allocator<void> >::_data_type[m[K’ {aka ‘[01m[Kstd::__cxx11::basic_string<char>[m[K’} to ‘[01m[Klong int[m[K’
 6560 |   to_string([01;36m[Klong __val[m[K)
      |             [01;36m[K~~~~~^~~~~[m[K
[01m[K/usr/include/c++/9/bits/basic_string.h:6565:3:[m[K [01;36m[Knote: [m[Kcandidate: ‘[01m[Kstd::string std::__cxx11::to_string(long unsigned int)[m[K’
 6565 |   [01;36m[Kto_string[m[K(unsigned long __val)
      |   [01;36m[K^~~~~~~~~[m[K
[01m[K/usr/include/c++/9/bits/basic_string.h:6565:27:[m[K [01;36m[Knote: [m[K  no known conversion for argument 1 from ‘[01m[Kstd_msgs::msg::String_<std::allocator<void> >::_data_type[m[K’ {aka ‘[01m[Kstd::__cxx11::basic_string<char>[m[K’} to ‘[01m[Klong unsigned int[m[K’
 6565 |   to_string([01;36m[Kunsigned long __val[m[K)
      |             [01;36m[K~~~~~~~~~~~~~~^~~~~[m[K
[01m[K/usr/include/c++/9/bits/basic_string.h:6571:3:[m[K [01;36m[Knote: [m[Kcandidate: ‘[01m[Kstd::string std::__cxx11::to_string(long long int)[m[K’
 6571 |   [01;36m[Kto_string[m[K(long long __val)
      |   [01;36m[K^~~~~~~~~[m[K
[01m[K/usr/include/c++/9/bits/basic_string.h:6571:23:[m[K [01;36m[Knote: [m[K  no known conversion for argument 1 from ‘[01m[Kstd_msgs::msg::String_<std::allocator<void> >::_data_type[m[K’ {aka ‘[01m[Kstd::__cxx11::basic_string<char>[m[K’} to ‘[01m[Klong long int[m[K’
 6571 |   to_string([01;36m[Klong long __val[m[K)
      |             [01;36m[K~~~~~~~~~~^~~~~[m[K
[01m[K/usr/include/c++/9/bits/basic_string.h:6577:3:[m[K [01;36m[Knote: [m[Kcandidate: ‘[01m[Kstd::string std::__cxx11::to_string(long long unsigned int)[m[K’
 6577 |   [01;36m[Kto_string[m[K(unsigned long long __val)
      |   [01;36m[K^~~~~~~~~[m[K
[01m[K/usr/include/c++/9/bits/basic_string.h:6577:32:[m[K [01;36m[Knote: [m[K  no known conversion for argument 1 from ‘[01m[Kstd_msgs::msg::String_<std::allocator<void> >::_data_type[m[K’ {aka ‘[01m[Kstd::__cxx11::basic_string<char>[m[K’} to ‘[01m[Klong long unsigned int[m[K’
 6577 |   to_string([01;36m[Kunsigned long long __val[m[K)
      |             [01;36m[K~~~~~~~~~~~~~~~~~~~^~~~~[m[K
[01m[K/usr/include/c++/9/bits/basic_string.h:6583:3:[m[K [01;36m[Knote: [m[Kcandidate: ‘[01m[Kstd::string std::__cxx11::to_string(float)[m[K’
 6583 |   [01;36m[Kto_string[m[K(float __val)
      |   [01;36m[K^~~~~~~~~[m[K
[01m[K/usr/include/c++/9/bits/basic_string.h:6583:19:[m[K [01;36m[Knote: [m[K  no known conversion for argument 1 from ‘[01m[Kstd_msgs::msg::String_<std::allocator<void> >::_data_type[m[K’ {aka ‘[01m[Kstd::__cxx11::basic_string<char>[m[K’} to ‘[01m[Kfloat[m[K’
 6583 |   to_string([01;36m[Kfloat __val[m[K)
      |             [01;36m[K~~~~~~^~~~~[m[K
[01m[K/usr/include/c++/9/bits/basic_string.h:6592:3:[m[K [01;36m[Knote: [m[Kcandidate: ‘[01m[Kstd::string std::__cxx11::to_string(double)[m[K’
 6592 |   [01;36m[Kto_string[m[K(double __val)
      |   [01;36m[K^~~~~~~~~[m[K
[01m[K/usr/include/c++/9/bits/basic_string.h:6592:20:[m[K [01;36m[Knote: [m[K  no known conversion for argument 1 from ‘[01m[Kstd_msgs::msg::String_<std::allocator<void> >::_data_type[m[K’ {aka ‘[01m[Kstd::__cxx11::basic_string<char>[m[K’} to ‘[01m[Kdouble[m[K’
 6592 |   to_string([01;36m[Kdouble __val[m[K)
      |             [01;36m[K~~~~~~~^~~~~[m[K
[01m[K/usr/include/c++/9/bits/basic_string.h:6601:3:[m[K [01;36m[Knote: [m[Kcandidate: ‘[01m[Kstd::string std::__cxx11::to_string(long double)[m[K’
 6601 |   [01;36m[Kto_string[m[K(long double __val)
      |   [01;36m[K^~~~~~~~~[m[K
[01m[K/usr/include/c++/9/bits/basic_string.h:6601:25:[m[K [01;36m[Knote: [m[K  no known conversion for argument 1 from ‘[01m[Kstd_msgs::msg::String_<std::allocator<void> >::_data_type[m[K’ {aka ‘[01m[Kstd::__cxx11::basic_string<char>[m[K’} to ‘[01m[Klong double[m[K’
 6601 |   to_string([01;36m[Klong double __val[m[K)
      |             [01;36m[K~~~~~~~~~~~~^~~~~[m[K
make[2]: *** [CMakeFiles/radar_conti_ars408_component.dir/build.make:63: CMakeFiles/radar_conti_ars408_component.dir/src/radar_conti_ars408_component.cpp.o] Error 1
make[1]: *** [CMakeFiles/Makefile2:107: CMakeFiles/radar_conti_ars408_component.dir/all] Error 2
make: *** [Makefile:141: all] Error 2
