[0.033s] Invoking command in '/home/offroad/radar_ws/build/can_msgs': CMAKE_PREFIX_PATH=${CMAKE_PREFIX_PATH}:/opt/ros/foxy /usr/bin/cmake --build /home/offroad/radar_ws/build/can_msgs -- -j12 -l12
[0.142s] [  3%] Built target can_msgs__cpp
[0.145s] [ 12%] Built target can_msgs__rosidl_generator_c
[0.205s] [ 41%] Built target can_msgs__rosidl_typesupport_cpp
[0.210s] [ 41%] Built target can_msgs__rosidl_typesupport_c
[0.211s] [ 41%] Built target can_msgs__rosidl_typesupport_introspection_cpp
[0.213s] [ 51%] Built target can_msgs__rosidl_typesupport_introspection_c
[0.217s] [ 61%] Built target can_msgs__rosidl_typesupport_fastrtps_cpp
[0.278s] [ 70%] Built target can_msgs__rosidl_typesupport_fastrtps_c
[0.313s] [ 70%] Built target can_msgs
[0.352s] [ 74%] Built target can_msgs__py
[0.389s] [ 80%] Built target can_msgs__python
[0.452s] [ 87%] Built target can_msgs__rosidl_typesupport_c__pyext
[0.453s] [ 93%] Built target can_msgs__rosidl_typesupport_fastrtps_c__pyext
[0.459s] [100%] Built target can_msgs__rosidl_typesupport_introspection_c__pyext
[0.483s] Invoked command in '/home/offroad/radar_ws/build/can_msgs' returned '0': CMAKE_PREFIX_PATH=${CMAKE_PREFIX_PATH}:/opt/ros/foxy /usr/bin/cmake --build /home/offroad/radar_ws/build/can_msgs -- -j12 -l12
[0.671s] Invoking command in '/home/offroad/radar_ws/build/can_msgs': CMAKE_PREFIX_PATH=${CMAKE_PREFIX_PATH}:/opt/ros/foxy /usr/bin/cmake --install /home/offroad/radar_ws/build/can_msgs
[0.701s] -- Install configuration: ""
[0.702s] -- Up-to-date: /home/offroad/radar_ws/install/can_msgs/share/ament_index/resource_index/rosidl_interfaces/can_msgs
[0.703s] -- Up-to-date: /home/offroad/radar_ws/install/can_msgs/include/can_msgs
[0.704s] -- Up-to-date: /home/offroad/radar_ws/install/can_msgs/include/can_msgs/msg
[0.704s] -- Up-to-date: /home/offroad/radar_ws/install/can_msgs/include/can_msgs/msg/detail
[0.705s] -- Up-to-date: /home/offroad/radar_ws/install/can_msgs/include/can_msgs/msg/detail/frame__functions.h
[0.706s] -- Up-to-date: /home/offroad/radar_ws/install/can_msgs/include/can_msgs/msg/detail/frame__struct.h
[0.707s] -- Up-to-date: /home/offroad/radar_ws/install/can_msgs/include/can_msgs/msg/detail/frame__functions.c
[0.708s] -- Up-to-date: /home/offroad/radar_ws/install/can_msgs/include/can_msgs/msg/detail/frame__type_support.h
[0.708s] -- Up-to-date: /home/offroad/radar_ws/install/can_msgs/include/can_msgs/msg/rosidl_generator_c__visibility_control.h
[0.708s] -- Up-to-date: /home/offroad/radar_ws/install/can_msgs/include/can_msgs/msg/frame.h
[0.709s] -- Up-to-date: /home/offroad/radar_ws/install/can_msgs/share/can_msgs/environment/library_path.sh
[0.710s] -- Up-to-date: /home/offroad/radar_ws/install/can_msgs/share/can_msgs/environment/library_path.dsv
[0.713s] -- Up-to-date: /home/offroad/radar_ws/install/can_msgs/lib/libcan_msgs__rosidl_generator_c.so
[0.714s] -- Up-to-date: /home/offroad/radar_ws/install/can_msgs/include/can_msgs
[0.715s] -- Up-to-date: /home/offroad/radar_ws/install/can_msgs/include/can_msgs/msg
[0.715s] -- Up-to-date: /home/offroad/radar_ws/install/can_msgs/include/can_msgs/msg/detail
[0.715s] -- Up-to-date: /home/offroad/radar_ws/install/can_msgs/include/can_msgs/msg/detail/frame__rosidl_typesupport_fastrtps_c.h
[0.715s] -- Up-to-date: /home/offroad/radar_ws/install/can_msgs/include/can_msgs/msg/rosidl_typesupport_fastrtps_c__visibility_control.h
[0.715s] -- Up-to-date: /home/offroad/radar_ws/install/can_msgs/lib/libcan_msgs__rosidl_typesupport_fastrtps_c.so
[0.716s] -- Up-to-date: /home/offroad/radar_ws/install/can_msgs/include/can_msgs
[0.716s] -- Up-to-date: /home/offroad/radar_ws/install/can_msgs/include/can_msgs/msg
[0.716s] -- Up-to-date: /home/offroad/radar_ws/install/can_msgs/include/can_msgs/msg/detail
[0.716s] -- Up-to-date: /home/offroad/radar_ws/install/can_msgs/include/can_msgs/msg/detail/dds_fastrtps
[0.716s] -- Up-to-date: /home/offroad/radar_ws/install/can_msgs/include/can_msgs/msg/detail/frame__rosidl_typesupport_fastrtps_cpp.hpp
[0.716s] -- Up-to-date: /home/offroad/radar_ws/install/can_msgs/include/can_msgs/msg/rosidl_typesupport_fastrtps_cpp__visibility_control.h
[0.717s] -- Up-to-date: /home/offroad/radar_ws/install/can_msgs/lib/libcan_msgs__rosidl_typesupport_fastrtps_cpp.so
[0.717s] -- Up-to-date: /home/offroad/radar_ws/install/can_msgs/include/can_msgs
[0.717s] -- Up-to-date: /home/offroad/radar_ws/install/can_msgs/include/can_msgs/msg
[0.718s] -- Up-to-date: /home/offroad/radar_ws/install/can_msgs/include/can_msgs/msg/detail
[0.718s] -- Up-to-date: /home/offroad/radar_ws/install/can_msgs/include/can_msgs/msg/detail/frame__rosidl_typesupport_introspection_c.h
[0.718s] -- Up-to-date: /home/offroad/radar_ws/install/can_msgs/include/can_msgs/msg/detail/frame__type_support.c
[0.718s] -- Up-to-date: /home/offroad/radar_ws/install/can_msgs/include/can_msgs/msg/rosidl_typesupport_introspection_c__visibility_control.h
[0.718s] -- Up-to-date: /home/offroad/radar_ws/install/can_msgs/lib/libcan_msgs__rosidl_typesupport_introspection_c.so
[0.719s] -- Up-to-date: /home/offroad/radar_ws/install/can_msgs/lib/libcan_msgs__rosidl_typesupport_c.so
[0.719s] -- Up-to-date: /home/offroad/radar_ws/install/can_msgs/include/can_msgs
[0.719s] -- Up-to-date: /home/offroad/radar_ws/install/can_msgs/include/can_msgs/msg
[0.720s] -- Up-to-date: /home/offroad/radar_ws/install/can_msgs/include/can_msgs/msg/detail
[0.720s] -- Up-to-date: /home/offroad/radar_ws/install/can_msgs/include/can_msgs/msg/detail/frame__builder.hpp
[0.720s] -- Up-to-date: /home/offroad/radar_ws/install/can_msgs/include/can_msgs/msg/detail/frame__traits.hpp
[0.720s] -- Up-to-date: /home/offroad/radar_ws/install/can_msgs/include/can_msgs/msg/detail/frame__struct.hpp
[0.721s] -- Up-to-date: /home/offroad/radar_ws/install/can_msgs/include/can_msgs/msg/frame.hpp
[0.721s] -- Up-to-date: /home/offroad/radar_ws/install/can_msgs/include/can_msgs
[0.722s] -- Up-to-date: /home/offroad/radar_ws/install/can_msgs/include/can_msgs/msg
[0.722s] -- Up-to-date: /home/offroad/radar_ws/install/can_msgs/include/can_msgs/msg/detail
[0.722s] -- Up-to-date: /home/offroad/radar_ws/install/can_msgs/include/can_msgs/msg/detail/frame__type_support.cpp
[0.723s] -- Up-to-date: /home/offroad/radar_ws/install/can_msgs/include/can_msgs/msg/detail/frame__rosidl_typesupport_introspection_cpp.hpp
[0.723s] -- Up-to-date: /home/offroad/radar_ws/install/can_msgs/lib/libcan_msgs__rosidl_typesupport_introspection_cpp.so
[0.723s] -- Up-to-date: /home/offroad/radar_ws/install/can_msgs/lib/libcan_msgs__rosidl_typesupport_cpp.so
[0.724s] -- Up-to-date: /home/offroad/radar_ws/install/can_msgs/share/can_msgs/environment/pythonpath.sh
[0.724s] -- Up-to-date: /home/offroad/radar_ws/install/can_msgs/share/can_msgs/environment/pythonpath.dsv
[0.724s] -- Up-to-date: /home/offroad/radar_ws/install/can_msgs/lib/python3.8/site-packages/can_msgs/__init__.py
[0.804s] -- Up-to-date: /home/offroad/radar_ws/install/can_msgs/lib/python3.8/site-packages/can_msgs/msg
[0.806s] -- Up-to-date: /home/offroad/radar_ws/install/can_msgs/lib/python3.8/site-packages/can_msgs/msg/__init__.py
[0.806s] -- Up-to-date: /home/offroad/radar_ws/install/can_msgs/lib/python3.8/site-packages/can_msgs/msg/_frame.py
[0.806s] -- Up-to-date: /home/offroad/radar_ws/install/can_msgs/lib/python3.8/site-packages/can_msgs/msg/_frame_s.c
[0.807s] -- Up-to-date: /home/offroad/radar_ws/install/can_msgs/lib/python3.8/site-packages/can_msgs/can_msgs_s__rosidl_typesupport_fastrtps_c.cpython-38-x86_64-linux-gnu.so
[0.807s] -- Up-to-date: /home/offroad/radar_ws/install/can_msgs/lib/python3.8/site-packages/can_msgs/can_msgs_s__rosidl_typesupport_introspection_c.cpython-38-x86_64-linux-gnu.so
[0.807s] -- Up-to-date: /home/offroad/radar_ws/install/can_msgs/lib/python3.8/site-packages/can_msgs/can_msgs_s__rosidl_typesupport_c.cpython-38-x86_64-linux-gnu.so
[0.807s] -- Up-to-date: /home/offroad/radar_ws/install/can_msgs/lib/libcan_msgs__python.so
[0.808s] -- Up-to-date: /home/offroad/radar_ws/install/can_msgs/share/can_msgs/msg/Frame.idl
[0.809s] -- Up-to-date: /home/offroad/radar_ws/install/can_msgs/share/can_msgs/msg/Frame.msg
[0.809s] -- Up-to-date: /home/offroad/radar_ws/install/can_msgs/share/ament_index/resource_index/package_run_dependencies/can_msgs
[0.809s] -- Up-to-date: /home/offroad/radar_ws/install/can_msgs/share/ament_index/resource_index/parent_prefix_path/can_msgs
[0.809s] -- Up-to-date: /home/offroad/radar_ws/install/can_msgs/share/can_msgs/environment/ament_prefix_path.sh
[0.810s] -- Up-to-date: /home/offroad/radar_ws/install/can_msgs/share/can_msgs/environment/ament_prefix_path.dsv
[0.810s] -- Up-to-date: /home/offroad/radar_ws/install/can_msgs/share/can_msgs/environment/path.sh
[0.810s] -- Up-to-date: /home/offroad/radar_ws/install/can_msgs/share/can_msgs/environment/path.dsv
[0.810s] -- Up-to-date: /home/offroad/radar_ws/install/can_msgs/share/can_msgs/local_setup.bash
[0.810s] -- Up-to-date: /home/offroad/radar_ws/install/can_msgs/share/can_msgs/local_setup.sh
[0.811s] -- Up-to-date: /home/offroad/radar_ws/install/can_msgs/share/can_msgs/local_setup.zsh
[0.812s] -- Up-to-date: /home/offroad/radar_ws/install/can_msgs/share/can_msgs/local_setup.dsv
[0.812s] -- Installing: /home/offroad/radar_ws/install/can_msgs/share/can_msgs/package.dsv
[0.812s] -- Up-to-date: /home/offroad/radar_ws/install/can_msgs/share/ament_index/resource_index/packages/can_msgs
[0.812s] -- Up-to-date: /home/offroad/radar_ws/install/can_msgs/share/can_msgs/cmake/can_msgs__rosidl_generator_cExport.cmake
[0.812s] -- Up-to-date: /home/offroad/radar_ws/install/can_msgs/share/can_msgs/cmake/can_msgs__rosidl_generator_cExport-noconfig.cmake
[0.813s] -- Up-to-date: /home/offroad/radar_ws/install/can_msgs/share/can_msgs/cmake/can_msgs__rosidl_typesupport_introspection_cExport.cmake
[0.813s] -- Up-to-date: /home/offroad/radar_ws/install/can_msgs/share/can_msgs/cmake/can_msgs__rosidl_typesupport_introspection_cExport-noconfig.cmake
[0.814s] -- Up-to-date: /home/offroad/radar_ws/install/can_msgs/share/can_msgs/cmake/can_msgs__rosidl_typesupport_cExport.cmake
[0.814s] -- Up-to-date: /home/offroad/radar_ws/install/can_msgs/share/can_msgs/cmake/can_msgs__rosidl_typesupport_cExport-noconfig.cmake
[0.814s] -- Up-to-date: /home/offroad/radar_ws/install/can_msgs/share/can_msgs/cmake/can_msgs__rosidl_generator_cppExport.cmake
[0.815s] -- Up-to-date: /home/offroad/radar_ws/install/can_msgs/share/can_msgs/cmake/can_msgs__rosidl_typesupport_introspection_cppExport.cmake
[0.815s] -- Up-to-date: /home/offroad/radar_ws/install/can_msgs/share/can_msgs/cmake/can_msgs__rosidl_typesupport_introspection_cppExport-noconfig.cmake
[0.815s] -- Up-to-date: /home/offroad/radar_ws/install/can_msgs/share/can_msgs/cmake/can_msgs__rosidl_typesupport_cppExport.cmake
[0.815s] -- Up-to-date: /home/offroad/radar_ws/install/can_msgs/share/can_msgs/cmake/can_msgs__rosidl_typesupport_cppExport-noconfig.cmake
[0.815s] -- Up-to-date: /home/offroad/radar_ws/install/can_msgs/share/can_msgs/cmake/rosidl_cmake-extras.cmake
[0.815s] -- Up-to-date: /home/offroad/radar_ws/install/can_msgs/share/can_msgs/cmake/ament_cmake_export_dependencies-extras.cmake
[0.815s] -- Up-to-date: /home/offroad/radar_ws/install/can_msgs/share/can_msgs/cmake/ament_cmake_export_libraries-extras.cmake
[0.815s] -- Up-to-date: /home/offroad/radar_ws/install/can_msgs/share/can_msgs/cmake/ament_cmake_export_targets-extras.cmake
[0.816s] -- Up-to-date: /home/offroad/radar_ws/install/can_msgs/share/can_msgs/cmake/ament_cmake_export_include_directories-extras.cmake
[0.817s] -- Up-to-date: /home/offroad/radar_ws/install/can_msgs/share/can_msgs/cmake/rosidl_cmake_export_typesupport_libraries-extras.cmake
[0.819s] -- Up-to-date: /home/offroad/radar_ws/install/can_msgs/share/can_msgs/cmake/rosidl_cmake_export_typesupport_targets-extras.cmake
[0.820s] -- Up-to-date: /home/offroad/radar_ws/install/can_msgs/share/can_msgs/cmake/can_msgsConfig.cmake
[0.821s] -- Up-to-date: /home/offroad/radar_ws/install/can_msgs/share/can_msgs/cmake/can_msgsConfig-version.cmake
[0.823s] -- Up-to-date: /home/offroad/radar_ws/install/can_msgs/share/can_msgs/package.xml
[0.823s] Invoked command in '/home/offroad/radar_ws/build/can_msgs' returned '0': CMAKE_PREFIX_PATH=${CMAKE_PREFIX_PATH}:/opt/ros/foxy /usr/bin/cmake --install /home/offroad/radar_ws/build/can_msgs
