[0.102s] Invoking command in '/home/offroad/radar_ws/src/build/radar_conti_ars408_msgs': CMAKE_PREFIX_PATH=${CMAKE_PREFIX_PATH}:/opt/ros/foxy /usr/bin/cmake --build /home/offroad/radar_ws/src/build/radar_conti_ars408_msgs -- -j12 -l12
[0.305s] [  0%] Built target radar_conti_ars408_msgs__cpp
[0.317s] [ 12%] Built target radar_conti_ars408_msgs__rosidl_generator_c
[0.470s] [ 24%] Built target radar_conti_ars408_msgs__rosidl_typesupport_cpp
[0.481s] [ 36%] Built target radar_conti_ars408_msgs__rosidl_typesupport_c
[0.493s] [ 48%] Built target radar_conti_ars408_msgs__rosidl_typesupport_introspection_cpp
[0.504s] [ 60%] Built target radar_conti_ars408_msgs__rosidl_typesupport_fastrtps_cpp
[0.512s] [ 72%] Built target radar_conti_ars408_msgs__rosidl_typesupport_introspection_c
[0.619s] [ 84%] Built target radar_conti_ars408_msgs__rosidl_typesupport_fastrtps_c
[0.701s] [ 84%] Built target radar_conti_ars408_msgs
[0.772s] [ 85%] Built target radar_conti_ars408_msgs__py
[0.886s] [ 96%] Built target radar_conti_ars408_msgs__python
[0.957s] [ 99%] Built target radar_conti_ars408_msgs__rosidl_typesupport_c__pyext
[0.962s] [ 99%] Built target radar_conti_ars408_msgs__rosidl_typesupport_introspection_c__pyext
[0.976s] [100%] Built target radar_conti_ars408_msgs__rosidl_typesupport_fastrtps_c__pyext
[1.017s] Invoked command in '/home/offroad/radar_ws/src/build/radar_conti_ars408_msgs' returned '0': CMAKE_PREFIX_PATH=${CMAKE_PREFIX_PATH}:/opt/ros/foxy /usr/bin/cmake --build /home/offroad/radar_ws/src/build/radar_conti_ars408_msgs -- -j12 -l12
[1.719s] Invoking command in '/home/offroad/radar_ws/src/build/radar_conti_ars408_msgs': CMAKE_PREFIX_PATH=${CMAKE_PREFIX_PATH}:/opt/ros/foxy /usr/bin/cmake --install /home/offroad/radar_ws/src/build/radar_conti_ars408_msgs
[1.743s] -- Install configuration: ""
[1.744s] -- Up-to-date: /home/offroad/radar_ws/src/install/radar_conti_ars408_msgs/share/ament_index/resource_index/rosidl_interfaces/radar_conti_ars408_msgs
[1.744s] -- Up-to-date: /home/offroad/radar_ws/src/install/radar_conti_ars408_msgs/include/radar_conti_ars408_msgs
[1.744s] -- Up-to-date: /home/offroad/radar_ws/src/install/radar_conti_ars408_msgs/include/radar_conti_ars408_msgs/srv
[1.745s] -- Up-to-date: /home/offroad/radar_ws/src/install/radar_conti_ars408_msgs/include/radar_conti_ars408_msgs/srv/detail
[1.745s] -- Up-to-date: /home/offroad/radar_ws/src/install/radar_conti_ars408_msgs/include/radar_conti_ars408_msgs/srv/detail/add_three_ints__functions.h
[1.745s] -- Up-to-date: /home/offroad/radar_ws/src/install/radar_conti_ars408_msgs/include/radar_conti_ars408_msgs/srv/detail/add_three_ints__functions.c
[1.745s] -- Up-to-date: /home/offroad/radar_ws/src/install/radar_conti_ars408_msgs/include/radar_conti_ars408_msgs/srv/detail/add_three_ints__type_support.h
[1.745s] -- Up-to-date: /home/offroad/radar_ws/src/install/radar_conti_ars408_msgs/include/radar_conti_ars408_msgs/srv/detail/add_three_ints__struct.h
[1.745s] -- Up-to-date: /home/offroad/radar_ws/src/install/radar_conti_ars408_msgs/include/radar_conti_ars408_msgs/srv/add_three_ints.h
[1.746s] -- Up-to-date: /home/offroad/radar_ws/src/install/radar_conti_ars408_msgs/include/radar_conti_ars408_msgs/msg
[1.746s] -- Up-to-date: /home/offroad/radar_ws/src/install/radar_conti_ars408_msgs/include/radar_conti_ars408_msgs/msg/detail
[1.746s] -- Up-to-date: /home/offroad/radar_ws/src/install/radar_conti_ars408_msgs/include/radar_conti_ars408_msgs/msg/detail/cluster_list__functions.c
[1.746s] -- Up-to-date: /home/offroad/radar_ws/src/install/radar_conti_ars408_msgs/include/radar_conti_ars408_msgs/msg/detail/cluster_quality__struct.h
[1.746s] -- Up-to-date: /home/offroad/radar_ws/src/install/radar_conti_ars408_msgs/include/radar_conti_ars408_msgs/msg/detail/radar_configuration__struct.h
[1.746s] -- Up-to-date: /home/offroad/radar_ws/src/install/radar_conti_ars408_msgs/include/radar_conti_ars408_msgs/msg/detail/version_id__type_support.h
[1.746s] -- Up-to-date: /home/offroad/radar_ws/src/install/radar_conti_ars408_msgs/include/radar_conti_ars408_msgs/msg/detail/cluster_general__functions.h
[1.747s] -- Up-to-date: /home/offroad/radar_ws/src/install/radar_conti_ars408_msgs/include/radar_conti_ars408_msgs/msg/detail/filter_state_header__type_support.h
[1.747s] -- Up-to-date: /home/offroad/radar_ws/src/install/radar_conti_ars408_msgs/include/radar_conti_ars408_msgs/msg/detail/object_quality__struct.h
[1.747s] -- Up-to-date: /home/offroad/radar_ws/src/install/radar_conti_ars408_msgs/include/radar_conti_ars408_msgs/msg/detail/cluster__functions.h
[1.747s] -- Up-to-date: /home/offroad/radar_ws/src/install/radar_conti_ars408_msgs/include/radar_conti_ars408_msgs/msg/detail/filter_state_cfg__struct.h
[1.748s] -- Up-to-date: /home/offroad/radar_ws/src/install/radar_conti_ars408_msgs/include/radar_conti_ars408_msgs/msg/detail/cluster_general__struct.h
[1.748s] -- Up-to-date: /home/offroad/radar_ws/src/install/radar_conti_ars408_msgs/include/radar_conti_ars408_msgs/msg/detail/object_list__functions.h
[1.748s] -- Up-to-date: /home/offroad/radar_ws/src/install/radar_conti_ars408_msgs/include/radar_conti_ars408_msgs/msg/detail/filter_state_header__functions.h
[1.748s] -- Up-to-date: /home/offroad/radar_ws/src/install/radar_conti_ars408_msgs/include/radar_conti_ars408_msgs/msg/detail/cluster_list__struct.h
[1.748s] -- Up-to-date: /home/offroad/radar_ws/src/install/radar_conti_ars408_msgs/include/radar_conti_ars408_msgs/msg/detail/version_id__functions.h
[1.748s] -- Up-to-date: /home/offroad/radar_ws/src/install/radar_conti_ars408_msgs/include/radar_conti_ars408_msgs/msg/detail/cluster__functions.c
[1.748s] -- Up-to-date: /home/offroad/radar_ws/src/install/radar_conti_ars408_msgs/include/radar_conti_ars408_msgs/msg/detail/filter_state_cfg__type_support.h
[1.748s] -- Up-to-date: /home/offroad/radar_ws/src/install/radar_conti_ars408_msgs/include/radar_conti_ars408_msgs/msg/detail/num__struct.h
[1.749s] -- Up-to-date: /home/offroad/radar_ws/src/install/radar_conti_ars408_msgs/include/radar_conti_ars408_msgs/msg/detail/radar_state__functions.h
[1.749s] -- Up-to-date: /home/offroad/radar_ws/src/install/radar_conti_ars408_msgs/include/radar_conti_ars408_msgs/msg/detail/object_extended__struct.h
[1.749s] -- Up-to-date: /home/offroad/radar_ws/src/install/radar_conti_ars408_msgs/include/radar_conti_ars408_msgs/msg/detail/num__functions.c
[1.749s] -- Up-to-date: /home/offroad/radar_ws/src/install/radar_conti_ars408_msgs/include/radar_conti_ars408_msgs/msg/detail/radar_configuration__type_support.h
[1.749s] -- Up-to-date: /home/offroad/radar_ws/src/install/radar_conti_ars408_msgs/include/radar_conti_ars408_msgs/msg/detail/version_id__functions.c
[1.750s] -- Up-to-date: /home/offroad/radar_ws/src/install/radar_conti_ars408_msgs/include/radar_conti_ars408_msgs/msg/detail/object_list__struct.h
[1.750s] -- Up-to-date: /home/offroad/radar_ws/src/install/radar_conti_ars408_msgs/include/radar_conti_ars408_msgs/msg/detail/object_general__functions.c
[1.750s] -- Up-to-date: /home/offroad/radar_ws/src/install/radar_conti_ars408_msgs/include/radar_conti_ars408_msgs/msg/detail/filter_cfg__type_support.h
[1.750s] -- Up-to-date: /home/offroad/radar_ws/src/install/radar_conti_ars408_msgs/include/radar_conti_ars408_msgs/msg/detail/filter_state_header__functions.c
[1.750s] -- Up-to-date: /home/offroad/radar_ws/src/install/radar_conti_ars408_msgs/include/radar_conti_ars408_msgs/msg/detail/cluster_status__functions.h
[1.750s] -- Up-to-date: /home/offroad/radar_ws/src/install/radar_conti_ars408_msgs/include/radar_conti_ars408_msgs/msg/detail/cluster_list__type_support.h
[1.750s] -- Up-to-date: /home/offroad/radar_ws/src/install/radar_conti_ars408_msgs/include/radar_conti_ars408_msgs/msg/detail/radar_configuration__functions.h
[1.751s] -- Up-to-date: /home/offroad/radar_ws/src/install/radar_conti_ars408_msgs/include/radar_conti_ars408_msgs/msg/detail/object_status__struct.h
[1.751s] -- Up-to-date: /home/offroad/radar_ws/src/install/radar_conti_ars408_msgs/include/radar_conti_ars408_msgs/msg/detail/cluster_status__struct.h
[1.751s] -- Up-to-date: /home/offroad/radar_ws/src/install/radar_conti_ars408_msgs/include/radar_conti_ars408_msgs/msg/detail/object_general__struct.h
[1.751s] -- Up-to-date: /home/offroad/radar_ws/src/install/radar_conti_ars408_msgs/include/radar_conti_ars408_msgs/msg/detail/filter_state_cfg__functions.h
[1.752s] -- Up-to-date: /home/offroad/radar_ws/src/install/radar_conti_ars408_msgs/include/radar_conti_ars408_msgs/msg/detail/radar_configuration__functions.c
[1.752s] -- Up-to-date: /home/offroad/radar_ws/src/install/radar_conti_ars408_msgs/include/radar_conti_ars408_msgs/msg/detail/object_quality__type_support.h
[1.752s] -- Up-to-date: /home/offroad/radar_ws/src/install/radar_conti_ars408_msgs/include/radar_conti_ars408_msgs/msg/detail/filter_state_header__struct.h
[1.752s] -- Up-to-date: /home/offroad/radar_ws/src/install/radar_conti_ars408_msgs/include/radar_conti_ars408_msgs/msg/detail/cluster_list__functions.h
[1.752s] -- Up-to-date: /home/offroad/radar_ws/src/install/radar_conti_ars408_msgs/include/radar_conti_ars408_msgs/msg/detail/cluster__type_support.h
[1.752s] -- Up-to-date: /home/offroad/radar_ws/src/install/radar_conti_ars408_msgs/include/radar_conti_ars408_msgs/msg/detail/object_extended__functions.c
[1.753s] -- Up-to-date: /home/offroad/radar_ws/src/install/radar_conti_ars408_msgs/include/radar_conti_ars408_msgs/msg/detail/cluster_status__type_support.h
[1.753s] -- Up-to-date: /home/offroad/radar_ws/src/install/radar_conti_ars408_msgs/include/radar_conti_ars408_msgs/msg/detail/object__functions.c
[1.753s] -- Up-to-date: /home/offroad/radar_ws/src/install/radar_conti_ars408_msgs/include/radar_conti_ars408_msgs/msg/detail/filter_cfg__functions.c
[1.753s] -- Up-to-date: /home/offroad/radar_ws/src/install/radar_conti_ars408_msgs/include/radar_conti_ars408_msgs/msg/detail/object_extended__type_support.h
[1.754s] -- Up-to-date: /home/offroad/radar_ws/src/install/radar_conti_ars408_msgs/include/radar_conti_ars408_msgs/msg/detail/object_extended__functions.h
[1.754s] -- Up-to-date: /home/offroad/radar_ws/src/install/radar_conti_ars408_msgs/include/radar_conti_ars408_msgs/msg/detail/version_id__struct.h
[1.754s] -- Up-to-date: /home/offroad/radar_ws/src/install/radar_conti_ars408_msgs/include/radar_conti_ars408_msgs/msg/detail/object__type_support.h
[1.756s] -- Up-to-date: /home/offroad/radar_ws/src/install/radar_conti_ars408_msgs/include/radar_conti_ars408_msgs/msg/detail/cluster_quality__functions.c
[1.758s] -- Up-to-date: /home/offroad/radar_ws/src/install/radar_conti_ars408_msgs/include/radar_conti_ars408_msgs/msg/detail/object_quality__functions.h
[1.759s] -- Up-to-date: /home/offroad/radar_ws/src/install/radar_conti_ars408_msgs/include/radar_conti_ars408_msgs/msg/detail/cluster_general__functions.c
[1.759s] -- Up-to-date: /home/offroad/radar_ws/src/install/radar_conti_ars408_msgs/include/radar_conti_ars408_msgs/msg/detail/cluster_general__type_support.h
[1.759s] -- Up-to-date: /home/offroad/radar_ws/src/install/radar_conti_ars408_msgs/include/radar_conti_ars408_msgs/msg/detail/radar_state__type_support.h
[1.759s] -- Up-to-date: /home/offroad/radar_ws/src/install/radar_conti_ars408_msgs/include/radar_conti_ars408_msgs/msg/detail/object_status__functions.c
[1.759s] -- Up-to-date: /home/offroad/radar_ws/src/install/radar_conti_ars408_msgs/include/radar_conti_ars408_msgs/msg/detail/object_status__functions.h
[1.760s] -- Up-to-date: /home/offroad/radar_ws/src/install/radar_conti_ars408_msgs/include/radar_conti_ars408_msgs/msg/detail/num__type_support.h
[1.760s] -- Up-to-date: /home/offroad/radar_ws/src/install/radar_conti_ars408_msgs/include/radar_conti_ars408_msgs/msg/detail/object_list__functions.c
[1.760s] -- Up-to-date: /home/offroad/radar_ws/src/install/radar_conti_ars408_msgs/include/radar_conti_ars408_msgs/msg/detail/radar_state__struct.h
[1.761s] -- Up-to-date: /home/offroad/radar_ws/src/install/radar_conti_ars408_msgs/include/radar_conti_ars408_msgs/msg/detail/object_list__type_support.h
[1.762s] -- Up-to-date: /home/offroad/radar_ws/src/install/radar_conti_ars408_msgs/include/radar_conti_ars408_msgs/msg/detail/radar_state__functions.c
[1.762s] -- Up-to-date: /home/offroad/radar_ws/src/install/radar_conti_ars408_msgs/include/radar_conti_ars408_msgs/msg/detail/filter_cfg__functions.h
[1.763s] -- Up-to-date: /home/offroad/radar_ws/src/install/radar_conti_ars408_msgs/include/radar_conti_ars408_msgs/msg/detail/filter_state_cfg__functions.c
[1.763s] -- Up-to-date: /home/offroad/radar_ws/src/install/radar_conti_ars408_msgs/include/radar_conti_ars408_msgs/msg/detail/cluster_quality__type_support.h
[1.763s] -- Up-to-date: /home/offroad/radar_ws/src/install/radar_conti_ars408_msgs/include/radar_conti_ars408_msgs/msg/detail/object_general__type_support.h
[1.763s] -- Up-to-date: /home/offroad/radar_ws/src/install/radar_conti_ars408_msgs/include/radar_conti_ars408_msgs/msg/detail/num__functions.h
[1.764s] -- Up-to-date: /home/offroad/radar_ws/src/install/radar_conti_ars408_msgs/include/radar_conti_ars408_msgs/msg/detail/filter_cfg__struct.h
[1.765s] -- Up-to-date: /home/offroad/radar_ws/src/install/radar_conti_ars408_msgs/include/radar_conti_ars408_msgs/msg/detail/object_status__type_support.h
[1.766s] -- Up-to-date: /home/offroad/radar_ws/src/install/radar_conti_ars408_msgs/include/radar_conti_ars408_msgs/msg/detail/object__struct.h
[1.766s] -- Up-to-date: /home/offroad/radar_ws/src/install/radar_conti_ars408_msgs/include/radar_conti_ars408_msgs/msg/detail/cluster_status__functions.c
[1.766s] -- Up-to-date: /home/offroad/radar_ws/src/install/radar_conti_ars408_msgs/include/radar_conti_ars408_msgs/msg/detail/object__functions.h
[1.766s] -- Up-to-date: /home/offroad/radar_ws/src/install/radar_conti_ars408_msgs/include/radar_conti_ars408_msgs/msg/detail/cluster__struct.h
[1.766s] -- Up-to-date: /home/offroad/radar_ws/src/install/radar_conti_ars408_msgs/include/radar_conti_ars408_msgs/msg/detail/object_quality__functions.c
[1.766s] -- Up-to-date: /home/offroad/radar_ws/src/install/radar_conti_ars408_msgs/include/radar_conti_ars408_msgs/msg/detail/object_general__functions.h
[1.766s] -- Up-to-date: /home/offroad/radar_ws/src/install/radar_conti_ars408_msgs/include/radar_conti_ars408_msgs/msg/detail/cluster_quality__functions.h
[1.767s] -- Up-to-date: /home/offroad/radar_ws/src/install/radar_conti_ars408_msgs/include/radar_conti_ars408_msgs/msg/object_status.h
[1.767s] -- Up-to-date: /home/offroad/radar_ws/src/install/radar_conti_ars408_msgs/include/radar_conti_ars408_msgs/msg/radar_configuration.h
[1.767s] -- Up-to-date: /home/offroad/radar_ws/src/install/radar_conti_ars408_msgs/include/radar_conti_ars408_msgs/msg/cluster_list.h
[1.767s] -- Up-to-date: /home/offroad/radar_ws/src/install/radar_conti_ars408_msgs/include/radar_conti_ars408_msgs/msg/rosidl_generator_c__visibility_control.h
[1.767s] -- Up-to-date: /home/offroad/radar_ws/src/install/radar_conti_ars408_msgs/include/radar_conti_ars408_msgs/msg/cluster_general.h
[1.767s] -- Up-to-date: /home/offroad/radar_ws/src/install/radar_conti_ars408_msgs/include/radar_conti_ars408_msgs/msg/object_extended.h
[1.767s] -- Up-to-date: /home/offroad/radar_ws/src/install/radar_conti_ars408_msgs/include/radar_conti_ars408_msgs/msg/filter_cfg.h
[1.767s] -- Up-to-date: /home/offroad/radar_ws/src/install/radar_conti_ars408_msgs/include/radar_conti_ars408_msgs/msg/num.h
[1.767s] -- Up-to-date: /home/offroad/radar_ws/src/install/radar_conti_ars408_msgs/include/radar_conti_ars408_msgs/msg/filter_state_header.h
[1.767s] -- Up-to-date: /home/offroad/radar_ws/src/install/radar_conti_ars408_msgs/include/radar_conti_ars408_msgs/msg/object_general.h
[1.767s] -- Up-to-date: /home/offroad/radar_ws/src/install/radar_conti_ars408_msgs/include/radar_conti_ars408_msgs/msg/radar_state.h
[1.767s] -- Up-to-date: /home/offroad/radar_ws/src/install/radar_conti_ars408_msgs/include/radar_conti_ars408_msgs/msg/version_id.h
[1.767s] -- Up-to-date: /home/offroad/radar_ws/src/install/radar_conti_ars408_msgs/include/radar_conti_ars408_msgs/msg/object.h
[1.768s] -- Up-to-date: /home/offroad/radar_ws/src/install/radar_conti_ars408_msgs/include/radar_conti_ars408_msgs/msg/cluster_status.h
[1.768s] -- Up-to-date: /home/offroad/radar_ws/src/install/radar_conti_ars408_msgs/include/radar_conti_ars408_msgs/msg/filter_state_cfg.h
[1.768s] -- Up-to-date: /home/offroad/radar_ws/src/install/radar_conti_ars408_msgs/include/radar_conti_ars408_msgs/msg/cluster.h
[1.768s] -- Up-to-date: /home/offroad/radar_ws/src/install/radar_conti_ars408_msgs/include/radar_conti_ars408_msgs/msg/object_list.h
[1.768s] -- Up-to-date: /home/offroad/radar_ws/src/install/radar_conti_ars408_msgs/include/radar_conti_ars408_msgs/msg/object_quality.h
[1.768s] -- Up-to-date: /home/offroad/radar_ws/src/install/radar_conti_ars408_msgs/include/radar_conti_ars408_msgs/msg/cluster_quality.h
[1.768s] -- Up-to-date: /home/offroad/radar_ws/src/install/radar_conti_ars408_msgs/share/radar_conti_ars408_msgs/environment/library_path.sh
[1.768s] -- Up-to-date: /home/offroad/radar_ws/src/install/radar_conti_ars408_msgs/share/radar_conti_ars408_msgs/environment/library_path.dsv
[1.768s] -- Up-to-date: /home/offroad/radar_ws/src/install/radar_conti_ars408_msgs/lib/libradar_conti_ars408_msgs__rosidl_generator_c.so
[1.768s] -- Up-to-date: /home/offroad/radar_ws/src/install/radar_conti_ars408_msgs/include/radar_conti_ars408_msgs
[1.768s] -- Up-to-date: /home/offroad/radar_ws/src/install/radar_conti_ars408_msgs/include/radar_conti_ars408_msgs/srv
[1.768s] -- Up-to-date: /home/offroad/radar_ws/src/install/radar_conti_ars408_msgs/include/radar_conti_ars408_msgs/srv/detail
[1.768s] -- Up-to-date: /home/offroad/radar_ws/src/install/radar_conti_ars408_msgs/include/radar_conti_ars408_msgs/srv/detail/add_three_ints__rosidl_typesupport_fastrtps_c.h
[1.769s] -- Up-to-date: /home/offroad/radar_ws/src/install/radar_conti_ars408_msgs/include/radar_conti_ars408_msgs/msg
[1.769s] -- Up-to-date: /home/offroad/radar_ws/src/install/radar_conti_ars408_msgs/include/radar_conti_ars408_msgs/msg/detail
[1.769s] -- Up-to-date: /home/offroad/radar_ws/src/install/radar_conti_ars408_msgs/include/radar_conti_ars408_msgs/msg/detail/radar_configuration__rosidl_typesupport_fastrtps_c.h
[1.769s] -- Up-to-date: /home/offroad/radar_ws/src/install/radar_conti_ars408_msgs/include/radar_conti_ars408_msgs/msg/detail/cluster_list__rosidl_typesupport_fastrtps_c.h
[1.769s] -- Up-to-date: /home/offroad/radar_ws/src/install/radar_conti_ars408_msgs/include/radar_conti_ars408_msgs/msg/detail/object_extended__rosidl_typesupport_fastrtps_c.h
[1.769s] -- Up-to-date: /home/offroad/radar_ws/src/install/radar_conti_ars408_msgs/include/radar_conti_ars408_msgs/msg/detail/object_status__rosidl_typesupport_fastrtps_c.h
[1.769s] -- Up-to-date: /home/offroad/radar_ws/src/install/radar_conti_ars408_msgs/include/radar_conti_ars408_msgs/msg/detail/cluster_general__rosidl_typesupport_fastrtps_c.h
[1.769s] -- Up-to-date: /home/offroad/radar_ws/src/install/radar_conti_ars408_msgs/include/radar_conti_ars408_msgs/msg/detail/cluster_quality__rosidl_typesupport_fastrtps_c.h
[1.769s] -- Up-to-date: /home/offroad/radar_ws/src/install/radar_conti_ars408_msgs/include/radar_conti_ars408_msgs/msg/detail/filter_state_cfg__rosidl_typesupport_fastrtps_c.h
[1.770s] -- Up-to-date: /home/offroad/radar_ws/src/install/radar_conti_ars408_msgs/include/radar_conti_ars408_msgs/msg/detail/radar_state__rosidl_typesupport_fastrtps_c.h
[1.770s] -- Up-to-date: /home/offroad/radar_ws/src/install/radar_conti_ars408_msgs/include/radar_conti_ars408_msgs/msg/detail/object__rosidl_typesupport_fastrtps_c.h
[1.770s] -- Up-to-date: /home/offroad/radar_ws/src/install/radar_conti_ars408_msgs/include/radar_conti_ars408_msgs/msg/detail/filter_cfg__rosidl_typesupport_fastrtps_c.h
[1.770s] -- Up-to-date: /home/offroad/radar_ws/src/install/radar_conti_ars408_msgs/include/radar_conti_ars408_msgs/msg/detail/cluster__rosidl_typesupport_fastrtps_c.h
[1.770s] -- Up-to-date: /home/offroad/radar_ws/src/install/radar_conti_ars408_msgs/include/radar_conti_ars408_msgs/msg/detail/filter_state_header__rosidl_typesupport_fastrtps_c.h
[1.770s] -- Up-to-date: /home/offroad/radar_ws/src/install/radar_conti_ars408_msgs/include/radar_conti_ars408_msgs/msg/detail/cluster_status__rosidl_typesupport_fastrtps_c.h
[1.771s] -- Up-to-date: /home/offroad/radar_ws/src/install/radar_conti_ars408_msgs/include/radar_conti_ars408_msgs/msg/detail/version_id__rosidl_typesupport_fastrtps_c.h
[1.772s] -- Up-to-date: /home/offroad/radar_ws/src/install/radar_conti_ars408_msgs/include/radar_conti_ars408_msgs/msg/detail/num__rosidl_typesupport_fastrtps_c.h
[1.773s] -- Up-to-date: /home/offroad/radar_ws/src/install/radar_conti_ars408_msgs/include/radar_conti_ars408_msgs/msg/detail/object_quality__rosidl_typesupport_fastrtps_c.h
[1.775s] -- Up-to-date: /home/offroad/radar_ws/src/install/radar_conti_ars408_msgs/include/radar_conti_ars408_msgs/msg/detail/object_list__rosidl_typesupport_fastrtps_c.h
[1.776s] -- Up-to-date: /home/offroad/radar_ws/src/install/radar_conti_ars408_msgs/include/radar_conti_ars408_msgs/msg/detail/object_general__rosidl_typesupport_fastrtps_c.h
[1.776s] -- Up-to-date: /home/offroad/radar_ws/src/install/radar_conti_ars408_msgs/include/radar_conti_ars408_msgs/msg/rosidl_typesupport_fastrtps_c__visibility_control.h
[1.776s] -- Up-to-date: /home/offroad/radar_ws/src/install/radar_conti_ars408_msgs/lib/libradar_conti_ars408_msgs__rosidl_typesupport_fastrtps_c.so
[1.776s] -- Up-to-date: /home/offroad/radar_ws/src/install/radar_conti_ars408_msgs/include/radar_conti_ars408_msgs
[1.776s] -- Up-to-date: /home/offroad/radar_ws/src/install/radar_conti_ars408_msgs/include/radar_conti_ars408_msgs/srv
[1.776s] -- Up-to-date: /home/offroad/radar_ws/src/install/radar_conti_ars408_msgs/include/radar_conti_ars408_msgs/srv/detail
[1.777s] -- Up-to-date: /home/offroad/radar_ws/src/install/radar_conti_ars408_msgs/include/radar_conti_ars408_msgs/srv/detail/dds_fastrtps
[1.777s] -- Up-to-date: /home/offroad/radar_ws/src/install/radar_conti_ars408_msgs/include/radar_conti_ars408_msgs/srv/detail/add_three_ints__rosidl_typesupport_fastrtps_cpp.hpp
[1.777s] -- Up-to-date: /home/offroad/radar_ws/src/install/radar_conti_ars408_msgs/include/radar_conti_ars408_msgs/msg
[1.777s] -- Up-to-date: /home/offroad/radar_ws/src/install/radar_conti_ars408_msgs/include/radar_conti_ars408_msgs/msg/detail
[1.777s] -- Up-to-date: /home/offroad/radar_ws/src/install/radar_conti_ars408_msgs/include/radar_conti_ars408_msgs/msg/detail/cluster_list__rosidl_typesupport_fastrtps_cpp.hpp
[1.777s] -- Up-to-date: /home/offroad/radar_ws/src/install/radar_conti_ars408_msgs/include/radar_conti_ars408_msgs/msg/detail/cluster_quality__rosidl_typesupport_fastrtps_cpp.hpp
[1.777s] -- Up-to-date: /home/offroad/radar_ws/src/install/radar_conti_ars408_msgs/include/radar_conti_ars408_msgs/msg/detail/object_list__rosidl_typesupport_fastrtps_cpp.hpp
[1.777s] -- Up-to-date: /home/offroad/radar_ws/src/install/radar_conti_ars408_msgs/include/radar_conti_ars408_msgs/msg/detail/filter_state_cfg__rosidl_typesupport_fastrtps_cpp.hpp
[1.778s] -- Up-to-date: /home/offroad/radar_ws/src/install/radar_conti_ars408_msgs/include/radar_conti_ars408_msgs/msg/detail/object__rosidl_typesupport_fastrtps_cpp.hpp
[1.778s] -- Up-to-date: /home/offroad/radar_ws/src/install/radar_conti_ars408_msgs/include/radar_conti_ars408_msgs/msg/detail/dds_fastrtps
[1.778s] -- Up-to-date: /home/offroad/radar_ws/src/install/radar_conti_ars408_msgs/include/radar_conti_ars408_msgs/msg/detail/object_extended__rosidl_typesupport_fastrtps_cpp.hpp
[1.778s] -- Up-to-date: /home/offroad/radar_ws/src/install/radar_conti_ars408_msgs/include/radar_conti_ars408_msgs/msg/detail/cluster_general__rosidl_typesupport_fastrtps_cpp.hpp
[1.778s] -- Up-to-date: /home/offroad/radar_ws/src/install/radar_conti_ars408_msgs/include/radar_conti_ars408_msgs/msg/detail/filter_cfg__rosidl_typesupport_fastrtps_cpp.hpp
[1.778s] -- Up-to-date: /home/offroad/radar_ws/src/install/radar_conti_ars408_msgs/include/radar_conti_ars408_msgs/msg/detail/object_status__rosidl_typesupport_fastrtps_cpp.hpp
[1.778s] -- Up-to-date: /home/offroad/radar_ws/src/install/radar_conti_ars408_msgs/include/radar_conti_ars408_msgs/msg/detail/cluster__rosidl_typesupport_fastrtps_cpp.hpp
[1.778s] -- Up-to-date: /home/offroad/radar_ws/src/install/radar_conti_ars408_msgs/include/radar_conti_ars408_msgs/msg/detail/radar_configuration__rosidl_typesupport_fastrtps_cpp.hpp
[1.778s] -- Up-to-date: /home/offroad/radar_ws/src/install/radar_conti_ars408_msgs/include/radar_conti_ars408_msgs/msg/detail/filter_state_header__rosidl_typesupport_fastrtps_cpp.hpp
[1.778s] -- Up-to-date: /home/offroad/radar_ws/src/install/radar_conti_ars408_msgs/include/radar_conti_ars408_msgs/msg/detail/radar_state__rosidl_typesupport_fastrtps_cpp.hpp
[1.778s] -- Up-to-date: /home/offroad/radar_ws/src/install/radar_conti_ars408_msgs/include/radar_conti_ars408_msgs/msg/detail/num__rosidl_typesupport_fastrtps_cpp.hpp
[1.779s] -- Up-to-date: /home/offroad/radar_ws/src/install/radar_conti_ars408_msgs/include/radar_conti_ars408_msgs/msg/detail/object_quality__rosidl_typesupport_fastrtps_cpp.hpp
[1.779s] -- Up-to-date: /home/offroad/radar_ws/src/install/radar_conti_ars408_msgs/include/radar_conti_ars408_msgs/msg/detail/cluster_status__rosidl_typesupport_fastrtps_cpp.hpp
[1.779s] -- Up-to-date: /home/offroad/radar_ws/src/install/radar_conti_ars408_msgs/include/radar_conti_ars408_msgs/msg/detail/version_id__rosidl_typesupport_fastrtps_cpp.hpp
[1.779s] -- Up-to-date: /home/offroad/radar_ws/src/install/radar_conti_ars408_msgs/include/radar_conti_ars408_msgs/msg/detail/object_general__rosidl_typesupport_fastrtps_cpp.hpp
[1.779s] -- Up-to-date: /home/offroad/radar_ws/src/install/radar_conti_ars408_msgs/include/radar_conti_ars408_msgs/msg/rosidl_typesupport_fastrtps_cpp__visibility_control.h
[1.779s] -- Up-to-date: /home/offroad/radar_ws/src/install/radar_conti_ars408_msgs/lib/libradar_conti_ars408_msgs__rosidl_typesupport_fastrtps_cpp.so
[1.779s] -- Up-to-date: /home/offroad/radar_ws/src/install/radar_conti_ars408_msgs/include/radar_conti_ars408_msgs
[1.779s] -- Up-to-date: /home/offroad/radar_ws/src/install/radar_conti_ars408_msgs/include/radar_conti_ars408_msgs/srv
[1.779s] -- Up-to-date: /home/offroad/radar_ws/src/install/radar_conti_ars408_msgs/include/radar_conti_ars408_msgs/srv/detail
[1.779s] -- Up-to-date: /home/offroad/radar_ws/src/install/radar_conti_ars408_msgs/include/radar_conti_ars408_msgs/srv/detail/add_three_ints__rosidl_typesupport_introspection_c.h
[1.779s] -- Up-to-date: /home/offroad/radar_ws/src/install/radar_conti_ars408_msgs/include/radar_conti_ars408_msgs/srv/detail/add_three_ints__type_support.c
[1.780s] -- Up-to-date: /home/offroad/radar_ws/src/install/radar_conti_ars408_msgs/include/radar_conti_ars408_msgs/msg
[1.780s] -- Up-to-date: /home/offroad/radar_ws/src/install/radar_conti_ars408_msgs/include/radar_conti_ars408_msgs/msg/detail
[1.780s] -- Up-to-date: /home/offroad/radar_ws/src/install/radar_conti_ars408_msgs/include/radar_conti_ars408_msgs/msg/detail/filter_cfg__type_support.c
[1.780s] -- Up-to-date: /home/offroad/radar_ws/src/install/radar_conti_ars408_msgs/include/radar_conti_ars408_msgs/msg/detail/radar_configuration__type_support.c
[1.780s] -- Up-to-date: /home/offroad/radar_ws/src/install/radar_conti_ars408_msgs/include/radar_conti_ars408_msgs/msg/detail/version_id__rosidl_typesupport_introspection_c.h
[1.780s] -- Up-to-date: /home/offroad/radar_ws/src/install/radar_conti_ars408_msgs/include/radar_conti_ars408_msgs/msg/detail/cluster_general__type_support.c
[1.780s] -- Up-to-date: /home/offroad/radar_ws/src/install/radar_conti_ars408_msgs/include/radar_conti_ars408_msgs/msg/detail/object_extended__rosidl_typesupport_introspection_c.h
[1.780s] -- Up-to-date: /home/offroad/radar_ws/src/install/radar_conti_ars408_msgs/include/radar_conti_ars408_msgs/msg/detail/filter_cfg__rosidl_typesupport_introspection_c.h
[1.781s] -- Up-to-date: /home/offroad/radar_ws/src/install/radar_conti_ars408_msgs/include/radar_conti_ars408_msgs/msg/detail/radar_state__rosidl_typesupport_introspection_c.h
[1.781s] -- Up-to-date: /home/offroad/radar_ws/src/install/radar_conti_ars408_msgs/include/radar_conti_ars408_msgs/msg/detail/object_list__rosidl_typesupport_introspection_c.h
[1.781s] -- Up-to-date: /home/offroad/radar_ws/src/install/radar_conti_ars408_msgs/include/radar_conti_ars408_msgs/msg/detail/filter_state_cfg__type_support.c
[1.781s] -- Up-to-date: /home/offroad/radar_ws/src/install/radar_conti_ars408_msgs/include/radar_conti_ars408_msgs/msg/detail/radar_state__type_support.c
[1.781s] -- Up-to-date: /home/offroad/radar_ws/src/install/radar_conti_ars408_msgs/include/radar_conti_ars408_msgs/msg/detail/num__rosidl_typesupport_introspection_c.h
[1.781s] -- Up-to-date: /home/offroad/radar_ws/src/install/radar_conti_ars408_msgs/include/radar_conti_ars408_msgs/msg/detail/object_quality__type_support.c
[1.782s] -- Up-to-date: /home/offroad/radar_ws/src/install/radar_conti_ars408_msgs/include/radar_conti_ars408_msgs/msg/detail/radar_configuration__rosidl_typesupport_introspection_c.h
[1.782s] -- Up-to-date: /home/offroad/radar_ws/src/install/radar_conti_ars408_msgs/include/radar_conti_ars408_msgs/msg/detail/num__type_support.c
[1.782s] -- Up-to-date: /home/offroad/radar_ws/src/install/radar_conti_ars408_msgs/include/radar_conti_ars408_msgs/msg/detail/cluster__type_support.c
[1.782s] -- Up-to-date: /home/offroad/radar_ws/src/install/radar_conti_ars408_msgs/include/radar_conti_ars408_msgs/msg/detail/object_general__rosidl_typesupport_introspection_c.h
[1.782s] -- Up-to-date: /home/offroad/radar_ws/src/install/radar_conti_ars408_msgs/include/radar_conti_ars408_msgs/msg/detail/filter_state_header__rosidl_typesupport_introspection_c.h
[1.782s] -- Up-to-date: /home/offroad/radar_ws/src/install/radar_conti_ars408_msgs/include/radar_conti_ars408_msgs/msg/detail/cluster_quality__type_support.c
[1.782s] -- Up-to-date: /home/offroad/radar_ws/src/install/radar_conti_ars408_msgs/include/radar_conti_ars408_msgs/msg/detail/version_id__type_support.c
[1.783s] -- Up-to-date: /home/offroad/radar_ws/src/install/radar_conti_ars408_msgs/include/radar_conti_ars408_msgs/msg/detail/object_list__type_support.c
[1.783s] -- Up-to-date: /home/offroad/radar_ws/src/install/radar_conti_ars408_msgs/include/radar_conti_ars408_msgs/msg/detail/filter_state_header__type_support.c
[1.783s] -- Up-to-date: /home/offroad/radar_ws/src/install/radar_conti_ars408_msgs/include/radar_conti_ars408_msgs/msg/detail/object_status__type_support.c
[1.783s] -- Up-to-date: /home/offroad/radar_ws/src/install/radar_conti_ars408_msgs/include/radar_conti_ars408_msgs/msg/detail/object__type_support.c
[1.783s] -- Up-to-date: /home/offroad/radar_ws/src/install/radar_conti_ars408_msgs/include/radar_conti_ars408_msgs/msg/detail/object_status__rosidl_typesupport_introspection_c.h
[1.783s] -- Up-to-date: /home/offroad/radar_ws/src/install/radar_conti_ars408_msgs/include/radar_conti_ars408_msgs/msg/detail/cluster_status__type_support.c
[1.783s] -- Up-to-date: /home/offroad/radar_ws/src/install/radar_conti_ars408_msgs/include/radar_conti_ars408_msgs/msg/detail/object_quality__rosidl_typesupport_introspection_c.h
[1.783s] -- Up-to-date: /home/offroad/radar_ws/src/install/radar_conti_ars408_msgs/include/radar_conti_ars408_msgs/msg/detail/object_extended__type_support.c
[1.783s] -- Up-to-date: /home/offroad/radar_ws/src/install/radar_conti_ars408_msgs/include/radar_conti_ars408_msgs/msg/detail/cluster__rosidl_typesupport_introspection_c.h
[1.783s] -- Up-to-date: /home/offroad/radar_ws/src/install/radar_conti_ars408_msgs/include/radar_conti_ars408_msgs/msg/detail/filter_state_cfg__rosidl_typesupport_introspection_c.h
[1.783s] -- Up-to-date: /home/offroad/radar_ws/src/install/radar_conti_ars408_msgs/include/radar_conti_ars408_msgs/msg/detail/cluster_quality__rosidl_typesupport_introspection_c.h
[1.784s] -- Up-to-date: /home/offroad/radar_ws/src/install/radar_conti_ars408_msgs/include/radar_conti_ars408_msgs/msg/detail/object__rosidl_typesupport_introspection_c.h
[1.784s] -- Up-to-date: /home/offroad/radar_ws/src/install/radar_conti_ars408_msgs/include/radar_conti_ars408_msgs/msg/detail/cluster_general__rosidl_typesupport_introspection_c.h
[1.784s] -- Up-to-date: /home/offroad/radar_ws/src/install/radar_conti_ars408_msgs/include/radar_conti_ars408_msgs/msg/detail/object_general__type_support.c
[1.784s] -- Up-to-date: /home/offroad/radar_ws/src/install/radar_conti_ars408_msgs/include/radar_conti_ars408_msgs/msg/detail/cluster_status__rosidl_typesupport_introspection_c.h
[1.784s] -- Up-to-date: /home/offroad/radar_ws/src/install/radar_conti_ars408_msgs/include/radar_conti_ars408_msgs/msg/detail/cluster_list__rosidl_typesupport_introspection_c.h
[1.784s] -- Up-to-date: /home/offroad/radar_ws/src/install/radar_conti_ars408_msgs/include/radar_conti_ars408_msgs/msg/detail/cluster_list__type_support.c
[1.784s] -- Up-to-date: /home/offroad/radar_ws/src/install/radar_conti_ars408_msgs/include/radar_conti_ars408_msgs/msg/rosidl_typesupport_introspection_c__visibility_control.h
[1.784s] -- Up-to-date: /home/offroad/radar_ws/src/install/radar_conti_ars408_msgs/lib/libradar_conti_ars408_msgs__rosidl_typesupport_introspection_c.so
[1.784s] -- Up-to-date: /home/offroad/radar_ws/src/install/radar_conti_ars408_msgs/lib/libradar_conti_ars408_msgs__rosidl_typesupport_c.so
[1.784s] -- Up-to-date: /home/offroad/radar_ws/src/install/radar_conti_ars408_msgs/include/radar_conti_ars408_msgs
[1.784s] -- Up-to-date: /home/offroad/radar_ws/src/install/radar_conti_ars408_msgs/include/radar_conti_ars408_msgs/srv
[1.785s] -- Up-to-date: /home/offroad/radar_ws/src/install/radar_conti_ars408_msgs/include/radar_conti_ars408_msgs/srv/detail
[1.785s] -- Up-to-date: /home/offroad/radar_ws/src/install/radar_conti_ars408_msgs/include/radar_conti_ars408_msgs/srv/detail/add_three_ints__traits.hpp
[1.785s] -- Up-to-date: /home/offroad/radar_ws/src/install/radar_conti_ars408_msgs/include/radar_conti_ars408_msgs/srv/detail/add_three_ints__struct.hpp
[1.785s] -- Up-to-date: /home/offroad/radar_ws/src/install/radar_conti_ars408_msgs/include/radar_conti_ars408_msgs/srv/detail/add_three_ints__builder.hpp
[1.785s] -- Up-to-date: /home/offroad/radar_ws/src/install/radar_conti_ars408_msgs/include/radar_conti_ars408_msgs/srv/add_three_ints.hpp
[1.785s] -- Up-to-date: /home/offroad/radar_ws/src/install/radar_conti_ars408_msgs/include/radar_conti_ars408_msgs/msg
[1.785s] -- Up-to-date: /home/offroad/radar_ws/src/install/radar_conti_ars408_msgs/include/radar_conti_ars408_msgs/msg/detail
[1.785s] -- Up-to-date: /home/offroad/radar_ws/src/install/radar_conti_ars408_msgs/include/radar_conti_ars408_msgs/msg/detail/radar_state__traits.hpp
[1.786s] -- Up-to-date: /home/offroad/radar_ws/src/install/radar_conti_ars408_msgs/include/radar_conti_ars408_msgs/msg/detail/object_status__builder.hpp
[1.786s] -- Up-to-date: /home/offroad/radar_ws/src/install/radar_conti_ars408_msgs/include/radar_conti_ars408_msgs/msg/detail/cluster_quality__struct.hpp
[1.786s] -- Up-to-date: /home/offroad/radar_ws/src/install/radar_conti_ars408_msgs/include/radar_conti_ars408_msgs/msg/detail/filter_state_header__traits.hpp
[1.786s] -- Up-to-date: /home/offroad/radar_ws/src/install/radar_conti_ars408_msgs/include/radar_conti_ars408_msgs/msg/detail/cluster_status__builder.hpp
[1.786s] -- Up-to-date: /home/offroad/radar_ws/src/install/radar_conti_ars408_msgs/include/radar_conti_ars408_msgs/msg/detail/object_extended__builder.hpp
[1.786s] -- Up-to-date: /home/offroad/radar_ws/src/install/radar_conti_ars408_msgs/include/radar_conti_ars408_msgs/msg/detail/num__traits.hpp
[1.786s] -- Up-to-date: /home/offroad/radar_ws/src/install/radar_conti_ars408_msgs/include/radar_conti_ars408_msgs/msg/detail/object_list__struct.hpp
[1.786s] -- Up-to-date: /home/offroad/radar_ws/src/install/radar_conti_ars408_msgs/include/radar_conti_ars408_msgs/msg/detail/cluster_list__traits.hpp
[1.786s] -- Up-to-date: /home/offroad/radar_ws/src/install/radar_conti_ars408_msgs/include/radar_conti_ars408_msgs/msg/detail/filter_state_header__struct.hpp
[1.786s] -- Up-to-date: /home/offroad/radar_ws/src/install/radar_conti_ars408_msgs/include/radar_conti_ars408_msgs/msg/detail/num__struct.hpp
[1.786s] -- Up-to-date: /home/offroad/radar_ws/src/install/radar_conti_ars408_msgs/include/radar_conti_ars408_msgs/msg/detail/cluster_general__traits.hpp
[1.787s] -- Up-to-date: /home/offroad/radar_ws/src/install/radar_conti_ars408_msgs/include/radar_conti_ars408_msgs/msg/detail/cluster_general__struct.hpp
[1.787s] -- Up-to-date: /home/offroad/radar_ws/src/install/radar_conti_ars408_msgs/include/radar_conti_ars408_msgs/msg/detail/object_list__traits.hpp
[1.787s] -- Up-to-date: /home/offroad/radar_ws/src/install/radar_conti_ars408_msgs/include/radar_conti_ars408_msgs/msg/detail/object_status__struct.hpp
[1.787s] -- Up-to-date: /home/offroad/radar_ws/src/install/radar_conti_ars408_msgs/include/radar_conti_ars408_msgs/msg/detail/filter_cfg__traits.hpp
[1.787s] -- Up-to-date: /home/offroad/radar_ws/src/install/radar_conti_ars408_msgs/include/radar_conti_ars408_msgs/msg/detail/filter_state_cfg__builder.hpp
[1.787s] -- Up-to-date: /home/offroad/radar_ws/src/install/radar_conti_ars408_msgs/include/radar_conti_ars408_msgs/msg/detail/version_id__traits.hpp
[1.787s] -- Up-to-date: /home/offroad/radar_ws/src/install/radar_conti_ars408_msgs/include/radar_conti_ars408_msgs/msg/detail/object_general__struct.hpp
[1.787s] -- Up-to-date: /home/offroad/radar_ws/src/install/radar_conti_ars408_msgs/include/radar_conti_ars408_msgs/msg/detail/cluster_list__builder.hpp
[1.787s] -- Up-to-date: /home/offroad/radar_ws/src/install/radar_conti_ars408_msgs/include/radar_conti_ars408_msgs/msg/detail/version_id__struct.hpp
[1.787s] -- Up-to-date: /home/offroad/radar_ws/src/install/radar_conti_ars408_msgs/include/radar_conti_ars408_msgs/msg/detail/radar_configuration__builder.hpp
[1.788s] -- Up-to-date: /home/offroad/radar_ws/src/install/radar_conti_ars408_msgs/include/radar_conti_ars408_msgs/msg/detail/radar_state__builder.hpp
[1.788s] -- Up-to-date: /home/offroad/radar_ws/src/install/radar_conti_ars408_msgs/include/radar_conti_ars408_msgs/msg/detail/object_quality__traits.hpp
[1.788s] -- Up-to-date: /home/offroad/radar_ws/src/install/radar_conti_ars408_msgs/include/radar_conti_ars408_msgs/msg/detail/filter_cfg__builder.hpp
[1.788s] -- Up-to-date: /home/offroad/radar_ws/src/install/radar_conti_ars408_msgs/include/radar_conti_ars408_msgs/msg/detail/filter_cfg__struct.hpp
[1.788s] -- Up-to-date: /home/offroad/radar_ws/src/install/radar_conti_ars408_msgs/include/radar_conti_ars408_msgs/msg/detail/object_extended__struct.hpp
[1.788s] -- Up-to-date: /home/offroad/radar_ws/src/install/radar_conti_ars408_msgs/include/radar_conti_ars408_msgs/msg/detail/object_status__traits.hpp
[1.788s] -- Up-to-date: /home/offroad/radar_ws/src/install/radar_conti_ars408_msgs/include/radar_conti_ars408_msgs/msg/detail/object_quality__builder.hpp
[1.788s] -- Up-to-date: /home/offroad/radar_ws/src/install/radar_conti_ars408_msgs/include/radar_conti_ars408_msgs/msg/detail/object_general__builder.hpp
[1.788s] -- Up-to-date: /home/offroad/radar_ws/src/install/radar_conti_ars408_msgs/include/radar_conti_ars408_msgs/msg/detail/cluster__struct.hpp
[1.789s] -- Up-to-date: /home/offroad/radar_ws/src/install/radar_conti_ars408_msgs/include/radar_conti_ars408_msgs/msg/detail/cluster_quality__builder.hpp
[1.790s] -- Up-to-date: /home/offroad/radar_ws/src/install/radar_conti_ars408_msgs/include/radar_conti_ars408_msgs/msg/detail/object_extended__traits.hpp
[1.791s] -- Up-to-date: /home/offroad/radar_ws/src/install/radar_conti_ars408_msgs/include/radar_conti_ars408_msgs/msg/detail/filter_state_header__builder.hpp
[1.792s] -- Up-to-date: /home/offroad/radar_ws/src/install/radar_conti_ars408_msgs/include/radar_conti_ars408_msgs/msg/detail/version_id__builder.hpp
[1.793s] -- Up-to-date: /home/offroad/radar_ws/src/install/radar_conti_ars408_msgs/include/radar_conti_ars408_msgs/msg/detail/object_general__traits.hpp
[1.793s] -- Up-to-date: /home/offroad/radar_ws/src/install/radar_conti_ars408_msgs/include/radar_conti_ars408_msgs/msg/detail/radar_configuration__traits.hpp
[1.793s] -- Up-to-date: /home/offroad/radar_ws/src/install/radar_conti_ars408_msgs/include/radar_conti_ars408_msgs/msg/detail/object__builder.hpp
[1.794s] -- Up-to-date: /home/offroad/radar_ws/src/install/radar_conti_ars408_msgs/include/radar_conti_ars408_msgs/msg/detail/filter_state_cfg__traits.hpp
[1.794s] -- Up-to-date: /home/offroad/radar_ws/src/install/radar_conti_ars408_msgs/include/radar_conti_ars408_msgs/msg/detail/object_list__builder.hpp
[1.794s] -- Up-to-date: /home/offroad/radar_ws/src/install/radar_conti_ars408_msgs/include/radar_conti_ars408_msgs/msg/detail/cluster__traits.hpp
[1.794s] -- Up-to-date: /home/offroad/radar_ws/src/install/radar_conti_ars408_msgs/include/radar_conti_ars408_msgs/msg/detail/object_quality__struct.hpp
[1.794s] -- Up-to-date: /home/offroad/radar_ws/src/install/radar_conti_ars408_msgs/include/radar_conti_ars408_msgs/msg/detail/radar_configuration__struct.hpp
[1.794s] -- Up-to-date: /home/offroad/radar_ws/src/install/radar_conti_ars408_msgs/include/radar_conti_ars408_msgs/msg/detail/object__traits.hpp
[1.794s] -- Up-to-date: /home/offroad/radar_ws/src/install/radar_conti_ars408_msgs/include/radar_conti_ars408_msgs/msg/detail/cluster__builder.hpp
[1.794s] -- Up-to-date: /home/offroad/radar_ws/src/install/radar_conti_ars408_msgs/include/radar_conti_ars408_msgs/msg/detail/cluster_quality__traits.hpp
[1.794s] -- Up-to-date: /home/offroad/radar_ws/src/install/radar_conti_ars408_msgs/include/radar_conti_ars408_msgs/msg/detail/cluster_status__struct.hpp
[1.794s] -- Up-to-date: /home/offroad/radar_ws/src/install/radar_conti_ars408_msgs/include/radar_conti_ars408_msgs/msg/detail/radar_state__struct.hpp
[1.794s] -- Up-to-date: /home/offroad/radar_ws/src/install/radar_conti_ars408_msgs/include/radar_conti_ars408_msgs/msg/detail/object__struct.hpp
[1.794s] -- Up-to-date: /home/offroad/radar_ws/src/install/radar_conti_ars408_msgs/include/radar_conti_ars408_msgs/msg/detail/cluster_list__struct.hpp
[1.794s] -- Up-to-date: /home/offroad/radar_ws/src/install/radar_conti_ars408_msgs/include/radar_conti_ars408_msgs/msg/detail/cluster_general__builder.hpp
[1.795s] -- Up-to-date: /home/offroad/radar_ws/src/install/radar_conti_ars408_msgs/include/radar_conti_ars408_msgs/msg/detail/num__builder.hpp
[1.795s] -- Up-to-date: /home/offroad/radar_ws/src/install/radar_conti_ars408_msgs/include/radar_conti_ars408_msgs/msg/detail/cluster_status__traits.hpp
[1.795s] -- Up-to-date: /home/offroad/radar_ws/src/install/radar_conti_ars408_msgs/include/radar_conti_ars408_msgs/msg/detail/filter_state_cfg__struct.hpp
[1.795s] -- Up-to-date: /home/offroad/radar_ws/src/install/radar_conti_ars408_msgs/include/radar_conti_ars408_msgs/msg/object_quality.hpp
[1.795s] -- Up-to-date: /home/offroad/radar_ws/src/install/radar_conti_ars408_msgs/include/radar_conti_ars408_msgs/msg/cluster_status.hpp
[1.795s] -- Up-to-date: /home/offroad/radar_ws/src/install/radar_conti_ars408_msgs/include/radar_conti_ars408_msgs/msg/radar_state.hpp
[1.795s] -- Up-to-date: /home/offroad/radar_ws/src/install/radar_conti_ars408_msgs/include/radar_conti_ars408_msgs/msg/object_general.hpp
[1.795s] -- Up-to-date: /home/offroad/radar_ws/src/install/radar_conti_ars408_msgs/include/radar_conti_ars408_msgs/msg/version_id.hpp
[1.795s] -- Up-to-date: /home/offroad/radar_ws/src/install/radar_conti_ars408_msgs/include/radar_conti_ars408_msgs/msg/filter_state_header.hpp
[1.795s] -- Up-to-date: /home/offroad/radar_ws/src/install/radar_conti_ars408_msgs/include/radar_conti_ars408_msgs/msg/cluster.hpp
[1.795s] -- Up-to-date: /home/offroad/radar_ws/src/install/radar_conti_ars408_msgs/include/radar_conti_ars408_msgs/msg/object_status.hpp
[1.795s] -- Up-to-date: /home/offroad/radar_ws/src/install/radar_conti_ars408_msgs/include/radar_conti_ars408_msgs/msg/filter_cfg.hpp
[1.796s] -- Up-to-date: /home/offroad/radar_ws/src/install/radar_conti_ars408_msgs/include/radar_conti_ars408_msgs/msg/object_list.hpp
[1.796s] -- Up-to-date: /home/offroad/radar_ws/src/install/radar_conti_ars408_msgs/include/radar_conti_ars408_msgs/msg/radar_configuration.hpp
[1.796s] -- Up-to-date: /home/offroad/radar_ws/src/install/radar_conti_ars408_msgs/include/radar_conti_ars408_msgs/msg/object.hpp
[1.796s] -- Up-to-date: /home/offroad/radar_ws/src/install/radar_conti_ars408_msgs/include/radar_conti_ars408_msgs/msg/num.hpp
[1.796s] -- Up-to-date: /home/offroad/radar_ws/src/install/radar_conti_ars408_msgs/include/radar_conti_ars408_msgs/msg/object_extended.hpp
[1.796s] -- Up-to-date: /home/offroad/radar_ws/src/install/radar_conti_ars408_msgs/include/radar_conti_ars408_msgs/msg/filter_state_cfg.hpp
[1.796s] -- Up-to-date: /home/offroad/radar_ws/src/install/radar_conti_ars408_msgs/include/radar_conti_ars408_msgs/msg/cluster_list.hpp
[1.796s] -- Up-to-date: /home/offroad/radar_ws/src/install/radar_conti_ars408_msgs/include/radar_conti_ars408_msgs/msg/cluster_general.hpp
[1.796s] -- Up-to-date: /home/offroad/radar_ws/src/install/radar_conti_ars408_msgs/include/radar_conti_ars408_msgs/msg/cluster_quality.hpp
[1.796s] -- Up-to-date: /home/offroad/radar_ws/src/install/radar_conti_ars408_msgs/include/radar_conti_ars408_msgs
[1.796s] -- Up-to-date: /home/offroad/radar_ws/src/install/radar_conti_ars408_msgs/include/radar_conti_ars408_msgs/srv
[1.797s] -- Up-to-date: /home/offroad/radar_ws/src/install/radar_conti_ars408_msgs/include/radar_conti_ars408_msgs/srv/detail
[1.797s] -- Up-to-date: /home/offroad/radar_ws/src/install/radar_conti_ars408_msgs/include/radar_conti_ars408_msgs/srv/detail/add_three_ints__type_support.cpp
[1.797s] -- Up-to-date: /home/offroad/radar_ws/src/install/radar_conti_ars408_msgs/include/radar_conti_ars408_msgs/srv/detail/add_three_ints__rosidl_typesupport_introspection_cpp.hpp
[1.797s] -- Up-to-date: /home/offroad/radar_ws/src/install/radar_conti_ars408_msgs/include/radar_conti_ars408_msgs/msg
[1.797s] -- Up-to-date: /home/offroad/radar_ws/src/install/radar_conti_ars408_msgs/include/radar_conti_ars408_msgs/msg/detail
[1.797s] -- Up-to-date: /home/offroad/radar_ws/src/install/radar_conti_ars408_msgs/include/radar_conti_ars408_msgs/msg/detail/object_quality__rosidl_typesupport_introspection_cpp.hpp
[1.797s] -- Up-to-date: /home/offroad/radar_ws/src/install/radar_conti_ars408_msgs/include/radar_conti_ars408_msgs/msg/detail/version_id__rosidl_typesupport_introspection_cpp.hpp
[1.797s] -- Up-to-date: /home/offroad/radar_ws/src/install/radar_conti_ars408_msgs/include/radar_conti_ars408_msgs/msg/detail/num__type_support.cpp
[1.797s] -- Up-to-date: /home/offroad/radar_ws/src/install/radar_conti_ars408_msgs/include/radar_conti_ars408_msgs/msg/detail/object_status__type_support.cpp
[1.797s] -- Up-to-date: /home/offroad/radar_ws/src/install/radar_conti_ars408_msgs/include/radar_conti_ars408_msgs/msg/detail/object_extended__type_support.cpp
[1.797s] -- Up-to-date: /home/offroad/radar_ws/src/install/radar_conti_ars408_msgs/include/radar_conti_ars408_msgs/msg/detail/cluster_status__rosidl_typesupport_introspection_cpp.hpp
[1.797s] -- Up-to-date: /home/offroad/radar_ws/src/install/radar_conti_ars408_msgs/include/radar_conti_ars408_msgs/msg/detail/filter_cfg__type_support.cpp
[1.797s] -- Up-to-date: /home/offroad/radar_ws/src/install/radar_conti_ars408_msgs/include/radar_conti_ars408_msgs/msg/detail/object_general__rosidl_typesupport_introspection_cpp.hpp
[1.797s] -- Up-to-date: /home/offroad/radar_ws/src/install/radar_conti_ars408_msgs/include/radar_conti_ars408_msgs/msg/detail/cluster_general__type_support.cpp
[1.798s] -- Up-to-date: /home/offroad/radar_ws/src/install/radar_conti_ars408_msgs/include/radar_conti_ars408_msgs/msg/detail/cluster__type_support.cpp
[1.798s] -- Up-to-date: /home/offroad/radar_ws/src/install/radar_conti_ars408_msgs/include/radar_conti_ars408_msgs/msg/detail/cluster_list__type_support.cpp
[1.798s] -- Up-to-date: /home/offroad/radar_ws/src/install/radar_conti_ars408_msgs/include/radar_conti_ars408_msgs/msg/detail/cluster_status__type_support.cpp
[1.798s] -- Up-to-date: /home/offroad/radar_ws/src/install/radar_conti_ars408_msgs/include/radar_conti_ars408_msgs/msg/detail/object_list__type_support.cpp
[1.798s] -- Up-to-date: /home/offroad/radar_ws/src/install/radar_conti_ars408_msgs/include/radar_conti_ars408_msgs/msg/detail/filter_state_cfg__type_support.cpp
[1.798s] -- Up-to-date: /home/offroad/radar_ws/src/install/radar_conti_ars408_msgs/include/radar_conti_ars408_msgs/msg/detail/filter_state_cfg__rosidl_typesupport_introspection_cpp.hpp
[1.798s] -- Up-to-date: /home/offroad/radar_ws/src/install/radar_conti_ars408_msgs/include/radar_conti_ars408_msgs/msg/detail/object_list__rosidl_typesupport_introspection_cpp.hpp
[1.798s] -- Up-to-date: /home/offroad/radar_ws/src/install/radar_conti_ars408_msgs/include/radar_conti_ars408_msgs/msg/detail/cluster_list__rosidl_typesupport_introspection_cpp.hpp
[1.798s] -- Up-to-date: /home/offroad/radar_ws/src/install/radar_conti_ars408_msgs/include/radar_conti_ars408_msgs/msg/detail/filter_state_header__rosidl_typesupport_introspection_cpp.hpp
[1.799s] -- Up-to-date: /home/offroad/radar_ws/src/install/radar_conti_ars408_msgs/include/radar_conti_ars408_msgs/msg/detail/filter_state_header__type_support.cpp
[1.799s] -- Up-to-date: /home/offroad/radar_ws/src/install/radar_conti_ars408_msgs/include/radar_conti_ars408_msgs/msg/detail/version_id__type_support.cpp
[1.799s] -- Up-to-date: /home/offroad/radar_ws/src/install/radar_conti_ars408_msgs/include/radar_conti_ars408_msgs/msg/detail/radar_state__type_support.cpp
[1.799s] -- Up-to-date: /home/offroad/radar_ws/src/install/radar_conti_ars408_msgs/include/radar_conti_ars408_msgs/msg/detail/num__rosidl_typesupport_introspection_cpp.hpp
[1.799s] -- Up-to-date: /home/offroad/radar_ws/src/install/radar_conti_ars408_msgs/include/radar_conti_ars408_msgs/msg/detail/object_extended__rosidl_typesupport_introspection_cpp.hpp
[1.800s] -- Up-to-date: /home/offroad/radar_ws/src/install/radar_conti_ars408_msgs/include/radar_conti_ars408_msgs/msg/detail/cluster__rosidl_typesupport_introspection_cpp.hpp
[1.800s] -- Up-to-date: /home/offroad/radar_ws/src/install/radar_conti_ars408_msgs/include/radar_conti_ars408_msgs/msg/detail/cluster_general__rosidl_typesupport_introspection_cpp.hpp
[1.800s] -- Up-to-date: /home/offroad/radar_ws/src/install/radar_conti_ars408_msgs/include/radar_conti_ars408_msgs/msg/detail/object_general__type_support.cpp
[1.800s] -- Up-to-date: /home/offroad/radar_ws/src/install/radar_conti_ars408_msgs/include/radar_conti_ars408_msgs/msg/detail/radar_state__rosidl_typesupport_introspection_cpp.hpp
[1.800s] -- Up-to-date: /home/offroad/radar_ws/src/install/radar_conti_ars408_msgs/include/radar_conti_ars408_msgs/msg/detail/cluster_quality__type_support.cpp
[1.800s] -- Up-to-date: /home/offroad/radar_ws/src/install/radar_conti_ars408_msgs/include/radar_conti_ars408_msgs/msg/detail/object_quality__type_support.cpp
[1.800s] -- Up-to-date: /home/offroad/radar_ws/src/install/radar_conti_ars408_msgs/include/radar_conti_ars408_msgs/msg/detail/object__type_support.cpp
[1.800s] -- Up-to-date: /home/offroad/radar_ws/src/install/radar_conti_ars408_msgs/include/radar_conti_ars408_msgs/msg/detail/radar_configuration__rosidl_typesupport_introspection_cpp.hpp
[1.800s] -- Up-to-date: /home/offroad/radar_ws/src/install/radar_conti_ars408_msgs/include/radar_conti_ars408_msgs/msg/detail/filter_cfg__rosidl_typesupport_introspection_cpp.hpp
[1.800s] -- Up-to-date: /home/offroad/radar_ws/src/install/radar_conti_ars408_msgs/include/radar_conti_ars408_msgs/msg/detail/object__rosidl_typesupport_introspection_cpp.hpp
[1.800s] -- Up-to-date: /home/offroad/radar_ws/src/install/radar_conti_ars408_msgs/include/radar_conti_ars408_msgs/msg/detail/cluster_quality__rosidl_typesupport_introspection_cpp.hpp
[1.800s] -- Up-to-date: /home/offroad/radar_ws/src/install/radar_conti_ars408_msgs/include/radar_conti_ars408_msgs/msg/detail/radar_configuration__type_support.cpp
[1.800s] -- Up-to-date: /home/offroad/radar_ws/src/install/radar_conti_ars408_msgs/include/radar_conti_ars408_msgs/msg/detail/object_status__rosidl_typesupport_introspection_cpp.hpp
[1.800s] -- Up-to-date: /home/offroad/radar_ws/src/install/radar_conti_ars408_msgs/lib/libradar_conti_ars408_msgs__rosidl_typesupport_introspection_cpp.so
[1.800s] -- Up-to-date: /home/offroad/radar_ws/src/install/radar_conti_ars408_msgs/lib/libradar_conti_ars408_msgs__rosidl_typesupport_cpp.so
[1.801s] -- Up-to-date: /home/offroad/radar_ws/src/install/radar_conti_ars408_msgs/share/radar_conti_ars408_msgs/environment/pythonpath.sh
[1.801s] -- Up-to-date: /home/offroad/radar_ws/src/install/radar_conti_ars408_msgs/share/radar_conti_ars408_msgs/environment/pythonpath.dsv
[1.801s] -- Up-to-date: /home/offroad/radar_ws/src/install/radar_conti_ars408_msgs/lib/python3.8/site-packages/radar_conti_ars408_msgs/__init__.py
[1.862s] -- Up-to-date: /home/offroad/radar_ws/src/install/radar_conti_ars408_msgs/lib/python3.8/site-packages/radar_conti_ars408_msgs/msg
[1.862s] -- Up-to-date: /home/offroad/radar_ws/src/install/radar_conti_ars408_msgs/lib/python3.8/site-packages/radar_conti_ars408_msgs/msg/__init__.py
[1.862s] -- Up-to-date: /home/offroad/radar_ws/src/install/radar_conti_ars408_msgs/lib/python3.8/site-packages/radar_conti_ars408_msgs/msg/_version_id_s.c
[1.862s] -- Up-to-date: /home/offroad/radar_ws/src/install/radar_conti_ars408_msgs/lib/python3.8/site-packages/radar_conti_ars408_msgs/msg/_cluster_general_s.c
[1.862s] -- Up-to-date: /home/offroad/radar_ws/src/install/radar_conti_ars408_msgs/lib/python3.8/site-packages/radar_conti_ars408_msgs/msg/_cluster_list.py
[1.862s] -- Up-to-date: /home/offroad/radar_ws/src/install/radar_conti_ars408_msgs/lib/python3.8/site-packages/radar_conti_ars408_msgs/msg/_object_general_s.c
[1.863s] -- Up-to-date: /home/offroad/radar_ws/src/install/radar_conti_ars408_msgs/lib/python3.8/site-packages/radar_conti_ars408_msgs/msg/_cluster_status.py
[1.863s] -- Up-to-date: /home/offroad/radar_ws/src/install/radar_conti_ars408_msgs/lib/python3.8/site-packages/radar_conti_ars408_msgs/msg/_object_general.py
[1.863s] -- Up-to-date: /home/offroad/radar_ws/src/install/radar_conti_ars408_msgs/lib/python3.8/site-packages/radar_conti_ars408_msgs/msg/_cluster_status_s.c
[1.863s] -- Up-to-date: /home/offroad/radar_ws/src/install/radar_conti_ars408_msgs/lib/python3.8/site-packages/radar_conti_ars408_msgs/msg/_object_s.c
[1.863s] -- Up-to-date: /home/offroad/radar_ws/src/install/radar_conti_ars408_msgs/lib/python3.8/site-packages/radar_conti_ars408_msgs/msg/_filter_state_header_s.c
[1.863s] -- Up-to-date: /home/offroad/radar_ws/src/install/radar_conti_ars408_msgs/lib/python3.8/site-packages/radar_conti_ars408_msgs/msg/_cluster_quality_s.c
[1.863s] -- Up-to-date: /home/offroad/radar_ws/src/install/radar_conti_ars408_msgs/lib/python3.8/site-packages/radar_conti_ars408_msgs/msg/_object_quality_s.c
[1.863s] -- Up-to-date: /home/offroad/radar_ws/src/install/radar_conti_ars408_msgs/lib/python3.8/site-packages/radar_conti_ars408_msgs/msg/_filter_cfg.py
[1.863s] -- Up-to-date: /home/offroad/radar_ws/src/install/radar_conti_ars408_msgs/lib/python3.8/site-packages/radar_conti_ars408_msgs/msg/_radar_state_s.c
[1.863s] -- Up-to-date: /home/offroad/radar_ws/src/install/radar_conti_ars408_msgs/lib/python3.8/site-packages/radar_conti_ars408_msgs/msg/_filter_state_cfg_s.c
[1.864s] -- Up-to-date: /home/offroad/radar_ws/src/install/radar_conti_ars408_msgs/lib/python3.8/site-packages/radar_conti_ars408_msgs/msg/_cluster_quality.py
[1.864s] -- Up-to-date: /home/offroad/radar_ws/src/install/radar_conti_ars408_msgs/lib/python3.8/site-packages/radar_conti_ars408_msgs/msg/_filter_cfg_s.c
[1.864s] -- Up-to-date: /home/offroad/radar_ws/src/install/radar_conti_ars408_msgs/lib/python3.8/site-packages/radar_conti_ars408_msgs/msg/_cluster_list_s.c
[1.864s] -- Up-to-date: /home/offroad/radar_ws/src/install/radar_conti_ars408_msgs/lib/python3.8/site-packages/radar_conti_ars408_msgs/msg/_object_extended_s.c
[1.864s] -- Up-to-date: /home/offroad/radar_ws/src/install/radar_conti_ars408_msgs/lib/python3.8/site-packages/radar_conti_ars408_msgs/msg/_object_status.py
[1.864s] -- Up-to-date: /home/offroad/radar_ws/src/install/radar_conti_ars408_msgs/lib/python3.8/site-packages/radar_conti_ars408_msgs/msg/_filter_state_cfg.py
[1.864s] -- Up-to-date: /home/offroad/radar_ws/src/install/radar_conti_ars408_msgs/lib/python3.8/site-packages/radar_conti_ars408_msgs/msg/_radar_configuration_s.c
[1.864s] -- Up-to-date: /home/offroad/radar_ws/src/install/radar_conti_ars408_msgs/lib/python3.8/site-packages/radar_conti_ars408_msgs/msg/_cluster_general.py
[1.865s] -- Up-to-date: /home/offroad/radar_ws/src/install/radar_conti_ars408_msgs/lib/python3.8/site-packages/radar_conti_ars408_msgs/msg/_object_extended.py
[1.865s] -- Up-to-date: /home/offroad/radar_ws/src/install/radar_conti_ars408_msgs/lib/python3.8/site-packages/radar_conti_ars408_msgs/msg/_radar_state.py
[1.865s] -- Up-to-date: /home/offroad/radar_ws/src/install/radar_conti_ars408_msgs/lib/python3.8/site-packages/radar_conti_ars408_msgs/msg/_object_status_s.c
[1.865s] -- Up-to-date: /home/offroad/radar_ws/src/install/radar_conti_ars408_msgs/lib/python3.8/site-packages/radar_conti_ars408_msgs/msg/_object.py
[1.865s] -- Up-to-date: /home/offroad/radar_ws/src/install/radar_conti_ars408_msgs/lib/python3.8/site-packages/radar_conti_ars408_msgs/msg/_filter_state_header.py
[1.865s] -- Up-to-date: /home/offroad/radar_ws/src/install/radar_conti_ars408_msgs/lib/python3.8/site-packages/radar_conti_ars408_msgs/msg/_object_list.py
[1.865s] -- Up-to-date: /home/offroad/radar_ws/src/install/radar_conti_ars408_msgs/lib/python3.8/site-packages/radar_conti_ars408_msgs/msg/_version_id.py
[1.865s] -- Up-to-date: /home/offroad/radar_ws/src/install/radar_conti_ars408_msgs/lib/python3.8/site-packages/radar_conti_ars408_msgs/msg/_radar_configuration.py
[1.866s] -- Up-to-date: /home/offroad/radar_ws/src/install/radar_conti_ars408_msgs/lib/python3.8/site-packages/radar_conti_ars408_msgs/msg/_cluster_s.c
[1.867s] -- Up-to-date: /home/offroad/radar_ws/src/install/radar_conti_ars408_msgs/lib/python3.8/site-packages/radar_conti_ars408_msgs/msg/_num.py
[1.867s] -- Up-to-date: /home/offroad/radar_ws/src/install/radar_conti_ars408_msgs/lib/python3.8/site-packages/radar_conti_ars408_msgs/msg/_num_s.c
[1.869s] -- Up-to-date: /home/offroad/radar_ws/src/install/radar_conti_ars408_msgs/lib/python3.8/site-packages/radar_conti_ars408_msgs/msg/_object_quality.py
[1.870s] -- Up-to-date: /home/offroad/radar_ws/src/install/radar_conti_ars408_msgs/lib/python3.8/site-packages/radar_conti_ars408_msgs/msg/_object_list_s.c
[1.870s] -- Up-to-date: /home/offroad/radar_ws/src/install/radar_conti_ars408_msgs/lib/python3.8/site-packages/radar_conti_ars408_msgs/msg/_cluster.py
[1.870s] -- Up-to-date: /home/offroad/radar_ws/src/install/radar_conti_ars408_msgs/lib/python3.8/site-packages/radar_conti_ars408_msgs/srv
[1.870s] -- Up-to-date: /home/offroad/radar_ws/src/install/radar_conti_ars408_msgs/lib/python3.8/site-packages/radar_conti_ars408_msgs/srv/__init__.py
[1.870s] -- Up-to-date: /home/offroad/radar_ws/src/install/radar_conti_ars408_msgs/lib/python3.8/site-packages/radar_conti_ars408_msgs/srv/_add_three_ints_s.c
[1.871s] -- Up-to-date: /home/offroad/radar_ws/src/install/radar_conti_ars408_msgs/lib/python3.8/site-packages/radar_conti_ars408_msgs/srv/_add_three_ints.py
[1.871s] -- Up-to-date: /home/offroad/radar_ws/src/install/radar_conti_ars408_msgs/lib/python3.8/site-packages/radar_conti_ars408_msgs/radar_conti_ars408_msgs_s__rosidl_typesupport_fastrtps_c.cpython-38-x86_64-linux-gnu.so
[1.871s] -- Up-to-date: /home/offroad/radar_ws/src/install/radar_conti_ars408_msgs/lib/python3.8/site-packages/radar_conti_ars408_msgs/radar_conti_ars408_msgs_s__rosidl_typesupport_introspection_c.cpython-38-x86_64-linux-gnu.so
[1.871s] -- Up-to-date: /home/offroad/radar_ws/src/install/radar_conti_ars408_msgs/lib/python3.8/site-packages/radar_conti_ars408_msgs/radar_conti_ars408_msgs_s__rosidl_typesupport_c.cpython-38-x86_64-linux-gnu.so
[1.872s] -- Up-to-date: /home/offroad/radar_ws/src/install/radar_conti_ars408_msgs/lib/libradar_conti_ars408_msgs__python.so
[1.872s] -- Up-to-date: /home/offroad/radar_ws/src/install/radar_conti_ars408_msgs/share/radar_conti_ars408_msgs/msg/ClusterGeneral.idl
[1.872s] -- Up-to-date: /home/offroad/radar_ws/src/install/radar_conti_ars408_msgs/share/radar_conti_ars408_msgs/msg/ClusterQuality.idl
[1.872s] -- Up-to-date: /home/offroad/radar_ws/src/install/radar_conti_ars408_msgs/share/radar_conti_ars408_msgs/msg/ClusterStatus.idl
[1.873s] -- Up-to-date: /home/offroad/radar_ws/src/install/radar_conti_ars408_msgs/share/radar_conti_ars408_msgs/msg/ObjectGeneral.idl
[1.873s] -- Up-to-date: /home/offroad/radar_ws/src/install/radar_conti_ars408_msgs/share/radar_conti_ars408_msgs/msg/ObjectExtended.idl
[1.873s] -- Up-to-date: /home/offroad/radar_ws/src/install/radar_conti_ars408_msgs/share/radar_conti_ars408_msgs/msg/ObjectQuality.idl
[1.873s] -- Up-to-date: /home/offroad/radar_ws/src/install/radar_conti_ars408_msgs/share/radar_conti_ars408_msgs/msg/ObjectStatus.idl
[1.873s] -- Up-to-date: /home/offroad/radar_ws/src/install/radar_conti_ars408_msgs/share/radar_conti_ars408_msgs/msg/RadarConfiguration.idl
[1.873s] -- Up-to-date: /home/offroad/radar_ws/src/install/radar_conti_ars408_msgs/share/radar_conti_ars408_msgs/msg/RadarState.idl
[1.873s] -- Up-to-date: /home/offroad/radar_ws/src/install/radar_conti_ars408_msgs/share/radar_conti_ars408_msgs/msg/VersionID.idl
[1.874s] -- Up-to-date: /home/offroad/radar_ws/src/install/radar_conti_ars408_msgs/share/radar_conti_ars408_msgs/msg/Cluster.idl
[1.874s] -- Up-to-date: /home/offroad/radar_ws/src/install/radar_conti_ars408_msgs/share/radar_conti_ars408_msgs/msg/Object.idl
[1.874s] -- Up-to-date: /home/offroad/radar_ws/src/install/radar_conti_ars408_msgs/share/radar_conti_ars408_msgs/msg/ClusterList.idl
[1.874s] -- Up-to-date: /home/offroad/radar_ws/src/install/radar_conti_ars408_msgs/share/radar_conti_ars408_msgs/msg/ObjectList.idl
[1.874s] -- Up-to-date: /home/offroad/radar_ws/src/install/radar_conti_ars408_msgs/share/radar_conti_ars408_msgs/msg/FilterStateCfg.idl
[1.874s] -- Up-to-date: /home/offroad/radar_ws/src/install/radar_conti_ars408_msgs/share/radar_conti_ars408_msgs/msg/FilterCfg.idl
[1.874s] -- Up-to-date: /home/offroad/radar_ws/src/install/radar_conti_ars408_msgs/share/radar_conti_ars408_msgs/msg/FilterStateHeader.idl
[1.874s] -- Up-to-date: /home/offroad/radar_ws/src/install/radar_conti_ars408_msgs/share/radar_conti_ars408_msgs/msg/Num.idl
[1.874s] -- Up-to-date: /home/offroad/radar_ws/src/install/radar_conti_ars408_msgs/share/radar_conti_ars408_msgs/srv/AddThreeInts.idl
[1.875s] -- Up-to-date: /home/offroad/radar_ws/src/install/radar_conti_ars408_msgs/share/radar_conti_ars408_msgs/msg/ClusterGeneral.msg
[1.875s] -- Up-to-date: /home/offroad/radar_ws/src/install/radar_conti_ars408_msgs/share/radar_conti_ars408_msgs/msg/ClusterQuality.msg
[1.875s] -- Up-to-date: /home/offroad/radar_ws/src/install/radar_conti_ars408_msgs/share/radar_conti_ars408_msgs/msg/ClusterStatus.msg
[1.875s] -- Up-to-date: /home/offroad/radar_ws/src/install/radar_conti_ars408_msgs/share/radar_conti_ars408_msgs/msg/ObjectGeneral.msg
[1.875s] -- Up-to-date: /home/offroad/radar_ws/src/install/radar_conti_ars408_msgs/share/radar_conti_ars408_msgs/msg/ObjectExtended.msg
[1.875s] -- Up-to-date: /home/offroad/radar_ws/src/install/radar_conti_ars408_msgs/share/radar_conti_ars408_msgs/msg/ObjectQuality.msg
[1.875s] -- Up-to-date: /home/offroad/radar_ws/src/install/radar_conti_ars408_msgs/share/radar_conti_ars408_msgs/msg/ObjectStatus.msg
[1.876s] -- Up-to-date: /home/offroad/radar_ws/src/install/radar_conti_ars408_msgs/share/radar_conti_ars408_msgs/msg/RadarConfiguration.msg
[1.876s] -- Up-to-date: /home/offroad/radar_ws/src/install/radar_conti_ars408_msgs/share/radar_conti_ars408_msgs/msg/RadarState.msg
[1.876s] -- Up-to-date: /home/offroad/radar_ws/src/install/radar_conti_ars408_msgs/share/radar_conti_ars408_msgs/msg/VersionID.msg
[1.876s] -- Up-to-date: /home/offroad/radar_ws/src/install/radar_conti_ars408_msgs/share/radar_conti_ars408_msgs/msg/Cluster.msg
[1.876s] -- Up-to-date: /home/offroad/radar_ws/src/install/radar_conti_ars408_msgs/share/radar_conti_ars408_msgs/msg/Object.msg
[1.876s] -- Up-to-date: /home/offroad/radar_ws/src/install/radar_conti_ars408_msgs/share/radar_conti_ars408_msgs/msg/ClusterList.msg
[1.876s] -- Up-to-date: /home/offroad/radar_ws/src/install/radar_conti_ars408_msgs/share/radar_conti_ars408_msgs/msg/ObjectList.msg
[1.876s] -- Up-to-date: /home/offroad/radar_ws/src/install/radar_conti_ars408_msgs/share/radar_conti_ars408_msgs/msg/FilterStateCfg.msg
[1.877s] -- Up-to-date: /home/offroad/radar_ws/src/install/radar_conti_ars408_msgs/share/radar_conti_ars408_msgs/msg/FilterCfg.msg
[1.877s] -- Up-to-date: /home/offroad/radar_ws/src/install/radar_conti_ars408_msgs/share/radar_conti_ars408_msgs/msg/FilterStateHeader.msg
[1.877s] -- Up-to-date: /home/offroad/radar_ws/src/install/radar_conti_ars408_msgs/share/radar_conti_ars408_msgs/msg/Num.msg
[1.877s] -- Up-to-date: /home/offroad/radar_ws/src/install/radar_conti_ars408_msgs/share/radar_conti_ars408_msgs/srv/AddThreeInts.srv
[1.877s] -- Up-to-date: /home/offroad/radar_ws/src/install/radar_conti_ars408_msgs/share/radar_conti_ars408_msgs/srv/AddThreeInts_Request.msg
[1.877s] -- Up-to-date: /home/offroad/radar_ws/src/install/radar_conti_ars408_msgs/share/radar_conti_ars408_msgs/srv/AddThreeInts_Response.msg
[1.877s] -- Up-to-date: /home/offroad/radar_ws/src/install/radar_conti_ars408_msgs/share/ament_index/resource_index/package_run_dependencies/radar_conti_ars408_msgs
[1.877s] -- Up-to-date: /home/offroad/radar_ws/src/install/radar_conti_ars408_msgs/share/ament_index/resource_index/parent_prefix_path/radar_conti_ars408_msgs
[1.877s] -- Up-to-date: /home/offroad/radar_ws/src/install/radar_conti_ars408_msgs/share/radar_conti_ars408_msgs/environment/ament_prefix_path.sh
[1.877s] -- Up-to-date: /home/offroad/radar_ws/src/install/radar_conti_ars408_msgs/share/radar_conti_ars408_msgs/environment/ament_prefix_path.dsv
[1.877s] -- Up-to-date: /home/offroad/radar_ws/src/install/radar_conti_ars408_msgs/share/radar_conti_ars408_msgs/environment/path.sh
[1.878s] -- Up-to-date: /home/offroad/radar_ws/src/install/radar_conti_ars408_msgs/share/radar_conti_ars408_msgs/environment/path.dsv
[1.878s] -- Up-to-date: /home/offroad/radar_ws/src/install/radar_conti_ars408_msgs/share/radar_conti_ars408_msgs/local_setup.bash
[1.878s] -- Up-to-date: /home/offroad/radar_ws/src/install/radar_conti_ars408_msgs/share/radar_conti_ars408_msgs/local_setup.sh
[1.878s] -- Up-to-date: /home/offroad/radar_ws/src/install/radar_conti_ars408_msgs/share/radar_conti_ars408_msgs/local_setup.zsh
[1.878s] -- Up-to-date: /home/offroad/radar_ws/src/install/radar_conti_ars408_msgs/share/radar_conti_ars408_msgs/local_setup.dsv
[1.878s] -- Installing: /home/offroad/radar_ws/src/install/radar_conti_ars408_msgs/share/radar_conti_ars408_msgs/package.dsv
[1.878s] -- Up-to-date: /home/offroad/radar_ws/src/install/radar_conti_ars408_msgs/share/ament_index/resource_index/packages/radar_conti_ars408_msgs
[1.878s] -- Up-to-date: /home/offroad/radar_ws/src/install/radar_conti_ars408_msgs/share/radar_conti_ars408_msgs/cmake/radar_conti_ars408_msgs__rosidl_generator_cExport.cmake
[1.878s] -- Up-to-date: /home/offroad/radar_ws/src/install/radar_conti_ars408_msgs/share/radar_conti_ars408_msgs/cmake/radar_conti_ars408_msgs__rosidl_generator_cExport-noconfig.cmake
[1.878s] -- Up-to-date: /home/offroad/radar_ws/src/install/radar_conti_ars408_msgs/share/radar_conti_ars408_msgs/cmake/radar_conti_ars408_msgs__rosidl_typesupport_introspection_cExport.cmake
[1.878s] -- Up-to-date: /home/offroad/radar_ws/src/install/radar_conti_ars408_msgs/share/radar_conti_ars408_msgs/cmake/radar_conti_ars408_msgs__rosidl_typesupport_introspection_cExport-noconfig.cmake
[1.878s] -- Up-to-date: /home/offroad/radar_ws/src/install/radar_conti_ars408_msgs/share/radar_conti_ars408_msgs/cmake/radar_conti_ars408_msgs__rosidl_typesupport_cExport.cmake
[1.879s] -- Up-to-date: /home/offroad/radar_ws/src/install/radar_conti_ars408_msgs/share/radar_conti_ars408_msgs/cmake/radar_conti_ars408_msgs__rosidl_typesupport_cExport-noconfig.cmake
[1.879s] -- Up-to-date: /home/offroad/radar_ws/src/install/radar_conti_ars408_msgs/share/radar_conti_ars408_msgs/cmake/radar_conti_ars408_msgs__rosidl_generator_cppExport.cmake
[1.879s] -- Up-to-date: /home/offroad/radar_ws/src/install/radar_conti_ars408_msgs/share/radar_conti_ars408_msgs/cmake/radar_conti_ars408_msgs__rosidl_typesupport_introspection_cppExport.cmake
[1.879s] -- Up-to-date: /home/offroad/radar_ws/src/install/radar_conti_ars408_msgs/share/radar_conti_ars408_msgs/cmake/radar_conti_ars408_msgs__rosidl_typesupport_introspection_cppExport-noconfig.cmake
[1.879s] -- Up-to-date: /home/offroad/radar_ws/src/install/radar_conti_ars408_msgs/share/radar_conti_ars408_msgs/cmake/radar_conti_ars408_msgs__rosidl_typesupport_cppExport.cmake
[1.879s] -- Up-to-date: /home/offroad/radar_ws/src/install/radar_conti_ars408_msgs/share/radar_conti_ars408_msgs/cmake/radar_conti_ars408_msgs__rosidl_typesupport_cppExport-noconfig.cmake
[1.879s] -- Up-to-date: /home/offroad/radar_ws/src/install/radar_conti_ars408_msgs/share/radar_conti_ars408_msgs/cmake/rosidl_cmake-extras.cmake
[1.879s] -- Up-to-date: /home/offroad/radar_ws/src/install/radar_conti_ars408_msgs/share/radar_conti_ars408_msgs/cmake/ament_cmake_export_dependencies-extras.cmake
[1.879s] -- Up-to-date: /home/offroad/radar_ws/src/install/radar_conti_ars408_msgs/share/radar_conti_ars408_msgs/cmake/ament_cmake_export_libraries-extras.cmake
[1.879s] -- Up-to-date: /home/offroad/radar_ws/src/install/radar_conti_ars408_msgs/share/radar_conti_ars408_msgs/cmake/ament_cmake_export_targets-extras.cmake
[1.879s] -- Up-to-date: /home/offroad/radar_ws/src/install/radar_conti_ars408_msgs/share/radar_conti_ars408_msgs/cmake/ament_cmake_export_include_directories-extras.cmake
[1.879s] -- Up-to-date: /home/offroad/radar_ws/src/install/radar_conti_ars408_msgs/share/radar_conti_ars408_msgs/cmake/rosidl_cmake_export_typesupport_libraries-extras.cmake
[1.879s] -- Up-to-date: /home/offroad/radar_ws/src/install/radar_conti_ars408_msgs/share/radar_conti_ars408_msgs/cmake/rosidl_cmake_export_typesupport_targets-extras.cmake
[1.880s] -- Up-to-date: /home/offroad/radar_ws/src/install/radar_conti_ars408_msgs/share/radar_conti_ars408_msgs/cmake/radar_conti_ars408_msgsConfig.cmake
[1.880s] -- Up-to-date: /home/offroad/radar_ws/src/install/radar_conti_ars408_msgs/share/radar_conti_ars408_msgs/cmake/radar_conti_ars408_msgsConfig-version.cmake
[1.880s] -- Up-to-date: /home/offroad/radar_ws/src/install/radar_conti_ars408_msgs/share/radar_conti_ars408_msgs/package.xml
[1.887s] Invoked command in '/home/offroad/radar_ws/src/build/radar_conti_ars408_msgs' returned '0': CMAKE_PREFIX_PATH=${CMAKE_PREFIX_PATH}:/opt/ros/foxy /usr/bin/cmake --install /home/offroad/radar_ws/src/build/radar_conti_ars408_msgs
