[0.017s] Invoking command in '/home/offroad/radar_ws/build/radar_conti_ars408_msgs': CMAKE_PREFIX_PATH=${CMAKE_PREFIX_PATH}:/opt/ros/foxy /usr/bin/cmake --build /home/offroad/radar_ws/build/radar_conti_ars408_msgs -- -j12 -l12
[0.044s] -- Found ament_cmake: 0.9.9 (/opt/ros/foxy/share/ament_cmake/cmake)
[0.064s] -- Found PythonInterp: /usr/bin/python3 (found suitable version "3.8.10", minimum required is "3") 
[0.064s] -- Using PYTHON_EXECUTABLE: /usr/bin/python3
[0.225s] -- Found std_msgs: 2.0.5 (/opt/ros/foxy/share/std_msgs/cmake)
[0.244s] -- Using all available rosidl_typesupport_c: rosidl_typesupport_fastrtps_c;rosidl_typesupport_introspection_c
[0.247s] -- Found rosidl_adapter: 1.2.1 (/opt/ros/foxy/share/rosidl_adapter/cmake)
[0.358s] -- Using all available rosidl_typesupport_cpp: rosidl_typesupport_fastrtps_cpp;rosidl_typesupport_introspection_cpp
[0.396s] -- Found rosidl_default_generators: 1.0.1 (/opt/ros/foxy/share/rosidl_default_generators/cmake)
[0.426s] -- Found PythonInterp: /usr/bin/python3 (found version "3.8.10") 
[0.613s] CMake Error at /opt/ros/foxy/share/rosidl_adapter/cmake/rosidl_adapt_interfaces.cmake:60 (message):
[0.613s]   execute_process(/usr/bin/python3 -m rosidl_adapter --package-name
[0.613s]   radar_conti_ars408_msgs --arguments-file
[0.613s]   /home/offroad/radar_ws/build/radar_conti_ars408_msgs/rosidl_adapter__arguments__radar_conti_ars408_msgs.json
[0.613s]   --output-dir
[0.613s]   /home/offroad/radar_ws/build/radar_conti_ars408_msgs/rosidl_adapter/radar_conti_ars408_msgs
[0.613s]   --output-file
[0.613s]   /home/offroad/radar_ws/build/radar_conti_ars408_msgs/rosidl_adapter/radar_conti_ars408_msgs.idls)
[0.614s]   returned error code 1:
[0.614s] 
[0.614s]   Error processing 'std_msgs/int8 obj_class' of
[0.614s]   'radar_conti_ars408_msgs/ObjectExtended': ''int8' is an invalid message
[0.614s]   name.  It should have the pattern '^[A-Z][A-Za-z0-9]*$''
[0.614s] 
[0.614s]   Traceback (most recent call last):
[0.614s] 
[0.614s]     File "/usr/lib/python3.8/runpy.py", line 194, in _run_module_as_main
[0.614s]       return _run_code(code, main_globals, None,
[0.614s]     File "/usr/lib/python3.8/runpy.py", line 87, in _run_code
[0.614s]       exec(code, run_globals)
[0.614s]     File "/opt/ros/foxy/lib/python3.8/site-packages/rosidl_adapter/__main__.py", line 19, in <module>
[0.614s]       sys.exit(main())
[0.614s]     File "/opt/ros/foxy/lib/python3.8/site-packages/rosidl_adapter/main.py", line 53, in main
[0.614s]       abs_idl_file = convert_to_idl(
[0.614s]     File "/opt/ros/foxy/lib/python3.8/site-packages/rosidl_adapter/__init__.py", line 19, in convert_to_idl
[0.614s]       return convert_msg_to_idl(
[0.615s]     File "/opt/ros/foxy/lib/python3.8/site-packages/rosidl_adapter/msg/__init__.py", line 28, in convert_msg_to_idl
[0.615s]       msg = parse_message_string(package_name, input_file.stem, content)
[0.615s]     File "/opt/ros/foxy/lib/python3.8/site-packages/rosidl_adapter/parser.py", line 516, in parse_message_string
[0.615s]       Type(type_string, context_package_name=pkg_name),
[0.615s]     File "/opt/ros/foxy/lib/python3.8/site-packages/rosidl_adapter/parser.py", line 276, in __init__
[0.615s]       super(Type, self).__init__(
[0.615s]     File "/opt/ros/foxy/lib/python3.8/site-packages/rosidl_adapter/parser.py", line 204, in __init__
[0.615s]       raise InvalidResourceName(
[0.615s] 
[0.615s]   rosidl_adapter.parser.InvalidResourceName: 'int8' is an invalid message
[0.615s]   name.  It should have the pattern '^[A-Z][A-Za-z0-9]*$'
[0.615s] 
[0.615s] Call Stack (most recent call first):
[0.615s]   /opt/ros/foxy/share/rosidl_cmake/cmake/rosidl_generate_interfaces.cmake:130 (rosidl_adapt_interfaces)
[0.616s]   CMakeLists.txt:24 (rosidl_generate_interfaces)
[0.616s] 
[0.616s] 
[0.616s] -- Configuring incomplete, errors occurred!
[0.616s] See also "/home/offroad/radar_ws/build/radar_conti_ars408_msgs/CMakeFiles/CMakeOutput.log".
[0.621s] make: *** [Makefile:5068: cmake_check_build_system] Error 1
[0.623s] Invoked command in '/home/offroad/radar_ws/build/radar_conti_ars408_msgs' returned '2': CMAKE_PREFIX_PATH=${CMAKE_PREFIX_PATH}:/opt/ros/foxy /usr/bin/cmake --build /home/offroad/radar_ws/build/radar_conti_ars408_msgs -- -j12 -l12
