[0.107s] DEBUG:colcon:Command line arguments: ['/usr/bin/colcon', 'build']
[0.107s] DEBUG:colcon:Parsed command line arguments: Namespace(allow_overriding=[], ament_cmake_args=None, base_paths=['.'], build_base='build', catkin_cmake_args=None, catkin_skip_building_tests=False, cmake_args=None, cmake_clean_cache=False, cmake_clean_first=False, cmake_force_configure=False, cmake_target=None, cmake_target_skip_unavailable=False, continue_on_error=False, event_handlers=None, executor='parallel', ignore_user_meta=False, install_base='install', log_base=None, log_level=None, main=<bound method BuildVerb.main of <colcon_core.verb.build.BuildVerb object at 0x7fe001151d00>>, merge_install=False, metas=['./colcon.meta'], packages_above=None, packages_above_and_dependencies=None, packages_above_depth=None, packages_end=None, packages_ignore=None, packages_ignore_regex=None, packages_select=None, packages_select_build_failed=False, packages_select_by_dep=None, packages_select_regex=None, packages_select_test_failures=False, packages_skip=None, packages_skip_build_finished=False, packages_skip_by_dep=None, packages_skip_regex=None, packages_skip_test_passed=False, packages_skip_up_to=None, packages_start=None, packages_up_to=None, packages_up_to_regex=None, parallel_workers=12, paths=None, symlink_install=False, test_result_base=None, verb_extension=<colcon_core.verb.build.BuildVerb object at 0x7fe001151d00>, verb_name='build', verb_parser=<colcon_defaults.argument_parser.defaults.DefaultArgumentsDecorator object at 0x7fe0010da2b0>)
[0.126s] Level 1:colcon.colcon_core.package_discovery:discover_packages(colcon_meta) check parameters
[0.126s] Level 1:colcon.colcon_core.package_discovery:discover_packages(recursive) check parameters
[0.126s] Level 1:colcon.colcon_core.package_discovery:discover_packages(ignore) check parameters
[0.126s] Level 1:colcon.colcon_core.package_discovery:discover_packages(path) check parameters
[0.126s] Level 1:colcon.colcon_core.package_discovery:discover_packages(colcon_meta) discover
[0.126s] Level 1:colcon.colcon_core.package_discovery:discover_packages(recursive) discover
[0.126s] INFO:colcon.colcon_core.package_discovery:Crawling recursively for packages in '/home/offroad/radar_ws'
[0.126s] Level 1:colcon.colcon_core.package_identification:_identify(.) by extensions ['ignore', 'ignore_ament_install']
[0.126s] Level 1:colcon.colcon_core.package_identification:_identify(.) by extension 'ignore'
[0.127s] Level 1:colcon.colcon_core.package_identification:_identify(.) by extension 'ignore_ament_install'
[0.127s] Level 1:colcon.colcon_core.package_identification:_identify(.) by extensions ['colcon_pkg']
[0.127s] Level 1:colcon.colcon_core.package_identification:_identify(.) by extension 'colcon_pkg'
[0.127s] Level 1:colcon.colcon_core.package_identification:_identify(.) by extensions ['colcon_meta']
[0.127s] Level 1:colcon.colcon_core.package_identification:_identify(.) by extension 'colcon_meta'
[0.127s] Level 1:colcon.colcon_core.package_identification:_identify(.) by extensions ['ros']
[0.127s] Level 1:colcon.colcon_core.package_identification:_identify(.) by extension 'ros'
[0.135s] Level 1:colcon.colcon_core.package_identification:_identify(.) by extensions ['cmake', 'python']
[0.135s] Level 1:colcon.colcon_core.package_identification:_identify(.) by extension 'cmake'
[0.136s] Level 1:colcon.colcon_core.package_identification:_identify(.) by extension 'python'
[0.136s] Level 1:colcon.colcon_core.package_identification:_identify(.) by extensions ['python_setup_py']
[0.136s] Level 1:colcon.colcon_core.package_identification:_identify(.) by extension 'python_setup_py'
[0.136s] Level 1:colcon.colcon_core.package_identification:_identify(build) by extensions ['ignore', 'ignore_ament_install']
[0.136s] Level 1:colcon.colcon_core.package_identification:_identify(build) by extension 'ignore'
[0.136s] Level 1:colcon.colcon_core.package_identification:_identify(build) ignored
[0.136s] Level 1:colcon.colcon_core.package_identification:_identify(install) by extensions ['ignore', 'ignore_ament_install']
[0.136s] Level 1:colcon.colcon_core.package_identification:_identify(install) by extension 'ignore'
[0.136s] Level 1:colcon.colcon_core.package_identification:_identify(install) ignored
[0.136s] Level 1:colcon.colcon_core.package_identification:_identify(log) by extensions ['ignore', 'ignore_ament_install']
[0.136s] Level 1:colcon.colcon_core.package_identification:_identify(log) by extension 'ignore'
[0.136s] Level 1:colcon.colcon_core.package_identification:_identify(log) ignored
[0.136s] Level 1:colcon.colcon_core.package_identification:_identify(src) by extensions ['ignore', 'ignore_ament_install']
[0.136s] Level 1:colcon.colcon_core.package_identification:_identify(src) by extension 'ignore'
[0.137s] Level 1:colcon.colcon_core.package_identification:_identify(src) by extension 'ignore_ament_install'
[0.137s] Level 1:colcon.colcon_core.package_identification:_identify(src) by extensions ['colcon_pkg']
[0.137s] Level 1:colcon.colcon_core.package_identification:_identify(src) by extension 'colcon_pkg'
[0.137s] Level 1:colcon.colcon_core.package_identification:_identify(src) by extensions ['colcon_meta']
[0.137s] Level 1:colcon.colcon_core.package_identification:_identify(src) by extension 'colcon_meta'
[0.137s] Level 1:colcon.colcon_core.package_identification:_identify(src) by extensions ['ros']
[0.137s] Level 1:colcon.colcon_core.package_identification:_identify(src) by extension 'ros'
[0.137s] Level 1:colcon.colcon_core.package_identification:_identify(src) by extensions ['cmake', 'python']
[0.137s] Level 1:colcon.colcon_core.package_identification:_identify(src) by extension 'cmake'
[0.137s] Level 1:colcon.colcon_core.package_identification:_identify(src) by extension 'python'
[0.137s] Level 1:colcon.colcon_core.package_identification:_identify(src) by extensions ['python_setup_py']
[0.137s] Level 1:colcon.colcon_core.package_identification:_identify(src) by extension 'python_setup_py'
[0.137s] Level 1:colcon.colcon_core.package_identification:_identify(src/CAN_Recording) by extensions ['ignore', 'ignore_ament_install']
[0.137s] Level 1:colcon.colcon_core.package_identification:_identify(src/CAN_Recording) by extension 'ignore'
[0.137s] Level 1:colcon.colcon_core.package_identification:_identify(src/CAN_Recording) by extension 'ignore_ament_install'
[0.137s] Level 1:colcon.colcon_core.package_identification:_identify(src/CAN_Recording) by extensions ['colcon_pkg']
[0.137s] Level 1:colcon.colcon_core.package_identification:_identify(src/CAN_Recording) by extension 'colcon_pkg'
[0.137s] Level 1:colcon.colcon_core.package_identification:_identify(src/CAN_Recording) by extensions ['colcon_meta']
[0.137s] Level 1:colcon.colcon_core.package_identification:_identify(src/CAN_Recording) by extension 'colcon_meta'
[0.137s] Level 1:colcon.colcon_core.package_identification:_identify(src/CAN_Recording) by extensions ['ros']
[0.137s] Level 1:colcon.colcon_core.package_identification:_identify(src/CAN_Recording) by extension 'ros'
[0.137s] Level 1:colcon.colcon_core.package_identification:_identify(src/CAN_Recording) by extensions ['cmake', 'python']
[0.138s] Level 1:colcon.colcon_core.package_identification:_identify(src/CAN_Recording) by extension 'cmake'
[0.138s] Level 1:colcon.colcon_core.package_identification:_identify(src/CAN_Recording) by extension 'python'
[0.138s] Level 1:colcon.colcon_core.package_identification:_identify(src/CAN_Recording) by extensions ['python_setup_py']
[0.138s] Level 1:colcon.colcon_core.package_identification:_identify(src/CAN_Recording) by extension 'python_setup_py'
[0.138s] Level 1:colcon.colcon_core.package_identification:_identify(src/cpp_srvcli) by extensions ['ignore', 'ignore_ament_install']
[0.138s] Level 1:colcon.colcon_core.package_identification:_identify(src/cpp_srvcli) by extension 'ignore'
[0.138s] Level 1:colcon.colcon_core.package_identification:_identify(src/cpp_srvcli) by extension 'ignore_ament_install'
[0.138s] Level 1:colcon.colcon_core.package_identification:_identify(src/cpp_srvcli) by extensions ['colcon_pkg']
[0.138s] Level 1:colcon.colcon_core.package_identification:_identify(src/cpp_srvcli) by extension 'colcon_pkg'
[0.138s] Level 1:colcon.colcon_core.package_identification:_identify(src/cpp_srvcli) by extensions ['colcon_meta']
[0.138s] Level 1:colcon.colcon_core.package_identification:_identify(src/cpp_srvcli) by extension 'colcon_meta'
[0.138s] Level 1:colcon.colcon_core.package_identification:_identify(src/cpp_srvcli) by extensions ['ros']
[0.138s] Level 1:colcon.colcon_core.package_identification:_identify(src/cpp_srvcli) by extension 'ros'
[0.141s] DEBUG:colcon.colcon_core.package_identification:Package 'src/cpp_srvcli' with type 'ros.ament_cmake' and name 'cpp_srvcli'
[0.141s] Level 1:colcon.colcon_core.package_identification:_identify(src/radar_conti_ars408) by extensions ['ignore', 'ignore_ament_install']
[0.141s] Level 1:colcon.colcon_core.package_identification:_identify(src/radar_conti_ars408) by extension 'ignore'
[0.141s] Level 1:colcon.colcon_core.package_identification:_identify(src/radar_conti_ars408) by extension 'ignore_ament_install'
[0.141s] Level 1:colcon.colcon_core.package_identification:_identify(src/radar_conti_ars408) by extensions ['colcon_pkg']
[0.141s] Level 1:colcon.colcon_core.package_identification:_identify(src/radar_conti_ars408) by extension 'colcon_pkg'
[0.141s] Level 1:colcon.colcon_core.package_identification:_identify(src/radar_conti_ars408) by extensions ['colcon_meta']
[0.141s] Level 1:colcon.colcon_core.package_identification:_identify(src/radar_conti_ars408) by extension 'colcon_meta'
[0.141s] Level 1:colcon.colcon_core.package_identification:_identify(src/radar_conti_ars408) by extensions ['ros']
[0.141s] Level 1:colcon.colcon_core.package_identification:_identify(src/radar_conti_ars408) by extension 'ros'
[0.141s] Level 1:colcon.colcon_core.package_identification:_identify(src/radar_conti_ars408) by extensions ['cmake', 'python']
[0.141s] Level 1:colcon.colcon_core.package_identification:_identify(src/radar_conti_ars408) by extension 'cmake'
[0.141s] Level 1:colcon.colcon_core.package_identification:_identify(src/radar_conti_ars408) by extension 'python'
[0.141s] Level 1:colcon.colcon_core.package_identification:_identify(src/radar_conti_ars408) by extensions ['python_setup_py']
[0.141s] Level 1:colcon.colcon_core.package_identification:_identify(src/radar_conti_ars408) by extension 'python_setup_py'
[0.141s] Level 1:colcon.colcon_core.package_identification:_identify(src/radar_conti_ars408/src) by extensions ['ignore', 'ignore_ament_install']
[0.142s] Level 1:colcon.colcon_core.package_identification:_identify(src/radar_conti_ars408/src) by extension 'ignore'
[0.142s] Level 1:colcon.colcon_core.package_identification:_identify(src/radar_conti_ars408/src) by extension 'ignore_ament_install'
[0.142s] Level 1:colcon.colcon_core.package_identification:_identify(src/radar_conti_ars408/src) by extensions ['colcon_pkg']
[0.142s] Level 1:colcon.colcon_core.package_identification:_identify(src/radar_conti_ars408/src) by extension 'colcon_pkg'
[0.142s] Level 1:colcon.colcon_core.package_identification:_identify(src/radar_conti_ars408/src) by extensions ['colcon_meta']
[0.142s] Level 1:colcon.colcon_core.package_identification:_identify(src/radar_conti_ars408/src) by extension 'colcon_meta'
[0.142s] Level 1:colcon.colcon_core.package_identification:_identify(src/radar_conti_ars408/src) by extensions ['ros']
[0.142s] Level 1:colcon.colcon_core.package_identification:_identify(src/radar_conti_ars408/src) by extension 'ros'
[0.142s] DEBUG:colcon.colcon_core.package_identification:Package 'src/radar_conti_ars408/src' with type 'ros.ament_cmake' and name 'radar_conti_ars408'
[0.143s] Level 1:colcon.colcon_core.package_identification:_identify(src/radar_conti_ars408_msgs) by extensions ['ignore', 'ignore_ament_install']
[0.143s] Level 1:colcon.colcon_core.package_identification:_identify(src/radar_conti_ars408_msgs) by extension 'ignore'
[0.143s] Level 1:colcon.colcon_core.package_identification:_identify(src/radar_conti_ars408_msgs) by extension 'ignore_ament_install'
[0.143s] Level 1:colcon.colcon_core.package_identification:_identify(src/radar_conti_ars408_msgs) by extensions ['colcon_pkg']
[0.143s] Level 1:colcon.colcon_core.package_identification:_identify(src/radar_conti_ars408_msgs) by extension 'colcon_pkg'
[0.143s] Level 1:colcon.colcon_core.package_identification:_identify(src/radar_conti_ars408_msgs) by extensions ['colcon_meta']
[0.143s] Level 1:colcon.colcon_core.package_identification:_identify(src/radar_conti_ars408_msgs) by extension 'colcon_meta'
[0.143s] Level 1:colcon.colcon_core.package_identification:_identify(src/radar_conti_ars408_msgs) by extensions ['ros']
[0.143s] Level 1:colcon.colcon_core.package_identification:_identify(src/radar_conti_ars408_msgs) by extension 'ros'
[0.143s] DEBUG:colcon.colcon_core.package_identification:Package 'src/radar_conti_ars408_msgs' with type 'ros.ament_cmake' and name 'radar_conti_ars408_msgs'
[0.143s] Level 1:colcon.colcon_core.package_identification:_identify(src/ros2_socketcan_bridge) by extensions ['ignore', 'ignore_ament_install']
[0.144s] Level 1:colcon.colcon_core.package_identification:_identify(src/ros2_socketcan_bridge) by extension 'ignore'
[0.144s] Level 1:colcon.colcon_core.package_identification:_identify(src/ros2_socketcan_bridge) by extension 'ignore_ament_install'
[0.144s] Level 1:colcon.colcon_core.package_identification:_identify(src/ros2_socketcan_bridge) by extensions ['colcon_pkg']
[0.144s] Level 1:colcon.colcon_core.package_identification:_identify(src/ros2_socketcan_bridge) by extension 'colcon_pkg'
[0.144s] Level 1:colcon.colcon_core.package_identification:_identify(src/ros2_socketcan_bridge) by extensions ['colcon_meta']
[0.144s] Level 1:colcon.colcon_core.package_identification:_identify(src/ros2_socketcan_bridge) by extension 'colcon_meta'
[0.144s] Level 1:colcon.colcon_core.package_identification:_identify(src/ros2_socketcan_bridge) by extensions ['ros']
[0.144s] Level 1:colcon.colcon_core.package_identification:_identify(src/ros2_socketcan_bridge) by extension 'ros'
[0.144s] Level 1:colcon.colcon_core.package_identification:_identify(src/ros2_socketcan_bridge) by extensions ['cmake', 'python']
[0.144s] Level 1:colcon.colcon_core.package_identification:_identify(src/ros2_socketcan_bridge) by extension 'cmake'
[0.144s] Level 1:colcon.colcon_core.package_identification:_identify(src/ros2_socketcan_bridge) by extension 'python'
[0.144s] Level 1:colcon.colcon_core.package_identification:_identify(src/ros2_socketcan_bridge) by extensions ['python_setup_py']
[0.144s] Level 1:colcon.colcon_core.package_identification:_identify(src/ros2_socketcan_bridge) by extension 'python_setup_py'
[0.144s] Level 1:colcon.colcon_core.package_identification:_identify(src/ros2_socketcan_bridge/can_msgs) by extensions ['ignore', 'ignore_ament_install']
[0.144s] Level 1:colcon.colcon_core.package_identification:_identify(src/ros2_socketcan_bridge/can_msgs) by extension 'ignore'
[0.144s] Level 1:colcon.colcon_core.package_identification:_identify(src/ros2_socketcan_bridge/can_msgs) by extension 'ignore_ament_install'
[0.144s] Level 1:colcon.colcon_core.package_identification:_identify(src/ros2_socketcan_bridge/can_msgs) by extensions ['colcon_pkg']
[0.144s] Level 1:colcon.colcon_core.package_identification:_identify(src/ros2_socketcan_bridge/can_msgs) by extension 'colcon_pkg'
[0.144s] Level 1:colcon.colcon_core.package_identification:_identify(src/ros2_socketcan_bridge/can_msgs) by extensions ['colcon_meta']
[0.144s] Level 1:colcon.colcon_core.package_identification:_identify(src/ros2_socketcan_bridge/can_msgs) by extension 'colcon_meta'
[0.144s] Level 1:colcon.colcon_core.package_identification:_identify(src/ros2_socketcan_bridge/can_msgs) by extensions ['ros']
[0.144s] Level 1:colcon.colcon_core.package_identification:_identify(src/ros2_socketcan_bridge/can_msgs) by extension 'ros'
[0.145s] DEBUG:colcon.colcon_core.package_identification:Package 'src/ros2_socketcan_bridge/can_msgs' with type 'ros.ament_cmake' and name 'can_msgs'
[0.145s] Level 1:colcon.colcon_core.package_identification:_identify(src/ros2_socketcan_bridge/ros2socketcan_bridge) by extensions ['ignore', 'ignore_ament_install']
[0.145s] Level 1:colcon.colcon_core.package_identification:_identify(src/ros2_socketcan_bridge/ros2socketcan_bridge) by extension 'ignore'
[0.145s] Level 1:colcon.colcon_core.package_identification:_identify(src/ros2_socketcan_bridge/ros2socketcan_bridge) by extension 'ignore_ament_install'
[0.145s] Level 1:colcon.colcon_core.package_identification:_identify(src/ros2_socketcan_bridge/ros2socketcan_bridge) by extensions ['colcon_pkg']
[0.145s] Level 1:colcon.colcon_core.package_identification:_identify(src/ros2_socketcan_bridge/ros2socketcan_bridge) by extension 'colcon_pkg'
[0.145s] Level 1:colcon.colcon_core.package_identification:_identify(src/ros2_socketcan_bridge/ros2socketcan_bridge) by extensions ['colcon_meta']
[0.145s] Level 1:colcon.colcon_core.package_identification:_identify(src/ros2_socketcan_bridge/ros2socketcan_bridge) by extension 'colcon_meta'
[0.145s] Level 1:colcon.colcon_core.package_identification:_identify(src/ros2_socketcan_bridge/ros2socketcan_bridge) by extensions ['ros']
[0.145s] Level 1:colcon.colcon_core.package_identification:_identify(src/ros2_socketcan_bridge/ros2socketcan_bridge) by extension 'ros'
[0.146s] DEBUG:colcon.colcon_core.package_identification:Package 'src/ros2_socketcan_bridge/ros2socketcan_bridge' with type 'ros.ament_cmake' and name 'ros2socketcan_bridge'
[0.146s] Level 1:colcon.colcon_core.package_discovery:discover_packages(recursive) using defaults
[0.146s] Level 1:colcon.colcon_core.package_discovery:discover_packages(ignore) discover
[0.146s] Level 1:colcon.colcon_core.package_discovery:discover_packages(ignore) using defaults
[0.146s] Level 1:colcon.colcon_core.package_discovery:discover_packages(path) discover
[0.146s] Level 1:colcon.colcon_core.package_discovery:discover_packages(path) using defaults
[0.160s] Level 1:colcon.colcon_core.package_discovery:discover_packages(prefix_path) check parameters
[0.160s] Level 1:colcon.colcon_core.package_discovery:discover_packages(prefix_path) discover
[0.162s] DEBUG:colcon.colcon_installed_package_information.package_discovery:Found 6 installed packages in /home/offroad/radar_ws/install
[0.163s] DEBUG:colcon.colcon_installed_package_information.package_discovery:Found 303 installed packages in /opt/ros/foxy
[0.164s] Level 1:colcon.colcon_core.package_discovery:discover_packages(prefix_path) using defaults
[0.238s] Level 5:colcon.colcon_core.verb:set package 'can_msgs' build argument 'cmake_args' from command line to 'None'
[0.238s] Level 5:colcon.colcon_core.verb:set package 'can_msgs' build argument 'cmake_target' from command line to 'None'
[0.238s] Level 5:colcon.colcon_core.verb:set package 'can_msgs' build argument 'cmake_target_skip_unavailable' from command line to 'False'
[0.238s] Level 5:colcon.colcon_core.verb:set package 'can_msgs' build argument 'cmake_clean_cache' from command line to 'False'
[0.239s] Level 5:colcon.colcon_core.verb:set package 'can_msgs' build argument 'cmake_clean_first' from command line to 'False'
[0.239s] Level 5:colcon.colcon_core.verb:set package 'can_msgs' build argument 'cmake_force_configure' from command line to 'False'
[0.239s] Level 5:colcon.colcon_core.verb:set package 'can_msgs' build argument 'ament_cmake_args' from command line to 'None'
[0.239s] Level 5:colcon.colcon_core.verb:set package 'can_msgs' build argument 'catkin_cmake_args' from command line to 'None'
[0.239s] Level 5:colcon.colcon_core.verb:set package 'can_msgs' build argument 'catkin_skip_building_tests' from command line to 'False'
[0.239s] DEBUG:colcon.colcon_core.verb:Building package 'can_msgs' with the following arguments: {'ament_cmake_args': None, 'build_base': '/home/offroad/radar_ws/build/can_msgs', 'catkin_cmake_args': None, 'catkin_skip_building_tests': False, 'cmake_args': None, 'cmake_clean_cache': False, 'cmake_clean_first': False, 'cmake_force_configure': False, 'cmake_target': None, 'cmake_target_skip_unavailable': False, 'install_base': '/home/offroad/radar_ws/install/can_msgs', 'merge_install': False, 'path': '/home/offroad/radar_ws/src/ros2_socketcan_bridge/can_msgs', 'symlink_install': False, 'test_result_base': None}
[0.239s] Level 5:colcon.colcon_core.verb:set package 'radar_conti_ars408_msgs' build argument 'cmake_args' from command line to 'None'
[0.239s] Level 5:colcon.colcon_core.verb:set package 'radar_conti_ars408_msgs' build argument 'cmake_target' from command line to 'None'
[0.239s] Level 5:colcon.colcon_core.verb:set package 'radar_conti_ars408_msgs' build argument 'cmake_target_skip_unavailable' from command line to 'False'
[0.239s] Level 5:colcon.colcon_core.verb:set package 'radar_conti_ars408_msgs' build argument 'cmake_clean_cache' from command line to 'False'
[0.239s] Level 5:colcon.colcon_core.verb:set package 'radar_conti_ars408_msgs' build argument 'cmake_clean_first' from command line to 'False'
[0.239s] Level 5:colcon.colcon_core.verb:set package 'radar_conti_ars408_msgs' build argument 'cmake_force_configure' from command line to 'False'
[0.240s] Level 5:colcon.colcon_core.verb:set package 'radar_conti_ars408_msgs' build argument 'ament_cmake_args' from command line to 'None'
[0.240s] Level 5:colcon.colcon_core.verb:set package 'radar_conti_ars408_msgs' build argument 'catkin_cmake_args' from command line to 'None'
[0.240s] Level 5:colcon.colcon_core.verb:set package 'radar_conti_ars408_msgs' build argument 'catkin_skip_building_tests' from command line to 'False'
[0.240s] DEBUG:colcon.colcon_core.verb:Building package 'radar_conti_ars408_msgs' with the following arguments: {'ament_cmake_args': None, 'build_base': '/home/offroad/radar_ws/build/radar_conti_ars408_msgs', 'catkin_cmake_args': None, 'catkin_skip_building_tests': False, 'cmake_args': None, 'cmake_clean_cache': False, 'cmake_clean_first': False, 'cmake_force_configure': False, 'cmake_target': None, 'cmake_target_skip_unavailable': False, 'install_base': '/home/offroad/radar_ws/install/radar_conti_ars408_msgs', 'merge_install': False, 'path': '/home/offroad/radar_ws/src/radar_conti_ars408_msgs', 'symlink_install': False, 'test_result_base': None}
[0.240s] Level 5:colcon.colcon_core.verb:set package 'cpp_srvcli' build argument 'cmake_args' from command line to 'None'
[0.240s] Level 5:colcon.colcon_core.verb:set package 'cpp_srvcli' build argument 'cmake_target' from command line to 'None'
[0.240s] Level 5:colcon.colcon_core.verb:set package 'cpp_srvcli' build argument 'cmake_target_skip_unavailable' from command line to 'False'
[0.240s] Level 5:colcon.colcon_core.verb:set package 'cpp_srvcli' build argument 'cmake_clean_cache' from command line to 'False'
[0.240s] Level 5:colcon.colcon_core.verb:set package 'cpp_srvcli' build argument 'cmake_clean_first' from command line to 'False'
[0.240s] Level 5:colcon.colcon_core.verb:set package 'cpp_srvcli' build argument 'cmake_force_configure' from command line to 'False'
[0.240s] Level 5:colcon.colcon_core.verb:set package 'cpp_srvcli' build argument 'ament_cmake_args' from command line to 'None'
[0.240s] Level 5:colcon.colcon_core.verb:set package 'cpp_srvcli' build argument 'catkin_cmake_args' from command line to 'None'
[0.240s] Level 5:colcon.colcon_core.verb:set package 'cpp_srvcli' build argument 'catkin_skip_building_tests' from command line to 'False'
[0.240s] DEBUG:colcon.colcon_core.verb:Building package 'cpp_srvcli' with the following arguments: {'ament_cmake_args': None, 'build_base': '/home/offroad/radar_ws/build/cpp_srvcli', 'catkin_cmake_args': None, 'catkin_skip_building_tests': False, 'cmake_args': None, 'cmake_clean_cache': False, 'cmake_clean_first': False, 'cmake_force_configure': False, 'cmake_target': None, 'cmake_target_skip_unavailable': False, 'install_base': '/home/offroad/radar_ws/install/cpp_srvcli', 'merge_install': False, 'path': '/home/offroad/radar_ws/src/cpp_srvcli', 'symlink_install': False, 'test_result_base': None}
[0.241s] Level 5:colcon.colcon_core.verb:set package 'ros2socketcan_bridge' build argument 'cmake_args' from command line to 'None'
[0.241s] Level 5:colcon.colcon_core.verb:set package 'ros2socketcan_bridge' build argument 'cmake_target' from command line to 'None'
[0.241s] Level 5:colcon.colcon_core.verb:set package 'ros2socketcan_bridge' build argument 'cmake_target_skip_unavailable' from command line to 'False'
[0.241s] Level 5:colcon.colcon_core.verb:set package 'ros2socketcan_bridge' build argument 'cmake_clean_cache' from command line to 'False'
[0.241s] Level 5:colcon.colcon_core.verb:set package 'ros2socketcan_bridge' build argument 'cmake_clean_first' from command line to 'False'
[0.241s] Level 5:colcon.colcon_core.verb:set package 'ros2socketcan_bridge' build argument 'cmake_force_configure' from command line to 'False'
[0.241s] Level 5:colcon.colcon_core.verb:set package 'ros2socketcan_bridge' build argument 'ament_cmake_args' from command line to 'None'
[0.241s] Level 5:colcon.colcon_core.verb:set package 'ros2socketcan_bridge' build argument 'catkin_cmake_args' from command line to 'None'
[0.241s] Level 5:colcon.colcon_core.verb:set package 'ros2socketcan_bridge' build argument 'catkin_skip_building_tests' from command line to 'False'
[0.241s] DEBUG:colcon.colcon_core.verb:Building package 'ros2socketcan_bridge' with the following arguments: {'ament_cmake_args': None, 'build_base': '/home/offroad/radar_ws/build/ros2socketcan_bridge', 'catkin_cmake_args': None, 'catkin_skip_building_tests': False, 'cmake_args': None, 'cmake_clean_cache': False, 'cmake_clean_first': False, 'cmake_force_configure': False, 'cmake_target': None, 'cmake_target_skip_unavailable': False, 'install_base': '/home/offroad/radar_ws/install/ros2socketcan_bridge', 'merge_install': False, 'path': '/home/offroad/radar_ws/src/ros2_socketcan_bridge/ros2socketcan_bridge', 'symlink_install': False, 'test_result_base': None}
[0.242s] Level 5:colcon.colcon_core.verb:set package 'radar_conti_ars408' build argument 'cmake_args' from command line to 'None'
[0.242s] Level 5:colcon.colcon_core.verb:set package 'radar_conti_ars408' build argument 'cmake_target' from command line to 'None'
[0.242s] Level 5:colcon.colcon_core.verb:set package 'radar_conti_ars408' build argument 'cmake_target_skip_unavailable' from command line to 'False'
[0.242s] Level 5:colcon.colcon_core.verb:set package 'radar_conti_ars408' build argument 'cmake_clean_cache' from command line to 'False'
[0.242s] Level 5:colcon.colcon_core.verb:set package 'radar_conti_ars408' build argument 'cmake_clean_first' from command line to 'False'
[0.242s] Level 5:colcon.colcon_core.verb:set package 'radar_conti_ars408' build argument 'cmake_force_configure' from command line to 'False'
[0.242s] Level 5:colcon.colcon_core.verb:set package 'radar_conti_ars408' build argument 'ament_cmake_args' from command line to 'None'
[0.242s] Level 5:colcon.colcon_core.verb:set package 'radar_conti_ars408' build argument 'catkin_cmake_args' from command line to 'None'
[0.242s] Level 5:colcon.colcon_core.verb:set package 'radar_conti_ars408' build argument 'catkin_skip_building_tests' from command line to 'False'
[0.242s] DEBUG:colcon.colcon_core.verb:Building package 'radar_conti_ars408' with the following arguments: {'ament_cmake_args': None, 'build_base': '/home/offroad/radar_ws/build/radar_conti_ars408', 'catkin_cmake_args': None, 'catkin_skip_building_tests': False, 'cmake_args': None, 'cmake_clean_cache': False, 'cmake_clean_first': False, 'cmake_force_configure': False, 'cmake_target': None, 'cmake_target_skip_unavailable': False, 'install_base': '/home/offroad/radar_ws/install/radar_conti_ars408', 'merge_install': False, 'path': '/home/offroad/radar_ws/src/radar_conti_ars408/src', 'symlink_install': False, 'test_result_base': None}
[0.242s] INFO:colcon.colcon_core.executor:Executing jobs using 'parallel' executor
[0.244s] DEBUG:colcon.colcon_parallel_executor.executor.parallel:run_until_complete
[0.244s] INFO:colcon.colcon_ros.task.ament_cmake.build:Building ROS package in '/home/offroad/radar_ws/src/ros2_socketcan_bridge/can_msgs' with build type 'ament_cmake'
[0.244s] INFO:colcon.colcon_cmake.task.cmake.build:Building CMake package in '/home/offroad/radar_ws/src/ros2_socketcan_bridge/can_msgs'
[0.247s] INFO:colcon.colcon_core.plugin_system:Skipping extension 'colcon_core.shell.bat': Not used on non-Windows systems
[0.247s] INFO:colcon.colcon_core.shell:Skip shell extension 'powershell' for command environment: Not usable outside of PowerShell
[0.247s] DEBUG:colcon.colcon_core.shell:Skip shell extension 'dsv' for command environment
[0.252s] INFO:colcon.colcon_ros.task.ament_cmake.build:Building ROS package in '/home/offroad/radar_ws/src/radar_conti_ars408_msgs' with build type 'ament_cmake'
[0.252s] INFO:colcon.colcon_cmake.task.cmake.build:Building CMake package in '/home/offroad/radar_ws/src/radar_conti_ars408_msgs'
[0.252s] INFO:colcon.colcon_core.shell:Skip shell extension 'powershell' for command environment: Not usable outside of PowerShell
[0.253s] DEBUG:colcon.colcon_core.shell:Skip shell extension 'dsv' for command environment
[0.262s] DEBUG:colcon.colcon_core.event_handler.log_command:Invoking command in '/home/offroad/radar_ws/build/can_msgs': CMAKE_PREFIX_PATH=${CMAKE_PREFIX_PATH}:/opt/ros/foxy /usr/bin/cmake --build /home/offroad/radar_ws/build/can_msgs -- -j12 -l12
[0.270s] DEBUG:colcon.colcon_core.event_handler.log_command:Invoking command in '/home/offroad/radar_ws/build/radar_conti_ars408_msgs': CMAKE_PREFIX_PATH=${CMAKE_PREFIX_PATH}:/opt/ros/foxy /usr/bin/cmake --build /home/offroad/radar_ws/build/radar_conti_ars408_msgs -- -j12 -l12
[0.453s] DEBUG:colcon.colcon_core.event_handler.log_command:Invoked command in '/home/offroad/radar_ws/build/can_msgs' returned '0': CMAKE_PREFIX_PATH=${CMAKE_PREFIX_PATH}:/opt/ros/foxy /usr/bin/cmake --build /home/offroad/radar_ws/build/can_msgs -- -j12 -l12
[0.505s] DEBUG:colcon.colcon_core.event_handler.log_command:Invoking command in '/home/offroad/radar_ws/build/can_msgs': CMAKE_PREFIX_PATH=${CMAKE_PREFIX_PATH}:/opt/ros/foxy /usr/bin/cmake --install /home/offroad/radar_ws/build/can_msgs
[0.507s] DEBUG:colcon.colcon_core.event_handler.log_command:Invoked command in '/home/offroad/radar_ws/build/radar_conti_ars408_msgs' returned '0': CMAKE_PREFIX_PATH=${CMAKE_PREFIX_PATH}:/opt/ros/foxy /usr/bin/cmake --build /home/offroad/radar_ws/build/radar_conti_ars408_msgs -- -j12 -l12
[0.551s] Level 1:colcon.colcon_core.environment:create_environment_scripts_only(can_msgs)
[0.552s] DEBUG:colcon.colcon_core.event_handler.log_command:Invoked command in '/home/offroad/radar_ws/build/can_msgs' returned '0': CMAKE_PREFIX_PATH=${CMAKE_PREFIX_PATH}:/opt/ros/foxy /usr/bin/cmake --install /home/offroad/radar_ws/build/can_msgs
[0.555s] Level 1:colcon.colcon_core.environment:checking '/home/offroad/radar_ws/install/can_msgs' for CMake module files
[0.555s] Level 1:colcon.colcon_core.environment:checking '/home/offroad/radar_ws/install/can_msgs' for CMake config files
[0.556s] Level 1:colcon.colcon_core.shell:create_environment_hook('can_msgs', 'cmake_prefix_path')
[0.556s] INFO:colcon.colcon_core.shell:Creating environment hook '/home/offroad/radar_ws/install/can_msgs/share/can_msgs/hook/cmake_prefix_path.ps1'
[0.557s] INFO:colcon.colcon_core.shell:Creating environment descriptor '/home/offroad/radar_ws/install/can_msgs/share/can_msgs/hook/cmake_prefix_path.dsv'
[0.557s] INFO:colcon.colcon_core.shell:Creating environment hook '/home/offroad/radar_ws/install/can_msgs/share/can_msgs/hook/cmake_prefix_path.sh'
[0.558s] Level 1:colcon.colcon_core.environment:checking '/home/offroad/radar_ws/install/can_msgs/lib'
[0.558s] Level 1:colcon.colcon_core.shell:create_environment_hook('can_msgs', 'ld_library_path_lib')
[0.558s] INFO:colcon.colcon_core.shell:Creating environment hook '/home/offroad/radar_ws/install/can_msgs/share/can_msgs/hook/ld_library_path_lib.ps1'
[0.559s] INFO:colcon.colcon_core.shell:Creating environment descriptor '/home/offroad/radar_ws/install/can_msgs/share/can_msgs/hook/ld_library_path_lib.dsv'
[0.559s] INFO:colcon.colcon_core.shell:Creating environment hook '/home/offroad/radar_ws/install/can_msgs/share/can_msgs/hook/ld_library_path_lib.sh'
[0.559s] Level 1:colcon.colcon_core.environment:checking '/home/offroad/radar_ws/install/can_msgs/bin'
[0.559s] Level 1:colcon.colcon_core.environment:checking '/home/offroad/radar_ws/install/can_msgs/lib/pkgconfig/can_msgs.pc'
[0.559s] Level 1:colcon.colcon_core.environment:checking '/home/offroad/radar_ws/install/can_msgs/lib/python3.8/site-packages'
[0.559s] Level 1:colcon.colcon_core.shell:create_environment_hook('can_msgs', 'pythonpath')
[0.560s] INFO:colcon.colcon_core.shell:Creating environment hook '/home/offroad/radar_ws/install/can_msgs/share/can_msgs/hook/pythonpath.ps1'
[0.560s] INFO:colcon.colcon_core.shell:Creating environment descriptor '/home/offroad/radar_ws/install/can_msgs/share/can_msgs/hook/pythonpath.dsv'
[0.561s] INFO:colcon.colcon_core.shell:Creating environment hook '/home/offroad/radar_ws/install/can_msgs/share/can_msgs/hook/pythonpath.sh'
[0.561s] Level 1:colcon.colcon_core.environment:checking '/home/offroad/radar_ws/install/can_msgs/bin'
[0.561s] INFO:colcon.colcon_core.shell:Creating package script '/home/offroad/radar_ws/install/can_msgs/share/can_msgs/package.ps1'
[0.562s] INFO:colcon.colcon_core.shell:Creating package descriptor '/home/offroad/radar_ws/install/can_msgs/share/can_msgs/package.dsv'
[0.563s] INFO:colcon.colcon_core.shell:Creating package script '/home/offroad/radar_ws/install/can_msgs/share/can_msgs/package.sh'
[0.563s] INFO:colcon.colcon_core.shell:Creating package script '/home/offroad/radar_ws/install/can_msgs/share/can_msgs/package.bash'
[0.564s] INFO:colcon.colcon_core.shell:Creating package script '/home/offroad/radar_ws/install/can_msgs/share/can_msgs/package.zsh'
[0.564s] Level 1:colcon.colcon_core.environment:create_file_with_runtime_dependencies(/home/offroad/radar_ws/install/can_msgs/share/colcon-core/packages/can_msgs)
[0.605s] Level 1:colcon.colcon_core.environment:create_environment_scripts_only(can_msgs)
[0.606s] Level 1:colcon.colcon_core.environment:checking '/home/offroad/radar_ws/install/can_msgs' for CMake module files
[0.607s] Level 1:colcon.colcon_core.environment:checking '/home/offroad/radar_ws/install/can_msgs' for CMake config files
[0.607s] Level 1:colcon.colcon_core.shell:create_environment_hook('can_msgs', 'cmake_prefix_path')
[0.607s] INFO:colcon.colcon_core.shell:Creating environment hook '/home/offroad/radar_ws/install/can_msgs/share/can_msgs/hook/cmake_prefix_path.ps1'
[0.608s] INFO:colcon.colcon_core.shell:Creating environment descriptor '/home/offroad/radar_ws/install/can_msgs/share/can_msgs/hook/cmake_prefix_path.dsv'
[0.608s] INFO:colcon.colcon_core.shell:Creating environment hook '/home/offroad/radar_ws/install/can_msgs/share/can_msgs/hook/cmake_prefix_path.sh'
[0.608s] Level 1:colcon.colcon_core.environment:checking '/home/offroad/radar_ws/install/can_msgs/lib'
[0.608s] Level 1:colcon.colcon_core.shell:create_environment_hook('can_msgs', 'ld_library_path_lib')
[0.609s] INFO:colcon.colcon_core.shell:Creating environment hook '/home/offroad/radar_ws/install/can_msgs/share/can_msgs/hook/ld_library_path_lib.ps1'
[0.609s] INFO:colcon.colcon_core.shell:Creating environment descriptor '/home/offroad/radar_ws/install/can_msgs/share/can_msgs/hook/ld_library_path_lib.dsv'
[0.609s] INFO:colcon.colcon_core.shell:Creating environment hook '/home/offroad/radar_ws/install/can_msgs/share/can_msgs/hook/ld_library_path_lib.sh'
[0.610s] Level 1:colcon.colcon_core.environment:checking '/home/offroad/radar_ws/install/can_msgs/bin'
[0.610s] Level 1:colcon.colcon_core.environment:checking '/home/offroad/radar_ws/install/can_msgs/lib/pkgconfig/can_msgs.pc'
[0.610s] Level 1:colcon.colcon_core.environment:checking '/home/offroad/radar_ws/install/can_msgs/lib/python3.8/site-packages'
[0.610s] Level 1:colcon.colcon_core.shell:create_environment_hook('can_msgs', 'pythonpath')
[0.610s] INFO:colcon.colcon_core.shell:Creating environment hook '/home/offroad/radar_ws/install/can_msgs/share/can_msgs/hook/pythonpath.ps1'
[0.611s] INFO:colcon.colcon_core.shell:Creating environment descriptor '/home/offroad/radar_ws/install/can_msgs/share/can_msgs/hook/pythonpath.dsv'
[0.611s] INFO:colcon.colcon_core.shell:Creating environment hook '/home/offroad/radar_ws/install/can_msgs/share/can_msgs/hook/pythonpath.sh'
[0.611s] Level 1:colcon.colcon_core.environment:checking '/home/offroad/radar_ws/install/can_msgs/bin'
[0.612s] INFO:colcon.colcon_core.shell:Creating package script '/home/offroad/radar_ws/install/can_msgs/share/can_msgs/package.ps1'
[0.612s] INFO:colcon.colcon_core.shell:Creating package descriptor '/home/offroad/radar_ws/install/can_msgs/share/can_msgs/package.dsv'
[0.613s] INFO:colcon.colcon_core.shell:Creating package script '/home/offroad/radar_ws/install/can_msgs/share/can_msgs/package.sh'
[0.613s] INFO:colcon.colcon_core.shell:Creating package script '/home/offroad/radar_ws/install/can_msgs/share/can_msgs/package.bash'
[0.614s] INFO:colcon.colcon_core.shell:Creating package script '/home/offroad/radar_ws/install/can_msgs/share/can_msgs/package.zsh'
[0.614s] Level 1:colcon.colcon_core.environment:create_file_with_runtime_dependencies(/home/offroad/radar_ws/install/can_msgs/share/colcon-core/packages/can_msgs)
[0.614s] INFO:colcon.colcon_ros.task.ament_cmake.build:Building ROS package in '/home/offroad/radar_ws/src/ros2_socketcan_bridge/ros2socketcan_bridge' with build type 'ament_cmake'
[0.614s] INFO:colcon.colcon_cmake.task.cmake.build:Building CMake package in '/home/offroad/radar_ws/src/ros2_socketcan_bridge/ros2socketcan_bridge'
[0.615s] INFO:colcon.colcon_core.shell:Skip shell extension 'powershell' for command environment: Not usable outside of PowerShell
[0.615s] DEBUG:colcon.colcon_core.shell:Skip shell extension 'dsv' for command environment
[0.626s] DEBUG:colcon.colcon_core.event_handler.log_command:Invoking command in '/home/offroad/radar_ws/build/ros2socketcan_bridge': CMAKE_PREFIX_PATH=/home/offroad/radar_ws/install/can_msgs:/home/offroad/radar_ws/install/cpp_srvcli:/home/offroad/radar_ws/install/cpp_pubsub:/home/offroad/radar_ws/install/ros2socketcan_bridge:/home/offroad/radar_ws/install/radar_conti_ars408:/home/offroad/radar_ws/install/radar_conti_ars408_msgs:/opt/ros/foxy LD_LIBRARY_PATH=/home/offroad/radar_ws/install/can_msgs/lib:/home/offroad/radar_ws/install/radar_conti_ars408/lib:/home/offroad/radar_ws/install/radar_conti_ars408_msgs/lib:/usr/lib/x86_64-linux-gnu/gazebo-11/plugins:/opt/ros/foxy/opt/yaml_cpp_vendor/lib:/opt/ros/foxy/opt/rviz_ogre_vendor/lib:/opt/ros/foxy/lib/x86_64-linux-gnu:/opt/ros/foxy/lib PYTHONPATH=/home/offroad/radar_ws/install/can_msgs/lib/python3.8/site-packages:/home/offroad/radar_ws/install/radar_conti_ars408_msgs/lib/python3.8/site-packages:/opt/ros/foxy/lib/python3.8/site-packages /usr/bin/cmake --build /home/offroad/radar_ws/build/ros2socketcan_bridge -- -j12 -l12
[0.680s] DEBUG:colcon.colcon_core.event_handler.log_command:Invoked command in '/home/offroad/radar_ws/build/ros2socketcan_bridge' returned '0': CMAKE_PREFIX_PATH=/home/offroad/radar_ws/install/can_msgs:/home/offroad/radar_ws/install/cpp_srvcli:/home/offroad/radar_ws/install/cpp_pubsub:/home/offroad/radar_ws/install/ros2socketcan_bridge:/home/offroad/radar_ws/install/radar_conti_ars408:/home/offroad/radar_ws/install/radar_conti_ars408_msgs:/opt/ros/foxy LD_LIBRARY_PATH=/home/offroad/radar_ws/install/can_msgs/lib:/home/offroad/radar_ws/install/radar_conti_ars408/lib:/home/offroad/radar_ws/install/radar_conti_ars408_msgs/lib:/usr/lib/x86_64-linux-gnu/gazebo-11/plugins:/opt/ros/foxy/opt/yaml_cpp_vendor/lib:/opt/ros/foxy/opt/rviz_ogre_vendor/lib:/opt/ros/foxy/lib/x86_64-linux-gnu:/opt/ros/foxy/lib PYTHONPATH=/home/offroad/radar_ws/install/can_msgs/lib/python3.8/site-packages:/home/offroad/radar_ws/install/radar_conti_ars408_msgs/lib/python3.8/site-packages:/opt/ros/foxy/lib/python3.8/site-packages /usr/bin/cmake --build /home/offroad/radar_ws/build/ros2socketcan_bridge -- -j12 -l12
[0.701s] DEBUG:colcon.colcon_core.event_handler.log_command:Invoking command in '/home/offroad/radar_ws/build/ros2socketcan_bridge': CMAKE_PREFIX_PATH=/home/offroad/radar_ws/install/can_msgs:/home/offroad/radar_ws/install/cpp_srvcli:/home/offroad/radar_ws/install/cpp_pubsub:/home/offroad/radar_ws/install/ros2socketcan_bridge:/home/offroad/radar_ws/install/radar_conti_ars408:/home/offroad/radar_ws/install/radar_conti_ars408_msgs:/opt/ros/foxy LD_LIBRARY_PATH=/home/offroad/radar_ws/install/can_msgs/lib:/home/offroad/radar_ws/install/radar_conti_ars408/lib:/home/offroad/radar_ws/install/radar_conti_ars408_msgs/lib:/usr/lib/x86_64-linux-gnu/gazebo-11/plugins:/opt/ros/foxy/opt/yaml_cpp_vendor/lib:/opt/ros/foxy/opt/rviz_ogre_vendor/lib:/opt/ros/foxy/lib/x86_64-linux-gnu:/opt/ros/foxy/lib PYTHONPATH=/home/offroad/radar_ws/install/can_msgs/lib/python3.8/site-packages:/home/offroad/radar_ws/install/radar_conti_ars408_msgs/lib/python3.8/site-packages:/opt/ros/foxy/lib/python3.8/site-packages /usr/bin/cmake --install /home/offroad/radar_ws/build/ros2socketcan_bridge
[0.710s] Level 1:colcon.colcon_core.environment:create_environment_scripts_only(ros2socketcan_bridge)
[0.711s] Level 1:colcon.colcon_core.environment:checking '/home/offroad/radar_ws/install/ros2socketcan_bridge' for CMake module files
[0.711s] DEBUG:colcon.colcon_core.event_handler.log_command:Invoked command in '/home/offroad/radar_ws/build/ros2socketcan_bridge' returned '0': CMAKE_PREFIX_PATH=/home/offroad/radar_ws/install/can_msgs:/home/offroad/radar_ws/install/cpp_srvcli:/home/offroad/radar_ws/install/cpp_pubsub:/home/offroad/radar_ws/install/ros2socketcan_bridge:/home/offroad/radar_ws/install/radar_conti_ars408:/home/offroad/radar_ws/install/radar_conti_ars408_msgs:/opt/ros/foxy LD_LIBRARY_PATH=/home/offroad/radar_ws/install/can_msgs/lib:/home/offroad/radar_ws/install/radar_conti_ars408/lib:/home/offroad/radar_ws/install/radar_conti_ars408_msgs/lib:/usr/lib/x86_64-linux-gnu/gazebo-11/plugins:/opt/ros/foxy/opt/yaml_cpp_vendor/lib:/opt/ros/foxy/opt/rviz_ogre_vendor/lib:/opt/ros/foxy/lib/x86_64-linux-gnu:/opt/ros/foxy/lib PYTHONPATH=/home/offroad/radar_ws/install/can_msgs/lib/python3.8/site-packages:/home/offroad/radar_ws/install/radar_conti_ars408_msgs/lib/python3.8/site-packages:/opt/ros/foxy/lib/python3.8/site-packages /usr/bin/cmake --install /home/offroad/radar_ws/build/ros2socketcan_bridge
[0.712s] Level 1:colcon.colcon_core.environment:checking '/home/offroad/radar_ws/install/ros2socketcan_bridge' for CMake config files
[0.712s] Level 1:colcon.colcon_core.shell:create_environment_hook('ros2socketcan_bridge', 'cmake_prefix_path')
[0.712s] INFO:colcon.colcon_core.shell:Creating environment hook '/home/offroad/radar_ws/install/ros2socketcan_bridge/share/ros2socketcan_bridge/hook/cmake_prefix_path.ps1'
[0.713s] INFO:colcon.colcon_core.shell:Creating environment descriptor '/home/offroad/radar_ws/install/ros2socketcan_bridge/share/ros2socketcan_bridge/hook/cmake_prefix_path.dsv'
[0.713s] INFO:colcon.colcon_core.shell:Creating environment hook '/home/offroad/radar_ws/install/ros2socketcan_bridge/share/ros2socketcan_bridge/hook/cmake_prefix_path.sh'
[0.713s] Level 1:colcon.colcon_core.environment:checking '/home/offroad/radar_ws/install/ros2socketcan_bridge/lib'
[0.714s] Level 1:colcon.colcon_core.environment:checking '/home/offroad/radar_ws/install/ros2socketcan_bridge/bin'
[0.714s] Level 1:colcon.colcon_core.environment:checking '/home/offroad/radar_ws/install/ros2socketcan_bridge/lib/pkgconfig/ros2socketcan_bridge.pc'
[0.714s] Level 1:colcon.colcon_core.environment:checking '/home/offroad/radar_ws/install/ros2socketcan_bridge/lib/python3.8/site-packages'
[0.714s] Level 1:colcon.colcon_core.environment:checking '/home/offroad/radar_ws/install/ros2socketcan_bridge/bin'
[0.714s] INFO:colcon.colcon_core.shell:Creating package script '/home/offroad/radar_ws/install/ros2socketcan_bridge/share/ros2socketcan_bridge/package.ps1'
[0.715s] INFO:colcon.colcon_core.shell:Creating package descriptor '/home/offroad/radar_ws/install/ros2socketcan_bridge/share/ros2socketcan_bridge/package.dsv'
[0.715s] INFO:colcon.colcon_core.shell:Creating package script '/home/offroad/radar_ws/install/ros2socketcan_bridge/share/ros2socketcan_bridge/package.sh'
[0.715s] INFO:colcon.colcon_core.shell:Creating package script '/home/offroad/radar_ws/install/ros2socketcan_bridge/share/ros2socketcan_bridge/package.bash'
[0.716s] INFO:colcon.colcon_core.shell:Creating package script '/home/offroad/radar_ws/install/ros2socketcan_bridge/share/ros2socketcan_bridge/package.zsh'
[0.716s] Level 1:colcon.colcon_core.environment:create_file_with_runtime_dependencies(/home/offroad/radar_ws/install/ros2socketcan_bridge/share/colcon-core/packages/ros2socketcan_bridge)
[0.738s] Level 1:colcon.colcon_core.environment:create_environment_scripts_only(ros2socketcan_bridge)
[0.739s] Level 1:colcon.colcon_core.environment:checking '/home/offroad/radar_ws/install/ros2socketcan_bridge' for CMake module files
[0.739s] Level 1:colcon.colcon_core.environment:checking '/home/offroad/radar_ws/install/ros2socketcan_bridge' for CMake config files
[0.739s] Level 1:colcon.colcon_core.shell:create_environment_hook('ros2socketcan_bridge', 'cmake_prefix_path')
[0.740s] INFO:colcon.colcon_core.shell:Creating environment hook '/home/offroad/radar_ws/install/ros2socketcan_bridge/share/ros2socketcan_bridge/hook/cmake_prefix_path.ps1'
[0.740s] INFO:colcon.colcon_core.shell:Creating environment descriptor '/home/offroad/radar_ws/install/ros2socketcan_bridge/share/ros2socketcan_bridge/hook/cmake_prefix_path.dsv'
[0.740s] INFO:colcon.colcon_core.shell:Creating environment hook '/home/offroad/radar_ws/install/ros2socketcan_bridge/share/ros2socketcan_bridge/hook/cmake_prefix_path.sh'
[0.741s] Level 1:colcon.colcon_core.environment:checking '/home/offroad/radar_ws/install/ros2socketcan_bridge/lib'
[0.741s] Level 1:colcon.colcon_core.environment:checking '/home/offroad/radar_ws/install/ros2socketcan_bridge/bin'
[0.741s] Level 1:colcon.colcon_core.environment:checking '/home/offroad/radar_ws/install/ros2socketcan_bridge/lib/pkgconfig/ros2socketcan_bridge.pc'
[0.742s] Level 1:colcon.colcon_core.environment:checking '/home/offroad/radar_ws/install/ros2socketcan_bridge/lib/python3.8/site-packages'
[0.742s] Level 1:colcon.colcon_core.environment:checking '/home/offroad/radar_ws/install/ros2socketcan_bridge/bin'
[0.742s] INFO:colcon.colcon_core.shell:Creating package script '/home/offroad/radar_ws/install/ros2socketcan_bridge/share/ros2socketcan_bridge/package.ps1'
[0.742s] INFO:colcon.colcon_core.shell:Creating package descriptor '/home/offroad/radar_ws/install/ros2socketcan_bridge/share/ros2socketcan_bridge/package.dsv'
[0.743s] INFO:colcon.colcon_core.shell:Creating package script '/home/offroad/radar_ws/install/ros2socketcan_bridge/share/ros2socketcan_bridge/package.sh'
[0.743s] INFO:colcon.colcon_core.shell:Creating package script '/home/offroad/radar_ws/install/ros2socketcan_bridge/share/ros2socketcan_bridge/package.bash'
[0.743s] INFO:colcon.colcon_core.shell:Creating package script '/home/offroad/radar_ws/install/ros2socketcan_bridge/share/ros2socketcan_bridge/package.zsh'
[0.744s] Level 1:colcon.colcon_core.environment:create_file_with_runtime_dependencies(/home/offroad/radar_ws/install/ros2socketcan_bridge/share/colcon-core/packages/ros2socketcan_bridge)
[0.762s] DEBUG:colcon.colcon_core.event_handler.log_command:Invoking command in '/home/offroad/radar_ws/build/radar_conti_ars408_msgs': CMAKE_PREFIX_PATH=${CMAKE_PREFIX_PATH}:/opt/ros/foxy /usr/bin/cmake --install /home/offroad/radar_ws/build/radar_conti_ars408_msgs
[0.820s] Level 1:colcon.colcon_core.environment:create_environment_scripts_only(radar_conti_ars408_msgs)
[0.821s] Level 1:colcon.colcon_core.environment:checking '/home/offroad/radar_ws/install/radar_conti_ars408_msgs' for CMake module files
[0.822s] DEBUG:colcon.colcon_core.event_handler.log_command:Invoked command in '/home/offroad/radar_ws/build/radar_conti_ars408_msgs' returned '0': CMAKE_PREFIX_PATH=${CMAKE_PREFIX_PATH}:/opt/ros/foxy /usr/bin/cmake --install /home/offroad/radar_ws/build/radar_conti_ars408_msgs
[0.822s] Level 1:colcon.colcon_core.environment:checking '/home/offroad/radar_ws/install/radar_conti_ars408_msgs' for CMake config files
[0.822s] Level 1:colcon.colcon_core.shell:create_environment_hook('radar_conti_ars408_msgs', 'cmake_prefix_path')
[0.823s] INFO:colcon.colcon_core.shell:Creating environment hook '/home/offroad/radar_ws/install/radar_conti_ars408_msgs/share/radar_conti_ars408_msgs/hook/cmake_prefix_path.ps1'
[0.823s] INFO:colcon.colcon_core.shell:Creating environment descriptor '/home/offroad/radar_ws/install/radar_conti_ars408_msgs/share/radar_conti_ars408_msgs/hook/cmake_prefix_path.dsv'
[0.824s] INFO:colcon.colcon_core.shell:Creating environment hook '/home/offroad/radar_ws/install/radar_conti_ars408_msgs/share/radar_conti_ars408_msgs/hook/cmake_prefix_path.sh'
[0.824s] Level 1:colcon.colcon_core.environment:checking '/home/offroad/radar_ws/install/radar_conti_ars408_msgs/lib'
[0.824s] Level 1:colcon.colcon_core.shell:create_environment_hook('radar_conti_ars408_msgs', 'ld_library_path_lib')
[0.825s] INFO:colcon.colcon_core.shell:Creating environment hook '/home/offroad/radar_ws/install/radar_conti_ars408_msgs/share/radar_conti_ars408_msgs/hook/ld_library_path_lib.ps1'
[0.825s] INFO:colcon.colcon_core.shell:Creating environment descriptor '/home/offroad/radar_ws/install/radar_conti_ars408_msgs/share/radar_conti_ars408_msgs/hook/ld_library_path_lib.dsv'
[0.825s] INFO:colcon.colcon_core.shell:Creating environment hook '/home/offroad/radar_ws/install/radar_conti_ars408_msgs/share/radar_conti_ars408_msgs/hook/ld_library_path_lib.sh'
[0.825s] Level 1:colcon.colcon_core.environment:checking '/home/offroad/radar_ws/install/radar_conti_ars408_msgs/bin'
[0.825s] Level 1:colcon.colcon_core.environment:checking '/home/offroad/radar_ws/install/radar_conti_ars408_msgs/lib/pkgconfig/radar_conti_ars408_msgs.pc'
[0.826s] Level 1:colcon.colcon_core.environment:checking '/home/offroad/radar_ws/install/radar_conti_ars408_msgs/lib/python3.8/site-packages'
[0.826s] Level 1:colcon.colcon_core.shell:create_environment_hook('radar_conti_ars408_msgs', 'pythonpath')
[0.826s] INFO:colcon.colcon_core.shell:Creating environment hook '/home/offroad/radar_ws/install/radar_conti_ars408_msgs/share/radar_conti_ars408_msgs/hook/pythonpath.ps1'
[0.826s] INFO:colcon.colcon_core.shell:Creating environment descriptor '/home/offroad/radar_ws/install/radar_conti_ars408_msgs/share/radar_conti_ars408_msgs/hook/pythonpath.dsv'
[0.827s] INFO:colcon.colcon_core.shell:Creating environment hook '/home/offroad/radar_ws/install/radar_conti_ars408_msgs/share/radar_conti_ars408_msgs/hook/pythonpath.sh'
[0.827s] Level 1:colcon.colcon_core.environment:checking '/home/offroad/radar_ws/install/radar_conti_ars408_msgs/bin'
[0.828s] INFO:colcon.colcon_core.shell:Creating package script '/home/offroad/radar_ws/install/radar_conti_ars408_msgs/share/radar_conti_ars408_msgs/package.ps1'
[0.828s] INFO:colcon.colcon_core.shell:Creating package descriptor '/home/offroad/radar_ws/install/radar_conti_ars408_msgs/share/radar_conti_ars408_msgs/package.dsv'
[0.828s] INFO:colcon.colcon_core.shell:Creating package script '/home/offroad/radar_ws/install/radar_conti_ars408_msgs/share/radar_conti_ars408_msgs/package.sh'
[0.829s] INFO:colcon.colcon_core.shell:Creating package script '/home/offroad/radar_ws/install/radar_conti_ars408_msgs/share/radar_conti_ars408_msgs/package.bash'
[0.829s] INFO:colcon.colcon_core.shell:Creating package script '/home/offroad/radar_ws/install/radar_conti_ars408_msgs/share/radar_conti_ars408_msgs/package.zsh'
[0.829s] Level 1:colcon.colcon_core.environment:create_file_with_runtime_dependencies(/home/offroad/radar_ws/install/radar_conti_ars408_msgs/share/colcon-core/packages/radar_conti_ars408_msgs)
[1.073s] Level 1:colcon.colcon_core.environment:create_environment_scripts_only(radar_conti_ars408_msgs)
[1.073s] Level 1:colcon.colcon_core.environment:checking '/home/offroad/radar_ws/install/radar_conti_ars408_msgs' for CMake module files
[1.074s] Level 1:colcon.colcon_core.environment:checking '/home/offroad/radar_ws/install/radar_conti_ars408_msgs' for CMake config files
[1.074s] Level 1:colcon.colcon_core.shell:create_environment_hook('radar_conti_ars408_msgs', 'cmake_prefix_path')
[1.074s] INFO:colcon.colcon_core.shell:Creating environment hook '/home/offroad/radar_ws/install/radar_conti_ars408_msgs/share/radar_conti_ars408_msgs/hook/cmake_prefix_path.ps1'
[1.075s] INFO:colcon.colcon_core.shell:Creating environment descriptor '/home/offroad/radar_ws/install/radar_conti_ars408_msgs/share/radar_conti_ars408_msgs/hook/cmake_prefix_path.dsv'
[1.075s] INFO:colcon.colcon_core.shell:Creating environment hook '/home/offroad/radar_ws/install/radar_conti_ars408_msgs/share/radar_conti_ars408_msgs/hook/cmake_prefix_path.sh'
[1.076s] Level 1:colcon.colcon_core.environment:checking '/home/offroad/radar_ws/install/radar_conti_ars408_msgs/lib'
[1.076s] Level 1:colcon.colcon_core.shell:create_environment_hook('radar_conti_ars408_msgs', 'ld_library_path_lib')
[1.076s] INFO:colcon.colcon_core.shell:Creating environment hook '/home/offroad/radar_ws/install/radar_conti_ars408_msgs/share/radar_conti_ars408_msgs/hook/ld_library_path_lib.ps1'
[1.077s] INFO:colcon.colcon_core.shell:Creating environment descriptor '/home/offroad/radar_ws/install/radar_conti_ars408_msgs/share/radar_conti_ars408_msgs/hook/ld_library_path_lib.dsv'
[1.077s] INFO:colcon.colcon_core.shell:Creating environment hook '/home/offroad/radar_ws/install/radar_conti_ars408_msgs/share/radar_conti_ars408_msgs/hook/ld_library_path_lib.sh'
[1.077s] Level 1:colcon.colcon_core.environment:checking '/home/offroad/radar_ws/install/radar_conti_ars408_msgs/bin'
[1.077s] Level 1:colcon.colcon_core.environment:checking '/home/offroad/radar_ws/install/radar_conti_ars408_msgs/lib/pkgconfig/radar_conti_ars408_msgs.pc'
[1.078s] Level 1:colcon.colcon_core.environment:checking '/home/offroad/radar_ws/install/radar_conti_ars408_msgs/lib/python3.8/site-packages'
[1.078s] Level 1:colcon.colcon_core.shell:create_environment_hook('radar_conti_ars408_msgs', 'pythonpath')
[1.078s] INFO:colcon.colcon_core.shell:Creating environment hook '/home/offroad/radar_ws/install/radar_conti_ars408_msgs/share/radar_conti_ars408_msgs/hook/pythonpath.ps1'
[1.078s] INFO:colcon.colcon_core.shell:Creating environment descriptor '/home/offroad/radar_ws/install/radar_conti_ars408_msgs/share/radar_conti_ars408_msgs/hook/pythonpath.dsv'
[1.078s] INFO:colcon.colcon_core.shell:Creating environment hook '/home/offroad/radar_ws/install/radar_conti_ars408_msgs/share/radar_conti_ars408_msgs/hook/pythonpath.sh'
[1.079s] Level 1:colcon.colcon_core.environment:checking '/home/offroad/radar_ws/install/radar_conti_ars408_msgs/bin'
[1.079s] INFO:colcon.colcon_core.shell:Creating package script '/home/offroad/radar_ws/install/radar_conti_ars408_msgs/share/radar_conti_ars408_msgs/package.ps1'
[1.080s] INFO:colcon.colcon_core.shell:Creating package descriptor '/home/offroad/radar_ws/install/radar_conti_ars408_msgs/share/radar_conti_ars408_msgs/package.dsv'
[1.080s] INFO:colcon.colcon_core.shell:Creating package script '/home/offroad/radar_ws/install/radar_conti_ars408_msgs/share/radar_conti_ars408_msgs/package.sh'
[1.080s] INFO:colcon.colcon_core.shell:Creating package script '/home/offroad/radar_ws/install/radar_conti_ars408_msgs/share/radar_conti_ars408_msgs/package.bash'
[1.081s] INFO:colcon.colcon_core.shell:Creating package script '/home/offroad/radar_ws/install/radar_conti_ars408_msgs/share/radar_conti_ars408_msgs/package.zsh'
[1.081s] Level 1:colcon.colcon_core.environment:create_file_with_runtime_dependencies(/home/offroad/radar_ws/install/radar_conti_ars408_msgs/share/colcon-core/packages/radar_conti_ars408_msgs)
[1.081s] INFO:colcon.colcon_ros.task.ament_cmake.build:Building ROS package in '/home/offroad/radar_ws/src/cpp_srvcli' with build type 'ament_cmake'
[1.082s] INFO:colcon.colcon_cmake.task.cmake.build:Building CMake package in '/home/offroad/radar_ws/src/cpp_srvcli'
[1.082s] INFO:colcon.colcon_core.shell:Skip shell extension 'powershell' for command environment: Not usable outside of PowerShell
[1.082s] DEBUG:colcon.colcon_core.shell:Skip shell extension 'dsv' for command environment
[1.087s] INFO:colcon.colcon_ros.task.ament_cmake.build:Building ROS package in '/home/offroad/radar_ws/src/radar_conti_ars408/src' with build type 'ament_cmake'
[1.087s] INFO:colcon.colcon_cmake.task.cmake.build:Building CMake package in '/home/offroad/radar_ws/src/radar_conti_ars408/src'
[1.088s] INFO:colcon.colcon_core.shell:Skip shell extension 'powershell' for command environment: Not usable outside of PowerShell
[1.088s] DEBUG:colcon.colcon_core.shell:Skip shell extension 'dsv' for command environment
[1.097s] DEBUG:colcon.colcon_core.event_handler.log_command:Invoking command in '/home/offroad/radar_ws/build/cpp_srvcli': CMAKE_PREFIX_PATH=/home/offroad/radar_ws/install/radar_conti_ars408_msgs:/home/offroad/radar_ws/install/cpp_srvcli:/home/offroad/radar_ws/install/cpp_pubsub:/home/offroad/radar_ws/install/ros2socketcan_bridge:/home/offroad/radar_ws/install/radar_conti_ars408:/home/offroad/radar_ws/install/can_msgs:/opt/ros/foxy LD_LIBRARY_PATH=/home/offroad/radar_ws/install/radar_conti_ars408_msgs/lib:/home/offroad/radar_ws/install/radar_conti_ars408/lib:/home/offroad/radar_ws/install/can_msgs/lib:/usr/lib/x86_64-linux-gnu/gazebo-11/plugins:/opt/ros/foxy/opt/yaml_cpp_vendor/lib:/opt/ros/foxy/opt/rviz_ogre_vendor/lib:/opt/ros/foxy/lib/x86_64-linux-gnu:/opt/ros/foxy/lib /usr/bin/cmake --build /home/offroad/radar_ws/build/cpp_srvcli -- -j12 -l12
[1.104s] DEBUG:colcon.colcon_core.event_handler.log_command:Invoking command in '/home/offroad/radar_ws/build/radar_conti_ars408': CMAKE_PREFIX_PATH=/home/offroad/radar_ws/install/ros2socketcan_bridge:/home/offroad/radar_ws/install/radar_conti_ars408_msgs:/home/offroad/radar_ws/install/can_msgs:/home/offroad/radar_ws/install/cpp_srvcli:/home/offroad/radar_ws/install/cpp_pubsub:/home/offroad/radar_ws/install/radar_conti_ars408:/opt/ros/foxy LD_LIBRARY_PATH=/home/offroad/radar_ws/install/radar_conti_ars408_msgs/lib:/home/offroad/radar_ws/install/can_msgs/lib:/home/offroad/radar_ws/install/radar_conti_ars408/lib:/usr/lib/x86_64-linux-gnu/gazebo-11/plugins:/opt/ros/foxy/opt/yaml_cpp_vendor/lib:/opt/ros/foxy/opt/rviz_ogre_vendor/lib:/opt/ros/foxy/lib/x86_64-linux-gnu:/opt/ros/foxy/lib /usr/bin/cmake --build /home/offroad/radar_ws/build/radar_conti_ars408 -- -j12 -l12
[1.160s] DEBUG:colcon.colcon_core.event_handler.log_command:Invoked command in '/home/offroad/radar_ws/build/cpp_srvcli' returned '0': CMAKE_PREFIX_PATH=/home/offroad/radar_ws/install/radar_conti_ars408_msgs:/home/offroad/radar_ws/install/cpp_srvcli:/home/offroad/radar_ws/install/cpp_pubsub:/home/offroad/radar_ws/install/ros2socketcan_bridge:/home/offroad/radar_ws/install/radar_conti_ars408:/home/offroad/radar_ws/install/can_msgs:/opt/ros/foxy LD_LIBRARY_PATH=/home/offroad/radar_ws/install/radar_conti_ars408_msgs/lib:/home/offroad/radar_ws/install/radar_conti_ars408/lib:/home/offroad/radar_ws/install/can_msgs/lib:/usr/lib/x86_64-linux-gnu/gazebo-11/plugins:/opt/ros/foxy/opt/yaml_cpp_vendor/lib:/opt/ros/foxy/opt/rviz_ogre_vendor/lib:/opt/ros/foxy/lib/x86_64-linux-gnu:/opt/ros/foxy/lib /usr/bin/cmake --build /home/offroad/radar_ws/build/cpp_srvcli -- -j12 -l12
[1.190s] DEBUG:colcon.colcon_core.event_handler.log_command:Invoking command in '/home/offroad/radar_ws/build/cpp_srvcli': CMAKE_PREFIX_PATH=/home/offroad/radar_ws/install/radar_conti_ars408_msgs:/home/offroad/radar_ws/install/cpp_srvcli:/home/offroad/radar_ws/install/cpp_pubsub:/home/offroad/radar_ws/install/ros2socketcan_bridge:/home/offroad/radar_ws/install/radar_conti_ars408:/home/offroad/radar_ws/install/can_msgs:/opt/ros/foxy LD_LIBRARY_PATH=/home/offroad/radar_ws/install/radar_conti_ars408_msgs/lib:/home/offroad/radar_ws/install/radar_conti_ars408/lib:/home/offroad/radar_ws/install/can_msgs/lib:/usr/lib/x86_64-linux-gnu/gazebo-11/plugins:/opt/ros/foxy/opt/yaml_cpp_vendor/lib:/opt/ros/foxy/opt/rviz_ogre_vendor/lib:/opt/ros/foxy/lib/x86_64-linux-gnu:/opt/ros/foxy/lib /usr/bin/cmake --install /home/offroad/radar_ws/build/cpp_srvcli
[1.200s] Level 1:colcon.colcon_core.environment:create_environment_scripts_only(cpp_srvcli)
[1.201s] Level 1:colcon.colcon_core.environment:checking '/home/offroad/radar_ws/install/cpp_srvcli' for CMake module files
[1.202s] DEBUG:colcon.colcon_core.event_handler.log_command:Invoked command in '/home/offroad/radar_ws/build/cpp_srvcli' returned '0': CMAKE_PREFIX_PATH=/home/offroad/radar_ws/install/radar_conti_ars408_msgs:/home/offroad/radar_ws/install/cpp_srvcli:/home/offroad/radar_ws/install/cpp_pubsub:/home/offroad/radar_ws/install/ros2socketcan_bridge:/home/offroad/radar_ws/install/radar_conti_ars408:/home/offroad/radar_ws/install/can_msgs:/opt/ros/foxy LD_LIBRARY_PATH=/home/offroad/radar_ws/install/radar_conti_ars408_msgs/lib:/home/offroad/radar_ws/install/radar_conti_ars408/lib:/home/offroad/radar_ws/install/can_msgs/lib:/usr/lib/x86_64-linux-gnu/gazebo-11/plugins:/opt/ros/foxy/opt/yaml_cpp_vendor/lib:/opt/ros/foxy/opt/rviz_ogre_vendor/lib:/opt/ros/foxy/lib/x86_64-linux-gnu:/opt/ros/foxy/lib /usr/bin/cmake --install /home/offroad/radar_ws/build/cpp_srvcli
[1.202s] Level 1:colcon.colcon_core.environment:checking '/home/offroad/radar_ws/install/cpp_srvcli' for CMake config files
[1.202s] Level 1:colcon.colcon_core.shell:create_environment_hook('cpp_srvcli', 'cmake_prefix_path')
[1.203s] INFO:colcon.colcon_core.shell:Creating environment hook '/home/offroad/radar_ws/install/cpp_srvcli/share/cpp_srvcli/hook/cmake_prefix_path.ps1'
[1.203s] INFO:colcon.colcon_core.shell:Creating environment descriptor '/home/offroad/radar_ws/install/cpp_srvcli/share/cpp_srvcli/hook/cmake_prefix_path.dsv'
[1.204s] INFO:colcon.colcon_core.shell:Creating environment hook '/home/offroad/radar_ws/install/cpp_srvcli/share/cpp_srvcli/hook/cmake_prefix_path.sh'
[1.204s] Level 1:colcon.colcon_core.environment:checking '/home/offroad/radar_ws/install/cpp_srvcli/lib'
[1.204s] Level 1:colcon.colcon_core.environment:checking '/home/offroad/radar_ws/install/cpp_srvcli/bin'
[1.204s] Level 1:colcon.colcon_core.environment:checking '/home/offroad/radar_ws/install/cpp_srvcli/lib/pkgconfig/cpp_srvcli.pc'
[1.205s] Level 1:colcon.colcon_core.environment:checking '/home/offroad/radar_ws/install/cpp_srvcli/lib/python3.8/site-packages'
[1.205s] Level 1:colcon.colcon_core.environment:checking '/home/offroad/radar_ws/install/cpp_srvcli/bin'
[1.205s] INFO:colcon.colcon_core.shell:Creating package script '/home/offroad/radar_ws/install/cpp_srvcli/share/cpp_srvcli/package.ps1'
[1.206s] INFO:colcon.colcon_core.shell:Creating package descriptor '/home/offroad/radar_ws/install/cpp_srvcli/share/cpp_srvcli/package.dsv'
[1.206s] INFO:colcon.colcon_core.shell:Creating package script '/home/offroad/radar_ws/install/cpp_srvcli/share/cpp_srvcli/package.sh'
[1.206s] INFO:colcon.colcon_core.shell:Creating package script '/home/offroad/radar_ws/install/cpp_srvcli/share/cpp_srvcli/package.bash'
[1.207s] INFO:colcon.colcon_core.shell:Creating package script '/home/offroad/radar_ws/install/cpp_srvcli/share/cpp_srvcli/package.zsh'
[1.207s] Level 1:colcon.colcon_core.environment:create_file_with_runtime_dependencies(/home/offroad/radar_ws/install/cpp_srvcli/share/colcon-core/packages/cpp_srvcli)
[1.230s] Level 1:colcon.colcon_core.environment:create_environment_scripts_only(cpp_srvcli)
[1.231s] Level 1:colcon.colcon_core.environment:checking '/home/offroad/radar_ws/install/cpp_srvcli' for CMake module files
[1.232s] Level 1:colcon.colcon_core.environment:checking '/home/offroad/radar_ws/install/cpp_srvcli' for CMake config files
[1.232s] Level 1:colcon.colcon_core.shell:create_environment_hook('cpp_srvcli', 'cmake_prefix_path')
[1.232s] INFO:colcon.colcon_core.shell:Creating environment hook '/home/offroad/radar_ws/install/cpp_srvcli/share/cpp_srvcli/hook/cmake_prefix_path.ps1'
[1.233s] INFO:colcon.colcon_core.shell:Creating environment descriptor '/home/offroad/radar_ws/install/cpp_srvcli/share/cpp_srvcli/hook/cmake_prefix_path.dsv'
[1.233s] INFO:colcon.colcon_core.shell:Creating environment hook '/home/offroad/radar_ws/install/cpp_srvcli/share/cpp_srvcli/hook/cmake_prefix_path.sh'
[1.234s] Level 1:colcon.colcon_core.environment:checking '/home/offroad/radar_ws/install/cpp_srvcli/lib'
[1.234s] Level 1:colcon.colcon_core.environment:checking '/home/offroad/radar_ws/install/cpp_srvcli/bin'
[1.234s] Level 1:colcon.colcon_core.environment:checking '/home/offroad/radar_ws/install/cpp_srvcli/lib/pkgconfig/cpp_srvcli.pc'
[1.234s] Level 1:colcon.colcon_core.environment:checking '/home/offroad/radar_ws/install/cpp_srvcli/lib/python3.8/site-packages'
[1.234s] Level 1:colcon.colcon_core.environment:checking '/home/offroad/radar_ws/install/cpp_srvcli/bin'
[1.235s] INFO:colcon.colcon_core.shell:Creating package script '/home/offroad/radar_ws/install/cpp_srvcli/share/cpp_srvcli/package.ps1'
[1.235s] INFO:colcon.colcon_core.shell:Creating package descriptor '/home/offroad/radar_ws/install/cpp_srvcli/share/cpp_srvcli/package.dsv'
[1.235s] INFO:colcon.colcon_core.shell:Creating package script '/home/offroad/radar_ws/install/cpp_srvcli/share/cpp_srvcli/package.sh'
[1.236s] INFO:colcon.colcon_core.shell:Creating package script '/home/offroad/radar_ws/install/cpp_srvcli/share/cpp_srvcli/package.bash'
[1.236s] INFO:colcon.colcon_core.shell:Creating package script '/home/offroad/radar_ws/install/cpp_srvcli/share/cpp_srvcli/package.zsh'
[1.236s] Level 1:colcon.colcon_core.environment:create_file_with_runtime_dependencies(/home/offroad/radar_ws/install/cpp_srvcli/share/colcon-core/packages/cpp_srvcli)
[9.353s] DEBUG:colcon.colcon_core.event_handler.log_command:Invoked command in '/home/offroad/radar_ws/build/radar_conti_ars408' returned '0': CMAKE_PREFIX_PATH=/home/offroad/radar_ws/install/ros2socketcan_bridge:/home/offroad/radar_ws/install/radar_conti_ars408_msgs:/home/offroad/radar_ws/install/can_msgs:/home/offroad/radar_ws/install/cpp_srvcli:/home/offroad/radar_ws/install/cpp_pubsub:/home/offroad/radar_ws/install/radar_conti_ars408:/opt/ros/foxy LD_LIBRARY_PATH=/home/offroad/radar_ws/install/radar_conti_ars408_msgs/lib:/home/offroad/radar_ws/install/can_msgs/lib:/home/offroad/radar_ws/install/radar_conti_ars408/lib:/usr/lib/x86_64-linux-gnu/gazebo-11/plugins:/opt/ros/foxy/opt/yaml_cpp_vendor/lib:/opt/ros/foxy/opt/rviz_ogre_vendor/lib:/opt/ros/foxy/lib/x86_64-linux-gnu:/opt/ros/foxy/lib /usr/bin/cmake --build /home/offroad/radar_ws/build/radar_conti_ars408 -- -j12 -l12
[9.383s] DEBUG:colcon.colcon_core.event_handler.log_command:Invoking command in '/home/offroad/radar_ws/build/radar_conti_ars408': CMAKE_PREFIX_PATH=/home/offroad/radar_ws/install/ros2socketcan_bridge:/home/offroad/radar_ws/install/radar_conti_ars408_msgs:/home/offroad/radar_ws/install/can_msgs:/home/offroad/radar_ws/install/cpp_srvcli:/home/offroad/radar_ws/install/cpp_pubsub:/home/offroad/radar_ws/install/radar_conti_ars408:/opt/ros/foxy LD_LIBRARY_PATH=/home/offroad/radar_ws/install/radar_conti_ars408_msgs/lib:/home/offroad/radar_ws/install/can_msgs/lib:/home/offroad/radar_ws/install/radar_conti_ars408/lib:/usr/lib/x86_64-linux-gnu/gazebo-11/plugins:/opt/ros/foxy/opt/yaml_cpp_vendor/lib:/opt/ros/foxy/opt/rviz_ogre_vendor/lib:/opt/ros/foxy/lib/x86_64-linux-gnu:/opt/ros/foxy/lib /usr/bin/cmake --install /home/offroad/radar_ws/build/radar_conti_ars408
[9.395s] Level 1:colcon.colcon_core.environment:create_environment_scripts_only(radar_conti_ars408)
[9.396s] Level 1:colcon.colcon_core.environment:checking '/home/offroad/radar_ws/install/radar_conti_ars408' for CMake module files
[9.397s] DEBUG:colcon.colcon_core.event_handler.log_command:Invoked command in '/home/offroad/radar_ws/build/radar_conti_ars408' returned '0': CMAKE_PREFIX_PATH=/home/offroad/radar_ws/install/ros2socketcan_bridge:/home/offroad/radar_ws/install/radar_conti_ars408_msgs:/home/offroad/radar_ws/install/can_msgs:/home/offroad/radar_ws/install/cpp_srvcli:/home/offroad/radar_ws/install/cpp_pubsub:/home/offroad/radar_ws/install/radar_conti_ars408:/opt/ros/foxy LD_LIBRARY_PATH=/home/offroad/radar_ws/install/radar_conti_ars408_msgs/lib:/home/offroad/radar_ws/install/can_msgs/lib:/home/offroad/radar_ws/install/radar_conti_ars408/lib:/usr/lib/x86_64-linux-gnu/gazebo-11/plugins:/opt/ros/foxy/opt/yaml_cpp_vendor/lib:/opt/ros/foxy/opt/rviz_ogre_vendor/lib:/opt/ros/foxy/lib/x86_64-linux-gnu:/opt/ros/foxy/lib /usr/bin/cmake --install /home/offroad/radar_ws/build/radar_conti_ars408
[9.397s] Level 1:colcon.colcon_core.environment:checking '/home/offroad/radar_ws/install/radar_conti_ars408' for CMake config files
[9.397s] Level 1:colcon.colcon_core.shell:create_environment_hook('radar_conti_ars408', 'cmake_prefix_path')
[9.398s] INFO:colcon.colcon_core.shell:Creating environment hook '/home/offroad/radar_ws/install/radar_conti_ars408/share/radar_conti_ars408/hook/cmake_prefix_path.ps1'
[9.398s] INFO:colcon.colcon_core.shell:Creating environment descriptor '/home/offroad/radar_ws/install/radar_conti_ars408/share/radar_conti_ars408/hook/cmake_prefix_path.dsv'
[9.398s] INFO:colcon.colcon_core.shell:Creating environment hook '/home/offroad/radar_ws/install/radar_conti_ars408/share/radar_conti_ars408/hook/cmake_prefix_path.sh'
[9.399s] Level 1:colcon.colcon_core.environment:checking '/home/offroad/radar_ws/install/radar_conti_ars408/lib'
[9.399s] Level 1:colcon.colcon_core.shell:create_environment_hook('radar_conti_ars408', 'ld_library_path_lib')
[9.399s] INFO:colcon.colcon_core.shell:Creating environment hook '/home/offroad/radar_ws/install/radar_conti_ars408/share/radar_conti_ars408/hook/ld_library_path_lib.ps1'
[9.400s] INFO:colcon.colcon_core.shell:Creating environment descriptor '/home/offroad/radar_ws/install/radar_conti_ars408/share/radar_conti_ars408/hook/ld_library_path_lib.dsv'
[9.400s] INFO:colcon.colcon_core.shell:Creating environment hook '/home/offroad/radar_ws/install/radar_conti_ars408/share/radar_conti_ars408/hook/ld_library_path_lib.sh'
[9.400s] Level 1:colcon.colcon_core.environment:checking '/home/offroad/radar_ws/install/radar_conti_ars408/bin'
[9.400s] Level 1:colcon.colcon_core.environment:checking '/home/offroad/radar_ws/install/radar_conti_ars408/lib/pkgconfig/radar_conti_ars408.pc'
[9.400s] Level 1:colcon.colcon_core.environment:checking '/home/offroad/radar_ws/install/radar_conti_ars408/lib/python3.8/site-packages'
[9.401s] Level 1:colcon.colcon_core.environment:checking '/home/offroad/radar_ws/install/radar_conti_ars408/bin'
[9.401s] INFO:colcon.colcon_core.shell:Creating package script '/home/offroad/radar_ws/install/radar_conti_ars408/share/radar_conti_ars408/package.ps1'
[9.401s] INFO:colcon.colcon_core.shell:Creating package descriptor '/home/offroad/radar_ws/install/radar_conti_ars408/share/radar_conti_ars408/package.dsv'
[9.402s] INFO:colcon.colcon_core.shell:Creating package script '/home/offroad/radar_ws/install/radar_conti_ars408/share/radar_conti_ars408/package.sh'
[9.402s] INFO:colcon.colcon_core.shell:Creating package script '/home/offroad/radar_ws/install/radar_conti_ars408/share/radar_conti_ars408/package.bash'
[9.402s] INFO:colcon.colcon_core.shell:Creating package script '/home/offroad/radar_ws/install/radar_conti_ars408/share/radar_conti_ars408/package.zsh'
[9.403s] Level 1:colcon.colcon_core.environment:create_file_with_runtime_dependencies(/home/offroad/radar_ws/install/radar_conti_ars408/share/colcon-core/packages/radar_conti_ars408)
[9.429s] Level 1:colcon.colcon_core.environment:create_environment_scripts_only(radar_conti_ars408)
[9.429s] Level 1:colcon.colcon_core.environment:checking '/home/offroad/radar_ws/install/radar_conti_ars408' for CMake module files
[9.430s] Level 1:colcon.colcon_core.environment:checking '/home/offroad/radar_ws/install/radar_conti_ars408' for CMake config files
[9.430s] Level 1:colcon.colcon_core.shell:create_environment_hook('radar_conti_ars408', 'cmake_prefix_path')
[9.430s] INFO:colcon.colcon_core.shell:Creating environment hook '/home/offroad/radar_ws/install/radar_conti_ars408/share/radar_conti_ars408/hook/cmake_prefix_path.ps1'
[9.431s] INFO:colcon.colcon_core.shell:Creating environment descriptor '/home/offroad/radar_ws/install/radar_conti_ars408/share/radar_conti_ars408/hook/cmake_prefix_path.dsv'
[9.431s] INFO:colcon.colcon_core.shell:Creating environment hook '/home/offroad/radar_ws/install/radar_conti_ars408/share/radar_conti_ars408/hook/cmake_prefix_path.sh'
[9.431s] Level 1:colcon.colcon_core.environment:checking '/home/offroad/radar_ws/install/radar_conti_ars408/lib'
[9.432s] Level 1:colcon.colcon_core.shell:create_environment_hook('radar_conti_ars408', 'ld_library_path_lib')
[9.432s] INFO:colcon.colcon_core.shell:Creating environment hook '/home/offroad/radar_ws/install/radar_conti_ars408/share/radar_conti_ars408/hook/ld_library_path_lib.ps1'
[9.432s] INFO:colcon.colcon_core.shell:Creating environment descriptor '/home/offroad/radar_ws/install/radar_conti_ars408/share/radar_conti_ars408/hook/ld_library_path_lib.dsv'
[9.432s] INFO:colcon.colcon_core.shell:Creating environment hook '/home/offroad/radar_ws/install/radar_conti_ars408/share/radar_conti_ars408/hook/ld_library_path_lib.sh'
[9.433s] Level 1:colcon.colcon_core.environment:checking '/home/offroad/radar_ws/install/radar_conti_ars408/bin'
[9.433s] Level 1:colcon.colcon_core.environment:checking '/home/offroad/radar_ws/install/radar_conti_ars408/lib/pkgconfig/radar_conti_ars408.pc'
[9.433s] Level 1:colcon.colcon_core.environment:checking '/home/offroad/radar_ws/install/radar_conti_ars408/lib/python3.8/site-packages'
[9.433s] Level 1:colcon.colcon_core.environment:checking '/home/offroad/radar_ws/install/radar_conti_ars408/bin'
[9.434s] INFO:colcon.colcon_core.shell:Creating package script '/home/offroad/radar_ws/install/radar_conti_ars408/share/radar_conti_ars408/package.ps1'
[9.434s] INFO:colcon.colcon_core.shell:Creating package descriptor '/home/offroad/radar_ws/install/radar_conti_ars408/share/radar_conti_ars408/package.dsv'
[9.434s] INFO:colcon.colcon_core.shell:Creating package script '/home/offroad/radar_ws/install/radar_conti_ars408/share/radar_conti_ars408/package.sh'
[9.435s] INFO:colcon.colcon_core.shell:Creating package script '/home/offroad/radar_ws/install/radar_conti_ars408/share/radar_conti_ars408/package.bash'
[9.435s] INFO:colcon.colcon_core.shell:Creating package script '/home/offroad/radar_ws/install/radar_conti_ars408/share/radar_conti_ars408/package.zsh'
[9.435s] Level 1:colcon.colcon_core.environment:create_file_with_runtime_dependencies(/home/offroad/radar_ws/install/radar_conti_ars408/share/colcon-core/packages/radar_conti_ars408)
[9.436s] DEBUG:colcon.colcon_parallel_executor.executor.parallel:closing loop
[9.436s] DEBUG:colcon.colcon_parallel_executor.executor.parallel:loop closed
[9.436s] DEBUG:colcon.colcon_parallel_executor.executor.parallel:run_until_complete finished with '0'
[9.436s] DEBUG:colcon.colcon_core.event_reactor:joining thread
[9.442s] INFO:colcon.colcon_core.plugin_system:Skipping extension 'colcon_notification.desktop_notification.terminal_notifier': Not used on non-Darwin systems
[9.442s] INFO:colcon.colcon_core.plugin_system:Skipping extension 'colcon_notification.desktop_notification.win32': Not used on non-Windows systems
[9.442s] INFO:colcon.colcon_notification.desktop_notification:Sending desktop notification using 'notify2'
[9.454s] DEBUG:colcon.colcon_core.event_reactor:joined thread
[9.454s] INFO:colcon.colcon_core.shell:Creating prefix script '/home/offroad/radar_ws/install/local_setup.ps1'
[9.455s] INFO:colcon.colcon_core.shell:Creating prefix util module '/home/offroad/radar_ws/install/_local_setup_util_ps1.py'
[9.456s] INFO:colcon.colcon_core.shell:Creating prefix chain script '/home/offroad/radar_ws/install/setup.ps1'
[9.457s] INFO:colcon.colcon_core.shell:Creating prefix script '/home/offroad/radar_ws/install/local_setup.sh'
[9.458s] INFO:colcon.colcon_core.shell:Creating prefix util module '/home/offroad/radar_ws/install/_local_setup_util_sh.py'
[9.458s] INFO:colcon.colcon_core.shell:Creating prefix chain script '/home/offroad/radar_ws/install/setup.sh'
[9.459s] INFO:colcon.colcon_core.shell:Creating prefix script '/home/offroad/radar_ws/install/local_setup.bash'
[9.460s] INFO:colcon.colcon_core.shell:Creating prefix chain script '/home/offroad/radar_ws/install/setup.bash'
[9.461s] INFO:colcon.colcon_core.shell:Creating prefix script '/home/offroad/radar_ws/install/local_setup.zsh'
[9.461s] INFO:colcon.colcon_core.shell:Creating prefix chain script '/home/offroad/radar_ws/install/setup.zsh'
