[0.013s] Invoking command in '/home/offroad/radar_ws/build/radar_conti_ars408': CMAKE_PREFIX_PATH=/home/offroad/radar_ws/install/ros2socketcan_bridge:/home/offroad/radar_ws/install/radar_conti_ars408_msgs:/home/offroad/radar_ws/install/can_msgs:/home/offroad/radar_ws/install/cpp_srvcli:/home/offroad/radar_ws/install/cpp_pubsub:/home/offroad/radar_ws/install/radar_conti_ars408:/opt/ros/foxy LD_LIBRARY_PATH=/home/offroad/radar_ws/install/radar_conti_ars408_msgs/lib:/home/offroad/radar_ws/install/can_msgs/lib:/home/offroad/radar_ws/install/radar_conti_ars408/lib:/usr/lib/x86_64-linux-gnu/gazebo-11/plugins:/opt/ros/foxy/opt/yaml_cpp_vendor/lib:/opt/ros/foxy/opt/rviz_ogre_vendor/lib:/opt/ros/foxy/lib/x86_64-linux-gnu:/opt/ros/foxy/lib /usr/bin/cmake --build /home/offroad/radar_ws/build/radar_conti_ars408 -- -j12 -l12
[0.054s] [35m[1mScanning dependencies of target radar_conti_ars408_component[0m
[0.070s] [ 50%] Built target listener
[0.070s] [ 50%] Built target talker
[0.089s] [ 62%] [32mBuilding CXX object CMakeFiles/radar_conti_ars408_component.dir/src/radar_conti_ars408_component.cpp.o[0m
[0.133s] In file included from [01m[K/home/offroad/radar_ws/src/radar_conti_ars408/src/src/../include/radar_conti_ars408_component.hpp:24[m[K,
[0.133s]                  from [01m[K/home/offroad/radar_ws/src/radar_conti_ars408/src/src/radar_conti_ars408_component.cpp:14[m[K:
[0.134s] [01m[K/home/offroad/radar_ws/src/radar_conti_ars408/src/src/../include/visibility_control.h:43:[m[K [01;35m[Kwarning: [m[K"RADAR_CONTI_ARS408_RADAR_CONTI_ARS408" redefined
[0.134s]    43 |   #define RADAR_CONTI_ARS408_RADAR_CONTI_ARS408
[0.134s]       | 
[0.134s] [01m[K/home/offroad/radar_ws/src/radar_conti_ars408/src/src/../include/visibility_control.h:42:[m[K [01;36m[Knote: [m[Kthis is the location of the previous definition
[0.134s]    42 |   #define RADAR_CONTI_ARS408_RADAR_CONTI_ARS408 __attribute__ ((visibility("default")))
[0.134s]       | 
[0.423s] [01m[K/home/offroad/radar_ws/src/radar_conti_ars408/src/src/radar_conti_ars408_component.cpp:197:15:[m[K [01;35m[Kwarning: [m[Kcharacter constant too long for its type
[0.423s]   197 | classmap[0] = [01;35m[K'point'[m[K;
[0.423s]       |               [01;35m[K^~~~~~~[m[K
[0.423s] [01m[K/home/offroad/radar_ws/src/radar_conti_ars408/src/src/radar_conti_ars408_component.cpp:198:15:[m[K [01;35m[Kwarning: [m[Kmulti-character character constant [[01;35m[K-Wmultichar[m[K]
[0.423s]   198 | classmap[1] = [01;35m[K'car'[m[K;
[0.423s]       |               [01;35m[K^~~~~[m[K
[0.423s] [01m[K/home/offroad/radar_ws/src/radar_conti_ars408/src/src/radar_conti_ars408_component.cpp:199:15:[m[K [01;35m[Kwarning: [m[Kcharacter constant too long for its type
[0.423s]   199 | classmap[2] = [01;35m[K'truck'[m[K;
[0.423s]       |               [01;35m[K^~~~~~~[m[K
[0.423s] [01m[K/home/offroad/radar_ws/src/radar_conti_ars408/src/src/radar_conti_ars408_component.cpp:200:15:[m[K [01;35m[Kwarning: [m[Kcharacter constant too long for its type
[0.424s]   200 | classmap[3] = [01;35m[K'reserved'[m[K;
[0.424s]       |               [01;35m[K^~~~~~~~~~[m[K
[0.424s] [01m[K/home/offroad/radar_ws/src/radar_conti_ars408/src/src/radar_conti_ars408_component.cpp:201:15:[m[K [01;35m[Kwarning: [m[Kcharacter constant too long for its type
[0.424s]   201 | classmap[4] = [01;35m[K'motorcycle'[m[K;
[0.424s]       |               [01;35m[K^~~~~~~~~~~~[m[K
[0.424s] [01m[K/home/offroad/radar_ws/src/radar_conti_ars408/src/src/radar_conti_ars408_component.cpp:202:15:[m[K [01;35m[Kwarning: [m[Kcharacter constant too long for its type
[0.424s]   202 | classmap[5] = [01;35m[K'bicycle'[m[K;
[0.424s]       |               [01;35m[K^~~~~~~~~[m[K
[0.424s] [01m[K/home/offroad/radar_ws/src/radar_conti_ars408/src/src/radar_conti_ars408_component.cpp:203:15:[m[K [01;35m[Kwarning: [m[Kmulti-character character constant [[01;35m[K-Wmultichar[m[K]
[0.424s]   203 | classmap[6] = [01;35m[K'wide'[m[K;
[0.424s]       |               [01;35m[K^~~~~~[m[K
[0.424s] [01m[K/home/offroad/radar_ws/src/radar_conti_ars408/src/src/radar_conti_ars408_component.cpp:204:15:[m[K [01;35m[Kwarning: [m[Kcharacter constant too long for its type
[0.424s]   204 | classmap[7] = [01;35m[K'reserved'[m[K;
[0.424s]       |               [01;35m[K^~~~~~~~~~[m[K
[1.958s] [01m[K/home/offroad/radar_ws/src/radar_conti_ars408/src/src/radar_conti_ars408_component.cpp:[m[K In member function ‘[01m[Kvirtual rclcpp_lifecycle::node_interfaces::LifecycleNodeInterface::CallbackReturn FHAC::radar_conti_ars408::on_shutdown(const rclcpp_lifecycle::State&)[m[K’:
[1.958s] [01m[K/home/offroad/radar_ws/src/radar_conti_ars408/src/src/radar_conti_ars408_component.cpp:73:34:[m[K [01;35m[Kwarning: [m[Kunused parameter ‘[01m[Kprevious_state[m[K’ [[01;35m[K-Wunused-parameter[m[K]
[1.958s]    73 |   [01;35m[Kconst rclcpp_lifecycle::State& previous_state[m[K)
[1.959s]       |   [01;35m[K~~~~~~~~~~~~~~~~~~~~~~~~~~~~~~~^~~~~~~~~~~~~~[m[K
[1.959s] [01m[K/home/offroad/radar_ws/src/radar_conti_ars408/src/src/radar_conti_ars408_component.cpp:[m[K In member function ‘[01m[Kvirtual rclcpp_lifecycle::node_interfaces::LifecycleNodeInterface::CallbackReturn FHAC::radar_conti_ars408::on_error(const rclcpp_lifecycle::State&)[m[K’:
[1.959s] [01m[K/home/offroad/radar_ws/src/radar_conti_ars408/src/src/radar_conti_ars408_component.cpp:81:36:[m[K [01;35m[Kwarning: [m[Kunused parameter ‘[01m[Kprevious_state[m[K’ [[01;35m[K-Wunused-parameter[m[K]
[1.959s]    81 |     [01;35m[Kconst rclcpp_lifecycle::State& previous_state[m[K)
[1.959s]       |     [01;35m[K~~~~~~~~~~~~~~~~~~~~~~~~~~~~~~~^~~~~~~~~~~~~~[m[K
[1.965s] [01m[K/home/offroad/radar_ws/src/radar_conti_ars408/src/src/radar_conti_ars408_component.cpp:[m[K At global scope:
[1.965s] [01m[K/home/offroad/radar_ws/src/radar_conti_ars408/src/src/radar_conti_ars408_component.cpp:197:1:[m[K [01;31m[Kerror: [m[K‘[01m[Kclassmap[m[K’ does not name a type
[1.965s]   197 | [01;31m[Kclassmap[m[K[0] = 'point';
[1.965s]       | [01;31m[K^~~~~~~~[m[K
[1.966s] [01m[K/home/offroad/radar_ws/src/radar_conti_ars408/src/src/radar_conti_ars408_component.cpp:198:1:[m[K [01;31m[Kerror: [m[K‘[01m[Kclassmap[m[K’ does not name a type
[1.966s]   198 | [01;31m[Kclassmap[m[K[1] = 'car';
[1.966s]       | [01;31m[K^~~~~~~~[m[K
[1.967s] [01m[K/home/offroad/radar_ws/src/radar_conti_ars408/src/src/radar_conti_ars408_component.cpp:199:1:[m[K [01;31m[Kerror: [m[K‘[01m[Kclassmap[m[K’ does not name a type
[1.967s]   199 | [01;31m[Kclassmap[m[K[2] = 'truck';
[1.967s]       | [01;31m[K^~~~~~~~[m[K
[1.968s] [01m[K/home/offroad/radar_ws/src/radar_conti_ars408/src/src/radar_conti_ars408_component.cpp:200:1:[m[K [01;31m[Kerror: [m[K‘[01m[Kclassmap[m[K’ does not name a type
[1.968s]   200 | [01;31m[Kclassmap[m[K[3] = 'reserved';
[1.968s]       | [01;31m[K^~~~~~~~[m[K
[1.969s] [01m[K/home/offroad/radar_ws/src/radar_conti_ars408/src/src/radar_conti_ars408_component.cpp:201:1:[m[K [01;31m[Kerror: [m[K‘[01m[Kclassmap[m[K’ does not name a type
[1.969s]   201 | [01;31m[Kclassmap[m[K[4] = 'motorcycle';
[1.969s]       | [01;31m[K^~~~~~~~[m[K
[1.969s] [01m[K/home/offroad/radar_ws/src/radar_conti_ars408/src/src/radar_conti_ars408_component.cpp:202:1:[m[K [01;31m[Kerror: [m[K‘[01m[Kclassmap[m[K’ does not name a type
[1.969s]   202 | [01;31m[Kclassmap[m[K[5] = 'bicycle';
[1.970s]       | [01;31m[K^~~~~~~~[m[K
[1.970s] [01m[K/home/offroad/radar_ws/src/radar_conti_ars408/src/src/radar_conti_ars408_component.cpp:203:1:[m[K [01;31m[Kerror: [m[K‘[01m[Kclassmap[m[K’ does not name a type
[1.970s]   203 | [01;31m[Kclassmap[m[K[6] = 'wide';
[1.970s]       | [01;31m[K^~~~~~~~[m[K
[1.971s] [01m[K/home/offroad/radar_ws/src/radar_conti_ars408/src/src/radar_conti_ars408_component.cpp:204:1:[m[K [01;31m[Kerror: [m[K‘[01m[Kclassmap[m[K’ does not name a type
[1.971s]   204 | [01;31m[Kclassmap[m[K[7] = 'reserved';
[1.971s]       | [01;31m[K^~~~~~~~[m[K
[3.450s] make[2]: *** [CMakeFiles/radar_conti_ars408_component.dir/build.make:63: CMakeFiles/radar_conti_ars408_component.dir/src/radar_conti_ars408_component.cpp.o] Error 1
[3.450s] make[1]: *** [CMakeFiles/Makefile2:165: CMakeFiles/radar_conti_ars408_component.dir/all] Error 2
[3.450s] make: *** [Makefile:141: all] Error 2
[3.452s] Invoked command in '/home/offroad/radar_ws/build/radar_conti_ars408' returned '2': CMAKE_PREFIX_PATH=/home/offroad/radar_ws/install/ros2socketcan_bridge:/home/offroad/radar_ws/install/radar_conti_ars408_msgs:/home/offroad/radar_ws/install/can_msgs:/home/offroad/radar_ws/install/cpp_srvcli:/home/offroad/radar_ws/install/cpp_pubsub:/home/offroad/radar_ws/install/radar_conti_ars408:/opt/ros/foxy LD_LIBRARY_PATH=/home/offroad/radar_ws/install/radar_conti_ars408_msgs/lib:/home/offroad/radar_ws/install/can_msgs/lib:/home/offroad/radar_ws/install/radar_conti_ars408/lib:/usr/lib/x86_64-linux-gnu/gazebo-11/plugins:/opt/ros/foxy/opt/yaml_cpp_vendor/lib:/opt/ros/foxy/opt/rviz_ogre_vendor/lib:/opt/ros/foxy/lib/x86_64-linux-gnu:/opt/ros/foxy/lib /usr/bin/cmake --build /home/offroad/radar_ws/build/radar_conti_ars408 -- -j12 -l12
