[0.014s] Invoking command in '/home/offroad/radar_ws/build/cpp_srvcli': CMAKE_PREFIX_PATH=/home/offroad/radar_ws/install/radar_conti_ars408_msgs:/home/offroad/radar_ws/install/cpp_srvcli:/home/offroad/radar_ws/install/ros2socketcan_bridge:/home/offroad/radar_ws/install/radar_conti_ars408:/home/offroad/radar_ws/install/cpp_pubsub:/home/offroad/radar_ws/install/can_msgs:/opt/ros/foxy LD_LIBRARY_PATH=/home/offroad/radar_ws/install/radar_conti_ars408_msgs/lib:/home/offroad/radar_ws/install/radar_conti_ars408/lib:/home/offroad/radar_ws/install/can_msgs/lib:/usr/lib/x86_64-linux-gnu/gazebo-11/plugins:/opt/ros/foxy/opt/yaml_cpp_vendor/lib:/opt/ros/foxy/opt/rviz_ogre_vendor/lib:/opt/ros/foxy/lib/x86_64-linux-gnu:/opt/ros/foxy/lib /usr/bin/cmake --build /home/offroad/radar_ws/build/cpp_srvcli -- -j12 -l12
[0.038s] -- Found ament_cmake: 0.9.9 (/opt/ros/foxy/share/ament_cmake/cmake)
[0.057s] -- Using PYTHON_EXECUTABLE: /usr/bin/python3
[0.211s] -- Found rclcpp: 2.4.1 (/opt/ros/foxy/share/rclcpp/cmake)
[0.240s] -- Using all available rosidl_typesupport_c: rosidl_typesupport_fastrtps_c;rosidl_typesupport_introspection_c
[0.243s] -- Found rosidl_adapter: 1.2.1 (/opt/ros/foxy/share/rosidl_adapter/cmake)
[0.345s] -- Using all available rosidl_typesupport_cpp: rosidl_typesupport_fastrtps_cpp;rosidl_typesupport_introspection_cpp
[0.387s] -- Found rmw_implementation_cmake: 1.0.3 (/opt/ros/foxy/share/rmw_implementation_cmake/cmake)
[0.389s] -- Using RMW implementation 'rmw_fastrtps_cpp' as default
[0.512s] -- Found radar_conti_ars408_msgs: 0.0.0 (/home/offroad/radar_ws/install/radar_conti_ars408_msgs/share/radar_conti_ars408_msgs/cmake)
[0.589s] -- Configuring done
[0.600s] -- Generating done
[0.601s] -- Build files have been written to: /home/offroad/radar_ws/build/cpp_srvcli
[0.623s] [35m[1mScanning dependencies of target client[0m
[0.623s] [35m[1mScanning dependencies of target server[0m
[0.646s] [ 50%] [32mBuilding CXX object CMakeFiles/server.dir/src/add_two_ints_server.cpp.o[0m
[0.646s] [ 50%] [32mBuilding CXX object CMakeFiles/client.dir/src/add_two_ints_client.cpp.o[0m
[2.248s] [ 75%] [32m[1mLinking CXX executable server[0m
[2.362s] [ 75%] Built target server
[2.462s] [100%] [32m[1mLinking CXX executable client[0m
[2.575s] [100%] Built target client
[2.585s] Invoked command in '/home/offroad/radar_ws/build/cpp_srvcli' returned '0': CMAKE_PREFIX_PATH=/home/offroad/radar_ws/install/radar_conti_ars408_msgs:/home/offroad/radar_ws/install/cpp_srvcli:/home/offroad/radar_ws/install/ros2socketcan_bridge:/home/offroad/radar_ws/install/radar_conti_ars408:/home/offroad/radar_ws/install/cpp_pubsub:/home/offroad/radar_ws/install/can_msgs:/opt/ros/foxy LD_LIBRARY_PATH=/home/offroad/radar_ws/install/radar_conti_ars408_msgs/lib:/home/offroad/radar_ws/install/radar_conti_ars408/lib:/home/offroad/radar_ws/install/can_msgs/lib:/usr/lib/x86_64-linux-gnu/gazebo-11/plugins:/opt/ros/foxy/opt/yaml_cpp_vendor/lib:/opt/ros/foxy/opt/rviz_ogre_vendor/lib:/opt/ros/foxy/lib/x86_64-linux-gnu:/opt/ros/foxy/lib /usr/bin/cmake --build /home/offroad/radar_ws/build/cpp_srvcli -- -j12 -l12
[2.605s] Invoking command in '/home/offroad/radar_ws/build/cpp_srvcli': CMAKE_PREFIX_PATH=/home/offroad/radar_ws/install/radar_conti_ars408_msgs:/home/offroad/radar_ws/install/cpp_srvcli:/home/offroad/radar_ws/install/ros2socketcan_bridge:/home/offroad/radar_ws/install/radar_conti_ars408:/home/offroad/radar_ws/install/cpp_pubsub:/home/offroad/radar_ws/install/can_msgs:/opt/ros/foxy LD_LIBRARY_PATH=/home/offroad/radar_ws/install/radar_conti_ars408_msgs/lib:/home/offroad/radar_ws/install/radar_conti_ars408/lib:/home/offroad/radar_ws/install/can_msgs/lib:/usr/lib/x86_64-linux-gnu/gazebo-11/plugins:/opt/ros/foxy/opt/yaml_cpp_vendor/lib:/opt/ros/foxy/opt/rviz_ogre_vendor/lib:/opt/ros/foxy/lib/x86_64-linux-gnu:/opt/ros/foxy/lib /usr/bin/cmake --install /home/offroad/radar_ws/build/cpp_srvcli
[2.613s] -- Install configuration: ""
[2.614s] -- Installing: /home/offroad/radar_ws/install/cpp_srvcli/lib/cpp_srvcli/server
[2.614s] -- Set runtime path of "/home/offroad/radar_ws/install/cpp_srvcli/lib/cpp_srvcli/server" to ""
[2.614s] -- Installing: /home/offroad/radar_ws/install/cpp_srvcli/lib/cpp_srvcli/client
[2.615s] -- Set runtime path of "/home/offroad/radar_ws/install/cpp_srvcli/lib/cpp_srvcli/client" to ""
[2.615s] -- Installing: /home/offroad/radar_ws/install/cpp_srvcli/share/ament_index/resource_index/package_run_dependencies/cpp_srvcli
[2.615s] -- Installing: /home/offroad/radar_ws/install/cpp_srvcli/share/ament_index/resource_index/parent_prefix_path/cpp_srvcli
[2.615s] -- Up-to-date: /home/offroad/radar_ws/install/cpp_srvcli/share/cpp_srvcli/environment/ament_prefix_path.sh
[2.615s] -- Installing: /home/offroad/radar_ws/install/cpp_srvcli/share/cpp_srvcli/environment/ament_prefix_path.dsv
[2.615s] -- Up-to-date: /home/offroad/radar_ws/install/cpp_srvcli/share/cpp_srvcli/environment/path.sh
[2.615s] -- Installing: /home/offroad/radar_ws/install/cpp_srvcli/share/cpp_srvcli/environment/path.dsv
[2.615s] -- Up-to-date: /home/offroad/radar_ws/install/cpp_srvcli/share/cpp_srvcli/local_setup.bash
[2.615s] -- Up-to-date: /home/offroad/radar_ws/install/cpp_srvcli/share/cpp_srvcli/local_setup.sh
[2.616s] -- Up-to-date: /home/offroad/radar_ws/install/cpp_srvcli/share/cpp_srvcli/local_setup.zsh
[2.616s] -- Installing: /home/offroad/radar_ws/install/cpp_srvcli/share/cpp_srvcli/local_setup.dsv
[2.616s] -- Installing: /home/offroad/radar_ws/install/cpp_srvcli/share/cpp_srvcli/package.dsv
[2.616s] -- Up-to-date: /home/offroad/radar_ws/install/cpp_srvcli/share/ament_index/resource_index/packages/cpp_srvcli
[2.616s] -- Up-to-date: /home/offroad/radar_ws/install/cpp_srvcli/share/cpp_srvcli/cmake/cpp_srvcliConfig.cmake
[2.616s] -- Up-to-date: /home/offroad/radar_ws/install/cpp_srvcli/share/cpp_srvcli/cmake/cpp_srvcliConfig-version.cmake
[2.616s] -- Installing: /home/offroad/radar_ws/install/cpp_srvcli/share/cpp_srvcli/package.xml
[2.617s] Invoked command in '/home/offroad/radar_ws/build/cpp_srvcli' returned '0': CMAKE_PREFIX_PATH=/home/offroad/radar_ws/install/radar_conti_ars408_msgs:/home/offroad/radar_ws/install/cpp_srvcli:/home/offroad/radar_ws/install/ros2socketcan_bridge:/home/offroad/radar_ws/install/radar_conti_ars408:/home/offroad/radar_ws/install/cpp_pubsub:/home/offroad/radar_ws/install/can_msgs:/opt/ros/foxy LD_LIBRARY_PATH=/home/offroad/radar_ws/install/radar_conti_ars408_msgs/lib:/home/offroad/radar_ws/install/radar_conti_ars408/lib:/home/offroad/radar_ws/install/can_msgs/lib:/usr/lib/x86_64-linux-gnu/gazebo-11/plugins:/opt/ros/foxy/opt/yaml_cpp_vendor/lib:/opt/ros/foxy/opt/rviz_ogre_vendor/lib:/opt/ros/foxy/lib/x86_64-linux-gnu:/opt/ros/foxy/lib /usr/bin/cmake --install /home/offroad/radar_ws/build/cpp_srvcli
