[0.018s] Invoking command in '/home/offroad/radar_ws/build/radar_conti_ars408': CMAKE_PREFIX_PATH=/home/offroad/radar_ws/install/ros2socketcan_bridge:/home/offroad/radar_ws/install/radar_conti_ars408_msgs:/home/offroad/radar_ws/install/can_msgs:/home/offroad/radar_ws/install/cpp_srvcli:/home/offroad/radar_ws/install/cpp_pubsub:/home/offroad/radar_ws/install/radar_conti_ars408:/opt/ros/foxy LD_LIBRARY_PATH=/home/offroad/radar_ws/install/radar_conti_ars408_msgs/lib:/home/offroad/radar_ws/install/can_msgs/lib:/home/offroad/radar_ws/install/radar_conti_ars408/lib:/usr/lib/x86_64-linux-gnu/gazebo-11/plugins:/opt/ros/foxy/opt/yaml_cpp_vendor/lib:/opt/ros/foxy/opt/rviz_ogre_vendor/lib:/opt/ros/foxy/lib/x86_64-linux-gnu:/opt/ros/foxy/lib /usr/bin/cmake --build /home/offroad/radar_ws/build/radar_conti_ars408 -- -j12 -l12
[0.068s] [35m[1mScanning dependencies of target radar_conti_ars408_component[0m
[0.088s] [ 50%] Built target talker
[0.088s] [ 50%] Built target listener
[0.110s] [ 62%] [32mBuilding CXX object CMakeFiles/radar_conti_ars408_component.dir/src/radar_conti_ars408_component.cpp.o[0m
[0.161s] In file included from [01m[K/home/offroad/radar_ws/src/radar_conti_ars408/src/src/../include/radar_conti_ars408_component.hpp:24[m[K,
[0.161s]                  from [01m[K/home/offroad/radar_ws/src/radar_conti_ars408/src/src/radar_conti_ars408_component.cpp:14[m[K:
[0.162s] [01m[K/home/offroad/radar_ws/src/radar_conti_ars408/src/src/../include/visibility_control.h:43:[m[K [01;35m[Kwarning: [m[K"RADAR_CONTI_ARS408_RADAR_CONTI_ARS408" redefined
[0.162s]    43 |   #define RADAR_CONTI_ARS408_RADAR_CONTI_ARS408
[0.162s]       | 
[0.162s] [01m[K/home/offroad/radar_ws/src/radar_conti_ars408/src/src/../include/visibility_control.h:42:[m[K [01;36m[Knote: [m[Kthis is the location of the previous definition
[0.162s]    42 |   #define RADAR_CONTI_ARS408_RADAR_CONTI_ARS408 __attribute__ ((visibility("default")))
[0.162s]       | 
[2.146s] [01m[K/home/offroad/radar_ws/src/radar_conti_ars408/src/src/radar_conti_ars408_component.cpp:[m[K In member function ‘[01m[Kvirtual rclcpp_lifecycle::node_interfaces::LifecycleNodeInterface::CallbackReturn FHAC::radar_conti_ars408::on_shutdown(const rclcpp_lifecycle::State&)[m[K’:
[2.146s] [01m[K/home/offroad/radar_ws/src/radar_conti_ars408/src/src/radar_conti_ars408_component.cpp:73:34:[m[K [01;35m[Kwarning: [m[Kunused parameter ‘[01m[Kprevious_state[m[K’ [[01;35m[K-Wunused-parameter[m[K]
[2.146s]    73 |   [01;35m[Kconst rclcpp_lifecycle::State& previous_state[m[K)
[2.146s]       |   [01;35m[K~~~~~~~~~~~~~~~~~~~~~~~~~~~~~~~^~~~~~~~~~~~~~[m[K
[2.146s] [01m[K/home/offroad/radar_ws/src/radar_conti_ars408/src/src/radar_conti_ars408_component.cpp:[m[K In member function ‘[01m[Kvirtual rclcpp_lifecycle::node_interfaces::LifecycleNodeInterface::CallbackReturn FHAC::radar_conti_ars408::on_error(const rclcpp_lifecycle::State&)[m[K’:
[2.146s] [01m[K/home/offroad/radar_ws/src/radar_conti_ars408/src/src/radar_conti_ars408_component.cpp:81:36:[m[K [01;35m[Kwarning: [m[Kunused parameter ‘[01m[Kprevious_state[m[K’ [[01;35m[K-Wunused-parameter[m[K]
[2.146s]    81 |     [01;35m[Kconst rclcpp_lifecycle::State& previous_state[m[K)
[2.146s]       |     [01;35m[K~~~~~~~~~~~~~~~~~~~~~~~~~~~~~~~^~~~~~~~~~~~~~[m[K
[8.408s] [ 75%] [32m[1mLinking CXX shared library libradar_conti_ars408_component.so[0m
[8.590s] [ 75%] Built target radar_conti_ars408_component
[8.602s] [35m[1mScanning dependencies of target radar_conti_ars408_composition[0m
[8.634s] [ 87%] [32mBuilding CXX object CMakeFiles/radar_conti_ars408_composition.dir/src/radar_conti_ars408_composition.cpp.o[0m
[8.680s] In file included from [01m[K/home/offroad/radar_ws/src/radar_conti_ars408/src/src/../include/radar_conti_ars408_component.hpp:24[m[K,
[8.681s]                  from [01m[K/home/offroad/radar_ws/src/radar_conti_ars408/src/src/radar_conti_ars408_composition.cpp:16[m[K:
[8.681s] [01m[K/home/offroad/radar_ws/src/radar_conti_ars408/src/src/../include/visibility_control.h:43:[m[K [01;35m[Kwarning: [m[K"RADAR_CONTI_ARS408_RADAR_CONTI_ARS408" redefined
[8.681s]    43 |   #define RADAR_CONTI_ARS408_RADAR_CONTI_ARS408
[8.681s]       | 
[8.681s] [01m[K/home/offroad/radar_ws/src/radar_conti_ars408/src/src/../include/visibility_control.h:42:[m[K [01;36m[Knote: [m[Kthis is the location of the previous definition
[8.681s]    42 |   #define RADAR_CONTI_ARS408_RADAR_CONTI_ARS408 __attribute__ ((visibility("default")))
[8.681s]       | 
[11.751s] [100%] [32m[1mLinking CXX executable radar_conti_ars408_composition[0m
[11.907s] [100%] Built target radar_conti_ars408_composition
[11.920s] Invoked command in '/home/offroad/radar_ws/build/radar_conti_ars408' returned '0': CMAKE_PREFIX_PATH=/home/offroad/radar_ws/install/ros2socketcan_bridge:/home/offroad/radar_ws/install/radar_conti_ars408_msgs:/home/offroad/radar_ws/install/can_msgs:/home/offroad/radar_ws/install/cpp_srvcli:/home/offroad/radar_ws/install/cpp_pubsub:/home/offroad/radar_ws/install/radar_conti_ars408:/opt/ros/foxy LD_LIBRARY_PATH=/home/offroad/radar_ws/install/radar_conti_ars408_msgs/lib:/home/offroad/radar_ws/install/can_msgs/lib:/home/offroad/radar_ws/install/radar_conti_ars408/lib:/usr/lib/x86_64-linux-gnu/gazebo-11/plugins:/opt/ros/foxy/opt/yaml_cpp_vendor/lib:/opt/ros/foxy/opt/rviz_ogre_vendor/lib:/opt/ros/foxy/lib/x86_64-linux-gnu:/opt/ros/foxy/lib /usr/bin/cmake --build /home/offroad/radar_ws/build/radar_conti_ars408 -- -j12 -l12
[11.947s] Invoking command in '/home/offroad/radar_ws/build/radar_conti_ars408': CMAKE_PREFIX_PATH=/home/offroad/radar_ws/install/ros2socketcan_bridge:/home/offroad/radar_ws/install/radar_conti_ars408_msgs:/home/offroad/radar_ws/install/can_msgs:/home/offroad/radar_ws/install/cpp_srvcli:/home/offroad/radar_ws/install/cpp_pubsub:/home/offroad/radar_ws/install/radar_conti_ars408:/opt/ros/foxy LD_LIBRARY_PATH=/home/offroad/radar_ws/install/radar_conti_ars408_msgs/lib:/home/offroad/radar_ws/install/can_msgs/lib:/home/offroad/radar_ws/install/radar_conti_ars408/lib:/usr/lib/x86_64-linux-gnu/gazebo-11/plugins:/opt/ros/foxy/opt/yaml_cpp_vendor/lib:/opt/ros/foxy/opt/rviz_ogre_vendor/lib:/opt/ros/foxy/lib/x86_64-linux-gnu:/opt/ros/foxy/lib /usr/bin/cmake --install /home/offroad/radar_ws/build/radar_conti_ars408
[11.959s] -- Install configuration: "Release"
[11.959s] -- Up-to-date: /home/offroad/radar_ws/install/radar_conti_ars408/share/radar_conti_ars408/environment/library_path.sh
[11.959s] -- Installing: /home/offroad/radar_ws/install/radar_conti_ars408/share/radar_conti_ars408/environment/library_path.dsv
[11.960s] -- Installing: /home/offroad/radar_ws/install/radar_conti_ars408/lib/radar_conti_ars408/talker
[11.960s] -- Set runtime path of "/home/offroad/radar_ws/install/radar_conti_ars408/lib/radar_conti_ars408/talker" to ""
[11.960s] -- Up-to-date: /home/offroad/radar_ws/install/radar_conti_ars408/lib/radar_conti_ars408/talker
[11.961s] -- Installing: /home/offroad/radar_ws/install/radar_conti_ars408/lib/radar_conti_ars408/listener
[11.962s] -- Set runtime path of "/home/offroad/radar_ws/install/radar_conti_ars408/lib/radar_conti_ars408/listener" to ""
[11.962s] -- Installing: /home/offroad/radar_ws/install/radar_conti_ars408/lib/radar_conti_ars408/radar_conti_ars408_composition
[11.963s] -- Set runtime path of "/home/offroad/radar_ws/install/radar_conti_ars408/lib/radar_conti_ars408/radar_conti_ars408_composition" to ""
[11.963s] -- Installing: /home/offroad/radar_ws/install/radar_conti_ars408/lib/libradar_conti_ars408_component.so
[11.964s] -- Set runtime path of "/home/offroad/radar_ws/install/radar_conti_ars408/lib/libradar_conti_ars408_component.so" to ""
[11.964s] -- Up-to-date: /home/offroad/radar_ws/install/radar_conti_ars408/include/radar_conti_ars408/
[11.964s] -- Up-to-date: /home/offroad/radar_ws/install/radar_conti_ars408/include/radar_conti_ars408//visibility_control.h
[11.964s] -- Up-to-date: /home/offroad/radar_ws/install/radar_conti_ars408/include/radar_conti_ars408//radar_conti_ars408_component.hpp
[11.964s] -- Up-to-date: /home/offroad/radar_ws/install/radar_conti_ars408/include/radar_conti_ars408//ars_408_can_defines.h
[11.965s] -- Up-to-date: /home/offroad/radar_ws/install/radar_conti_ars408/share/radar_conti_ars408/resources
[11.965s] -- Up-to-date: /home/offroad/radar_ws/install/radar_conti_ars408/share/radar_conti_ars408/resources/low_poly_911.dae
[11.965s] -- Up-to-date: /home/offroad/radar_ws/install/radar_conti_ars408/share/radar_conti_ars408/launch
[11.965s] -- Up-to-date: /home/offroad/radar_ws/install/radar_conti_ars408/share/radar_conti_ars408/launch/radar.launch.py
[11.965s] -- Up-to-date: /home/offroad/radar_ws/install/radar_conti_ars408/share/ament_index/resource_index/package_run_dependencies/radar_conti_ars408
[11.965s] -- Up-to-date: /home/offroad/radar_ws/install/radar_conti_ars408/share/ament_index/resource_index/parent_prefix_path/radar_conti_ars408
[11.965s] -- Up-to-date: /home/offroad/radar_ws/install/radar_conti_ars408/share/radar_conti_ars408/environment/ament_prefix_path.sh
[11.965s] -- Installing: /home/offroad/radar_ws/install/radar_conti_ars408/share/radar_conti_ars408/environment/ament_prefix_path.dsv
[11.965s] -- Up-to-date: /home/offroad/radar_ws/install/radar_conti_ars408/share/radar_conti_ars408/environment/path.sh
[11.966s] -- Installing: /home/offroad/radar_ws/install/radar_conti_ars408/share/radar_conti_ars408/environment/path.dsv
[11.966s] -- Up-to-date: /home/offroad/radar_ws/install/radar_conti_ars408/share/radar_conti_ars408/local_setup.bash
[11.966s] -- Up-to-date: /home/offroad/radar_ws/install/radar_conti_ars408/share/radar_conti_ars408/local_setup.sh
[11.966s] -- Up-to-date: /home/offroad/radar_ws/install/radar_conti_ars408/share/radar_conti_ars408/local_setup.zsh
[11.966s] -- Installing: /home/offroad/radar_ws/install/radar_conti_ars408/share/radar_conti_ars408/local_setup.dsv
[11.966s] -- Installing: /home/offroad/radar_ws/install/radar_conti_ars408/share/radar_conti_ars408/package.dsv
[11.966s] -- Up-to-date: /home/offroad/radar_ws/install/radar_conti_ars408/share/ament_index/resource_index/packages/radar_conti_ars408
[11.966s] -- Up-to-date: /home/offroad/radar_ws/install/radar_conti_ars408/share/ament_index/resource_index/rclcpp_components/radar_conti_ars408
[11.966s] -- Up-to-date: /home/offroad/radar_ws/install/radar_conti_ars408/share/radar_conti_ars408/cmake/radar_conti_ars408Config.cmake
[11.967s] -- Up-to-date: /home/offroad/radar_ws/install/radar_conti_ars408/share/radar_conti_ars408/cmake/radar_conti_ars408Config-version.cmake
[11.967s] -- Up-to-date: /home/offroad/radar_ws/install/radar_conti_ars408/share/radar_conti_ars408/package.xml
[11.969s] Invoked command in '/home/offroad/radar_ws/build/radar_conti_ars408' returned '0': CMAKE_PREFIX_PATH=/home/offroad/radar_ws/install/ros2socketcan_bridge:/home/offroad/radar_ws/install/radar_conti_ars408_msgs:/home/offroad/radar_ws/install/can_msgs:/home/offroad/radar_ws/install/cpp_srvcli:/home/offroad/radar_ws/install/cpp_pubsub:/home/offroad/radar_ws/install/radar_conti_ars408:/opt/ros/foxy LD_LIBRARY_PATH=/home/offroad/radar_ws/install/radar_conti_ars408_msgs/lib:/home/offroad/radar_ws/install/can_msgs/lib:/home/offroad/radar_ws/install/radar_conti_ars408/lib:/usr/lib/x86_64-linux-gnu/gazebo-11/plugins:/opt/ros/foxy/opt/yaml_cpp_vendor/lib:/opt/ros/foxy/opt/rviz_ogre_vendor/lib:/opt/ros/foxy/lib/x86_64-linux-gnu:/opt/ros/foxy/lib /usr/bin/cmake --install /home/offroad/radar_ws/build/radar_conti_ars408
