[0.069s] Invoking command in '/home/offroad/radar_ws/src/build/radar_conti_ars408_msgs': CMAKE_PREFIX_PATH=${CMAKE_PREFIX_PATH}:/opt/ros/foxy /usr/bin/cmake --build /home/offroad/radar_ws/src/build/radar_conti_ars408_msgs -- -j12 -l12
[0.329s] [  0%] Built target radar_conti_ars408_msgs__cpp
[0.356s] [ 12%] Built target radar_conti_ars408_msgs__rosidl_generator_c
[0.485s] [ 24%] Built target radar_conti_ars408_msgs__rosidl_typesupport_cpp
[0.493s] [ 36%] Built target radar_conti_ars408_msgs__rosidl_typesupport_c
[0.501s] [ 48%] Built target radar_conti_ars408_msgs__rosidl_typesupport_introspection_cpp
[0.516s] [ 60%] Built target radar_conti_ars408_msgs__rosidl_typesupport_introspection_c
[0.560s] [ 72%] Built target radar_conti_ars408_msgs__rosidl_typesupport_fastrtps_cpp
[0.701s] [ 84%] Built target radar_conti_ars408_msgs__rosidl_typesupport_fastrtps_c
[0.785s] [ 84%] Built target radar_conti_ars408_msgs
[0.844s] [ 85%] Built target radar_conti_ars408_msgs__py
[0.922s] [ 96%] Built target radar_conti_ars408_msgs__python
[0.975s] [100%] Built target radar_conti_ars408_msgs__rosidl_typesupport_c__pyext
[0.975s] [100%] Built target radar_conti_ars408_msgs__rosidl_typesupport_fastrtps_c__pyext
[0.976s] [100%] Built target radar_conti_ars408_msgs__rosidl_typesupport_introspection_c__pyext
[0.995s] Invoked command in '/home/offroad/radar_ws/src/build/radar_conti_ars408_msgs' returned '0': CMAKE_PREFIX_PATH=${CMAKE_PREFIX_PATH}:/opt/ros/foxy /usr/bin/cmake --build /home/offroad/radar_ws/src/build/radar_conti_ars408_msgs -- -j12 -l12
[1.900s] Invoking command in '/home/offroad/radar_ws/src/build/radar_conti_ars408_msgs': CMAKE_PREFIX_PATH=${CMAKE_PREFIX_PATH}:/opt/ros/foxy /usr/bin/cmake --install /home/offroad/radar_ws/src/build/radar_conti_ars408_msgs
[1.938s] -- Install configuration: ""
[1.938s] -- Up-to-date: /home/offroad/radar_ws/src/install/radar_conti_ars408_msgs/share/ament_index/resource_index/rosidl_interfaces/radar_conti_ars408_msgs
[1.939s] -- Up-to-date: /home/offroad/radar_ws/src/install/radar_conti_ars408_msgs/include/radar_conti_ars408_msgs
[1.940s] -- Up-to-date: /home/offroad/radar_ws/src/install/radar_conti_ars408_msgs/include/radar_conti_ars408_msgs/srv
[1.941s] -- Up-to-date: /home/offroad/radar_ws/src/install/radar_conti_ars408_msgs/include/radar_conti_ars408_msgs/srv/detail
[1.942s] -- Up-to-date: /home/offroad/radar_ws/src/install/radar_conti_ars408_msgs/include/radar_conti_ars408_msgs/srv/detail/add_three_ints__functions.h
[1.942s] -- Up-to-date: /home/offroad/radar_ws/src/install/radar_conti_ars408_msgs/include/radar_conti_ars408_msgs/srv/detail/add_three_ints__functions.c
[1.944s] -- Up-to-date: /home/offroad/radar_ws/src/install/radar_conti_ars408_msgs/include/radar_conti_ars408_msgs/srv/detail/add_three_ints__type_support.h
[1.945s] -- Up-to-date: /home/offroad/radar_ws/src/install/radar_conti_ars408_msgs/include/radar_conti_ars408_msgs/srv/detail/add_three_ints__struct.h
[1.945s] -- Up-to-date: /home/offroad/radar_ws/src/install/radar_conti_ars408_msgs/include/radar_conti_ars408_msgs/srv/add_three_ints.h
[1.945s] -- Up-to-date: /home/offroad/radar_ws/src/install/radar_conti_ars408_msgs/include/radar_conti_ars408_msgs/msg
[1.946s] -- Up-to-date: /home/offroad/radar_ws/src/install/radar_conti_ars408_msgs/include/radar_conti_ars408_msgs/msg/detail
[1.946s] -- Up-to-date: /home/offroad/radar_ws/src/install/radar_conti_ars408_msgs/include/radar_conti_ars408_msgs/msg/detail/cluster_list__functions.c
[1.946s] -- Up-to-date: /home/offroad/radar_ws/src/install/radar_conti_ars408_msgs/include/radar_conti_ars408_msgs/msg/detail/cluster_quality__struct.h
[1.946s] -- Up-to-date: /home/offroad/radar_ws/src/install/radar_conti_ars408_msgs/include/radar_conti_ars408_msgs/msg/detail/radar_configuration__struct.h
[1.947s] -- Up-to-date: /home/offroad/radar_ws/src/install/radar_conti_ars408_msgs/include/radar_conti_ars408_msgs/msg/detail/version_id__type_support.h
[1.947s] -- Up-to-date: /home/offroad/radar_ws/src/install/radar_conti_ars408_msgs/include/radar_conti_ars408_msgs/msg/detail/cluster_general__functions.h
[1.949s] -- Up-to-date: /home/offroad/radar_ws/src/install/radar_conti_ars408_msgs/include/radar_conti_ars408_msgs/msg/detail/filter_state_header__type_support.h
[1.950s] -- Up-to-date: /home/offroad/radar_ws/src/install/radar_conti_ars408_msgs/include/radar_conti_ars408_msgs/msg/detail/object_quality__struct.h
[1.952s] -- Up-to-date: /home/offroad/radar_ws/src/install/radar_conti_ars408_msgs/include/radar_conti_ars408_msgs/msg/detail/cluster__functions.h
[1.953s] -- Up-to-date: /home/offroad/radar_ws/src/install/radar_conti_ars408_msgs/include/radar_conti_ars408_msgs/msg/detail/filter_state_cfg__struct.h
[1.955s] -- Up-to-date: /home/offroad/radar_ws/src/install/radar_conti_ars408_msgs/include/radar_conti_ars408_msgs/msg/detail/cluster_general__struct.h
[1.955s] -- Up-to-date: /home/offroad/radar_ws/src/install/radar_conti_ars408_msgs/include/radar_conti_ars408_msgs/msg/detail/object_list__functions.h
[1.956s] -- Up-to-date: /home/offroad/radar_ws/src/install/radar_conti_ars408_msgs/include/radar_conti_ars408_msgs/msg/detail/filter_state_header__functions.h
[1.956s] -- Up-to-date: /home/offroad/radar_ws/src/install/radar_conti_ars408_msgs/include/radar_conti_ars408_msgs/msg/detail/cluster_list__struct.h
[1.957s] -- Up-to-date: /home/offroad/radar_ws/src/install/radar_conti_ars408_msgs/include/radar_conti_ars408_msgs/msg/detail/version_id__functions.h
[1.958s] -- Up-to-date: /home/offroad/radar_ws/src/install/radar_conti_ars408_msgs/include/radar_conti_ars408_msgs/msg/detail/cluster__functions.c
[1.959s] -- Up-to-date: /home/offroad/radar_ws/src/install/radar_conti_ars408_msgs/include/radar_conti_ars408_msgs/msg/detail/filter_state_cfg__type_support.h
[1.959s] -- Up-to-date: /home/offroad/radar_ws/src/install/radar_conti_ars408_msgs/include/radar_conti_ars408_msgs/msg/detail/num__struct.h
[1.959s] -- Up-to-date: /home/offroad/radar_ws/src/install/radar_conti_ars408_msgs/include/radar_conti_ars408_msgs/msg/detail/radar_state__functions.h
[1.959s] -- Up-to-date: /home/offroad/radar_ws/src/install/radar_conti_ars408_msgs/include/radar_conti_ars408_msgs/msg/detail/object_extended__struct.h
[1.960s] -- Up-to-date: /home/offroad/radar_ws/src/install/radar_conti_ars408_msgs/include/radar_conti_ars408_msgs/msg/detail/num__functions.c
[1.960s] -- Up-to-date: /home/offroad/radar_ws/src/install/radar_conti_ars408_msgs/include/radar_conti_ars408_msgs/msg/detail/radar_configuration__type_support.h
[1.960s] -- Up-to-date: /home/offroad/radar_ws/src/install/radar_conti_ars408_msgs/include/radar_conti_ars408_msgs/msg/detail/version_id__functions.c
[1.961s] -- Up-to-date: /home/offroad/radar_ws/src/install/radar_conti_ars408_msgs/include/radar_conti_ars408_msgs/msg/detail/object_list__struct.h
[1.961s] -- Up-to-date: /home/offroad/radar_ws/src/install/radar_conti_ars408_msgs/include/radar_conti_ars408_msgs/msg/detail/object_general__functions.c
[1.961s] -- Up-to-date: /home/offroad/radar_ws/src/install/radar_conti_ars408_msgs/include/radar_conti_ars408_msgs/msg/detail/filter_cfg__type_support.h
[1.961s] -- Up-to-date: /home/offroad/radar_ws/src/install/radar_conti_ars408_msgs/include/radar_conti_ars408_msgs/msg/detail/filter_state_header__functions.c
[1.961s] -- Up-to-date: /home/offroad/radar_ws/src/install/radar_conti_ars408_msgs/include/radar_conti_ars408_msgs/msg/detail/cluster_status__functions.h
[1.962s] -- Up-to-date: /home/offroad/radar_ws/src/install/radar_conti_ars408_msgs/include/radar_conti_ars408_msgs/msg/detail/cluster_list__type_support.h
[1.962s] -- Up-to-date: /home/offroad/radar_ws/src/install/radar_conti_ars408_msgs/include/radar_conti_ars408_msgs/msg/detail/radar_configuration__functions.h
[1.962s] -- Up-to-date: /home/offroad/radar_ws/src/install/radar_conti_ars408_msgs/include/radar_conti_ars408_msgs/msg/detail/object_status__struct.h
[1.962s] -- Up-to-date: /home/offroad/radar_ws/src/install/radar_conti_ars408_msgs/include/radar_conti_ars408_msgs/msg/detail/cluster_status__struct.h
[1.962s] -- Up-to-date: /home/offroad/radar_ws/src/install/radar_conti_ars408_msgs/include/radar_conti_ars408_msgs/msg/detail/object_general__struct.h
[1.962s] -- Up-to-date: /home/offroad/radar_ws/src/install/radar_conti_ars408_msgs/include/radar_conti_ars408_msgs/msg/detail/filter_state_cfg__functions.h
[1.962s] -- Up-to-date: /home/offroad/radar_ws/src/install/radar_conti_ars408_msgs/include/radar_conti_ars408_msgs/msg/detail/radar_configuration__functions.c
[1.962s] -- Up-to-date: /home/offroad/radar_ws/src/install/radar_conti_ars408_msgs/include/radar_conti_ars408_msgs/msg/detail/object_quality__type_support.h
[1.962s] -- Up-to-date: /home/offroad/radar_ws/src/install/radar_conti_ars408_msgs/include/radar_conti_ars408_msgs/msg/detail/filter_state_header__struct.h
[1.963s] -- Up-to-date: /home/offroad/radar_ws/src/install/radar_conti_ars408_msgs/include/radar_conti_ars408_msgs/msg/detail/cluster_list__functions.h
[1.963s] -- Up-to-date: /home/offroad/radar_ws/src/install/radar_conti_ars408_msgs/include/radar_conti_ars408_msgs/msg/detail/cluster__type_support.h
[1.963s] -- Up-to-date: /home/offroad/radar_ws/src/install/radar_conti_ars408_msgs/include/radar_conti_ars408_msgs/msg/detail/object_extended__functions.c
[1.963s] -- Up-to-date: /home/offroad/radar_ws/src/install/radar_conti_ars408_msgs/include/radar_conti_ars408_msgs/msg/detail/cluster_status__type_support.h
[1.963s] -- Up-to-date: /home/offroad/radar_ws/src/install/radar_conti_ars408_msgs/include/radar_conti_ars408_msgs/msg/detail/object__functions.c
[1.964s] -- Up-to-date: /home/offroad/radar_ws/src/install/radar_conti_ars408_msgs/include/radar_conti_ars408_msgs/msg/detail/filter_cfg__functions.c
[1.964s] -- Up-to-date: /home/offroad/radar_ws/src/install/radar_conti_ars408_msgs/include/radar_conti_ars408_msgs/msg/detail/object_extended__type_support.h
[1.965s] -- Up-to-date: /home/offroad/radar_ws/src/install/radar_conti_ars408_msgs/include/radar_conti_ars408_msgs/msg/detail/object_extended__functions.h
[1.966s] -- Up-to-date: /home/offroad/radar_ws/src/install/radar_conti_ars408_msgs/include/radar_conti_ars408_msgs/msg/detail/version_id__struct.h
[1.967s] -- Up-to-date: /home/offroad/radar_ws/src/install/radar_conti_ars408_msgs/include/radar_conti_ars408_msgs/msg/detail/object__type_support.h
[1.968s] -- Up-to-date: /home/offroad/radar_ws/src/install/radar_conti_ars408_msgs/include/radar_conti_ars408_msgs/msg/detail/cluster_quality__functions.c
[1.969s] -- Up-to-date: /home/offroad/radar_ws/src/install/radar_conti_ars408_msgs/include/radar_conti_ars408_msgs/msg/detail/object_quality__functions.h
[1.969s] -- Up-to-date: /home/offroad/radar_ws/src/install/radar_conti_ars408_msgs/include/radar_conti_ars408_msgs/msg/detail/cluster_general__functions.c
[1.969s] -- Up-to-date: /home/offroad/radar_ws/src/install/radar_conti_ars408_msgs/include/radar_conti_ars408_msgs/msg/detail/cluster_general__type_support.h
[1.969s] -- Up-to-date: /home/offroad/radar_ws/src/install/radar_conti_ars408_msgs/include/radar_conti_ars408_msgs/msg/detail/radar_state__type_support.h
[1.970s] -- Up-to-date: /home/offroad/radar_ws/src/install/radar_conti_ars408_msgs/include/radar_conti_ars408_msgs/msg/detail/object_status__functions.c
[1.970s] -- Up-to-date: /home/offroad/radar_ws/src/install/radar_conti_ars408_msgs/include/radar_conti_ars408_msgs/msg/detail/object_status__functions.h
[1.970s] -- Up-to-date: /home/offroad/radar_ws/src/install/radar_conti_ars408_msgs/include/radar_conti_ars408_msgs/msg/detail/num__type_support.h
[1.970s] -- Up-to-date: /home/offroad/radar_ws/src/install/radar_conti_ars408_msgs/include/radar_conti_ars408_msgs/msg/detail/object_list__functions.c
[1.970s] -- Up-to-date: /home/offroad/radar_ws/src/install/radar_conti_ars408_msgs/include/radar_conti_ars408_msgs/msg/detail/radar_state__struct.h
[1.970s] -- Up-to-date: /home/offroad/radar_ws/src/install/radar_conti_ars408_msgs/include/radar_conti_ars408_msgs/msg/detail/object_list__type_support.h
[1.970s] -- Up-to-date: /home/offroad/radar_ws/src/install/radar_conti_ars408_msgs/include/radar_conti_ars408_msgs/msg/detail/radar_state__functions.c
[1.971s] -- Up-to-date: /home/offroad/radar_ws/src/install/radar_conti_ars408_msgs/include/radar_conti_ars408_msgs/msg/detail/filter_cfg__functions.h
[1.971s] -- Up-to-date: /home/offroad/radar_ws/src/install/radar_conti_ars408_msgs/include/radar_conti_ars408_msgs/msg/detail/filter_state_cfg__functions.c
[1.971s] -- Up-to-date: /home/offroad/radar_ws/src/install/radar_conti_ars408_msgs/include/radar_conti_ars408_msgs/msg/detail/cluster_quality__type_support.h
[1.971s] -- Up-to-date: /home/offroad/radar_ws/src/install/radar_conti_ars408_msgs/include/radar_conti_ars408_msgs/msg/detail/object_general__type_support.h
[1.971s] -- Up-to-date: /home/offroad/radar_ws/src/install/radar_conti_ars408_msgs/include/radar_conti_ars408_msgs/msg/detail/num__functions.h
[1.971s] -- Up-to-date: /home/offroad/radar_ws/src/install/radar_conti_ars408_msgs/include/radar_conti_ars408_msgs/msg/detail/filter_cfg__struct.h
[1.972s] -- Up-to-date: /home/offroad/radar_ws/src/install/radar_conti_ars408_msgs/include/radar_conti_ars408_msgs/msg/detail/object_status__type_support.h
[1.972s] -- Up-to-date: /home/offroad/radar_ws/src/install/radar_conti_ars408_msgs/include/radar_conti_ars408_msgs/msg/detail/object__struct.h
[1.972s] -- Up-to-date: /home/offroad/radar_ws/src/install/radar_conti_ars408_msgs/include/radar_conti_ars408_msgs/msg/detail/cluster_status__functions.c
[1.972s] -- Up-to-date: /home/offroad/radar_ws/src/install/radar_conti_ars408_msgs/include/radar_conti_ars408_msgs/msg/detail/object__functions.h
[1.972s] -- Up-to-date: /home/offroad/radar_ws/src/install/radar_conti_ars408_msgs/include/radar_conti_ars408_msgs/msg/detail/cluster__struct.h
[1.972s] -- Up-to-date: /home/offroad/radar_ws/src/install/radar_conti_ars408_msgs/include/radar_conti_ars408_msgs/msg/detail/object_quality__functions.c
[1.972s] -- Up-to-date: /home/offroad/radar_ws/src/install/radar_conti_ars408_msgs/include/radar_conti_ars408_msgs/msg/detail/object_general__functions.h
[1.973s] -- Up-to-date: /home/offroad/radar_ws/src/install/radar_conti_ars408_msgs/include/radar_conti_ars408_msgs/msg/detail/cluster_quality__functions.h
[1.973s] -- Up-to-date: /home/offroad/radar_ws/src/install/radar_conti_ars408_msgs/include/radar_conti_ars408_msgs/msg/object_status.h
[1.973s] -- Up-to-date: /home/offroad/radar_ws/src/install/radar_conti_ars408_msgs/include/radar_conti_ars408_msgs/msg/radar_configuration.h
[1.973s] -- Up-to-date: /home/offroad/radar_ws/src/install/radar_conti_ars408_msgs/include/radar_conti_ars408_msgs/msg/cluster_list.h
[1.973s] -- Up-to-date: /home/offroad/radar_ws/src/install/radar_conti_ars408_msgs/include/radar_conti_ars408_msgs/msg/rosidl_generator_c__visibility_control.h
[1.973s] -- Up-to-date: /home/offroad/radar_ws/src/install/radar_conti_ars408_msgs/include/radar_conti_ars408_msgs/msg/cluster_general.h
[1.974s] -- Up-to-date: /home/offroad/radar_ws/src/install/radar_conti_ars408_msgs/include/radar_conti_ars408_msgs/msg/object_extended.h
[1.974s] -- Up-to-date: /home/offroad/radar_ws/src/install/radar_conti_ars408_msgs/include/radar_conti_ars408_msgs/msg/filter_cfg.h
[1.974s] -- Up-to-date: /home/offroad/radar_ws/src/install/radar_conti_ars408_msgs/include/radar_conti_ars408_msgs/msg/num.h
[1.974s] -- Up-to-date: /home/offroad/radar_ws/src/install/radar_conti_ars408_msgs/include/radar_conti_ars408_msgs/msg/filter_state_header.h
[1.975s] -- Up-to-date: /home/offroad/radar_ws/src/install/radar_conti_ars408_msgs/include/radar_conti_ars408_msgs/msg/object_general.h
[1.975s] -- Up-to-date: /home/offroad/radar_ws/src/install/radar_conti_ars408_msgs/include/radar_conti_ars408_msgs/msg/radar_state.h
[1.975s] -- Up-to-date: /home/offroad/radar_ws/src/install/radar_conti_ars408_msgs/include/radar_conti_ars408_msgs/msg/version_id.h
[1.975s] -- Up-to-date: /home/offroad/radar_ws/src/install/radar_conti_ars408_msgs/include/radar_conti_ars408_msgs/msg/object.h
[1.975s] -- Up-to-date: /home/offroad/radar_ws/src/install/radar_conti_ars408_msgs/include/radar_conti_ars408_msgs/msg/cluster_status.h
[1.975s] -- Up-to-date: /home/offroad/radar_ws/src/install/radar_conti_ars408_msgs/include/radar_conti_ars408_msgs/msg/filter_state_cfg.h
[1.975s] -- Up-to-date: /home/offroad/radar_ws/src/install/radar_conti_ars408_msgs/include/radar_conti_ars408_msgs/msg/cluster.h
[1.976s] -- Up-to-date: /home/offroad/radar_ws/src/install/radar_conti_ars408_msgs/include/radar_conti_ars408_msgs/msg/object_list.h
[1.976s] -- Up-to-date: /home/offroad/radar_ws/src/install/radar_conti_ars408_msgs/include/radar_conti_ars408_msgs/msg/object_quality.h
[1.976s] -- Up-to-date: /home/offroad/radar_ws/src/install/radar_conti_ars408_msgs/include/radar_conti_ars408_msgs/msg/cluster_quality.h
[1.976s] -- Up-to-date: /home/offroad/radar_ws/src/install/radar_conti_ars408_msgs/share/radar_conti_ars408_msgs/environment/library_path.sh
[1.976s] -- Up-to-date: /home/offroad/radar_ws/src/install/radar_conti_ars408_msgs/share/radar_conti_ars408_msgs/environment/library_path.dsv
[1.976s] -- Up-to-date: /home/offroad/radar_ws/src/install/radar_conti_ars408_msgs/lib/libradar_conti_ars408_msgs__rosidl_generator_c.so
[1.976s] -- Up-to-date: /home/offroad/radar_ws/src/install/radar_conti_ars408_msgs/include/radar_conti_ars408_msgs
[1.976s] -- Up-to-date: /home/offroad/radar_ws/src/install/radar_conti_ars408_msgs/include/radar_conti_ars408_msgs/srv
[1.977s] -- Up-to-date: /home/offroad/radar_ws/src/install/radar_conti_ars408_msgs/include/radar_conti_ars408_msgs/srv/detail
[1.977s] -- Up-to-date: /home/offroad/radar_ws/src/install/radar_conti_ars408_msgs/include/radar_conti_ars408_msgs/srv/detail/add_three_ints__rosidl_typesupport_fastrtps_c.h
[1.977s] -- Up-to-date: /home/offroad/radar_ws/src/install/radar_conti_ars408_msgs/include/radar_conti_ars408_msgs/msg
[1.977s] -- Up-to-date: /home/offroad/radar_ws/src/install/radar_conti_ars408_msgs/include/radar_conti_ars408_msgs/msg/detail
[1.977s] -- Up-to-date: /home/offroad/radar_ws/src/install/radar_conti_ars408_msgs/include/radar_conti_ars408_msgs/msg/detail/radar_configuration__rosidl_typesupport_fastrtps_c.h
[1.977s] -- Up-to-date: /home/offroad/radar_ws/src/install/radar_conti_ars408_msgs/include/radar_conti_ars408_msgs/msg/detail/cluster_list__rosidl_typesupport_fastrtps_c.h
[1.977s] -- Up-to-date: /home/offroad/radar_ws/src/install/radar_conti_ars408_msgs/include/radar_conti_ars408_msgs/msg/detail/object_extended__rosidl_typesupport_fastrtps_c.h
[1.977s] -- Up-to-date: /home/offroad/radar_ws/src/install/radar_conti_ars408_msgs/include/radar_conti_ars408_msgs/msg/detail/object_status__rosidl_typesupport_fastrtps_c.h
[1.978s] -- Up-to-date: /home/offroad/radar_ws/src/install/radar_conti_ars408_msgs/include/radar_conti_ars408_msgs/msg/detail/cluster_general__rosidl_typesupport_fastrtps_c.h
[1.978s] -- Up-to-date: /home/offroad/radar_ws/src/install/radar_conti_ars408_msgs/include/radar_conti_ars408_msgs/msg/detail/cluster_quality__rosidl_typesupport_fastrtps_c.h
[1.978s] -- Up-to-date: /home/offroad/radar_ws/src/install/radar_conti_ars408_msgs/include/radar_conti_ars408_msgs/msg/detail/filter_state_cfg__rosidl_typesupport_fastrtps_c.h
[1.978s] -- Up-to-date: /home/offroad/radar_ws/src/install/radar_conti_ars408_msgs/include/radar_conti_ars408_msgs/msg/detail/radar_state__rosidl_typesupport_fastrtps_c.h
[1.978s] -- Up-to-date: /home/offroad/radar_ws/src/install/radar_conti_ars408_msgs/include/radar_conti_ars408_msgs/msg/detail/object__rosidl_typesupport_fastrtps_c.h
[1.978s] -- Up-to-date: /home/offroad/radar_ws/src/install/radar_conti_ars408_msgs/include/radar_conti_ars408_msgs/msg/detail/filter_cfg__rosidl_typesupport_fastrtps_c.h
[1.978s] -- Up-to-date: /home/offroad/radar_ws/src/install/radar_conti_ars408_msgs/include/radar_conti_ars408_msgs/msg/detail/cluster__rosidl_typesupport_fastrtps_c.h
[1.978s] -- Up-to-date: /home/offroad/radar_ws/src/install/radar_conti_ars408_msgs/include/radar_conti_ars408_msgs/msg/detail/filter_state_header__rosidl_typesupport_fastrtps_c.h
[1.978s] -- Up-to-date: /home/offroad/radar_ws/src/install/radar_conti_ars408_msgs/include/radar_conti_ars408_msgs/msg/detail/cluster_status__rosidl_typesupport_fastrtps_c.h
[1.978s] -- Up-to-date: /home/offroad/radar_ws/src/install/radar_conti_ars408_msgs/include/radar_conti_ars408_msgs/msg/detail/version_id__rosidl_typesupport_fastrtps_c.h
[1.978s] -- Up-to-date: /home/offroad/radar_ws/src/install/radar_conti_ars408_msgs/include/radar_conti_ars408_msgs/msg/detail/num__rosidl_typesupport_fastrtps_c.h
[1.978s] -- Up-to-date: /home/offroad/radar_ws/src/install/radar_conti_ars408_msgs/include/radar_conti_ars408_msgs/msg/detail/object_quality__rosidl_typesupport_fastrtps_c.h
[1.979s] -- Up-to-date: /home/offroad/radar_ws/src/install/radar_conti_ars408_msgs/include/radar_conti_ars408_msgs/msg/detail/object_list__rosidl_typesupport_fastrtps_c.h
[1.979s] -- Up-to-date: /home/offroad/radar_ws/src/install/radar_conti_ars408_msgs/include/radar_conti_ars408_msgs/msg/detail/object_general__rosidl_typesupport_fastrtps_c.h
[1.979s] -- Up-to-date: /home/offroad/radar_ws/src/install/radar_conti_ars408_msgs/include/radar_conti_ars408_msgs/msg/rosidl_typesupport_fastrtps_c__visibility_control.h
[1.979s] -- Up-to-date: /home/offroad/radar_ws/src/install/radar_conti_ars408_msgs/lib/libradar_conti_ars408_msgs__rosidl_typesupport_fastrtps_c.so
[1.979s] -- Up-to-date: /home/offroad/radar_ws/src/install/radar_conti_ars408_msgs/include/radar_conti_ars408_msgs
[1.979s] -- Up-to-date: /home/offroad/radar_ws/src/install/radar_conti_ars408_msgs/include/radar_conti_ars408_msgs/srv
[1.979s] -- Up-to-date: /home/offroad/radar_ws/src/install/radar_conti_ars408_msgs/include/radar_conti_ars408_msgs/srv/detail
[1.979s] -- Up-to-date: /home/offroad/radar_ws/src/install/radar_conti_ars408_msgs/include/radar_conti_ars408_msgs/srv/detail/dds_fastrtps
[1.979s] -- Up-to-date: /home/offroad/radar_ws/src/install/radar_conti_ars408_msgs/include/radar_conti_ars408_msgs/srv/detail/add_three_ints__rosidl_typesupport_fastrtps_cpp.hpp
[1.979s] -- Up-to-date: /home/offroad/radar_ws/src/install/radar_conti_ars408_msgs/include/radar_conti_ars408_msgs/msg
[1.980s] -- Up-to-date: /home/offroad/radar_ws/src/install/radar_conti_ars408_msgs/include/radar_conti_ars408_msgs/msg/detail
[1.980s] -- Up-to-date: /home/offroad/radar_ws/src/install/radar_conti_ars408_msgs/include/radar_conti_ars408_msgs/msg/detail/cluster_list__rosidl_typesupport_fastrtps_cpp.hpp
[1.981s] -- Up-to-date: /home/offroad/radar_ws/src/install/radar_conti_ars408_msgs/include/radar_conti_ars408_msgs/msg/detail/cluster_quality__rosidl_typesupport_fastrtps_cpp.hpp
[1.982s] -- Up-to-date: /home/offroad/radar_ws/src/install/radar_conti_ars408_msgs/include/radar_conti_ars408_msgs/msg/detail/object_list__rosidl_typesupport_fastrtps_cpp.hpp
[1.983s] -- Up-to-date: /home/offroad/radar_ws/src/install/radar_conti_ars408_msgs/include/radar_conti_ars408_msgs/msg/detail/filter_state_cfg__rosidl_typesupport_fastrtps_cpp.hpp
[1.984s] -- Up-to-date: /home/offroad/radar_ws/src/install/radar_conti_ars408_msgs/include/radar_conti_ars408_msgs/msg/detail/object__rosidl_typesupport_fastrtps_cpp.hpp
[1.985s] -- Up-to-date: /home/offroad/radar_ws/src/install/radar_conti_ars408_msgs/include/radar_conti_ars408_msgs/msg/detail/dds_fastrtps
[1.985s] -- Up-to-date: /home/offroad/radar_ws/src/install/radar_conti_ars408_msgs/include/radar_conti_ars408_msgs/msg/detail/object_extended__rosidl_typesupport_fastrtps_cpp.hpp
[1.985s] -- Up-to-date: /home/offroad/radar_ws/src/install/radar_conti_ars408_msgs/include/radar_conti_ars408_msgs/msg/detail/cluster_general__rosidl_typesupport_fastrtps_cpp.hpp
[1.985s] -- Up-to-date: /home/offroad/radar_ws/src/install/radar_conti_ars408_msgs/include/radar_conti_ars408_msgs/msg/detail/filter_cfg__rosidl_typesupport_fastrtps_cpp.hpp
[1.986s] -- Up-to-date: /home/offroad/radar_ws/src/install/radar_conti_ars408_msgs/include/radar_conti_ars408_msgs/msg/detail/object_status__rosidl_typesupport_fastrtps_cpp.hpp
[1.986s] -- Up-to-date: /home/offroad/radar_ws/src/install/radar_conti_ars408_msgs/include/radar_conti_ars408_msgs/msg/detail/cluster__rosidl_typesupport_fastrtps_cpp.hpp
[1.986s] -- Up-to-date: /home/offroad/radar_ws/src/install/radar_conti_ars408_msgs/include/radar_conti_ars408_msgs/msg/detail/radar_configuration__rosidl_typesupport_fastrtps_cpp.hpp
[1.986s] -- Up-to-date: /home/offroad/radar_ws/src/install/radar_conti_ars408_msgs/include/radar_conti_ars408_msgs/msg/detail/filter_state_header__rosidl_typesupport_fastrtps_cpp.hpp
[1.986s] -- Up-to-date: /home/offroad/radar_ws/src/install/radar_conti_ars408_msgs/include/radar_conti_ars408_msgs/msg/detail/radar_state__rosidl_typesupport_fastrtps_cpp.hpp
[1.986s] -- Up-to-date: /home/offroad/radar_ws/src/install/radar_conti_ars408_msgs/include/radar_conti_ars408_msgs/msg/detail/num__rosidl_typesupport_fastrtps_cpp.hpp
[1.986s] -- Up-to-date: /home/offroad/radar_ws/src/install/radar_conti_ars408_msgs/include/radar_conti_ars408_msgs/msg/detail/object_quality__rosidl_typesupport_fastrtps_cpp.hpp
[1.987s] -- Up-to-date: /home/offroad/radar_ws/src/install/radar_conti_ars408_msgs/include/radar_conti_ars408_msgs/msg/detail/cluster_status__rosidl_typesupport_fastrtps_cpp.hpp
[1.987s] -- Up-to-date: /home/offroad/radar_ws/src/install/radar_conti_ars408_msgs/include/radar_conti_ars408_msgs/msg/detail/version_id__rosidl_typesupport_fastrtps_cpp.hpp
[1.987s] -- Up-to-date: /home/offroad/radar_ws/src/install/radar_conti_ars408_msgs/include/radar_conti_ars408_msgs/msg/detail/object_general__rosidl_typesupport_fastrtps_cpp.hpp
[1.987s] -- Up-to-date: /home/offroad/radar_ws/src/install/radar_conti_ars408_msgs/include/radar_conti_ars408_msgs/msg/rosidl_typesupport_fastrtps_cpp__visibility_control.h
[1.987s] -- Up-to-date: /home/offroad/radar_ws/src/install/radar_conti_ars408_msgs/lib/libradar_conti_ars408_msgs__rosidl_typesupport_fastrtps_cpp.so
[1.987s] -- Up-to-date: /home/offroad/radar_ws/src/install/radar_conti_ars408_msgs/include/radar_conti_ars408_msgs
[1.987s] -- Up-to-date: /home/offroad/radar_ws/src/install/radar_conti_ars408_msgs/include/radar_conti_ars408_msgs/srv
[1.987s] -- Up-to-date: /home/offroad/radar_ws/src/install/radar_conti_ars408_msgs/include/radar_conti_ars408_msgs/srv/detail
[1.987s] -- Up-to-date: /home/offroad/radar_ws/src/install/radar_conti_ars408_msgs/include/radar_conti_ars408_msgs/srv/detail/add_three_ints__rosidl_typesupport_introspection_c.h
[1.988s] -- Up-to-date: /home/offroad/radar_ws/src/install/radar_conti_ars408_msgs/include/radar_conti_ars408_msgs/srv/detail/add_three_ints__type_support.c
[1.988s] -- Up-to-date: /home/offroad/radar_ws/src/install/radar_conti_ars408_msgs/include/radar_conti_ars408_msgs/msg
[1.988s] -- Up-to-date: /home/offroad/radar_ws/src/install/radar_conti_ars408_msgs/include/radar_conti_ars408_msgs/msg/detail
[1.988s] -- Up-to-date: /home/offroad/radar_ws/src/install/radar_conti_ars408_msgs/include/radar_conti_ars408_msgs/msg/detail/filter_cfg__type_support.c
[1.989s] -- Up-to-date: /home/offroad/radar_ws/src/install/radar_conti_ars408_msgs/include/radar_conti_ars408_msgs/msg/detail/radar_configuration__type_support.c
[1.989s] -- Up-to-date: /home/offroad/radar_ws/src/install/radar_conti_ars408_msgs/include/radar_conti_ars408_msgs/msg/detail/version_id__rosidl_typesupport_introspection_c.h
[1.989s] -- Up-to-date: /home/offroad/radar_ws/src/install/radar_conti_ars408_msgs/include/radar_conti_ars408_msgs/msg/detail/cluster_general__type_support.c
[1.989s] -- Up-to-date: /home/offroad/radar_ws/src/install/radar_conti_ars408_msgs/include/radar_conti_ars408_msgs/msg/detail/object_extended__rosidl_typesupport_introspection_c.h
[1.989s] -- Up-to-date: /home/offroad/radar_ws/src/install/radar_conti_ars408_msgs/include/radar_conti_ars408_msgs/msg/detail/filter_cfg__rosidl_typesupport_introspection_c.h
[1.989s] -- Up-to-date: /home/offroad/radar_ws/src/install/radar_conti_ars408_msgs/include/radar_conti_ars408_msgs/msg/detail/radar_state__rosidl_typesupport_introspection_c.h
[1.989s] -- Up-to-date: /home/offroad/radar_ws/src/install/radar_conti_ars408_msgs/include/radar_conti_ars408_msgs/msg/detail/object_list__rosidl_typesupport_introspection_c.h
[1.989s] -- Up-to-date: /home/offroad/radar_ws/src/install/radar_conti_ars408_msgs/include/radar_conti_ars408_msgs/msg/detail/filter_state_cfg__type_support.c
[1.989s] -- Up-to-date: /home/offroad/radar_ws/src/install/radar_conti_ars408_msgs/include/radar_conti_ars408_msgs/msg/detail/radar_state__type_support.c
[1.989s] -- Up-to-date: /home/offroad/radar_ws/src/install/radar_conti_ars408_msgs/include/radar_conti_ars408_msgs/msg/detail/num__rosidl_typesupport_introspection_c.h
[1.989s] -- Up-to-date: /home/offroad/radar_ws/src/install/radar_conti_ars408_msgs/include/radar_conti_ars408_msgs/msg/detail/object_quality__type_support.c
[1.990s] -- Up-to-date: /home/offroad/radar_ws/src/install/radar_conti_ars408_msgs/include/radar_conti_ars408_msgs/msg/detail/radar_configuration__rosidl_typesupport_introspection_c.h
[1.990s] -- Up-to-date: /home/offroad/radar_ws/src/install/radar_conti_ars408_msgs/include/radar_conti_ars408_msgs/msg/detail/num__type_support.c
[1.990s] -- Up-to-date: /home/offroad/radar_ws/src/install/radar_conti_ars408_msgs/include/radar_conti_ars408_msgs/msg/detail/cluster__type_support.c
[1.990s] -- Up-to-date: /home/offroad/radar_ws/src/install/radar_conti_ars408_msgs/include/radar_conti_ars408_msgs/msg/detail/object_general__rosidl_typesupport_introspection_c.h
[1.990s] -- Up-to-date: /home/offroad/radar_ws/src/install/radar_conti_ars408_msgs/include/radar_conti_ars408_msgs/msg/detail/filter_state_header__rosidl_typesupport_introspection_c.h
[1.990s] -- Up-to-date: /home/offroad/radar_ws/src/install/radar_conti_ars408_msgs/include/radar_conti_ars408_msgs/msg/detail/cluster_quality__type_support.c
[1.990s] -- Up-to-date: /home/offroad/radar_ws/src/install/radar_conti_ars408_msgs/include/radar_conti_ars408_msgs/msg/detail/version_id__type_support.c
[1.990s] -- Up-to-date: /home/offroad/radar_ws/src/install/radar_conti_ars408_msgs/include/radar_conti_ars408_msgs/msg/detail/object_list__type_support.c
[1.991s] -- Up-to-date: /home/offroad/radar_ws/src/install/radar_conti_ars408_msgs/include/radar_conti_ars408_msgs/msg/detail/filter_state_header__type_support.c
[1.991s] -- Up-to-date: /home/offroad/radar_ws/src/install/radar_conti_ars408_msgs/include/radar_conti_ars408_msgs/msg/detail/object_status__type_support.c
[1.991s] -- Up-to-date: /home/offroad/radar_ws/src/install/radar_conti_ars408_msgs/include/radar_conti_ars408_msgs/msg/detail/object__type_support.c
[1.991s] -- Up-to-date: /home/offroad/radar_ws/src/install/radar_conti_ars408_msgs/include/radar_conti_ars408_msgs/msg/detail/object_status__rosidl_typesupport_introspection_c.h
[1.992s] -- Up-to-date: /home/offroad/radar_ws/src/install/radar_conti_ars408_msgs/include/radar_conti_ars408_msgs/msg/detail/cluster_status__type_support.c
[1.992s] -- Up-to-date: /home/offroad/radar_ws/src/install/radar_conti_ars408_msgs/include/radar_conti_ars408_msgs/msg/detail/object_quality__rosidl_typesupport_introspection_c.h
[1.992s] -- Up-to-date: /home/offroad/radar_ws/src/install/radar_conti_ars408_msgs/include/radar_conti_ars408_msgs/msg/detail/object_extended__type_support.c
[1.992s] -- Up-to-date: /home/offroad/radar_ws/src/install/radar_conti_ars408_msgs/include/radar_conti_ars408_msgs/msg/detail/cluster__rosidl_typesupport_introspection_c.h
[1.992s] -- Up-to-date: /home/offroad/radar_ws/src/install/radar_conti_ars408_msgs/include/radar_conti_ars408_msgs/msg/detail/filter_state_cfg__rosidl_typesupport_introspection_c.h
[1.992s] -- Up-to-date: /home/offroad/radar_ws/src/install/radar_conti_ars408_msgs/include/radar_conti_ars408_msgs/msg/detail/cluster_quality__rosidl_typesupport_introspection_c.h
[1.993s] -- Up-to-date: /home/offroad/radar_ws/src/install/radar_conti_ars408_msgs/include/radar_conti_ars408_msgs/msg/detail/object__rosidl_typesupport_introspection_c.h
[1.993s] -- Up-to-date: /home/offroad/radar_ws/src/install/radar_conti_ars408_msgs/include/radar_conti_ars408_msgs/msg/detail/cluster_general__rosidl_typesupport_introspection_c.h
[1.993s] -- Up-to-date: /home/offroad/radar_ws/src/install/radar_conti_ars408_msgs/include/radar_conti_ars408_msgs/msg/detail/object_general__type_support.c
[1.993s] -- Up-to-date: /home/offroad/radar_ws/src/install/radar_conti_ars408_msgs/include/radar_conti_ars408_msgs/msg/detail/cluster_status__rosidl_typesupport_introspection_c.h
[1.993s] -- Up-to-date: /home/offroad/radar_ws/src/install/radar_conti_ars408_msgs/include/radar_conti_ars408_msgs/msg/detail/cluster_list__rosidl_typesupport_introspection_c.h
[1.993s] -- Up-to-date: /home/offroad/radar_ws/src/install/radar_conti_ars408_msgs/include/radar_conti_ars408_msgs/msg/detail/cluster_list__type_support.c
[1.993s] -- Up-to-date: /home/offroad/radar_ws/src/install/radar_conti_ars408_msgs/include/radar_conti_ars408_msgs/msg/rosidl_typesupport_introspection_c__visibility_control.h
[1.993s] -- Up-to-date: /home/offroad/radar_ws/src/install/radar_conti_ars408_msgs/lib/libradar_conti_ars408_msgs__rosidl_typesupport_introspection_c.so
[1.993s] -- Up-to-date: /home/offroad/radar_ws/src/install/radar_conti_ars408_msgs/lib/libradar_conti_ars408_msgs__rosidl_typesupport_c.so
[1.994s] -- Up-to-date: /home/offroad/radar_ws/src/install/radar_conti_ars408_msgs/include/radar_conti_ars408_msgs
[1.994s] -- Up-to-date: /home/offroad/radar_ws/src/install/radar_conti_ars408_msgs/include/radar_conti_ars408_msgs/srv
[1.994s] -- Up-to-date: /home/offroad/radar_ws/src/install/radar_conti_ars408_msgs/include/radar_conti_ars408_msgs/srv/detail
[1.994s] -- Up-to-date: /home/offroad/radar_ws/src/install/radar_conti_ars408_msgs/include/radar_conti_ars408_msgs/srv/detail/add_three_ints__traits.hpp
[1.995s] -- Up-to-date: /home/offroad/radar_ws/src/install/radar_conti_ars408_msgs/include/radar_conti_ars408_msgs/srv/detail/add_three_ints__struct.hpp
[1.995s] -- Up-to-date: /home/offroad/radar_ws/src/install/radar_conti_ars408_msgs/include/radar_conti_ars408_msgs/srv/detail/add_three_ints__builder.hpp
[1.995s] -- Up-to-date: /home/offroad/radar_ws/src/install/radar_conti_ars408_msgs/include/radar_conti_ars408_msgs/srv/add_three_ints.hpp
[1.995s] -- Up-to-date: /home/offroad/radar_ws/src/install/radar_conti_ars408_msgs/include/radar_conti_ars408_msgs/msg
[1.995s] -- Up-to-date: /home/offroad/radar_ws/src/install/radar_conti_ars408_msgs/include/radar_conti_ars408_msgs/msg/detail
[1.995s] -- Up-to-date: /home/offroad/radar_ws/src/install/radar_conti_ars408_msgs/include/radar_conti_ars408_msgs/msg/detail/radar_state__traits.hpp
[1.995s] -- Up-to-date: /home/offroad/radar_ws/src/install/radar_conti_ars408_msgs/include/radar_conti_ars408_msgs/msg/detail/object_status__builder.hpp
[1.995s] -- Up-to-date: /home/offroad/radar_ws/src/install/radar_conti_ars408_msgs/include/radar_conti_ars408_msgs/msg/detail/cluster_quality__struct.hpp
[1.996s] -- Up-to-date: /home/offroad/radar_ws/src/install/radar_conti_ars408_msgs/include/radar_conti_ars408_msgs/msg/detail/filter_state_header__traits.hpp
[1.996s] -- Up-to-date: /home/offroad/radar_ws/src/install/radar_conti_ars408_msgs/include/radar_conti_ars408_msgs/msg/detail/cluster_status__builder.hpp
[1.996s] -- Up-to-date: /home/offroad/radar_ws/src/install/radar_conti_ars408_msgs/include/radar_conti_ars408_msgs/msg/detail/object_extended__builder.hpp
[1.996s] -- Up-to-date: /home/offroad/radar_ws/src/install/radar_conti_ars408_msgs/include/radar_conti_ars408_msgs/msg/detail/num__traits.hpp
[1.996s] -- Up-to-date: /home/offroad/radar_ws/src/install/radar_conti_ars408_msgs/include/radar_conti_ars408_msgs/msg/detail/object_list__struct.hpp
[1.996s] -- Up-to-date: /home/offroad/radar_ws/src/install/radar_conti_ars408_msgs/include/radar_conti_ars408_msgs/msg/detail/cluster_list__traits.hpp
[1.996s] -- Up-to-date: /home/offroad/radar_ws/src/install/radar_conti_ars408_msgs/include/radar_conti_ars408_msgs/msg/detail/filter_state_header__struct.hpp
[1.996s] -- Up-to-date: /home/offroad/radar_ws/src/install/radar_conti_ars408_msgs/include/radar_conti_ars408_msgs/msg/detail/num__struct.hpp
[1.996s] -- Up-to-date: /home/offroad/radar_ws/src/install/radar_conti_ars408_msgs/include/radar_conti_ars408_msgs/msg/detail/cluster_general__traits.hpp
[1.996s] -- Up-to-date: /home/offroad/radar_ws/src/install/radar_conti_ars408_msgs/include/radar_conti_ars408_msgs/msg/detail/cluster_general__struct.hpp
[1.997s] -- Up-to-date: /home/offroad/radar_ws/src/install/radar_conti_ars408_msgs/include/radar_conti_ars408_msgs/msg/detail/object_list__traits.hpp
[1.997s] -- Up-to-date: /home/offroad/radar_ws/src/install/radar_conti_ars408_msgs/include/radar_conti_ars408_msgs/msg/detail/object_status__struct.hpp
[1.997s] -- Up-to-date: /home/offroad/radar_ws/src/install/radar_conti_ars408_msgs/include/radar_conti_ars408_msgs/msg/detail/filter_cfg__traits.hpp
[1.998s] -- Up-to-date: /home/offroad/radar_ws/src/install/radar_conti_ars408_msgs/include/radar_conti_ars408_msgs/msg/detail/filter_state_cfg__builder.hpp
[1.998s] -- Up-to-date: /home/offroad/radar_ws/src/install/radar_conti_ars408_msgs/include/radar_conti_ars408_msgs/msg/detail/version_id__traits.hpp
[1.999s] -- Up-to-date: /home/offroad/radar_ws/src/install/radar_conti_ars408_msgs/include/radar_conti_ars408_msgs/msg/detail/object_general__struct.hpp
[2.000s] -- Up-to-date: /home/offroad/radar_ws/src/install/radar_conti_ars408_msgs/include/radar_conti_ars408_msgs/msg/detail/cluster_list__builder.hpp
[2.001s] -- Up-to-date: /home/offroad/radar_ws/src/install/radar_conti_ars408_msgs/include/radar_conti_ars408_msgs/msg/detail/version_id__struct.hpp
[2.002s] -- Up-to-date: /home/offroad/radar_ws/src/install/radar_conti_ars408_msgs/include/radar_conti_ars408_msgs/msg/detail/radar_configuration__builder.hpp
[2.002s] -- Up-to-date: /home/offroad/radar_ws/src/install/radar_conti_ars408_msgs/include/radar_conti_ars408_msgs/msg/detail/radar_state__builder.hpp
[2.002s] -- Up-to-date: /home/offroad/radar_ws/src/install/radar_conti_ars408_msgs/include/radar_conti_ars408_msgs/msg/detail/object_quality__traits.hpp
[2.002s] -- Up-to-date: /home/offroad/radar_ws/src/install/radar_conti_ars408_msgs/include/radar_conti_ars408_msgs/msg/detail/filter_cfg__builder.hpp
[2.002s] -- Up-to-date: /home/offroad/radar_ws/src/install/radar_conti_ars408_msgs/include/radar_conti_ars408_msgs/msg/detail/filter_cfg__struct.hpp
[2.002s] -- Up-to-date: /home/offroad/radar_ws/src/install/radar_conti_ars408_msgs/include/radar_conti_ars408_msgs/msg/detail/object_extended__struct.hpp
[2.003s] -- Up-to-date: /home/offroad/radar_ws/src/install/radar_conti_ars408_msgs/include/radar_conti_ars408_msgs/msg/detail/object_status__traits.hpp
[2.003s] -- Up-to-date: /home/offroad/radar_ws/src/install/radar_conti_ars408_msgs/include/radar_conti_ars408_msgs/msg/detail/object_quality__builder.hpp
[2.003s] -- Up-to-date: /home/offroad/radar_ws/src/install/radar_conti_ars408_msgs/include/radar_conti_ars408_msgs/msg/detail/object_general__builder.hpp
[2.004s] -- Up-to-date: /home/offroad/radar_ws/src/install/radar_conti_ars408_msgs/include/radar_conti_ars408_msgs/msg/detail/cluster__struct.hpp
[2.004s] -- Up-to-date: /home/offroad/radar_ws/src/install/radar_conti_ars408_msgs/include/radar_conti_ars408_msgs/msg/detail/cluster_quality__builder.hpp
[2.004s] -- Up-to-date: /home/offroad/radar_ws/src/install/radar_conti_ars408_msgs/include/radar_conti_ars408_msgs/msg/detail/object_extended__traits.hpp
[2.004s] -- Up-to-date: /home/offroad/radar_ws/src/install/radar_conti_ars408_msgs/include/radar_conti_ars408_msgs/msg/detail/filter_state_header__builder.hpp
[2.005s] -- Up-to-date: /home/offroad/radar_ws/src/install/radar_conti_ars408_msgs/include/radar_conti_ars408_msgs/msg/detail/version_id__builder.hpp
[2.005s] -- Up-to-date: /home/offroad/radar_ws/src/install/radar_conti_ars408_msgs/include/radar_conti_ars408_msgs/msg/detail/object_general__traits.hpp
[2.005s] -- Up-to-date: /home/offroad/radar_ws/src/install/radar_conti_ars408_msgs/include/radar_conti_ars408_msgs/msg/detail/radar_configuration__traits.hpp
[2.005s] -- Up-to-date: /home/offroad/radar_ws/src/install/radar_conti_ars408_msgs/include/radar_conti_ars408_msgs/msg/detail/object__builder.hpp
[2.005s] -- Up-to-date: /home/offroad/radar_ws/src/install/radar_conti_ars408_msgs/include/radar_conti_ars408_msgs/msg/detail/filter_state_cfg__traits.hpp
[2.005s] -- Up-to-date: /home/offroad/radar_ws/src/install/radar_conti_ars408_msgs/include/radar_conti_ars408_msgs/msg/detail/object_list__builder.hpp
[2.005s] -- Up-to-date: /home/offroad/radar_ws/src/install/radar_conti_ars408_msgs/include/radar_conti_ars408_msgs/msg/detail/cluster__traits.hpp
[2.005s] -- Up-to-date: /home/offroad/radar_ws/src/install/radar_conti_ars408_msgs/include/radar_conti_ars408_msgs/msg/detail/object_quality__struct.hpp
[2.005s] -- Up-to-date: /home/offroad/radar_ws/src/install/radar_conti_ars408_msgs/include/radar_conti_ars408_msgs/msg/detail/radar_configuration__struct.hpp
[2.005s] -- Up-to-date: /home/offroad/radar_ws/src/install/radar_conti_ars408_msgs/include/radar_conti_ars408_msgs/msg/detail/object__traits.hpp
[2.005s] -- Up-to-date: /home/offroad/radar_ws/src/install/radar_conti_ars408_msgs/include/radar_conti_ars408_msgs/msg/detail/cluster__builder.hpp
[2.005s] -- Up-to-date: /home/offroad/radar_ws/src/install/radar_conti_ars408_msgs/include/radar_conti_ars408_msgs/msg/detail/cluster_quality__traits.hpp
[2.005s] -- Up-to-date: /home/offroad/radar_ws/src/install/radar_conti_ars408_msgs/include/radar_conti_ars408_msgs/msg/detail/cluster_status__struct.hpp
[2.006s] -- Up-to-date: /home/offroad/radar_ws/src/install/radar_conti_ars408_msgs/include/radar_conti_ars408_msgs/msg/detail/radar_state__struct.hpp
[2.006s] -- Up-to-date: /home/offroad/radar_ws/src/install/radar_conti_ars408_msgs/include/radar_conti_ars408_msgs/msg/detail/object__struct.hpp
[2.006s] -- Up-to-date: /home/offroad/radar_ws/src/install/radar_conti_ars408_msgs/include/radar_conti_ars408_msgs/msg/detail/cluster_list__struct.hpp
[2.006s] -- Up-to-date: /home/offroad/radar_ws/src/install/radar_conti_ars408_msgs/include/radar_conti_ars408_msgs/msg/detail/cluster_general__builder.hpp
[2.006s] -- Up-to-date: /home/offroad/radar_ws/src/install/radar_conti_ars408_msgs/include/radar_conti_ars408_msgs/msg/detail/num__builder.hpp
[2.006s] -- Up-to-date: /home/offroad/radar_ws/src/install/radar_conti_ars408_msgs/include/radar_conti_ars408_msgs/msg/detail/cluster_status__traits.hpp
[2.006s] -- Up-to-date: /home/offroad/radar_ws/src/install/radar_conti_ars408_msgs/include/radar_conti_ars408_msgs/msg/detail/filter_state_cfg__struct.hpp
[2.006s] -- Up-to-date: /home/offroad/radar_ws/src/install/radar_conti_ars408_msgs/include/radar_conti_ars408_msgs/msg/object_quality.hpp
[2.007s] -- Up-to-date: /home/offroad/radar_ws/src/install/radar_conti_ars408_msgs/include/radar_conti_ars408_msgs/msg/cluster_status.hpp
[2.007s] -- Up-to-date: /home/offroad/radar_ws/src/install/radar_conti_ars408_msgs/include/radar_conti_ars408_msgs/msg/radar_state.hpp
[2.007s] -- Up-to-date: /home/offroad/radar_ws/src/install/radar_conti_ars408_msgs/include/radar_conti_ars408_msgs/msg/object_general.hpp
[2.007s] -- Up-to-date: /home/offroad/radar_ws/src/install/radar_conti_ars408_msgs/include/radar_conti_ars408_msgs/msg/version_id.hpp
[2.007s] -- Up-to-date: /home/offroad/radar_ws/src/install/radar_conti_ars408_msgs/include/radar_conti_ars408_msgs/msg/filter_state_header.hpp
[2.007s] -- Up-to-date: /home/offroad/radar_ws/src/install/radar_conti_ars408_msgs/include/radar_conti_ars408_msgs/msg/cluster.hpp
[2.008s] -- Up-to-date: /home/offroad/radar_ws/src/install/radar_conti_ars408_msgs/include/radar_conti_ars408_msgs/msg/object_status.hpp
[2.008s] -- Up-to-date: /home/offroad/radar_ws/src/install/radar_conti_ars408_msgs/include/radar_conti_ars408_msgs/msg/filter_cfg.hpp
[2.008s] -- Up-to-date: /home/offroad/radar_ws/src/install/radar_conti_ars408_msgs/include/radar_conti_ars408_msgs/msg/object_list.hpp
[2.008s] -- Up-to-date: /home/offroad/radar_ws/src/install/radar_conti_ars408_msgs/include/radar_conti_ars408_msgs/msg/radar_configuration.hpp
[2.008s] -- Up-to-date: /home/offroad/radar_ws/src/install/radar_conti_ars408_msgs/include/radar_conti_ars408_msgs/msg/object.hpp
[2.008s] -- Up-to-date: /home/offroad/radar_ws/src/install/radar_conti_ars408_msgs/include/radar_conti_ars408_msgs/msg/num.hpp
[2.008s] -- Up-to-date: /home/offroad/radar_ws/src/install/radar_conti_ars408_msgs/include/radar_conti_ars408_msgs/msg/object_extended.hpp
[2.008s] -- Up-to-date: /home/offroad/radar_ws/src/install/radar_conti_ars408_msgs/include/radar_conti_ars408_msgs/msg/filter_state_cfg.hpp
[2.008s] -- Up-to-date: /home/offroad/radar_ws/src/install/radar_conti_ars408_msgs/include/radar_conti_ars408_msgs/msg/cluster_list.hpp
[2.008s] -- Up-to-date: /home/offroad/radar_ws/src/install/radar_conti_ars408_msgs/include/radar_conti_ars408_msgs/msg/cluster_general.hpp
[2.009s] -- Up-to-date: /home/offroad/radar_ws/src/install/radar_conti_ars408_msgs/include/radar_conti_ars408_msgs/msg/cluster_quality.hpp
[2.009s] -- Up-to-date: /home/offroad/radar_ws/src/install/radar_conti_ars408_msgs/include/radar_conti_ars408_msgs
[2.009s] -- Up-to-date: /home/offroad/radar_ws/src/install/radar_conti_ars408_msgs/include/radar_conti_ars408_msgs/srv
[2.009s] -- Up-to-date: /home/offroad/radar_ws/src/install/radar_conti_ars408_msgs/include/radar_conti_ars408_msgs/srv/detail
[2.009s] -- Up-to-date: /home/offroad/radar_ws/src/install/radar_conti_ars408_msgs/include/radar_conti_ars408_msgs/srv/detail/add_three_ints__type_support.cpp
[2.009s] -- Up-to-date: /home/offroad/radar_ws/src/install/radar_conti_ars408_msgs/include/radar_conti_ars408_msgs/srv/detail/add_three_ints__rosidl_typesupport_introspection_cpp.hpp
[2.009s] -- Up-to-date: /home/offroad/radar_ws/src/install/radar_conti_ars408_msgs/include/radar_conti_ars408_msgs/msg
[2.009s] -- Up-to-date: /home/offroad/radar_ws/src/install/radar_conti_ars408_msgs/include/radar_conti_ars408_msgs/msg/detail
[2.009s] -- Up-to-date: /home/offroad/radar_ws/src/install/radar_conti_ars408_msgs/include/radar_conti_ars408_msgs/msg/detail/object_quality__rosidl_typesupport_introspection_cpp.hpp
[2.009s] -- Up-to-date: /home/offroad/radar_ws/src/install/radar_conti_ars408_msgs/include/radar_conti_ars408_msgs/msg/detail/version_id__rosidl_typesupport_introspection_cpp.hpp
[2.009s] -- Up-to-date: /home/offroad/radar_ws/src/install/radar_conti_ars408_msgs/include/radar_conti_ars408_msgs/msg/detail/num__type_support.cpp
[2.009s] -- Up-to-date: /home/offroad/radar_ws/src/install/radar_conti_ars408_msgs/include/radar_conti_ars408_msgs/msg/detail/object_status__type_support.cpp
[2.009s] -- Up-to-date: /home/offroad/radar_ws/src/install/radar_conti_ars408_msgs/include/radar_conti_ars408_msgs/msg/detail/object_extended__type_support.cpp
[2.009s] -- Up-to-date: /home/offroad/radar_ws/src/install/radar_conti_ars408_msgs/include/radar_conti_ars408_msgs/msg/detail/cluster_status__rosidl_typesupport_introspection_cpp.hpp
[2.010s] -- Up-to-date: /home/offroad/radar_ws/src/install/radar_conti_ars408_msgs/include/radar_conti_ars408_msgs/msg/detail/filter_cfg__type_support.cpp
[2.010s] -- Up-to-date: /home/offroad/radar_ws/src/install/radar_conti_ars408_msgs/include/radar_conti_ars408_msgs/msg/detail/object_general__rosidl_typesupport_introspection_cpp.hpp
[2.010s] -- Up-to-date: /home/offroad/radar_ws/src/install/radar_conti_ars408_msgs/include/radar_conti_ars408_msgs/msg/detail/cluster_general__type_support.cpp
[2.010s] -- Up-to-date: /home/offroad/radar_ws/src/install/radar_conti_ars408_msgs/include/radar_conti_ars408_msgs/msg/detail/cluster__type_support.cpp
[2.010s] -- Up-to-date: /home/offroad/radar_ws/src/install/radar_conti_ars408_msgs/include/radar_conti_ars408_msgs/msg/detail/cluster_list__type_support.cpp
[2.010s] -- Up-to-date: /home/offroad/radar_ws/src/install/radar_conti_ars408_msgs/include/radar_conti_ars408_msgs/msg/detail/cluster_status__type_support.cpp
[2.010s] -- Up-to-date: /home/offroad/radar_ws/src/install/radar_conti_ars408_msgs/include/radar_conti_ars408_msgs/msg/detail/object_list__type_support.cpp
[2.010s] -- Up-to-date: /home/offroad/radar_ws/src/install/radar_conti_ars408_msgs/include/radar_conti_ars408_msgs/msg/detail/filter_state_cfg__type_support.cpp
[2.010s] -- Up-to-date: /home/offroad/radar_ws/src/install/radar_conti_ars408_msgs/include/radar_conti_ars408_msgs/msg/detail/filter_state_cfg__rosidl_typesupport_introspection_cpp.hpp
[2.010s] -- Up-to-date: /home/offroad/radar_ws/src/install/radar_conti_ars408_msgs/include/radar_conti_ars408_msgs/msg/detail/object_list__rosidl_typesupport_introspection_cpp.hpp
[2.010s] -- Up-to-date: /home/offroad/radar_ws/src/install/radar_conti_ars408_msgs/include/radar_conti_ars408_msgs/msg/detail/cluster_list__rosidl_typesupport_introspection_cpp.hpp
[2.010s] -- Up-to-date: /home/offroad/radar_ws/src/install/radar_conti_ars408_msgs/include/radar_conti_ars408_msgs/msg/detail/filter_state_header__rosidl_typesupport_introspection_cpp.hpp
[2.010s] -- Up-to-date: /home/offroad/radar_ws/src/install/radar_conti_ars408_msgs/include/radar_conti_ars408_msgs/msg/detail/filter_state_header__type_support.cpp
[2.010s] -- Up-to-date: /home/offroad/radar_ws/src/install/radar_conti_ars408_msgs/include/radar_conti_ars408_msgs/msg/detail/version_id__type_support.cpp
[2.010s] -- Up-to-date: /home/offroad/radar_ws/src/install/radar_conti_ars408_msgs/include/radar_conti_ars408_msgs/msg/detail/radar_state__type_support.cpp
[2.011s] -- Up-to-date: /home/offroad/radar_ws/src/install/radar_conti_ars408_msgs/include/radar_conti_ars408_msgs/msg/detail/num__rosidl_typesupport_introspection_cpp.hpp
[2.011s] -- Up-to-date: /home/offroad/radar_ws/src/install/radar_conti_ars408_msgs/include/radar_conti_ars408_msgs/msg/detail/object_extended__rosidl_typesupport_introspection_cpp.hpp
[2.011s] -- Up-to-date: /home/offroad/radar_ws/src/install/radar_conti_ars408_msgs/include/radar_conti_ars408_msgs/msg/detail/cluster__rosidl_typesupport_introspection_cpp.hpp
[2.011s] -- Up-to-date: /home/offroad/radar_ws/src/install/radar_conti_ars408_msgs/include/radar_conti_ars408_msgs/msg/detail/cluster_general__rosidl_typesupport_introspection_cpp.hpp
[2.011s] -- Up-to-date: /home/offroad/radar_ws/src/install/radar_conti_ars408_msgs/include/radar_conti_ars408_msgs/msg/detail/object_general__type_support.cpp
[2.011s] -- Up-to-date: /home/offroad/radar_ws/src/install/radar_conti_ars408_msgs/include/radar_conti_ars408_msgs/msg/detail/radar_state__rosidl_typesupport_introspection_cpp.hpp
[2.011s] -- Up-to-date: /home/offroad/radar_ws/src/install/radar_conti_ars408_msgs/include/radar_conti_ars408_msgs/msg/detail/cluster_quality__type_support.cpp
[2.011s] -- Up-to-date: /home/offroad/radar_ws/src/install/radar_conti_ars408_msgs/include/radar_conti_ars408_msgs/msg/detail/object_quality__type_support.cpp
[2.011s] -- Up-to-date: /home/offroad/radar_ws/src/install/radar_conti_ars408_msgs/include/radar_conti_ars408_msgs/msg/detail/object__type_support.cpp
[2.012s] -- Up-to-date: /home/offroad/radar_ws/src/install/radar_conti_ars408_msgs/include/radar_conti_ars408_msgs/msg/detail/radar_configuration__rosidl_typesupport_introspection_cpp.hpp
[2.012s] -- Up-to-date: /home/offroad/radar_ws/src/install/radar_conti_ars408_msgs/include/radar_conti_ars408_msgs/msg/detail/filter_cfg__rosidl_typesupport_introspection_cpp.hpp
[2.012s] -- Up-to-date: /home/offroad/radar_ws/src/install/radar_conti_ars408_msgs/include/radar_conti_ars408_msgs/msg/detail/object__rosidl_typesupport_introspection_cpp.hpp
[2.012s] -- Up-to-date: /home/offroad/radar_ws/src/install/radar_conti_ars408_msgs/include/radar_conti_ars408_msgs/msg/detail/cluster_quality__rosidl_typesupport_introspection_cpp.hpp
[2.013s] -- Up-to-date: /home/offroad/radar_ws/src/install/radar_conti_ars408_msgs/include/radar_conti_ars408_msgs/msg/detail/radar_configuration__type_support.cpp
[2.013s] -- Up-to-date: /home/offroad/radar_ws/src/install/radar_conti_ars408_msgs/include/radar_conti_ars408_msgs/msg/detail/object_status__rosidl_typesupport_introspection_cpp.hpp
[2.013s] -- Up-to-date: /home/offroad/radar_ws/src/install/radar_conti_ars408_msgs/lib/libradar_conti_ars408_msgs__rosidl_typesupport_introspection_cpp.so
[2.013s] -- Up-to-date: /home/offroad/radar_ws/src/install/radar_conti_ars408_msgs/lib/libradar_conti_ars408_msgs__rosidl_typesupport_cpp.so
[2.014s] -- Up-to-date: /home/offroad/radar_ws/src/install/radar_conti_ars408_msgs/share/radar_conti_ars408_msgs/environment/pythonpath.sh
[2.016s] -- Up-to-date: /home/offroad/radar_ws/src/install/radar_conti_ars408_msgs/share/radar_conti_ars408_msgs/environment/pythonpath.dsv
[2.018s] -- Up-to-date: /home/offroad/radar_ws/src/install/radar_conti_ars408_msgs/lib/python3.8/site-packages/radar_conti_ars408_msgs/__init__.py
[2.107s] -- Up-to-date: /home/offroad/radar_ws/src/install/radar_conti_ars408_msgs/lib/python3.8/site-packages/radar_conti_ars408_msgs/msg
[2.107s] -- Up-to-date: /home/offroad/radar_ws/src/install/radar_conti_ars408_msgs/lib/python3.8/site-packages/radar_conti_ars408_msgs/msg/__init__.py
[2.107s] -- Up-to-date: /home/offroad/radar_ws/src/install/radar_conti_ars408_msgs/lib/python3.8/site-packages/radar_conti_ars408_msgs/msg/_version_id_s.c
[2.107s] -- Up-to-date: /home/offroad/radar_ws/src/install/radar_conti_ars408_msgs/lib/python3.8/site-packages/radar_conti_ars408_msgs/msg/_cluster_general_s.c
[2.108s] -- Up-to-date: /home/offroad/radar_ws/src/install/radar_conti_ars408_msgs/lib/python3.8/site-packages/radar_conti_ars408_msgs/msg/_cluster_list.py
[2.108s] -- Up-to-date: /home/offroad/radar_ws/src/install/radar_conti_ars408_msgs/lib/python3.8/site-packages/radar_conti_ars408_msgs/msg/_object_general_s.c
[2.108s] -- Up-to-date: /home/offroad/radar_ws/src/install/radar_conti_ars408_msgs/lib/python3.8/site-packages/radar_conti_ars408_msgs/msg/_cluster_status.py
[2.108s] -- Up-to-date: /home/offroad/radar_ws/src/install/radar_conti_ars408_msgs/lib/python3.8/site-packages/radar_conti_ars408_msgs/msg/_object_general.py
[2.109s] -- Up-to-date: /home/offroad/radar_ws/src/install/radar_conti_ars408_msgs/lib/python3.8/site-packages/radar_conti_ars408_msgs/msg/_cluster_status_s.c
[2.111s] -- Up-to-date: /home/offroad/radar_ws/src/install/radar_conti_ars408_msgs/lib/python3.8/site-packages/radar_conti_ars408_msgs/msg/_object_s.c
[2.112s] -- Up-to-date: /home/offroad/radar_ws/src/install/radar_conti_ars408_msgs/lib/python3.8/site-packages/radar_conti_ars408_msgs/msg/_filter_state_header_s.c
[2.113s] -- Up-to-date: /home/offroad/radar_ws/src/install/radar_conti_ars408_msgs/lib/python3.8/site-packages/radar_conti_ars408_msgs/msg/_cluster_quality_s.c
[2.113s] -- Up-to-date: /home/offroad/radar_ws/src/install/radar_conti_ars408_msgs/lib/python3.8/site-packages/radar_conti_ars408_msgs/msg/_object_quality_s.c
[2.113s] -- Up-to-date: /home/offroad/radar_ws/src/install/radar_conti_ars408_msgs/lib/python3.8/site-packages/radar_conti_ars408_msgs/msg/_filter_cfg.py
[2.114s] -- Up-to-date: /home/offroad/radar_ws/src/install/radar_conti_ars408_msgs/lib/python3.8/site-packages/radar_conti_ars408_msgs/msg/_radar_state_s.c
[2.114s] -- Up-to-date: /home/offroad/radar_ws/src/install/radar_conti_ars408_msgs/lib/python3.8/site-packages/radar_conti_ars408_msgs/msg/_filter_state_cfg_s.c
[2.114s] -- Up-to-date: /home/offroad/radar_ws/src/install/radar_conti_ars408_msgs/lib/python3.8/site-packages/radar_conti_ars408_msgs/msg/_cluster_quality.py
[2.114s] -- Up-to-date: /home/offroad/radar_ws/src/install/radar_conti_ars408_msgs/lib/python3.8/site-packages/radar_conti_ars408_msgs/msg/_filter_cfg_s.c
[2.114s] -- Up-to-date: /home/offroad/radar_ws/src/install/radar_conti_ars408_msgs/lib/python3.8/site-packages/radar_conti_ars408_msgs/msg/_cluster_list_s.c
[2.114s] -- Up-to-date: /home/offroad/radar_ws/src/install/radar_conti_ars408_msgs/lib/python3.8/site-packages/radar_conti_ars408_msgs/msg/_object_extended_s.c
[2.114s] -- Up-to-date: /home/offroad/radar_ws/src/install/radar_conti_ars408_msgs/lib/python3.8/site-packages/radar_conti_ars408_msgs/msg/_object_status.py
[2.114s] -- Up-to-date: /home/offroad/radar_ws/src/install/radar_conti_ars408_msgs/lib/python3.8/site-packages/radar_conti_ars408_msgs/msg/_filter_state_cfg.py
[2.114s] -- Up-to-date: /home/offroad/radar_ws/src/install/radar_conti_ars408_msgs/lib/python3.8/site-packages/radar_conti_ars408_msgs/msg/_radar_configuration_s.c
[2.114s] -- Up-to-date: /home/offroad/radar_ws/src/install/radar_conti_ars408_msgs/lib/python3.8/site-packages/radar_conti_ars408_msgs/msg/_cluster_general.py
[2.115s] -- Up-to-date: /home/offroad/radar_ws/src/install/radar_conti_ars408_msgs/lib/python3.8/site-packages/radar_conti_ars408_msgs/msg/_object_extended.py
[2.115s] -- Up-to-date: /home/offroad/radar_ws/src/install/radar_conti_ars408_msgs/lib/python3.8/site-packages/radar_conti_ars408_msgs/msg/_radar_state.py
[2.115s] -- Up-to-date: /home/offroad/radar_ws/src/install/radar_conti_ars408_msgs/lib/python3.8/site-packages/radar_conti_ars408_msgs/msg/_object_status_s.c
[2.115s] -- Up-to-date: /home/offroad/radar_ws/src/install/radar_conti_ars408_msgs/lib/python3.8/site-packages/radar_conti_ars408_msgs/msg/_object.py
[2.115s] -- Up-to-date: /home/offroad/radar_ws/src/install/radar_conti_ars408_msgs/lib/python3.8/site-packages/radar_conti_ars408_msgs/msg/_filter_state_header.py
[2.115s] -- Up-to-date: /home/offroad/radar_ws/src/install/radar_conti_ars408_msgs/lib/python3.8/site-packages/radar_conti_ars408_msgs/msg/_object_list.py
[2.115s] -- Up-to-date: /home/offroad/radar_ws/src/install/radar_conti_ars408_msgs/lib/python3.8/site-packages/radar_conti_ars408_msgs/msg/_version_id.py
[2.115s] -- Up-to-date: /home/offroad/radar_ws/src/install/radar_conti_ars408_msgs/lib/python3.8/site-packages/radar_conti_ars408_msgs/msg/_radar_configuration.py
[2.115s] -- Up-to-date: /home/offroad/radar_ws/src/install/radar_conti_ars408_msgs/lib/python3.8/site-packages/radar_conti_ars408_msgs/msg/_cluster_s.c
[2.116s] -- Up-to-date: /home/offroad/radar_ws/src/install/radar_conti_ars408_msgs/lib/python3.8/site-packages/radar_conti_ars408_msgs/msg/_num.py
[2.116s] -- Up-to-date: /home/offroad/radar_ws/src/install/radar_conti_ars408_msgs/lib/python3.8/site-packages/radar_conti_ars408_msgs/msg/_num_s.c
[2.116s] -- Up-to-date: /home/offroad/radar_ws/src/install/radar_conti_ars408_msgs/lib/python3.8/site-packages/radar_conti_ars408_msgs/msg/_object_quality.py
[2.116s] -- Up-to-date: /home/offroad/radar_ws/src/install/radar_conti_ars408_msgs/lib/python3.8/site-packages/radar_conti_ars408_msgs/msg/_object_list_s.c
[2.116s] -- Up-to-date: /home/offroad/radar_ws/src/install/radar_conti_ars408_msgs/lib/python3.8/site-packages/radar_conti_ars408_msgs/msg/_cluster.py
[2.116s] -- Up-to-date: /home/offroad/radar_ws/src/install/radar_conti_ars408_msgs/lib/python3.8/site-packages/radar_conti_ars408_msgs/srv
[2.116s] -- Up-to-date: /home/offroad/radar_ws/src/install/radar_conti_ars408_msgs/lib/python3.8/site-packages/radar_conti_ars408_msgs/srv/__init__.py
[2.116s] -- Up-to-date: /home/offroad/radar_ws/src/install/radar_conti_ars408_msgs/lib/python3.8/site-packages/radar_conti_ars408_msgs/srv/_add_three_ints_s.c
[2.116s] -- Up-to-date: /home/offroad/radar_ws/src/install/radar_conti_ars408_msgs/lib/python3.8/site-packages/radar_conti_ars408_msgs/srv/_add_three_ints.py
[2.116s] -- Up-to-date: /home/offroad/radar_ws/src/install/radar_conti_ars408_msgs/lib/python3.8/site-packages/radar_conti_ars408_msgs/radar_conti_ars408_msgs_s__rosidl_typesupport_fastrtps_c.cpython-38-x86_64-linux-gnu.so
[2.116s] -- Up-to-date: /home/offroad/radar_ws/src/install/radar_conti_ars408_msgs/lib/python3.8/site-packages/radar_conti_ars408_msgs/radar_conti_ars408_msgs_s__rosidl_typesupport_introspection_c.cpython-38-x86_64-linux-gnu.so
[2.117s] -- Up-to-date: /home/offroad/radar_ws/src/install/radar_conti_ars408_msgs/lib/python3.8/site-packages/radar_conti_ars408_msgs/radar_conti_ars408_msgs_s__rosidl_typesupport_c.cpython-38-x86_64-linux-gnu.so
[2.117s] -- Up-to-date: /home/offroad/radar_ws/src/install/radar_conti_ars408_msgs/lib/libradar_conti_ars408_msgs__python.so
[2.117s] -- Up-to-date: /home/offroad/radar_ws/src/install/radar_conti_ars408_msgs/share/radar_conti_ars408_msgs/msg/ClusterGeneral.idl
[2.117s] -- Up-to-date: /home/offroad/radar_ws/src/install/radar_conti_ars408_msgs/share/radar_conti_ars408_msgs/msg/ClusterQuality.idl
[2.117s] -- Up-to-date: /home/offroad/radar_ws/src/install/radar_conti_ars408_msgs/share/radar_conti_ars408_msgs/msg/ClusterStatus.idl
[2.117s] -- Up-to-date: /home/offroad/radar_ws/src/install/radar_conti_ars408_msgs/share/radar_conti_ars408_msgs/msg/ObjectGeneral.idl
[2.118s] -- Up-to-date: /home/offroad/radar_ws/src/install/radar_conti_ars408_msgs/share/radar_conti_ars408_msgs/msg/ObjectExtended.idl
[2.118s] -- Up-to-date: /home/offroad/radar_ws/src/install/radar_conti_ars408_msgs/share/radar_conti_ars408_msgs/msg/ObjectQuality.idl
[2.118s] -- Up-to-date: /home/offroad/radar_ws/src/install/radar_conti_ars408_msgs/share/radar_conti_ars408_msgs/msg/ObjectStatus.idl
[2.119s] -- Up-to-date: /home/offroad/radar_ws/src/install/radar_conti_ars408_msgs/share/radar_conti_ars408_msgs/msg/RadarConfiguration.idl
[2.120s] -- Up-to-date: /home/offroad/radar_ws/src/install/radar_conti_ars408_msgs/share/radar_conti_ars408_msgs/msg/RadarState.idl
[2.120s] -- Up-to-date: /home/offroad/radar_ws/src/install/radar_conti_ars408_msgs/share/radar_conti_ars408_msgs/msg/VersionID.idl
[2.120s] -- Up-to-date: /home/offroad/radar_ws/src/install/radar_conti_ars408_msgs/share/radar_conti_ars408_msgs/msg/Cluster.idl
[2.120s] -- Up-to-date: /home/offroad/radar_ws/src/install/radar_conti_ars408_msgs/share/radar_conti_ars408_msgs/msg/Object.idl
[2.121s] -- Up-to-date: /home/offroad/radar_ws/src/install/radar_conti_ars408_msgs/share/radar_conti_ars408_msgs/msg/ClusterList.idl
[2.121s] -- Up-to-date: /home/offroad/radar_ws/src/install/radar_conti_ars408_msgs/share/radar_conti_ars408_msgs/msg/ObjectList.idl
[2.121s] -- Up-to-date: /home/offroad/radar_ws/src/install/radar_conti_ars408_msgs/share/radar_conti_ars408_msgs/msg/FilterStateCfg.idl
[2.121s] -- Up-to-date: /home/offroad/radar_ws/src/install/radar_conti_ars408_msgs/share/radar_conti_ars408_msgs/msg/FilterCfg.idl
[2.121s] -- Up-to-date: /home/offroad/radar_ws/src/install/radar_conti_ars408_msgs/share/radar_conti_ars408_msgs/msg/FilterStateHeader.idl
[2.121s] -- Up-to-date: /home/offroad/radar_ws/src/install/radar_conti_ars408_msgs/share/radar_conti_ars408_msgs/msg/Num.idl
[2.122s] -- Up-to-date: /home/offroad/radar_ws/src/install/radar_conti_ars408_msgs/share/radar_conti_ars408_msgs/srv/AddThreeInts.idl
[2.122s] -- Up-to-date: /home/offroad/radar_ws/src/install/radar_conti_ars408_msgs/share/radar_conti_ars408_msgs/msg/ClusterGeneral.msg
[2.122s] -- Up-to-date: /home/offroad/radar_ws/src/install/radar_conti_ars408_msgs/share/radar_conti_ars408_msgs/msg/ClusterQuality.msg
[2.122s] -- Up-to-date: /home/offroad/radar_ws/src/install/radar_conti_ars408_msgs/share/radar_conti_ars408_msgs/msg/ClusterStatus.msg
[2.123s] -- Up-to-date: /home/offroad/radar_ws/src/install/radar_conti_ars408_msgs/share/radar_conti_ars408_msgs/msg/ObjectGeneral.msg
[2.126s] -- Up-to-date: /home/offroad/radar_ws/src/install/radar_conti_ars408_msgs/share/radar_conti_ars408_msgs/msg/ObjectExtended.msg
[2.127s] -- Up-to-date: /home/offroad/radar_ws/src/install/radar_conti_ars408_msgs/share/radar_conti_ars408_msgs/msg/ObjectQuality.msg
[2.128s] -- Up-to-date: /home/offroad/radar_ws/src/install/radar_conti_ars408_msgs/share/radar_conti_ars408_msgs/msg/ObjectStatus.msg
[2.128s] -- Up-to-date: /home/offroad/radar_ws/src/install/radar_conti_ars408_msgs/share/radar_conti_ars408_msgs/msg/RadarConfiguration.msg
[2.128s] -- Up-to-date: /home/offroad/radar_ws/src/install/radar_conti_ars408_msgs/share/radar_conti_ars408_msgs/msg/RadarState.msg
[2.128s] -- Up-to-date: /home/offroad/radar_ws/src/install/radar_conti_ars408_msgs/share/radar_conti_ars408_msgs/msg/VersionID.msg
[2.129s] -- Up-to-date: /home/offroad/radar_ws/src/install/radar_conti_ars408_msgs/share/radar_conti_ars408_msgs/msg/Cluster.msg
[2.130s] -- Up-to-date: /home/offroad/radar_ws/src/install/radar_conti_ars408_msgs/share/radar_conti_ars408_msgs/msg/Object.msg
[2.130s] -- Up-to-date: /home/offroad/radar_ws/src/install/radar_conti_ars408_msgs/share/radar_conti_ars408_msgs/msg/ClusterList.msg
[2.131s] -- Up-to-date: /home/offroad/radar_ws/src/install/radar_conti_ars408_msgs/share/radar_conti_ars408_msgs/msg/ObjectList.msg
[2.131s] -- Up-to-date: /home/offroad/radar_ws/src/install/radar_conti_ars408_msgs/share/radar_conti_ars408_msgs/msg/FilterStateCfg.msg
[2.131s] -- Up-to-date: /home/offroad/radar_ws/src/install/radar_conti_ars408_msgs/share/radar_conti_ars408_msgs/msg/FilterCfg.msg
[2.131s] -- Up-to-date: /home/offroad/radar_ws/src/install/radar_conti_ars408_msgs/share/radar_conti_ars408_msgs/msg/FilterStateHeader.msg
[2.131s] -- Up-to-date: /home/offroad/radar_ws/src/install/radar_conti_ars408_msgs/share/radar_conti_ars408_msgs/msg/Num.msg
[2.131s] -- Up-to-date: /home/offroad/radar_ws/src/install/radar_conti_ars408_msgs/share/radar_conti_ars408_msgs/srv/AddThreeInts.srv
[2.131s] -- Up-to-date: /home/offroad/radar_ws/src/install/radar_conti_ars408_msgs/share/radar_conti_ars408_msgs/srv/AddThreeInts_Request.msg
[2.131s] -- Up-to-date: /home/offroad/radar_ws/src/install/radar_conti_ars408_msgs/share/radar_conti_ars408_msgs/srv/AddThreeInts_Response.msg
[2.131s] -- Up-to-date: /home/offroad/radar_ws/src/install/radar_conti_ars408_msgs/share/ament_index/resource_index/package_run_dependencies/radar_conti_ars408_msgs
[2.132s] -- Up-to-date: /home/offroad/radar_ws/src/install/radar_conti_ars408_msgs/share/ament_index/resource_index/parent_prefix_path/radar_conti_ars408_msgs
[2.132s] -- Up-to-date: /home/offroad/radar_ws/src/install/radar_conti_ars408_msgs/share/radar_conti_ars408_msgs/environment/ament_prefix_path.sh
[2.132s] -- Up-to-date: /home/offroad/radar_ws/src/install/radar_conti_ars408_msgs/share/radar_conti_ars408_msgs/environment/ament_prefix_path.dsv
[2.132s] -- Up-to-date: /home/offroad/radar_ws/src/install/radar_conti_ars408_msgs/share/radar_conti_ars408_msgs/environment/path.sh
[2.132s] -- Up-to-date: /home/offroad/radar_ws/src/install/radar_conti_ars408_msgs/share/radar_conti_ars408_msgs/environment/path.dsv
[2.132s] -- Up-to-date: /home/offroad/radar_ws/src/install/radar_conti_ars408_msgs/share/radar_conti_ars408_msgs/local_setup.bash
[2.132s] -- Up-to-date: /home/offroad/radar_ws/src/install/radar_conti_ars408_msgs/share/radar_conti_ars408_msgs/local_setup.sh
[2.132s] -- Up-to-date: /home/offroad/radar_ws/src/install/radar_conti_ars408_msgs/share/radar_conti_ars408_msgs/local_setup.zsh
[2.133s] -- Up-to-date: /home/offroad/radar_ws/src/install/radar_conti_ars408_msgs/share/radar_conti_ars408_msgs/local_setup.dsv
[2.133s] -- Installing: /home/offroad/radar_ws/src/install/radar_conti_ars408_msgs/share/radar_conti_ars408_msgs/package.dsv
[2.134s] -- Up-to-date: /home/offroad/radar_ws/src/install/radar_conti_ars408_msgs/share/ament_index/resource_index/packages/radar_conti_ars408_msgs
[2.135s] -- Up-to-date: /home/offroad/radar_ws/src/install/radar_conti_ars408_msgs/share/radar_conti_ars408_msgs/cmake/radar_conti_ars408_msgs__rosidl_generator_cExport.cmake
[2.135s] -- Up-to-date: /home/offroad/radar_ws/src/install/radar_conti_ars408_msgs/share/radar_conti_ars408_msgs/cmake/radar_conti_ars408_msgs__rosidl_generator_cExport-noconfig.cmake
[2.135s] -- Up-to-date: /home/offroad/radar_ws/src/install/radar_conti_ars408_msgs/share/radar_conti_ars408_msgs/cmake/radar_conti_ars408_msgs__rosidl_typesupport_introspection_cExport.cmake
[2.136s] -- Up-to-date: /home/offroad/radar_ws/src/install/radar_conti_ars408_msgs/share/radar_conti_ars408_msgs/cmake/radar_conti_ars408_msgs__rosidl_typesupport_introspection_cExport-noconfig.cmake
[2.136s] -- Up-to-date: /home/offroad/radar_ws/src/install/radar_conti_ars408_msgs/share/radar_conti_ars408_msgs/cmake/radar_conti_ars408_msgs__rosidl_typesupport_cExport.cmake
[2.136s] -- Up-to-date: /home/offroad/radar_ws/src/install/radar_conti_ars408_msgs/share/radar_conti_ars408_msgs/cmake/radar_conti_ars408_msgs__rosidl_typesupport_cExport-noconfig.cmake
[2.137s] -- Up-to-date: /home/offroad/radar_ws/src/install/radar_conti_ars408_msgs/share/radar_conti_ars408_msgs/cmake/radar_conti_ars408_msgs__rosidl_generator_cppExport.cmake
[2.137s] -- Up-to-date: /home/offroad/radar_ws/src/install/radar_conti_ars408_msgs/share/radar_conti_ars408_msgs/cmake/radar_conti_ars408_msgs__rosidl_typesupport_introspection_cppExport.cmake
[2.137s] -- Up-to-date: /home/offroad/radar_ws/src/install/radar_conti_ars408_msgs/share/radar_conti_ars408_msgs/cmake/radar_conti_ars408_msgs__rosidl_typesupport_introspection_cppExport-noconfig.cmake
[2.137s] -- Up-to-date: /home/offroad/radar_ws/src/install/radar_conti_ars408_msgs/share/radar_conti_ars408_msgs/cmake/radar_conti_ars408_msgs__rosidl_typesupport_cppExport.cmake
[2.138s] -- Up-to-date: /home/offroad/radar_ws/src/install/radar_conti_ars408_msgs/share/radar_conti_ars408_msgs/cmake/radar_conti_ars408_msgs__rosidl_typesupport_cppExport-noconfig.cmake
[2.139s] -- Up-to-date: /home/offroad/radar_ws/src/install/radar_conti_ars408_msgs/share/radar_conti_ars408_msgs/cmake/rosidl_cmake-extras.cmake
[2.141s] -- Up-to-date: /home/offroad/radar_ws/src/install/radar_conti_ars408_msgs/share/radar_conti_ars408_msgs/cmake/ament_cmake_export_dependencies-extras.cmake
[2.142s] -- Up-to-date: /home/offroad/radar_ws/src/install/radar_conti_ars408_msgs/share/radar_conti_ars408_msgs/cmake/ament_cmake_export_libraries-extras.cmake
[2.143s] -- Up-to-date: /home/offroad/radar_ws/src/install/radar_conti_ars408_msgs/share/radar_conti_ars408_msgs/cmake/ament_cmake_export_targets-extras.cmake
[2.143s] -- Up-to-date: /home/offroad/radar_ws/src/install/radar_conti_ars408_msgs/share/radar_conti_ars408_msgs/cmake/ament_cmake_export_include_directories-extras.cmake
[2.143s] -- Up-to-date: /home/offroad/radar_ws/src/install/radar_conti_ars408_msgs/share/radar_conti_ars408_msgs/cmake/rosidl_cmake_export_typesupport_libraries-extras.cmake
[2.143s] -- Up-to-date: /home/offroad/radar_ws/src/install/radar_conti_ars408_msgs/share/radar_conti_ars408_msgs/cmake/rosidl_cmake_export_typesupport_targets-extras.cmake
[2.143s] -- Up-to-date: /home/offroad/radar_ws/src/install/radar_conti_ars408_msgs/share/radar_conti_ars408_msgs/cmake/radar_conti_ars408_msgsConfig.cmake
[2.143s] -- Up-to-date: /home/offroad/radar_ws/src/install/radar_conti_ars408_msgs/share/radar_conti_ars408_msgs/cmake/radar_conti_ars408_msgsConfig-version.cmake
[2.144s] -- Up-to-date: /home/offroad/radar_ws/src/install/radar_conti_ars408_msgs/share/radar_conti_ars408_msgs/package.xml
[2.154s] Invoked command in '/home/offroad/radar_ws/src/build/radar_conti_ars408_msgs' returned '0': CMAKE_PREFIX_PATH=${CMAKE_PREFIX_PATH}:/opt/ros/foxy /usr/bin/cmake --install /home/offroad/radar_ws/src/build/radar_conti_ars408_msgs
