[100%] Built target ros2socketcan_bridge
-- Install configuration: ""
-- Up-to-date: /home/offroad/radar_ws/install/ros2socketcan_bridge/include/ros2socketcan_bridge
-- Up-to-date: /home/offroad/radar_ws/install/ros2socketcan_bridge/include/ros2socketcan_bridge/ros2socketcan.h
-- Up-to-date: /home/offroad/radar_ws/install/ros2socketcan_bridge/lib/ros2socketcan_bridge/libros2socketcan_bridge.a
-- Up-to-date: /home/offroad/radar_ws/install/ros2socketcan_bridge/share/ament_index/resource_index/package_run_dependencies/ros2socketcan_bridge
-- Up-to-date: /home/offroad/radar_ws/install/ros2socketcan_bridge/share/ament_index/resource_index/parent_prefix_path/ros2socketcan_bridge
-- Up-to-date: /home/offroad/radar_ws/install/ros2socketcan_bridge/share/ros2socketcan_bridge/environment/ament_prefix_path.sh
-- Up-to-date: /home/offroad/radar_ws/install/ros2socketcan_bridge/share/ros2socketcan_bridge/environment/ament_prefix_path.dsv
-- Up-to-date: /home/offroad/radar_ws/install/ros2socketcan_bridge/share/ros2socketcan_bridge/environment/path.sh
-- Up-to-date: /home/offroad/radar_ws/install/ros2socketcan_bridge/share/ros2socketcan_bridge/environment/path.dsv
-- Up-to-date: /home/offroad/radar_ws/install/ros2socketcan_bridge/share/ros2socketcan_bridge/local_setup.bash
-- Up-to-date: /home/offroad/radar_ws/install/ros2socketcan_bridge/share/ros2socketcan_bridge/local_setup.sh
-- Up-to-date: /home/offroad/radar_ws/install/ros2socketcan_bridge/share/ros2socketcan_bridge/local_setup.zsh
-- Up-to-date: /home/offroad/radar_ws/install/ros2socketcan_bridge/share/ros2socketcan_bridge/local_setup.dsv
-- Up-to-date: /home/offroad/radar_ws/install/ros2socketcan_bridge/share/ros2socketcan_bridge/package.dsv
-- Up-to-date: /home/offroad/radar_ws/install/ros2socketcan_bridge/share/ament_index/resource_index/packages/ros2socketcan_bridge
-- Up-to-date: /home/offroad/radar_ws/install/ros2socketcan_bridge/share/ros2socketcan_bridge/cmake/ament_cmake_export_include_directories-extras.cmake
-- Up-to-date: /home/offroad/radar_ws/install/ros2socketcan_bridge/share/ros2socketcan_bridge/cmake/ament_cmake_export_dependencies-extras.cmake
-- Up-to-date: /home/offroad/radar_ws/install/ros2socketcan_bridge/share/ros2socketcan_bridge/cmake/ros2socketcan_bridgeConfig.cmake
-- Up-to-date: /home/offroad/radar_ws/install/ros2socketcan_bridge/share/ros2socketcan_bridge/cmake/ros2socketcan_bridgeConfig-version.cmake
-- Up-to-date: /home/offroad/radar_ws/install/ros2socketcan_bridge/share/ros2socketcan_bridge/package.xml
