[0.107s] DEBUG:colcon:Command line arguments: ['/usr/bin/colcon', 'build']
[0.107s] DEBUG:colcon:Parsed command line arguments: Namespace(allow_overriding=[], ament_cmake_args=None, base_paths=['.'], build_base='build', catkin_cmake_args=None, catkin_skip_building_tests=False, cmake_args=None, cmake_clean_cache=False, cmake_clean_first=False, cmake_force_configure=False, cmake_target=None, cmake_target_skip_unavailable=False, continue_on_error=False, event_handlers=None, executor='parallel', ignore_user_meta=False, install_base='install', log_base=None, log_level=None, main=<bound method BuildVerb.main of <colcon_core.verb.build.BuildVerb object at 0x7fedb9b89c40>>, merge_install=False, metas=['./colcon.meta'], packages_above=None, packages_above_and_dependencies=None, packages_above_depth=None, packages_end=None, packages_ignore=None, packages_ignore_regex=None, packages_select=None, packages_select_build_failed=False, packages_select_by_dep=None, packages_select_regex=None, packages_select_test_failures=False, packages_skip=None, packages_skip_build_finished=False, packages_skip_by_dep=None, packages_skip_regex=None, packages_skip_test_passed=False, packages_skip_up_to=None, packages_start=None, packages_up_to=None, packages_up_to_regex=None, parallel_workers=12, paths=None, symlink_install=False, test_result_base=None, verb_extension=<colcon_core.verb.build.BuildVerb object at 0x7fedb9b89c40>, verb_name='build', verb_parser=<colcon_defaults.argument_parser.defaults.DefaultArgumentsDecorator object at 0x7fedb9b131f0>)
[0.125s] Level 1:colcon.colcon_core.package_discovery:discover_packages(colcon_meta) check parameters
[0.125s] Level 1:colcon.colcon_core.package_discovery:discover_packages(recursive) check parameters
[0.126s] Level 1:colcon.colcon_core.package_discovery:discover_packages(ignore) check parameters
[0.126s] Level 1:colcon.colcon_core.package_discovery:discover_packages(path) check parameters
[0.126s] Level 1:colcon.colcon_core.package_discovery:discover_packages(colcon_meta) discover
[0.126s] Level 1:colcon.colcon_core.package_discovery:discover_packages(recursive) discover
[0.126s] INFO:colcon.colcon_core.package_discovery:Crawling recursively for packages in '/home/offroad/radar_ws'
[0.126s] Level 1:colcon.colcon_core.package_identification:_identify(.) by extensions ['ignore', 'ignore_ament_install']
[0.126s] Level 1:colcon.colcon_core.package_identification:_identify(.) by extension 'ignore'
[0.126s] Level 1:colcon.colcon_core.package_identification:_identify(.) by extension 'ignore_ament_install'
[0.126s] Level 1:colcon.colcon_core.package_identification:_identify(.) by extensions ['colcon_pkg']
[0.126s] Level 1:colcon.colcon_core.package_identification:_identify(.) by extension 'colcon_pkg'
[0.126s] Level 1:colcon.colcon_core.package_identification:_identify(.) by extensions ['colcon_meta']
[0.126s] Level 1:colcon.colcon_core.package_identification:_identify(.) by extension 'colcon_meta'
[0.126s] Level 1:colcon.colcon_core.package_identification:_identify(.) by extensions ['ros']
[0.126s] Level 1:colcon.colcon_core.package_identification:_identify(.) by extension 'ros'
[0.135s] Level 1:colcon.colcon_core.package_identification:_identify(.) by extensions ['cmake', 'python']
[0.135s] Level 1:colcon.colcon_core.package_identification:_identify(.) by extension 'cmake'
[0.135s] Level 1:colcon.colcon_core.package_identification:_identify(.) by extension 'python'
[0.135s] Level 1:colcon.colcon_core.package_identification:_identify(.) by extensions ['python_setup_py']
[0.135s] Level 1:colcon.colcon_core.package_identification:_identify(.) by extension 'python_setup_py'
[0.135s] Level 1:colcon.colcon_core.package_identification:_identify(build) by extensions ['ignore', 'ignore_ament_install']
[0.135s] Level 1:colcon.colcon_core.package_identification:_identify(build) by extension 'ignore'
[0.135s] Level 1:colcon.colcon_core.package_identification:_identify(build) ignored
[0.135s] Level 1:colcon.colcon_core.package_identification:_identify(install) by extensions ['ignore', 'ignore_ament_install']
[0.135s] Level 1:colcon.colcon_core.package_identification:_identify(install) by extension 'ignore'
[0.135s] Level 1:colcon.colcon_core.package_identification:_identify(install) ignored
[0.135s] Level 1:colcon.colcon_core.package_identification:_identify(log) by extensions ['ignore', 'ignore_ament_install']
[0.135s] Level 1:colcon.colcon_core.package_identification:_identify(log) by extension 'ignore'
[0.136s] Level 1:colcon.colcon_core.package_identification:_identify(log) ignored
[0.136s] Level 1:colcon.colcon_core.package_identification:_identify(src) by extensions ['ignore', 'ignore_ament_install']
[0.136s] Level 1:colcon.colcon_core.package_identification:_identify(src) by extension 'ignore'
[0.136s] Level 1:colcon.colcon_core.package_identification:_identify(src) by extension 'ignore_ament_install'
[0.136s] Level 1:colcon.colcon_core.package_identification:_identify(src) by extensions ['colcon_pkg']
[0.136s] Level 1:colcon.colcon_core.package_identification:_identify(src) by extension 'colcon_pkg'
[0.136s] Level 1:colcon.colcon_core.package_identification:_identify(src) by extensions ['colcon_meta']
[0.136s] Level 1:colcon.colcon_core.package_identification:_identify(src) by extension 'colcon_meta'
[0.136s] Level 1:colcon.colcon_core.package_identification:_identify(src) by extensions ['ros']
[0.136s] Level 1:colcon.colcon_core.package_identification:_identify(src) by extension 'ros'
[0.136s] Level 1:colcon.colcon_core.package_identification:_identify(src) by extensions ['cmake', 'python']
[0.136s] Level 1:colcon.colcon_core.package_identification:_identify(src) by extension 'cmake'
[0.136s] Level 1:colcon.colcon_core.package_identification:_identify(src) by extension 'python'
[0.136s] Level 1:colcon.colcon_core.package_identification:_identify(src) by extensions ['python_setup_py']
[0.136s] Level 1:colcon.colcon_core.package_identification:_identify(src) by extension 'python_setup_py'
[0.136s] Level 1:colcon.colcon_core.package_identification:_identify(src/CAN_Recording) by extensions ['ignore', 'ignore_ament_install']
[0.136s] Level 1:colcon.colcon_core.package_identification:_identify(src/CAN_Recording) by extension 'ignore'
[0.136s] Level 1:colcon.colcon_core.package_identification:_identify(src/CAN_Recording) by extension 'ignore_ament_install'
[0.136s] Level 1:colcon.colcon_core.package_identification:_identify(src/CAN_Recording) by extensions ['colcon_pkg']
[0.136s] Level 1:colcon.colcon_core.package_identification:_identify(src/CAN_Recording) by extension 'colcon_pkg'
[0.136s] Level 1:colcon.colcon_core.package_identification:_identify(src/CAN_Recording) by extensions ['colcon_meta']
[0.136s] Level 1:colcon.colcon_core.package_identification:_identify(src/CAN_Recording) by extension 'colcon_meta'
[0.137s] Level 1:colcon.colcon_core.package_identification:_identify(src/CAN_Recording) by extensions ['ros']
[0.137s] Level 1:colcon.colcon_core.package_identification:_identify(src/CAN_Recording) by extension 'ros'
[0.137s] Level 1:colcon.colcon_core.package_identification:_identify(src/CAN_Recording) by extensions ['cmake', 'python']
[0.137s] Level 1:colcon.colcon_core.package_identification:_identify(src/CAN_Recording) by extension 'cmake'
[0.137s] Level 1:colcon.colcon_core.package_identification:_identify(src/CAN_Recording) by extension 'python'
[0.137s] Level 1:colcon.colcon_core.package_identification:_identify(src/CAN_Recording) by extensions ['python_setup_py']
[0.137s] Level 1:colcon.colcon_core.package_identification:_identify(src/CAN_Recording) by extension 'python_setup_py'
[0.137s] Level 1:colcon.colcon_core.package_identification:_identify(src/radar_conti_ars408) by extensions ['ignore', 'ignore_ament_install']
[0.137s] Level 1:colcon.colcon_core.package_identification:_identify(src/radar_conti_ars408) by extension 'ignore'
[0.137s] Level 1:colcon.colcon_core.package_identification:_identify(src/radar_conti_ars408) by extension 'ignore_ament_install'
[0.137s] Level 1:colcon.colcon_core.package_identification:_identify(src/radar_conti_ars408) by extensions ['colcon_pkg']
[0.137s] Level 1:colcon.colcon_core.package_identification:_identify(src/radar_conti_ars408) by extension 'colcon_pkg'
[0.137s] Level 1:colcon.colcon_core.package_identification:_identify(src/radar_conti_ars408) by extensions ['colcon_meta']
[0.137s] Level 1:colcon.colcon_core.package_identification:_identify(src/radar_conti_ars408) by extension 'colcon_meta'
[0.137s] Level 1:colcon.colcon_core.package_identification:_identify(src/radar_conti_ars408) by extensions ['ros']
[0.137s] Level 1:colcon.colcon_core.package_identification:_identify(src/radar_conti_ars408) by extension 'ros'
[0.137s] Level 1:colcon.colcon_core.package_identification:_identify(src/radar_conti_ars408) by extensions ['cmake', 'python']
[0.137s] Level 1:colcon.colcon_core.package_identification:_identify(src/radar_conti_ars408) by extension 'cmake'
[0.137s] Level 1:colcon.colcon_core.package_identification:_identify(src/radar_conti_ars408) by extension 'python'
[0.137s] Level 1:colcon.colcon_core.package_identification:_identify(src/radar_conti_ars408) by extensions ['python_setup_py']
[0.137s] Level 1:colcon.colcon_core.package_identification:_identify(src/radar_conti_ars408) by extension 'python_setup_py'
[0.137s] Level 1:colcon.colcon_core.package_identification:_identify(src/radar_conti_ars408/src) by extensions ['ignore', 'ignore_ament_install']
[0.138s] Level 1:colcon.colcon_core.package_identification:_identify(src/radar_conti_ars408/src) by extension 'ignore'
[0.138s] Level 1:colcon.colcon_core.package_identification:_identify(src/radar_conti_ars408/src) by extension 'ignore_ament_install'
[0.138s] Level 1:colcon.colcon_core.package_identification:_identify(src/radar_conti_ars408/src) by extensions ['colcon_pkg']
[0.138s] Level 1:colcon.colcon_core.package_identification:_identify(src/radar_conti_ars408/src) by extension 'colcon_pkg'
[0.138s] Level 1:colcon.colcon_core.package_identification:_identify(src/radar_conti_ars408/src) by extensions ['colcon_meta']
[0.138s] Level 1:colcon.colcon_core.package_identification:_identify(src/radar_conti_ars408/src) by extension 'colcon_meta'
[0.138s] Level 1:colcon.colcon_core.package_identification:_identify(src/radar_conti_ars408/src) by extensions ['ros']
[0.138s] Level 1:colcon.colcon_core.package_identification:_identify(src/radar_conti_ars408/src) by extension 'ros'
[0.141s] DEBUG:colcon.colcon_core.package_identification:Package 'src/radar_conti_ars408/src' with type 'ros.ament_cmake' and name 'radar_conti_ars408'
[0.141s] Level 1:colcon.colcon_core.package_identification:_identify(src/radar_conti_ars408_msgs) by extensions ['ignore', 'ignore_ament_install']
[0.141s] Level 1:colcon.colcon_core.package_identification:_identify(src/radar_conti_ars408_msgs) by extension 'ignore'
[0.141s] Level 1:colcon.colcon_core.package_identification:_identify(src/radar_conti_ars408_msgs) by extension 'ignore_ament_install'
[0.141s] Level 1:colcon.colcon_core.package_identification:_identify(src/radar_conti_ars408_msgs) by extensions ['colcon_pkg']
[0.141s] Level 1:colcon.colcon_core.package_identification:_identify(src/radar_conti_ars408_msgs) by extension 'colcon_pkg'
[0.141s] Level 1:colcon.colcon_core.package_identification:_identify(src/radar_conti_ars408_msgs) by extensions ['colcon_meta']
[0.141s] Level 1:colcon.colcon_core.package_identification:_identify(src/radar_conti_ars408_msgs) by extension 'colcon_meta'
[0.141s] Level 1:colcon.colcon_core.package_identification:_identify(src/radar_conti_ars408_msgs) by extensions ['ros']
[0.141s] Level 1:colcon.colcon_core.package_identification:_identify(src/radar_conti_ars408_msgs) by extension 'ros'
[0.142s] DEBUG:colcon.colcon_core.package_identification:Package 'src/radar_conti_ars408_msgs' with type 'ros.ament_cmake' and name 'radar_conti_ars408_msgs'
[0.142s] Level 1:colcon.colcon_core.package_identification:_identify(src/ros2_socketcan_bridge) by extensions ['ignore', 'ignore_ament_install']
[0.142s] Level 1:colcon.colcon_core.package_identification:_identify(src/ros2_socketcan_bridge) by extension 'ignore'
[0.142s] Level 1:colcon.colcon_core.package_identification:_identify(src/ros2_socketcan_bridge) by extension 'ignore_ament_install'
[0.142s] Level 1:colcon.colcon_core.package_identification:_identify(src/ros2_socketcan_bridge) by extensions ['colcon_pkg']
[0.142s] Level 1:colcon.colcon_core.package_identification:_identify(src/ros2_socketcan_bridge) by extension 'colcon_pkg'
[0.142s] Level 1:colcon.colcon_core.package_identification:_identify(src/ros2_socketcan_bridge) by extensions ['colcon_meta']
[0.142s] Level 1:colcon.colcon_core.package_identification:_identify(src/ros2_socketcan_bridge) by extension 'colcon_meta'
[0.142s] Level 1:colcon.colcon_core.package_identification:_identify(src/ros2_socketcan_bridge) by extensions ['ros']
[0.142s] Level 1:colcon.colcon_core.package_identification:_identify(src/ros2_socketcan_bridge) by extension 'ros'
[0.142s] Level 1:colcon.colcon_core.package_identification:_identify(src/ros2_socketcan_bridge) by extensions ['cmake', 'python']
[0.143s] Level 1:colcon.colcon_core.package_identification:_identify(src/ros2_socketcan_bridge) by extension 'cmake'
[0.143s] Level 1:colcon.colcon_core.package_identification:_identify(src/ros2_socketcan_bridge) by extension 'python'
[0.143s] Level 1:colcon.colcon_core.package_identification:_identify(src/ros2_socketcan_bridge) by extensions ['python_setup_py']
[0.143s] Level 1:colcon.colcon_core.package_identification:_identify(src/ros2_socketcan_bridge) by extension 'python_setup_py'
[0.143s] Level 1:colcon.colcon_core.package_identification:_identify(src/ros2_socketcan_bridge/can_msgs) by extensions ['ignore', 'ignore_ament_install']
[0.143s] Level 1:colcon.colcon_core.package_identification:_identify(src/ros2_socketcan_bridge/can_msgs) by extension 'ignore'
[0.143s] Level 1:colcon.colcon_core.package_identification:_identify(src/ros2_socketcan_bridge/can_msgs) by extension 'ignore_ament_install'
[0.143s] Level 1:colcon.colcon_core.package_identification:_identify(src/ros2_socketcan_bridge/can_msgs) by extensions ['colcon_pkg']
[0.143s] Level 1:colcon.colcon_core.package_identification:_identify(src/ros2_socketcan_bridge/can_msgs) by extension 'colcon_pkg'
[0.143s] Level 1:colcon.colcon_core.package_identification:_identify(src/ros2_socketcan_bridge/can_msgs) by extensions ['colcon_meta']
[0.143s] Level 1:colcon.colcon_core.package_identification:_identify(src/ros2_socketcan_bridge/can_msgs) by extension 'colcon_meta'
[0.143s] Level 1:colcon.colcon_core.package_identification:_identify(src/ros2_socketcan_bridge/can_msgs) by extensions ['ros']
[0.143s] Level 1:colcon.colcon_core.package_identification:_identify(src/ros2_socketcan_bridge/can_msgs) by extension 'ros'
[0.143s] DEBUG:colcon.colcon_core.package_identification:Package 'src/ros2_socketcan_bridge/can_msgs' with type 'ros.ament_cmake' and name 'can_msgs'
[0.143s] Level 1:colcon.colcon_core.package_identification:_identify(src/ros2_socketcan_bridge/ros2socketcan_bridge) by extensions ['ignore', 'ignore_ament_install']
[0.144s] Level 1:colcon.colcon_core.package_identification:_identify(src/ros2_socketcan_bridge/ros2socketcan_bridge) by extension 'ignore'
[0.144s] Level 1:colcon.colcon_core.package_identification:_identify(src/ros2_socketcan_bridge/ros2socketcan_bridge) by extension 'ignore_ament_install'
[0.144s] Level 1:colcon.colcon_core.package_identification:_identify(src/ros2_socketcan_bridge/ros2socketcan_bridge) by extensions ['colcon_pkg']
[0.144s] Level 1:colcon.colcon_core.package_identification:_identify(src/ros2_socketcan_bridge/ros2socketcan_bridge) by extension 'colcon_pkg'
[0.144s] Level 1:colcon.colcon_core.package_identification:_identify(src/ros2_socketcan_bridge/ros2socketcan_bridge) by extensions ['colcon_meta']
[0.144s] Level 1:colcon.colcon_core.package_identification:_identify(src/ros2_socketcan_bridge/ros2socketcan_bridge) by extension 'colcon_meta'
[0.144s] Level 1:colcon.colcon_core.package_identification:_identify(src/ros2_socketcan_bridge/ros2socketcan_bridge) by extensions ['ros']
[0.144s] Level 1:colcon.colcon_core.package_identification:_identify(src/ros2_socketcan_bridge/ros2socketcan_bridge) by extension 'ros'
[0.144s] DEBUG:colcon.colcon_core.package_identification:Package 'src/ros2_socketcan_bridge/ros2socketcan_bridge' with type 'ros.ament_cmake' and name 'ros2socketcan_bridge'
[0.144s] Level 1:colcon.colcon_core.package_discovery:discover_packages(recursive) using defaults
[0.144s] Level 1:colcon.colcon_core.package_discovery:discover_packages(ignore) discover
[0.144s] Level 1:colcon.colcon_core.package_discovery:discover_packages(ignore) using defaults
[0.144s] Level 1:colcon.colcon_core.package_discovery:discover_packages(path) discover
[0.144s] Level 1:colcon.colcon_core.package_discovery:discover_packages(path) using defaults
[0.158s] Level 1:colcon.colcon_core.package_discovery:discover_packages(prefix_path) check parameters
[0.158s] Level 1:colcon.colcon_core.package_discovery:discover_packages(prefix_path) discover
[0.160s] DEBUG:colcon.colcon_installed_package_information.package_discovery:Found 4 installed packages in /home/offroad/radar_ws/install
[0.161s] DEBUG:colcon.colcon_installed_package_information.package_discovery:Found 303 installed packages in /opt/ros/foxy
[0.162s] Level 1:colcon.colcon_core.package_discovery:discover_packages(prefix_path) using defaults
[0.236s] Level 5:colcon.colcon_core.verb:set package 'can_msgs' build argument 'cmake_args' from command line to 'None'
[0.236s] Level 5:colcon.colcon_core.verb:set package 'can_msgs' build argument 'cmake_target' from command line to 'None'
[0.236s] Level 5:colcon.colcon_core.verb:set package 'can_msgs' build argument 'cmake_target_skip_unavailable' from command line to 'False'
[0.236s] Level 5:colcon.colcon_core.verb:set package 'can_msgs' build argument 'cmake_clean_cache' from command line to 'False'
[0.236s] Level 5:colcon.colcon_core.verb:set package 'can_msgs' build argument 'cmake_clean_first' from command line to 'False'
[0.236s] Level 5:colcon.colcon_core.verb:set package 'can_msgs' build argument 'cmake_force_configure' from command line to 'False'
[0.236s] Level 5:colcon.colcon_core.verb:set package 'can_msgs' build argument 'ament_cmake_args' from command line to 'None'
[0.236s] Level 5:colcon.colcon_core.verb:set package 'can_msgs' build argument 'catkin_cmake_args' from command line to 'None'
[0.236s] Level 5:colcon.colcon_core.verb:set package 'can_msgs' build argument 'catkin_skip_building_tests' from command line to 'False'
[0.236s] DEBUG:colcon.colcon_core.verb:Building package 'can_msgs' with the following arguments: {'ament_cmake_args': None, 'build_base': '/home/offroad/radar_ws/build/can_msgs', 'catkin_cmake_args': None, 'catkin_skip_building_tests': False, 'cmake_args': None, 'cmake_clean_cache': False, 'cmake_clean_first': False, 'cmake_force_configure': False, 'cmake_target': None, 'cmake_target_skip_unavailable': False, 'install_base': '/home/offroad/radar_ws/install/can_msgs', 'merge_install': False, 'path': '/home/offroad/radar_ws/src/ros2_socketcan_bridge/can_msgs', 'symlink_install': False, 'test_result_base': None}
[0.237s] Level 5:colcon.colcon_core.verb:set package 'radar_conti_ars408_msgs' build argument 'cmake_args' from command line to 'None'
[0.237s] Level 5:colcon.colcon_core.verb:set package 'radar_conti_ars408_msgs' build argument 'cmake_target' from command line to 'None'
[0.237s] Level 5:colcon.colcon_core.verb:set package 'radar_conti_ars408_msgs' build argument 'cmake_target_skip_unavailable' from command line to 'False'
[0.237s] Level 5:colcon.colcon_core.verb:set package 'radar_conti_ars408_msgs' build argument 'cmake_clean_cache' from command line to 'False'
[0.237s] Level 5:colcon.colcon_core.verb:set package 'radar_conti_ars408_msgs' build argument 'cmake_clean_first' from command line to 'False'
[0.237s] Level 5:colcon.colcon_core.verb:set package 'radar_conti_ars408_msgs' build argument 'cmake_force_configure' from command line to 'False'
[0.237s] Level 5:colcon.colcon_core.verb:set package 'radar_conti_ars408_msgs' build argument 'ament_cmake_args' from command line to 'None'
[0.237s] Level 5:colcon.colcon_core.verb:set package 'radar_conti_ars408_msgs' build argument 'catkin_cmake_args' from command line to 'None'
[0.237s] Level 5:colcon.colcon_core.verb:set package 'radar_conti_ars408_msgs' build argument 'catkin_skip_building_tests' from command line to 'False'
[0.237s] DEBUG:colcon.colcon_core.verb:Building package 'radar_conti_ars408_msgs' with the following arguments: {'ament_cmake_args': None, 'build_base': '/home/offroad/radar_ws/build/radar_conti_ars408_msgs', 'catkin_cmake_args': None, 'catkin_skip_building_tests': False, 'cmake_args': None, 'cmake_clean_cache': False, 'cmake_clean_first': False, 'cmake_force_configure': False, 'cmake_target': None, 'cmake_target_skip_unavailable': False, 'install_base': '/home/offroad/radar_ws/install/radar_conti_ars408_msgs', 'merge_install': False, 'path': '/home/offroad/radar_ws/src/radar_conti_ars408_msgs', 'symlink_install': False, 'test_result_base': None}
[0.238s] Level 5:colcon.colcon_core.verb:set package 'ros2socketcan_bridge' build argument 'cmake_args' from command line to 'None'
[0.238s] Level 5:colcon.colcon_core.verb:set package 'ros2socketcan_bridge' build argument 'cmake_target' from command line to 'None'
[0.238s] Level 5:colcon.colcon_core.verb:set package 'ros2socketcan_bridge' build argument 'cmake_target_skip_unavailable' from command line to 'False'
[0.238s] Level 5:colcon.colcon_core.verb:set package 'ros2socketcan_bridge' build argument 'cmake_clean_cache' from command line to 'False'
[0.238s] Level 5:colcon.colcon_core.verb:set package 'ros2socketcan_bridge' build argument 'cmake_clean_first' from command line to 'False'
[0.238s] Level 5:colcon.colcon_core.verb:set package 'ros2socketcan_bridge' build argument 'cmake_force_configure' from command line to 'False'
[0.238s] Level 5:colcon.colcon_core.verb:set package 'ros2socketcan_bridge' build argument 'ament_cmake_args' from command line to 'None'
[0.238s] Level 5:colcon.colcon_core.verb:set package 'ros2socketcan_bridge' build argument 'catkin_cmake_args' from command line to 'None'
[0.238s] Level 5:colcon.colcon_core.verb:set package 'ros2socketcan_bridge' build argument 'catkin_skip_building_tests' from command line to 'False'
[0.238s] DEBUG:colcon.colcon_core.verb:Building package 'ros2socketcan_bridge' with the following arguments: {'ament_cmake_args': None, 'build_base': '/home/offroad/radar_ws/build/ros2socketcan_bridge', 'catkin_cmake_args': None, 'catkin_skip_building_tests': False, 'cmake_args': None, 'cmake_clean_cache': False, 'cmake_clean_first': False, 'cmake_force_configure': False, 'cmake_target': None, 'cmake_target_skip_unavailable': False, 'install_base': '/home/offroad/radar_ws/install/ros2socketcan_bridge', 'merge_install': False, 'path': '/home/offroad/radar_ws/src/ros2_socketcan_bridge/ros2socketcan_bridge', 'symlink_install': False, 'test_result_base': None}
[0.238s] Level 5:colcon.colcon_core.verb:set package 'radar_conti_ars408' build argument 'cmake_args' from command line to 'None'
[0.238s] Level 5:colcon.colcon_core.verb:set package 'radar_conti_ars408' build argument 'cmake_target' from command line to 'None'
[0.238s] Level 5:colcon.colcon_core.verb:set package 'radar_conti_ars408' build argument 'cmake_target_skip_unavailable' from command line to 'False'
[0.239s] Level 5:colcon.colcon_core.verb:set package 'radar_conti_ars408' build argument 'cmake_clean_cache' from command line to 'False'
[0.239s] Level 5:colcon.colcon_core.verb:set package 'radar_conti_ars408' build argument 'cmake_clean_first' from command line to 'False'
[0.239s] Level 5:colcon.colcon_core.verb:set package 'radar_conti_ars408' build argument 'cmake_force_configure' from command line to 'False'
[0.239s] Level 5:colcon.colcon_core.verb:set package 'radar_conti_ars408' build argument 'ament_cmake_args' from command line to 'None'
[0.239s] Level 5:colcon.colcon_core.verb:set package 'radar_conti_ars408' build argument 'catkin_cmake_args' from command line to 'None'
[0.239s] Level 5:colcon.colcon_core.verb:set package 'radar_conti_ars408' build argument 'catkin_skip_building_tests' from command line to 'False'
[0.239s] DEBUG:colcon.colcon_core.verb:Building package 'radar_conti_ars408' with the following arguments: {'ament_cmake_args': None, 'build_base': '/home/offroad/radar_ws/build/radar_conti_ars408', 'catkin_cmake_args': None, 'catkin_skip_building_tests': False, 'cmake_args': None, 'cmake_clean_cache': False, 'cmake_clean_first': False, 'cmake_force_configure': False, 'cmake_target': None, 'cmake_target_skip_unavailable': False, 'install_base': '/home/offroad/radar_ws/install/radar_conti_ars408', 'merge_install': False, 'path': '/home/offroad/radar_ws/src/radar_conti_ars408/src', 'symlink_install': False, 'test_result_base': None}
[0.239s] INFO:colcon.colcon_core.executor:Executing jobs using 'parallel' executor
[0.241s] DEBUG:colcon.colcon_parallel_executor.executor.parallel:run_until_complete
[0.241s] INFO:colcon.colcon_ros.task.ament_cmake.build:Building ROS package in '/home/offroad/radar_ws/src/ros2_socketcan_bridge/can_msgs' with build type 'ament_cmake'
[0.241s] INFO:colcon.colcon_cmake.task.cmake.build:Building CMake package in '/home/offroad/radar_ws/src/ros2_socketcan_bridge/can_msgs'
[0.244s] INFO:colcon.colcon_core.plugin_system:Skipping extension 'colcon_core.shell.bat': Not used on non-Windows systems
[0.244s] INFO:colcon.colcon_core.shell:Skip shell extension 'powershell' for command environment: Not usable outside of PowerShell
[0.244s] DEBUG:colcon.colcon_core.shell:Skip shell extension 'dsv' for command environment
[0.248s] INFO:colcon.colcon_ros.task.ament_cmake.build:Building ROS package in '/home/offroad/radar_ws/src/radar_conti_ars408_msgs' with build type 'ament_cmake'
[0.248s] INFO:colcon.colcon_cmake.task.cmake.build:Building CMake package in '/home/offroad/radar_ws/src/radar_conti_ars408_msgs'
[0.249s] INFO:colcon.colcon_core.shell:Skip shell extension 'powershell' for command environment: Not usable outside of PowerShell
[0.249s] DEBUG:colcon.colcon_core.shell:Skip shell extension 'dsv' for command environment
[0.259s] DEBUG:colcon.colcon_core.event_handler.log_command:Invoking command in '/home/offroad/radar_ws/build/can_msgs': CMAKE_PREFIX_PATH=${CMAKE_PREFIX_PATH}:/opt/ros/foxy /usr/bin/cmake --build /home/offroad/radar_ws/build/can_msgs -- -j12 -l12
[0.267s] DEBUG:colcon.colcon_core.event_handler.log_command:Invoking command in '/home/offroad/radar_ws/build/radar_conti_ars408_msgs': CMAKE_PREFIX_PATH=${CMAKE_PREFIX_PATH}:/opt/ros/foxy /usr/bin/cmake --build /home/offroad/radar_ws/build/radar_conti_ars408_msgs -- -j12 -l12
[0.467s] DEBUG:colcon.colcon_core.event_handler.log_command:Invoked command in '/home/offroad/radar_ws/build/can_msgs' returned '0': CMAKE_PREFIX_PATH=${CMAKE_PREFIX_PATH}:/opt/ros/foxy /usr/bin/cmake --build /home/offroad/radar_ws/build/can_msgs -- -j12 -l12
[0.509s] DEBUG:colcon.colcon_core.event_handler.log_command:Invoked command in '/home/offroad/radar_ws/build/radar_conti_ars408_msgs' returned '0': CMAKE_PREFIX_PATH=${CMAKE_PREFIX_PATH}:/opt/ros/foxy /usr/bin/cmake --build /home/offroad/radar_ws/build/radar_conti_ars408_msgs -- -j12 -l12
[0.525s] DEBUG:colcon.colcon_core.event_handler.log_command:Invoking command in '/home/offroad/radar_ws/build/can_msgs': CMAKE_PREFIX_PATH=${CMAKE_PREFIX_PATH}:/opt/ros/foxy /usr/bin/cmake --install /home/offroad/radar_ws/build/can_msgs
[0.574s] Level 1:colcon.colcon_core.environment:create_environment_scripts_only(can_msgs)
[0.576s] DEBUG:colcon.colcon_core.event_handler.log_command:Invoked command in '/home/offroad/radar_ws/build/can_msgs' returned '0': CMAKE_PREFIX_PATH=${CMAKE_PREFIX_PATH}:/opt/ros/foxy /usr/bin/cmake --install /home/offroad/radar_ws/build/can_msgs
[0.578s] Level 1:colcon.colcon_core.environment:checking '/home/offroad/radar_ws/install/can_msgs' for CMake module files
[0.579s] Level 1:colcon.colcon_core.environment:checking '/home/offroad/radar_ws/install/can_msgs' for CMake config files
[0.579s] Level 1:colcon.colcon_core.shell:create_environment_hook('can_msgs', 'cmake_prefix_path')
[0.579s] INFO:colcon.colcon_core.shell:Creating environment hook '/home/offroad/radar_ws/install/can_msgs/share/can_msgs/hook/cmake_prefix_path.ps1'
[0.580s] INFO:colcon.colcon_core.shell:Creating environment descriptor '/home/offroad/radar_ws/install/can_msgs/share/can_msgs/hook/cmake_prefix_path.dsv'
[0.580s] INFO:colcon.colcon_core.shell:Creating environment hook '/home/offroad/radar_ws/install/can_msgs/share/can_msgs/hook/cmake_prefix_path.sh'
[0.581s] Level 1:colcon.colcon_core.environment:checking '/home/offroad/radar_ws/install/can_msgs/lib'
[0.581s] Level 1:colcon.colcon_core.shell:create_environment_hook('can_msgs', 'ld_library_path_lib')
[0.582s] INFO:colcon.colcon_core.shell:Creating environment hook '/home/offroad/radar_ws/install/can_msgs/share/can_msgs/hook/ld_library_path_lib.ps1'
[0.582s] INFO:colcon.colcon_core.shell:Creating environment descriptor '/home/offroad/radar_ws/install/can_msgs/share/can_msgs/hook/ld_library_path_lib.dsv'
[0.582s] INFO:colcon.colcon_core.shell:Creating environment hook '/home/offroad/radar_ws/install/can_msgs/share/can_msgs/hook/ld_library_path_lib.sh'
[0.582s] Level 1:colcon.colcon_core.environment:checking '/home/offroad/radar_ws/install/can_msgs/bin'
[0.583s] Level 1:colcon.colcon_core.environment:checking '/home/offroad/radar_ws/install/can_msgs/lib/pkgconfig/can_msgs.pc'
[0.583s] Level 1:colcon.colcon_core.environment:checking '/home/offroad/radar_ws/install/can_msgs/lib/python3.8/site-packages'
[0.583s] Level 1:colcon.colcon_core.shell:create_environment_hook('can_msgs', 'pythonpath')
[0.583s] INFO:colcon.colcon_core.shell:Creating environment hook '/home/offroad/radar_ws/install/can_msgs/share/can_msgs/hook/pythonpath.ps1'
[0.584s] INFO:colcon.colcon_core.shell:Creating environment descriptor '/home/offroad/radar_ws/install/can_msgs/share/can_msgs/hook/pythonpath.dsv'
[0.584s] INFO:colcon.colcon_core.shell:Creating environment hook '/home/offroad/radar_ws/install/can_msgs/share/can_msgs/hook/pythonpath.sh'
[0.585s] Level 1:colcon.colcon_core.environment:checking '/home/offroad/radar_ws/install/can_msgs/bin'
[0.586s] INFO:colcon.colcon_core.shell:Creating package script '/home/offroad/radar_ws/install/can_msgs/share/can_msgs/package.ps1'
[0.586s] INFO:colcon.colcon_core.shell:Creating package descriptor '/home/offroad/radar_ws/install/can_msgs/share/can_msgs/package.dsv'
[0.587s] INFO:colcon.colcon_core.shell:Creating package script '/home/offroad/radar_ws/install/can_msgs/share/can_msgs/package.sh'
[0.588s] INFO:colcon.colcon_core.shell:Creating package script '/home/offroad/radar_ws/install/can_msgs/share/can_msgs/package.bash'
[0.588s] INFO:colcon.colcon_core.shell:Creating package script '/home/offroad/radar_ws/install/can_msgs/share/can_msgs/package.zsh'
[0.589s] Level 1:colcon.colcon_core.environment:create_file_with_runtime_dependencies(/home/offroad/radar_ws/install/can_msgs/share/colcon-core/packages/can_msgs)
[0.633s] Level 1:colcon.colcon_core.environment:create_environment_scripts_only(can_msgs)
[0.633s] Level 1:colcon.colcon_core.environment:checking '/home/offroad/radar_ws/install/can_msgs' for CMake module files
[0.634s] Level 1:colcon.colcon_core.environment:checking '/home/offroad/radar_ws/install/can_msgs' for CMake config files
[0.634s] Level 1:colcon.colcon_core.shell:create_environment_hook('can_msgs', 'cmake_prefix_path')
[0.634s] INFO:colcon.colcon_core.shell:Creating environment hook '/home/offroad/radar_ws/install/can_msgs/share/can_msgs/hook/cmake_prefix_path.ps1'
[0.635s] INFO:colcon.colcon_core.shell:Creating environment descriptor '/home/offroad/radar_ws/install/can_msgs/share/can_msgs/hook/cmake_prefix_path.dsv'
[0.635s] INFO:colcon.colcon_core.shell:Creating environment hook '/home/offroad/radar_ws/install/can_msgs/share/can_msgs/hook/cmake_prefix_path.sh'
[0.636s] Level 1:colcon.colcon_core.environment:checking '/home/offroad/radar_ws/install/can_msgs/lib'
[0.636s] Level 1:colcon.colcon_core.shell:create_environment_hook('can_msgs', 'ld_library_path_lib')
[0.636s] INFO:colcon.colcon_core.shell:Creating environment hook '/home/offroad/radar_ws/install/can_msgs/share/can_msgs/hook/ld_library_path_lib.ps1'
[0.637s] INFO:colcon.colcon_core.shell:Creating environment descriptor '/home/offroad/radar_ws/install/can_msgs/share/can_msgs/hook/ld_library_path_lib.dsv'
[0.637s] INFO:colcon.colcon_core.shell:Creating environment hook '/home/offroad/radar_ws/install/can_msgs/share/can_msgs/hook/ld_library_path_lib.sh'
[0.637s] Level 1:colcon.colcon_core.environment:checking '/home/offroad/radar_ws/install/can_msgs/bin'
[0.637s] Level 1:colcon.colcon_core.environment:checking '/home/offroad/radar_ws/install/can_msgs/lib/pkgconfig/can_msgs.pc'
[0.638s] Level 1:colcon.colcon_core.environment:checking '/home/offroad/radar_ws/install/can_msgs/lib/python3.8/site-packages'
[0.638s] Level 1:colcon.colcon_core.shell:create_environment_hook('can_msgs', 'pythonpath')
[0.638s] INFO:colcon.colcon_core.shell:Creating environment hook '/home/offroad/radar_ws/install/can_msgs/share/can_msgs/hook/pythonpath.ps1'
[0.638s] INFO:colcon.colcon_core.shell:Creating environment descriptor '/home/offroad/radar_ws/install/can_msgs/share/can_msgs/hook/pythonpath.dsv'
[0.639s] INFO:colcon.colcon_core.shell:Creating environment hook '/home/offroad/radar_ws/install/can_msgs/share/can_msgs/hook/pythonpath.sh'
[0.639s] Level 1:colcon.colcon_core.environment:checking '/home/offroad/radar_ws/install/can_msgs/bin'
[0.639s] INFO:colcon.colcon_core.shell:Creating package script '/home/offroad/radar_ws/install/can_msgs/share/can_msgs/package.ps1'
[0.640s] INFO:colcon.colcon_core.shell:Creating package descriptor '/home/offroad/radar_ws/install/can_msgs/share/can_msgs/package.dsv'
[0.640s] INFO:colcon.colcon_core.shell:Creating package script '/home/offroad/radar_ws/install/can_msgs/share/can_msgs/package.sh'
[0.641s] INFO:colcon.colcon_core.shell:Creating package script '/home/offroad/radar_ws/install/can_msgs/share/can_msgs/package.bash'
[0.641s] INFO:colcon.colcon_core.shell:Creating package script '/home/offroad/radar_ws/install/can_msgs/share/can_msgs/package.zsh'
[0.641s] Level 1:colcon.colcon_core.environment:create_file_with_runtime_dependencies(/home/offroad/radar_ws/install/can_msgs/share/colcon-core/packages/can_msgs)
[0.642s] INFO:colcon.colcon_ros.task.ament_cmake.build:Building ROS package in '/home/offroad/radar_ws/src/ros2_socketcan_bridge/ros2socketcan_bridge' with build type 'ament_cmake'
[0.642s] INFO:colcon.colcon_cmake.task.cmake.build:Building CMake package in '/home/offroad/radar_ws/src/ros2_socketcan_bridge/ros2socketcan_bridge'
[0.643s] INFO:colcon.colcon_core.shell:Skip shell extension 'powershell' for command environment: Not usable outside of PowerShell
[0.643s] DEBUG:colcon.colcon_core.shell:Skip shell extension 'dsv' for command environment
[0.655s] DEBUG:colcon.colcon_core.event_handler.log_command:Invoking command in '/home/offroad/radar_ws/build/ros2socketcan_bridge': CMAKE_PREFIX_PATH=/home/offroad/radar_ws/install/can_msgs:/home/offroad/radar_ws/install/ros2socketcan_bridge:/home/offroad/radar_ws/install/radar_conti_ars408:/home/offroad/radar_ws/install/radar_conti_ars408_msgs:/opt/ros/foxy LD_LIBRARY_PATH=/home/offroad/radar_ws/install/can_msgs/lib:/home/offroad/radar_ws/install/radar_conti_ars408/lib:/home/offroad/radar_ws/install/radar_conti_ars408_msgs/lib:/usr/lib/x86_64-linux-gnu/gazebo-11/plugins:/opt/ros/foxy/opt/yaml_cpp_vendor/lib:/opt/ros/foxy/opt/rviz_ogre_vendor/lib:/opt/ros/foxy/lib/x86_64-linux-gnu:/opt/ros/foxy/lib PYTHONPATH=/home/offroad/radar_ws/install/can_msgs/lib/python3.8/site-packages:/home/offroad/radar_ws/install/radar_conti_ars408_msgs/lib/python3.8/site-packages:/opt/ros/foxy/lib/python3.8/site-packages /usr/bin/cmake --build /home/offroad/radar_ws/build/ros2socketcan_bridge -- -j12 -l12
[0.713s] DEBUG:colcon.colcon_core.event_handler.log_command:Invoked command in '/home/offroad/radar_ws/build/ros2socketcan_bridge' returned '0': CMAKE_PREFIX_PATH=/home/offroad/radar_ws/install/can_msgs:/home/offroad/radar_ws/install/ros2socketcan_bridge:/home/offroad/radar_ws/install/radar_conti_ars408:/home/offroad/radar_ws/install/radar_conti_ars408_msgs:/opt/ros/foxy LD_LIBRARY_PATH=/home/offroad/radar_ws/install/can_msgs/lib:/home/offroad/radar_ws/install/radar_conti_ars408/lib:/home/offroad/radar_ws/install/radar_conti_ars408_msgs/lib:/usr/lib/x86_64-linux-gnu/gazebo-11/plugins:/opt/ros/foxy/opt/yaml_cpp_vendor/lib:/opt/ros/foxy/opt/rviz_ogre_vendor/lib:/opt/ros/foxy/lib/x86_64-linux-gnu:/opt/ros/foxy/lib PYTHONPATH=/home/offroad/radar_ws/install/can_msgs/lib/python3.8/site-packages:/home/offroad/radar_ws/install/radar_conti_ars408_msgs/lib/python3.8/site-packages:/opt/ros/foxy/lib/python3.8/site-packages /usr/bin/cmake --build /home/offroad/radar_ws/build/ros2socketcan_bridge -- -j12 -l12
[0.733s] DEBUG:colcon.colcon_core.event_handler.log_command:Invoking command in '/home/offroad/radar_ws/build/ros2socketcan_bridge': CMAKE_PREFIX_PATH=/home/offroad/radar_ws/install/can_msgs:/home/offroad/radar_ws/install/ros2socketcan_bridge:/home/offroad/radar_ws/install/radar_conti_ars408:/home/offroad/radar_ws/install/radar_conti_ars408_msgs:/opt/ros/foxy LD_LIBRARY_PATH=/home/offroad/radar_ws/install/can_msgs/lib:/home/offroad/radar_ws/install/radar_conti_ars408/lib:/home/offroad/radar_ws/install/radar_conti_ars408_msgs/lib:/usr/lib/x86_64-linux-gnu/gazebo-11/plugins:/opt/ros/foxy/opt/yaml_cpp_vendor/lib:/opt/ros/foxy/opt/rviz_ogre_vendor/lib:/opt/ros/foxy/lib/x86_64-linux-gnu:/opt/ros/foxy/lib PYTHONPATH=/home/offroad/radar_ws/install/can_msgs/lib/python3.8/site-packages:/home/offroad/radar_ws/install/radar_conti_ars408_msgs/lib/python3.8/site-packages:/opt/ros/foxy/lib/python3.8/site-packages /usr/bin/cmake --install /home/offroad/radar_ws/build/ros2socketcan_bridge
[0.745s] Level 1:colcon.colcon_core.environment:create_environment_scripts_only(ros2socketcan_bridge)
[0.746s] Level 1:colcon.colcon_core.environment:checking '/home/offroad/radar_ws/install/ros2socketcan_bridge' for CMake module files
[0.747s] DEBUG:colcon.colcon_core.event_handler.log_command:Invoked command in '/home/offroad/radar_ws/build/ros2socketcan_bridge' returned '0': CMAKE_PREFIX_PATH=/home/offroad/radar_ws/install/can_msgs:/home/offroad/radar_ws/install/ros2socketcan_bridge:/home/offroad/radar_ws/install/radar_conti_ars408:/home/offroad/radar_ws/install/radar_conti_ars408_msgs:/opt/ros/foxy LD_LIBRARY_PATH=/home/offroad/radar_ws/install/can_msgs/lib:/home/offroad/radar_ws/install/radar_conti_ars408/lib:/home/offroad/radar_ws/install/radar_conti_ars408_msgs/lib:/usr/lib/x86_64-linux-gnu/gazebo-11/plugins:/opt/ros/foxy/opt/yaml_cpp_vendor/lib:/opt/ros/foxy/opt/rviz_ogre_vendor/lib:/opt/ros/foxy/lib/x86_64-linux-gnu:/opt/ros/foxy/lib PYTHONPATH=/home/offroad/radar_ws/install/can_msgs/lib/python3.8/site-packages:/home/offroad/radar_ws/install/radar_conti_ars408_msgs/lib/python3.8/site-packages:/opt/ros/foxy/lib/python3.8/site-packages /usr/bin/cmake --install /home/offroad/radar_ws/build/ros2socketcan_bridge
[0.747s] Level 1:colcon.colcon_core.environment:checking '/home/offroad/radar_ws/install/ros2socketcan_bridge' for CMake config files
[0.748s] Level 1:colcon.colcon_core.shell:create_environment_hook('ros2socketcan_bridge', 'cmake_prefix_path')
[0.748s] INFO:colcon.colcon_core.shell:Creating environment hook '/home/offroad/radar_ws/install/ros2socketcan_bridge/share/ros2socketcan_bridge/hook/cmake_prefix_path.ps1'
[0.748s] INFO:colcon.colcon_core.shell:Creating environment descriptor '/home/offroad/radar_ws/install/ros2socketcan_bridge/share/ros2socketcan_bridge/hook/cmake_prefix_path.dsv'
[0.749s] INFO:colcon.colcon_core.shell:Creating environment hook '/home/offroad/radar_ws/install/ros2socketcan_bridge/share/ros2socketcan_bridge/hook/cmake_prefix_path.sh'
[0.749s] Level 1:colcon.colcon_core.environment:checking '/home/offroad/radar_ws/install/ros2socketcan_bridge/lib'
[0.749s] Level 1:colcon.colcon_core.environment:checking '/home/offroad/radar_ws/install/ros2socketcan_bridge/bin'
[0.749s] Level 1:colcon.colcon_core.environment:checking '/home/offroad/radar_ws/install/ros2socketcan_bridge/lib/pkgconfig/ros2socketcan_bridge.pc'
[0.750s] Level 1:colcon.colcon_core.environment:checking '/home/offroad/radar_ws/install/ros2socketcan_bridge/lib/python3.8/site-packages'
[0.750s] Level 1:colcon.colcon_core.environment:checking '/home/offroad/radar_ws/install/ros2socketcan_bridge/bin'
[0.750s] INFO:colcon.colcon_core.shell:Creating package script '/home/offroad/radar_ws/install/ros2socketcan_bridge/share/ros2socketcan_bridge/package.ps1'
[0.751s] INFO:colcon.colcon_core.shell:Creating package descriptor '/home/offroad/radar_ws/install/ros2socketcan_bridge/share/ros2socketcan_bridge/package.dsv'
[0.751s] INFO:colcon.colcon_core.shell:Creating package script '/home/offroad/radar_ws/install/ros2socketcan_bridge/share/ros2socketcan_bridge/package.sh'
[0.751s] INFO:colcon.colcon_core.shell:Creating package script '/home/offroad/radar_ws/install/ros2socketcan_bridge/share/ros2socketcan_bridge/package.bash'
[0.752s] INFO:colcon.colcon_core.shell:Creating package script '/home/offroad/radar_ws/install/ros2socketcan_bridge/share/ros2socketcan_bridge/package.zsh'
[0.752s] Level 1:colcon.colcon_core.environment:create_file_with_runtime_dependencies(/home/offroad/radar_ws/install/ros2socketcan_bridge/share/colcon-core/packages/ros2socketcan_bridge)
[0.757s] DEBUG:colcon.colcon_core.event_handler.log_command:Invoking command in '/home/offroad/radar_ws/build/radar_conti_ars408_msgs': CMAKE_PREFIX_PATH=${CMAKE_PREFIX_PATH}:/opt/ros/foxy /usr/bin/cmake --install /home/offroad/radar_ws/build/radar_conti_ars408_msgs
[0.772s] Level 1:colcon.colcon_core.environment:create_environment_scripts_only(ros2socketcan_bridge)
[0.773s] Level 1:colcon.colcon_core.environment:checking '/home/offroad/radar_ws/install/ros2socketcan_bridge' for CMake module files
[0.774s] Level 1:colcon.colcon_core.environment:checking '/home/offroad/radar_ws/install/ros2socketcan_bridge' for CMake config files
[0.775s] Level 1:colcon.colcon_core.shell:create_environment_hook('ros2socketcan_bridge', 'cmake_prefix_path')
[0.776s] INFO:colcon.colcon_core.shell:Creating environment hook '/home/offroad/radar_ws/install/ros2socketcan_bridge/share/ros2socketcan_bridge/hook/cmake_prefix_path.ps1'
[0.777s] INFO:colcon.colcon_core.shell:Creating environment descriptor '/home/offroad/radar_ws/install/ros2socketcan_bridge/share/ros2socketcan_bridge/hook/cmake_prefix_path.dsv'
[0.777s] INFO:colcon.colcon_core.shell:Creating environment hook '/home/offroad/radar_ws/install/ros2socketcan_bridge/share/ros2socketcan_bridge/hook/cmake_prefix_path.sh'
[0.778s] Level 1:colcon.colcon_core.environment:checking '/home/offroad/radar_ws/install/ros2socketcan_bridge/lib'
[0.778s] Level 1:colcon.colcon_core.environment:checking '/home/offroad/radar_ws/install/ros2socketcan_bridge/bin'
[0.779s] Level 1:colcon.colcon_core.environment:checking '/home/offroad/radar_ws/install/ros2socketcan_bridge/lib/pkgconfig/ros2socketcan_bridge.pc'
[0.779s] Level 1:colcon.colcon_core.environment:checking '/home/offroad/radar_ws/install/ros2socketcan_bridge/lib/python3.8/site-packages'
[0.779s] Level 1:colcon.colcon_core.environment:checking '/home/offroad/radar_ws/install/ros2socketcan_bridge/bin'
[0.780s] INFO:colcon.colcon_core.shell:Creating package script '/home/offroad/radar_ws/install/ros2socketcan_bridge/share/ros2socketcan_bridge/package.ps1'
[0.780s] INFO:colcon.colcon_core.shell:Creating package descriptor '/home/offroad/radar_ws/install/ros2socketcan_bridge/share/ros2socketcan_bridge/package.dsv'
[0.781s] INFO:colcon.colcon_core.shell:Creating package script '/home/offroad/radar_ws/install/ros2socketcan_bridge/share/ros2socketcan_bridge/package.sh'
[0.782s] INFO:colcon.colcon_core.shell:Creating package script '/home/offroad/radar_ws/install/ros2socketcan_bridge/share/ros2socketcan_bridge/package.bash'
[0.782s] INFO:colcon.colcon_core.shell:Creating package script '/home/offroad/radar_ws/install/ros2socketcan_bridge/share/ros2socketcan_bridge/package.zsh'
[0.783s] Level 1:colcon.colcon_core.environment:create_file_with_runtime_dependencies(/home/offroad/radar_ws/install/ros2socketcan_bridge/share/colcon-core/packages/ros2socketcan_bridge)
[0.812s] Level 1:colcon.colcon_core.environment:create_environment_scripts_only(radar_conti_ars408_msgs)
[0.812s] Level 1:colcon.colcon_core.environment:checking '/home/offroad/radar_ws/install/radar_conti_ars408_msgs' for CMake module files
[0.813s] DEBUG:colcon.colcon_core.event_handler.log_command:Invoked command in '/home/offroad/radar_ws/build/radar_conti_ars408_msgs' returned '0': CMAKE_PREFIX_PATH=${CMAKE_PREFIX_PATH}:/opt/ros/foxy /usr/bin/cmake --install /home/offroad/radar_ws/build/radar_conti_ars408_msgs
[0.813s] Level 1:colcon.colcon_core.environment:checking '/home/offroad/radar_ws/install/radar_conti_ars408_msgs' for CMake config files
[0.813s] Level 1:colcon.colcon_core.shell:create_environment_hook('radar_conti_ars408_msgs', 'cmake_prefix_path')
[0.814s] INFO:colcon.colcon_core.shell:Creating environment hook '/home/offroad/radar_ws/install/radar_conti_ars408_msgs/share/radar_conti_ars408_msgs/hook/cmake_prefix_path.ps1'
[0.814s] INFO:colcon.colcon_core.shell:Creating environment descriptor '/home/offroad/radar_ws/install/radar_conti_ars408_msgs/share/radar_conti_ars408_msgs/hook/cmake_prefix_path.dsv'
[0.814s] INFO:colcon.colcon_core.shell:Creating environment hook '/home/offroad/radar_ws/install/radar_conti_ars408_msgs/share/radar_conti_ars408_msgs/hook/cmake_prefix_path.sh'
[0.815s] Level 1:colcon.colcon_core.environment:checking '/home/offroad/radar_ws/install/radar_conti_ars408_msgs/lib'
[0.815s] Level 1:colcon.colcon_core.shell:create_environment_hook('radar_conti_ars408_msgs', 'ld_library_path_lib')
[0.815s] INFO:colcon.colcon_core.shell:Creating environment hook '/home/offroad/radar_ws/install/radar_conti_ars408_msgs/share/radar_conti_ars408_msgs/hook/ld_library_path_lib.ps1'
[0.815s] INFO:colcon.colcon_core.shell:Creating environment descriptor '/home/offroad/radar_ws/install/radar_conti_ars408_msgs/share/radar_conti_ars408_msgs/hook/ld_library_path_lib.dsv'
[0.816s] INFO:colcon.colcon_core.shell:Creating environment hook '/home/offroad/radar_ws/install/radar_conti_ars408_msgs/share/radar_conti_ars408_msgs/hook/ld_library_path_lib.sh'
[0.816s] Level 1:colcon.colcon_core.environment:checking '/home/offroad/radar_ws/install/radar_conti_ars408_msgs/bin'
[0.816s] Level 1:colcon.colcon_core.environment:checking '/home/offroad/radar_ws/install/radar_conti_ars408_msgs/lib/pkgconfig/radar_conti_ars408_msgs.pc'
[0.816s] Level 1:colcon.colcon_core.environment:checking '/home/offroad/radar_ws/install/radar_conti_ars408_msgs/lib/python3.8/site-packages'
[0.816s] Level 1:colcon.colcon_core.shell:create_environment_hook('radar_conti_ars408_msgs', 'pythonpath')
[0.816s] INFO:colcon.colcon_core.shell:Creating environment hook '/home/offroad/radar_ws/install/radar_conti_ars408_msgs/share/radar_conti_ars408_msgs/hook/pythonpath.ps1'
[0.817s] INFO:colcon.colcon_core.shell:Creating environment descriptor '/home/offroad/radar_ws/install/radar_conti_ars408_msgs/share/radar_conti_ars408_msgs/hook/pythonpath.dsv'
[0.817s] INFO:colcon.colcon_core.shell:Creating environment hook '/home/offroad/radar_ws/install/radar_conti_ars408_msgs/share/radar_conti_ars408_msgs/hook/pythonpath.sh'
[0.817s] Level 1:colcon.colcon_core.environment:checking '/home/offroad/radar_ws/install/radar_conti_ars408_msgs/bin'
[0.818s] INFO:colcon.colcon_core.shell:Creating package script '/home/offroad/radar_ws/install/radar_conti_ars408_msgs/share/radar_conti_ars408_msgs/package.ps1'
[0.818s] INFO:colcon.colcon_core.shell:Creating package descriptor '/home/offroad/radar_ws/install/radar_conti_ars408_msgs/share/radar_conti_ars408_msgs/package.dsv'
[0.819s] INFO:colcon.colcon_core.shell:Creating package script '/home/offroad/radar_ws/install/radar_conti_ars408_msgs/share/radar_conti_ars408_msgs/package.sh'
[0.819s] INFO:colcon.colcon_core.shell:Creating package script '/home/offroad/radar_ws/install/radar_conti_ars408_msgs/share/radar_conti_ars408_msgs/package.bash'
[0.819s] INFO:colcon.colcon_core.shell:Creating package script '/home/offroad/radar_ws/install/radar_conti_ars408_msgs/share/radar_conti_ars408_msgs/package.zsh'
[0.819s] Level 1:colcon.colcon_core.environment:create_file_with_runtime_dependencies(/home/offroad/radar_ws/install/radar_conti_ars408_msgs/share/colcon-core/packages/radar_conti_ars408_msgs)
[1.035s] Level 1:colcon.colcon_core.environment:create_environment_scripts_only(radar_conti_ars408_msgs)
[1.036s] Level 1:colcon.colcon_core.environment:checking '/home/offroad/radar_ws/install/radar_conti_ars408_msgs' for CMake module files
[1.036s] Level 1:colcon.colcon_core.environment:checking '/home/offroad/radar_ws/install/radar_conti_ars408_msgs' for CMake config files
[1.036s] Level 1:colcon.colcon_core.shell:create_environment_hook('radar_conti_ars408_msgs', 'cmake_prefix_path')
[1.037s] INFO:colcon.colcon_core.shell:Creating environment hook '/home/offroad/radar_ws/install/radar_conti_ars408_msgs/share/radar_conti_ars408_msgs/hook/cmake_prefix_path.ps1'
[1.037s] INFO:colcon.colcon_core.shell:Creating environment descriptor '/home/offroad/radar_ws/install/radar_conti_ars408_msgs/share/radar_conti_ars408_msgs/hook/cmake_prefix_path.dsv'
[1.037s] INFO:colcon.colcon_core.shell:Creating environment hook '/home/offroad/radar_ws/install/radar_conti_ars408_msgs/share/radar_conti_ars408_msgs/hook/cmake_prefix_path.sh'
[1.038s] Level 1:colcon.colcon_core.environment:checking '/home/offroad/radar_ws/install/radar_conti_ars408_msgs/lib'
[1.038s] Level 1:colcon.colcon_core.shell:create_environment_hook('radar_conti_ars408_msgs', 'ld_library_path_lib')
[1.038s] INFO:colcon.colcon_core.shell:Creating environment hook '/home/offroad/radar_ws/install/radar_conti_ars408_msgs/share/radar_conti_ars408_msgs/hook/ld_library_path_lib.ps1'
[1.039s] INFO:colcon.colcon_core.shell:Creating environment descriptor '/home/offroad/radar_ws/install/radar_conti_ars408_msgs/share/radar_conti_ars408_msgs/hook/ld_library_path_lib.dsv'
[1.039s] INFO:colcon.colcon_core.shell:Creating environment hook '/home/offroad/radar_ws/install/radar_conti_ars408_msgs/share/radar_conti_ars408_msgs/hook/ld_library_path_lib.sh'
[1.039s] Level 1:colcon.colcon_core.environment:checking '/home/offroad/radar_ws/install/radar_conti_ars408_msgs/bin'
[1.039s] Level 1:colcon.colcon_core.environment:checking '/home/offroad/radar_ws/install/radar_conti_ars408_msgs/lib/pkgconfig/radar_conti_ars408_msgs.pc'
[1.039s] Level 1:colcon.colcon_core.environment:checking '/home/offroad/radar_ws/install/radar_conti_ars408_msgs/lib/python3.8/site-packages'
[1.039s] Level 1:colcon.colcon_core.shell:create_environment_hook('radar_conti_ars408_msgs', 'pythonpath')
[1.040s] INFO:colcon.colcon_core.shell:Creating environment hook '/home/offroad/radar_ws/install/radar_conti_ars408_msgs/share/radar_conti_ars408_msgs/hook/pythonpath.ps1'
[1.040s] INFO:colcon.colcon_core.shell:Creating environment descriptor '/home/offroad/radar_ws/install/radar_conti_ars408_msgs/share/radar_conti_ars408_msgs/hook/pythonpath.dsv'
[1.040s] INFO:colcon.colcon_core.shell:Creating environment hook '/home/offroad/radar_ws/install/radar_conti_ars408_msgs/share/radar_conti_ars408_msgs/hook/pythonpath.sh'
[1.041s] Level 1:colcon.colcon_core.environment:checking '/home/offroad/radar_ws/install/radar_conti_ars408_msgs/bin'
[1.041s] INFO:colcon.colcon_core.shell:Creating package script '/home/offroad/radar_ws/install/radar_conti_ars408_msgs/share/radar_conti_ars408_msgs/package.ps1'
[1.042s] INFO:colcon.colcon_core.shell:Creating package descriptor '/home/offroad/radar_ws/install/radar_conti_ars408_msgs/share/radar_conti_ars408_msgs/package.dsv'
[1.042s] INFO:colcon.colcon_core.shell:Creating package script '/home/offroad/radar_ws/install/radar_conti_ars408_msgs/share/radar_conti_ars408_msgs/package.sh'
[1.043s] INFO:colcon.colcon_core.shell:Creating package script '/home/offroad/radar_ws/install/radar_conti_ars408_msgs/share/radar_conti_ars408_msgs/package.bash'
[1.043s] INFO:colcon.colcon_core.shell:Creating package script '/home/offroad/radar_ws/install/radar_conti_ars408_msgs/share/radar_conti_ars408_msgs/package.zsh'
[1.043s] Level 1:colcon.colcon_core.environment:create_file_with_runtime_dependencies(/home/offroad/radar_ws/install/radar_conti_ars408_msgs/share/colcon-core/packages/radar_conti_ars408_msgs)
[1.044s] INFO:colcon.colcon_ros.task.ament_cmake.build:Building ROS package in '/home/offroad/radar_ws/src/radar_conti_ars408/src' with build type 'ament_cmake'
[1.044s] INFO:colcon.colcon_cmake.task.cmake.build:Building CMake package in '/home/offroad/radar_ws/src/radar_conti_ars408/src'
[1.044s] INFO:colcon.colcon_core.shell:Skip shell extension 'powershell' for command environment: Not usable outside of PowerShell
[1.044s] DEBUG:colcon.colcon_core.shell:Skip shell extension 'dsv' for command environment
[1.058s] DEBUG:colcon.colcon_core.event_handler.log_command:Invoking command in '/home/offroad/radar_ws/build/radar_conti_ars408': CMAKE_PREFIX_PATH=/home/offroad/radar_ws/install/ros2socketcan_bridge:/home/offroad/radar_ws/install/radar_conti_ars408_msgs:/home/offroad/radar_ws/install/can_msgs:/home/offroad/radar_ws/install/radar_conti_ars408:/opt/ros/foxy LD_LIBRARY_PATH=/home/offroad/radar_ws/install/radar_conti_ars408_msgs/lib:/home/offroad/radar_ws/install/can_msgs/lib:/home/offroad/radar_ws/install/radar_conti_ars408/lib:/usr/lib/x86_64-linux-gnu/gazebo-11/plugins:/opt/ros/foxy/opt/yaml_cpp_vendor/lib:/opt/ros/foxy/opt/rviz_ogre_vendor/lib:/opt/ros/foxy/lib/x86_64-linux-gnu:/opt/ros/foxy/lib /usr/bin/cmake --build /home/offroad/radar_ws/build/radar_conti_ars408 -- -j12 -l12
[1.160s] DEBUG:colcon.colcon_core.event_handler.log_command:Invoked command in '/home/offroad/radar_ws/build/radar_conti_ars408' returned '0': CMAKE_PREFIX_PATH=/home/offroad/radar_ws/install/ros2socketcan_bridge:/home/offroad/radar_ws/install/radar_conti_ars408_msgs:/home/offroad/radar_ws/install/can_msgs:/home/offroad/radar_ws/install/radar_conti_ars408:/opt/ros/foxy LD_LIBRARY_PATH=/home/offroad/radar_ws/install/radar_conti_ars408_msgs/lib:/home/offroad/radar_ws/install/can_msgs/lib:/home/offroad/radar_ws/install/radar_conti_ars408/lib:/usr/lib/x86_64-linux-gnu/gazebo-11/plugins:/opt/ros/foxy/opt/yaml_cpp_vendor/lib:/opt/ros/foxy/opt/rviz_ogre_vendor/lib:/opt/ros/foxy/lib/x86_64-linux-gnu:/opt/ros/foxy/lib /usr/bin/cmake --build /home/offroad/radar_ws/build/radar_conti_ars408 -- -j12 -l12
[1.189s] DEBUG:colcon.colcon_core.event_handler.log_command:Invoking command in '/home/offroad/radar_ws/build/radar_conti_ars408': CMAKE_PREFIX_PATH=/home/offroad/radar_ws/install/ros2socketcan_bridge:/home/offroad/radar_ws/install/radar_conti_ars408_msgs:/home/offroad/radar_ws/install/can_msgs:/home/offroad/radar_ws/install/radar_conti_ars408:/opt/ros/foxy LD_LIBRARY_PATH=/home/offroad/radar_ws/install/radar_conti_ars408_msgs/lib:/home/offroad/radar_ws/install/can_msgs/lib:/home/offroad/radar_ws/install/radar_conti_ars408/lib:/usr/lib/x86_64-linux-gnu/gazebo-11/plugins:/opt/ros/foxy/opt/yaml_cpp_vendor/lib:/opt/ros/foxy/opt/rviz_ogre_vendor/lib:/opt/ros/foxy/lib/x86_64-linux-gnu:/opt/ros/foxy/lib /usr/bin/cmake --install /home/offroad/radar_ws/build/radar_conti_ars408
[1.208s] Level 1:colcon.colcon_core.environment:create_environment_scripts_only(radar_conti_ars408)
[1.210s] Level 1:colcon.colcon_core.environment:checking '/home/offroad/radar_ws/install/radar_conti_ars408' for CMake module files
[1.211s] DEBUG:colcon.colcon_core.event_handler.log_command:Invoked command in '/home/offroad/radar_ws/build/radar_conti_ars408' returned '0': CMAKE_PREFIX_PATH=/home/offroad/radar_ws/install/ros2socketcan_bridge:/home/offroad/radar_ws/install/radar_conti_ars408_msgs:/home/offroad/radar_ws/install/can_msgs:/home/offroad/radar_ws/install/radar_conti_ars408:/opt/ros/foxy LD_LIBRARY_PATH=/home/offroad/radar_ws/install/radar_conti_ars408_msgs/lib:/home/offroad/radar_ws/install/can_msgs/lib:/home/offroad/radar_ws/install/radar_conti_ars408/lib:/usr/lib/x86_64-linux-gnu/gazebo-11/plugins:/opt/ros/foxy/opt/yaml_cpp_vendor/lib:/opt/ros/foxy/opt/rviz_ogre_vendor/lib:/opt/ros/foxy/lib/x86_64-linux-gnu:/opt/ros/foxy/lib /usr/bin/cmake --install /home/offroad/radar_ws/build/radar_conti_ars408
[1.211s] Level 1:colcon.colcon_core.environment:checking '/home/offroad/radar_ws/install/radar_conti_ars408' for CMake config files
[1.212s] Level 1:colcon.colcon_core.shell:create_environment_hook('radar_conti_ars408', 'cmake_prefix_path')
[1.212s] INFO:colcon.colcon_core.shell:Creating environment hook '/home/offroad/radar_ws/install/radar_conti_ars408/share/radar_conti_ars408/hook/cmake_prefix_path.ps1'
[1.213s] INFO:colcon.colcon_core.shell:Creating environment descriptor '/home/offroad/radar_ws/install/radar_conti_ars408/share/radar_conti_ars408/hook/cmake_prefix_path.dsv'
[1.214s] INFO:colcon.colcon_core.shell:Creating environment hook '/home/offroad/radar_ws/install/radar_conti_ars408/share/radar_conti_ars408/hook/cmake_prefix_path.sh'
[1.215s] Level 1:colcon.colcon_core.environment:checking '/home/offroad/radar_ws/install/radar_conti_ars408/lib'
[1.215s] Level 1:colcon.colcon_core.shell:create_environment_hook('radar_conti_ars408', 'ld_library_path_lib')
[1.216s] INFO:colcon.colcon_core.shell:Creating environment hook '/home/offroad/radar_ws/install/radar_conti_ars408/share/radar_conti_ars408/hook/ld_library_path_lib.ps1'
[1.216s] INFO:colcon.colcon_core.shell:Creating environment descriptor '/home/offroad/radar_ws/install/radar_conti_ars408/share/radar_conti_ars408/hook/ld_library_path_lib.dsv'
[1.217s] INFO:colcon.colcon_core.shell:Creating environment hook '/home/offroad/radar_ws/install/radar_conti_ars408/share/radar_conti_ars408/hook/ld_library_path_lib.sh'
[1.217s] Level 1:colcon.colcon_core.environment:checking '/home/offroad/radar_ws/install/radar_conti_ars408/bin'
[1.217s] Level 1:colcon.colcon_core.environment:checking '/home/offroad/radar_ws/install/radar_conti_ars408/lib/pkgconfig/radar_conti_ars408.pc'
[1.218s] Level 1:colcon.colcon_core.environment:checking '/home/offroad/radar_ws/install/radar_conti_ars408/lib/python3.8/site-packages'
[1.218s] Level 1:colcon.colcon_core.environment:checking '/home/offroad/radar_ws/install/radar_conti_ars408/bin'
[1.219s] INFO:colcon.colcon_core.shell:Creating package script '/home/offroad/radar_ws/install/radar_conti_ars408/share/radar_conti_ars408/package.ps1'
[1.220s] INFO:colcon.colcon_core.shell:Creating package descriptor '/home/offroad/radar_ws/install/radar_conti_ars408/share/radar_conti_ars408/package.dsv'
[1.221s] INFO:colcon.colcon_core.shell:Creating package script '/home/offroad/radar_ws/install/radar_conti_ars408/share/radar_conti_ars408/package.sh'
[1.221s] INFO:colcon.colcon_core.shell:Creating package script '/home/offroad/radar_ws/install/radar_conti_ars408/share/radar_conti_ars408/package.bash'
[1.222s] INFO:colcon.colcon_core.shell:Creating package script '/home/offroad/radar_ws/install/radar_conti_ars408/share/radar_conti_ars408/package.zsh'
[1.222s] Level 1:colcon.colcon_core.environment:create_file_with_runtime_dependencies(/home/offroad/radar_ws/install/radar_conti_ars408/share/colcon-core/packages/radar_conti_ars408)
[1.265s] Level 1:colcon.colcon_core.environment:create_environment_scripts_only(radar_conti_ars408)
[1.266s] Level 1:colcon.colcon_core.environment:checking '/home/offroad/radar_ws/install/radar_conti_ars408' for CMake module files
[1.267s] Level 1:colcon.colcon_core.environment:checking '/home/offroad/radar_ws/install/radar_conti_ars408' for CMake config files
[1.268s] Level 1:colcon.colcon_core.shell:create_environment_hook('radar_conti_ars408', 'cmake_prefix_path')
[1.268s] INFO:colcon.colcon_core.shell:Creating environment hook '/home/offroad/radar_ws/install/radar_conti_ars408/share/radar_conti_ars408/hook/cmake_prefix_path.ps1'
[1.269s] INFO:colcon.colcon_core.shell:Creating environment descriptor '/home/offroad/radar_ws/install/radar_conti_ars408/share/radar_conti_ars408/hook/cmake_prefix_path.dsv'
[1.270s] INFO:colcon.colcon_core.shell:Creating environment hook '/home/offroad/radar_ws/install/radar_conti_ars408/share/radar_conti_ars408/hook/cmake_prefix_path.sh'
[1.271s] Level 1:colcon.colcon_core.environment:checking '/home/offroad/radar_ws/install/radar_conti_ars408/lib'
[1.271s] Level 1:colcon.colcon_core.shell:create_environment_hook('radar_conti_ars408', 'ld_library_path_lib')
[1.271s] INFO:colcon.colcon_core.shell:Creating environment hook '/home/offroad/radar_ws/install/radar_conti_ars408/share/radar_conti_ars408/hook/ld_library_path_lib.ps1'
[1.272s] INFO:colcon.colcon_core.shell:Creating environment descriptor '/home/offroad/radar_ws/install/radar_conti_ars408/share/radar_conti_ars408/hook/ld_library_path_lib.dsv'
[1.272s] INFO:colcon.colcon_core.shell:Creating environment hook '/home/offroad/radar_ws/install/radar_conti_ars408/share/radar_conti_ars408/hook/ld_library_path_lib.sh'
[1.273s] Level 1:colcon.colcon_core.environment:checking '/home/offroad/radar_ws/install/radar_conti_ars408/bin'
[1.273s] Level 1:colcon.colcon_core.environment:checking '/home/offroad/radar_ws/install/radar_conti_ars408/lib/pkgconfig/radar_conti_ars408.pc'
[1.274s] Level 1:colcon.colcon_core.environment:checking '/home/offroad/radar_ws/install/radar_conti_ars408/lib/python3.8/site-packages'
[1.274s] Level 1:colcon.colcon_core.environment:checking '/home/offroad/radar_ws/install/radar_conti_ars408/bin'
[1.275s] INFO:colcon.colcon_core.shell:Creating package script '/home/offroad/radar_ws/install/radar_conti_ars408/share/radar_conti_ars408/package.ps1'
[1.276s] INFO:colcon.colcon_core.shell:Creating package descriptor '/home/offroad/radar_ws/install/radar_conti_ars408/share/radar_conti_ars408/package.dsv'
[1.276s] INFO:colcon.colcon_core.shell:Creating package script '/home/offroad/radar_ws/install/radar_conti_ars408/share/radar_conti_ars408/package.sh'
[1.277s] INFO:colcon.colcon_core.shell:Creating package script '/home/offroad/radar_ws/install/radar_conti_ars408/share/radar_conti_ars408/package.bash'
[1.278s] INFO:colcon.colcon_core.shell:Creating package script '/home/offroad/radar_ws/install/radar_conti_ars408/share/radar_conti_ars408/package.zsh'
[1.278s] Level 1:colcon.colcon_core.environment:create_file_with_runtime_dependencies(/home/offroad/radar_ws/install/radar_conti_ars408/share/colcon-core/packages/radar_conti_ars408)
[1.279s] DEBUG:colcon.colcon_parallel_executor.executor.parallel:closing loop
[1.280s] DEBUG:colcon.colcon_parallel_executor.executor.parallel:loop closed
[1.280s] DEBUG:colcon.colcon_parallel_executor.executor.parallel:run_until_complete finished with '0'
[1.280s] DEBUG:colcon.colcon_core.event_reactor:joining thread
[1.290s] INFO:colcon.colcon_core.plugin_system:Skipping extension 'colcon_notification.desktop_notification.terminal_notifier': Not used on non-Darwin systems
[1.290s] INFO:colcon.colcon_core.plugin_system:Skipping extension 'colcon_notification.desktop_notification.win32': Not used on non-Windows systems
[1.291s] INFO:colcon.colcon_notification.desktop_notification:Sending desktop notification using 'notify2'
[1.314s] DEBUG:colcon.colcon_core.event_reactor:joined thread
[1.315s] INFO:colcon.colcon_core.shell:Creating prefix script '/home/offroad/radar_ws/install/local_setup.ps1'
[1.316s] INFO:colcon.colcon_core.shell:Creating prefix util module '/home/offroad/radar_ws/install/_local_setup_util_ps1.py'
[1.318s] INFO:colcon.colcon_core.shell:Creating prefix chain script '/home/offroad/radar_ws/install/setup.ps1'
[1.320s] INFO:colcon.colcon_core.shell:Creating prefix script '/home/offroad/radar_ws/install/local_setup.sh'
[1.321s] INFO:colcon.colcon_core.shell:Creating prefix util module '/home/offroad/radar_ws/install/_local_setup_util_sh.py'
[1.322s] INFO:colcon.colcon_core.shell:Creating prefix chain script '/home/offroad/radar_ws/install/setup.sh'
[1.324s] INFO:colcon.colcon_core.shell:Creating prefix script '/home/offroad/radar_ws/install/local_setup.bash'
[1.325s] INFO:colcon.colcon_core.shell:Creating prefix chain script '/home/offroad/radar_ws/install/setup.bash'
[1.326s] INFO:colcon.colcon_core.shell:Creating prefix script '/home/offroad/radar_ws/install/local_setup.zsh'
[1.327s] INFO:colcon.colcon_core.shell:Creating prefix chain script '/home/offroad/radar_ws/install/setup.zsh'
