-- The C compiler identification is GNU 9.4.0
-- The CXX compiler identification is GNU 9.4.0
-- Check for working C compiler: /usr/bin/cc
-- Check for working C compiler: /usr/bin/cc -- works
-- Detecting C compiler ABI info
-- Detecting C compiler ABI info - done
-- Detecting C compile features
-- Detecting C compile features - done
-- Check for working CXX compiler: /usr/bin/c++
-- Check for working CXX compiler: /usr/bin/c++ -- works
-- Detecting CXX compiler ABI info
-- Detecting CXX compiler ABI info - done
-- Detecting CXX compile features
-- Detecting CXX compile features - done
-- Found ament_cmake: 0.9.9 (/opt/ros/foxy/share/ament_cmake/cmake)
-- Found PythonInterp: /usr/bin/python3 (found suitable version "3.8.10", minimum required is "3") 
-- Using PYTHON_EXECUTABLE: /usr/bin/python3
-- Found ament_index_cpp: 1.1.0 (/opt/ros/foxy/share/ament_index_cpp/cmake)
-- Found builtin_interfaces: 1.0.0 (/opt/ros/foxy/share/builtin_interfaces/cmake)
-- Using all available rosidl_typesupport_c: rosidl_typesupport_fastrtps_c;rosidl_typesupport_introspection_c
-- Found rosidl_adapter: 1.2.1 (/opt/ros/foxy/share/rosidl_adapter/cmake)
-- Found OpenSSL: /usr/lib/x86_64-linux-gnu/libcrypto.so (found version "1.1.1f")  
-- Found FastRTPS: /opt/ros/foxy/include  
-- Using all available rosidl_typesupport_cpp: rosidl_typesupport_fastrtps_cpp;rosidl_typesupport_introspection_cpp
-- Found example_interfaces: 0.9.1 (/opt/ros/foxy/share/example_interfaces/cmake)
-- Found rclcpp: 2.4.1 (/opt/ros/foxy/share/rclcpp/cmake)
-- Found rmw_implementation_cmake: 1.0.3 (/opt/ros/foxy/share/rmw_implementation_cmake/cmake)
-- Using RMW implementation 'rmw_fastrtps_cpp' as default
-- Looking for pthread.h
-- Looking for pthread.h - found
-- Performing Test CMAKE_HAVE_LIBC_PTHREAD
-- Performing Test CMAKE_HAVE_LIBC_PTHREAD - Failed
-- Looking for pthread_create in pthreads
-- Looking for pthread_create in pthreads - not found
-- Looking for pthread_create in pthread
-- Looking for pthread_create in pthread - found
-- Found Threads: TRUE  
-- Found rclcpp_components: 2.4.1 (/opt/ros/foxy/share/rclcpp_components/cmake)
-- Found rclcpp_lifecycle: 2.4.1 (/opt/ros/foxy/share/rclcpp_lifecycle/cmake)
-- Found geometry_msgs: 2.0.5 (/opt/ros/foxy/share/geometry_msgs/cmake)
-- Found can_msgs: 0.0.0 (/home/offroad/radar_ws/install/can_msgs/share/can_msgs/cmake)
-- Found radar_conti_ars408_msgs: 0.0.0 (/home/offroad/radar_ws/install/radar_conti_ars408_msgs/share/radar_conti_ars408_msgs/cmake)
-- Found visualization_msgs: 2.0.5 (/opt/ros/foxy/share/visualization_msgs/cmake)
-- Found tf2_ros: 0.13.13 (/opt/ros/foxy/share/tf2_ros/cmake)
-- Found ros2socketcan_bridge: 0.0.0 (/home/offroad/radar_ws/install/ros2socketcan_bridge/share/ros2socketcan_bridge/cmake)
-- Configuring done
-- Generating done
-- Build files have been written to: /home/offroad/radar_ws/build/radar_conti_ars408
[35m[1mScanning dependencies of target radar_conti_ars408_component[0m
[ 25%] [32mBuilding CXX object CMakeFiles/radar_conti_ars408_component.dir/src/radar_conti_ars408_component.cpp.o[0m
In file included from [01m[K/home/offroad/radar_ws/src/radar_conti_ars408/src/src/../include/radar_conti_ars408_component.hpp:24[m[K,
                 from [01m[K/home/offroad/radar_ws/src/radar_conti_ars408/src/src/radar_conti_ars408_component.cpp:14[m[K:
[01m[K/home/offroad/radar_ws/src/radar_conti_ars408/src/src/../include/visibility_control.h:43:[m[K [01;35m[Kwarning: [m[K"RADAR_CONTI_ARS408_RADAR_CONTI_ARS408" redefined
   43 |   #define RADAR_CONTI_ARS408_RADAR_CONTI_ARS408
      | 
[01m[K/home/offroad/radar_ws/src/radar_conti_ars408/src/src/../include/visibility_control.h:42:[m[K [01;36m[Knote: [m[Kthis is the location of the previous definition
   42 |   #define RADAR_CONTI_ARS408_RADAR_CONTI_ARS408 __attribute__ ((visibility("default")))
      | 
[01m[K/home/offroad/radar_ws/src/radar_conti_ars408/src/src/radar_conti_ars408_component.cpp:[m[K In member function ‘[01m[Kvirtual rclcpp_lifecycle::node_interfaces::LifecycleNodeInterface::CallbackReturn FHAC::radar_conti_ars408::on_shutdown(const rclcpp_lifecycle::State&)[m[K’:
[01m[K/home/offroad/radar_ws/src/radar_conti_ars408/src/src/radar_conti_ars408_component.cpp:68:34:[m[K [01;35m[Kwarning: [m[Kunused parameter ‘[01m[Kprevious_state[m[K’ [[01;35m[K-Wunused-parameter[m[K]
   68 |   [01;35m[Kconst rclcpp_lifecycle::State& previous_state[m[K)
      |   [01;35m[K~~~~~~~~~~~~~~~~~~~~~~~~~~~~~~~^~~~~~~~~~~~~~[m[K
[01m[K/home/offroad/radar_ws/src/radar_conti_ars408/src/src/radar_conti_ars408_component.cpp:[m[K In member function ‘[01m[Kvirtual rclcpp_lifecycle::node_interfaces::LifecycleNodeInterface::CallbackReturn FHAC::radar_conti_ars408::on_error(const rclcpp_lifecycle::State&)[m[K’:
[01m[K/home/offroad/radar_ws/src/radar_conti_ars408/src/src/radar_conti_ars408_component.cpp:76:36:[m[K [01;35m[Kwarning: [m[Kunused parameter ‘[01m[Kprevious_state[m[K’ [[01;35m[K-Wunused-parameter[m[K]
   76 |     [01;35m[Kconst rclcpp_lifecycle::State& previous_state[m[K)
      |     [01;35m[K~~~~~~~~~~~~~~~~~~~~~~~~~~~~~~~^~~~~~~~~~~~~~[m[K
[ 50%] [32m[1mLinking CXX shared library libradar_conti_ars408_component.so[0m
[ 50%] Built target radar_conti_ars408_component
[35m[1mScanning dependencies of target radar_conti_ars408_composition[0m
[ 75%] [32mBuilding CXX object CMakeFiles/radar_conti_ars408_composition.dir/src/radar_conti_ars408_composition.cpp.o[0m
In file included from [01m[K/home/offroad/radar_ws/src/radar_conti_ars408/src/src/../include/radar_conti_ars408_component.hpp:24[m[K,
                 from [01m[K/home/offroad/radar_ws/src/radar_conti_ars408/src/src/radar_conti_ars408_composition.cpp:16[m[K:
[01m[K/home/offroad/radar_ws/src/radar_conti_ars408/src/src/../include/visibility_control.h:43:[m[K [01;35m[Kwarning: [m[K"RADAR_CONTI_ARS408_RADAR_CONTI_ARS408" redefined
   43 |   #define RADAR_CONTI_ARS408_RADAR_CONTI_ARS408
      | 
[01m[K/home/offroad/radar_ws/src/radar_conti_ars408/src/src/../include/visibility_control.h:42:[m[K [01;36m[Knote: [m[Kthis is the location of the previous definition
   42 |   #define RADAR_CONTI_ARS408_RADAR_CONTI_ARS408 __attribute__ ((visibility("default")))
      | 
[100%] [32m[1mLinking CXX executable radar_conti_ars408_composition[0m
[100%] Built target radar_conti_ars408_composition
-- Install configuration: "Release"
-- Installing: /home/offroad/radar_ws/install/radar_conti_ars408/share/radar_conti_ars408/environment/library_path.sh
-- Installing: /home/offroad/radar_ws/install/radar_conti_ars408/share/radar_conti_ars408/environment/library_path.dsv
-- Installing: /home/offroad/radar_ws/install/radar_conti_ars408/lib/radar_conti_ars408/radar_conti_ars408_composition
-- Set runtime path of "/home/offroad/radar_ws/install/radar_conti_ars408/lib/radar_conti_ars408/radar_conti_ars408_composition" to ""
-- Installing: /home/offroad/radar_ws/install/radar_conti_ars408/lib/libradar_conti_ars408_component.so
-- Set runtime path of "/home/offroad/radar_ws/install/radar_conti_ars408/lib/libradar_conti_ars408_component.so" to ""
-- Installing: /home/offroad/radar_ws/install/radar_conti_ars408/include/radar_conti_ars408/
-- Installing: /home/offroad/radar_ws/install/radar_conti_ars408/include/radar_conti_ars408//visibility_control.h
-- Installing: /home/offroad/radar_ws/install/radar_conti_ars408/include/radar_conti_ars408//radar_conti_ars408_component.hpp
-- Installing: /home/offroad/radar_ws/install/radar_conti_ars408/include/radar_conti_ars408//ars_408_can_defines.h
-- Installing: /home/offroad/radar_ws/install/radar_conti_ars408/share/radar_conti_ars408/resources
-- Installing: /home/offroad/radar_ws/install/radar_conti_ars408/share/radar_conti_ars408/resources/low_poly_911.dae
-- Installing: /home/offroad/radar_ws/install/radar_conti_ars408/share/radar_conti_ars408/launch
-- Installing: /home/offroad/radar_ws/install/radar_conti_ars408/share/radar_conti_ars408/launch/radar.launch.py
-- Installing: /home/offroad/radar_ws/install/radar_conti_ars408/share/ament_index/resource_index/package_run_dependencies/radar_conti_ars408
-- Installing: /home/offroad/radar_ws/install/radar_conti_ars408/share/ament_index/resource_index/parent_prefix_path/radar_conti_ars408
-- Installing: /home/offroad/radar_ws/install/radar_conti_ars408/share/radar_conti_ars408/environment/ament_prefix_path.sh
-- Installing: /home/offroad/radar_ws/install/radar_conti_ars408/share/radar_conti_ars408/environment/ament_prefix_path.dsv
-- Installing: /home/offroad/radar_ws/install/radar_conti_ars408/share/radar_conti_ars408/environment/path.sh
-- Installing: /home/offroad/radar_ws/install/radar_conti_ars408/share/radar_conti_ars408/environment/path.dsv
-- Installing: /home/offroad/radar_ws/install/radar_conti_ars408/share/radar_conti_ars408/local_setup.bash
-- Installing: /home/offroad/radar_ws/install/radar_conti_ars408/share/radar_conti_ars408/local_setup.sh
-- Installing: /home/offroad/radar_ws/install/radar_conti_ars408/share/radar_conti_ars408/local_setup.zsh
-- Installing: /home/offroad/radar_ws/install/radar_conti_ars408/share/radar_conti_ars408/local_setup.dsv
-- Installing: /home/offroad/radar_ws/install/radar_conti_ars408/share/radar_conti_ars408/package.dsv
-- Installing: /home/offroad/radar_ws/install/radar_conti_ars408/share/ament_index/resource_index/packages/radar_conti_ars408
-- Installing: /home/offroad/radar_ws/install/radar_conti_ars408/share/ament_index/resource_index/rclcpp_components/radar_conti_ars408
-- Installing: /home/offroad/radar_ws/install/radar_conti_ars408/share/radar_conti_ars408/cmake/radar_conti_ars408Config.cmake
-- Installing: /home/offroad/radar_ws/install/radar_conti_ars408/share/radar_conti_ars408/cmake/radar_conti_ars408Config-version.cmake
-- Installing: /home/offroad/radar_ws/install/radar_conti_ars408/share/radar_conti_ars408/package.xml
