[0.058s] Invoking command in '/home/offroad/radar_ws/src/build/ros2socketcan_bridge': AMENT_PREFIX_PATH=/home/offroad/radar_ws/src/install/can_msgs:${AMENT_PREFIX_PATH} CMAKE_PREFIX_PATH=/home/offroad/radar_ws/src/install/can_msgs:/home/offroad/radar_ws/install/ros2socketcan_bridge:/home/offroad/radar_ws/install/radar_conti_ars408:/home/offroad/radar_ws/install/cpp_srvcli:/home/offroad/radar_ws/install/radar_conti_ars408_msgs:/home/offroad/radar_ws/install/cpp_pubsub:/home/offroad/radar_ws/install/can_msgs:/opt/ros/foxy LD_LIBRARY_PATH=/home/offroad/radar_ws/src/install/can_msgs/lib:${LD_LIBRARY_PATH} PYTHONPATH=/home/offroad/radar_ws/src/install/can_msgs/lib/python3.8/site-packages:${PYTHONPATH} /usr/bin/cmake /home/offroad/radar_ws/src/ros2_socketcan_bridge/ros2socketcan_bridge -DCMAKE_INSTALL_PREFIX=/home/offroad/radar_ws/src/install/ros2socketcan_bridge
[0.296s] -- The C compiler identification is GNU 9.4.0
[0.526s] -- The CXX compiler identification is GNU 9.4.0
[0.545s] -- Check for working C compiler: /usr/bin/cc
[0.832s] -- Check for working C compiler: /usr/bin/cc -- works
[0.835s] -- Detecting C compiler ABI info
[1.072s] -- Detecting C compiler ABI info - done
[1.096s] -- Detecting C compile features
[1.097s] -- Detecting C compile features - done
[1.104s] -- Check for working CXX compiler: /usr/bin/c++
[1.432s] -- Check for working CXX compiler: /usr/bin/c++ -- works
[1.434s] -- Detecting CXX compiler ABI info
[1.809s] -- Detecting CXX compiler ABI info - done
[1.849s] -- Detecting CXX compile features
[1.853s] -- Detecting CXX compile features - done
[1.864s] -- Found ament_cmake: 0.9.9 (/opt/ros/foxy/share/ament_cmake/cmake)
[2.011s] -- Found PythonInterp: /usr/bin/python3 (found suitable version "3.8.10", minimum required is "3") 
[2.013s] -- Using PYTHON_EXECUTABLE: /usr/bin/python3
[3.123s] -- Found rclcpp: 2.4.1 (/opt/ros/foxy/share/rclcpp/cmake)
[3.310s] -- Using all available rosidl_typesupport_c: rosidl_typesupport_fastrtps_c;rosidl_typesupport_introspection_c
[3.346s] -- Found rosidl_adapter: 1.2.1 (/opt/ros/foxy/share/rosidl_adapter/cmake)
[3.689s] -- Found OpenSSL: /usr/lib/x86_64-linux-gnu/libcrypto.so (found version "1.1.1f")  
[3.777s] -- Found FastRTPS: /opt/ros/foxy/include  
[3.980s] -- Using all available rosidl_typesupport_cpp: rosidl_typesupport_fastrtps_cpp;rosidl_typesupport_introspection_cpp
[4.137s] -- Found rmw_implementation_cmake: 1.0.3 (/opt/ros/foxy/share/rmw_implementation_cmake/cmake)
[4.140s] -- Using RMW implementation 'rmw_fastrtps_cpp' as default
[4.141s] -- Looking for pthread.h
[4.378s] -- Looking for pthread.h - found
[4.379s] -- Performing Test CMAKE_HAVE_LIBC_PTHREAD
[4.653s] -- Performing Test CMAKE_HAVE_LIBC_PTHREAD - Failed
[4.655s] -- Looking for pthread_create in pthreads
[4.791s] -- Looking for pthread_create in pthreads - not found
[4.792s] -- Looking for pthread_create in pthread
[4.935s] -- Looking for pthread_create in pthread - found
[4.939s] -- Found Threads: TRUE  
[5.292s] -- Found can_msgs: 0.0.0 (/home/offroad/radar_ws/src/install/can_msgs/share/can_msgs/cmake)
[5.626s] -- Configuring done
[5.637s] -- Generating done
[5.638s] -- Build files have been written to: /home/offroad/radar_ws/src/build/ros2socketcan_bridge
[5.663s] Invoked command in '/home/offroad/radar_ws/src/build/ros2socketcan_bridge' returned '0': AMENT_PREFIX_PATH=/home/offroad/radar_ws/src/install/can_msgs:${AMENT_PREFIX_PATH} CMAKE_PREFIX_PATH=/home/offroad/radar_ws/src/install/can_msgs:/home/offroad/radar_ws/install/ros2socketcan_bridge:/home/offroad/radar_ws/install/radar_conti_ars408:/home/offroad/radar_ws/install/cpp_srvcli:/home/offroad/radar_ws/install/radar_conti_ars408_msgs:/home/offroad/radar_ws/install/cpp_pubsub:/home/offroad/radar_ws/install/can_msgs:/opt/ros/foxy LD_LIBRARY_PATH=/home/offroad/radar_ws/src/install/can_msgs/lib:${LD_LIBRARY_PATH} PYTHONPATH=/home/offroad/radar_ws/src/install/can_msgs/lib/python3.8/site-packages:${PYTHONPATH} /usr/bin/cmake /home/offroad/radar_ws/src/ros2_socketcan_bridge/ros2socketcan_bridge -DCMAKE_INSTALL_PREFIX=/home/offroad/radar_ws/src/install/ros2socketcan_bridge
[5.669s] Invoking command in '/home/offroad/radar_ws/src/build/ros2socketcan_bridge': AMENT_PREFIX_PATH=/home/offroad/radar_ws/src/install/can_msgs:${AMENT_PREFIX_PATH} CMAKE_PREFIX_PATH=/home/offroad/radar_ws/src/install/can_msgs:/home/offroad/radar_ws/install/ros2socketcan_bridge:/home/offroad/radar_ws/install/radar_conti_ars408:/home/offroad/radar_ws/install/cpp_srvcli:/home/offroad/radar_ws/install/radar_conti_ars408_msgs:/home/offroad/radar_ws/install/cpp_pubsub:/home/offroad/radar_ws/install/can_msgs:/opt/ros/foxy LD_LIBRARY_PATH=/home/offroad/radar_ws/src/install/can_msgs/lib:${LD_LIBRARY_PATH} PYTHONPATH=/home/offroad/radar_ws/src/install/can_msgs/lib/python3.8/site-packages:${PYTHONPATH} /usr/bin/cmake --build /home/offroad/radar_ws/src/build/ros2socketcan_bridge -- -j12 -l12
[5.750s] [35m[1mScanning dependencies of target ros2socketcan_bridge[0m
[5.784s] [100%] [32m[1mLinking CXX static library libros2socketcan_bridge.a[0m
[5.873s] [100%] Built target ros2socketcan_bridge
[5.905s] Invoked command in '/home/offroad/radar_ws/src/build/ros2socketcan_bridge' returned '0': AMENT_PREFIX_PATH=/home/offroad/radar_ws/src/install/can_msgs:${AMENT_PREFIX_PATH} CMAKE_PREFIX_PATH=/home/offroad/radar_ws/src/install/can_msgs:/home/offroad/radar_ws/install/ros2socketcan_bridge:/home/offroad/radar_ws/install/radar_conti_ars408:/home/offroad/radar_ws/install/cpp_srvcli:/home/offroad/radar_ws/install/radar_conti_ars408_msgs:/home/offroad/radar_ws/install/cpp_pubsub:/home/offroad/radar_ws/install/can_msgs:/opt/ros/foxy LD_LIBRARY_PATH=/home/offroad/radar_ws/src/install/can_msgs/lib:${LD_LIBRARY_PATH} PYTHONPATH=/home/offroad/radar_ws/src/install/can_msgs/lib/python3.8/site-packages:${PYTHONPATH} /usr/bin/cmake --build /home/offroad/radar_ws/src/build/ros2socketcan_bridge -- -j12 -l12
[5.981s] Invoking command in '/home/offroad/radar_ws/src/build/ros2socketcan_bridge': AMENT_PREFIX_PATH=/home/offroad/radar_ws/src/install/can_msgs:${AMENT_PREFIX_PATH} CMAKE_PREFIX_PATH=/home/offroad/radar_ws/src/install/can_msgs:/home/offroad/radar_ws/install/ros2socketcan_bridge:/home/offroad/radar_ws/install/radar_conti_ars408:/home/offroad/radar_ws/install/cpp_srvcli:/home/offroad/radar_ws/install/radar_conti_ars408_msgs:/home/offroad/radar_ws/install/cpp_pubsub:/home/offroad/radar_ws/install/can_msgs:/opt/ros/foxy LD_LIBRARY_PATH=/home/offroad/radar_ws/src/install/can_msgs/lib:${LD_LIBRARY_PATH} PYTHONPATH=/home/offroad/radar_ws/src/install/can_msgs/lib/python3.8/site-packages:${PYTHONPATH} /usr/bin/cmake --install /home/offroad/radar_ws/src/build/ros2socketcan_bridge
[6.007s] -- Install configuration: ""
[6.008s] -- Installing: /home/offroad/radar_ws/src/install/ros2socketcan_bridge/include/ros2socketcan_bridge
[6.008s] -- Installing: /home/offroad/radar_ws/src/install/ros2socketcan_bridge/include/ros2socketcan_bridge/ros2socketcan.h
[6.008s] -- Installing: /home/offroad/radar_ws/src/install/ros2socketcan_bridge/lib/ros2socketcan_bridge/libros2socketcan_bridge.a
[6.008s] -- Installing: /home/offroad/radar_ws/src/install/ros2socketcan_bridge/share/ament_index/resource_index/package_run_dependencies/ros2socketcan_bridge
[6.008s] -- Installing: /home/offroad/radar_ws/src/install/ros2socketcan_bridge/share/ament_index/resource_index/parent_prefix_path/ros2socketcan_bridge
[6.008s] -- Installing: /home/offroad/radar_ws/src/install/ros2socketcan_bridge/share/ros2socketcan_bridge/environment/ament_prefix_path.sh
[6.008s] -- Installing: /home/offroad/radar_ws/src/install/ros2socketcan_bridge/share/ros2socketcan_bridge/environment/ament_prefix_path.dsv
[6.008s] -- Installing: /home/offroad/radar_ws/src/install/ros2socketcan_bridge/share/ros2socketcan_bridge/environment/path.sh
[6.009s] -- Installing: /home/offroad/radar_ws/src/install/ros2socketcan_bridge/share/ros2socketcan_bridge/environment/path.dsv
[6.009s] -- Installing: /home/offroad/radar_ws/src/install/ros2socketcan_bridge/share/ros2socketcan_bridge/local_setup.bash
[6.009s] -- Installing: /home/offroad/radar_ws/src/install/ros2socketcan_bridge/share/ros2socketcan_bridge/local_setup.sh
[6.009s] -- Installing: /home/offroad/radar_ws/src/install/ros2socketcan_bridge/share/ros2socketcan_bridge/local_setup.zsh
[6.009s] -- Installing: /home/offroad/radar_ws/src/install/ros2socketcan_bridge/share/ros2socketcan_bridge/local_setup.dsv
[6.010s] -- Installing: /home/offroad/radar_ws/src/install/ros2socketcan_bridge/share/ros2socketcan_bridge/package.dsv
[6.012s] -- Installing: /home/offroad/radar_ws/src/install/ros2socketcan_bridge/share/ament_index/resource_index/packages/ros2socketcan_bridge
[6.014s] -- Installing: /home/offroad/radar_ws/src/install/ros2socketcan_bridge/share/ros2socketcan_bridge/cmake/ament_cmake_export_include_directories-extras.cmake
[6.015s] -- Installing: /home/offroad/radar_ws/src/install/ros2socketcan_bridge/share/ros2socketcan_bridge/cmake/ament_cmake_export_dependencies-extras.cmake
[6.016s] -- Installing: /home/offroad/radar_ws/src/install/ros2socketcan_bridge/share/ros2socketcan_bridge/cmake/ros2socketcan_bridgeConfig.cmake
[6.016s] -- Installing: /home/offroad/radar_ws/src/install/ros2socketcan_bridge/share/ros2socketcan_bridge/cmake/ros2socketcan_bridgeConfig-version.cmake
[6.017s] -- Installing: /home/offroad/radar_ws/src/install/ros2socketcan_bridge/share/ros2socketcan_bridge/package.xml
[6.024s] Invoked command in '/home/offroad/radar_ws/src/build/ros2socketcan_bridge' returned '0': AMENT_PREFIX_PATH=/home/offroad/radar_ws/src/install/can_msgs:${AMENT_PREFIX_PATH} CMAKE_PREFIX_PATH=/home/offroad/radar_ws/src/install/can_msgs:/home/offroad/radar_ws/install/ros2socketcan_bridge:/home/offroad/radar_ws/install/radar_conti_ars408:/home/offroad/radar_ws/install/cpp_srvcli:/home/offroad/radar_ws/install/radar_conti_ars408_msgs:/home/offroad/radar_ws/install/cpp_pubsub:/home/offroad/radar_ws/install/can_msgs:/opt/ros/foxy LD_LIBRARY_PATH=/home/offroad/radar_ws/src/install/can_msgs/lib:${LD_LIBRARY_PATH} PYTHONPATH=/home/offroad/radar_ws/src/install/can_msgs/lib/python3.8/site-packages:${PYTHONPATH} /usr/bin/cmake --install /home/offroad/radar_ws/src/build/ros2socketcan_bridge
