[0.081s] Invoking command in '/home/offroad/radar_ws/src/build/radar_conti_ars408_msgs': CMAKE_PREFIX_PATH=${CMAKE_PREFIX_PATH}:/opt/ros/foxy /usr/bin/cmake /home/offroad/radar_ws/src/radar_conti_ars408_msgs -DCMAKE_INSTALL_PREFIX=/home/offroad/radar_ws/src/install/radar_conti_ars408_msgs
[0.290s] -- The C compiler identification is GNU 9.4.0
[0.527s] -- The CXX compiler identification is GNU 9.4.0
[0.549s] -- Check for working C compiler: /usr/bin/cc
[0.970s] -- Check for working C compiler: /usr/bin/cc -- works
[0.974s] -- Detecting C compiler ABI info
[1.416s] -- Detecting C compiler ABI info - done
[1.466s] -- Detecting C compile features
[1.467s] -- Detecting C compile features - done
[1.483s] -- Check for working CXX compiler: /usr/bin/c++
[1.987s] -- Check for working CXX compiler: /usr/bin/c++ -- works
[1.987s] -- Detecting CXX compiler ABI info
[2.521s] -- Detecting CXX compiler ABI info - done
[2.578s] -- Detecting CXX compile features
[2.585s] -- Detecting CXX compile features - done
[2.613s] -- Found ament_cmake: 0.9.9 (/opt/ros/foxy/share/ament_cmake/cmake)
[2.782s] -- Found PythonInterp: /usr/bin/python3 (found suitable version "3.8.10", minimum required is "3") 
[2.783s] -- Using PYTHON_EXECUTABLE: /usr/bin/python3
[3.869s] -- Found std_msgs: 2.0.5 (/opt/ros/foxy/share/std_msgs/cmake)
[3.966s] -- Using all available rosidl_typesupport_c: rosidl_typesupport_fastrtps_c;rosidl_typesupport_introspection_c
[3.990s] -- Found rosidl_adapter: 1.2.1 (/opt/ros/foxy/share/rosidl_adapter/cmake)
[4.215s] -- Found OpenSSL: /usr/lib/x86_64-linux-gnu/libcrypto.so (found version "1.1.1f")  
[4.273s] -- Found FastRTPS: /opt/ros/foxy/include  
[4.460s] -- Using all available rosidl_typesupport_cpp: rosidl_typesupport_fastrtps_cpp;rosidl_typesupport_introspection_cpp
[4.610s] -- Found rosidl_default_generators: 1.0.1 (/opt/ros/foxy/share/rosidl_default_generators/cmake)
