[0.021s] Invoking command in '/home/offroad/radar_ws/src/build/radar_conti_ars408': AMENT_PREFIX_PATH=/home/offroad/radar_ws/src/install/ros2socketcan_bridge:/home/offroad/radar_ws/src/install/radar_conti_ars408_msgs:/home/offroad/radar_ws/src/install/can_msgs:${AMENT_PREFIX_PATH} CMAKE_PREFIX_PATH=/home/offroad/radar_ws/src/install/ros2socketcan_bridge:/home/offroad/radar_ws/src/install/radar_conti_ars408_msgs:/home/offroad/radar_ws/src/install/can_msgs:/home/offroad/nav2_ws/install/nav2_system_tests:/home/offroad/nav2_ws/install/nav2_bringup:/home/offroad/nav2_ws/install/navigation2:/home/offroad/nav2_ws/install/smac_planner:/home/offroad/nav2_ws/install/nav2_dwb_controller:/home/offroad/nav2_ws/install/nav2_controller:/home/offroad/nav2_ws/install/dwb_plugins:/home/offroad/nav2_ws/install/dwb_critics:/home/offroad/nav2_ws/install/dwb_core:/home/offroad/nav2_ws/install/nav_2d_utils:/home/offroad/nav2_ws/install/dwb_msgs:/home/offroad/nav2_ws/install/nav_2d_msgs:/home/offroad/nav2_ws/install/nav2_waypoint_follower:/home/offroad/nav2_ws/install/nav2_regulated_pure_pursuit_controller:/home/offroad/nav2_ws/install/nav2_recoveries:/home/offroad/nav2_ws/install/nav2_planner:/home/offroad/nav2_ws/install/nav2_navfn_planner:/home/offroad/nav2_ws/install/nav2_core:/home/offroad/nav2_ws/install/costmap_queue:/home/offroad/nav2_ws/install/nav2_costmap_2d:/home/offroad/nav2_ws/install/nav2_voxel_grid:/home/offroad/nav2_ws/install/nav2_rviz_plugins:/home/offroad/nav2_ws/install/nav2_map_server:/home/offroad/nav2_ws/install/nav2_lifecycle_manager:/home/offroad/nav2_ws/install/nav2_bt_navigator:/home/offroad/nav2_ws/install/nav2_behavior_tree:/home/offroad/nav2_ws/install/nav2_amcl:/home/offroad/nav2_ws/install/nav2_util:/home/offroad/nav2_ws/install/nav2_msgs:/home/offroad/nav2_ws/install/nav2_common:/home/offroad/dev_ws/install/basic_mobile_robot:/home/offroad/husky_ws/install/husky_desktop:/home/offroad/husky_ws/install/husky_viz:/home/offroad/husky_ws/install/husky_simulator:/home/offroad/husky_ws/install/husky_robot:/home/offroad/husky_ws/install/husky_bringup:/home/offroad/husky_ws/install/husky_base:/home/offroad/husky_ws/install/husky_msgs:/home/offroad/husky_ws/install/husky_gazebo:/home/offroad/husky_ws/install/husky_control:/home/offroad/husky_ws/install/husky_description:/home/offroad/nav2_ws/install/nav2_gazebo_spawner:/opt/ros/foxy LD_LIBRARY_PATH=/home/offroad/radar_ws/src/install/radar_conti_ars408_msgs/lib:/home/offroad/radar_ws/src/install/can_msgs/lib:/home/offroad/nav2_ws/install/smac_planner/lib:/home/offroad/nav2_ws/install/nav2_controller/lib:/home/offroad/nav2_ws/install/dwb_plugins/lib:/home/offroad/nav2_ws/install/dwb_critics/lib:/home/offroad/nav2_ws/install/dwb_core/lib:/home/offroad/nav2_ws/install/nav_2d_utils/lib:/home/offroad/nav2_ws/install/dwb_msgs/lib:/home/offroad/nav2_ws/install/nav_2d_msgs/lib:/home/offroad/nav2_ws/install/nav2_waypoint_follower/lib:/home/offroad/nav2_ws/install/nav2_regulated_pure_pursuit_controller/lib:/home/offroad/nav2_ws/install/nav2_recoveries/lib:/home/offroad/nav2_ws/install/nav2_planner/lib:/home/offroad/nav2_ws/install/nav2_navfn_planner/lib:/home/offroad/nav2_ws/install/costmap_queue/lib:/home/offroad/nav2_ws/install/nav2_costmap_2d/lib:/home/offroad/nav2_ws/install/nav2_voxel_grid/lib:/home/offroad/nav2_ws/install/nav2_rviz_plugins/lib:/home/offroad/nav2_ws/install/nav2_map_server/lib:/home/offroad/nav2_ws/install/nav2_lifecycle_manager/lib:/home/offroad/nav2_ws/install/nav2_bt_navigator/lib:/home/offroad/nav2_ws/install/nav2_behavior_tree/lib:/home/offroad/nav2_ws/install/nav2_amcl/lib:/home/offroad/nav2_ws/install/nav2_util/lib:/home/offroad/nav2_ws/install/nav2_msgs/lib:/home/offroad/husky_ws/install/husky_base/lib:/home/offroad/husky_ws/install/husky_msgs/lib:/usr/lib/x86_64-linux-gnu/gazebo-11/plugins:/opt/ros/foxy/opt/yaml_cpp_vendor/lib:/opt/ros/foxy/opt/rviz_ogre_vendor/lib:/opt/ros/foxy/lib/x86_64-linux-gnu:/opt/ros/foxy/lib:/usr/lib/x86_64-linux-gnu/gazebo-11/plugins PYTHONPATH=/home/offroad/radar_ws/src/install/radar_conti_ars408_msgs/lib/python3.8/site-packages:/home/offroad/radar_ws/src/install/can_msgs/lib/python3.8/site-packages:${PYTHONPATH} /usr/bin/cmake --build /home/offroad/radar_ws/src/build/radar_conti_ars408 -- -j12 -l12
[0.049s] -- Found ament_cmake: 0.9.9 (/opt/ros/foxy/share/ament_cmake/cmake)
[0.075s] -- Using PYTHON_EXECUTABLE: /usr/bin/python3
[0.238s] -- Found radar_conti_ars408_msgs: 0.0.0 (/home/offroad/radar_ws/src/install/radar_conti_ars408_msgs/share/radar_conti_ars408_msgs/cmake)
[0.260s] -- Using all available rosidl_typesupport_c: rosidl_typesupport_fastrtps_c;rosidl_typesupport_introspection_c
[0.263s] -- Found rosidl_adapter: 1.2.1 (/opt/ros/foxy/share/rosidl_adapter/cmake)
[0.378s] -- Using all available rosidl_typesupport_cpp: rosidl_typesupport_fastrtps_cpp;rosidl_typesupport_introspection_cpp
[0.444s] -- Found ament_index_cpp: 1.1.0 (/opt/ros/foxy/share/ament_index_cpp/cmake)
[0.446s] -- Found example_interfaces: 0.9.1 (/opt/ros/foxy/share/example_interfaces/cmake)
[0.542s] -- Found rclcpp: 2.4.1 (/opt/ros/foxy/share/rclcpp/cmake)
[0.665s] -- Found rmw_implementation_cmake: 1.0.3 (/opt/ros/foxy/share/rmw_implementation_cmake/cmake)
[0.673s] -- Using RMW implementation 'rmw_fastrtps_cpp' as default
[0.989s] -- Found rclcpp_components: 2.4.1 (/opt/ros/foxy/share/rclcpp_components/cmake)
[1.038s] -- Found rclcpp_lifecycle: 2.4.1 (/opt/ros/foxy/share/rclcpp_lifecycle/cmake)
[1.064s] -- Found geometry_msgs: 2.0.5 (/opt/ros/foxy/share/geometry_msgs/cmake)
[1.094s] -- Found can_msgs: 0.0.0 (/home/offroad/radar_ws/src/install/can_msgs/share/can_msgs/cmake)
[1.155s] -- Found visualization_msgs: 2.0.5 (/opt/ros/foxy/share/visualization_msgs/cmake)
[1.225s] -- Found tf2_ros: 0.13.13 (/opt/ros/foxy/share/tf2_ros/cmake)
[1.449s] -- Found ros2socketcan_bridge: 0.0.0 (/home/offroad/radar_ws/src/install/ros2socketcan_bridge/share/ros2socketcan_bridge/cmake)
[1.535s] -- Configuring done
[1.536s] CMake Error at CMakeLists.txt:124 (add_executable):
[1.536s]   Cannot find source file:
[1.536s] 
[1.536s]     src/subscriber_member_function.cpp
[1.536s] 
[1.536s]   Tried extensions .c .C .c++ .cc .cpp .cxx .cu .m .M .mm .h .hh .h++ .hm
[1.536s]   .hpp .hxx .in .txx
[1.536s] 
[1.536s] 
[1.536s] CMake Error at CMakeLists.txt:114 (add_executable):
[1.536s]   Cannot find source file:
[1.537s] 
[1.537s]     src/publisher_member_function.cpp
[1.537s] 
[1.537s]   Tried extensions .c .C .c++ .cc .cpp .cxx .cu .m .M .mm .h .hh .h++ .hm
[1.537s]   .hpp .hxx .in .txx
[1.537s] 
[1.537s] 
[1.538s] CMake Error at CMakeLists.txt:124 (add_executable):
[1.538s]   No SOURCES given to target: listener
[1.539s] 
[1.539s] 
[1.539s] CMake Error at CMakeLists.txt:114 (add_executable):
[1.539s]   No SOURCES given to target: talker
[1.539s] 
[1.539s] 
[1.539s] CMake Generate step failed.  Build files cannot be regenerated correctly.
[1.545s] make: *** [Makefile:398: cmake_check_build_system] Error 1
[1.547s] Invoked command in '/home/offroad/radar_ws/src/build/radar_conti_ars408' returned '2': AMENT_PREFIX_PATH=/home/offroad/radar_ws/src/install/ros2socketcan_bridge:/home/offroad/radar_ws/src/install/radar_conti_ars408_msgs:/home/offroad/radar_ws/src/install/can_msgs:${AMENT_PREFIX_PATH} CMAKE_PREFIX_PATH=/home/offroad/radar_ws/src/install/ros2socketcan_bridge:/home/offroad/radar_ws/src/install/radar_conti_ars408_msgs:/home/offroad/radar_ws/src/install/can_msgs:/home/offroad/nav2_ws/install/nav2_system_tests:/home/offroad/nav2_ws/install/nav2_bringup:/home/offroad/nav2_ws/install/navigation2:/home/offroad/nav2_ws/install/smac_planner:/home/offroad/nav2_ws/install/nav2_dwb_controller:/home/offroad/nav2_ws/install/nav2_controller:/home/offroad/nav2_ws/install/dwb_plugins:/home/offroad/nav2_ws/install/dwb_critics:/home/offroad/nav2_ws/install/dwb_core:/home/offroad/nav2_ws/install/nav_2d_utils:/home/offroad/nav2_ws/install/dwb_msgs:/home/offroad/nav2_ws/install/nav_2d_msgs:/home/offroad/nav2_ws/install/nav2_waypoint_follower:/home/offroad/nav2_ws/install/nav2_regulated_pure_pursuit_controller:/home/offroad/nav2_ws/install/nav2_recoveries:/home/offroad/nav2_ws/install/nav2_planner:/home/offroad/nav2_ws/install/nav2_navfn_planner:/home/offroad/nav2_ws/install/nav2_core:/home/offroad/nav2_ws/install/costmap_queue:/home/offroad/nav2_ws/install/nav2_costmap_2d:/home/offroad/nav2_ws/install/nav2_voxel_grid:/home/offroad/nav2_ws/install/nav2_rviz_plugins:/home/offroad/nav2_ws/install/nav2_map_server:/home/offroad/nav2_ws/install/nav2_lifecycle_manager:/home/offroad/nav2_ws/install/nav2_bt_navigator:/home/offroad/nav2_ws/install/nav2_behavior_tree:/home/offroad/nav2_ws/install/nav2_amcl:/home/offroad/nav2_ws/install/nav2_util:/home/offroad/nav2_ws/install/nav2_msgs:/home/offroad/nav2_ws/install/nav2_common:/home/offroad/dev_ws/install/basic_mobile_robot:/home/offroad/husky_ws/install/husky_desktop:/home/offroad/husky_ws/install/husky_viz:/home/offroad/husky_ws/install/husky_simulator:/home/offroad/husky_ws/install/husky_robot:/home/offroad/husky_ws/install/husky_bringup:/home/offroad/husky_ws/install/husky_base:/home/offroad/husky_ws/install/husky_msgs:/home/offroad/husky_ws/install/husky_gazebo:/home/offroad/husky_ws/install/husky_control:/home/offroad/husky_ws/install/husky_description:/home/offroad/nav2_ws/install/nav2_gazebo_spawner:/opt/ros/foxy LD_LIBRARY_PATH=/home/offroad/radar_ws/src/install/radar_conti_ars408_msgs/lib:/home/offroad/radar_ws/src/install/can_msgs/lib:/home/offroad/nav2_ws/install/smac_planner/lib:/home/offroad/nav2_ws/install/nav2_controller/lib:/home/offroad/nav2_ws/install/dwb_plugins/lib:/home/offroad/nav2_ws/install/dwb_critics/lib:/home/offroad/nav2_ws/install/dwb_core/lib:/home/offroad/nav2_ws/install/nav_2d_utils/lib:/home/offroad/nav2_ws/install/dwb_msgs/lib:/home/offroad/nav2_ws/install/nav_2d_msgs/lib:/home/offroad/nav2_ws/install/nav2_waypoint_follower/lib:/home/offroad/nav2_ws/install/nav2_regulated_pure_pursuit_controller/lib:/home/offroad/nav2_ws/install/nav2_recoveries/lib:/home/offroad/nav2_ws/install/nav2_planner/lib:/home/offroad/nav2_ws/install/nav2_navfn_planner/lib:/home/offroad/nav2_ws/install/costmap_queue/lib:/home/offroad/nav2_ws/install/nav2_costmap_2d/lib:/home/offroad/nav2_ws/install/nav2_voxel_grid/lib:/home/offroad/nav2_ws/install/nav2_rviz_plugins/lib:/home/offroad/nav2_ws/install/nav2_map_server/lib:/home/offroad/nav2_ws/install/nav2_lifecycle_manager/lib:/home/offroad/nav2_ws/install/nav2_bt_navigator/lib:/home/offroad/nav2_ws/install/nav2_behavior_tree/lib:/home/offroad/nav2_ws/install/nav2_amcl/lib:/home/offroad/nav2_ws/install/nav2_util/lib:/home/offroad/nav2_ws/install/nav2_msgs/lib:/home/offroad/husky_ws/install/husky_base/lib:/home/offroad/husky_ws/install/husky_msgs/lib:/usr/lib/x86_64-linux-gnu/gazebo-11/plugins:/opt/ros/foxy/opt/yaml_cpp_vendor/lib:/opt/ros/foxy/opt/rviz_ogre_vendor/lib:/opt/ros/foxy/lib/x86_64-linux-gnu:/opt/ros/foxy/lib:/usr/lib/x86_64-linux-gnu/gazebo-11/plugins PYTHONPATH=/home/offroad/radar_ws/src/install/radar_conti_ars408_msgs/lib/python3.8/site-packages:/home/offroad/radar_ws/src/install/can_msgs/lib/python3.8/site-packages:${PYTHONPATH} /usr/bin/cmake --build /home/offroad/radar_ws/src/build/radar_conti_ars408 -- -j12 -l12
