[0.013s] Invoking command in '/home/offroad/radar_ws/build/cpp_pubsub': CMAKE_PREFIX_PATH=/opt/ros/foxy /usr/bin/cmake /home/offroad/radar_ws/src/cpp_pubsub -DCMAKE_INSTALL_PREFIX=/home/offroad/radar_ws/install/cpp_pubsub
[0.080s] -- The C compiler identification is GNU 9.4.0
[0.125s] -- The CXX compiler identification is GNU 9.4.0
[0.131s] -- Check for working C compiler: /usr/bin/cc
[0.186s] -- Check for working C compiler: /usr/bin/cc -- works
[0.187s] -- Detecting C compiler ABI info
[0.246s] -- Detecting C compiler ABI info - done
[0.256s] -- Detecting C compile features
[0.257s] -- Detecting C compile features - done
[0.260s] -- Check for working CXX compiler: /usr/bin/c++
[0.323s] -- Check for working CXX compiler: /usr/bin/c++ -- works
[0.324s] -- Detecting CXX compiler ABI info
[0.394s] -- Detecting CXX compiler ABI info - done
[0.406s] -- Detecting CXX compile features
[0.407s] -- Detecting CXX compile features - done
[0.413s] -- Found ament_cmake: 0.9.9 (/opt/ros/foxy/share/ament_cmake/cmake)
[0.436s] -- Found PythonInterp: /usr/bin/python3 (found suitable version "3.8.10", minimum required is "3") 
[0.436s] -- Using PYTHON_EXECUTABLE: /usr/bin/python3
[0.851s] -- Found rclcpp: 2.4.1 (/opt/ros/foxy/share/rclcpp/cmake)
[0.895s] -- Using all available rosidl_typesupport_c: rosidl_typesupport_fastrtps_c;rosidl_typesupport_introspection_c
[0.901s] -- Found rosidl_adapter: 1.2.1 (/opt/ros/foxy/share/rosidl_adapter/cmake)
[0.970s] -- Found OpenSSL: /usr/lib/x86_64-linux-gnu/libcrypto.so (found version "1.1.1f")  
[0.995s] -- Found FastRTPS: /opt/ros/foxy/include  
[1.066s] -- Using all available rosidl_typesupport_cpp: rosidl_typesupport_fastrtps_cpp;rosidl_typesupport_introspection_cpp
[1.120s] -- Found rmw_implementation_cmake: 1.0.3 (/opt/ros/foxy/share/rmw_implementation_cmake/cmake)
[1.122s] -- Using RMW implementation 'rmw_fastrtps_cpp' as default
[1.123s] -- Looking for pthread.h
[1.235s] -- Looking for pthread.h - found
[1.236s] -- Performing Test CMAKE_HAVE_LIBC_PTHREAD
[1.300s] -- Performing Test CMAKE_HAVE_LIBC_PTHREAD - Failed
[1.300s] -- Looking for pthread_create in pthreads
[1.409s] -- Looking for pthread_create in pthreads - not found
[1.409s] -- Looking for pthread_create in pthread
[1.471s] -- Looking for pthread_create in pthread - found
[1.472s] -- Found Threads: TRUE  
[1.684s] -- Configuring done
[1.693s] -- Generating done
[1.694s] -- Build files have been written to: /home/offroad/radar_ws/build/cpp_pubsub
[1.699s] Invoked command in '/home/offroad/radar_ws/build/cpp_pubsub' returned '0': CMAKE_PREFIX_PATH=/opt/ros/foxy /usr/bin/cmake /home/offroad/radar_ws/src/cpp_pubsub -DCMAKE_INSTALL_PREFIX=/home/offroad/radar_ws/install/cpp_pubsub
[1.702s] Invoking command in '/home/offroad/radar_ws/build/cpp_pubsub': CMAKE_PREFIX_PATH=/opt/ros/foxy /usr/bin/cmake --build /home/offroad/radar_ws/build/cpp_pubsub -- -j12 -l12
[1.736s] [35m[1mScanning dependencies of target talker[0m
[1.736s] [35m[1mScanning dependencies of target listener[0m
[1.771s] [ 25%] [32mBuilding CXX object CMakeFiles/listener.dir/src/subscriber_member_function.cpp.o[0m
[1.776s] [ 50%] [32mBuilding CXX object CMakeFiles/talker.dir/src/publisher_member_function.cpp.o[0m
[4.251s] [ 75%] [32m[1mLinking CXX executable talker[0m
[4.398s] [ 75%] Built target talker
[5.668s] [100%] [32m[1mLinking CXX executable listener[0m
[5.858s] [100%] Built target listener
[5.867s] Invoked command in '/home/offroad/radar_ws/build/cpp_pubsub' returned '0': CMAKE_PREFIX_PATH=/opt/ros/foxy /usr/bin/cmake --build /home/offroad/radar_ws/build/cpp_pubsub -- -j12 -l12
[5.897s] Invoking command in '/home/offroad/radar_ws/build/cpp_pubsub': CMAKE_PREFIX_PATH=/opt/ros/foxy /usr/bin/cmake --install /home/offroad/radar_ws/build/cpp_pubsub
[5.903s] -- Install configuration: ""
[5.903s] -- Installing: /home/offroad/radar_ws/install/cpp_pubsub/lib/cpp_pubsub/talker
[5.904s] -- Set runtime path of "/home/offroad/radar_ws/install/cpp_pubsub/lib/cpp_pubsub/talker" to ""
[5.904s] -- Up-to-date: /home/offroad/radar_ws/install/cpp_pubsub/lib/cpp_pubsub/talker
[5.904s] -- Installing: /home/offroad/radar_ws/install/cpp_pubsub/lib/cpp_pubsub/listener
[5.906s] -- Set runtime path of "/home/offroad/radar_ws/install/cpp_pubsub/lib/cpp_pubsub/listener" to ""
[5.906s] -- Installing: /home/offroad/radar_ws/install/cpp_pubsub/share/ament_index/resource_index/package_run_dependencies/cpp_pubsub
[5.906s] -- Installing: /home/offroad/radar_ws/install/cpp_pubsub/share/ament_index/resource_index/parent_prefix_path/cpp_pubsub
[5.906s] -- Installing: /home/offroad/radar_ws/install/cpp_pubsub/share/cpp_pubsub/environment/ament_prefix_path.sh
[5.906s] -- Installing: /home/offroad/radar_ws/install/cpp_pubsub/share/cpp_pubsub/environment/ament_prefix_path.dsv
[5.906s] -- Installing: /home/offroad/radar_ws/install/cpp_pubsub/share/cpp_pubsub/environment/path.sh
[5.906s] -- Installing: /home/offroad/radar_ws/install/cpp_pubsub/share/cpp_pubsub/environment/path.dsv
[5.907s] -- Installing: /home/offroad/radar_ws/install/cpp_pubsub/share/cpp_pubsub/local_setup.bash
[5.907s] -- Installing: /home/offroad/radar_ws/install/cpp_pubsub/share/cpp_pubsub/local_setup.sh
[5.907s] -- Installing: /home/offroad/radar_ws/install/cpp_pubsub/share/cpp_pubsub/local_setup.zsh
[5.907s] -- Installing: /home/offroad/radar_ws/install/cpp_pubsub/share/cpp_pubsub/local_setup.dsv
[5.907s] -- Installing: /home/offroad/radar_ws/install/cpp_pubsub/share/cpp_pubsub/package.dsv
[5.907s] -- Installing: /home/offroad/radar_ws/install/cpp_pubsub/share/ament_index/resource_index/packages/cpp_pubsub
[5.907s] -- Installing: /home/offroad/radar_ws/install/cpp_pubsub/share/cpp_pubsub/cmake/cpp_pubsubConfig.cmake
[5.907s] -- Installing: /home/offroad/radar_ws/install/cpp_pubsub/share/cpp_pubsub/cmake/cpp_pubsubConfig-version.cmake
[5.907s] -- Installing: /home/offroad/radar_ws/install/cpp_pubsub/share/cpp_pubsub/package.xml
[5.909s] Invoked command in '/home/offroad/radar_ws/build/cpp_pubsub' returned '0': CMAKE_PREFIX_PATH=/opt/ros/foxy /usr/bin/cmake --install /home/offroad/radar_ws/build/cpp_pubsub
