[  3%] Built target can_msgs__cpp
[ 12%] Built target can_msgs__rosidl_generator_c
[ 22%] Built target can_msgs__rosidl_typesupport_introspection_cpp
[ 32%] Built target can_msgs__rosidl_typesupport_cpp
[ 41%] Built target can_msgs__rosidl_typesupport_c
[ 51%] Built target can_msgs__rosidl_typesupport_introspection_c
[ 61%] Built target can_msgs__rosidl_typesupport_fastrtps_cpp
[ 70%] Built target can_msgs__rosidl_typesupport_fastrtps_c
[ 70%] Built target can_msgs
[ 74%] Built target can_msgs__py
[ 80%] Built target can_msgs__python
[ 87%] Built target can_msgs__rosidl_typesupport_c__pyext
[ 93%] Built target can_msgs__rosidl_typesupport_introspection_c__pyext
[100%] Built target can_msgs__rosidl_typesupport_fastrtps_c__pyext
-- Install configuration: ""
-- Installing: /home/offroad/radar_ws/src/install/can_msgs/share/ament_index/resource_index/rosidl_interfaces/can_msgs
-- Installing: /home/offroad/radar_ws/src/install/can_msgs/include/can_msgs
-- Installing: /home/offroad/radar_ws/src/install/can_msgs/include/can_msgs/msg
-- Installing: /home/offroad/radar_ws/src/install/can_msgs/include/can_msgs/msg/detail
-- Installing: /home/offroad/radar_ws/src/install/can_msgs/include/can_msgs/msg/detail/frame__functions.h
-- Installing: /home/offroad/radar_ws/src/install/can_msgs/include/can_msgs/msg/detail/frame__struct.h
-- Installing: /home/offroad/radar_ws/src/install/can_msgs/include/can_msgs/msg/detail/frame__functions.c
-- Installing: /home/offroad/radar_ws/src/install/can_msgs/include/can_msgs/msg/detail/frame__type_support.h
-- Installing: /home/offroad/radar_ws/src/install/can_msgs/include/can_msgs/msg/rosidl_generator_c__visibility_control.h
-- Installing: /home/offroad/radar_ws/src/install/can_msgs/include/can_msgs/msg/frame.h
-- Installing: /home/offroad/radar_ws/src/install/can_msgs/share/can_msgs/environment/library_path.sh
-- Installing: /home/offroad/radar_ws/src/install/can_msgs/share/can_msgs/environment/library_path.dsv
-- Installing: /home/offroad/radar_ws/src/install/can_msgs/lib/libcan_msgs__rosidl_generator_c.so
-- Set runtime path of "/home/offroad/radar_ws/src/install/can_msgs/lib/libcan_msgs__rosidl_generator_c.so" to ""
-- Up-to-date: /home/offroad/radar_ws/src/install/can_msgs/include/can_msgs
-- Up-to-date: /home/offroad/radar_ws/src/install/can_msgs/include/can_msgs/msg
-- Up-to-date: /home/offroad/radar_ws/src/install/can_msgs/include/can_msgs/msg/detail
-- Installing: /home/offroad/radar_ws/src/install/can_msgs/include/can_msgs/msg/detail/frame__rosidl_typesupport_fastrtps_c.h
-- Installing: /home/offroad/radar_ws/src/install/can_msgs/include/can_msgs/msg/rosidl_typesupport_fastrtps_c__visibility_control.h
-- Installing: /home/offroad/radar_ws/src/install/can_msgs/lib/libcan_msgs__rosidl_typesupport_fastrtps_c.so
-- Set runtime path of "/home/offroad/radar_ws/src/install/can_msgs/lib/libcan_msgs__rosidl_typesupport_fastrtps_c.so" to ""
-- Up-to-date: /home/offroad/radar_ws/src/install/can_msgs/include/can_msgs
-- Up-to-date: /home/offroad/radar_ws/src/install/can_msgs/include/can_msgs/msg
-- Up-to-date: /home/offroad/radar_ws/src/install/can_msgs/include/can_msgs/msg/detail
-- Installing: /home/offroad/radar_ws/src/install/can_msgs/include/can_msgs/msg/detail/dds_fastrtps
-- Installing: /home/offroad/radar_ws/src/install/can_msgs/include/can_msgs/msg/detail/frame__rosidl_typesupport_fastrtps_cpp.hpp
-- Installing: /home/offroad/radar_ws/src/install/can_msgs/include/can_msgs/msg/rosidl_typesupport_fastrtps_cpp__visibility_control.h
-- Installing: /home/offroad/radar_ws/src/install/can_msgs/lib/libcan_msgs__rosidl_typesupport_fastrtps_cpp.so
-- Set runtime path of "/home/offroad/radar_ws/src/install/can_msgs/lib/libcan_msgs__rosidl_typesupport_fastrtps_cpp.so" to ""
-- Up-to-date: /home/offroad/radar_ws/src/install/can_msgs/include/can_msgs
-- Up-to-date: /home/offroad/radar_ws/src/install/can_msgs/include/can_msgs/msg
-- Up-to-date: /home/offroad/radar_ws/src/install/can_msgs/include/can_msgs/msg/detail
-- Installing: /home/offroad/radar_ws/src/install/can_msgs/include/can_msgs/msg/detail/frame__rosidl_typesupport_introspection_c.h
-- Installing: /home/offroad/radar_ws/src/install/can_msgs/include/can_msgs/msg/detail/frame__type_support.c
-- Installing: /home/offroad/radar_ws/src/install/can_msgs/include/can_msgs/msg/rosidl_typesupport_introspection_c__visibility_control.h
-- Installing: /home/offroad/radar_ws/src/install/can_msgs/lib/libcan_msgs__rosidl_typesupport_introspection_c.so
-- Set runtime path of "/home/offroad/radar_ws/src/install/can_msgs/lib/libcan_msgs__rosidl_typesupport_introspection_c.so" to ""
-- Installing: /home/offroad/radar_ws/src/install/can_msgs/lib/libcan_msgs__rosidl_typesupport_c.so
-- Set runtime path of "/home/offroad/radar_ws/src/install/can_msgs/lib/libcan_msgs__rosidl_typesupport_c.so" to ""
-- Up-to-date: /home/offroad/radar_ws/src/install/can_msgs/include/can_msgs
-- Up-to-date: /home/offroad/radar_ws/src/install/can_msgs/include/can_msgs/msg
-- Up-to-date: /home/offroad/radar_ws/src/install/can_msgs/include/can_msgs/msg/detail
-- Installing: /home/offroad/radar_ws/src/install/can_msgs/include/can_msgs/msg/detail/frame__builder.hpp
-- Installing: /home/offroad/radar_ws/src/install/can_msgs/include/can_msgs/msg/detail/frame__traits.hpp
-- Installing: /home/offroad/radar_ws/src/install/can_msgs/include/can_msgs/msg/detail/frame__struct.hpp
-- Installing: /home/offroad/radar_ws/src/install/can_msgs/include/can_msgs/msg/frame.hpp
-- Up-to-date: /home/offroad/radar_ws/src/install/can_msgs/include/can_msgs
-- Up-to-date: /home/offroad/radar_ws/src/install/can_msgs/include/can_msgs/msg
-- Up-to-date: /home/offroad/radar_ws/src/install/can_msgs/include/can_msgs/msg/detail
-- Installing: /home/offroad/radar_ws/src/install/can_msgs/include/can_msgs/msg/detail/frame__type_support.cpp
-- Installing: /home/offroad/radar_ws/src/install/can_msgs/include/can_msgs/msg/detail/frame__rosidl_typesupport_introspection_cpp.hpp
-- Installing: /home/offroad/radar_ws/src/install/can_msgs/lib/libcan_msgs__rosidl_typesupport_introspection_cpp.so
-- Set runtime path of "/home/offroad/radar_ws/src/install/can_msgs/lib/libcan_msgs__rosidl_typesupport_introspection_cpp.so" to ""
-- Installing: /home/offroad/radar_ws/src/install/can_msgs/lib/libcan_msgs__rosidl_typesupport_cpp.so
-- Set runtime path of "/home/offroad/radar_ws/src/install/can_msgs/lib/libcan_msgs__rosidl_typesupport_cpp.so" to ""
-- Installing: /home/offroad/radar_ws/src/install/can_msgs/share/can_msgs/environment/pythonpath.sh
-- Installing: /home/offroad/radar_ws/src/install/can_msgs/share/can_msgs/environment/pythonpath.dsv
-- Installing: /home/offroad/radar_ws/src/install/can_msgs/lib/python3.8/site-packages/can_msgs/__init__.py
Compiling '/home/offroad/radar_ws/src/install/can_msgs/lib/python3.8/site-packages/can_msgs/__init__.py'...
-- Installing: /home/offroad/radar_ws/src/install/can_msgs/lib/python3.8/site-packages/can_msgs/msg
-- Installing: /home/offroad/radar_ws/src/install/can_msgs/lib/python3.8/site-packages/can_msgs/msg/__init__.py
-- Installing: /home/offroad/radar_ws/src/install/can_msgs/lib/python3.8/site-packages/can_msgs/msg/_frame.py
-- Installing: /home/offroad/radar_ws/src/install/can_msgs/lib/python3.8/site-packages/can_msgs/msg/_frame_s.c
-- Installing: /home/offroad/radar_ws/src/install/can_msgs/lib/python3.8/site-packages/can_msgs/can_msgs_s__rosidl_typesupport_fastrtps_c.cpython-38-x86_64-linux-gnu.so
-- Set runtime path of "/home/offroad/radar_ws/src/install/can_msgs/lib/python3.8/site-packages/can_msgs/can_msgs_s__rosidl_typesupport_fastrtps_c.cpython-38-x86_64-linux-gnu.so" to ""
-- Installing: /home/offroad/radar_ws/src/install/can_msgs/lib/python3.8/site-packages/can_msgs/can_msgs_s__rosidl_typesupport_introspection_c.cpython-38-x86_64-linux-gnu.so
-- Set runtime path of "/home/offroad/radar_ws/src/install/can_msgs/lib/python3.8/site-packages/can_msgs/can_msgs_s__rosidl_typesupport_introspection_c.cpython-38-x86_64-linux-gnu.so" to ""
-- Installing: /home/offroad/radar_ws/src/install/can_msgs/lib/python3.8/site-packages/can_msgs/can_msgs_s__rosidl_typesupport_c.cpython-38-x86_64-linux-gnu.so
-- Set runtime path of "/home/offroad/radar_ws/src/install/can_msgs/lib/python3.8/site-packages/can_msgs/can_msgs_s__rosidl_typesupport_c.cpython-38-x86_64-linux-gnu.so" to ""
-- Installing: /home/offroad/radar_ws/src/install/can_msgs/lib/libcan_msgs__python.so
-- Set runtime path of "/home/offroad/radar_ws/src/install/can_msgs/lib/libcan_msgs__python.so" to ""
-- Installing: /home/offroad/radar_ws/src/install/can_msgs/share/can_msgs/msg/Frame.idl
-- Installing: /home/offroad/radar_ws/src/install/can_msgs/share/can_msgs/msg/Frame.msg
-- Installing: /home/offroad/radar_ws/src/install/can_msgs/share/ament_index/resource_index/package_run_dependencies/can_msgs
-- Installing: /home/offroad/radar_ws/src/install/can_msgs/share/ament_index/resource_index/parent_prefix_path/can_msgs
-- Installing: /home/offroad/radar_ws/src/install/can_msgs/share/can_msgs/environment/ament_prefix_path.sh
-- Installing: /home/offroad/radar_ws/src/install/can_msgs/share/can_msgs/environment/ament_prefix_path.dsv
-- Installing: /home/offroad/radar_ws/src/install/can_msgs/share/can_msgs/environment/path.sh
-- Installing: /home/offroad/radar_ws/src/install/can_msgs/share/can_msgs/environment/path.dsv
-- Installing: /home/offroad/radar_ws/src/install/can_msgs/share/can_msgs/local_setup.bash
-- Installing: /home/offroad/radar_ws/src/install/can_msgs/share/can_msgs/local_setup.sh
-- Installing: /home/offroad/radar_ws/src/install/can_msgs/share/can_msgs/local_setup.zsh
-- Installing: /home/offroad/radar_ws/src/install/can_msgs/share/can_msgs/local_setup.dsv
-- Installing: /home/offroad/radar_ws/src/install/can_msgs/share/can_msgs/package.dsv
-- Installing: /home/offroad/radar_ws/src/install/can_msgs/share/ament_index/resource_index/packages/can_msgs
-- Installing: /home/offroad/radar_ws/src/install/can_msgs/share/can_msgs/cmake/can_msgs__rosidl_generator_cExport.cmake
-- Installing: /home/offroad/radar_ws/src/install/can_msgs/share/can_msgs/cmake/can_msgs__rosidl_generator_cExport-noconfig.cmake
-- Installing: /home/offroad/radar_ws/src/install/can_msgs/share/can_msgs/cmake/can_msgs__rosidl_typesupport_introspection_cExport.cmake
-- Installing: /home/offroad/radar_ws/src/install/can_msgs/share/can_msgs/cmake/can_msgs__rosidl_typesupport_introspection_cExport-noconfig.cmake
-- Installing: /home/offroad/radar_ws/src/install/can_msgs/share/can_msgs/cmake/can_msgs__rosidl_typesupport_cExport.cmake
-- Installing: /home/offroad/radar_ws/src/install/can_msgs/share/can_msgs/cmake/can_msgs__rosidl_typesupport_cExport-noconfig.cmake
-- Installing: /home/offroad/radar_ws/src/install/can_msgs/share/can_msgs/cmake/can_msgs__rosidl_generator_cppExport.cmake
-- Installing: /home/offroad/radar_ws/src/install/can_msgs/share/can_msgs/cmake/can_msgs__rosidl_typesupport_introspection_cppExport.cmake
-- Installing: /home/offroad/radar_ws/src/install/can_msgs/share/can_msgs/cmake/can_msgs__rosidl_typesupport_introspection_cppExport-noconfig.cmake
-- Installing: /home/offroad/radar_ws/src/install/can_msgs/share/can_msgs/cmake/can_msgs__rosidl_typesupport_cppExport.cmake
-- Installing: /home/offroad/radar_ws/src/install/can_msgs/share/can_msgs/cmake/can_msgs__rosidl_typesupport_cppExport-noconfig.cmake
-- Installing: /home/offroad/radar_ws/src/install/can_msgs/share/can_msgs/cmake/rosidl_cmake-extras.cmake
-- Installing: /home/offroad/radar_ws/src/install/can_msgs/share/can_msgs/cmake/ament_cmake_export_dependencies-extras.cmake
-- Installing: /home/offroad/radar_ws/src/install/can_msgs/share/can_msgs/cmake/ament_cmake_export_libraries-extras.cmake
-- Installing: /home/offroad/radar_ws/src/install/can_msgs/share/can_msgs/cmake/ament_cmake_export_targets-extras.cmake
-- Installing: /home/offroad/radar_ws/src/install/can_msgs/share/can_msgs/cmake/ament_cmake_export_include_directories-extras.cmake
-- Installing: /home/offroad/radar_ws/src/install/can_msgs/share/can_msgs/cmake/rosidl_cmake_export_typesupport_libraries-extras.cmake
-- Installing: /home/offroad/radar_ws/src/install/can_msgs/share/can_msgs/cmake/rosidl_cmake_export_typesupport_targets-extras.cmake
-- Installing: /home/offroad/radar_ws/src/install/can_msgs/share/can_msgs/cmake/can_msgsConfig.cmake
-- Installing: /home/offroad/radar_ws/src/install/can_msgs/share/can_msgs/cmake/can_msgsConfig-version.cmake
-- Installing: /home/offroad/radar_ws/src/install/can_msgs/share/can_msgs/package.xml
