[0.035s] Invoking command in '/home/offroad/radar_ws/src/build/can_msgs': CMAKE_PREFIX_PATH=${CMAKE_PREFIX_PATH}:/opt/ros/foxy /usr/bin/cmake --build /home/offroad/radar_ws/src/build/can_msgs -- -j12 -l12
[0.144s] [  3%] Built target can_msgs__cpp
[0.154s] [ 12%] Built target can_msgs__rosidl_generator_c
[0.225s] [ 22%] Built target can_msgs__rosidl_typesupport_introspection_cpp
[0.258s] [ 32%] Built target can_msgs__rosidl_typesupport_cpp
[0.259s] [ 41%] Built target can_msgs__rosidl_typesupport_c
[0.270s] [ 51%] Built target can_msgs__rosidl_typesupport_introspection_c
[0.274s] [ 61%] Built target can_msgs__rosidl_typesupport_fastrtps_cpp
[0.360s] [ 70%] Built target can_msgs__rosidl_typesupport_fastrtps_c
[0.420s] [ 70%] Built target can_msgs
[0.477s] [ 74%] Built target can_msgs__py
[0.586s] [ 80%] Built target can_msgs__python
[0.693s] [ 87%] Built target can_msgs__rosidl_typesupport_c__pyext
[0.700s] [ 93%] Built target can_msgs__rosidl_typesupport_introspection_c__pyext
[0.708s] [100%] Built target can_msgs__rosidl_typesupport_fastrtps_c__pyext
[0.797s] Invoked command in '/home/offroad/radar_ws/src/build/can_msgs' returned '0': CMAKE_PREFIX_PATH=${CMAKE_PREFIX_PATH}:/opt/ros/foxy /usr/bin/cmake --build /home/offroad/radar_ws/src/build/can_msgs -- -j12 -l12
[1.127s] Invoking command in '/home/offroad/radar_ws/src/build/can_msgs': CMAKE_PREFIX_PATH=${CMAKE_PREFIX_PATH}:/opt/ros/foxy /usr/bin/cmake --install /home/offroad/radar_ws/src/build/can_msgs
[1.167s] -- Install configuration: ""
[1.170s] -- Installing: /home/offroad/radar_ws/src/install/can_msgs/share/ament_index/resource_index/rosidl_interfaces/can_msgs
[1.172s] -- Installing: /home/offroad/radar_ws/src/install/can_msgs/include/can_msgs
[1.174s] -- Installing: /home/offroad/radar_ws/src/install/can_msgs/include/can_msgs/msg
[1.175s] -- Installing: /home/offroad/radar_ws/src/install/can_msgs/include/can_msgs/msg/detail
[1.175s] -- Installing: /home/offroad/radar_ws/src/install/can_msgs/include/can_msgs/msg/detail/frame__functions.h
[1.175s] -- Installing: /home/offroad/radar_ws/src/install/can_msgs/include/can_msgs/msg/detail/frame__struct.h
[1.175s] -- Installing: /home/offroad/radar_ws/src/install/can_msgs/include/can_msgs/msg/detail/frame__functions.c
[1.175s] -- Installing: /home/offroad/radar_ws/src/install/can_msgs/include/can_msgs/msg/detail/frame__type_support.h
[1.175s] -- Installing: /home/offroad/radar_ws/src/install/can_msgs/include/can_msgs/msg/rosidl_generator_c__visibility_control.h
[1.176s] -- Installing: /home/offroad/radar_ws/src/install/can_msgs/include/can_msgs/msg/frame.h
[1.176s] -- Installing: /home/offroad/radar_ws/src/install/can_msgs/share/can_msgs/environment/library_path.sh
[1.176s] -- Installing: /home/offroad/radar_ws/src/install/can_msgs/share/can_msgs/environment/library_path.dsv
[1.176s] -- Installing: /home/offroad/radar_ws/src/install/can_msgs/lib/libcan_msgs__rosidl_generator_c.so
[1.176s] -- Set runtime path of "/home/offroad/radar_ws/src/install/can_msgs/lib/libcan_msgs__rosidl_generator_c.so" to ""
[1.176s] -- Up-to-date: /home/offroad/radar_ws/src/install/can_msgs/include/can_msgs
[1.176s] -- Up-to-date: /home/offroad/radar_ws/src/install/can_msgs/include/can_msgs/msg
[1.176s] -- Up-to-date: /home/offroad/radar_ws/src/install/can_msgs/include/can_msgs/msg/detail
[1.176s] -- Installing: /home/offroad/radar_ws/src/install/can_msgs/include/can_msgs/msg/detail/frame__rosidl_typesupport_fastrtps_c.h
[1.179s] -- Installing: /home/offroad/radar_ws/src/install/can_msgs/include/can_msgs/msg/rosidl_typesupport_fastrtps_c__visibility_control.h
[1.181s] -- Installing: /home/offroad/radar_ws/src/install/can_msgs/lib/libcan_msgs__rosidl_typesupport_fastrtps_c.so
[1.183s] -- Set runtime path of "/home/offroad/radar_ws/src/install/can_msgs/lib/libcan_msgs__rosidl_typesupport_fastrtps_c.so" to ""
[1.185s] -- Up-to-date: /home/offroad/radar_ws/src/install/can_msgs/include/can_msgs
[1.187s] -- Up-to-date: /home/offroad/radar_ws/src/install/can_msgs/include/can_msgs/msg
[1.188s] -- Up-to-date: /home/offroad/radar_ws/src/install/can_msgs/include/can_msgs/msg/detail
[1.192s] -- Installing: /home/offroad/radar_ws/src/install/can_msgs/include/can_msgs/msg/detail/dds_fastrtps
[1.193s] -- Installing: /home/offroad/radar_ws/src/install/can_msgs/include/can_msgs/msg/detail/frame__rosidl_typesupport_fastrtps_cpp.hpp
[1.193s] -- Installing: /home/offroad/radar_ws/src/install/can_msgs/include/can_msgs/msg/rosidl_typesupport_fastrtps_cpp__visibility_control.h
[1.193s] -- Installing: /home/offroad/radar_ws/src/install/can_msgs/lib/libcan_msgs__rosidl_typesupport_fastrtps_cpp.so
[1.193s] -- Set runtime path of "/home/offroad/radar_ws/src/install/can_msgs/lib/libcan_msgs__rosidl_typesupport_fastrtps_cpp.so" to ""
[1.193s] -- Up-to-date: /home/offroad/radar_ws/src/install/can_msgs/include/can_msgs
[1.193s] -- Up-to-date: /home/offroad/radar_ws/src/install/can_msgs/include/can_msgs/msg
[1.193s] -- Up-to-date: /home/offroad/radar_ws/src/install/can_msgs/include/can_msgs/msg/detail
[1.193s] -- Installing: /home/offroad/radar_ws/src/install/can_msgs/include/can_msgs/msg/detail/frame__rosidl_typesupport_introspection_c.h
[1.194s] -- Installing: /home/offroad/radar_ws/src/install/can_msgs/include/can_msgs/msg/detail/frame__type_support.c
[1.194s] -- Installing: /home/offroad/radar_ws/src/install/can_msgs/include/can_msgs/msg/rosidl_typesupport_introspection_c__visibility_control.h
[1.194s] -- Installing: /home/offroad/radar_ws/src/install/can_msgs/lib/libcan_msgs__rosidl_typesupport_introspection_c.so
[1.194s] -- Set runtime path of "/home/offroad/radar_ws/src/install/can_msgs/lib/libcan_msgs__rosidl_typesupport_introspection_c.so" to ""
[1.194s] -- Installing: /home/offroad/radar_ws/src/install/can_msgs/lib/libcan_msgs__rosidl_typesupport_c.so
[1.194s] -- Set runtime path of "/home/offroad/radar_ws/src/install/can_msgs/lib/libcan_msgs__rosidl_typesupport_c.so" to ""
[1.194s] -- Up-to-date: /home/offroad/radar_ws/src/install/can_msgs/include/can_msgs
[1.194s] -- Up-to-date: /home/offroad/radar_ws/src/install/can_msgs/include/can_msgs/msg
[1.195s] -- Up-to-date: /home/offroad/radar_ws/src/install/can_msgs/include/can_msgs/msg/detail
[1.195s] -- Installing: /home/offroad/radar_ws/src/install/can_msgs/include/can_msgs/msg/detail/frame__builder.hpp
[1.195s] -- Installing: /home/offroad/radar_ws/src/install/can_msgs/include/can_msgs/msg/detail/frame__traits.hpp
[1.195s] -- Installing: /home/offroad/radar_ws/src/install/can_msgs/include/can_msgs/msg/detail/frame__struct.hpp
[1.195s] -- Installing: /home/offroad/radar_ws/src/install/can_msgs/include/can_msgs/msg/frame.hpp
[1.195s] -- Up-to-date: /home/offroad/radar_ws/src/install/can_msgs/include/can_msgs
[1.196s] -- Up-to-date: /home/offroad/radar_ws/src/install/can_msgs/include/can_msgs/msg
[1.199s] -- Up-to-date: /home/offroad/radar_ws/src/install/can_msgs/include/can_msgs/msg/detail
[1.202s] -- Installing: /home/offroad/radar_ws/src/install/can_msgs/include/can_msgs/msg/detail/frame__type_support.cpp
[1.202s] -- Installing: /home/offroad/radar_ws/src/install/can_msgs/include/can_msgs/msg/detail/frame__rosidl_typesupport_introspection_cpp.hpp
[1.203s] -- Installing: /home/offroad/radar_ws/src/install/can_msgs/lib/libcan_msgs__rosidl_typesupport_introspection_cpp.so
[1.204s] -- Set runtime path of "/home/offroad/radar_ws/src/install/can_msgs/lib/libcan_msgs__rosidl_typesupport_introspection_cpp.so" to ""
[1.204s] -- Installing: /home/offroad/radar_ws/src/install/can_msgs/lib/libcan_msgs__rosidl_typesupport_cpp.so
[1.205s] -- Set runtime path of "/home/offroad/radar_ws/src/install/can_msgs/lib/libcan_msgs__rosidl_typesupport_cpp.so" to ""
[1.206s] -- Installing: /home/offroad/radar_ws/src/install/can_msgs/share/can_msgs/environment/pythonpath.sh
[1.206s] -- Installing: /home/offroad/radar_ws/src/install/can_msgs/share/can_msgs/environment/pythonpath.dsv
[1.209s] -- Installing: /home/offroad/radar_ws/src/install/can_msgs/lib/python3.8/site-packages/can_msgs/__init__.py
[1.357s] Compiling '/home/offroad/radar_ws/src/install/can_msgs/lib/python3.8/site-packages/can_msgs/__init__.py'...
[1.405s] -- Installing: /home/offroad/radar_ws/src/install/can_msgs/lib/python3.8/site-packages/can_msgs/msg
[1.406s] -- Installing: /home/offroad/radar_ws/src/install/can_msgs/lib/python3.8/site-packages/can_msgs/msg/__init__.py
[1.416s] -- Installing: /home/offroad/radar_ws/src/install/can_msgs/lib/python3.8/site-packages/can_msgs/msg/_frame.py
[1.417s] -- Installing: /home/offroad/radar_ws/src/install/can_msgs/lib/python3.8/site-packages/can_msgs/msg/_frame_s.c
[1.418s] -- Installing: /home/offroad/radar_ws/src/install/can_msgs/lib/python3.8/site-packages/can_msgs/can_msgs_s__rosidl_typesupport_fastrtps_c.cpython-38-x86_64-linux-gnu.so
[1.421s] -- Set runtime path of "/home/offroad/radar_ws/src/install/can_msgs/lib/python3.8/site-packages/can_msgs/can_msgs_s__rosidl_typesupport_fastrtps_c.cpython-38-x86_64-linux-gnu.so" to ""
[1.424s] -- Installing: /home/offroad/radar_ws/src/install/can_msgs/lib/python3.8/site-packages/can_msgs/can_msgs_s__rosidl_typesupport_introspection_c.cpython-38-x86_64-linux-gnu.so
[1.428s] -- Set runtime path of "/home/offroad/radar_ws/src/install/can_msgs/lib/python3.8/site-packages/can_msgs/can_msgs_s__rosidl_typesupport_introspection_c.cpython-38-x86_64-linux-gnu.so" to ""
[1.431s] -- Installing: /home/offroad/radar_ws/src/install/can_msgs/lib/python3.8/site-packages/can_msgs/can_msgs_s__rosidl_typesupport_c.cpython-38-x86_64-linux-gnu.so
[1.434s] -- Set runtime path of "/home/offroad/radar_ws/src/install/can_msgs/lib/python3.8/site-packages/can_msgs/can_msgs_s__rosidl_typesupport_c.cpython-38-x86_64-linux-gnu.so" to ""
[1.435s] -- Installing: /home/offroad/radar_ws/src/install/can_msgs/lib/libcan_msgs__python.so
[1.438s] -- Set runtime path of "/home/offroad/radar_ws/src/install/can_msgs/lib/libcan_msgs__python.so" to ""
[1.439s] -- Installing: /home/offroad/radar_ws/src/install/can_msgs/share/can_msgs/msg/Frame.idl
[1.440s] -- Installing: /home/offroad/radar_ws/src/install/can_msgs/share/can_msgs/msg/Frame.msg
[1.440s] -- Installing: /home/offroad/radar_ws/src/install/can_msgs/share/ament_index/resource_index/package_run_dependencies/can_msgs
[1.441s] -- Installing: /home/offroad/radar_ws/src/install/can_msgs/share/ament_index/resource_index/parent_prefix_path/can_msgs
[1.441s] -- Installing: /home/offroad/radar_ws/src/install/can_msgs/share/can_msgs/environment/ament_prefix_path.sh
[1.443s] -- Installing: /home/offroad/radar_ws/src/install/can_msgs/share/can_msgs/environment/ament_prefix_path.dsv
[1.443s] -- Installing: /home/offroad/radar_ws/src/install/can_msgs/share/can_msgs/environment/path.sh
[1.443s] -- Installing: /home/offroad/radar_ws/src/install/can_msgs/share/can_msgs/environment/path.dsv
[1.444s] -- Installing: /home/offroad/radar_ws/src/install/can_msgs/share/can_msgs/local_setup.bash
[1.444s] -- Installing: /home/offroad/radar_ws/src/install/can_msgs/share/can_msgs/local_setup.sh
[1.444s] -- Installing: /home/offroad/radar_ws/src/install/can_msgs/share/can_msgs/local_setup.zsh
[1.444s] -- Installing: /home/offroad/radar_ws/src/install/can_msgs/share/can_msgs/local_setup.dsv
[1.444s] -- Installing: /home/offroad/radar_ws/src/install/can_msgs/share/can_msgs/package.dsv
[1.445s] -- Installing: /home/offroad/radar_ws/src/install/can_msgs/share/ament_index/resource_index/packages/can_msgs
[1.446s] -- Installing: /home/offroad/radar_ws/src/install/can_msgs/share/can_msgs/cmake/can_msgs__rosidl_generator_cExport.cmake
[1.448s] -- Installing: /home/offroad/radar_ws/src/install/can_msgs/share/can_msgs/cmake/can_msgs__rosidl_generator_cExport-noconfig.cmake
[1.455s] -- Installing: /home/offroad/radar_ws/src/install/can_msgs/share/can_msgs/cmake/can_msgs__rosidl_typesupport_introspection_cExport.cmake
[1.460s] -- Installing: /home/offroad/radar_ws/src/install/can_msgs/share/can_msgs/cmake/can_msgs__rosidl_typesupport_introspection_cExport-noconfig.cmake
[1.466s] -- Installing: /home/offroad/radar_ws/src/install/can_msgs/share/can_msgs/cmake/can_msgs__rosidl_typesupport_cExport.cmake
[1.470s] -- Installing: /home/offroad/radar_ws/src/install/can_msgs/share/can_msgs/cmake/can_msgs__rosidl_typesupport_cExport-noconfig.cmake
[1.472s] -- Installing: /home/offroad/radar_ws/src/install/can_msgs/share/can_msgs/cmake/can_msgs__rosidl_generator_cppExport.cmake
[1.474s] -- Installing: /home/offroad/radar_ws/src/install/can_msgs/share/can_msgs/cmake/can_msgs__rosidl_typesupport_introspection_cppExport.cmake
[1.484s] -- Installing: /home/offroad/radar_ws/src/install/can_msgs/share/can_msgs/cmake/can_msgs__rosidl_typesupport_introspection_cppExport-noconfig.cmake
[1.484s] -- Installing: /home/offroad/radar_ws/src/install/can_msgs/share/can_msgs/cmake/can_msgs__rosidl_typesupport_cppExport.cmake
[1.485s] -- Installing: /home/offroad/radar_ws/src/install/can_msgs/share/can_msgs/cmake/can_msgs__rosidl_typesupport_cppExport-noconfig.cmake
[1.487s] -- Installing: /home/offroad/radar_ws/src/install/can_msgs/share/can_msgs/cmake/rosidl_cmake-extras.cmake
[1.488s] -- Installing: /home/offroad/radar_ws/src/install/can_msgs/share/can_msgs/cmake/ament_cmake_export_dependencies-extras.cmake
[1.489s] -- Installing: /home/offroad/radar_ws/src/install/can_msgs/share/can_msgs/cmake/ament_cmake_export_libraries-extras.cmake
[1.491s] -- Installing: /home/offroad/radar_ws/src/install/can_msgs/share/can_msgs/cmake/ament_cmake_export_targets-extras.cmake
[1.491s] -- Installing: /home/offroad/radar_ws/src/install/can_msgs/share/can_msgs/cmake/ament_cmake_export_include_directories-extras.cmake
[1.492s] -- Installing: /home/offroad/radar_ws/src/install/can_msgs/share/can_msgs/cmake/rosidl_cmake_export_typesupport_libraries-extras.cmake
[1.492s] -- Installing: /home/offroad/radar_ws/src/install/can_msgs/share/can_msgs/cmake/rosidl_cmake_export_typesupport_targets-extras.cmake
[1.492s] -- Installing: /home/offroad/radar_ws/src/install/can_msgs/share/can_msgs/cmake/can_msgsConfig.cmake
[1.492s] -- Installing: /home/offroad/radar_ws/src/install/can_msgs/share/can_msgs/cmake/can_msgsConfig-version.cmake
[1.493s] -- Installing: /home/offroad/radar_ws/src/install/can_msgs/share/can_msgs/package.xml
[1.494s] Invoked command in '/home/offroad/radar_ws/src/build/can_msgs' returned '0': CMAKE_PREFIX_PATH=${CMAKE_PREFIX_PATH}:/opt/ros/foxy /usr/bin/cmake --install /home/offroad/radar_ws/src/build/can_msgs
