[0.013s] Invoking command in '/home/offroad/radar_ws/build/can_msgs': CMAKE_PREFIX_PATH=/opt/ros/foxy /usr/bin/cmake /home/offroad/radar_ws/src/ros2_socketcan_bridge/can_msgs -DCMAKE_INSTALL_PREFIX=/home/offroad/radar_ws/install/can_msgs
[0.134s] -- The C compiler identification is GNU 9.4.0
[0.177s] -- The CXX compiler identification is GNU 9.4.0
[0.181s] -- Check for working C compiler: /usr/bin/cc
[0.237s] -- Check for working C compiler: /usr/bin/cc -- works
[0.237s] -- Detecting C compiler ABI info
[0.292s] -- Detecting C compiler ABI info - done
[0.302s] -- Detecting C compile features
[0.302s] -- Detecting C compile features - done
[0.304s] -- Check for working CXX compiler: /usr/bin/c++
[0.367s] -- Check for working CXX compiler: /usr/bin/c++ -- works
[0.368s] -- Detecting CXX compiler ABI info
[0.432s] -- Detecting CXX compiler ABI info - done
[0.442s] -- Detecting CXX compile features
[0.443s] -- Detecting CXX compile features - done
[0.444s] -- Found ament_cmake: 0.9.9 (/opt/ros/foxy/share/ament_cmake/cmake)
[0.463s] -- Found PythonInterp: /usr/bin/python3 (found suitable version "3.8.10", minimum required is "3") 
[0.464s] -- Using PYTHON_EXECUTABLE: /usr/bin/python3
[0.624s] -- Found builtin_interfaces: 1.0.0 (/opt/ros/foxy/share/builtin_interfaces/cmake)
[0.646s] -- Using all available rosidl_typesupport_c: rosidl_typesupport_fastrtps_c;rosidl_typesupport_introspection_c
[0.651s] -- Found rosidl_adapter: 1.2.1 (/opt/ros/foxy/share/rosidl_adapter/cmake)
[0.711s] -- Found OpenSSL: /usr/lib/x86_64-linux-gnu/libcrypto.so (found version "1.1.1f")  
[0.736s] -- Found FastRTPS: /opt/ros/foxy/include  
[0.799s] -- Using all available rosidl_typesupport_cpp: rosidl_typesupport_fastrtps_cpp;rosidl_typesupport_introspection_cpp
[0.822s] -- Found rosidl_default_generators: 1.0.1 (/opt/ros/foxy/share/rosidl_default_generators/cmake)
[0.832s] -- Found geometry_msgs: 2.0.5 (/opt/ros/foxy/share/geometry_msgs/cmake)
[0.900s] -- Found PythonInterp: /usr/bin/python3 (found version "3.8.10") 
[1.049s] -- Found ament_cmake_ros: 0.9.2 (/opt/ros/foxy/share/ament_cmake_ros/cmake)
[1.249s] -- Using all available rosidl_typesupport_c: rosidl_typesupport_fastrtps_c;rosidl_typesupport_introspection_c
[1.342s] -- Using all available rosidl_typesupport_cpp: rosidl_typesupport_fastrtps_cpp;rosidl_typesupport_introspection_cpp
[1.362s] -- Found PythonInterp: /usr/bin/python3 (found suitable version "3.8.10", minimum required is "3.5") 
[1.364s] -- Found python_cmake_module: 0.8.1 (/opt/ros/foxy/share/python_cmake_module/cmake)
[1.385s] -- Found PythonLibs: /usr/lib/x86_64-linux-gnu/libpython3.8.so (found suitable version "3.8.10", minimum required is "3.5") 
[1.385s] -- Using PYTHON_EXECUTABLE: /usr/bin/python3
[1.385s] -- Using PYTHON_INCLUDE_DIRS: /usr/include/python3.8
[1.385s] -- Using PYTHON_LIBRARIES: /usr/lib/x86_64-linux-gnu/libpython3.8.so
[1.403s] -- Found PythonExtra: .so  
[1.474s] -- Configuring done
[1.519s] -- Generating done
[1.521s] -- Build files have been written to: /home/offroad/radar_ws/build/can_msgs
[1.528s] Invoked command in '/home/offroad/radar_ws/build/can_msgs' returned '0': CMAKE_PREFIX_PATH=/opt/ros/foxy /usr/bin/cmake /home/offroad/radar_ws/src/ros2_socketcan_bridge/can_msgs -DCMAKE_INSTALL_PREFIX=/home/offroad/radar_ws/install/can_msgs
[1.530s] Invoking command in '/home/offroad/radar_ws/build/can_msgs': CMAKE_PREFIX_PATH=/opt/ros/foxy /usr/bin/cmake --build /home/offroad/radar_ws/build/can_msgs -- -j12 -l12
[1.564s] [  3%] [34m[1mGenerating C code for ROS interfaces[0m
[1.564s] [35m[1mScanning dependencies of target can_msgs__cpp[0m
[1.573s] [  6%] [34m[1mGenerating C++ code for ROS interfaces[0m
[1.759s] [35m[1mScanning dependencies of target can_msgs__rosidl_generator_c[0m
[1.768s] [  6%] Built target can_msgs__cpp
[1.770s] [  9%] [32mBuilding C object CMakeFiles/can_msgs__rosidl_generator_c.dir/rosidl_generator_c/can_msgs/msg/detail/frame__functions.c.o[0m
[1.777s] [ 19%] [34m[1mGenerating C++ type support dispatch for ROS interfaces[0m
[1.777s] [ 19%] [34m[1mGenerating C++ type support for eProsima Fast-RTPS[0m
[1.777s] [ 19%] [34m[1mGenerating C++ introspection for ROS interfaces[0m
[1.806s] [ 22%] [32m[1mLinking C shared library libcan_msgs__rosidl_generator_c.so[0m
[1.843s] [ 22%] Built target can_msgs__rosidl_generator_c
[1.854s] [ 25%] [34m[1mGenerating C introspection for ROS interfaces[0m
[1.858s] [ 29%] [34m[1mGenerating C type support dispatch for ROS interfaces[0m
[1.968s] [35m[1mScanning dependencies of target can_msgs__rosidl_typesupport_cpp[0m
[1.983s] [ 32%] [32mBuilding CXX object CMakeFiles/can_msgs__rosidl_typesupport_cpp.dir/rosidl_typesupport_cpp/can_msgs/msg/frame__type_support.cpp.o[0m
[1.992s] [35m[1mScanning dependencies of target can_msgs__rosidl_typesupport_introspection_cpp[0m
[2.008s] [ 35%] [32mBuilding CXX object CMakeFiles/can_msgs__rosidl_typesupport_introspection_cpp.dir/rosidl_typesupport_introspection_cpp/can_msgs/msg/detail/frame__type_support.cpp.o[0m
[2.073s] [35m[1mScanning dependencies of target can_msgs__rosidl_typesupport_introspection_c[0m
[2.088s] [ 38%] [32mBuilding C object CMakeFiles/can_msgs__rosidl_typesupport_introspection_c.dir/rosidl_typesupport_introspection_c/can_msgs/msg/detail/frame__type_support.c.o[0m
[2.101s] [35m[1mScanning dependencies of target can_msgs__rosidl_typesupport_fastrtps_cpp[0m
[2.123s] [ 41%] [32mBuilding CXX object CMakeFiles/can_msgs__rosidl_typesupport_fastrtps_cpp.dir/rosidl_typesupport_fastrtps_cpp/can_msgs/msg/detail/dds_fastrtps/frame__type_support.cpp.o[0m
[2.133s] [ 45%] [32m[1mLinking C shared library libcan_msgs__rosidl_typesupport_introspection_c.so[0m
[2.145s] [35m[1mScanning dependencies of target can_msgs__rosidl_typesupport_c[0m
[2.160s] [ 48%] [32mBuilding CXX object CMakeFiles/can_msgs__rosidl_typesupport_c.dir/rosidl_typesupport_c/can_msgs/msg/frame__type_support.cpp.o[0m
[2.165s] [ 48%] Built target can_msgs__rosidl_typesupport_introspection_c
[2.189s] [ 51%] [32m[1mLinking CXX shared library libcan_msgs__rosidl_typesupport_c.so[0m
[2.229s] [ 51%] Built target can_msgs__rosidl_typesupport_c
[2.250s] [ 54%] [32m[1mLinking CXX shared library libcan_msgs__rosidl_typesupport_cpp.so[0m
[2.290s] [ 58%] [32m[1mLinking CXX shared library libcan_msgs__rosidl_typesupport_introspection_cpp.so[0m
[2.290s] [ 58%] Built target can_msgs__rosidl_typesupport_cpp
[2.363s] [ 58%] Built target can_msgs__rosidl_typesupport_introspection_cpp
[2.529s] [ 61%] [32m[1mLinking CXX shared library libcan_msgs__rosidl_typesupport_fastrtps_cpp.so[0m
[2.609s] [ 61%] Built target can_msgs__rosidl_typesupport_fastrtps_cpp
[2.618s] [ 64%] [34m[1mGenerating C type support for eProsima Fast-RTPS[0m
[2.805s] [35m[1mScanning dependencies of target can_msgs__rosidl_typesupport_fastrtps_c[0m
[2.819s] [ 67%] [32mBuilding CXX object CMakeFiles/can_msgs__rosidl_typesupport_fastrtps_c.dir/rosidl_typesupport_fastrtps_c/can_msgs/msg/detail/frame__type_support_c.cpp.o[0m
[3.114s] [ 70%] [32m[1mLinking CXX shared library libcan_msgs__rosidl_typesupport_fastrtps_c.so[0m
[3.234s] [ 70%] Built target can_msgs__rosidl_typesupport_fastrtps_c
[3.248s] [35m[1mScanning dependencies of target can_msgs[0m
[3.266s] [ 70%] Built target can_msgs
[3.280s] [35m[1mScanning dependencies of target can_msgs__py[0m
[3.296s] [ 74%] [34m[1mGenerating Python code for ROS interfaces[0m
[3.764s] [ 74%] Built target can_msgs__py
[3.774s] [35m[1mScanning dependencies of target can_msgs__python[0m
[3.795s] [ 77%] [32mBuilding C object CMakeFiles/can_msgs__python.dir/rosidl_generator_py/can_msgs/msg/_frame_s.c.o[0m
[3.888s] [ 80%] [32m[1mLinking C shared library rosidl_generator_py/can_msgs/libcan_msgs__python.so[0m
[3.932s] [ 80%] Built target can_msgs__python
[3.946s] [35m[1mScanning dependencies of target can_msgs__rosidl_typesupport_c__pyext[0m
[3.946s] [35m[1mScanning dependencies of target can_msgs__rosidl_typesupport_introspection_c__pyext[0m
[3.946s] [35m[1mScanning dependencies of target can_msgs__rosidl_typesupport_fastrtps_c__pyext[0m
[3.970s] [ 83%] [32mBuilding C object CMakeFiles/can_msgs__rosidl_typesupport_introspection_c__pyext.dir/rosidl_generator_py/can_msgs/_can_msgs_s.ep.rosidl_typesupport_introspection_c.c.o[0m
[3.971s] [ 87%] [32mBuilding C object CMakeFiles/can_msgs__rosidl_typesupport_c__pyext.dir/rosidl_generator_py/can_msgs/_can_msgs_s.ep.rosidl_typesupport_c.c.o[0m
[3.972s] [ 90%] [32mBuilding C object CMakeFiles/can_msgs__rosidl_typesupport_fastrtps_c__pyext.dir/rosidl_generator_py/can_msgs/_can_msgs_s.ep.rosidl_typesupport_fastrtps_c.c.o[0m
[4.047s] [ 93%] [32m[1mLinking C shared library rosidl_generator_py/can_msgs/can_msgs_s__rosidl_typesupport_introspection_c.cpython-38-x86_64-linux-gnu.so[0m
[4.087s] [ 93%] Built target can_msgs__rosidl_typesupport_introspection_c__pyext
[4.095s] [ 96%] [32m[1mLinking C shared library rosidl_generator_py/can_msgs/can_msgs_s__rosidl_typesupport_c.cpython-38-x86_64-linux-gnu.so[0m
[4.096s] [100%] [32m[1mLinking CXX shared library rosidl_generator_py/can_msgs/can_msgs_s__rosidl_typesupport_fastrtps_c.cpython-38-x86_64-linux-gnu.so[0m
[4.152s] [100%] Built target can_msgs__rosidl_typesupport_c__pyext
[4.168s] [100%] Built target can_msgs__rosidl_typesupport_fastrtps_c__pyext
[4.182s] Invoked command in '/home/offroad/radar_ws/build/can_msgs' returned '0': CMAKE_PREFIX_PATH=/opt/ros/foxy /usr/bin/cmake --build /home/offroad/radar_ws/build/can_msgs -- -j12 -l12
[4.238s] Invoking command in '/home/offroad/radar_ws/build/can_msgs': CMAKE_PREFIX_PATH=/opt/ros/foxy /usr/bin/cmake --install /home/offroad/radar_ws/build/can_msgs
[4.248s] -- Install configuration: ""
[4.248s] -- Installing: /home/offroad/radar_ws/install/can_msgs/share/ament_index/resource_index/rosidl_interfaces/can_msgs
[4.248s] -- Installing: /home/offroad/radar_ws/install/can_msgs/include/can_msgs
[4.248s] -- Installing: /home/offroad/radar_ws/install/can_msgs/include/can_msgs/msg
[4.248s] -- Installing: /home/offroad/radar_ws/install/can_msgs/include/can_msgs/msg/detail
[4.249s] -- Installing: /home/offroad/radar_ws/install/can_msgs/include/can_msgs/msg/detail/frame__functions.h
[4.249s] -- Installing: /home/offroad/radar_ws/install/can_msgs/include/can_msgs/msg/detail/frame__struct.h
[4.249s] -- Installing: /home/offroad/radar_ws/install/can_msgs/include/can_msgs/msg/detail/frame__functions.c
[4.249s] -- Installing: /home/offroad/radar_ws/install/can_msgs/include/can_msgs/msg/detail/frame__type_support.h
[4.249s] -- Installing: /home/offroad/radar_ws/install/can_msgs/include/can_msgs/msg/rosidl_generator_c__visibility_control.h
[4.249s] -- Installing: /home/offroad/radar_ws/install/can_msgs/include/can_msgs/msg/frame.h
[4.249s] -- Installing: /home/offroad/radar_ws/install/can_msgs/share/can_msgs/environment/library_path.sh
[4.250s] -- Installing: /home/offroad/radar_ws/install/can_msgs/share/can_msgs/environment/library_path.dsv
[4.250s] -- Installing: /home/offroad/radar_ws/install/can_msgs/lib/libcan_msgs__rosidl_generator_c.so
[4.250s] -- Set runtime path of "/home/offroad/radar_ws/install/can_msgs/lib/libcan_msgs__rosidl_generator_c.so" to ""
[4.250s] -- Up-to-date: /home/offroad/radar_ws/install/can_msgs/include/can_msgs
[4.250s] -- Up-to-date: /home/offroad/radar_ws/install/can_msgs/include/can_msgs/msg
[4.250s] -- Up-to-date: /home/offroad/radar_ws/install/can_msgs/include/can_msgs/msg/detail
[4.250s] -- Installing: /home/offroad/radar_ws/install/can_msgs/include/can_msgs/msg/detail/frame__rosidl_typesupport_fastrtps_c.h
[4.251s] -- Installing: /home/offroad/radar_ws/install/can_msgs/include/can_msgs/msg/rosidl_typesupport_fastrtps_c__visibility_control.h
[4.251s] -- Installing: /home/offroad/radar_ws/install/can_msgs/lib/libcan_msgs__rosidl_typesupport_fastrtps_c.so
[4.251s] -- Set runtime path of "/home/offroad/radar_ws/install/can_msgs/lib/libcan_msgs__rosidl_typesupport_fastrtps_c.so" to ""
[4.251s] -- Up-to-date: /home/offroad/radar_ws/install/can_msgs/include/can_msgs
[4.251s] -- Up-to-date: /home/offroad/radar_ws/install/can_msgs/include/can_msgs/msg
[4.251s] -- Up-to-date: /home/offroad/radar_ws/install/can_msgs/include/can_msgs/msg/detail
[4.251s] -- Installing: /home/offroad/radar_ws/install/can_msgs/include/can_msgs/msg/detail/dds_fastrtps
[4.252s] -- Installing: /home/offroad/radar_ws/install/can_msgs/include/can_msgs/msg/detail/frame__rosidl_typesupport_fastrtps_cpp.hpp
[4.252s] -- Installing: /home/offroad/radar_ws/install/can_msgs/include/can_msgs/msg/rosidl_typesupport_fastrtps_cpp__visibility_control.h
[4.252s] -- Installing: /home/offroad/radar_ws/install/can_msgs/lib/libcan_msgs__rosidl_typesupport_fastrtps_cpp.so
[4.252s] -- Set runtime path of "/home/offroad/radar_ws/install/can_msgs/lib/libcan_msgs__rosidl_typesupport_fastrtps_cpp.so" to ""
[4.252s] -- Up-to-date: /home/offroad/radar_ws/install/can_msgs/include/can_msgs
[4.252s] -- Up-to-date: /home/offroad/radar_ws/install/can_msgs/include/can_msgs/msg
[4.253s] -- Up-to-date: /home/offroad/radar_ws/install/can_msgs/include/can_msgs/msg/detail
[4.253s] -- Installing: /home/offroad/radar_ws/install/can_msgs/include/can_msgs/msg/detail/frame__rosidl_typesupport_introspection_c.h
[4.253s] -- Installing: /home/offroad/radar_ws/install/can_msgs/include/can_msgs/msg/detail/frame__type_support.c
[4.253s] -- Installing: /home/offroad/radar_ws/install/can_msgs/include/can_msgs/msg/rosidl_typesupport_introspection_c__visibility_control.h
[4.253s] -- Installing: /home/offroad/radar_ws/install/can_msgs/lib/libcan_msgs__rosidl_typesupport_introspection_c.so
[4.253s] -- Set runtime path of "/home/offroad/radar_ws/install/can_msgs/lib/libcan_msgs__rosidl_typesupport_introspection_c.so" to ""
[4.253s] -- Installing: /home/offroad/radar_ws/install/can_msgs/lib/libcan_msgs__rosidl_typesupport_c.so
[4.253s] -- Set runtime path of "/home/offroad/radar_ws/install/can_msgs/lib/libcan_msgs__rosidl_typesupport_c.so" to ""
[4.254s] -- Up-to-date: /home/offroad/radar_ws/install/can_msgs/include/can_msgs
[4.254s] -- Up-to-date: /home/offroad/radar_ws/install/can_msgs/include/can_msgs/msg
[4.254s] -- Up-to-date: /home/offroad/radar_ws/install/can_msgs/include/can_msgs/msg/detail
[4.254s] -- Installing: /home/offroad/radar_ws/install/can_msgs/include/can_msgs/msg/detail/frame__builder.hpp
[4.254s] -- Installing: /home/offroad/radar_ws/install/can_msgs/include/can_msgs/msg/detail/frame__traits.hpp
[4.254s] -- Installing: /home/offroad/radar_ws/install/can_msgs/include/can_msgs/msg/detail/frame__struct.hpp
[4.254s] -- Installing: /home/offroad/radar_ws/install/can_msgs/include/can_msgs/msg/frame.hpp
[4.254s] -- Up-to-date: /home/offroad/radar_ws/install/can_msgs/include/can_msgs
[4.255s] -- Up-to-date: /home/offroad/radar_ws/install/can_msgs/include/can_msgs/msg
[4.255s] -- Up-to-date: /home/offroad/radar_ws/install/can_msgs/include/can_msgs/msg/detail
[4.255s] -- Installing: /home/offroad/radar_ws/install/can_msgs/include/can_msgs/msg/detail/frame__type_support.cpp
[4.255s] -- Installing: /home/offroad/radar_ws/install/can_msgs/include/can_msgs/msg/detail/frame__rosidl_typesupport_introspection_cpp.hpp
[4.255s] -- Installing: /home/offroad/radar_ws/install/can_msgs/lib/libcan_msgs__rosidl_typesupport_introspection_cpp.so
[4.255s] -- Set runtime path of "/home/offroad/radar_ws/install/can_msgs/lib/libcan_msgs__rosidl_typesupport_introspection_cpp.so" to ""
[4.255s] -- Installing: /home/offroad/radar_ws/install/can_msgs/lib/libcan_msgs__rosidl_typesupport_cpp.so
[4.255s] -- Set runtime path of "/home/offroad/radar_ws/install/can_msgs/lib/libcan_msgs__rosidl_typesupport_cpp.so" to ""
[4.255s] -- Installing: /home/offroad/radar_ws/install/can_msgs/share/can_msgs/environment/pythonpath.sh
[4.256s] -- Installing: /home/offroad/radar_ws/install/can_msgs/share/can_msgs/environment/pythonpath.dsv
[4.256s] -- Installing: /home/offroad/radar_ws/install/can_msgs/lib/python3.8/site-packages/can_msgs/__init__.py
[4.284s] Compiling '/home/offroad/radar_ws/install/can_msgs/lib/python3.8/site-packages/can_msgs/__init__.py'...
[4.289s] -- Installing: /home/offroad/radar_ws/install/can_msgs/lib/python3.8/site-packages/can_msgs/msg
[4.289s] -- Installing: /home/offroad/radar_ws/install/can_msgs/lib/python3.8/site-packages/can_msgs/msg/__init__.py
[4.290s] -- Installing: /home/offroad/radar_ws/install/can_msgs/lib/python3.8/site-packages/can_msgs/msg/_frame.py
[4.290s] -- Installing: /home/offroad/radar_ws/install/can_msgs/lib/python3.8/site-packages/can_msgs/msg/_frame_s.c
[4.290s] -- Installing: /home/offroad/radar_ws/install/can_msgs/lib/python3.8/site-packages/can_msgs/can_msgs_s__rosidl_typesupport_fastrtps_c.cpython-38-x86_64-linux-gnu.so
[4.290s] -- Set runtime path of "/home/offroad/radar_ws/install/can_msgs/lib/python3.8/site-packages/can_msgs/can_msgs_s__rosidl_typesupport_fastrtps_c.cpython-38-x86_64-linux-gnu.so" to ""
[4.290s] -- Installing: /home/offroad/radar_ws/install/can_msgs/lib/python3.8/site-packages/can_msgs/can_msgs_s__rosidl_typesupport_introspection_c.cpython-38-x86_64-linux-gnu.so
[4.291s] -- Set runtime path of "/home/offroad/radar_ws/install/can_msgs/lib/python3.8/site-packages/can_msgs/can_msgs_s__rosidl_typesupport_introspection_c.cpython-38-x86_64-linux-gnu.so" to ""
[4.291s] -- Installing: /home/offroad/radar_ws/install/can_msgs/lib/python3.8/site-packages/can_msgs/can_msgs_s__rosidl_typesupport_c.cpython-38-x86_64-linux-gnu.so
[4.291s] -- Set runtime path of "/home/offroad/radar_ws/install/can_msgs/lib/python3.8/site-packages/can_msgs/can_msgs_s__rosidl_typesupport_c.cpython-38-x86_64-linux-gnu.so" to ""
[4.291s] -- Installing: /home/offroad/radar_ws/install/can_msgs/lib/libcan_msgs__python.so
[4.292s] -- Set runtime path of "/home/offroad/radar_ws/install/can_msgs/lib/libcan_msgs__python.so" to ""
[4.292s] -- Installing: /home/offroad/radar_ws/install/can_msgs/share/can_msgs/msg/Frame.idl
[4.292s] -- Installing: /home/offroad/radar_ws/install/can_msgs/share/can_msgs/msg/Frame.msg
[4.292s] -- Installing: /home/offroad/radar_ws/install/can_msgs/share/ament_index/resource_index/package_run_dependencies/can_msgs
[4.292s] -- Installing: /home/offroad/radar_ws/install/can_msgs/share/ament_index/resource_index/parent_prefix_path/can_msgs
[4.292s] -- Installing: /home/offroad/radar_ws/install/can_msgs/share/can_msgs/environment/ament_prefix_path.sh
[4.292s] -- Installing: /home/offroad/radar_ws/install/can_msgs/share/can_msgs/environment/ament_prefix_path.dsv
[4.293s] -- Installing: /home/offroad/radar_ws/install/can_msgs/share/can_msgs/environment/path.sh
[4.293s] -- Installing: /home/offroad/radar_ws/install/can_msgs/share/can_msgs/environment/path.dsv
[4.293s] -- Installing: /home/offroad/radar_ws/install/can_msgs/share/can_msgs/local_setup.bash
[4.293s] -- Installing: /home/offroad/radar_ws/install/can_msgs/share/can_msgs/local_setup.sh
[4.293s] -- Installing: /home/offroad/radar_ws/install/can_msgs/share/can_msgs/local_setup.zsh
[4.293s] -- Installing: /home/offroad/radar_ws/install/can_msgs/share/can_msgs/local_setup.dsv
[4.293s] -- Installing: /home/offroad/radar_ws/install/can_msgs/share/can_msgs/package.dsv
[4.293s] -- Installing: /home/offroad/radar_ws/install/can_msgs/share/ament_index/resource_index/packages/can_msgs
[4.294s] -- Installing: /home/offroad/radar_ws/install/can_msgs/share/can_msgs/cmake/can_msgs__rosidl_generator_cExport.cmake
[4.294s] -- Installing: /home/offroad/radar_ws/install/can_msgs/share/can_msgs/cmake/can_msgs__rosidl_generator_cExport-noconfig.cmake
[4.294s] -- Installing: /home/offroad/radar_ws/install/can_msgs/share/can_msgs/cmake/can_msgs__rosidl_typesupport_introspection_cExport.cmake
[4.294s] -- Installing: /home/offroad/radar_ws/install/can_msgs/share/can_msgs/cmake/can_msgs__rosidl_typesupport_introspection_cExport-noconfig.cmake
[4.294s] -- Installing: /home/offroad/radar_ws/install/can_msgs/share/can_msgs/cmake/can_msgs__rosidl_typesupport_cExport.cmake
[4.294s] -- Installing: /home/offroad/radar_ws/install/can_msgs/share/can_msgs/cmake/can_msgs__rosidl_typesupport_cExport-noconfig.cmake
[4.294s] -- Installing: /home/offroad/radar_ws/install/can_msgs/share/can_msgs/cmake/can_msgs__rosidl_generator_cppExport.cmake
[4.295s] -- Installing: /home/offroad/radar_ws/install/can_msgs/share/can_msgs/cmake/can_msgs__rosidl_typesupport_introspection_cppExport.cmake
[4.295s] -- Installing: /home/offroad/radar_ws/install/can_msgs/share/can_msgs/cmake/can_msgs__rosidl_typesupport_introspection_cppExport-noconfig.cmake
[4.295s] -- Installing: /home/offroad/radar_ws/install/can_msgs/share/can_msgs/cmake/can_msgs__rosidl_typesupport_cppExport.cmake
[4.295s] -- Installing: /home/offroad/radar_ws/install/can_msgs/share/can_msgs/cmake/can_msgs__rosidl_typesupport_cppExport-noconfig.cmake
[4.295s] -- Installing: /home/offroad/radar_ws/install/can_msgs/share/can_msgs/cmake/rosidl_cmake-extras.cmake
[4.295s] -- Installing: /home/offroad/radar_ws/install/can_msgs/share/can_msgs/cmake/ament_cmake_export_dependencies-extras.cmake
[4.295s] -- Installing: /home/offroad/radar_ws/install/can_msgs/share/can_msgs/cmake/ament_cmake_export_libraries-extras.cmake
[4.296s] -- Installing: /home/offroad/radar_ws/install/can_msgs/share/can_msgs/cmake/ament_cmake_export_targets-extras.cmake
[4.296s] -- Installing: /home/offroad/radar_ws/install/can_msgs/share/can_msgs/cmake/ament_cmake_export_include_directories-extras.cmake
[4.296s] -- Installing: /home/offroad/radar_ws/install/can_msgs/share/can_msgs/cmake/rosidl_cmake_export_typesupport_libraries-extras.cmake
[4.296s] -- Installing: /home/offroad/radar_ws/install/can_msgs/share/can_msgs/cmake/rosidl_cmake_export_typesupport_targets-extras.cmake
[4.296s] -- Installing: /home/offroad/radar_ws/install/can_msgs/share/can_msgs/cmake/can_msgsConfig.cmake
[4.296s] -- Installing: /home/offroad/radar_ws/install/can_msgs/share/can_msgs/cmake/can_msgsConfig-version.cmake
[4.296s] -- Installing: /home/offroad/radar_ws/install/can_msgs/share/can_msgs/package.xml
[4.299s] Invoked command in '/home/offroad/radar_ws/build/can_msgs' returned '0': CMAKE_PREFIX_PATH=/opt/ros/foxy /usr/bin/cmake --install /home/offroad/radar_ws/build/can_msgs
