[0.188s] DEBUG:colcon:Command line arguments: ['/usr/bin/colcon', 'build']
[0.189s] DEBUG:colcon:Parsed command line arguments: Namespace(allow_overriding=[], ament_cmake_args=None, base_paths=['.'], build_base='build', catkin_cmake_args=None, catkin_skip_building_tests=False, cmake_args=None, cmake_clean_cache=False, cmake_clean_first=False, cmake_force_configure=False, cmake_target=None, cmake_target_skip_unavailable=False, continue_on_error=False, event_handlers=None, executor='parallel', ignore_user_meta=False, install_base='install', log_base=None, log_level=None, main=<bound method BuildVerb.main of <colcon_core.verb.build.BuildVerb object at 0x7f49c8914df0>>, merge_install=False, metas=['./colcon.meta'], packages_above=None, packages_above_and_dependencies=None, packages_above_depth=None, packages_end=None, packages_ignore=None, packages_ignore_regex=None, packages_select=None, packages_select_build_failed=False, packages_select_by_dep=None, packages_select_regex=None, packages_select_test_failures=False, packages_skip=None, packages_skip_build_finished=False, packages_skip_by_dep=None, packages_skip_regex=None, packages_skip_test_passed=False, packages_skip_up_to=None, packages_start=None, packages_up_to=None, packages_up_to_regex=None, parallel_workers=12, paths=None, symlink_install=False, test_result_base=None, verb_extension=<colcon_core.verb.build.BuildVerb object at 0x7f49c8914df0>, verb_name='build', verb_parser=<colcon_defaults.argument_parser.defaults.DefaultArgumentsDecorator object at 0x7f49c889e3a0>)
[0.228s] Level 1:colcon.colcon_core.package_discovery:discover_packages(colcon_meta) check parameters
[0.229s] Level 1:colcon.colcon_core.package_discovery:discover_packages(recursive) check parameters
[0.229s] Level 1:colcon.colcon_core.package_discovery:discover_packages(ignore) check parameters
[0.229s] Level 1:colcon.colcon_core.package_discovery:discover_packages(path) check parameters
[0.229s] Level 1:colcon.colcon_core.package_discovery:discover_packages(colcon_meta) discover
[0.229s] Level 1:colcon.colcon_core.package_discovery:discover_packages(recursive) discover
[0.229s] INFO:colcon.colcon_core.package_discovery:Crawling recursively for packages in '/home/offroad/radar_ws/src'
[0.229s] Level 1:colcon.colcon_core.package_identification:_identify(.) by extensions ['ignore', 'ignore_ament_install']
[0.229s] Level 1:colcon.colcon_core.package_identification:_identify(.) by extension 'ignore'
[0.229s] Level 1:colcon.colcon_core.package_identification:_identify(.) by extension 'ignore_ament_install'
[0.229s] Level 1:colcon.colcon_core.package_identification:_identify(.) by extensions ['colcon_pkg']
[0.229s] Level 1:colcon.colcon_core.package_identification:_identify(.) by extension 'colcon_pkg'
[0.229s] Level 1:colcon.colcon_core.package_identification:_identify(.) by extensions ['colcon_meta']
[0.229s] Level 1:colcon.colcon_core.package_identification:_identify(.) by extension 'colcon_meta'
[0.229s] Level 1:colcon.colcon_core.package_identification:_identify(.) by extensions ['ros']
[0.229s] Level 1:colcon.colcon_core.package_identification:_identify(.) by extension 'ros'
[0.246s] Level 1:colcon.colcon_core.package_identification:_identify(.) by extensions ['cmake', 'python']
[0.246s] Level 1:colcon.colcon_core.package_identification:_identify(.) by extension 'cmake'
[0.246s] Level 1:colcon.colcon_core.package_identification:_identify(.) by extension 'python'
[0.246s] Level 1:colcon.colcon_core.package_identification:_identify(.) by extensions ['python_setup_py']
[0.246s] Level 1:colcon.colcon_core.package_identification:_identify(.) by extension 'python_setup_py'
[0.246s] Level 1:colcon.colcon_core.package_identification:_identify(CAN_Recording) by extensions ['ignore', 'ignore_ament_install']
[0.246s] Level 1:colcon.colcon_core.package_identification:_identify(CAN_Recording) by extension 'ignore'
[0.246s] Level 1:colcon.colcon_core.package_identification:_identify(CAN_Recording) by extension 'ignore_ament_install'
[0.246s] Level 1:colcon.colcon_core.package_identification:_identify(CAN_Recording) by extensions ['colcon_pkg']
[0.246s] Level 1:colcon.colcon_core.package_identification:_identify(CAN_Recording) by extension 'colcon_pkg'
[0.246s] Level 1:colcon.colcon_core.package_identification:_identify(CAN_Recording) by extensions ['colcon_meta']
[0.246s] Level 1:colcon.colcon_core.package_identification:_identify(CAN_Recording) by extension 'colcon_meta'
[0.247s] Level 1:colcon.colcon_core.package_identification:_identify(CAN_Recording) by extensions ['ros']
[0.247s] Level 1:colcon.colcon_core.package_identification:_identify(CAN_Recording) by extension 'ros'
[0.247s] Level 1:colcon.colcon_core.package_identification:_identify(CAN_Recording) by extensions ['cmake', 'python']
[0.247s] Level 1:colcon.colcon_core.package_identification:_identify(CAN_Recording) by extension 'cmake'
[0.247s] Level 1:colcon.colcon_core.package_identification:_identify(CAN_Recording) by extension 'python'
[0.247s] Level 1:colcon.colcon_core.package_identification:_identify(CAN_Recording) by extensions ['python_setup_py']
[0.247s] Level 1:colcon.colcon_core.package_identification:_identify(CAN_Recording) by extension 'python_setup_py'
[0.247s] Level 1:colcon.colcon_core.package_identification:_identify(build) by extensions ['ignore', 'ignore_ament_install']
[0.247s] Level 1:colcon.colcon_core.package_identification:_identify(build) by extension 'ignore'
[0.247s] Level 1:colcon.colcon_core.package_identification:_identify(build) ignored
[0.247s] Level 1:colcon.colcon_core.package_identification:_identify(cpp_srvcli) by extensions ['ignore', 'ignore_ament_install']
[0.247s] Level 1:colcon.colcon_core.package_identification:_identify(cpp_srvcli) by extension 'ignore'
[0.248s] Level 1:colcon.colcon_core.package_identification:_identify(cpp_srvcli) by extension 'ignore_ament_install'
[0.248s] Level 1:colcon.colcon_core.package_identification:_identify(cpp_srvcli) by extensions ['colcon_pkg']
[0.248s] Level 1:colcon.colcon_core.package_identification:_identify(cpp_srvcli) by extension 'colcon_pkg'
[0.248s] Level 1:colcon.colcon_core.package_identification:_identify(cpp_srvcli) by extensions ['colcon_meta']
[0.248s] Level 1:colcon.colcon_core.package_identification:_identify(cpp_srvcli) by extension 'colcon_meta'
[0.248s] Level 1:colcon.colcon_core.package_identification:_identify(cpp_srvcli) by extensions ['ros']
[0.248s] Level 1:colcon.colcon_core.package_identification:_identify(cpp_srvcli) by extension 'ros'
[0.253s] DEBUG:colcon.colcon_core.package_identification:Package 'cpp_srvcli' with type 'ros.ament_cmake' and name 'cpp_srvcli'
[0.253s] Level 1:colcon.colcon_core.package_identification:_identify(install) by extensions ['ignore', 'ignore_ament_install']
[0.253s] Level 1:colcon.colcon_core.package_identification:_identify(install) by extension 'ignore'
[0.254s] Level 1:colcon.colcon_core.package_identification:_identify(install) ignored
[0.254s] Level 1:colcon.colcon_core.package_identification:_identify(log) by extensions ['ignore', 'ignore_ament_install']
[0.254s] Level 1:colcon.colcon_core.package_identification:_identify(log) by extension 'ignore'
[0.254s] Level 1:colcon.colcon_core.package_identification:_identify(log) ignored
[0.254s] Level 1:colcon.colcon_core.package_identification:_identify(meshes) by extensions ['ignore', 'ignore_ament_install']
[0.254s] Level 1:colcon.colcon_core.package_identification:_identify(meshes) by extension 'ignore'
[0.254s] Level 1:colcon.colcon_core.package_identification:_identify(meshes) by extension 'ignore_ament_install'
[0.254s] Level 1:colcon.colcon_core.package_identification:_identify(meshes) by extensions ['colcon_pkg']
[0.254s] Level 1:colcon.colcon_core.package_identification:_identify(meshes) by extension 'colcon_pkg'
[0.254s] Level 1:colcon.colcon_core.package_identification:_identify(meshes) by extensions ['colcon_meta']
[0.254s] Level 1:colcon.colcon_core.package_identification:_identify(meshes) by extension 'colcon_meta'
[0.255s] Level 1:colcon.colcon_core.package_identification:_identify(meshes) by extensions ['ros']
[0.255s] Level 1:colcon.colcon_core.package_identification:_identify(meshes) by extension 'ros'
[0.256s] Level 1:colcon.colcon_core.package_identification:_identify(meshes) by extensions ['cmake', 'python']
[0.257s] Level 1:colcon.colcon_core.package_identification:_identify(meshes) by extension 'cmake'
[0.257s] Level 1:colcon.colcon_core.package_identification:_identify(meshes) by extension 'python'
[0.258s] Level 1:colcon.colcon_core.package_identification:_identify(meshes) by extensions ['python_setup_py']
[0.258s] Level 1:colcon.colcon_core.package_identification:_identify(meshes) by extension 'python_setup_py'
[0.258s] Level 1:colcon.colcon_core.package_identification:_identify(meshes/accessories) by extensions ['ignore', 'ignore_ament_install']
[0.258s] Level 1:colcon.colcon_core.package_identification:_identify(meshes/accessories) by extension 'ignore'
[0.258s] Level 1:colcon.colcon_core.package_identification:_identify(meshes/accessories) by extension 'ignore_ament_install'
[0.258s] Level 1:colcon.colcon_core.package_identification:_identify(meshes/accessories) by extensions ['colcon_pkg']
[0.258s] Level 1:colcon.colcon_core.package_identification:_identify(meshes/accessories) by extension 'colcon_pkg'
[0.258s] Level 1:colcon.colcon_core.package_identification:_identify(meshes/accessories) by extensions ['colcon_meta']
[0.258s] Level 1:colcon.colcon_core.package_identification:_identify(meshes/accessories) by extension 'colcon_meta'
[0.258s] Level 1:colcon.colcon_core.package_identification:_identify(meshes/accessories) by extensions ['ros']
[0.258s] Level 1:colcon.colcon_core.package_identification:_identify(meshes/accessories) by extension 'ros'
[0.259s] Level 1:colcon.colcon_core.package_identification:_identify(meshes/accessories) by extensions ['cmake', 'python']
[0.259s] Level 1:colcon.colcon_core.package_identification:_identify(meshes/accessories) by extension 'cmake'
[0.259s] Level 1:colcon.colcon_core.package_identification:_identify(meshes/accessories) by extension 'python'
[0.259s] Level 1:colcon.colcon_core.package_identification:_identify(meshes/accessories) by extensions ['python_setup_py']
[0.259s] Level 1:colcon.colcon_core.package_identification:_identify(meshes/accessories) by extension 'python_setup_py'
[0.259s] Level 1:colcon.colcon_core.package_identification:_identify(radar_conti_ars408) by extensions ['ignore', 'ignore_ament_install']
[0.259s] Level 1:colcon.colcon_core.package_identification:_identify(radar_conti_ars408) by extension 'ignore'
[0.259s] Level 1:colcon.colcon_core.package_identification:_identify(radar_conti_ars408) by extension 'ignore_ament_install'
[0.259s] Level 1:colcon.colcon_core.package_identification:_identify(radar_conti_ars408) by extensions ['colcon_pkg']
[0.259s] Level 1:colcon.colcon_core.package_identification:_identify(radar_conti_ars408) by extension 'colcon_pkg'
[0.259s] Level 1:colcon.colcon_core.package_identification:_identify(radar_conti_ars408) by extensions ['colcon_meta']
[0.259s] Level 1:colcon.colcon_core.package_identification:_identify(radar_conti_ars408) by extension 'colcon_meta'
[0.259s] Level 1:colcon.colcon_core.package_identification:_identify(radar_conti_ars408) by extensions ['ros']
[0.259s] Level 1:colcon.colcon_core.package_identification:_identify(radar_conti_ars408) by extension 'ros'
[0.259s] Level 1:colcon.colcon_core.package_identification:_identify(radar_conti_ars408) by extensions ['cmake', 'python']
[0.259s] Level 1:colcon.colcon_core.package_identification:_identify(radar_conti_ars408) by extension 'cmake'
[0.259s] Level 1:colcon.colcon_core.package_identification:_identify(radar_conti_ars408) by extension 'python'
[0.259s] Level 1:colcon.colcon_core.package_identification:_identify(radar_conti_ars408) by extensions ['python_setup_py']
[0.259s] Level 1:colcon.colcon_core.package_identification:_identify(radar_conti_ars408) by extension 'python_setup_py'
[0.259s] Level 1:colcon.colcon_core.package_identification:_identify(radar_conti_ars408/src) by extensions ['ignore', 'ignore_ament_install']
[0.260s] Level 1:colcon.colcon_core.package_identification:_identify(radar_conti_ars408/src) by extension 'ignore'
[0.260s] Level 1:colcon.colcon_core.package_identification:_identify(radar_conti_ars408/src) by extension 'ignore_ament_install'
[0.260s] Level 1:colcon.colcon_core.package_identification:_identify(radar_conti_ars408/src) by extensions ['colcon_pkg']
[0.260s] Level 1:colcon.colcon_core.package_identification:_identify(radar_conti_ars408/src) by extension 'colcon_pkg'
[0.260s] Level 1:colcon.colcon_core.package_identification:_identify(radar_conti_ars408/src) by extensions ['colcon_meta']
[0.260s] Level 1:colcon.colcon_core.package_identification:_identify(radar_conti_ars408/src) by extension 'colcon_meta'
[0.260s] Level 1:colcon.colcon_core.package_identification:_identify(radar_conti_ars408/src) by extensions ['ros']
[0.260s] Level 1:colcon.colcon_core.package_identification:_identify(radar_conti_ars408/src) by extension 'ros'
[0.261s] DEBUG:colcon.colcon_core.package_identification:Package 'radar_conti_ars408/src' with type 'ros.ament_cmake' and name 'radar_conti_ars408'
[0.261s] Level 1:colcon.colcon_core.package_identification:_identify(radar_conti_ars408_msgs) by extensions ['ignore', 'ignore_ament_install']
[0.261s] Level 1:colcon.colcon_core.package_identification:_identify(radar_conti_ars408_msgs) by extension 'ignore'
[0.261s] Level 1:colcon.colcon_core.package_identification:_identify(radar_conti_ars408_msgs) by extension 'ignore_ament_install'
[0.261s] Level 1:colcon.colcon_core.package_identification:_identify(radar_conti_ars408_msgs) by extensions ['colcon_pkg']
[0.261s] Level 1:colcon.colcon_core.package_identification:_identify(radar_conti_ars408_msgs) by extension 'colcon_pkg'
[0.261s] Level 1:colcon.colcon_core.package_identification:_identify(radar_conti_ars408_msgs) by extensions ['colcon_meta']
[0.261s] Level 1:colcon.colcon_core.package_identification:_identify(radar_conti_ars408_msgs) by extension 'colcon_meta'
[0.261s] Level 1:colcon.colcon_core.package_identification:_identify(radar_conti_ars408_msgs) by extensions ['ros']
[0.262s] Level 1:colcon.colcon_core.package_identification:_identify(radar_conti_ars408_msgs) by extension 'ros'
[0.262s] DEBUG:colcon.colcon_core.package_identification:Package 'radar_conti_ars408_msgs' with type 'ros.ament_cmake' and name 'radar_conti_ars408_msgs'
[0.262s] Level 1:colcon.colcon_core.package_identification:_identify(ros2_socketcan_bridge) by extensions ['ignore', 'ignore_ament_install']
[0.262s] Level 1:colcon.colcon_core.package_identification:_identify(ros2_socketcan_bridge) by extension 'ignore'
[0.262s] Level 1:colcon.colcon_core.package_identification:_identify(ros2_socketcan_bridge) by extension 'ignore_ament_install'
[0.262s] Level 1:colcon.colcon_core.package_identification:_identify(ros2_socketcan_bridge) by extensions ['colcon_pkg']
[0.262s] Level 1:colcon.colcon_core.package_identification:_identify(ros2_socketcan_bridge) by extension 'colcon_pkg'
[0.262s] Level 1:colcon.colcon_core.package_identification:_identify(ros2_socketcan_bridge) by extensions ['colcon_meta']
[0.263s] Level 1:colcon.colcon_core.package_identification:_identify(ros2_socketcan_bridge) by extension 'colcon_meta'
[0.263s] Level 1:colcon.colcon_core.package_identification:_identify(ros2_socketcan_bridge) by extensions ['ros']
[0.263s] Level 1:colcon.colcon_core.package_identification:_identify(ros2_socketcan_bridge) by extension 'ros'
[0.263s] Level 1:colcon.colcon_core.package_identification:_identify(ros2_socketcan_bridge) by extensions ['cmake', 'python']
[0.263s] Level 1:colcon.colcon_core.package_identification:_identify(ros2_socketcan_bridge) by extension 'cmake'
[0.263s] Level 1:colcon.colcon_core.package_identification:_identify(ros2_socketcan_bridge) by extension 'python'
[0.263s] Level 1:colcon.colcon_core.package_identification:_identify(ros2_socketcan_bridge) by extensions ['python_setup_py']
[0.263s] Level 1:colcon.colcon_core.package_identification:_identify(ros2_socketcan_bridge) by extension 'python_setup_py'
[0.263s] Level 1:colcon.colcon_core.package_identification:_identify(ros2_socketcan_bridge/can_msgs) by extensions ['ignore', 'ignore_ament_install']
[0.263s] Level 1:colcon.colcon_core.package_identification:_identify(ros2_socketcan_bridge/can_msgs) by extension 'ignore'
[0.263s] Level 1:colcon.colcon_core.package_identification:_identify(ros2_socketcan_bridge/can_msgs) by extension 'ignore_ament_install'
[0.263s] Level 1:colcon.colcon_core.package_identification:_identify(ros2_socketcan_bridge/can_msgs) by extensions ['colcon_pkg']
[0.263s] Level 1:colcon.colcon_core.package_identification:_identify(ros2_socketcan_bridge/can_msgs) by extension 'colcon_pkg'
[0.263s] Level 1:colcon.colcon_core.package_identification:_identify(ros2_socketcan_bridge/can_msgs) by extensions ['colcon_meta']
[0.263s] Level 1:colcon.colcon_core.package_identification:_identify(ros2_socketcan_bridge/can_msgs) by extension 'colcon_meta'
[0.263s] Level 1:colcon.colcon_core.package_identification:_identify(ros2_socketcan_bridge/can_msgs) by extensions ['ros']
[0.264s] Level 1:colcon.colcon_core.package_identification:_identify(ros2_socketcan_bridge/can_msgs) by extension 'ros'
[0.265s] DEBUG:colcon.colcon_core.package_identification:Package 'ros2_socketcan_bridge/can_msgs' with type 'ros.ament_cmake' and name 'can_msgs'
[0.266s] Level 1:colcon.colcon_core.package_identification:_identify(ros2_socketcan_bridge/ros2socketcan_bridge) by extensions ['ignore', 'ignore_ament_install']
[0.266s] Level 1:colcon.colcon_core.package_identification:_identify(ros2_socketcan_bridge/ros2socketcan_bridge) by extension 'ignore'
[0.266s] Level 1:colcon.colcon_core.package_identification:_identify(ros2_socketcan_bridge/ros2socketcan_bridge) by extension 'ignore_ament_install'
[0.266s] Level 1:colcon.colcon_core.package_identification:_identify(ros2_socketcan_bridge/ros2socketcan_bridge) by extensions ['colcon_pkg']
[0.266s] Level 1:colcon.colcon_core.package_identification:_identify(ros2_socketcan_bridge/ros2socketcan_bridge) by extension 'colcon_pkg'
[0.266s] Level 1:colcon.colcon_core.package_identification:_identify(ros2_socketcan_bridge/ros2socketcan_bridge) by extensions ['colcon_meta']
[0.266s] Level 1:colcon.colcon_core.package_identification:_identify(ros2_socketcan_bridge/ros2socketcan_bridge) by extension 'colcon_meta'
[0.267s] Level 1:colcon.colcon_core.package_identification:_identify(ros2_socketcan_bridge/ros2socketcan_bridge) by extensions ['ros']
[0.267s] Level 1:colcon.colcon_core.package_identification:_identify(ros2_socketcan_bridge/ros2socketcan_bridge) by extension 'ros'
[0.267s] DEBUG:colcon.colcon_core.package_identification:Package 'ros2_socketcan_bridge/ros2socketcan_bridge' with type 'ros.ament_cmake' and name 'ros2socketcan_bridge'
[0.267s] Level 1:colcon.colcon_core.package_discovery:discover_packages(recursive) using defaults
[0.267s] Level 1:colcon.colcon_core.package_discovery:discover_packages(ignore) discover
[0.268s] Level 1:colcon.colcon_core.package_discovery:discover_packages(ignore) using defaults
[0.268s] Level 1:colcon.colcon_core.package_discovery:discover_packages(path) discover
[0.268s] Level 1:colcon.colcon_core.package_discovery:discover_packages(path) using defaults
[0.294s] Level 1:colcon.colcon_core.package_discovery:discover_packages(prefix_path) check parameters
[0.294s] Level 1:colcon.colcon_core.package_discovery:discover_packages(prefix_path) discover
[0.299s] DEBUG:colcon.colcon_installed_package_information.package_discovery:Found 6 installed packages in /home/offroad/radar_ws/src/install
[0.300s] DEBUG:colcon.colcon_installed_package_information.package_discovery:Found 6 installed packages in /home/offroad/radar_ws/install
[0.302s] DEBUG:colcon.colcon_installed_package_information.package_discovery:Found 303 installed packages in /opt/ros/foxy
[0.306s] Level 1:colcon.colcon_core.package_discovery:discover_packages(prefix_path) using defaults
[0.459s] Level 5:colcon.colcon_core.verb:set package 'can_msgs' build argument 'cmake_args' from command line to 'None'
[0.459s] Level 5:colcon.colcon_core.verb:set package 'can_msgs' build argument 'cmake_target' from command line to 'None'
[0.459s] Level 5:colcon.colcon_core.verb:set package 'can_msgs' build argument 'cmake_target_skip_unavailable' from command line to 'False'
[0.459s] Level 5:colcon.colcon_core.verb:set package 'can_msgs' build argument 'cmake_clean_cache' from command line to 'False'
[0.459s] Level 5:colcon.colcon_core.verb:set package 'can_msgs' build argument 'cmake_clean_first' from command line to 'False'
[0.459s] Level 5:colcon.colcon_core.verb:set package 'can_msgs' build argument 'cmake_force_configure' from command line to 'False'
[0.460s] Level 5:colcon.colcon_core.verb:set package 'can_msgs' build argument 'ament_cmake_args' from command line to 'None'
[0.460s] Level 5:colcon.colcon_core.verb:set package 'can_msgs' build argument 'catkin_cmake_args' from command line to 'None'
[0.460s] Level 5:colcon.colcon_core.verb:set package 'can_msgs' build argument 'catkin_skip_building_tests' from command line to 'False'
[0.460s] DEBUG:colcon.colcon_core.verb:Building package 'can_msgs' with the following arguments: {'ament_cmake_args': None, 'build_base': '/home/offroad/radar_ws/src/build/can_msgs', 'catkin_cmake_args': None, 'catkin_skip_building_tests': False, 'cmake_args': None, 'cmake_clean_cache': False, 'cmake_clean_first': False, 'cmake_force_configure': False, 'cmake_target': None, 'cmake_target_skip_unavailable': False, 'install_base': '/home/offroad/radar_ws/src/install/can_msgs', 'merge_install': False, 'path': '/home/offroad/radar_ws/src/ros2_socketcan_bridge/can_msgs', 'symlink_install': False, 'test_result_base': None}
[0.460s] Level 5:colcon.colcon_core.verb:set package 'radar_conti_ars408_msgs' build argument 'cmake_args' from command line to 'None'
[0.461s] Level 5:colcon.colcon_core.verb:set package 'radar_conti_ars408_msgs' build argument 'cmake_target' from command line to 'None'
[0.461s] Level 5:colcon.colcon_core.verb:set package 'radar_conti_ars408_msgs' build argument 'cmake_target_skip_unavailable' from command line to 'False'
[0.462s] Level 5:colcon.colcon_core.verb:set package 'radar_conti_ars408_msgs' build argument 'cmake_clean_cache' from command line to 'False'
[0.462s] Level 5:colcon.colcon_core.verb:set package 'radar_conti_ars408_msgs' build argument 'cmake_clean_first' from command line to 'False'
[0.462s] Level 5:colcon.colcon_core.verb:set package 'radar_conti_ars408_msgs' build argument 'cmake_force_configure' from command line to 'False'
[0.462s] Level 5:colcon.colcon_core.verb:set package 'radar_conti_ars408_msgs' build argument 'ament_cmake_args' from command line to 'None'
[0.463s] Level 5:colcon.colcon_core.verb:set package 'radar_conti_ars408_msgs' build argument 'catkin_cmake_args' from command line to 'None'
[0.463s] Level 5:colcon.colcon_core.verb:set package 'radar_conti_ars408_msgs' build argument 'catkin_skip_building_tests' from command line to 'False'
[0.463s] DEBUG:colcon.colcon_core.verb:Building package 'radar_conti_ars408_msgs' with the following arguments: {'ament_cmake_args': None, 'build_base': '/home/offroad/radar_ws/src/build/radar_conti_ars408_msgs', 'catkin_cmake_args': None, 'catkin_skip_building_tests': False, 'cmake_args': None, 'cmake_clean_cache': False, 'cmake_clean_first': False, 'cmake_force_configure': False, 'cmake_target': None, 'cmake_target_skip_unavailable': False, 'install_base': '/home/offroad/radar_ws/src/install/radar_conti_ars408_msgs', 'merge_install': False, 'path': '/home/offroad/radar_ws/src/radar_conti_ars408_msgs', 'symlink_install': False, 'test_result_base': None}
[0.464s] Level 5:colcon.colcon_core.verb:set package 'cpp_srvcli' build argument 'cmake_args' from command line to 'None'
[0.464s] Level 5:colcon.colcon_core.verb:set package 'cpp_srvcli' build argument 'cmake_target' from command line to 'None'
[0.465s] Level 5:colcon.colcon_core.verb:set package 'cpp_srvcli' build argument 'cmake_target_skip_unavailable' from command line to 'False'
[0.465s] Level 5:colcon.colcon_core.verb:set package 'cpp_srvcli' build argument 'cmake_clean_cache' from command line to 'False'
[0.465s] Level 5:colcon.colcon_core.verb:set package 'cpp_srvcli' build argument 'cmake_clean_first' from command line to 'False'
[0.465s] Level 5:colcon.colcon_core.verb:set package 'cpp_srvcli' build argument 'cmake_force_configure' from command line to 'False'
[0.465s] Level 5:colcon.colcon_core.verb:set package 'cpp_srvcli' build argument 'ament_cmake_args' from command line to 'None'
[0.465s] Level 5:colcon.colcon_core.verb:set package 'cpp_srvcli' build argument 'catkin_cmake_args' from command line to 'None'
[0.465s] Level 5:colcon.colcon_core.verb:set package 'cpp_srvcli' build argument 'catkin_skip_building_tests' from command line to 'False'
[0.465s] DEBUG:colcon.colcon_core.verb:Building package 'cpp_srvcli' with the following arguments: {'ament_cmake_args': None, 'build_base': '/home/offroad/radar_ws/src/build/cpp_srvcli', 'catkin_cmake_args': None, 'catkin_skip_building_tests': False, 'cmake_args': None, 'cmake_clean_cache': False, 'cmake_clean_first': False, 'cmake_force_configure': False, 'cmake_target': None, 'cmake_target_skip_unavailable': False, 'install_base': '/home/offroad/radar_ws/src/install/cpp_srvcli', 'merge_install': False, 'path': '/home/offroad/radar_ws/src/cpp_srvcli', 'symlink_install': False, 'test_result_base': None}
[0.466s] Level 5:colcon.colcon_core.verb:set package 'ros2socketcan_bridge' build argument 'cmake_args' from command line to 'None'
[0.466s] Level 5:colcon.colcon_core.verb:set package 'ros2socketcan_bridge' build argument 'cmake_target' from command line to 'None'
[0.466s] Level 5:colcon.colcon_core.verb:set package 'ros2socketcan_bridge' build argument 'cmake_target_skip_unavailable' from command line to 'False'
[0.466s] Level 5:colcon.colcon_core.verb:set package 'ros2socketcan_bridge' build argument 'cmake_clean_cache' from command line to 'False'
[0.466s] Level 5:colcon.colcon_core.verb:set package 'ros2socketcan_bridge' build argument 'cmake_clean_first' from command line to 'False'
[0.466s] Level 5:colcon.colcon_core.verb:set package 'ros2socketcan_bridge' build argument 'cmake_force_configure' from command line to 'False'
[0.466s] Level 5:colcon.colcon_core.verb:set package 'ros2socketcan_bridge' build argument 'ament_cmake_args' from command line to 'None'
[0.466s] Level 5:colcon.colcon_core.verb:set package 'ros2socketcan_bridge' build argument 'catkin_cmake_args' from command line to 'None'
[0.466s] Level 5:colcon.colcon_core.verb:set package 'ros2socketcan_bridge' build argument 'catkin_skip_building_tests' from command line to 'False'
[0.466s] DEBUG:colcon.colcon_core.verb:Building package 'ros2socketcan_bridge' with the following arguments: {'ament_cmake_args': None, 'build_base': '/home/offroad/radar_ws/src/build/ros2socketcan_bridge', 'catkin_cmake_args': None, 'catkin_skip_building_tests': False, 'cmake_args': None, 'cmake_clean_cache': False, 'cmake_clean_first': False, 'cmake_force_configure': False, 'cmake_target': None, 'cmake_target_skip_unavailable': False, 'install_base': '/home/offroad/radar_ws/src/install/ros2socketcan_bridge', 'merge_install': False, 'path': '/home/offroad/radar_ws/src/ros2_socketcan_bridge/ros2socketcan_bridge', 'symlink_install': False, 'test_result_base': None}
[0.467s] Level 5:colcon.colcon_core.verb:set package 'radar_conti_ars408' build argument 'cmake_args' from command line to 'None'
[0.467s] Level 5:colcon.colcon_core.verb:set package 'radar_conti_ars408' build argument 'cmake_target' from command line to 'None'
[0.467s] Level 5:colcon.colcon_core.verb:set package 'radar_conti_ars408' build argument 'cmake_target_skip_unavailable' from command line to 'False'
[0.467s] Level 5:colcon.colcon_core.verb:set package 'radar_conti_ars408' build argument 'cmake_clean_cache' from command line to 'False'
[0.467s] Level 5:colcon.colcon_core.verb:set package 'radar_conti_ars408' build argument 'cmake_clean_first' from command line to 'False'
[0.467s] Level 5:colcon.colcon_core.verb:set package 'radar_conti_ars408' build argument 'cmake_force_configure' from command line to 'False'
[0.467s] Level 5:colcon.colcon_core.verb:set package 'radar_conti_ars408' build argument 'ament_cmake_args' from command line to 'None'
[0.467s] Level 5:colcon.colcon_core.verb:set package 'radar_conti_ars408' build argument 'catkin_cmake_args' from command line to 'None'
[0.468s] Level 5:colcon.colcon_core.verb:set package 'radar_conti_ars408' build argument 'catkin_skip_building_tests' from command line to 'False'
[0.468s] DEBUG:colcon.colcon_core.verb:Building package 'radar_conti_ars408' with the following arguments: {'ament_cmake_args': None, 'build_base': '/home/offroad/radar_ws/src/build/radar_conti_ars408', 'catkin_cmake_args': None, 'catkin_skip_building_tests': False, 'cmake_args': None, 'cmake_clean_cache': False, 'cmake_clean_first': False, 'cmake_force_configure': False, 'cmake_target': None, 'cmake_target_skip_unavailable': False, 'install_base': '/home/offroad/radar_ws/src/install/radar_conti_ars408', 'merge_install': False, 'path': '/home/offroad/radar_ws/src/radar_conti_ars408/src', 'symlink_install': False, 'test_result_base': None}
[0.468s] INFO:colcon.colcon_core.executor:Executing jobs using 'parallel' executor
[0.472s] DEBUG:colcon.colcon_parallel_executor.executor.parallel:run_until_complete
[0.472s] INFO:colcon.colcon_ros.task.ament_cmake.build:Building ROS package in '/home/offroad/radar_ws/src/ros2_socketcan_bridge/can_msgs' with build type 'ament_cmake'
[0.472s] INFO:colcon.colcon_cmake.task.cmake.build:Building CMake package in '/home/offroad/radar_ws/src/ros2_socketcan_bridge/can_msgs'
[0.477s] INFO:colcon.colcon_core.plugin_system:Skipping extension 'colcon_core.shell.bat': Not used on non-Windows systems
[0.479s] INFO:colcon.colcon_core.shell:Skip shell extension 'powershell' for command environment: Not usable outside of PowerShell
[0.480s] DEBUG:colcon.colcon_core.shell:Skip shell extension 'dsv' for command environment
[0.489s] INFO:colcon.colcon_ros.task.ament_cmake.build:Building ROS package in '/home/offroad/radar_ws/src/radar_conti_ars408_msgs' with build type 'ament_cmake'
[0.490s] INFO:colcon.colcon_cmake.task.cmake.build:Building CMake package in '/home/offroad/radar_ws/src/radar_conti_ars408_msgs'
[0.490s] INFO:colcon.colcon_core.shell:Skip shell extension 'powershell' for command environment: Not usable outside of PowerShell
[0.490s] DEBUG:colcon.colcon_core.shell:Skip shell extension 'dsv' for command environment
[0.511s] DEBUG:colcon.colcon_core.event_handler.log_command:Invoking command in '/home/offroad/radar_ws/src/build/can_msgs': CMAKE_PREFIX_PATH=${CMAKE_PREFIX_PATH}:/opt/ros/foxy /usr/bin/cmake --build /home/offroad/radar_ws/src/build/can_msgs -- -j12 -l12
[0.529s] DEBUG:colcon.colcon_core.event_handler.log_command:Invoking command in '/home/offroad/radar_ws/src/build/radar_conti_ars408_msgs': CMAKE_PREFIX_PATH=${CMAKE_PREFIX_PATH}:/opt/ros/foxy /usr/bin/cmake --build /home/offroad/radar_ws/src/build/radar_conti_ars408_msgs -- -j12 -l12
[1.181s] DEBUG:colcon.colcon_core.event_handler.log_command:Invoked command in '/home/offroad/radar_ws/src/build/can_msgs' returned '0': CMAKE_PREFIX_PATH=${CMAKE_PREFIX_PATH}:/opt/ros/foxy /usr/bin/cmake --build /home/offroad/radar_ws/src/build/can_msgs -- -j12 -l12
[1.372s] DEBUG:colcon.colcon_core.event_handler.log_command:Invoked command in '/home/offroad/radar_ws/src/build/radar_conti_ars408_msgs' returned '0': CMAKE_PREFIX_PATH=${CMAKE_PREFIX_PATH}:/opt/ros/foxy /usr/bin/cmake --build /home/offroad/radar_ws/src/build/radar_conti_ars408_msgs -- -j12 -l12
[1.451s] DEBUG:colcon.colcon_core.event_handler.log_command:Invoking command in '/home/offroad/radar_ws/src/build/can_msgs': CMAKE_PREFIX_PATH=${CMAKE_PREFIX_PATH}:/opt/ros/foxy /usr/bin/cmake --install /home/offroad/radar_ws/src/build/can_msgs
[1.593s] Level 1:colcon.colcon_core.environment:create_environment_scripts_only(can_msgs)
[1.613s] DEBUG:colcon.colcon_core.event_handler.log_command:Invoked command in '/home/offroad/radar_ws/src/build/can_msgs' returned '0': CMAKE_PREFIX_PATH=${CMAKE_PREFIX_PATH}:/opt/ros/foxy /usr/bin/cmake --install /home/offroad/radar_ws/src/build/can_msgs
[1.618s] Level 1:colcon.colcon_core.environment:checking '/home/offroad/radar_ws/src/install/can_msgs' for CMake module files
[1.621s] Level 1:colcon.colcon_core.environment:checking '/home/offroad/radar_ws/src/install/can_msgs' for CMake config files
[1.623s] Level 1:colcon.colcon_core.shell:create_environment_hook('can_msgs', 'cmake_prefix_path')
[1.624s] INFO:colcon.colcon_core.shell:Creating environment hook '/home/offroad/radar_ws/src/install/can_msgs/share/can_msgs/hook/cmake_prefix_path.ps1'
[1.627s] INFO:colcon.colcon_core.shell:Creating environment descriptor '/home/offroad/radar_ws/src/install/can_msgs/share/can_msgs/hook/cmake_prefix_path.dsv'
[1.630s] INFO:colcon.colcon_core.shell:Creating environment hook '/home/offroad/radar_ws/src/install/can_msgs/share/can_msgs/hook/cmake_prefix_path.sh'
[1.631s] Level 1:colcon.colcon_core.environment:checking '/home/offroad/radar_ws/src/install/can_msgs/lib'
[1.632s] Level 1:colcon.colcon_core.shell:create_environment_hook('can_msgs', 'ld_library_path_lib')
[1.633s] INFO:colcon.colcon_core.shell:Creating environment hook '/home/offroad/radar_ws/src/install/can_msgs/share/can_msgs/hook/ld_library_path_lib.ps1'
[1.634s] INFO:colcon.colcon_core.shell:Creating environment descriptor '/home/offroad/radar_ws/src/install/can_msgs/share/can_msgs/hook/ld_library_path_lib.dsv'
[1.638s] INFO:colcon.colcon_core.shell:Creating environment hook '/home/offroad/radar_ws/src/install/can_msgs/share/can_msgs/hook/ld_library_path_lib.sh'
[1.639s] Level 1:colcon.colcon_core.environment:checking '/home/offroad/radar_ws/src/install/can_msgs/bin'
[1.639s] Level 1:colcon.colcon_core.environment:checking '/home/offroad/radar_ws/src/install/can_msgs/lib/pkgconfig/can_msgs.pc'
[1.640s] Level 1:colcon.colcon_core.environment:checking '/home/offroad/radar_ws/src/install/can_msgs/lib/python3.8/site-packages'
[1.641s] Level 1:colcon.colcon_core.shell:create_environment_hook('can_msgs', 'pythonpath')
[1.642s] INFO:colcon.colcon_core.shell:Creating environment hook '/home/offroad/radar_ws/src/install/can_msgs/share/can_msgs/hook/pythonpath.ps1'
[1.645s] INFO:colcon.colcon_core.shell:Creating environment descriptor '/home/offroad/radar_ws/src/install/can_msgs/share/can_msgs/hook/pythonpath.dsv'
[1.646s] INFO:colcon.colcon_core.shell:Creating environment hook '/home/offroad/radar_ws/src/install/can_msgs/share/can_msgs/hook/pythonpath.sh'
[1.646s] Level 1:colcon.colcon_core.environment:checking '/home/offroad/radar_ws/src/install/can_msgs/bin'
[1.648s] INFO:colcon.colcon_core.shell:Creating package script '/home/offroad/radar_ws/src/install/can_msgs/share/can_msgs/package.ps1'
[1.653s] INFO:colcon.colcon_core.shell:Creating package descriptor '/home/offroad/radar_ws/src/install/can_msgs/share/can_msgs/package.dsv'
[1.656s] INFO:colcon.colcon_core.shell:Creating package script '/home/offroad/radar_ws/src/install/can_msgs/share/can_msgs/package.sh'
[1.660s] INFO:colcon.colcon_core.shell:Creating package script '/home/offroad/radar_ws/src/install/can_msgs/share/can_msgs/package.bash'
[1.661s] INFO:colcon.colcon_core.shell:Creating package script '/home/offroad/radar_ws/src/install/can_msgs/share/can_msgs/package.zsh'
[1.662s] Level 1:colcon.colcon_core.environment:create_file_with_runtime_dependencies(/home/offroad/radar_ws/src/install/can_msgs/share/colcon-core/packages/can_msgs)
[1.784s] Level 1:colcon.colcon_core.environment:create_environment_scripts_only(can_msgs)
[1.785s] Level 1:colcon.colcon_core.environment:checking '/home/offroad/radar_ws/src/install/can_msgs' for CMake module files
[1.785s] Level 1:colcon.colcon_core.environment:checking '/home/offroad/radar_ws/src/install/can_msgs' for CMake config files
[1.785s] Level 1:colcon.colcon_core.shell:create_environment_hook('can_msgs', 'cmake_prefix_path')
[1.786s] INFO:colcon.colcon_core.shell:Creating environment hook '/home/offroad/radar_ws/src/install/can_msgs/share/can_msgs/hook/cmake_prefix_path.ps1'
[1.787s] INFO:colcon.colcon_core.shell:Creating environment descriptor '/home/offroad/radar_ws/src/install/can_msgs/share/can_msgs/hook/cmake_prefix_path.dsv'
[1.788s] INFO:colcon.colcon_core.shell:Creating environment hook '/home/offroad/radar_ws/src/install/can_msgs/share/can_msgs/hook/cmake_prefix_path.sh'
[1.792s] Level 1:colcon.colcon_core.environment:checking '/home/offroad/radar_ws/src/install/can_msgs/lib'
[1.793s] Level 1:colcon.colcon_core.shell:create_environment_hook('can_msgs', 'ld_library_path_lib')
[1.793s] INFO:colcon.colcon_core.shell:Creating environment hook '/home/offroad/radar_ws/src/install/can_msgs/share/can_msgs/hook/ld_library_path_lib.ps1'
[1.795s] INFO:colcon.colcon_core.shell:Creating environment descriptor '/home/offroad/radar_ws/src/install/can_msgs/share/can_msgs/hook/ld_library_path_lib.dsv'
[1.796s] INFO:colcon.colcon_core.shell:Creating environment hook '/home/offroad/radar_ws/src/install/can_msgs/share/can_msgs/hook/ld_library_path_lib.sh'
[1.797s] Level 1:colcon.colcon_core.environment:checking '/home/offroad/radar_ws/src/install/can_msgs/bin'
[1.798s] Level 1:colcon.colcon_core.environment:checking '/home/offroad/radar_ws/src/install/can_msgs/lib/pkgconfig/can_msgs.pc'
[1.799s] Level 1:colcon.colcon_core.environment:checking '/home/offroad/radar_ws/src/install/can_msgs/lib/python3.8/site-packages'
[1.799s] Level 1:colcon.colcon_core.shell:create_environment_hook('can_msgs', 'pythonpath')
[1.800s] INFO:colcon.colcon_core.shell:Creating environment hook '/home/offroad/radar_ws/src/install/can_msgs/share/can_msgs/hook/pythonpath.ps1'
[1.801s] INFO:colcon.colcon_core.shell:Creating environment descriptor '/home/offroad/radar_ws/src/install/can_msgs/share/can_msgs/hook/pythonpath.dsv'
[1.801s] INFO:colcon.colcon_core.shell:Creating environment hook '/home/offroad/radar_ws/src/install/can_msgs/share/can_msgs/hook/pythonpath.sh'
[1.802s] Level 1:colcon.colcon_core.environment:checking '/home/offroad/radar_ws/src/install/can_msgs/bin'
[1.805s] INFO:colcon.colcon_core.shell:Creating package script '/home/offroad/radar_ws/src/install/can_msgs/share/can_msgs/package.ps1'
[1.808s] INFO:colcon.colcon_core.shell:Creating package descriptor '/home/offroad/radar_ws/src/install/can_msgs/share/can_msgs/package.dsv'
[1.813s] INFO:colcon.colcon_core.shell:Creating package script '/home/offroad/radar_ws/src/install/can_msgs/share/can_msgs/package.sh'
[1.815s] INFO:colcon.colcon_core.shell:Creating package script '/home/offroad/radar_ws/src/install/can_msgs/share/can_msgs/package.bash'
[1.817s] INFO:colcon.colcon_core.shell:Creating package script '/home/offroad/radar_ws/src/install/can_msgs/share/can_msgs/package.zsh'
[1.818s] Level 1:colcon.colcon_core.environment:create_file_with_runtime_dependencies(/home/offroad/radar_ws/src/install/can_msgs/share/colcon-core/packages/can_msgs)
[1.821s] INFO:colcon.colcon_ros.task.ament_cmake.build:Building ROS package in '/home/offroad/radar_ws/src/ros2_socketcan_bridge/ros2socketcan_bridge' with build type 'ament_cmake'
[1.822s] INFO:colcon.colcon_cmake.task.cmake.build:Building CMake package in '/home/offroad/radar_ws/src/ros2_socketcan_bridge/ros2socketcan_bridge'
[1.824s] INFO:colcon.colcon_core.shell:Skip shell extension 'powershell' for command environment: Not usable outside of PowerShell
[1.825s] DEBUG:colcon.colcon_core.shell:Skip shell extension 'dsv' for command environment
[1.893s] DEBUG:colcon.colcon_core.event_handler.log_command:Invoking command in '/home/offroad/radar_ws/src/build/ros2socketcan_bridge': CMAKE_PREFIX_PATH=/home/offroad/radar_ws/src/install/can_msgs:/home/offroad/radar_ws/src/install/ros2socketcan_bridge:/home/offroad/radar_ws/src/install/radar_conti_ars408:/home/offroad/radar_ws/src/install/cpp_srvcli:/home/offroad/radar_ws/src/install/radar_conti_ars408_msgs:/home/offroad/radar_ws/install/ros2socketcan_bridge:/home/offroad/radar_ws/install/radar_conti_ars408:/home/offroad/radar_ws/install/cpp_srvcli:/home/offroad/radar_ws/install/radar_conti_ars408_msgs:/home/offroad/radar_ws/install/cpp_pubsub:/home/offroad/radar_ws/install/can_msgs:/opt/ros/foxy LD_LIBRARY_PATH=/home/offroad/radar_ws/src/install/can_msgs/lib:/home/offroad/radar_ws/src/install/radar_conti_ars408/lib:/home/offroad/radar_ws/src/install/radar_conti_ars408_msgs/lib:/home/offroad/radar_ws/install/radar_conti_ars408/lib:/home/offroad/radar_ws/install/radar_conti_ars408_msgs/lib:/home/offroad/radar_ws/install/can_msgs/lib:/usr/lib/x86_64-linux-gnu/gazebo-11/plugins:/opt/ros/foxy/opt/yaml_cpp_vendor/lib:/opt/ros/foxy/opt/rviz_ogre_vendor/lib:/opt/ros/foxy/lib/x86_64-linux-gnu:/opt/ros/foxy/lib PYTHONPATH=/home/offroad/radar_ws/src/install/can_msgs/lib/python3.8/site-packages:/home/offroad/radar_ws/src/install/radar_conti_ars408_msgs/lib/python3.8/site-packages:/home/offroad/radar_ws/install/radar_conti_ars408_msgs/lib/python3.8/site-packages:/home/offroad/radar_ws/install/can_msgs/lib/python3.8/site-packages:/opt/ros/foxy/lib/python3.8/site-packages /usr/bin/cmake --build /home/offroad/radar_ws/src/build/ros2socketcan_bridge -- -j12 -l12
[2.122s] DEBUG:colcon.colcon_core.event_handler.log_command:Invoked command in '/home/offroad/radar_ws/src/build/ros2socketcan_bridge' returned '0': CMAKE_PREFIX_PATH=/home/offroad/radar_ws/src/install/can_msgs:/home/offroad/radar_ws/src/install/ros2socketcan_bridge:/home/offroad/radar_ws/src/install/radar_conti_ars408:/home/offroad/radar_ws/src/install/cpp_srvcli:/home/offroad/radar_ws/src/install/radar_conti_ars408_msgs:/home/offroad/radar_ws/install/ros2socketcan_bridge:/home/offroad/radar_ws/install/radar_conti_ars408:/home/offroad/radar_ws/install/cpp_srvcli:/home/offroad/radar_ws/install/radar_conti_ars408_msgs:/home/offroad/radar_ws/install/cpp_pubsub:/home/offroad/radar_ws/install/can_msgs:/opt/ros/foxy LD_LIBRARY_PATH=/home/offroad/radar_ws/src/install/can_msgs/lib:/home/offroad/radar_ws/src/install/radar_conti_ars408/lib:/home/offroad/radar_ws/src/install/radar_conti_ars408_msgs/lib:/home/offroad/radar_ws/install/radar_conti_ars408/lib:/home/offroad/radar_ws/install/radar_conti_ars408_msgs/lib:/home/offroad/radar_ws/install/can_msgs/lib:/usr/lib/x86_64-linux-gnu/gazebo-11/plugins:/opt/ros/foxy/opt/yaml_cpp_vendor/lib:/opt/ros/foxy/opt/rviz_ogre_vendor/lib:/opt/ros/foxy/lib/x86_64-linux-gnu:/opt/ros/foxy/lib PYTHONPATH=/home/offroad/radar_ws/src/install/can_msgs/lib/python3.8/site-packages:/home/offroad/radar_ws/src/install/radar_conti_ars408_msgs/lib/python3.8/site-packages:/home/offroad/radar_ws/install/radar_conti_ars408_msgs/lib/python3.8/site-packages:/home/offroad/radar_ws/install/can_msgs/lib/python3.8/site-packages:/opt/ros/foxy/lib/python3.8/site-packages /usr/bin/cmake --build /home/offroad/radar_ws/src/build/ros2socketcan_bridge -- -j12 -l12
[2.169s] DEBUG:colcon.colcon_core.event_handler.log_command:Invoking command in '/home/offroad/radar_ws/src/build/ros2socketcan_bridge': CMAKE_PREFIX_PATH=/home/offroad/radar_ws/src/install/can_msgs:/home/offroad/radar_ws/src/install/ros2socketcan_bridge:/home/offroad/radar_ws/src/install/radar_conti_ars408:/home/offroad/radar_ws/src/install/cpp_srvcli:/home/offroad/radar_ws/src/install/radar_conti_ars408_msgs:/home/offroad/radar_ws/install/ros2socketcan_bridge:/home/offroad/radar_ws/install/radar_conti_ars408:/home/offroad/radar_ws/install/cpp_srvcli:/home/offroad/radar_ws/install/radar_conti_ars408_msgs:/home/offroad/radar_ws/install/cpp_pubsub:/home/offroad/radar_ws/install/can_msgs:/opt/ros/foxy LD_LIBRARY_PATH=/home/offroad/radar_ws/src/install/can_msgs/lib:/home/offroad/radar_ws/src/install/radar_conti_ars408/lib:/home/offroad/radar_ws/src/install/radar_conti_ars408_msgs/lib:/home/offroad/radar_ws/install/radar_conti_ars408/lib:/home/offroad/radar_ws/install/radar_conti_ars408_msgs/lib:/home/offroad/radar_ws/install/can_msgs/lib:/usr/lib/x86_64-linux-gnu/gazebo-11/plugins:/opt/ros/foxy/opt/yaml_cpp_vendor/lib:/opt/ros/foxy/opt/rviz_ogre_vendor/lib:/opt/ros/foxy/lib/x86_64-linux-gnu:/opt/ros/foxy/lib PYTHONPATH=/home/offroad/radar_ws/src/install/can_msgs/lib/python3.8/site-packages:/home/offroad/radar_ws/src/install/radar_conti_ars408_msgs/lib/python3.8/site-packages:/home/offroad/radar_ws/install/radar_conti_ars408_msgs/lib/python3.8/site-packages:/home/offroad/radar_ws/install/can_msgs/lib/python3.8/site-packages:/opt/ros/foxy/lib/python3.8/site-packages /usr/bin/cmake --install /home/offroad/radar_ws/src/build/ros2socketcan_bridge
[2.196s] Level 1:colcon.colcon_core.environment:create_environment_scripts_only(ros2socketcan_bridge)
[2.198s] Level 1:colcon.colcon_core.environment:checking '/home/offroad/radar_ws/src/install/ros2socketcan_bridge' for CMake module files
[2.200s] Level 1:colcon.colcon_core.environment:checking '/home/offroad/radar_ws/src/install/ros2socketcan_bridge' for CMake config files
[2.201s] Level 1:colcon.colcon_core.shell:create_environment_hook('ros2socketcan_bridge', 'cmake_prefix_path')
[2.201s] DEBUG:colcon.colcon_core.event_handler.log_command:Invoked command in '/home/offroad/radar_ws/src/build/ros2socketcan_bridge' returned '0': CMAKE_PREFIX_PATH=/home/offroad/radar_ws/src/install/can_msgs:/home/offroad/radar_ws/src/install/ros2socketcan_bridge:/home/offroad/radar_ws/src/install/radar_conti_ars408:/home/offroad/radar_ws/src/install/cpp_srvcli:/home/offroad/radar_ws/src/install/radar_conti_ars408_msgs:/home/offroad/radar_ws/install/ros2socketcan_bridge:/home/offroad/radar_ws/install/radar_conti_ars408:/home/offroad/radar_ws/install/cpp_srvcli:/home/offroad/radar_ws/install/radar_conti_ars408_msgs:/home/offroad/radar_ws/install/cpp_pubsub:/home/offroad/radar_ws/install/can_msgs:/opt/ros/foxy LD_LIBRARY_PATH=/home/offroad/radar_ws/src/install/can_msgs/lib:/home/offroad/radar_ws/src/install/radar_conti_ars408/lib:/home/offroad/radar_ws/src/install/radar_conti_ars408_msgs/lib:/home/offroad/radar_ws/install/radar_conti_ars408/lib:/home/offroad/radar_ws/install/radar_conti_ars408_msgs/lib:/home/offroad/radar_ws/install/can_msgs/lib:/usr/lib/x86_64-linux-gnu/gazebo-11/plugins:/opt/ros/foxy/opt/yaml_cpp_vendor/lib:/opt/ros/foxy/opt/rviz_ogre_vendor/lib:/opt/ros/foxy/lib/x86_64-linux-gnu:/opt/ros/foxy/lib PYTHONPATH=/home/offroad/radar_ws/src/install/can_msgs/lib/python3.8/site-packages:/home/offroad/radar_ws/src/install/radar_conti_ars408_msgs/lib/python3.8/site-packages:/home/offroad/radar_ws/install/radar_conti_ars408_msgs/lib/python3.8/site-packages:/home/offroad/radar_ws/install/can_msgs/lib/python3.8/site-packages:/opt/ros/foxy/lib/python3.8/site-packages /usr/bin/cmake --install /home/offroad/radar_ws/src/build/ros2socketcan_bridge
[2.201s] INFO:colcon.colcon_core.shell:Creating environment hook '/home/offroad/radar_ws/src/install/ros2socketcan_bridge/share/ros2socketcan_bridge/hook/cmake_prefix_path.ps1'
[2.202s] INFO:colcon.colcon_core.shell:Creating environment descriptor '/home/offroad/radar_ws/src/install/ros2socketcan_bridge/share/ros2socketcan_bridge/hook/cmake_prefix_path.dsv'
[2.203s] INFO:colcon.colcon_core.shell:Creating environment hook '/home/offroad/radar_ws/src/install/ros2socketcan_bridge/share/ros2socketcan_bridge/hook/cmake_prefix_path.sh'
[2.205s] Level 1:colcon.colcon_core.environment:checking '/home/offroad/radar_ws/src/install/ros2socketcan_bridge/lib'
[2.206s] Level 1:colcon.colcon_core.environment:checking '/home/offroad/radar_ws/src/install/ros2socketcan_bridge/bin'
[2.207s] Level 1:colcon.colcon_core.environment:checking '/home/offroad/radar_ws/src/install/ros2socketcan_bridge/lib/pkgconfig/ros2socketcan_bridge.pc'
[2.207s] Level 1:colcon.colcon_core.environment:checking '/home/offroad/radar_ws/src/install/ros2socketcan_bridge/lib/python3.8/site-packages'
[2.208s] Level 1:colcon.colcon_core.environment:checking '/home/offroad/radar_ws/src/install/ros2socketcan_bridge/bin'
[2.209s] INFO:colcon.colcon_core.shell:Creating package script '/home/offroad/radar_ws/src/install/ros2socketcan_bridge/share/ros2socketcan_bridge/package.ps1'
[2.211s] INFO:colcon.colcon_core.shell:Creating package descriptor '/home/offroad/radar_ws/src/install/ros2socketcan_bridge/share/ros2socketcan_bridge/package.dsv'
[2.213s] INFO:colcon.colcon_core.shell:Creating package script '/home/offroad/radar_ws/src/install/ros2socketcan_bridge/share/ros2socketcan_bridge/package.sh'
[2.214s] INFO:colcon.colcon_core.shell:Creating package script '/home/offroad/radar_ws/src/install/ros2socketcan_bridge/share/ros2socketcan_bridge/package.bash'
[2.214s] INFO:colcon.colcon_core.shell:Creating package script '/home/offroad/radar_ws/src/install/ros2socketcan_bridge/share/ros2socketcan_bridge/package.zsh'
[2.214s] Level 1:colcon.colcon_core.environment:create_file_with_runtime_dependencies(/home/offroad/radar_ws/src/install/ros2socketcan_bridge/share/colcon-core/packages/ros2socketcan_bridge)
[2.256s] Level 1:colcon.colcon_core.environment:create_environment_scripts_only(ros2socketcan_bridge)
[2.258s] Level 1:colcon.colcon_core.environment:checking '/home/offroad/radar_ws/src/install/ros2socketcan_bridge' for CMake module files
[2.259s] Level 1:colcon.colcon_core.environment:checking '/home/offroad/radar_ws/src/install/ros2socketcan_bridge' for CMake config files
[2.259s] Level 1:colcon.colcon_core.shell:create_environment_hook('ros2socketcan_bridge', 'cmake_prefix_path')
[2.261s] INFO:colcon.colcon_core.shell:Creating environment hook '/home/offroad/radar_ws/src/install/ros2socketcan_bridge/share/ros2socketcan_bridge/hook/cmake_prefix_path.ps1'
[2.262s] INFO:colcon.colcon_core.shell:Creating environment descriptor '/home/offroad/radar_ws/src/install/ros2socketcan_bridge/share/ros2socketcan_bridge/hook/cmake_prefix_path.dsv'
[2.262s] INFO:colcon.colcon_core.shell:Creating environment hook '/home/offroad/radar_ws/src/install/ros2socketcan_bridge/share/ros2socketcan_bridge/hook/cmake_prefix_path.sh'
[2.263s] Level 1:colcon.colcon_core.environment:checking '/home/offroad/radar_ws/src/install/ros2socketcan_bridge/lib'
[2.263s] Level 1:colcon.colcon_core.environment:checking '/home/offroad/radar_ws/src/install/ros2socketcan_bridge/bin'
[2.263s] Level 1:colcon.colcon_core.environment:checking '/home/offroad/radar_ws/src/install/ros2socketcan_bridge/lib/pkgconfig/ros2socketcan_bridge.pc'
[2.263s] Level 1:colcon.colcon_core.environment:checking '/home/offroad/radar_ws/src/install/ros2socketcan_bridge/lib/python3.8/site-packages'
[2.264s] Level 1:colcon.colcon_core.environment:checking '/home/offroad/radar_ws/src/install/ros2socketcan_bridge/bin'
[2.264s] INFO:colcon.colcon_core.shell:Creating package script '/home/offroad/radar_ws/src/install/ros2socketcan_bridge/share/ros2socketcan_bridge/package.ps1'
[2.265s] INFO:colcon.colcon_core.shell:Creating package descriptor '/home/offroad/radar_ws/src/install/ros2socketcan_bridge/share/ros2socketcan_bridge/package.dsv'
[2.265s] INFO:colcon.colcon_core.shell:Creating package script '/home/offroad/radar_ws/src/install/ros2socketcan_bridge/share/ros2socketcan_bridge/package.sh'
[2.265s] INFO:colcon.colcon_core.shell:Creating package script '/home/offroad/radar_ws/src/install/ros2socketcan_bridge/share/ros2socketcan_bridge/package.bash'
[2.266s] INFO:colcon.colcon_core.shell:Creating package script '/home/offroad/radar_ws/src/install/ros2socketcan_bridge/share/ros2socketcan_bridge/package.zsh'
[2.266s] Level 1:colcon.colcon_core.environment:create_file_with_runtime_dependencies(/home/offroad/radar_ws/src/install/ros2socketcan_bridge/share/colcon-core/packages/ros2socketcan_bridge)
[2.280s] DEBUG:colcon.colcon_core.event_handler.log_command:Invoking command in '/home/offroad/radar_ws/src/build/radar_conti_ars408_msgs': CMAKE_PREFIX_PATH=${CMAKE_PREFIX_PATH}:/opt/ros/foxy /usr/bin/cmake --install /home/offroad/radar_ws/src/build/radar_conti_ars408_msgs
[2.395s] Level 1:colcon.colcon_core.environment:create_environment_scripts_only(radar_conti_ars408_msgs)
[2.397s] Level 1:colcon.colcon_core.environment:checking '/home/offroad/radar_ws/src/install/radar_conti_ars408_msgs' for CMake module files
[2.401s] DEBUG:colcon.colcon_core.event_handler.log_command:Invoked command in '/home/offroad/radar_ws/src/build/radar_conti_ars408_msgs' returned '0': CMAKE_PREFIX_PATH=${CMAKE_PREFIX_PATH}:/opt/ros/foxy /usr/bin/cmake --install /home/offroad/radar_ws/src/build/radar_conti_ars408_msgs
[2.401s] Level 1:colcon.colcon_core.environment:checking '/home/offroad/radar_ws/src/install/radar_conti_ars408_msgs' for CMake config files
[2.402s] Level 1:colcon.colcon_core.shell:create_environment_hook('radar_conti_ars408_msgs', 'cmake_prefix_path')
[2.403s] INFO:colcon.colcon_core.shell:Creating environment hook '/home/offroad/radar_ws/src/install/radar_conti_ars408_msgs/share/radar_conti_ars408_msgs/hook/cmake_prefix_path.ps1'
[2.404s] INFO:colcon.colcon_core.shell:Creating environment descriptor '/home/offroad/radar_ws/src/install/radar_conti_ars408_msgs/share/radar_conti_ars408_msgs/hook/cmake_prefix_path.dsv'
[2.404s] INFO:colcon.colcon_core.shell:Creating environment hook '/home/offroad/radar_ws/src/install/radar_conti_ars408_msgs/share/radar_conti_ars408_msgs/hook/cmake_prefix_path.sh'
[2.406s] Level 1:colcon.colcon_core.environment:checking '/home/offroad/radar_ws/src/install/radar_conti_ars408_msgs/lib'
[2.406s] Level 1:colcon.colcon_core.shell:create_environment_hook('radar_conti_ars408_msgs', 'ld_library_path_lib')
[2.407s] INFO:colcon.colcon_core.shell:Creating environment hook '/home/offroad/radar_ws/src/install/radar_conti_ars408_msgs/share/radar_conti_ars408_msgs/hook/ld_library_path_lib.ps1'
[2.408s] INFO:colcon.colcon_core.shell:Creating environment descriptor '/home/offroad/radar_ws/src/install/radar_conti_ars408_msgs/share/radar_conti_ars408_msgs/hook/ld_library_path_lib.dsv'
[2.408s] INFO:colcon.colcon_core.shell:Creating environment hook '/home/offroad/radar_ws/src/install/radar_conti_ars408_msgs/share/radar_conti_ars408_msgs/hook/ld_library_path_lib.sh'
[2.408s] Level 1:colcon.colcon_core.environment:checking '/home/offroad/radar_ws/src/install/radar_conti_ars408_msgs/bin'
[2.408s] Level 1:colcon.colcon_core.environment:checking '/home/offroad/radar_ws/src/install/radar_conti_ars408_msgs/lib/pkgconfig/radar_conti_ars408_msgs.pc'
[2.409s] Level 1:colcon.colcon_core.environment:checking '/home/offroad/radar_ws/src/install/radar_conti_ars408_msgs/lib/python3.8/site-packages'
[2.409s] Level 1:colcon.colcon_core.shell:create_environment_hook('radar_conti_ars408_msgs', 'pythonpath')
[2.409s] INFO:colcon.colcon_core.shell:Creating environment hook '/home/offroad/radar_ws/src/install/radar_conti_ars408_msgs/share/radar_conti_ars408_msgs/hook/pythonpath.ps1'
[2.410s] INFO:colcon.colcon_core.shell:Creating environment descriptor '/home/offroad/radar_ws/src/install/radar_conti_ars408_msgs/share/radar_conti_ars408_msgs/hook/pythonpath.dsv'
[2.410s] INFO:colcon.colcon_core.shell:Creating environment hook '/home/offroad/radar_ws/src/install/radar_conti_ars408_msgs/share/radar_conti_ars408_msgs/hook/pythonpath.sh'
[2.412s] Level 1:colcon.colcon_core.environment:checking '/home/offroad/radar_ws/src/install/radar_conti_ars408_msgs/bin'
[2.413s] INFO:colcon.colcon_core.shell:Creating package script '/home/offroad/radar_ws/src/install/radar_conti_ars408_msgs/share/radar_conti_ars408_msgs/package.ps1'
[2.417s] INFO:colcon.colcon_core.shell:Creating package descriptor '/home/offroad/radar_ws/src/install/radar_conti_ars408_msgs/share/radar_conti_ars408_msgs/package.dsv'
[2.417s] INFO:colcon.colcon_core.shell:Creating package script '/home/offroad/radar_ws/src/install/radar_conti_ars408_msgs/share/radar_conti_ars408_msgs/package.sh'
[2.418s] INFO:colcon.colcon_core.shell:Creating package script '/home/offroad/radar_ws/src/install/radar_conti_ars408_msgs/share/radar_conti_ars408_msgs/package.bash'
[2.419s] INFO:colcon.colcon_core.shell:Creating package script '/home/offroad/radar_ws/src/install/radar_conti_ars408_msgs/share/radar_conti_ars408_msgs/package.zsh'
[2.420s] Level 1:colcon.colcon_core.environment:create_file_with_runtime_dependencies(/home/offroad/radar_ws/src/install/radar_conti_ars408_msgs/share/colcon-core/packages/radar_conti_ars408_msgs)
[3.010s] Level 1:colcon.colcon_core.environment:create_environment_scripts_only(radar_conti_ars408_msgs)
[3.014s] Level 1:colcon.colcon_core.environment:checking '/home/offroad/radar_ws/src/install/radar_conti_ars408_msgs' for CMake module files
[3.016s] Level 1:colcon.colcon_core.environment:checking '/home/offroad/radar_ws/src/install/radar_conti_ars408_msgs' for CMake config files
[3.016s] Level 1:colcon.colcon_core.shell:create_environment_hook('radar_conti_ars408_msgs', 'cmake_prefix_path')
[3.016s] INFO:colcon.colcon_core.shell:Creating environment hook '/home/offroad/radar_ws/src/install/radar_conti_ars408_msgs/share/radar_conti_ars408_msgs/hook/cmake_prefix_path.ps1'
[3.017s] INFO:colcon.colcon_core.shell:Creating environment descriptor '/home/offroad/radar_ws/src/install/radar_conti_ars408_msgs/share/radar_conti_ars408_msgs/hook/cmake_prefix_path.dsv'
[3.017s] INFO:colcon.colcon_core.shell:Creating environment hook '/home/offroad/radar_ws/src/install/radar_conti_ars408_msgs/share/radar_conti_ars408_msgs/hook/cmake_prefix_path.sh'
[3.017s] Level 1:colcon.colcon_core.environment:checking '/home/offroad/radar_ws/src/install/radar_conti_ars408_msgs/lib'
[3.018s] Level 1:colcon.colcon_core.shell:create_environment_hook('radar_conti_ars408_msgs', 'ld_library_path_lib')
[3.018s] INFO:colcon.colcon_core.shell:Creating environment hook '/home/offroad/radar_ws/src/install/radar_conti_ars408_msgs/share/radar_conti_ars408_msgs/hook/ld_library_path_lib.ps1'
[3.019s] INFO:colcon.colcon_core.shell:Creating environment descriptor '/home/offroad/radar_ws/src/install/radar_conti_ars408_msgs/share/radar_conti_ars408_msgs/hook/ld_library_path_lib.dsv'
[3.022s] INFO:colcon.colcon_core.shell:Creating environment hook '/home/offroad/radar_ws/src/install/radar_conti_ars408_msgs/share/radar_conti_ars408_msgs/hook/ld_library_path_lib.sh'
[3.024s] Level 1:colcon.colcon_core.environment:checking '/home/offroad/radar_ws/src/install/radar_conti_ars408_msgs/bin'
[3.025s] Level 1:colcon.colcon_core.environment:checking '/home/offroad/radar_ws/src/install/radar_conti_ars408_msgs/lib/pkgconfig/radar_conti_ars408_msgs.pc'
[3.025s] Level 1:colcon.colcon_core.environment:checking '/home/offroad/radar_ws/src/install/radar_conti_ars408_msgs/lib/python3.8/site-packages'
[3.026s] Level 1:colcon.colcon_core.shell:create_environment_hook('radar_conti_ars408_msgs', 'pythonpath')
[3.026s] INFO:colcon.colcon_core.shell:Creating environment hook '/home/offroad/radar_ws/src/install/radar_conti_ars408_msgs/share/radar_conti_ars408_msgs/hook/pythonpath.ps1'
[3.028s] INFO:colcon.colcon_core.shell:Creating environment descriptor '/home/offroad/radar_ws/src/install/radar_conti_ars408_msgs/share/radar_conti_ars408_msgs/hook/pythonpath.dsv'
[3.030s] INFO:colcon.colcon_core.shell:Creating environment hook '/home/offroad/radar_ws/src/install/radar_conti_ars408_msgs/share/radar_conti_ars408_msgs/hook/pythonpath.sh'
[3.031s] Level 1:colcon.colcon_core.environment:checking '/home/offroad/radar_ws/src/install/radar_conti_ars408_msgs/bin'
[3.031s] INFO:colcon.colcon_core.shell:Creating package script '/home/offroad/radar_ws/src/install/radar_conti_ars408_msgs/share/radar_conti_ars408_msgs/package.ps1'
[3.032s] INFO:colcon.colcon_core.shell:Creating package descriptor '/home/offroad/radar_ws/src/install/radar_conti_ars408_msgs/share/radar_conti_ars408_msgs/package.dsv'
[3.032s] INFO:colcon.colcon_core.shell:Creating package script '/home/offroad/radar_ws/src/install/radar_conti_ars408_msgs/share/radar_conti_ars408_msgs/package.sh'
[3.033s] INFO:colcon.colcon_core.shell:Creating package script '/home/offroad/radar_ws/src/install/radar_conti_ars408_msgs/share/radar_conti_ars408_msgs/package.bash'
[3.033s] INFO:colcon.colcon_core.shell:Creating package script '/home/offroad/radar_ws/src/install/radar_conti_ars408_msgs/share/radar_conti_ars408_msgs/package.zsh'
[3.033s] Level 1:colcon.colcon_core.environment:create_file_with_runtime_dependencies(/home/offroad/radar_ws/src/install/radar_conti_ars408_msgs/share/colcon-core/packages/radar_conti_ars408_msgs)
[3.034s] INFO:colcon.colcon_ros.task.ament_cmake.build:Building ROS package in '/home/offroad/radar_ws/src/cpp_srvcli' with build type 'ament_cmake'
[3.034s] INFO:colcon.colcon_cmake.task.cmake.build:Building CMake package in '/home/offroad/radar_ws/src/cpp_srvcli'
[3.035s] INFO:colcon.colcon_core.shell:Skip shell extension 'powershell' for command environment: Not usable outside of PowerShell
[3.035s] DEBUG:colcon.colcon_core.shell:Skip shell extension 'dsv' for command environment
[3.050s] INFO:colcon.colcon_ros.task.ament_cmake.build:Building ROS package in '/home/offroad/radar_ws/src/radar_conti_ars408/src' with build type 'ament_cmake'
[3.051s] INFO:colcon.colcon_cmake.task.cmake.build:Building CMake package in '/home/offroad/radar_ws/src/radar_conti_ars408/src'
[3.054s] INFO:colcon.colcon_core.shell:Skip shell extension 'powershell' for command environment: Not usable outside of PowerShell
[3.056s] DEBUG:colcon.colcon_core.shell:Skip shell extension 'dsv' for command environment
[3.089s] DEBUG:colcon.colcon_core.event_handler.log_command:Invoking command in '/home/offroad/radar_ws/src/build/cpp_srvcli': CMAKE_PREFIX_PATH=/home/offroad/radar_ws/src/install/radar_conti_ars408_msgs:/home/offroad/radar_ws/src/install/ros2socketcan_bridge:/home/offroad/radar_ws/src/install/radar_conti_ars408:/home/offroad/radar_ws/src/install/cpp_srvcli:/home/offroad/radar_ws/src/install/can_msgs:/home/offroad/radar_ws/install/ros2socketcan_bridge:/home/offroad/radar_ws/install/radar_conti_ars408:/home/offroad/radar_ws/install/cpp_srvcli:/home/offroad/radar_ws/install/radar_conti_ars408_msgs:/home/offroad/radar_ws/install/cpp_pubsub:/home/offroad/radar_ws/install/can_msgs:/opt/ros/foxy LD_LIBRARY_PATH=/home/offroad/radar_ws/src/install/radar_conti_ars408_msgs/lib:/home/offroad/radar_ws/src/install/radar_conti_ars408/lib:/home/offroad/radar_ws/src/install/can_msgs/lib:/home/offroad/radar_ws/install/radar_conti_ars408/lib:/home/offroad/radar_ws/install/radar_conti_ars408_msgs/lib:/home/offroad/radar_ws/install/can_msgs/lib:/usr/lib/x86_64-linux-gnu/gazebo-11/plugins:/opt/ros/foxy/opt/yaml_cpp_vendor/lib:/opt/ros/foxy/opt/rviz_ogre_vendor/lib:/opt/ros/foxy/lib/x86_64-linux-gnu:/opt/ros/foxy/lib /usr/bin/cmake --build /home/offroad/radar_ws/src/build/cpp_srvcli -- -j12 -l12
[3.114s] DEBUG:colcon.colcon_core.event_handler.log_command:Invoking command in '/home/offroad/radar_ws/src/build/radar_conti_ars408': CMAKE_PREFIX_PATH=/home/offroad/radar_ws/src/install/ros2socketcan_bridge:/home/offroad/radar_ws/src/install/radar_conti_ars408_msgs:/home/offroad/radar_ws/src/install/can_msgs:/home/offroad/radar_ws/src/install/radar_conti_ars408:/home/offroad/radar_ws/src/install/cpp_srvcli:/home/offroad/radar_ws/install/ros2socketcan_bridge:/home/offroad/radar_ws/install/radar_conti_ars408:/home/offroad/radar_ws/install/cpp_srvcli:/home/offroad/radar_ws/install/radar_conti_ars408_msgs:/home/offroad/radar_ws/install/cpp_pubsub:/home/offroad/radar_ws/install/can_msgs:/opt/ros/foxy LD_LIBRARY_PATH=/home/offroad/radar_ws/src/install/radar_conti_ars408_msgs/lib:/home/offroad/radar_ws/src/install/can_msgs/lib:/home/offroad/radar_ws/src/install/radar_conti_ars408/lib:/home/offroad/radar_ws/install/radar_conti_ars408/lib:/home/offroad/radar_ws/install/radar_conti_ars408_msgs/lib:/home/offroad/radar_ws/install/can_msgs/lib:/usr/lib/x86_64-linux-gnu/gazebo-11/plugins:/opt/ros/foxy/opt/yaml_cpp_vendor/lib:/opt/ros/foxy/opt/rviz_ogre_vendor/lib:/opt/ros/foxy/lib/x86_64-linux-gnu:/opt/ros/foxy/lib /usr/bin/cmake --build /home/offroad/radar_ws/src/build/radar_conti_ars408 -- -j12 -l12
[3.304s] DEBUG:colcon.colcon_core.event_handler.log_command:Invoked command in '/home/offroad/radar_ws/src/build/cpp_srvcli' returned '0': CMAKE_PREFIX_PATH=/home/offroad/radar_ws/src/install/radar_conti_ars408_msgs:/home/offroad/radar_ws/src/install/ros2socketcan_bridge:/home/offroad/radar_ws/src/install/radar_conti_ars408:/home/offroad/radar_ws/src/install/cpp_srvcli:/home/offroad/radar_ws/src/install/can_msgs:/home/offroad/radar_ws/install/ros2socketcan_bridge:/home/offroad/radar_ws/install/radar_conti_ars408:/home/offroad/radar_ws/install/cpp_srvcli:/home/offroad/radar_ws/install/radar_conti_ars408_msgs:/home/offroad/radar_ws/install/cpp_pubsub:/home/offroad/radar_ws/install/can_msgs:/opt/ros/foxy LD_LIBRARY_PATH=/home/offroad/radar_ws/src/install/radar_conti_ars408_msgs/lib:/home/offroad/radar_ws/src/install/radar_conti_ars408/lib:/home/offroad/radar_ws/src/install/can_msgs/lib:/home/offroad/radar_ws/install/radar_conti_ars408/lib:/home/offroad/radar_ws/install/radar_conti_ars408_msgs/lib:/home/offroad/radar_ws/install/can_msgs/lib:/usr/lib/x86_64-linux-gnu/gazebo-11/plugins:/opt/ros/foxy/opt/yaml_cpp_vendor/lib:/opt/ros/foxy/opt/rviz_ogre_vendor/lib:/opt/ros/foxy/lib/x86_64-linux-gnu:/opt/ros/foxy/lib /usr/bin/cmake --build /home/offroad/radar_ws/src/build/cpp_srvcli -- -j12 -l12
[3.372s] DEBUG:colcon.colcon_core.event_handler.log_command:Invoking command in '/home/offroad/radar_ws/src/build/cpp_srvcli': CMAKE_PREFIX_PATH=/home/offroad/radar_ws/src/install/radar_conti_ars408_msgs:/home/offroad/radar_ws/src/install/ros2socketcan_bridge:/home/offroad/radar_ws/src/install/radar_conti_ars408:/home/offroad/radar_ws/src/install/cpp_srvcli:/home/offroad/radar_ws/src/install/can_msgs:/home/offroad/radar_ws/install/ros2socketcan_bridge:/home/offroad/radar_ws/install/radar_conti_ars408:/home/offroad/radar_ws/install/cpp_srvcli:/home/offroad/radar_ws/install/radar_conti_ars408_msgs:/home/offroad/radar_ws/install/cpp_pubsub:/home/offroad/radar_ws/install/can_msgs:/opt/ros/foxy LD_LIBRARY_PATH=/home/offroad/radar_ws/src/install/radar_conti_ars408_msgs/lib:/home/offroad/radar_ws/src/install/radar_conti_ars408/lib:/home/offroad/radar_ws/src/install/can_msgs/lib:/home/offroad/radar_ws/install/radar_conti_ars408/lib:/home/offroad/radar_ws/install/radar_conti_ars408_msgs/lib:/home/offroad/radar_ws/install/can_msgs/lib:/usr/lib/x86_64-linux-gnu/gazebo-11/plugins:/opt/ros/foxy/opt/yaml_cpp_vendor/lib:/opt/ros/foxy/opt/rviz_ogre_vendor/lib:/opt/ros/foxy/lib/x86_64-linux-gnu:/opt/ros/foxy/lib /usr/bin/cmake --install /home/offroad/radar_ws/src/build/cpp_srvcli
[3.402s] Level 1:colcon.colcon_core.environment:create_environment_scripts_only(cpp_srvcli)
[3.403s] Level 1:colcon.colcon_core.environment:checking '/home/offroad/radar_ws/src/install/cpp_srvcli' for CMake module files
[3.404s] DEBUG:colcon.colcon_core.event_handler.log_command:Invoked command in '/home/offroad/radar_ws/src/build/cpp_srvcli' returned '0': CMAKE_PREFIX_PATH=/home/offroad/radar_ws/src/install/radar_conti_ars408_msgs:/home/offroad/radar_ws/src/install/ros2socketcan_bridge:/home/offroad/radar_ws/src/install/radar_conti_ars408:/home/offroad/radar_ws/src/install/cpp_srvcli:/home/offroad/radar_ws/src/install/can_msgs:/home/offroad/radar_ws/install/ros2socketcan_bridge:/home/offroad/radar_ws/install/radar_conti_ars408:/home/offroad/radar_ws/install/cpp_srvcli:/home/offroad/radar_ws/install/radar_conti_ars408_msgs:/home/offroad/radar_ws/install/cpp_pubsub:/home/offroad/radar_ws/install/can_msgs:/opt/ros/foxy LD_LIBRARY_PATH=/home/offroad/radar_ws/src/install/radar_conti_ars408_msgs/lib:/home/offroad/radar_ws/src/install/radar_conti_ars408/lib:/home/offroad/radar_ws/src/install/can_msgs/lib:/home/offroad/radar_ws/install/radar_conti_ars408/lib:/home/offroad/radar_ws/install/radar_conti_ars408_msgs/lib:/home/offroad/radar_ws/install/can_msgs/lib:/usr/lib/x86_64-linux-gnu/gazebo-11/plugins:/opt/ros/foxy/opt/yaml_cpp_vendor/lib:/opt/ros/foxy/opt/rviz_ogre_vendor/lib:/opt/ros/foxy/lib/x86_64-linux-gnu:/opt/ros/foxy/lib /usr/bin/cmake --install /home/offroad/radar_ws/src/build/cpp_srvcli
[3.405s] Level 1:colcon.colcon_core.environment:checking '/home/offroad/radar_ws/src/install/cpp_srvcli' for CMake config files
[3.406s] Level 1:colcon.colcon_core.shell:create_environment_hook('cpp_srvcli', 'cmake_prefix_path')
[3.409s] INFO:colcon.colcon_core.shell:Creating environment hook '/home/offroad/radar_ws/src/install/cpp_srvcli/share/cpp_srvcli/hook/cmake_prefix_path.ps1'
[3.411s] INFO:colcon.colcon_core.shell:Creating environment descriptor '/home/offroad/radar_ws/src/install/cpp_srvcli/share/cpp_srvcli/hook/cmake_prefix_path.dsv'
[3.412s] INFO:colcon.colcon_core.shell:Creating environment hook '/home/offroad/radar_ws/src/install/cpp_srvcli/share/cpp_srvcli/hook/cmake_prefix_path.sh'
[3.415s] Level 1:colcon.colcon_core.environment:checking '/home/offroad/radar_ws/src/install/cpp_srvcli/lib'
[3.415s] Level 1:colcon.colcon_core.environment:checking '/home/offroad/radar_ws/src/install/cpp_srvcli/bin'
[3.415s] Level 1:colcon.colcon_core.environment:checking '/home/offroad/radar_ws/src/install/cpp_srvcli/lib/pkgconfig/cpp_srvcli.pc'
[3.416s] Level 1:colcon.colcon_core.environment:checking '/home/offroad/radar_ws/src/install/cpp_srvcli/lib/python3.8/site-packages'
[3.416s] Level 1:colcon.colcon_core.environment:checking '/home/offroad/radar_ws/src/install/cpp_srvcli/bin'
[3.417s] INFO:colcon.colcon_core.shell:Creating package script '/home/offroad/radar_ws/src/install/cpp_srvcli/share/cpp_srvcli/package.ps1'
[3.417s] INFO:colcon.colcon_core.shell:Creating package descriptor '/home/offroad/radar_ws/src/install/cpp_srvcli/share/cpp_srvcli/package.dsv'
[3.418s] INFO:colcon.colcon_core.shell:Creating package script '/home/offroad/radar_ws/src/install/cpp_srvcli/share/cpp_srvcli/package.sh'
[3.419s] INFO:colcon.colcon_core.shell:Creating package script '/home/offroad/radar_ws/src/install/cpp_srvcli/share/cpp_srvcli/package.bash'
[3.424s] INFO:colcon.colcon_core.shell:Creating package script '/home/offroad/radar_ws/src/install/cpp_srvcli/share/cpp_srvcli/package.zsh'
[3.427s] Level 1:colcon.colcon_core.environment:create_file_with_runtime_dependencies(/home/offroad/radar_ws/src/install/cpp_srvcli/share/colcon-core/packages/cpp_srvcli)
[3.502s] Level 1:colcon.colcon_core.environment:create_environment_scripts_only(cpp_srvcli)
[3.507s] Level 1:colcon.colcon_core.environment:checking '/home/offroad/radar_ws/src/install/cpp_srvcli' for CMake module files
[3.508s] Level 1:colcon.colcon_core.environment:checking '/home/offroad/radar_ws/src/install/cpp_srvcli' for CMake config files
[3.509s] Level 1:colcon.colcon_core.shell:create_environment_hook('cpp_srvcli', 'cmake_prefix_path')
[3.510s] INFO:colcon.colcon_core.shell:Creating environment hook '/home/offroad/radar_ws/src/install/cpp_srvcli/share/cpp_srvcli/hook/cmake_prefix_path.ps1'
[3.513s] INFO:colcon.colcon_core.shell:Creating environment descriptor '/home/offroad/radar_ws/src/install/cpp_srvcli/share/cpp_srvcli/hook/cmake_prefix_path.dsv'
[3.514s] INFO:colcon.colcon_core.shell:Creating environment hook '/home/offroad/radar_ws/src/install/cpp_srvcli/share/cpp_srvcli/hook/cmake_prefix_path.sh'
[3.514s] Level 1:colcon.colcon_core.environment:checking '/home/offroad/radar_ws/src/install/cpp_srvcli/lib'
[3.514s] Level 1:colcon.colcon_core.environment:checking '/home/offroad/radar_ws/src/install/cpp_srvcli/bin'
[3.514s] Level 1:colcon.colcon_core.environment:checking '/home/offroad/radar_ws/src/install/cpp_srvcli/lib/pkgconfig/cpp_srvcli.pc'
[3.515s] Level 1:colcon.colcon_core.environment:checking '/home/offroad/radar_ws/src/install/cpp_srvcli/lib/python3.8/site-packages'
[3.515s] Level 1:colcon.colcon_core.environment:checking '/home/offroad/radar_ws/src/install/cpp_srvcli/bin'
[3.516s] INFO:colcon.colcon_core.shell:Creating package script '/home/offroad/radar_ws/src/install/cpp_srvcli/share/cpp_srvcli/package.ps1'
[3.516s] INFO:colcon.colcon_core.shell:Creating package descriptor '/home/offroad/radar_ws/src/install/cpp_srvcli/share/cpp_srvcli/package.dsv'
[3.517s] INFO:colcon.colcon_core.shell:Creating package script '/home/offroad/radar_ws/src/install/cpp_srvcli/share/cpp_srvcli/package.sh'
[3.517s] INFO:colcon.colcon_core.shell:Creating package script '/home/offroad/radar_ws/src/install/cpp_srvcli/share/cpp_srvcli/package.bash'
[3.518s] INFO:colcon.colcon_core.shell:Creating package script '/home/offroad/radar_ws/src/install/cpp_srvcli/share/cpp_srvcli/package.zsh'
[3.523s] Level 1:colcon.colcon_core.environment:create_file_with_runtime_dependencies(/home/offroad/radar_ws/src/install/cpp_srvcli/share/colcon-core/packages/cpp_srvcli)
[20.811s] DEBUG:colcon.colcon_core.event_handler.log_command:Invoked command in '/home/offroad/radar_ws/src/build/radar_conti_ars408' returned '0': CMAKE_PREFIX_PATH=/home/offroad/radar_ws/src/install/ros2socketcan_bridge:/home/offroad/radar_ws/src/install/radar_conti_ars408_msgs:/home/offroad/radar_ws/src/install/can_msgs:/home/offroad/radar_ws/src/install/radar_conti_ars408:/home/offroad/radar_ws/src/install/cpp_srvcli:/home/offroad/radar_ws/install/ros2socketcan_bridge:/home/offroad/radar_ws/install/radar_conti_ars408:/home/offroad/radar_ws/install/cpp_srvcli:/home/offroad/radar_ws/install/radar_conti_ars408_msgs:/home/offroad/radar_ws/install/cpp_pubsub:/home/offroad/radar_ws/install/can_msgs:/opt/ros/foxy LD_LIBRARY_PATH=/home/offroad/radar_ws/src/install/radar_conti_ars408_msgs/lib:/home/offroad/radar_ws/src/install/can_msgs/lib:/home/offroad/radar_ws/src/install/radar_conti_ars408/lib:/home/offroad/radar_ws/install/radar_conti_ars408/lib:/home/offroad/radar_ws/install/radar_conti_ars408_msgs/lib:/home/offroad/radar_ws/install/can_msgs/lib:/usr/lib/x86_64-linux-gnu/gazebo-11/plugins:/opt/ros/foxy/opt/yaml_cpp_vendor/lib:/opt/ros/foxy/opt/rviz_ogre_vendor/lib:/opt/ros/foxy/lib/x86_64-linux-gnu:/opt/ros/foxy/lib /usr/bin/cmake --build /home/offroad/radar_ws/src/build/radar_conti_ars408 -- -j12 -l12
[20.873s] DEBUG:colcon.colcon_core.event_handler.log_command:Invoking command in '/home/offroad/radar_ws/src/build/radar_conti_ars408': CMAKE_PREFIX_PATH=/home/offroad/radar_ws/src/install/ros2socketcan_bridge:/home/offroad/radar_ws/src/install/radar_conti_ars408_msgs:/home/offroad/radar_ws/src/install/can_msgs:/home/offroad/radar_ws/src/install/radar_conti_ars408:/home/offroad/radar_ws/src/install/cpp_srvcli:/home/offroad/radar_ws/install/ros2socketcan_bridge:/home/offroad/radar_ws/install/radar_conti_ars408:/home/offroad/radar_ws/install/cpp_srvcli:/home/offroad/radar_ws/install/radar_conti_ars408_msgs:/home/offroad/radar_ws/install/cpp_pubsub:/home/offroad/radar_ws/install/can_msgs:/opt/ros/foxy LD_LIBRARY_PATH=/home/offroad/radar_ws/src/install/radar_conti_ars408_msgs/lib:/home/offroad/radar_ws/src/install/can_msgs/lib:/home/offroad/radar_ws/src/install/radar_conti_ars408/lib:/home/offroad/radar_ws/install/radar_conti_ars408/lib:/home/offroad/radar_ws/install/radar_conti_ars408_msgs/lib:/home/offroad/radar_ws/install/can_msgs/lib:/usr/lib/x86_64-linux-gnu/gazebo-11/plugins:/opt/ros/foxy/opt/yaml_cpp_vendor/lib:/opt/ros/foxy/opt/rviz_ogre_vendor/lib:/opt/ros/foxy/lib/x86_64-linux-gnu:/opt/ros/foxy/lib /usr/bin/cmake --install /home/offroad/radar_ws/src/build/radar_conti_ars408
[20.900s] Level 1:colcon.colcon_core.environment:create_environment_scripts_only(radar_conti_ars408)
[20.902s] Level 1:colcon.colcon_core.environment:checking '/home/offroad/radar_ws/src/install/radar_conti_ars408' for CMake module files
[20.902s] DEBUG:colcon.colcon_core.event_handler.log_command:Invoked command in '/home/offroad/radar_ws/src/build/radar_conti_ars408' returned '0': CMAKE_PREFIX_PATH=/home/offroad/radar_ws/src/install/ros2socketcan_bridge:/home/offroad/radar_ws/src/install/radar_conti_ars408_msgs:/home/offroad/radar_ws/src/install/can_msgs:/home/offroad/radar_ws/src/install/radar_conti_ars408:/home/offroad/radar_ws/src/install/cpp_srvcli:/home/offroad/radar_ws/install/ros2socketcan_bridge:/home/offroad/radar_ws/install/radar_conti_ars408:/home/offroad/radar_ws/install/cpp_srvcli:/home/offroad/radar_ws/install/radar_conti_ars408_msgs:/home/offroad/radar_ws/install/cpp_pubsub:/home/offroad/radar_ws/install/can_msgs:/opt/ros/foxy LD_LIBRARY_PATH=/home/offroad/radar_ws/src/install/radar_conti_ars408_msgs/lib:/home/offroad/radar_ws/src/install/can_msgs/lib:/home/offroad/radar_ws/src/install/radar_conti_ars408/lib:/home/offroad/radar_ws/install/radar_conti_ars408/lib:/home/offroad/radar_ws/install/radar_conti_ars408_msgs/lib:/home/offroad/radar_ws/install/can_msgs/lib:/usr/lib/x86_64-linux-gnu/gazebo-11/plugins:/opt/ros/foxy/opt/yaml_cpp_vendor/lib:/opt/ros/foxy/opt/rviz_ogre_vendor/lib:/opt/ros/foxy/lib/x86_64-linux-gnu:/opt/ros/foxy/lib /usr/bin/cmake --install /home/offroad/radar_ws/src/build/radar_conti_ars408
[20.903s] Level 1:colcon.colcon_core.environment:checking '/home/offroad/radar_ws/src/install/radar_conti_ars408' for CMake config files
[20.903s] Level 1:colcon.colcon_core.shell:create_environment_hook('radar_conti_ars408', 'cmake_prefix_path')
[20.904s] INFO:colcon.colcon_core.shell:Creating environment hook '/home/offroad/radar_ws/src/install/radar_conti_ars408/share/radar_conti_ars408/hook/cmake_prefix_path.ps1'
[20.906s] INFO:colcon.colcon_core.shell:Creating environment descriptor '/home/offroad/radar_ws/src/install/radar_conti_ars408/share/radar_conti_ars408/hook/cmake_prefix_path.dsv'
[20.907s] INFO:colcon.colcon_core.shell:Creating environment hook '/home/offroad/radar_ws/src/install/radar_conti_ars408/share/radar_conti_ars408/hook/cmake_prefix_path.sh'
[20.907s] Level 1:colcon.colcon_core.environment:checking '/home/offroad/radar_ws/src/install/radar_conti_ars408/lib'
[20.907s] Level 1:colcon.colcon_core.shell:create_environment_hook('radar_conti_ars408', 'ld_library_path_lib')
[20.908s] INFO:colcon.colcon_core.shell:Creating environment hook '/home/offroad/radar_ws/src/install/radar_conti_ars408/share/radar_conti_ars408/hook/ld_library_path_lib.ps1'
[20.908s] INFO:colcon.colcon_core.shell:Creating environment descriptor '/home/offroad/radar_ws/src/install/radar_conti_ars408/share/radar_conti_ars408/hook/ld_library_path_lib.dsv'
[20.908s] INFO:colcon.colcon_core.shell:Creating environment hook '/home/offroad/radar_ws/src/install/radar_conti_ars408/share/radar_conti_ars408/hook/ld_library_path_lib.sh'
[20.909s] Level 1:colcon.colcon_core.environment:checking '/home/offroad/radar_ws/src/install/radar_conti_ars408/bin'
[20.909s] Level 1:colcon.colcon_core.environment:checking '/home/offroad/radar_ws/src/install/radar_conti_ars408/lib/pkgconfig/radar_conti_ars408.pc'
[20.909s] Level 1:colcon.colcon_core.environment:checking '/home/offroad/radar_ws/src/install/radar_conti_ars408/lib/python3.8/site-packages'
[20.910s] Level 1:colcon.colcon_core.environment:checking '/home/offroad/radar_ws/src/install/radar_conti_ars408/bin'
[20.913s] INFO:colcon.colcon_core.shell:Creating package script '/home/offroad/radar_ws/src/install/radar_conti_ars408/share/radar_conti_ars408/package.ps1'
[20.914s] INFO:colcon.colcon_core.shell:Creating package descriptor '/home/offroad/radar_ws/src/install/radar_conti_ars408/share/radar_conti_ars408/package.dsv'
[20.914s] INFO:colcon.colcon_core.shell:Creating package script '/home/offroad/radar_ws/src/install/radar_conti_ars408/share/radar_conti_ars408/package.sh'
[20.916s] INFO:colcon.colcon_core.shell:Creating package script '/home/offroad/radar_ws/src/install/radar_conti_ars408/share/radar_conti_ars408/package.bash'
[20.916s] INFO:colcon.colcon_core.shell:Creating package script '/home/offroad/radar_ws/src/install/radar_conti_ars408/share/radar_conti_ars408/package.zsh'
[20.917s] Level 1:colcon.colcon_core.environment:create_file_with_runtime_dependencies(/home/offroad/radar_ws/src/install/radar_conti_ars408/share/colcon-core/packages/radar_conti_ars408)
[20.976s] Level 1:colcon.colcon_core.environment:create_environment_scripts_only(radar_conti_ars408)
[20.977s] Level 1:colcon.colcon_core.environment:checking '/home/offroad/radar_ws/src/install/radar_conti_ars408' for CMake module files
[20.978s] Level 1:colcon.colcon_core.environment:checking '/home/offroad/radar_ws/src/install/radar_conti_ars408' for CMake config files
[20.979s] Level 1:colcon.colcon_core.shell:create_environment_hook('radar_conti_ars408', 'cmake_prefix_path')
[20.980s] INFO:colcon.colcon_core.shell:Creating environment hook '/home/offroad/radar_ws/src/install/radar_conti_ars408/share/radar_conti_ars408/hook/cmake_prefix_path.ps1'
[20.981s] INFO:colcon.colcon_core.shell:Creating environment descriptor '/home/offroad/radar_ws/src/install/radar_conti_ars408/share/radar_conti_ars408/hook/cmake_prefix_path.dsv'
[20.981s] INFO:colcon.colcon_core.shell:Creating environment hook '/home/offroad/radar_ws/src/install/radar_conti_ars408/share/radar_conti_ars408/hook/cmake_prefix_path.sh'
[20.983s] Level 1:colcon.colcon_core.environment:checking '/home/offroad/radar_ws/src/install/radar_conti_ars408/lib'
[20.983s] Level 1:colcon.colcon_core.shell:create_environment_hook('radar_conti_ars408', 'ld_library_path_lib')
[20.984s] INFO:colcon.colcon_core.shell:Creating environment hook '/home/offroad/radar_ws/src/install/radar_conti_ars408/share/radar_conti_ars408/hook/ld_library_path_lib.ps1'
[20.984s] INFO:colcon.colcon_core.shell:Creating environment descriptor '/home/offroad/radar_ws/src/install/radar_conti_ars408/share/radar_conti_ars408/hook/ld_library_path_lib.dsv'
[20.984s] INFO:colcon.colcon_core.shell:Creating environment hook '/home/offroad/radar_ws/src/install/radar_conti_ars408/share/radar_conti_ars408/hook/ld_library_path_lib.sh'
[20.985s] Level 1:colcon.colcon_core.environment:checking '/home/offroad/radar_ws/src/install/radar_conti_ars408/bin'
[20.985s] Level 1:colcon.colcon_core.environment:checking '/home/offroad/radar_ws/src/install/radar_conti_ars408/lib/pkgconfig/radar_conti_ars408.pc'
[20.985s] Level 1:colcon.colcon_core.environment:checking '/home/offroad/radar_ws/src/install/radar_conti_ars408/lib/python3.8/site-packages'
[20.985s] Level 1:colcon.colcon_core.environment:checking '/home/offroad/radar_ws/src/install/radar_conti_ars408/bin'
[20.986s] INFO:colcon.colcon_core.shell:Creating package script '/home/offroad/radar_ws/src/install/radar_conti_ars408/share/radar_conti_ars408/package.ps1'
[20.987s] INFO:colcon.colcon_core.shell:Creating package descriptor '/home/offroad/radar_ws/src/install/radar_conti_ars408/share/radar_conti_ars408/package.dsv'
[20.991s] INFO:colcon.colcon_core.shell:Creating package script '/home/offroad/radar_ws/src/install/radar_conti_ars408/share/radar_conti_ars408/package.sh'
[20.992s] INFO:colcon.colcon_core.shell:Creating package script '/home/offroad/radar_ws/src/install/radar_conti_ars408/share/radar_conti_ars408/package.bash'
[20.992s] INFO:colcon.colcon_core.shell:Creating package script '/home/offroad/radar_ws/src/install/radar_conti_ars408/share/radar_conti_ars408/package.zsh'
[20.993s] Level 1:colcon.colcon_core.environment:create_file_with_runtime_dependencies(/home/offroad/radar_ws/src/install/radar_conti_ars408/share/colcon-core/packages/radar_conti_ars408)
[20.993s] DEBUG:colcon.colcon_parallel_executor.executor.parallel:closing loop
[20.994s] DEBUG:colcon.colcon_parallel_executor.executor.parallel:loop closed
[20.994s] DEBUG:colcon.colcon_parallel_executor.executor.parallel:run_until_complete finished with '0'
[20.994s] DEBUG:colcon.colcon_core.event_reactor:joining thread
[21.003s] INFO:colcon.colcon_core.plugin_system:Skipping extension 'colcon_notification.desktop_notification.terminal_notifier': Not used on non-Darwin systems
[21.003s] INFO:colcon.colcon_core.plugin_system:Skipping extension 'colcon_notification.desktop_notification.win32': Not used on non-Windows systems
[21.003s] INFO:colcon.colcon_notification.desktop_notification:Sending desktop notification using 'notify2'
[21.028s] DEBUG:colcon.colcon_core.event_reactor:joined thread
[21.029s] INFO:colcon.colcon_core.shell:Creating prefix script '/home/offroad/radar_ws/src/install/local_setup.ps1'
[21.031s] INFO:colcon.colcon_core.shell:Creating prefix util module '/home/offroad/radar_ws/src/install/_local_setup_util_ps1.py'
[21.032s] INFO:colcon.colcon_core.shell:Creating prefix chain script '/home/offroad/radar_ws/src/install/setup.ps1'
[21.034s] INFO:colcon.colcon_core.shell:Creating prefix script '/home/offroad/radar_ws/src/install/local_setup.sh'
[21.035s] INFO:colcon.colcon_core.shell:Creating prefix util module '/home/offroad/radar_ws/src/install/_local_setup_util_sh.py'
[21.036s] INFO:colcon.colcon_core.shell:Creating prefix chain script '/home/offroad/radar_ws/src/install/setup.sh'
[21.038s] INFO:colcon.colcon_core.shell:Creating prefix script '/home/offroad/radar_ws/src/install/local_setup.bash'
[21.039s] INFO:colcon.colcon_core.shell:Creating prefix chain script '/home/offroad/radar_ws/src/install/setup.bash'
[21.042s] INFO:colcon.colcon_core.shell:Creating prefix script '/home/offroad/radar_ws/src/install/local_setup.zsh'
[21.044s] INFO:colcon.colcon_core.shell:Creating prefix chain script '/home/offroad/radar_ws/src/install/setup.zsh'
