[0.062s] Invoking command in '/home/offroad/radar_ws/build/radar_conti_ars408_msgs': CMAKE_PREFIX_PATH=${CMAKE_PREFIX_PATH}:/opt/ros/foxy /usr/bin/cmake --build /home/offroad/radar_ws/build/radar_conti_ars408_msgs -- -j12 -l12
[0.262s] [  0%] Built target radar_conti_ars408_msgs__cpp
[0.294s] [ 12%] Built target radar_conti_ars408_msgs__rosidl_generator_c
[0.349s] [ 24%] Built target radar_conti_ars408_msgs__rosidl_typesupport_cpp
[0.352s] [ 36%] Built target radar_conti_ars408_msgs__rosidl_typesupport_introspection_cpp
[0.376s] [ 48%] Built target radar_conti_ars408_msgs__rosidl_typesupport_fastrtps_cpp
[0.392s] [ 72%] Built target radar_conti_ars408_msgs__rosidl_typesupport_introspection_c
[0.393s] [ 72%] Built target radar_conti_ars408_msgs__rosidl_typesupport_c
[0.470s] [ 84%] Built target radar_conti_ars408_msgs__rosidl_typesupport_fastrtps_c
[0.561s] [ 84%] Built target radar_conti_ars408_msgs
[0.648s] [ 85%] Built target radar_conti_ars408_msgs__py
[0.782s] [ 96%] Built target radar_conti_ars408_msgs__python
[0.893s] [ 97%] Built target radar_conti_ars408_msgs__rosidl_typesupport_c__pyext
[0.905s] [ 98%] Built target radar_conti_ars408_msgs__rosidl_typesupport_fastrtps_c__pyext
[0.920s] [100%] Built target radar_conti_ars408_msgs__rosidl_typesupport_introspection_c__pyext
[0.983s] Invoked command in '/home/offroad/radar_ws/build/radar_conti_ars408_msgs' returned '0': CMAKE_PREFIX_PATH=${CMAKE_PREFIX_PATH}:/opt/ros/foxy /usr/bin/cmake --build /home/offroad/radar_ws/build/radar_conti_ars408_msgs -- -j12 -l12
[1.980s] Invoking command in '/home/offroad/radar_ws/build/radar_conti_ars408_msgs': CMAKE_PREFIX_PATH=${CMAKE_PREFIX_PATH}:/opt/ros/foxy /usr/bin/cmake --install /home/offroad/radar_ws/build/radar_conti_ars408_msgs
[2.010s] -- Install configuration: ""
[2.013s] -- Up-to-date: /home/offroad/radar_ws/install/radar_conti_ars408_msgs/share/ament_index/resource_index/rosidl_interfaces/radar_conti_ars408_msgs
[2.013s] -- Up-to-date: /home/offroad/radar_ws/install/radar_conti_ars408_msgs/include/radar_conti_ars408_msgs
[2.015s] -- Up-to-date: /home/offroad/radar_ws/install/radar_conti_ars408_msgs/include/radar_conti_ars408_msgs/msg
[2.016s] -- Up-to-date: /home/offroad/radar_ws/install/radar_conti_ars408_msgs/include/radar_conti_ars408_msgs/msg/detail
[2.017s] -- Up-to-date: /home/offroad/radar_ws/install/radar_conti_ars408_msgs/include/radar_conti_ars408_msgs/msg/detail/cluster_list__functions.c
[2.017s] -- Up-to-date: /home/offroad/radar_ws/install/radar_conti_ars408_msgs/include/radar_conti_ars408_msgs/msg/detail/cluster_quality__struct.h
[2.018s] -- Up-to-date: /home/offroad/radar_ws/install/radar_conti_ars408_msgs/include/radar_conti_ars408_msgs/msg/detail/radar_configuration__struct.h
[2.018s] -- Up-to-date: /home/offroad/radar_ws/install/radar_conti_ars408_msgs/include/radar_conti_ars408_msgs/msg/detail/version_id__type_support.h
[2.018s] -- Up-to-date: /home/offroad/radar_ws/install/radar_conti_ars408_msgs/include/radar_conti_ars408_msgs/msg/detail/cluster_general__functions.h
[2.019s] -- Up-to-date: /home/offroad/radar_ws/install/radar_conti_ars408_msgs/include/radar_conti_ars408_msgs/msg/detail/filter_state_header__type_support.h
[2.019s] -- Up-to-date: /home/offroad/radar_ws/install/radar_conti_ars408_msgs/include/radar_conti_ars408_msgs/msg/detail/object_quality__struct.h
[2.020s] -- Up-to-date: /home/offroad/radar_ws/install/radar_conti_ars408_msgs/include/radar_conti_ars408_msgs/msg/detail/cluster__functions.h
[2.020s] -- Up-to-date: /home/offroad/radar_ws/install/radar_conti_ars408_msgs/include/radar_conti_ars408_msgs/msg/detail/filter_state_cfg__struct.h
[2.021s] -- Up-to-date: /home/offroad/radar_ws/install/radar_conti_ars408_msgs/include/radar_conti_ars408_msgs/msg/detail/cluster_general__struct.h
[2.021s] -- Up-to-date: /home/offroad/radar_ws/install/radar_conti_ars408_msgs/include/radar_conti_ars408_msgs/msg/detail/object_list__functions.h
[2.022s] -- Up-to-date: /home/offroad/radar_ws/install/radar_conti_ars408_msgs/include/radar_conti_ars408_msgs/msg/detail/filter_state_header__functions.h
[2.024s] -- Up-to-date: /home/offroad/radar_ws/install/radar_conti_ars408_msgs/include/radar_conti_ars408_msgs/msg/detail/cluster_list__struct.h
[2.025s] -- Up-to-date: /home/offroad/radar_ws/install/radar_conti_ars408_msgs/include/radar_conti_ars408_msgs/msg/detail/version_id__functions.h
[2.025s] -- Up-to-date: /home/offroad/radar_ws/install/radar_conti_ars408_msgs/include/radar_conti_ars408_msgs/msg/detail/cluster__functions.c
[2.026s] -- Up-to-date: /home/offroad/radar_ws/install/radar_conti_ars408_msgs/include/radar_conti_ars408_msgs/msg/detail/filter_state_cfg__type_support.h
[2.027s] -- Up-to-date: /home/offroad/radar_ws/install/radar_conti_ars408_msgs/include/radar_conti_ars408_msgs/msg/detail/radar_state__functions.h
[2.029s] -- Up-to-date: /home/offroad/radar_ws/install/radar_conti_ars408_msgs/include/radar_conti_ars408_msgs/msg/detail/object_extended__struct.h
[2.029s] -- Up-to-date: /home/offroad/radar_ws/install/radar_conti_ars408_msgs/include/radar_conti_ars408_msgs/msg/detail/radar_configuration__type_support.h
[2.029s] -- Up-to-date: /home/offroad/radar_ws/install/radar_conti_ars408_msgs/include/radar_conti_ars408_msgs/msg/detail/version_id__functions.c
[2.029s] -- Up-to-date: /home/offroad/radar_ws/install/radar_conti_ars408_msgs/include/radar_conti_ars408_msgs/msg/detail/object_list__struct.h
[2.029s] -- Up-to-date: /home/offroad/radar_ws/install/radar_conti_ars408_msgs/include/radar_conti_ars408_msgs/msg/detail/object_general__functions.c
[2.029s] -- Up-to-date: /home/offroad/radar_ws/install/radar_conti_ars408_msgs/include/radar_conti_ars408_msgs/msg/detail/filter_cfg__type_support.h
[2.029s] -- Up-to-date: /home/offroad/radar_ws/install/radar_conti_ars408_msgs/include/radar_conti_ars408_msgs/msg/detail/filter_state_header__functions.c
[2.030s] -- Up-to-date: /home/offroad/radar_ws/install/radar_conti_ars408_msgs/include/radar_conti_ars408_msgs/msg/detail/cluster_status__functions.h
[2.030s] -- Up-to-date: /home/offroad/radar_ws/install/radar_conti_ars408_msgs/include/radar_conti_ars408_msgs/msg/detail/cluster_list__type_support.h
[2.030s] -- Up-to-date: /home/offroad/radar_ws/install/radar_conti_ars408_msgs/include/radar_conti_ars408_msgs/msg/detail/radar_configuration__functions.h
[2.030s] -- Up-to-date: /home/offroad/radar_ws/install/radar_conti_ars408_msgs/include/radar_conti_ars408_msgs/msg/detail/object_status__struct.h
[2.030s] -- Up-to-date: /home/offroad/radar_ws/install/radar_conti_ars408_msgs/include/radar_conti_ars408_msgs/msg/detail/cluster_status__struct.h
[2.030s] -- Up-to-date: /home/offroad/radar_ws/install/radar_conti_ars408_msgs/include/radar_conti_ars408_msgs/msg/detail/object_general__struct.h
[2.030s] -- Up-to-date: /home/offroad/radar_ws/install/radar_conti_ars408_msgs/include/radar_conti_ars408_msgs/msg/detail/filter_state_cfg__functions.h
[2.030s] -- Up-to-date: /home/offroad/radar_ws/install/radar_conti_ars408_msgs/include/radar_conti_ars408_msgs/msg/detail/radar_configuration__functions.c
[2.031s] -- Up-to-date: /home/offroad/radar_ws/install/radar_conti_ars408_msgs/include/radar_conti_ars408_msgs/msg/detail/object_quality__type_support.h
[2.031s] -- Up-to-date: /home/offroad/radar_ws/install/radar_conti_ars408_msgs/include/radar_conti_ars408_msgs/msg/detail/filter_state_header__struct.h
[2.031s] -- Up-to-date: /home/offroad/radar_ws/install/radar_conti_ars408_msgs/include/radar_conti_ars408_msgs/msg/detail/cluster_list__functions.h
[2.031s] -- Up-to-date: /home/offroad/radar_ws/install/radar_conti_ars408_msgs/include/radar_conti_ars408_msgs/msg/detail/cluster__type_support.h
[2.031s] -- Up-to-date: /home/offroad/radar_ws/install/radar_conti_ars408_msgs/include/radar_conti_ars408_msgs/msg/detail/object_extended__functions.c
[2.032s] -- Up-to-date: /home/offroad/radar_ws/install/radar_conti_ars408_msgs/include/radar_conti_ars408_msgs/msg/detail/cluster_status__type_support.h
[2.032s] -- Up-to-date: /home/offroad/radar_ws/install/radar_conti_ars408_msgs/include/radar_conti_ars408_msgs/msg/detail/object__functions.c
[2.032s] -- Up-to-date: /home/offroad/radar_ws/install/radar_conti_ars408_msgs/include/radar_conti_ars408_msgs/msg/detail/filter_cfg__functions.c
[2.032s] -- Up-to-date: /home/offroad/radar_ws/install/radar_conti_ars408_msgs/include/radar_conti_ars408_msgs/msg/detail/object_extended__type_support.h
[2.032s] -- Up-to-date: /home/offroad/radar_ws/install/radar_conti_ars408_msgs/include/radar_conti_ars408_msgs/msg/detail/object_extended__functions.h
[2.032s] -- Up-to-date: /home/offroad/radar_ws/install/radar_conti_ars408_msgs/include/radar_conti_ars408_msgs/msg/detail/version_id__struct.h
[2.032s] -- Up-to-date: /home/offroad/radar_ws/install/radar_conti_ars408_msgs/include/radar_conti_ars408_msgs/msg/detail/object__type_support.h
[2.032s] -- Up-to-date: /home/offroad/radar_ws/install/radar_conti_ars408_msgs/include/radar_conti_ars408_msgs/msg/detail/cluster_quality__functions.c
[2.032s] -- Up-to-date: /home/offroad/radar_ws/install/radar_conti_ars408_msgs/include/radar_conti_ars408_msgs/msg/detail/object_quality__functions.h
[2.033s] -- Up-to-date: /home/offroad/radar_ws/install/radar_conti_ars408_msgs/include/radar_conti_ars408_msgs/msg/detail/cluster_general__functions.c
[2.033s] -- Up-to-date: /home/offroad/radar_ws/install/radar_conti_ars408_msgs/include/radar_conti_ars408_msgs/msg/detail/cluster_general__type_support.h
[2.033s] -- Up-to-date: /home/offroad/radar_ws/install/radar_conti_ars408_msgs/include/radar_conti_ars408_msgs/msg/detail/radar_state__type_support.h
[2.034s] -- Up-to-date: /home/offroad/radar_ws/install/radar_conti_ars408_msgs/include/radar_conti_ars408_msgs/msg/detail/object_status__functions.c
[2.038s] -- Up-to-date: /home/offroad/radar_ws/install/radar_conti_ars408_msgs/include/radar_conti_ars408_msgs/msg/detail/object_status__functions.h
[2.042s] -- Up-to-date: /home/offroad/radar_ws/install/radar_conti_ars408_msgs/include/radar_conti_ars408_msgs/msg/detail/object_list__functions.c
[2.043s] -- Up-to-date: /home/offroad/radar_ws/install/radar_conti_ars408_msgs/include/radar_conti_ars408_msgs/msg/detail/radar_state__struct.h
[2.044s] -- Up-to-date: /home/offroad/radar_ws/install/radar_conti_ars408_msgs/include/radar_conti_ars408_msgs/msg/detail/object_list__type_support.h
[2.044s] -- Up-to-date: /home/offroad/radar_ws/install/radar_conti_ars408_msgs/include/radar_conti_ars408_msgs/msg/detail/radar_state__functions.c
[2.045s] -- Up-to-date: /home/offroad/radar_ws/install/radar_conti_ars408_msgs/include/radar_conti_ars408_msgs/msg/detail/filter_cfg__functions.h
[2.045s] -- Up-to-date: /home/offroad/radar_ws/install/radar_conti_ars408_msgs/include/radar_conti_ars408_msgs/msg/detail/filter_state_cfg__functions.c
[2.045s] -- Up-to-date: /home/offroad/radar_ws/install/radar_conti_ars408_msgs/include/radar_conti_ars408_msgs/msg/detail/cluster_quality__type_support.h
[2.045s] -- Up-to-date: /home/offroad/radar_ws/install/radar_conti_ars408_msgs/include/radar_conti_ars408_msgs/msg/detail/object_general__type_support.h
[2.045s] -- Up-to-date: /home/offroad/radar_ws/install/radar_conti_ars408_msgs/include/radar_conti_ars408_msgs/msg/detail/filter_cfg__struct.h
[2.045s] -- Up-to-date: /home/offroad/radar_ws/install/radar_conti_ars408_msgs/include/radar_conti_ars408_msgs/msg/detail/object_status__type_support.h
[2.046s] -- Up-to-date: /home/offroad/radar_ws/install/radar_conti_ars408_msgs/include/radar_conti_ars408_msgs/msg/detail/object__struct.h
[2.047s] -- Up-to-date: /home/offroad/radar_ws/install/radar_conti_ars408_msgs/include/radar_conti_ars408_msgs/msg/detail/cluster_status__functions.c
[2.048s] -- Up-to-date: /home/offroad/radar_ws/install/radar_conti_ars408_msgs/include/radar_conti_ars408_msgs/msg/detail/object__functions.h
[2.048s] -- Up-to-date: /home/offroad/radar_ws/install/radar_conti_ars408_msgs/include/radar_conti_ars408_msgs/msg/detail/cluster__struct.h
[2.048s] -- Up-to-date: /home/offroad/radar_ws/install/radar_conti_ars408_msgs/include/radar_conti_ars408_msgs/msg/detail/object_quality__functions.c
[2.048s] -- Up-to-date: /home/offroad/radar_ws/install/radar_conti_ars408_msgs/include/radar_conti_ars408_msgs/msg/detail/object_general__functions.h
[2.049s] -- Up-to-date: /home/offroad/radar_ws/install/radar_conti_ars408_msgs/include/radar_conti_ars408_msgs/msg/detail/cluster_quality__functions.h
[2.052s] -- Up-to-date: /home/offroad/radar_ws/install/radar_conti_ars408_msgs/include/radar_conti_ars408_msgs/msg/object_status.h
[2.055s] -- Up-to-date: /home/offroad/radar_ws/install/radar_conti_ars408_msgs/include/radar_conti_ars408_msgs/msg/radar_configuration.h
[2.057s] -- Up-to-date: /home/offroad/radar_ws/install/radar_conti_ars408_msgs/include/radar_conti_ars408_msgs/msg/cluster_list.h
[2.058s] -- Up-to-date: /home/offroad/radar_ws/install/radar_conti_ars408_msgs/include/radar_conti_ars408_msgs/msg/rosidl_generator_c__visibility_control.h
[2.059s] -- Up-to-date: /home/offroad/radar_ws/install/radar_conti_ars408_msgs/include/radar_conti_ars408_msgs/msg/cluster_general.h
[2.059s] -- Up-to-date: /home/offroad/radar_ws/install/radar_conti_ars408_msgs/include/radar_conti_ars408_msgs/msg/object_extended.h
[2.060s] -- Up-to-date: /home/offroad/radar_ws/install/radar_conti_ars408_msgs/include/radar_conti_ars408_msgs/msg/filter_cfg.h
[2.060s] -- Up-to-date: /home/offroad/radar_ws/install/radar_conti_ars408_msgs/include/radar_conti_ars408_msgs/msg/filter_state_header.h
[2.065s] -- Up-to-date: /home/offroad/radar_ws/install/radar_conti_ars408_msgs/include/radar_conti_ars408_msgs/msg/object_general.h
[2.066s] -- Up-to-date: /home/offroad/radar_ws/install/radar_conti_ars408_msgs/include/radar_conti_ars408_msgs/msg/radar_state.h
[2.067s] -- Up-to-date: /home/offroad/radar_ws/install/radar_conti_ars408_msgs/include/radar_conti_ars408_msgs/msg/version_id.h
[2.068s] -- Up-to-date: /home/offroad/radar_ws/install/radar_conti_ars408_msgs/include/radar_conti_ars408_msgs/msg/object.h
[2.070s] -- Up-to-date: /home/offroad/radar_ws/install/radar_conti_ars408_msgs/include/radar_conti_ars408_msgs/msg/cluster_status.h
[2.071s] -- Up-to-date: /home/offroad/radar_ws/install/radar_conti_ars408_msgs/include/radar_conti_ars408_msgs/msg/filter_state_cfg.h
[2.072s] -- Up-to-date: /home/offroad/radar_ws/install/radar_conti_ars408_msgs/include/radar_conti_ars408_msgs/msg/cluster.h
[2.075s] -- Up-to-date: /home/offroad/radar_ws/install/radar_conti_ars408_msgs/include/radar_conti_ars408_msgs/msg/object_list.h
[2.076s] -- Up-to-date: /home/offroad/radar_ws/install/radar_conti_ars408_msgs/include/radar_conti_ars408_msgs/msg/object_quality.h
[2.078s] -- Up-to-date: /home/offroad/radar_ws/install/radar_conti_ars408_msgs/include/radar_conti_ars408_msgs/msg/cluster_quality.h
[2.079s] -- Up-to-date: /home/offroad/radar_ws/install/radar_conti_ars408_msgs/share/radar_conti_ars408_msgs/environment/library_path.sh
[2.079s] -- Up-to-date: /home/offroad/radar_ws/install/radar_conti_ars408_msgs/share/radar_conti_ars408_msgs/environment/library_path.dsv
[2.080s] -- Up-to-date: /home/offroad/radar_ws/install/radar_conti_ars408_msgs/lib/libradar_conti_ars408_msgs__rosidl_generator_c.so
[2.081s] -- Up-to-date: /home/offroad/radar_ws/install/radar_conti_ars408_msgs/include/radar_conti_ars408_msgs
[2.082s] -- Up-to-date: /home/offroad/radar_ws/install/radar_conti_ars408_msgs/include/radar_conti_ars408_msgs/msg
[2.082s] -- Up-to-date: /home/offroad/radar_ws/install/radar_conti_ars408_msgs/include/radar_conti_ars408_msgs/msg/detail
[2.082s] -- Up-to-date: /home/offroad/radar_ws/install/radar_conti_ars408_msgs/include/radar_conti_ars408_msgs/msg/detail/radar_configuration__rosidl_typesupport_fastrtps_c.h
[2.083s] -- Up-to-date: /home/offroad/radar_ws/install/radar_conti_ars408_msgs/include/radar_conti_ars408_msgs/msg/detail/cluster_list__rosidl_typesupport_fastrtps_c.h
[2.084s] -- Up-to-date: /home/offroad/radar_ws/install/radar_conti_ars408_msgs/include/radar_conti_ars408_msgs/msg/detail/object_extended__rosidl_typesupport_fastrtps_c.h
[2.086s] -- Up-to-date: /home/offroad/radar_ws/install/radar_conti_ars408_msgs/include/radar_conti_ars408_msgs/msg/detail/object_status__rosidl_typesupport_fastrtps_c.h
[2.086s] -- Up-to-date: /home/offroad/radar_ws/install/radar_conti_ars408_msgs/include/radar_conti_ars408_msgs/msg/detail/cluster_general__rosidl_typesupport_fastrtps_c.h
[2.086s] -- Up-to-date: /home/offroad/radar_ws/install/radar_conti_ars408_msgs/include/radar_conti_ars408_msgs/msg/detail/cluster_quality__rosidl_typesupport_fastrtps_c.h
[2.086s] -- Up-to-date: /home/offroad/radar_ws/install/radar_conti_ars408_msgs/include/radar_conti_ars408_msgs/msg/detail/filter_state_cfg__rosidl_typesupport_fastrtps_c.h
[2.086s] -- Up-to-date: /home/offroad/radar_ws/install/radar_conti_ars408_msgs/include/radar_conti_ars408_msgs/msg/detail/radar_state__rosidl_typesupport_fastrtps_c.h
[2.086s] -- Up-to-date: /home/offroad/radar_ws/install/radar_conti_ars408_msgs/include/radar_conti_ars408_msgs/msg/detail/object__rosidl_typesupport_fastrtps_c.h
[2.086s] -- Up-to-date: /home/offroad/radar_ws/install/radar_conti_ars408_msgs/include/radar_conti_ars408_msgs/msg/detail/filter_cfg__rosidl_typesupport_fastrtps_c.h
[2.086s] -- Up-to-date: /home/offroad/radar_ws/install/radar_conti_ars408_msgs/include/radar_conti_ars408_msgs/msg/detail/cluster__rosidl_typesupport_fastrtps_c.h
[2.086s] -- Up-to-date: /home/offroad/radar_ws/install/radar_conti_ars408_msgs/include/radar_conti_ars408_msgs/msg/detail/filter_state_header__rosidl_typesupport_fastrtps_c.h
[2.087s] -- Up-to-date: /home/offroad/radar_ws/install/radar_conti_ars408_msgs/include/radar_conti_ars408_msgs/msg/detail/cluster_status__rosidl_typesupport_fastrtps_c.h
[2.087s] -- Up-to-date: /home/offroad/radar_ws/install/radar_conti_ars408_msgs/include/radar_conti_ars408_msgs/msg/detail/version_id__rosidl_typesupport_fastrtps_c.h
[2.087s] -- Up-to-date: /home/offroad/radar_ws/install/radar_conti_ars408_msgs/include/radar_conti_ars408_msgs/msg/detail/object_quality__rosidl_typesupport_fastrtps_c.h
[2.087s] -- Up-to-date: /home/offroad/radar_ws/install/radar_conti_ars408_msgs/include/radar_conti_ars408_msgs/msg/detail/object_list__rosidl_typesupport_fastrtps_c.h
[2.087s] -- Up-to-date: /home/offroad/radar_ws/install/radar_conti_ars408_msgs/include/radar_conti_ars408_msgs/msg/detail/object_general__rosidl_typesupport_fastrtps_c.h
[2.087s] -- Up-to-date: /home/offroad/radar_ws/install/radar_conti_ars408_msgs/include/radar_conti_ars408_msgs/msg/rosidl_typesupport_fastrtps_c__visibility_control.h
[2.087s] -- Up-to-date: /home/offroad/radar_ws/install/radar_conti_ars408_msgs/lib/libradar_conti_ars408_msgs__rosidl_typesupport_fastrtps_c.so
[2.087s] -- Up-to-date: /home/offroad/radar_ws/install/radar_conti_ars408_msgs/include/radar_conti_ars408_msgs
[2.087s] -- Up-to-date: /home/offroad/radar_ws/install/radar_conti_ars408_msgs/include/radar_conti_ars408_msgs/msg
[2.088s] -- Up-to-date: /home/offroad/radar_ws/install/radar_conti_ars408_msgs/include/radar_conti_ars408_msgs/msg/detail
[2.088s] -- Up-to-date: /home/offroad/radar_ws/install/radar_conti_ars408_msgs/include/radar_conti_ars408_msgs/msg/detail/cluster_list__rosidl_typesupport_fastrtps_cpp.hpp
[2.088s] -- Up-to-date: /home/offroad/radar_ws/install/radar_conti_ars408_msgs/include/radar_conti_ars408_msgs/msg/detail/cluster_quality__rosidl_typesupport_fastrtps_cpp.hpp
[2.088s] -- Up-to-date: /home/offroad/radar_ws/install/radar_conti_ars408_msgs/include/radar_conti_ars408_msgs/msg/detail/object_list__rosidl_typesupport_fastrtps_cpp.hpp
[2.088s] -- Up-to-date: /home/offroad/radar_ws/install/radar_conti_ars408_msgs/include/radar_conti_ars408_msgs/msg/detail/filter_state_cfg__rosidl_typesupport_fastrtps_cpp.hpp
[2.088s] -- Up-to-date: /home/offroad/radar_ws/install/radar_conti_ars408_msgs/include/radar_conti_ars408_msgs/msg/detail/object__rosidl_typesupport_fastrtps_cpp.hpp
[2.088s] -- Up-to-date: /home/offroad/radar_ws/install/radar_conti_ars408_msgs/include/radar_conti_ars408_msgs/msg/detail/dds_fastrtps
[2.088s] -- Up-to-date: /home/offroad/radar_ws/install/radar_conti_ars408_msgs/include/radar_conti_ars408_msgs/msg/detail/object_extended__rosidl_typesupport_fastrtps_cpp.hpp
[2.088s] -- Up-to-date: /home/offroad/radar_ws/install/radar_conti_ars408_msgs/include/radar_conti_ars408_msgs/msg/detail/cluster_general__rosidl_typesupport_fastrtps_cpp.hpp
[2.088s] -- Up-to-date: /home/offroad/radar_ws/install/radar_conti_ars408_msgs/include/radar_conti_ars408_msgs/msg/detail/filter_cfg__rosidl_typesupport_fastrtps_cpp.hpp
[2.089s] -- Up-to-date: /home/offroad/radar_ws/install/radar_conti_ars408_msgs/include/radar_conti_ars408_msgs/msg/detail/object_status__rosidl_typesupport_fastrtps_cpp.hpp
[2.089s] -- Up-to-date: /home/offroad/radar_ws/install/radar_conti_ars408_msgs/include/radar_conti_ars408_msgs/msg/detail/cluster__rosidl_typesupport_fastrtps_cpp.hpp
[2.089s] -- Up-to-date: /home/offroad/radar_ws/install/radar_conti_ars408_msgs/include/radar_conti_ars408_msgs/msg/detail/radar_configuration__rosidl_typesupport_fastrtps_cpp.hpp
[2.089s] -- Up-to-date: /home/offroad/radar_ws/install/radar_conti_ars408_msgs/include/radar_conti_ars408_msgs/msg/detail/filter_state_header__rosidl_typesupport_fastrtps_cpp.hpp
[2.089s] -- Up-to-date: /home/offroad/radar_ws/install/radar_conti_ars408_msgs/include/radar_conti_ars408_msgs/msg/detail/radar_state__rosidl_typesupport_fastrtps_cpp.hpp
[2.089s] -- Up-to-date: /home/offroad/radar_ws/install/radar_conti_ars408_msgs/include/radar_conti_ars408_msgs/msg/detail/object_quality__rosidl_typesupport_fastrtps_cpp.hpp
[2.089s] -- Up-to-date: /home/offroad/radar_ws/install/radar_conti_ars408_msgs/include/radar_conti_ars408_msgs/msg/detail/cluster_status__rosidl_typesupport_fastrtps_cpp.hpp
[2.089s] -- Up-to-date: /home/offroad/radar_ws/install/radar_conti_ars408_msgs/include/radar_conti_ars408_msgs/msg/detail/version_id__rosidl_typesupport_fastrtps_cpp.hpp
[2.089s] -- Up-to-date: /home/offroad/radar_ws/install/radar_conti_ars408_msgs/include/radar_conti_ars408_msgs/msg/detail/object_general__rosidl_typesupport_fastrtps_cpp.hpp
[2.089s] -- Up-to-date: /home/offroad/radar_ws/install/radar_conti_ars408_msgs/include/radar_conti_ars408_msgs/msg/rosidl_typesupport_fastrtps_cpp__visibility_control.h
[2.089s] -- Up-to-date: /home/offroad/radar_ws/install/radar_conti_ars408_msgs/lib/libradar_conti_ars408_msgs__rosidl_typesupport_fastrtps_cpp.so
[2.089s] -- Up-to-date: /home/offroad/radar_ws/install/radar_conti_ars408_msgs/include/radar_conti_ars408_msgs
[2.090s] -- Up-to-date: /home/offroad/radar_ws/install/radar_conti_ars408_msgs/include/radar_conti_ars408_msgs/msg
[2.090s] -- Up-to-date: /home/offroad/radar_ws/install/radar_conti_ars408_msgs/include/radar_conti_ars408_msgs/msg/detail
[2.090s] -- Up-to-date: /home/offroad/radar_ws/install/radar_conti_ars408_msgs/include/radar_conti_ars408_msgs/msg/detail/filter_cfg__type_support.c
[2.090s] -- Up-to-date: /home/offroad/radar_ws/install/radar_conti_ars408_msgs/include/radar_conti_ars408_msgs/msg/detail/radar_configuration__type_support.c
[2.090s] -- Up-to-date: /home/offroad/radar_ws/install/radar_conti_ars408_msgs/include/radar_conti_ars408_msgs/msg/detail/version_id__rosidl_typesupport_introspection_c.h
[2.090s] -- Up-to-date: /home/offroad/radar_ws/install/radar_conti_ars408_msgs/include/radar_conti_ars408_msgs/msg/detail/cluster_general__type_support.c
[2.090s] -- Up-to-date: /home/offroad/radar_ws/install/radar_conti_ars408_msgs/include/radar_conti_ars408_msgs/msg/detail/object_extended__rosidl_typesupport_introspection_c.h
[2.090s] -- Up-to-date: /home/offroad/radar_ws/install/radar_conti_ars408_msgs/include/radar_conti_ars408_msgs/msg/detail/filter_cfg__rosidl_typesupport_introspection_c.h
[2.090s] -- Up-to-date: /home/offroad/radar_ws/install/radar_conti_ars408_msgs/include/radar_conti_ars408_msgs/msg/detail/radar_state__rosidl_typesupport_introspection_c.h
[2.090s] -- Up-to-date: /home/offroad/radar_ws/install/radar_conti_ars408_msgs/include/radar_conti_ars408_msgs/msg/detail/object_list__rosidl_typesupport_introspection_c.h
[2.091s] -- Up-to-date: /home/offroad/radar_ws/install/radar_conti_ars408_msgs/include/radar_conti_ars408_msgs/msg/detail/filter_state_cfg__type_support.c
[2.091s] -- Up-to-date: /home/offroad/radar_ws/install/radar_conti_ars408_msgs/include/radar_conti_ars408_msgs/msg/detail/radar_state__type_support.c
[2.091s] -- Up-to-date: /home/offroad/radar_ws/install/radar_conti_ars408_msgs/include/radar_conti_ars408_msgs/msg/detail/object_quality__type_support.c
[2.091s] -- Up-to-date: /home/offroad/radar_ws/install/radar_conti_ars408_msgs/include/radar_conti_ars408_msgs/msg/detail/radar_configuration__rosidl_typesupport_introspection_c.h
[2.091s] -- Up-to-date: /home/offroad/radar_ws/install/radar_conti_ars408_msgs/include/radar_conti_ars408_msgs/msg/detail/cluster__type_support.c
[2.091s] -- Up-to-date: /home/offroad/radar_ws/install/radar_conti_ars408_msgs/include/radar_conti_ars408_msgs/msg/detail/object_general__rosidl_typesupport_introspection_c.h
[2.091s] -- Up-to-date: /home/offroad/radar_ws/install/radar_conti_ars408_msgs/include/radar_conti_ars408_msgs/msg/detail/filter_state_header__rosidl_typesupport_introspection_c.h
[2.091s] -- Up-to-date: /home/offroad/radar_ws/install/radar_conti_ars408_msgs/include/radar_conti_ars408_msgs/msg/detail/cluster_quality__type_support.c
[2.091s] -- Up-to-date: /home/offroad/radar_ws/install/radar_conti_ars408_msgs/include/radar_conti_ars408_msgs/msg/detail/version_id__type_support.c
[2.091s] -- Up-to-date: /home/offroad/radar_ws/install/radar_conti_ars408_msgs/include/radar_conti_ars408_msgs/msg/detail/object_list__type_support.c
[2.092s] -- Up-to-date: /home/offroad/radar_ws/install/radar_conti_ars408_msgs/include/radar_conti_ars408_msgs/msg/detail/filter_state_header__type_support.c
[2.092s] -- Up-to-date: /home/offroad/radar_ws/install/radar_conti_ars408_msgs/include/radar_conti_ars408_msgs/msg/detail/object_status__type_support.c
[2.092s] -- Up-to-date: /home/offroad/radar_ws/install/radar_conti_ars408_msgs/include/radar_conti_ars408_msgs/msg/detail/object__type_support.c
[2.092s] -- Up-to-date: /home/offroad/radar_ws/install/radar_conti_ars408_msgs/include/radar_conti_ars408_msgs/msg/detail/object_status__rosidl_typesupport_introspection_c.h
[2.092s] -- Up-to-date: /home/offroad/radar_ws/install/radar_conti_ars408_msgs/include/radar_conti_ars408_msgs/msg/detail/cluster_status__type_support.c
[2.092s] -- Up-to-date: /home/offroad/radar_ws/install/radar_conti_ars408_msgs/include/radar_conti_ars408_msgs/msg/detail/object_quality__rosidl_typesupport_introspection_c.h
[2.092s] -- Up-to-date: /home/offroad/radar_ws/install/radar_conti_ars408_msgs/include/radar_conti_ars408_msgs/msg/detail/object_extended__type_support.c
[2.092s] -- Up-to-date: /home/offroad/radar_ws/install/radar_conti_ars408_msgs/include/radar_conti_ars408_msgs/msg/detail/cluster__rosidl_typesupport_introspection_c.h
[2.092s] -- Up-to-date: /home/offroad/radar_ws/install/radar_conti_ars408_msgs/include/radar_conti_ars408_msgs/msg/detail/filter_state_cfg__rosidl_typesupport_introspection_c.h
[2.092s] -- Up-to-date: /home/offroad/radar_ws/install/radar_conti_ars408_msgs/include/radar_conti_ars408_msgs/msg/detail/cluster_quality__rosidl_typesupport_introspection_c.h
[2.092s] -- Up-to-date: /home/offroad/radar_ws/install/radar_conti_ars408_msgs/include/radar_conti_ars408_msgs/msg/detail/object__rosidl_typesupport_introspection_c.h
[2.093s] -- Up-to-date: /home/offroad/radar_ws/install/radar_conti_ars408_msgs/include/radar_conti_ars408_msgs/msg/detail/cluster_general__rosidl_typesupport_introspection_c.h
[2.093s] -- Up-to-date: /home/offroad/radar_ws/install/radar_conti_ars408_msgs/include/radar_conti_ars408_msgs/msg/detail/object_general__type_support.c
[2.093s] -- Up-to-date: /home/offroad/radar_ws/install/radar_conti_ars408_msgs/include/radar_conti_ars408_msgs/msg/detail/cluster_status__rosidl_typesupport_introspection_c.h
[2.093s] -- Up-to-date: /home/offroad/radar_ws/install/radar_conti_ars408_msgs/include/radar_conti_ars408_msgs/msg/detail/cluster_list__rosidl_typesupport_introspection_c.h
[2.093s] -- Up-to-date: /home/offroad/radar_ws/install/radar_conti_ars408_msgs/include/radar_conti_ars408_msgs/msg/detail/cluster_list__type_support.c
[2.093s] -- Up-to-date: /home/offroad/radar_ws/install/radar_conti_ars408_msgs/include/radar_conti_ars408_msgs/msg/rosidl_typesupport_introspection_c__visibility_control.h
[2.093s] -- Up-to-date: /home/offroad/radar_ws/install/radar_conti_ars408_msgs/lib/libradar_conti_ars408_msgs__rosidl_typesupport_introspection_c.so
[2.093s] -- Up-to-date: /home/offroad/radar_ws/install/radar_conti_ars408_msgs/lib/libradar_conti_ars408_msgs__rosidl_typesupport_c.so
[2.093s] -- Up-to-date: /home/offroad/radar_ws/install/radar_conti_ars408_msgs/include/radar_conti_ars408_msgs
[2.093s] -- Up-to-date: /home/offroad/radar_ws/install/radar_conti_ars408_msgs/include/radar_conti_ars408_msgs/msg
[2.093s] -- Up-to-date: /home/offroad/radar_ws/install/radar_conti_ars408_msgs/include/radar_conti_ars408_msgs/msg/detail
[2.093s] -- Up-to-date: /home/offroad/radar_ws/install/radar_conti_ars408_msgs/include/radar_conti_ars408_msgs/msg/detail/radar_state__traits.hpp
[2.094s] -- Up-to-date: /home/offroad/radar_ws/install/radar_conti_ars408_msgs/include/radar_conti_ars408_msgs/msg/detail/object_status__builder.hpp
[2.094s] -- Up-to-date: /home/offroad/radar_ws/install/radar_conti_ars408_msgs/include/radar_conti_ars408_msgs/msg/detail/cluster_quality__struct.hpp
[2.094s] -- Up-to-date: /home/offroad/radar_ws/install/radar_conti_ars408_msgs/include/radar_conti_ars408_msgs/msg/detail/filter_state_header__traits.hpp
[2.094s] -- Up-to-date: /home/offroad/radar_ws/install/radar_conti_ars408_msgs/include/radar_conti_ars408_msgs/msg/detail/cluster_status__builder.hpp
[2.094s] -- Up-to-date: /home/offroad/radar_ws/install/radar_conti_ars408_msgs/include/radar_conti_ars408_msgs/msg/detail/object_extended__builder.hpp
[2.094s] -- Up-to-date: /home/offroad/radar_ws/install/radar_conti_ars408_msgs/include/radar_conti_ars408_msgs/msg/detail/object_list__struct.hpp
[2.094s] -- Up-to-date: /home/offroad/radar_ws/install/radar_conti_ars408_msgs/include/radar_conti_ars408_msgs/msg/detail/cluster_list__traits.hpp
[2.094s] -- Up-to-date: /home/offroad/radar_ws/install/radar_conti_ars408_msgs/include/radar_conti_ars408_msgs/msg/detail/filter_state_header__struct.hpp
[2.095s] -- Up-to-date: /home/offroad/radar_ws/install/radar_conti_ars408_msgs/include/radar_conti_ars408_msgs/msg/detail/cluster_general__traits.hpp
[2.095s] -- Up-to-date: /home/offroad/radar_ws/install/radar_conti_ars408_msgs/include/radar_conti_ars408_msgs/msg/detail/cluster_general__struct.hpp
[2.095s] -- Up-to-date: /home/offroad/radar_ws/install/radar_conti_ars408_msgs/include/radar_conti_ars408_msgs/msg/detail/object_list__traits.hpp
[2.095s] -- Up-to-date: /home/offroad/radar_ws/install/radar_conti_ars408_msgs/include/radar_conti_ars408_msgs/msg/detail/object_status__struct.hpp
[2.095s] -- Up-to-date: /home/offroad/radar_ws/install/radar_conti_ars408_msgs/include/radar_conti_ars408_msgs/msg/detail/filter_cfg__traits.hpp
[2.095s] -- Up-to-date: /home/offroad/radar_ws/install/radar_conti_ars408_msgs/include/radar_conti_ars408_msgs/msg/detail/filter_state_cfg__builder.hpp
[2.095s] -- Up-to-date: /home/offroad/radar_ws/install/radar_conti_ars408_msgs/include/radar_conti_ars408_msgs/msg/detail/version_id__traits.hpp
[2.095s] -- Up-to-date: /home/offroad/radar_ws/install/radar_conti_ars408_msgs/include/radar_conti_ars408_msgs/msg/detail/object_general__struct.hpp
[2.095s] -- Up-to-date: /home/offroad/radar_ws/install/radar_conti_ars408_msgs/include/radar_conti_ars408_msgs/msg/detail/cluster_list__builder.hpp
[2.095s] -- Up-to-date: /home/offroad/radar_ws/install/radar_conti_ars408_msgs/include/radar_conti_ars408_msgs/msg/detail/version_id__struct.hpp
[2.096s] -- Up-to-date: /home/offroad/radar_ws/install/radar_conti_ars408_msgs/include/radar_conti_ars408_msgs/msg/detail/radar_configuration__builder.hpp
[2.096s] -- Up-to-date: /home/offroad/radar_ws/install/radar_conti_ars408_msgs/include/radar_conti_ars408_msgs/msg/detail/radar_state__builder.hpp
[2.096s] -- Up-to-date: /home/offroad/radar_ws/install/radar_conti_ars408_msgs/include/radar_conti_ars408_msgs/msg/detail/object_quality__traits.hpp
[2.096s] -- Up-to-date: /home/offroad/radar_ws/install/radar_conti_ars408_msgs/include/radar_conti_ars408_msgs/msg/detail/filter_cfg__builder.hpp
[2.096s] -- Up-to-date: /home/offroad/radar_ws/install/radar_conti_ars408_msgs/include/radar_conti_ars408_msgs/msg/detail/filter_cfg__struct.hpp
[2.096s] -- Up-to-date: /home/offroad/radar_ws/install/radar_conti_ars408_msgs/include/radar_conti_ars408_msgs/msg/detail/object_extended__struct.hpp
[2.096s] -- Up-to-date: /home/offroad/radar_ws/install/radar_conti_ars408_msgs/include/radar_conti_ars408_msgs/msg/detail/object_status__traits.hpp
[2.096s] -- Up-to-date: /home/offroad/radar_ws/install/radar_conti_ars408_msgs/include/radar_conti_ars408_msgs/msg/detail/object_quality__builder.hpp
[2.096s] -- Up-to-date: /home/offroad/radar_ws/install/radar_conti_ars408_msgs/include/radar_conti_ars408_msgs/msg/detail/object_general__builder.hpp
[2.096s] -- Up-to-date: /home/offroad/radar_ws/install/radar_conti_ars408_msgs/include/radar_conti_ars408_msgs/msg/detail/cluster__struct.hpp
[2.096s] -- Up-to-date: /home/offroad/radar_ws/install/radar_conti_ars408_msgs/include/radar_conti_ars408_msgs/msg/detail/cluster_quality__builder.hpp
[2.096s] -- Up-to-date: /home/offroad/radar_ws/install/radar_conti_ars408_msgs/include/radar_conti_ars408_msgs/msg/detail/object_extended__traits.hpp
[2.096s] -- Up-to-date: /home/offroad/radar_ws/install/radar_conti_ars408_msgs/include/radar_conti_ars408_msgs/msg/detail/filter_state_header__builder.hpp
[2.097s] -- Up-to-date: /home/offroad/radar_ws/install/radar_conti_ars408_msgs/include/radar_conti_ars408_msgs/msg/detail/version_id__builder.hpp
[2.097s] -- Up-to-date: /home/offroad/radar_ws/install/radar_conti_ars408_msgs/include/radar_conti_ars408_msgs/msg/detail/object_general__traits.hpp
[2.097s] -- Up-to-date: /home/offroad/radar_ws/install/radar_conti_ars408_msgs/include/radar_conti_ars408_msgs/msg/detail/radar_configuration__traits.hpp
[2.097s] -- Up-to-date: /home/offroad/radar_ws/install/radar_conti_ars408_msgs/include/radar_conti_ars408_msgs/msg/detail/object__builder.hpp
[2.097s] -- Up-to-date: /home/offroad/radar_ws/install/radar_conti_ars408_msgs/include/radar_conti_ars408_msgs/msg/detail/filter_state_cfg__traits.hpp
[2.097s] -- Up-to-date: /home/offroad/radar_ws/install/radar_conti_ars408_msgs/include/radar_conti_ars408_msgs/msg/detail/object_list__builder.hpp
[2.097s] -- Up-to-date: /home/offroad/radar_ws/install/radar_conti_ars408_msgs/include/radar_conti_ars408_msgs/msg/detail/cluster__traits.hpp
[2.097s] -- Up-to-date: /home/offroad/radar_ws/install/radar_conti_ars408_msgs/include/radar_conti_ars408_msgs/msg/detail/object_quality__struct.hpp
[2.097s] -- Up-to-date: /home/offroad/radar_ws/install/radar_conti_ars408_msgs/include/radar_conti_ars408_msgs/msg/detail/radar_configuration__struct.hpp
[2.097s] -- Up-to-date: /home/offroad/radar_ws/install/radar_conti_ars408_msgs/include/radar_conti_ars408_msgs/msg/detail/object__traits.hpp
[2.097s] -- Up-to-date: /home/offroad/radar_ws/install/radar_conti_ars408_msgs/include/radar_conti_ars408_msgs/msg/detail/cluster__builder.hpp
[2.098s] -- Up-to-date: /home/offroad/radar_ws/install/radar_conti_ars408_msgs/include/radar_conti_ars408_msgs/msg/detail/cluster_quality__traits.hpp
[2.098s] -- Up-to-date: /home/offroad/radar_ws/install/radar_conti_ars408_msgs/include/radar_conti_ars408_msgs/msg/detail/cluster_status__struct.hpp
[2.098s] -- Up-to-date: /home/offroad/radar_ws/install/radar_conti_ars408_msgs/include/radar_conti_ars408_msgs/msg/detail/radar_state__struct.hpp
[2.098s] -- Up-to-date: /home/offroad/radar_ws/install/radar_conti_ars408_msgs/include/radar_conti_ars408_msgs/msg/detail/object__struct.hpp
[2.098s] -- Up-to-date: /home/offroad/radar_ws/install/radar_conti_ars408_msgs/include/radar_conti_ars408_msgs/msg/detail/cluster_list__struct.hpp
[2.098s] -- Up-to-date: /home/offroad/radar_ws/install/radar_conti_ars408_msgs/include/radar_conti_ars408_msgs/msg/detail/cluster_general__builder.hpp
[2.098s] -- Up-to-date: /home/offroad/radar_ws/install/radar_conti_ars408_msgs/include/radar_conti_ars408_msgs/msg/detail/cluster_status__traits.hpp
[2.098s] -- Up-to-date: /home/offroad/radar_ws/install/radar_conti_ars408_msgs/include/radar_conti_ars408_msgs/msg/detail/filter_state_cfg__struct.hpp
[2.098s] -- Up-to-date: /home/offroad/radar_ws/install/radar_conti_ars408_msgs/include/radar_conti_ars408_msgs/msg/object_quality.hpp
[2.099s] -- Up-to-date: /home/offroad/radar_ws/install/radar_conti_ars408_msgs/include/radar_conti_ars408_msgs/msg/cluster_status.hpp
[2.099s] -- Up-to-date: /home/offroad/radar_ws/install/radar_conti_ars408_msgs/include/radar_conti_ars408_msgs/msg/radar_state.hpp
[2.099s] -- Up-to-date: /home/offroad/radar_ws/install/radar_conti_ars408_msgs/include/radar_conti_ars408_msgs/msg/object_general.hpp
[2.099s] -- Up-to-date: /home/offroad/radar_ws/install/radar_conti_ars408_msgs/include/radar_conti_ars408_msgs/msg/version_id.hpp
[2.099s] -- Up-to-date: /home/offroad/radar_ws/install/radar_conti_ars408_msgs/include/radar_conti_ars408_msgs/msg/filter_state_header.hpp
[2.099s] -- Up-to-date: /home/offroad/radar_ws/install/radar_conti_ars408_msgs/include/radar_conti_ars408_msgs/msg/cluster.hpp
[2.099s] -- Up-to-date: /home/offroad/radar_ws/install/radar_conti_ars408_msgs/include/radar_conti_ars408_msgs/msg/object_status.hpp
[2.099s] -- Up-to-date: /home/offroad/radar_ws/install/radar_conti_ars408_msgs/include/radar_conti_ars408_msgs/msg/filter_cfg.hpp
[2.099s] -- Up-to-date: /home/offroad/radar_ws/install/radar_conti_ars408_msgs/include/radar_conti_ars408_msgs/msg/object_list.hpp
[2.099s] -- Up-to-date: /home/offroad/radar_ws/install/radar_conti_ars408_msgs/include/radar_conti_ars408_msgs/msg/radar_configuration.hpp
[2.099s] -- Up-to-date: /home/offroad/radar_ws/install/radar_conti_ars408_msgs/include/radar_conti_ars408_msgs/msg/object.hpp
[2.100s] -- Up-to-date: /home/offroad/radar_ws/install/radar_conti_ars408_msgs/include/radar_conti_ars408_msgs/msg/object_extended.hpp
[2.100s] -- Up-to-date: /home/offroad/radar_ws/install/radar_conti_ars408_msgs/include/radar_conti_ars408_msgs/msg/filter_state_cfg.hpp
[2.100s] -- Up-to-date: /home/offroad/radar_ws/install/radar_conti_ars408_msgs/include/radar_conti_ars408_msgs/msg/cluster_list.hpp
[2.100s] -- Up-to-date: /home/offroad/radar_ws/install/radar_conti_ars408_msgs/include/radar_conti_ars408_msgs/msg/cluster_general.hpp
[2.100s] -- Up-to-date: /home/offroad/radar_ws/install/radar_conti_ars408_msgs/include/radar_conti_ars408_msgs/msg/cluster_quality.hpp
[2.100s] -- Up-to-date: /home/offroad/radar_ws/install/radar_conti_ars408_msgs/include/radar_conti_ars408_msgs
[2.100s] -- Up-to-date: /home/offroad/radar_ws/install/radar_conti_ars408_msgs/include/radar_conti_ars408_msgs/msg
[2.100s] -- Up-to-date: /home/offroad/radar_ws/install/radar_conti_ars408_msgs/include/radar_conti_ars408_msgs/msg/detail
[2.100s] -- Up-to-date: /home/offroad/radar_ws/install/radar_conti_ars408_msgs/include/radar_conti_ars408_msgs/msg/detail/object_quality__rosidl_typesupport_introspection_cpp.hpp
[2.100s] -- Up-to-date: /home/offroad/radar_ws/install/radar_conti_ars408_msgs/include/radar_conti_ars408_msgs/msg/detail/version_id__rosidl_typesupport_introspection_cpp.hpp
[2.100s] -- Up-to-date: /home/offroad/radar_ws/install/radar_conti_ars408_msgs/include/radar_conti_ars408_msgs/msg/detail/object_status__type_support.cpp
[2.100s] -- Up-to-date: /home/offroad/radar_ws/install/radar_conti_ars408_msgs/include/radar_conti_ars408_msgs/msg/detail/object_extended__type_support.cpp
[2.101s] -- Up-to-date: /home/offroad/radar_ws/install/radar_conti_ars408_msgs/include/radar_conti_ars408_msgs/msg/detail/cluster_status__rosidl_typesupport_introspection_cpp.hpp
[2.101s] -- Up-to-date: /home/offroad/radar_ws/install/radar_conti_ars408_msgs/include/radar_conti_ars408_msgs/msg/detail/filter_cfg__type_support.cpp
[2.101s] -- Up-to-date: /home/offroad/radar_ws/install/radar_conti_ars408_msgs/include/radar_conti_ars408_msgs/msg/detail/object_general__rosidl_typesupport_introspection_cpp.hpp
[2.101s] -- Up-to-date: /home/offroad/radar_ws/install/radar_conti_ars408_msgs/include/radar_conti_ars408_msgs/msg/detail/cluster_general__type_support.cpp
[2.101s] -- Up-to-date: /home/offroad/radar_ws/install/radar_conti_ars408_msgs/include/radar_conti_ars408_msgs/msg/detail/cluster__type_support.cpp
[2.101s] -- Up-to-date: /home/offroad/radar_ws/install/radar_conti_ars408_msgs/include/radar_conti_ars408_msgs/msg/detail/cluster_list__type_support.cpp
[2.101s] -- Up-to-date: /home/offroad/radar_ws/install/radar_conti_ars408_msgs/include/radar_conti_ars408_msgs/msg/detail/cluster_status__type_support.cpp
[2.101s] -- Up-to-date: /home/offroad/radar_ws/install/radar_conti_ars408_msgs/include/radar_conti_ars408_msgs/msg/detail/object_list__type_support.cpp
[2.101s] -- Up-to-date: /home/offroad/radar_ws/install/radar_conti_ars408_msgs/include/radar_conti_ars408_msgs/msg/detail/filter_state_cfg__type_support.cpp
[2.102s] -- Up-to-date: /home/offroad/radar_ws/install/radar_conti_ars408_msgs/include/radar_conti_ars408_msgs/msg/detail/filter_state_cfg__rosidl_typesupport_introspection_cpp.hpp
[2.102s] -- Up-to-date: /home/offroad/radar_ws/install/radar_conti_ars408_msgs/include/radar_conti_ars408_msgs/msg/detail/object_list__rosidl_typesupport_introspection_cpp.hpp
[2.102s] -- Up-to-date: /home/offroad/radar_ws/install/radar_conti_ars408_msgs/include/radar_conti_ars408_msgs/msg/detail/cluster_list__rosidl_typesupport_introspection_cpp.hpp
[2.102s] -- Up-to-date: /home/offroad/radar_ws/install/radar_conti_ars408_msgs/include/radar_conti_ars408_msgs/msg/detail/filter_state_header__rosidl_typesupport_introspection_cpp.hpp
[2.102s] -- Up-to-date: /home/offroad/radar_ws/install/radar_conti_ars408_msgs/include/radar_conti_ars408_msgs/msg/detail/filter_state_header__type_support.cpp
[2.102s] -- Up-to-date: /home/offroad/radar_ws/install/radar_conti_ars408_msgs/include/radar_conti_ars408_msgs/msg/detail/version_id__type_support.cpp
[2.102s] -- Up-to-date: /home/offroad/radar_ws/install/radar_conti_ars408_msgs/include/radar_conti_ars408_msgs/msg/detail/radar_state__type_support.cpp
[2.102s] -- Up-to-date: /home/offroad/radar_ws/install/radar_conti_ars408_msgs/include/radar_conti_ars408_msgs/msg/detail/object_extended__rosidl_typesupport_introspection_cpp.hpp
[2.102s] -- Up-to-date: /home/offroad/radar_ws/install/radar_conti_ars408_msgs/include/radar_conti_ars408_msgs/msg/detail/cluster__rosidl_typesupport_introspection_cpp.hpp
[2.103s] -- Up-to-date: /home/offroad/radar_ws/install/radar_conti_ars408_msgs/include/radar_conti_ars408_msgs/msg/detail/cluster_general__rosidl_typesupport_introspection_cpp.hpp
[2.103s] -- Up-to-date: /home/offroad/radar_ws/install/radar_conti_ars408_msgs/include/radar_conti_ars408_msgs/msg/detail/object_general__type_support.cpp
[2.103s] -- Up-to-date: /home/offroad/radar_ws/install/radar_conti_ars408_msgs/include/radar_conti_ars408_msgs/msg/detail/radar_state__rosidl_typesupport_introspection_cpp.hpp
[2.103s] -- Up-to-date: /home/offroad/radar_ws/install/radar_conti_ars408_msgs/include/radar_conti_ars408_msgs/msg/detail/cluster_quality__type_support.cpp
[2.103s] -- Up-to-date: /home/offroad/radar_ws/install/radar_conti_ars408_msgs/include/radar_conti_ars408_msgs/msg/detail/object_quality__type_support.cpp
[2.103s] -- Up-to-date: /home/offroad/radar_ws/install/radar_conti_ars408_msgs/include/radar_conti_ars408_msgs/msg/detail/object__type_support.cpp
[2.103s] -- Up-to-date: /home/offroad/radar_ws/install/radar_conti_ars408_msgs/include/radar_conti_ars408_msgs/msg/detail/radar_configuration__rosidl_typesupport_introspection_cpp.hpp
[2.103s] -- Up-to-date: /home/offroad/radar_ws/install/radar_conti_ars408_msgs/include/radar_conti_ars408_msgs/msg/detail/filter_cfg__rosidl_typesupport_introspection_cpp.hpp
[2.103s] -- Up-to-date: /home/offroad/radar_ws/install/radar_conti_ars408_msgs/include/radar_conti_ars408_msgs/msg/detail/object__rosidl_typesupport_introspection_cpp.hpp
[2.103s] -- Up-to-date: /home/offroad/radar_ws/install/radar_conti_ars408_msgs/include/radar_conti_ars408_msgs/msg/detail/cluster_quality__rosidl_typesupport_introspection_cpp.hpp
[2.103s] -- Up-to-date: /home/offroad/radar_ws/install/radar_conti_ars408_msgs/include/radar_conti_ars408_msgs/msg/detail/radar_configuration__type_support.cpp
[2.103s] -- Up-to-date: /home/offroad/radar_ws/install/radar_conti_ars408_msgs/include/radar_conti_ars408_msgs/msg/detail/object_status__rosidl_typesupport_introspection_cpp.hpp
[2.103s] -- Up-to-date: /home/offroad/radar_ws/install/radar_conti_ars408_msgs/lib/libradar_conti_ars408_msgs__rosidl_typesupport_introspection_cpp.so
[2.104s] -- Up-to-date: /home/offroad/radar_ws/install/radar_conti_ars408_msgs/lib/libradar_conti_ars408_msgs__rosidl_typesupport_cpp.so
[2.104s] -- Up-to-date: /home/offroad/radar_ws/install/radar_conti_ars408_msgs/share/radar_conti_ars408_msgs/environment/pythonpath.sh
[2.104s] -- Up-to-date: /home/offroad/radar_ws/install/radar_conti_ars408_msgs/share/radar_conti_ars408_msgs/environment/pythonpath.dsv
[2.104s] -- Up-to-date: /home/offroad/radar_ws/install/radar_conti_ars408_msgs/lib/python3.8/site-packages/radar_conti_ars408_msgs/__init__.py
[2.171s] -- Up-to-date: /home/offroad/radar_ws/install/radar_conti_ars408_msgs/lib/python3.8/site-packages/radar_conti_ars408_msgs/msg
[2.172s] -- Up-to-date: /home/offroad/radar_ws/install/radar_conti_ars408_msgs/lib/python3.8/site-packages/radar_conti_ars408_msgs/msg/__init__.py
[2.172s] -- Up-to-date: /home/offroad/radar_ws/install/radar_conti_ars408_msgs/lib/python3.8/site-packages/radar_conti_ars408_msgs/msg/_version_id_s.c
[2.172s] -- Up-to-date: /home/offroad/radar_ws/install/radar_conti_ars408_msgs/lib/python3.8/site-packages/radar_conti_ars408_msgs/msg/_cluster_general_s.c
[2.173s] -- Up-to-date: /home/offroad/radar_ws/install/radar_conti_ars408_msgs/lib/python3.8/site-packages/radar_conti_ars408_msgs/msg/_cluster_list.py
[2.173s] -- Up-to-date: /home/offroad/radar_ws/install/radar_conti_ars408_msgs/lib/python3.8/site-packages/radar_conti_ars408_msgs/msg/_object_general_s.c
[2.173s] -- Up-to-date: /home/offroad/radar_ws/install/radar_conti_ars408_msgs/lib/python3.8/site-packages/radar_conti_ars408_msgs/msg/_cluster_status.py
[2.174s] -- Up-to-date: /home/offroad/radar_ws/install/radar_conti_ars408_msgs/lib/python3.8/site-packages/radar_conti_ars408_msgs/msg/_object_general.py
[2.175s] -- Up-to-date: /home/offroad/radar_ws/install/radar_conti_ars408_msgs/lib/python3.8/site-packages/radar_conti_ars408_msgs/msg/_cluster_status_s.c
[2.176s] -- Up-to-date: /home/offroad/radar_ws/install/radar_conti_ars408_msgs/lib/python3.8/site-packages/radar_conti_ars408_msgs/msg/_object_s.c
[2.176s] -- Up-to-date: /home/offroad/radar_ws/install/radar_conti_ars408_msgs/lib/python3.8/site-packages/radar_conti_ars408_msgs/msg/_filter_state_header_s.c
[2.177s] -- Up-to-date: /home/offroad/radar_ws/install/radar_conti_ars408_msgs/lib/python3.8/site-packages/radar_conti_ars408_msgs/msg/_cluster_quality_s.c
[2.177s] -- Up-to-date: /home/offroad/radar_ws/install/radar_conti_ars408_msgs/lib/python3.8/site-packages/radar_conti_ars408_msgs/msg/_object_quality_s.c
[2.177s] -- Up-to-date: /home/offroad/radar_ws/install/radar_conti_ars408_msgs/lib/python3.8/site-packages/radar_conti_ars408_msgs/msg/_filter_cfg.py
[2.178s] -- Up-to-date: /home/offroad/radar_ws/install/radar_conti_ars408_msgs/lib/python3.8/site-packages/radar_conti_ars408_msgs/msg/_radar_state_s.c
[2.180s] -- Up-to-date: /home/offroad/radar_ws/install/radar_conti_ars408_msgs/lib/python3.8/site-packages/radar_conti_ars408_msgs/msg/_filter_state_cfg_s.c
[2.181s] -- Up-to-date: /home/offroad/radar_ws/install/radar_conti_ars408_msgs/lib/python3.8/site-packages/radar_conti_ars408_msgs/msg/_cluster_quality.py
[2.181s] -- Up-to-date: /home/offroad/radar_ws/install/radar_conti_ars408_msgs/lib/python3.8/site-packages/radar_conti_ars408_msgs/msg/_filter_cfg_s.c
[2.181s] -- Up-to-date: /home/offroad/radar_ws/install/radar_conti_ars408_msgs/lib/python3.8/site-packages/radar_conti_ars408_msgs/msg/_cluster_list_s.c
[2.181s] -- Up-to-date: /home/offroad/radar_ws/install/radar_conti_ars408_msgs/lib/python3.8/site-packages/radar_conti_ars408_msgs/msg/_object_extended_s.c
[2.182s] -- Up-to-date: /home/offroad/radar_ws/install/radar_conti_ars408_msgs/lib/python3.8/site-packages/radar_conti_ars408_msgs/msg/_object_status.py
[2.182s] -- Up-to-date: /home/offroad/radar_ws/install/radar_conti_ars408_msgs/lib/python3.8/site-packages/radar_conti_ars408_msgs/msg/_filter_state_cfg.py
[2.182s] -- Up-to-date: /home/offroad/radar_ws/install/radar_conti_ars408_msgs/lib/python3.8/site-packages/radar_conti_ars408_msgs/msg/_radar_configuration_s.c
[2.182s] -- Up-to-date: /home/offroad/radar_ws/install/radar_conti_ars408_msgs/lib/python3.8/site-packages/radar_conti_ars408_msgs/msg/_cluster_general.py
[2.183s] -- Up-to-date: /home/offroad/radar_ws/install/radar_conti_ars408_msgs/lib/python3.8/site-packages/radar_conti_ars408_msgs/msg/_object_extended.py
[2.183s] -- Up-to-date: /home/offroad/radar_ws/install/radar_conti_ars408_msgs/lib/python3.8/site-packages/radar_conti_ars408_msgs/msg/_radar_state.py
[2.184s] -- Up-to-date: /home/offroad/radar_ws/install/radar_conti_ars408_msgs/lib/python3.8/site-packages/radar_conti_ars408_msgs/msg/_object_status_s.c
[2.185s] -- Up-to-date: /home/offroad/radar_ws/install/radar_conti_ars408_msgs/lib/python3.8/site-packages/radar_conti_ars408_msgs/msg/_object.py
[2.185s] -- Up-to-date: /home/offroad/radar_ws/install/radar_conti_ars408_msgs/lib/python3.8/site-packages/radar_conti_ars408_msgs/msg/_filter_state_header.py
[2.185s] -- Up-to-date: /home/offroad/radar_ws/install/radar_conti_ars408_msgs/lib/python3.8/site-packages/radar_conti_ars408_msgs/msg/_object_list.py
[2.186s] -- Up-to-date: /home/offroad/radar_ws/install/radar_conti_ars408_msgs/lib/python3.8/site-packages/radar_conti_ars408_msgs/msg/_version_id.py
[2.186s] -- Up-to-date: /home/offroad/radar_ws/install/radar_conti_ars408_msgs/lib/python3.8/site-packages/radar_conti_ars408_msgs/msg/_radar_configuration.py
[2.186s] -- Up-to-date: /home/offroad/radar_ws/install/radar_conti_ars408_msgs/lib/python3.8/site-packages/radar_conti_ars408_msgs/msg/_cluster_s.c
[2.186s] -- Up-to-date: /home/offroad/radar_ws/install/radar_conti_ars408_msgs/lib/python3.8/site-packages/radar_conti_ars408_msgs/msg/_object_quality.py
[2.186s] -- Up-to-date: /home/offroad/radar_ws/install/radar_conti_ars408_msgs/lib/python3.8/site-packages/radar_conti_ars408_msgs/msg/_object_list_s.c
[2.187s] -- Up-to-date: /home/offroad/radar_ws/install/radar_conti_ars408_msgs/lib/python3.8/site-packages/radar_conti_ars408_msgs/msg/_cluster.py
[2.187s] -- Up-to-date: /home/offroad/radar_ws/install/radar_conti_ars408_msgs/lib/python3.8/site-packages/radar_conti_ars408_msgs/radar_conti_ars408_msgs_s__rosidl_typesupport_fastrtps_c.cpython-38-x86_64-linux-gnu.so
[2.188s] -- Up-to-date: /home/offroad/radar_ws/install/radar_conti_ars408_msgs/lib/python3.8/site-packages/radar_conti_ars408_msgs/radar_conti_ars408_msgs_s__rosidl_typesupport_introspection_c.cpython-38-x86_64-linux-gnu.so
[2.188s] -- Up-to-date: /home/offroad/radar_ws/install/radar_conti_ars408_msgs/lib/python3.8/site-packages/radar_conti_ars408_msgs/radar_conti_ars408_msgs_s__rosidl_typesupport_c.cpython-38-x86_64-linux-gnu.so
[2.189s] -- Up-to-date: /home/offroad/radar_ws/install/radar_conti_ars408_msgs/lib/libradar_conti_ars408_msgs__python.so
[2.189s] -- Up-to-date: /home/offroad/radar_ws/install/radar_conti_ars408_msgs/share/radar_conti_ars408_msgs/msg/ClusterGeneral.idl
[2.190s] -- Up-to-date: /home/offroad/radar_ws/install/radar_conti_ars408_msgs/share/radar_conti_ars408_msgs/msg/ClusterQuality.idl
[2.190s] -- Up-to-date: /home/offroad/radar_ws/install/radar_conti_ars408_msgs/share/radar_conti_ars408_msgs/msg/ClusterStatus.idl
[2.190s] -- Up-to-date: /home/offroad/radar_ws/install/radar_conti_ars408_msgs/share/radar_conti_ars408_msgs/msg/ObjectGeneral.idl
[2.190s] -- Up-to-date: /home/offroad/radar_ws/install/radar_conti_ars408_msgs/share/radar_conti_ars408_msgs/msg/ObjectExtended.idl
[2.191s] -- Up-to-date: /home/offroad/radar_ws/install/radar_conti_ars408_msgs/share/radar_conti_ars408_msgs/msg/ObjectQuality.idl
[2.191s] -- Up-to-date: /home/offroad/radar_ws/install/radar_conti_ars408_msgs/share/radar_conti_ars408_msgs/msg/ObjectStatus.idl
[2.191s] -- Up-to-date: /home/offroad/radar_ws/install/radar_conti_ars408_msgs/share/radar_conti_ars408_msgs/msg/RadarConfiguration.idl
[2.191s] -- Up-to-date: /home/offroad/radar_ws/install/radar_conti_ars408_msgs/share/radar_conti_ars408_msgs/msg/RadarState.idl
[2.191s] -- Up-to-date: /home/offroad/radar_ws/install/radar_conti_ars408_msgs/share/radar_conti_ars408_msgs/msg/VersionID.idl
[2.191s] -- Up-to-date: /home/offroad/radar_ws/install/radar_conti_ars408_msgs/share/radar_conti_ars408_msgs/msg/Cluster.idl
[2.192s] -- Up-to-date: /home/offroad/radar_ws/install/radar_conti_ars408_msgs/share/radar_conti_ars408_msgs/msg/Object.idl
[2.193s] -- Up-to-date: /home/offroad/radar_ws/install/radar_conti_ars408_msgs/share/radar_conti_ars408_msgs/msg/ClusterList.idl
[2.193s] -- Up-to-date: /home/offroad/radar_ws/install/radar_conti_ars408_msgs/share/radar_conti_ars408_msgs/msg/ObjectList.idl
[2.194s] -- Up-to-date: /home/offroad/radar_ws/install/radar_conti_ars408_msgs/share/radar_conti_ars408_msgs/msg/FilterStateCfg.idl
[2.194s] -- Up-to-date: /home/offroad/radar_ws/install/radar_conti_ars408_msgs/share/radar_conti_ars408_msgs/msg/FilterCfg.idl
[2.195s] -- Up-to-date: /home/offroad/radar_ws/install/radar_conti_ars408_msgs/share/radar_conti_ars408_msgs/msg/FilterStateHeader.idl
[2.195s] -- Up-to-date: /home/offroad/radar_ws/install/radar_conti_ars408_msgs/share/radar_conti_ars408_msgs/msg/ClusterGeneral.msg
[2.195s] -- Up-to-date: /home/offroad/radar_ws/install/radar_conti_ars408_msgs/share/radar_conti_ars408_msgs/msg/ClusterQuality.msg
[2.195s] -- Up-to-date: /home/offroad/radar_ws/install/radar_conti_ars408_msgs/share/radar_conti_ars408_msgs/msg/ClusterStatus.msg
[2.195s] -- Up-to-date: /home/offroad/radar_ws/install/radar_conti_ars408_msgs/share/radar_conti_ars408_msgs/msg/ObjectGeneral.msg
[2.195s] -- Up-to-date: /home/offroad/radar_ws/install/radar_conti_ars408_msgs/share/radar_conti_ars408_msgs/msg/ObjectExtended.msg
[2.195s] -- Up-to-date: /home/offroad/radar_ws/install/radar_conti_ars408_msgs/share/radar_conti_ars408_msgs/msg/ObjectQuality.msg
[2.195s] -- Up-to-date: /home/offroad/radar_ws/install/radar_conti_ars408_msgs/share/radar_conti_ars408_msgs/msg/ObjectStatus.msg
[2.196s] -- Up-to-date: /home/offroad/radar_ws/install/radar_conti_ars408_msgs/share/radar_conti_ars408_msgs/msg/RadarConfiguration.msg
[2.197s] -- Up-to-date: /home/offroad/radar_ws/install/radar_conti_ars408_msgs/share/radar_conti_ars408_msgs/msg/RadarState.msg
[2.198s] -- Up-to-date: /home/offroad/radar_ws/install/radar_conti_ars408_msgs/share/radar_conti_ars408_msgs/msg/VersionID.msg
[2.199s] -- Up-to-date: /home/offroad/radar_ws/install/radar_conti_ars408_msgs/share/radar_conti_ars408_msgs/msg/Cluster.msg
[2.205s] -- Up-to-date: /home/offroad/radar_ws/install/radar_conti_ars408_msgs/share/radar_conti_ars408_msgs/msg/Object.msg
[2.205s] -- Up-to-date: /home/offroad/radar_ws/install/radar_conti_ars408_msgs/share/radar_conti_ars408_msgs/msg/ClusterList.msg
[2.206s] -- Up-to-date: /home/offroad/radar_ws/install/radar_conti_ars408_msgs/share/radar_conti_ars408_msgs/msg/ObjectList.msg
[2.207s] -- Up-to-date: /home/offroad/radar_ws/install/radar_conti_ars408_msgs/share/radar_conti_ars408_msgs/msg/FilterStateCfg.msg
[2.208s] -- Up-to-date: /home/offroad/radar_ws/install/radar_conti_ars408_msgs/share/radar_conti_ars408_msgs/msg/FilterCfg.msg
[2.208s] -- Up-to-date: /home/offroad/radar_ws/install/radar_conti_ars408_msgs/share/radar_conti_ars408_msgs/msg/FilterStateHeader.msg
[2.209s] -- Up-to-date: /home/offroad/radar_ws/install/radar_conti_ars408_msgs/share/ament_index/resource_index/package_run_dependencies/radar_conti_ars408_msgs
[2.209s] -- Up-to-date: /home/offroad/radar_ws/install/radar_conti_ars408_msgs/share/ament_index/resource_index/parent_prefix_path/radar_conti_ars408_msgs
[2.209s] -- Up-to-date: /home/offroad/radar_ws/install/radar_conti_ars408_msgs/share/radar_conti_ars408_msgs/environment/ament_prefix_path.sh
[2.209s] -- Up-to-date: /home/offroad/radar_ws/install/radar_conti_ars408_msgs/share/radar_conti_ars408_msgs/environment/ament_prefix_path.dsv
[2.209s] -- Up-to-date: /home/offroad/radar_ws/install/radar_conti_ars408_msgs/share/radar_conti_ars408_msgs/environment/path.sh
[2.209s] -- Up-to-date: /home/offroad/radar_ws/install/radar_conti_ars408_msgs/share/radar_conti_ars408_msgs/environment/path.dsv
[2.210s] -- Up-to-date: /home/offroad/radar_ws/install/radar_conti_ars408_msgs/share/radar_conti_ars408_msgs/local_setup.bash
[2.212s] -- Up-to-date: /home/offroad/radar_ws/install/radar_conti_ars408_msgs/share/radar_conti_ars408_msgs/local_setup.sh
[2.213s] -- Up-to-date: /home/offroad/radar_ws/install/radar_conti_ars408_msgs/share/radar_conti_ars408_msgs/local_setup.zsh
[2.213s] -- Up-to-date: /home/offroad/radar_ws/install/radar_conti_ars408_msgs/share/radar_conti_ars408_msgs/local_setup.dsv
[2.213s] -- Installing: /home/offroad/radar_ws/install/radar_conti_ars408_msgs/share/radar_conti_ars408_msgs/package.dsv
[2.217s] -- Up-to-date: /home/offroad/radar_ws/install/radar_conti_ars408_msgs/share/ament_index/resource_index/packages/radar_conti_ars408_msgs
[2.217s] -- Up-to-date: /home/offroad/radar_ws/install/radar_conti_ars408_msgs/share/radar_conti_ars408_msgs/cmake/radar_conti_ars408_msgs__rosidl_generator_cExport.cmake
[2.220s] -- Up-to-date: /home/offroad/radar_ws/install/radar_conti_ars408_msgs/share/radar_conti_ars408_msgs/cmake/radar_conti_ars408_msgs__rosidl_generator_cExport-noconfig.cmake
[2.220s] -- Up-to-date: /home/offroad/radar_ws/install/radar_conti_ars408_msgs/share/radar_conti_ars408_msgs/cmake/radar_conti_ars408_msgs__rosidl_typesupport_introspection_cExport.cmake
[2.221s] -- Up-to-date: /home/offroad/radar_ws/install/radar_conti_ars408_msgs/share/radar_conti_ars408_msgs/cmake/radar_conti_ars408_msgs__rosidl_typesupport_introspection_cExport-noconfig.cmake
[2.223s] -- Up-to-date: /home/offroad/radar_ws/install/radar_conti_ars408_msgs/share/radar_conti_ars408_msgs/cmake/radar_conti_ars408_msgs__rosidl_typesupport_cExport.cmake
[2.224s] -- Up-to-date: /home/offroad/radar_ws/install/radar_conti_ars408_msgs/share/radar_conti_ars408_msgs/cmake/radar_conti_ars408_msgs__rosidl_typesupport_cExport-noconfig.cmake
[2.224s] -- Up-to-date: /home/offroad/radar_ws/install/radar_conti_ars408_msgs/share/radar_conti_ars408_msgs/cmake/radar_conti_ars408_msgs__rosidl_generator_cppExport.cmake
[2.224s] -- Up-to-date: /home/offroad/radar_ws/install/radar_conti_ars408_msgs/share/radar_conti_ars408_msgs/cmake/radar_conti_ars408_msgs__rosidl_typesupport_introspection_cppExport.cmake
[2.225s] -- Up-to-date: /home/offroad/radar_ws/install/radar_conti_ars408_msgs/share/radar_conti_ars408_msgs/cmake/radar_conti_ars408_msgs__rosidl_typesupport_introspection_cppExport-noconfig.cmake
[2.226s] -- Up-to-date: /home/offroad/radar_ws/install/radar_conti_ars408_msgs/share/radar_conti_ars408_msgs/cmake/radar_conti_ars408_msgs__rosidl_typesupport_cppExport.cmake
[2.230s] -- Up-to-date: /home/offroad/radar_ws/install/radar_conti_ars408_msgs/share/radar_conti_ars408_msgs/cmake/radar_conti_ars408_msgs__rosidl_typesupport_cppExport-noconfig.cmake
[2.231s] -- Up-to-date: /home/offroad/radar_ws/install/radar_conti_ars408_msgs/share/radar_conti_ars408_msgs/cmake/rosidl_cmake-extras.cmake
[2.232s] -- Up-to-date: /home/offroad/radar_ws/install/radar_conti_ars408_msgs/share/radar_conti_ars408_msgs/cmake/ament_cmake_export_dependencies-extras.cmake
[2.233s] -- Up-to-date: /home/offroad/radar_ws/install/radar_conti_ars408_msgs/share/radar_conti_ars408_msgs/cmake/ament_cmake_export_libraries-extras.cmake
[2.234s] -- Up-to-date: /home/offroad/radar_ws/install/radar_conti_ars408_msgs/share/radar_conti_ars408_msgs/cmake/ament_cmake_export_targets-extras.cmake
[2.236s] -- Up-to-date: /home/offroad/radar_ws/install/radar_conti_ars408_msgs/share/radar_conti_ars408_msgs/cmake/ament_cmake_export_include_directories-extras.cmake
[2.237s] -- Up-to-date: /home/offroad/radar_ws/install/radar_conti_ars408_msgs/share/radar_conti_ars408_msgs/cmake/rosidl_cmake_export_typesupport_libraries-extras.cmake
[2.237s] -- Up-to-date: /home/offroad/radar_ws/install/radar_conti_ars408_msgs/share/radar_conti_ars408_msgs/cmake/rosidl_cmake_export_typesupport_targets-extras.cmake
[2.239s] -- Up-to-date: /home/offroad/radar_ws/install/radar_conti_ars408_msgs/share/radar_conti_ars408_msgs/cmake/radar_conti_ars408_msgsConfig.cmake
[2.242s] -- Up-to-date: /home/offroad/radar_ws/install/radar_conti_ars408_msgs/share/radar_conti_ars408_msgs/cmake/radar_conti_ars408_msgsConfig-version.cmake
[2.245s] -- Up-to-date: /home/offroad/radar_ws/install/radar_conti_ars408_msgs/share/radar_conti_ars408_msgs/package.xml
[2.245s] Invoked command in '/home/offroad/radar_ws/build/radar_conti_ars408_msgs' returned '0': CMAKE_PREFIX_PATH=${CMAKE_PREFIX_PATH}:/opt/ros/foxy /usr/bin/cmake --install /home/offroad/radar_ws/build/radar_conti_ars408_msgs
