[0.012s] Invoking command in '/home/offroad/radar_ws/build/radar_conti_ars408': CMAKE_PREFIX_PATH=/home/offroad/radar_ws/install/ros2socketcan_bridge:/home/offroad/radar_ws/install/radar_conti_ars408_msgs:/home/offroad/radar_ws/install/can_msgs:/home/offroad/radar_ws/install/radar_conti_ars408:/opt/ros/foxy LD_LIBRARY_PATH=/home/offroad/radar_ws/install/radar_conti_ars408_msgs/lib:/home/offroad/radar_ws/install/can_msgs/lib:/home/offroad/radar_ws/install/radar_conti_ars408/lib:/usr/lib/x86_64-linux-gnu/gazebo-11/plugins:/opt/ros/foxy/opt/yaml_cpp_vendor/lib:/opt/ros/foxy/opt/rviz_ogre_vendor/lib:/opt/ros/foxy/lib/x86_64-linux-gnu:/opt/ros/foxy/lib /usr/bin/cmake --build /home/offroad/radar_ws/build/radar_conti_ars408 -- -j12 -l12
[0.052s] [35m[1mScanning dependencies of target radar_conti_ars408_component[0m
[0.085s] [ 25%] [32mBuilding CXX object CMakeFiles/radar_conti_ars408_component.dir/src/radar_conti_ars408_component.cpp.o[0m
[0.127s] In file included from [01m[K/home/offroad/radar_ws/src/radar_conti_ars408/src/src/../include/radar_conti_ars408_component.hpp:24[m[K,
[0.127s]                  from [01m[K/home/offroad/radar_ws/src/radar_conti_ars408/src/src/radar_conti_ars408_component.cpp:14[m[K:
[0.127s] [01m[K/home/offroad/radar_ws/src/radar_conti_ars408/src/src/../include/visibility_control.h:43:[m[K [01;35m[Kwarning: [m[K"RADAR_CONTI_ARS408_RADAR_CONTI_ARS408" redefined
[0.128s]    43 |   #define RADAR_CONTI_ARS408_RADAR_CONTI_ARS408
[0.128s]       | 
[0.128s] [01m[K/home/offroad/radar_ws/src/radar_conti_ars408/src/src/../include/visibility_control.h:42:[m[K [01;36m[Knote: [m[Kthis is the location of the previous definition
[0.128s]    42 |   #define RADAR_CONTI_ARS408_RADAR_CONTI_ARS408 __attribute__ ((visibility("default")))
[0.128s]       | 
[1.985s] [01m[K/home/offroad/radar_ws/src/radar_conti_ars408/src/src/radar_conti_ars408_component.cpp:[m[K In member function ‘[01m[Kvirtual rclcpp_lifecycle::node_interfaces::LifecycleNodeInterface::CallbackReturn FHAC::radar_conti_ars408::on_shutdown(const rclcpp_lifecycle::State&)[m[K’:
[1.985s] [01m[K/home/offroad/radar_ws/src/radar_conti_ars408/src/src/radar_conti_ars408_component.cpp:68:34:[m[K [01;35m[Kwarning: [m[Kunused parameter ‘[01m[Kprevious_state[m[K’ [[01;35m[K-Wunused-parameter[m[K]
[1.985s]    68 |   [01;35m[Kconst rclcpp_lifecycle::State& previous_state[m[K)
[1.985s]       |   [01;35m[K~~~~~~~~~~~~~~~~~~~~~~~~~~~~~~~^~~~~~~~~~~~~~[m[K
[1.985s] [01m[K/home/offroad/radar_ws/src/radar_conti_ars408/src/src/radar_conti_ars408_component.cpp:[m[K In member function ‘[01m[Kvirtual rclcpp_lifecycle::node_interfaces::LifecycleNodeInterface::CallbackReturn FHAC::radar_conti_ars408::on_error(const rclcpp_lifecycle::State&)[m[K’:
[1.985s] [01m[K/home/offroad/radar_ws/src/radar_conti_ars408/src/src/radar_conti_ars408_component.cpp:76:36:[m[K [01;35m[Kwarning: [m[Kunused parameter ‘[01m[Kprevious_state[m[K’ [[01;35m[K-Wunused-parameter[m[K]
[1.986s]    76 |     [01;35m[Kconst rclcpp_lifecycle::State& previous_state[m[K)
[1.986s]       |     [01;35m[K~~~~~~~~~~~~~~~~~~~~~~~~~~~~~~~^~~~~~~~~~~~~~[m[K
[2.028s] [01m[K/home/offroad/radar_ws/src/radar_conti_ars408/src/src/radar_conti_ars408_component.cpp:[m[K In member function ‘[01m[Kvoid FHAC::radar_conti_ars408::publish_object_map()[m[K’:
[2.028s] [01m[K/home/offroad/radar_ws/src/radar_conti_ars408/src/src/radar_conti_ars408_component.cpp:423:111:[m[K [01;31m[Kerror: [m[Kexpected ‘[01m[K;[m[K’ before ‘[01m[Kmarker_array[m[K’
[2.028s]   423 | std::to_string(itr->second.object_general.obj_vrellat.data) + "m/s" + " \n"
[2.028s]       |                                                                            [01;31m[K^[m[K
[2.029s]       |                                                                            [32m[K;[m[K
[2.029s] ......
[2.029s]   430 | rkers.push_back(mtext);
[2.029s]       |                                                                             
[2.029s] 
[3.490s] make[2]: *** [CMakeFiles/radar_conti_ars408_component.dir/build.make:63: CMakeFiles/radar_conti_ars408_component.dir/src/radar_conti_ars408_component.cpp.o] Error 1
[3.491s] make[1]: *** [CMakeFiles/Makefile2:107: CMakeFiles/radar_conti_ars408_component.dir/all] Error 2
[3.491s] make: *** [Makefile:141: all] Error 2
[3.493s] Invoked command in '/home/offroad/radar_ws/build/radar_conti_ars408' returned '2': CMAKE_PREFIX_PATH=/home/offroad/radar_ws/install/ros2socketcan_bridge:/home/offroad/radar_ws/install/radar_conti_ars408_msgs:/home/offroad/radar_ws/install/can_msgs:/home/offroad/radar_ws/install/radar_conti_ars408:/opt/ros/foxy LD_LIBRARY_PATH=/home/offroad/radar_ws/install/radar_conti_ars408_msgs/lib:/home/offroad/radar_ws/install/can_msgs/lib:/home/offroad/radar_ws/install/radar_conti_ars408/lib:/usr/lib/x86_64-linux-gnu/gazebo-11/plugins:/opt/ros/foxy/opt/yaml_cpp_vendor/lib:/opt/ros/foxy/opt/rviz_ogre_vendor/lib:/opt/ros/foxy/lib/x86_64-linux-gnu:/opt/ros/foxy/lib /usr/bin/cmake --build /home/offroad/radar_ws/build/radar_conti_ars408 -- -j12 -l12
