[0.039s] Invoking command in '/home/offroad/radar_ws/src/build/can_msgs': CMAKE_PREFIX_PATH=${CMAKE_PREFIX_PATH}:/opt/ros/foxy /usr/bin/cmake --build /home/offroad/radar_ws/src/build/can_msgs -- -j12 -l12
[0.152s] [  9%] Built target can_msgs__cpp
[0.152s] [ 12%] Built target can_msgs__rosidl_generator_c
[0.215s] [ 25%] Built target can_msgs__rosidl_typesupport_cpp
[0.220s] [ 32%] Built target can_msgs__rosidl_typesupport_c
[0.221s] [ 45%] Built target can_msgs__rosidl_typesupport_introspection_cpp
[0.221s] [ 51%] Built target can_msgs__rosidl_typesupport_introspection_c
[0.229s] [ 61%] Built target can_msgs__rosidl_typesupport_fastrtps_cpp
[0.312s] [ 70%] Built target can_msgs__rosidl_typesupport_fastrtps_c
[0.376s] [ 70%] Built target can_msgs
[0.455s] [ 74%] Built target can_msgs__py
[0.565s] [ 80%] Built target can_msgs__python
[0.666s] [ 93%] Built target can_msgs__rosidl_typesupport_fastrtps_c__pyext
[0.666s] [ 93%] Built target can_msgs__rosidl_typesupport_c__pyext
[0.688s] [100%] Built target can_msgs__rosidl_typesupport_introspection_c__pyext
[0.738s] Invoked command in '/home/offroad/radar_ws/src/build/can_msgs' returned '0': CMAKE_PREFIX_PATH=${CMAKE_PREFIX_PATH}:/opt/ros/foxy /usr/bin/cmake --build /home/offroad/radar_ws/src/build/can_msgs -- -j12 -l12
[0.997s] Invoking command in '/home/offroad/radar_ws/src/build/can_msgs': CMAKE_PREFIX_PATH=${CMAKE_PREFIX_PATH}:/opt/ros/foxy /usr/bin/cmake --install /home/offroad/radar_ws/src/build/can_msgs
[1.015s] -- Install configuration: ""
[1.015s] -- Up-to-date: /home/offroad/radar_ws/src/install/can_msgs/share/ament_index/resource_index/rosidl_interfaces/can_msgs
[1.015s] -- Up-to-date: /home/offroad/radar_ws/src/install/can_msgs/include/can_msgs
[1.016s] -- Up-to-date: /home/offroad/radar_ws/src/install/can_msgs/include/can_msgs/msg
[1.017s] -- Up-to-date: /home/offroad/radar_ws/src/install/can_msgs/include/can_msgs/msg/detail
[1.020s] -- Up-to-date: /home/offroad/radar_ws/src/install/can_msgs/include/can_msgs/msg/detail/frame__functions.h
[1.021s] -- Up-to-date: /home/offroad/radar_ws/src/install/can_msgs/include/can_msgs/msg/detail/frame__struct.h
[1.021s] -- Up-to-date: /home/offroad/radar_ws/src/install/can_msgs/include/can_msgs/msg/detail/frame__functions.c
[1.021s] -- Up-to-date: /home/offroad/radar_ws/src/install/can_msgs/include/can_msgs/msg/detail/frame__type_support.h
[1.021s] -- Up-to-date: /home/offroad/radar_ws/src/install/can_msgs/include/can_msgs/msg/rosidl_generator_c__visibility_control.h
[1.021s] -- Up-to-date: /home/offroad/radar_ws/src/install/can_msgs/include/can_msgs/msg/frame.h
[1.021s] -- Up-to-date: /home/offroad/radar_ws/src/install/can_msgs/share/can_msgs/environment/library_path.sh
[1.021s] -- Up-to-date: /home/offroad/radar_ws/src/install/can_msgs/share/can_msgs/environment/library_path.dsv
[1.022s] -- Up-to-date: /home/offroad/radar_ws/src/install/can_msgs/lib/libcan_msgs__rosidl_generator_c.so
[1.022s] -- Up-to-date: /home/offroad/radar_ws/src/install/can_msgs/include/can_msgs
[1.023s] -- Up-to-date: /home/offroad/radar_ws/src/install/can_msgs/include/can_msgs/msg
[1.023s] -- Up-to-date: /home/offroad/radar_ws/src/install/can_msgs/include/can_msgs/msg/detail
[1.023s] -- Up-to-date: /home/offroad/radar_ws/src/install/can_msgs/include/can_msgs/msg/detail/frame__rosidl_typesupport_fastrtps_c.h
[1.024s] -- Up-to-date: /home/offroad/radar_ws/src/install/can_msgs/include/can_msgs/msg/rosidl_typesupport_fastrtps_c__visibility_control.h
[1.024s] -- Up-to-date: /home/offroad/radar_ws/src/install/can_msgs/lib/libcan_msgs__rosidl_typesupport_fastrtps_c.so
[1.024s] -- Up-to-date: /home/offroad/radar_ws/src/install/can_msgs/include/can_msgs
[1.024s] -- Up-to-date: /home/offroad/radar_ws/src/install/can_msgs/include/can_msgs/msg
[1.024s] -- Up-to-date: /home/offroad/radar_ws/src/install/can_msgs/include/can_msgs/msg/detail
[1.024s] -- Up-to-date: /home/offroad/radar_ws/src/install/can_msgs/include/can_msgs/msg/detail/dds_fastrtps
[1.025s] -- Up-to-date: /home/offroad/radar_ws/src/install/can_msgs/include/can_msgs/msg/detail/frame__rosidl_typesupport_fastrtps_cpp.hpp
[1.025s] -- Up-to-date: /home/offroad/radar_ws/src/install/can_msgs/include/can_msgs/msg/rosidl_typesupport_fastrtps_cpp__visibility_control.h
[1.025s] -- Up-to-date: /home/offroad/radar_ws/src/install/can_msgs/lib/libcan_msgs__rosidl_typesupport_fastrtps_cpp.so
[1.025s] -- Up-to-date: /home/offroad/radar_ws/src/install/can_msgs/include/can_msgs
[1.025s] -- Up-to-date: /home/offroad/radar_ws/src/install/can_msgs/include/can_msgs/msg
[1.026s] -- Up-to-date: /home/offroad/radar_ws/src/install/can_msgs/include/can_msgs/msg/detail
[1.026s] -- Up-to-date: /home/offroad/radar_ws/src/install/can_msgs/include/can_msgs/msg/detail/frame__rosidl_typesupport_introspection_c.h
[1.026s] -- Up-to-date: /home/offroad/radar_ws/src/install/can_msgs/include/can_msgs/msg/detail/frame__type_support.c
[1.026s] -- Up-to-date: /home/offroad/radar_ws/src/install/can_msgs/include/can_msgs/msg/rosidl_typesupport_introspection_c__visibility_control.h
[1.026s] -- Up-to-date: /home/offroad/radar_ws/src/install/can_msgs/lib/libcan_msgs__rosidl_typesupport_introspection_c.so
[1.026s] -- Up-to-date: /home/offroad/radar_ws/src/install/can_msgs/lib/libcan_msgs__rosidl_typesupport_c.so
[1.027s] -- Up-to-date: /home/offroad/radar_ws/src/install/can_msgs/include/can_msgs
[1.027s] -- Up-to-date: /home/offroad/radar_ws/src/install/can_msgs/include/can_msgs/msg
[1.027s] -- Up-to-date: /home/offroad/radar_ws/src/install/can_msgs/include/can_msgs/msg/detail
[1.027s] -- Up-to-date: /home/offroad/radar_ws/src/install/can_msgs/include/can_msgs/msg/detail/frame__builder.hpp
[1.027s] -- Up-to-date: /home/offroad/radar_ws/src/install/can_msgs/include/can_msgs/msg/detail/frame__traits.hpp
[1.027s] -- Up-to-date: /home/offroad/radar_ws/src/install/can_msgs/include/can_msgs/msg/detail/frame__struct.hpp
[1.027s] -- Up-to-date: /home/offroad/radar_ws/src/install/can_msgs/include/can_msgs/msg/frame.hpp
[1.027s] -- Up-to-date: /home/offroad/radar_ws/src/install/can_msgs/include/can_msgs
[1.027s] -- Up-to-date: /home/offroad/radar_ws/src/install/can_msgs/include/can_msgs/msg
[1.027s] -- Up-to-date: /home/offroad/radar_ws/src/install/can_msgs/include/can_msgs/msg/detail
[1.028s] -- Up-to-date: /home/offroad/radar_ws/src/install/can_msgs/include/can_msgs/msg/detail/frame__type_support.cpp
[1.028s] -- Up-to-date: /home/offroad/radar_ws/src/install/can_msgs/include/can_msgs/msg/detail/frame__rosidl_typesupport_introspection_cpp.hpp
[1.028s] -- Up-to-date: /home/offroad/radar_ws/src/install/can_msgs/lib/libcan_msgs__rosidl_typesupport_introspection_cpp.so
[1.028s] -- Up-to-date: /home/offroad/radar_ws/src/install/can_msgs/lib/libcan_msgs__rosidl_typesupport_cpp.so
[1.028s] -- Up-to-date: /home/offroad/radar_ws/src/install/can_msgs/share/can_msgs/environment/pythonpath.sh
[1.028s] -- Up-to-date: /home/offroad/radar_ws/src/install/can_msgs/share/can_msgs/environment/pythonpath.dsv
[1.028s] -- Up-to-date: /home/offroad/radar_ws/src/install/can_msgs/lib/python3.8/site-packages/can_msgs/__init__.py
[1.120s] -- Up-to-date: /home/offroad/radar_ws/src/install/can_msgs/lib/python3.8/site-packages/can_msgs/msg
[1.120s] -- Up-to-date: /home/offroad/radar_ws/src/install/can_msgs/lib/python3.8/site-packages/can_msgs/msg/__init__.py
[1.121s] -- Up-to-date: /home/offroad/radar_ws/src/install/can_msgs/lib/python3.8/site-packages/can_msgs/msg/_frame.py
[1.123s] -- Up-to-date: /home/offroad/radar_ws/src/install/can_msgs/lib/python3.8/site-packages/can_msgs/msg/_frame_s.c
[1.124s] -- Up-to-date: /home/offroad/radar_ws/src/install/can_msgs/lib/python3.8/site-packages/can_msgs/can_msgs_s__rosidl_typesupport_fastrtps_c.cpython-38-x86_64-linux-gnu.so
[1.125s] -- Up-to-date: /home/offroad/radar_ws/src/install/can_msgs/lib/python3.8/site-packages/can_msgs/can_msgs_s__rosidl_typesupport_introspection_c.cpython-38-x86_64-linux-gnu.so
[1.126s] -- Up-to-date: /home/offroad/radar_ws/src/install/can_msgs/lib/python3.8/site-packages/can_msgs/can_msgs_s__rosidl_typesupport_c.cpython-38-x86_64-linux-gnu.so
[1.127s] -- Up-to-date: /home/offroad/radar_ws/src/install/can_msgs/lib/libcan_msgs__python.so
[1.128s] -- Up-to-date: /home/offroad/radar_ws/src/install/can_msgs/share/can_msgs/msg/Frame.idl
[1.129s] -- Up-to-date: /home/offroad/radar_ws/src/install/can_msgs/share/can_msgs/msg/Frame.msg
[1.129s] -- Up-to-date: /home/offroad/radar_ws/src/install/can_msgs/share/ament_index/resource_index/package_run_dependencies/can_msgs
[1.129s] -- Up-to-date: /home/offroad/radar_ws/src/install/can_msgs/share/ament_index/resource_index/parent_prefix_path/can_msgs
[1.129s] -- Up-to-date: /home/offroad/radar_ws/src/install/can_msgs/share/can_msgs/environment/ament_prefix_path.sh
[1.130s] -- Up-to-date: /home/offroad/radar_ws/src/install/can_msgs/share/can_msgs/environment/ament_prefix_path.dsv
[1.130s] -- Up-to-date: /home/offroad/radar_ws/src/install/can_msgs/share/can_msgs/environment/path.sh
[1.130s] -- Up-to-date: /home/offroad/radar_ws/src/install/can_msgs/share/can_msgs/environment/path.dsv
[1.130s] -- Up-to-date: /home/offroad/radar_ws/src/install/can_msgs/share/can_msgs/local_setup.bash
[1.130s] -- Up-to-date: /home/offroad/radar_ws/src/install/can_msgs/share/can_msgs/local_setup.sh
[1.130s] -- Up-to-date: /home/offroad/radar_ws/src/install/can_msgs/share/can_msgs/local_setup.zsh
[1.130s] -- Up-to-date: /home/offroad/radar_ws/src/install/can_msgs/share/can_msgs/local_setup.dsv
[1.130s] -- Installing: /home/offroad/radar_ws/src/install/can_msgs/share/can_msgs/package.dsv
[1.130s] -- Up-to-date: /home/offroad/radar_ws/src/install/can_msgs/share/ament_index/resource_index/packages/can_msgs
[1.131s] -- Up-to-date: /home/offroad/radar_ws/src/install/can_msgs/share/can_msgs/cmake/can_msgs__rosidl_generator_cExport.cmake
[1.131s] -- Up-to-date: /home/offroad/radar_ws/src/install/can_msgs/share/can_msgs/cmake/can_msgs__rosidl_generator_cExport-noconfig.cmake
[1.131s] -- Up-to-date: /home/offroad/radar_ws/src/install/can_msgs/share/can_msgs/cmake/can_msgs__rosidl_typesupport_introspection_cExport.cmake
[1.131s] -- Up-to-date: /home/offroad/radar_ws/src/install/can_msgs/share/can_msgs/cmake/can_msgs__rosidl_typesupport_introspection_cExport-noconfig.cmake
[1.131s] -- Up-to-date: /home/offroad/radar_ws/src/install/can_msgs/share/can_msgs/cmake/can_msgs__rosidl_typesupport_cExport.cmake
[1.131s] -- Up-to-date: /home/offroad/radar_ws/src/install/can_msgs/share/can_msgs/cmake/can_msgs__rosidl_typesupport_cExport-noconfig.cmake
[1.131s] -- Up-to-date: /home/offroad/radar_ws/src/install/can_msgs/share/can_msgs/cmake/can_msgs__rosidl_generator_cppExport.cmake
[1.132s] -- Up-to-date: /home/offroad/radar_ws/src/install/can_msgs/share/can_msgs/cmake/can_msgs__rosidl_typesupport_introspection_cppExport.cmake
[1.136s] -- Up-to-date: /home/offroad/radar_ws/src/install/can_msgs/share/can_msgs/cmake/can_msgs__rosidl_typesupport_introspection_cppExport-noconfig.cmake
[1.140s] -- Up-to-date: /home/offroad/radar_ws/src/install/can_msgs/share/can_msgs/cmake/can_msgs__rosidl_typesupport_cppExport.cmake
[1.141s] -- Up-to-date: /home/offroad/radar_ws/src/install/can_msgs/share/can_msgs/cmake/can_msgs__rosidl_typesupport_cppExport-noconfig.cmake
[1.142s] -- Up-to-date: /home/offroad/radar_ws/src/install/can_msgs/share/can_msgs/cmake/rosidl_cmake-extras.cmake
[1.143s] -- Up-to-date: /home/offroad/radar_ws/src/install/can_msgs/share/can_msgs/cmake/ament_cmake_export_dependencies-extras.cmake
[1.144s] -- Up-to-date: /home/offroad/radar_ws/src/install/can_msgs/share/can_msgs/cmake/ament_cmake_export_libraries-extras.cmake
[1.145s] -- Up-to-date: /home/offroad/radar_ws/src/install/can_msgs/share/can_msgs/cmake/ament_cmake_export_targets-extras.cmake
[1.145s] -- Up-to-date: /home/offroad/radar_ws/src/install/can_msgs/share/can_msgs/cmake/ament_cmake_export_include_directories-extras.cmake
[1.146s] -- Up-to-date: /home/offroad/radar_ws/src/install/can_msgs/share/can_msgs/cmake/rosidl_cmake_export_typesupport_libraries-extras.cmake
[1.146s] -- Up-to-date: /home/offroad/radar_ws/src/install/can_msgs/share/can_msgs/cmake/rosidl_cmake_export_typesupport_targets-extras.cmake
[1.147s] -- Up-to-date: /home/offroad/radar_ws/src/install/can_msgs/share/can_msgs/cmake/can_msgsConfig.cmake
[1.148s] -- Up-to-date: /home/offroad/radar_ws/src/install/can_msgs/share/can_msgs/cmake/can_msgsConfig-version.cmake
[1.149s] -- Up-to-date: /home/offroad/radar_ws/src/install/can_msgs/share/can_msgs/package.xml
[1.149s] Invoked command in '/home/offroad/radar_ws/src/build/can_msgs' returned '0': CMAKE_PREFIX_PATH=${CMAKE_PREFIX_PATH}:/opt/ros/foxy /usr/bin/cmake --install /home/offroad/radar_ws/src/build/can_msgs
