[0.019s] Invoking command in '/home/offroad/radar_ws/build/can_msgs': CMAKE_PREFIX_PATH=/opt/ros/foxy /usr/bin/cmake --build /home/offroad/radar_ws/build/can_msgs -- -j12 -l12
[0.172s] [  3%] Built target can_msgs__cpp
[0.174s] [ 12%] Built target can_msgs__rosidl_generator_c
[0.197s] [ 22%] Built target can_msgs__rosidl_typesupport_cpp
[0.202s] [ 32%] Built target can_msgs__rosidl_typesupport_introspection_cpp
[0.205s] [ 51%] Built target can_msgs__rosidl_typesupport_introspection_c
[0.206s] [ 51%] Built target can_msgs__rosidl_typesupport_c
[0.207s] [ 61%] Built target can_msgs__rosidl_typesupport_fastrtps_cpp
[0.231s] [ 70%] Built target can_msgs__rosidl_typesupport_fastrtps_c
[0.247s] [ 70%] Built target can_msgs
[0.264s] [ 74%] Built target can_msgs__py
[0.286s] [ 80%] Built target can_msgs__python
[0.309s] [100%] Built target can_msgs__rosidl_typesupport_introspection_c__pyext
[0.309s] [100%] Built target can_msgs__rosidl_typesupport_c__pyext
[0.309s] [100%] Built target can_msgs__rosidl_typesupport_fastrtps_c__pyext
[0.319s] Invoked command in '/home/offroad/radar_ws/build/can_msgs' returned '0': CMAKE_PREFIX_PATH=/opt/ros/foxy /usr/bin/cmake --build /home/offroad/radar_ws/build/can_msgs -- -j12 -l12
[0.368s] Invoking command in '/home/offroad/radar_ws/build/can_msgs': CMAKE_PREFIX_PATH=/opt/ros/foxy /usr/bin/cmake --install /home/offroad/radar_ws/build/can_msgs
[0.376s] -- Install configuration: ""
[0.376s] -- Up-to-date: /home/offroad/radar_ws/install/can_msgs/share/ament_index/resource_index/rosidl_interfaces/can_msgs
[0.376s] -- Up-to-date: /home/offroad/radar_ws/install/can_msgs/include/can_msgs
[0.377s] -- Up-to-date: /home/offroad/radar_ws/install/can_msgs/include/can_msgs/msg
[0.377s] -- Up-to-date: /home/offroad/radar_ws/install/can_msgs/include/can_msgs/msg/detail
[0.377s] -- Up-to-date: /home/offroad/radar_ws/install/can_msgs/include/can_msgs/msg/detail/frame__functions.h
[0.377s] -- Up-to-date: /home/offroad/radar_ws/install/can_msgs/include/can_msgs/msg/detail/frame__struct.h
[0.377s] -- Up-to-date: /home/offroad/radar_ws/install/can_msgs/include/can_msgs/msg/detail/frame__functions.c
[0.377s] -- Up-to-date: /home/offroad/radar_ws/install/can_msgs/include/can_msgs/msg/detail/frame__type_support.h
[0.377s] -- Up-to-date: /home/offroad/radar_ws/install/can_msgs/include/can_msgs/msg/rosidl_generator_c__visibility_control.h
[0.377s] -- Up-to-date: /home/offroad/radar_ws/install/can_msgs/include/can_msgs/msg/frame.h
[0.377s] -- Up-to-date: /home/offroad/radar_ws/install/can_msgs/share/can_msgs/environment/library_path.sh
[0.378s] -- Up-to-date: /home/offroad/radar_ws/install/can_msgs/share/can_msgs/environment/library_path.dsv
[0.378s] -- Up-to-date: /home/offroad/radar_ws/install/can_msgs/lib/libcan_msgs__rosidl_generator_c.so
[0.378s] -- Up-to-date: /home/offroad/radar_ws/install/can_msgs/include/can_msgs
[0.378s] -- Up-to-date: /home/offroad/radar_ws/install/can_msgs/include/can_msgs/msg
[0.378s] -- Up-to-date: /home/offroad/radar_ws/install/can_msgs/include/can_msgs/msg/detail
[0.378s] -- Up-to-date: /home/offroad/radar_ws/install/can_msgs/include/can_msgs/msg/detail/frame__rosidl_typesupport_fastrtps_c.h
[0.378s] -- Up-to-date: /home/offroad/radar_ws/install/can_msgs/include/can_msgs/msg/rosidl_typesupport_fastrtps_c__visibility_control.h
[0.378s] -- Up-to-date: /home/offroad/radar_ws/install/can_msgs/lib/libcan_msgs__rosidl_typesupport_fastrtps_c.so
[0.378s] -- Up-to-date: /home/offroad/radar_ws/install/can_msgs/include/can_msgs
[0.378s] -- Up-to-date: /home/offroad/radar_ws/install/can_msgs/include/can_msgs/msg
[0.378s] -- Up-to-date: /home/offroad/radar_ws/install/can_msgs/include/can_msgs/msg/detail
[0.379s] -- Up-to-date: /home/offroad/radar_ws/install/can_msgs/include/can_msgs/msg/detail/dds_fastrtps
[0.379s] -- Up-to-date: /home/offroad/radar_ws/install/can_msgs/include/can_msgs/msg/detail/frame__rosidl_typesupport_fastrtps_cpp.hpp
[0.379s] -- Up-to-date: /home/offroad/radar_ws/install/can_msgs/include/can_msgs/msg/rosidl_typesupport_fastrtps_cpp__visibility_control.h
[0.379s] -- Up-to-date: /home/offroad/radar_ws/install/can_msgs/lib/libcan_msgs__rosidl_typesupport_fastrtps_cpp.so
[0.379s] -- Up-to-date: /home/offroad/radar_ws/install/can_msgs/include/can_msgs
[0.379s] -- Up-to-date: /home/offroad/radar_ws/install/can_msgs/include/can_msgs/msg
[0.379s] -- Up-to-date: /home/offroad/radar_ws/install/can_msgs/include/can_msgs/msg/detail
[0.379s] -- Up-to-date: /home/offroad/radar_ws/install/can_msgs/include/can_msgs/msg/detail/frame__rosidl_typesupport_introspection_c.h
[0.379s] -- Up-to-date: /home/offroad/radar_ws/install/can_msgs/include/can_msgs/msg/detail/frame__type_support.c
[0.380s] -- Up-to-date: /home/offroad/radar_ws/install/can_msgs/include/can_msgs/msg/rosidl_typesupport_introspection_c__visibility_control.h
[0.380s] -- Up-to-date: /home/offroad/radar_ws/install/can_msgs/lib/libcan_msgs__rosidl_typesupport_introspection_c.so
[0.380s] -- Up-to-date: /home/offroad/radar_ws/install/can_msgs/lib/libcan_msgs__rosidl_typesupport_c.so
[0.380s] -- Up-to-date: /home/offroad/radar_ws/install/can_msgs/include/can_msgs
[0.380s] -- Up-to-date: /home/offroad/radar_ws/install/can_msgs/include/can_msgs/msg
[0.381s] -- Up-to-date: /home/offroad/radar_ws/install/can_msgs/include/can_msgs/msg/detail
[0.381s] -- Up-to-date: /home/offroad/radar_ws/install/can_msgs/include/can_msgs/msg/detail/frame__builder.hpp
[0.381s] -- Up-to-date: /home/offroad/radar_ws/install/can_msgs/include/can_msgs/msg/detail/frame__traits.hpp
[0.381s] -- Up-to-date: /home/offroad/radar_ws/install/can_msgs/include/can_msgs/msg/detail/frame__struct.hpp
[0.381s] -- Up-to-date: /home/offroad/radar_ws/install/can_msgs/include/can_msgs/msg/frame.hpp
[0.381s] -- Up-to-date: /home/offroad/radar_ws/install/can_msgs/include/can_msgs
[0.381s] -- Up-to-date: /home/offroad/radar_ws/install/can_msgs/include/can_msgs/msg
[0.381s] -- Up-to-date: /home/offroad/radar_ws/install/can_msgs/include/can_msgs/msg/detail
[0.381s] -- Up-to-date: /home/offroad/radar_ws/install/can_msgs/include/can_msgs/msg/detail/frame__type_support.cpp
[0.381s] -- Up-to-date: /home/offroad/radar_ws/install/can_msgs/include/can_msgs/msg/detail/frame__rosidl_typesupport_introspection_cpp.hpp
[0.381s] -- Up-to-date: /home/offroad/radar_ws/install/can_msgs/lib/libcan_msgs__rosidl_typesupport_introspection_cpp.so
[0.382s] -- Up-to-date: /home/offroad/radar_ws/install/can_msgs/lib/libcan_msgs__rosidl_typesupport_cpp.so
[0.382s] -- Up-to-date: /home/offroad/radar_ws/install/can_msgs/share/can_msgs/environment/pythonpath.sh
[0.382s] -- Up-to-date: /home/offroad/radar_ws/install/can_msgs/share/can_msgs/environment/pythonpath.dsv
[0.382s] -- Up-to-date: /home/offroad/radar_ws/install/can_msgs/lib/python3.8/site-packages/can_msgs/__init__.py
[0.412s] -- Up-to-date: /home/offroad/radar_ws/install/can_msgs/lib/python3.8/site-packages/can_msgs/msg
[0.412s] -- Up-to-date: /home/offroad/radar_ws/install/can_msgs/lib/python3.8/site-packages/can_msgs/msg/__init__.py
[0.412s] -- Up-to-date: /home/offroad/radar_ws/install/can_msgs/lib/python3.8/site-packages/can_msgs/msg/_frame.py
[0.413s] -- Up-to-date: /home/offroad/radar_ws/install/can_msgs/lib/python3.8/site-packages/can_msgs/msg/_frame_s.c
[0.413s] -- Up-to-date: /home/offroad/radar_ws/install/can_msgs/lib/python3.8/site-packages/can_msgs/can_msgs_s__rosidl_typesupport_fastrtps_c.cpython-38-x86_64-linux-gnu.so
[0.413s] -- Up-to-date: /home/offroad/radar_ws/install/can_msgs/lib/python3.8/site-packages/can_msgs/can_msgs_s__rosidl_typesupport_introspection_c.cpython-38-x86_64-linux-gnu.so
[0.414s] -- Up-to-date: /home/offroad/radar_ws/install/can_msgs/lib/python3.8/site-packages/can_msgs/can_msgs_s__rosidl_typesupport_c.cpython-38-x86_64-linux-gnu.so
[0.415s] -- Up-to-date: /home/offroad/radar_ws/install/can_msgs/lib/libcan_msgs__python.so
[0.415s] -- Up-to-date: /home/offroad/radar_ws/install/can_msgs/share/can_msgs/msg/Frame.idl
[0.415s] -- Up-to-date: /home/offroad/radar_ws/install/can_msgs/share/can_msgs/msg/Frame.msg
[0.415s] -- Up-to-date: /home/offroad/radar_ws/install/can_msgs/share/ament_index/resource_index/package_run_dependencies/can_msgs
[0.415s] -- Up-to-date: /home/offroad/radar_ws/install/can_msgs/share/ament_index/resource_index/parent_prefix_path/can_msgs
[0.416s] -- Up-to-date: /home/offroad/radar_ws/install/can_msgs/share/can_msgs/environment/ament_prefix_path.sh
[0.416s] -- Up-to-date: /home/offroad/radar_ws/install/can_msgs/share/can_msgs/environment/ament_prefix_path.dsv
[0.416s] -- Up-to-date: /home/offroad/radar_ws/install/can_msgs/share/can_msgs/environment/path.sh
[0.416s] -- Up-to-date: /home/offroad/radar_ws/install/can_msgs/share/can_msgs/environment/path.dsv
[0.416s] -- Up-to-date: /home/offroad/radar_ws/install/can_msgs/share/can_msgs/local_setup.bash
[0.416s] -- Up-to-date: /home/offroad/radar_ws/install/can_msgs/share/can_msgs/local_setup.sh
[0.416s] -- Up-to-date: /home/offroad/radar_ws/install/can_msgs/share/can_msgs/local_setup.zsh
[0.416s] -- Up-to-date: /home/offroad/radar_ws/install/can_msgs/share/can_msgs/local_setup.dsv
[0.416s] -- Installing: /home/offroad/radar_ws/install/can_msgs/share/can_msgs/package.dsv
[0.417s] -- Up-to-date: /home/offroad/radar_ws/install/can_msgs/share/ament_index/resource_index/packages/can_msgs
[0.417s] -- Up-to-date: /home/offroad/radar_ws/install/can_msgs/share/can_msgs/cmake/can_msgs__rosidl_generator_cExport.cmake
[0.417s] -- Up-to-date: /home/offroad/radar_ws/install/can_msgs/share/can_msgs/cmake/can_msgs__rosidl_generator_cExport-noconfig.cmake
[0.417s] -- Up-to-date: /home/offroad/radar_ws/install/can_msgs/share/can_msgs/cmake/can_msgs__rosidl_typesupport_introspection_cExport.cmake
[0.417s] -- Up-to-date: /home/offroad/radar_ws/install/can_msgs/share/can_msgs/cmake/can_msgs__rosidl_typesupport_introspection_cExport-noconfig.cmake
[0.417s] -- Up-to-date: /home/offroad/radar_ws/install/can_msgs/share/can_msgs/cmake/can_msgs__rosidl_typesupport_cExport.cmake
[0.417s] -- Up-to-date: /home/offroad/radar_ws/install/can_msgs/share/can_msgs/cmake/can_msgs__rosidl_typesupport_cExport-noconfig.cmake
[0.417s] -- Up-to-date: /home/offroad/radar_ws/install/can_msgs/share/can_msgs/cmake/can_msgs__rosidl_generator_cppExport.cmake
[0.418s] -- Up-to-date: /home/offroad/radar_ws/install/can_msgs/share/can_msgs/cmake/can_msgs__rosidl_typesupport_introspection_cppExport.cmake
[0.418s] -- Up-to-date: /home/offroad/radar_ws/install/can_msgs/share/can_msgs/cmake/can_msgs__rosidl_typesupport_introspection_cppExport-noconfig.cmake
[0.418s] -- Up-to-date: /home/offroad/radar_ws/install/can_msgs/share/can_msgs/cmake/can_msgs__rosidl_typesupport_cppExport.cmake
[0.418s] -- Up-to-date: /home/offroad/radar_ws/install/can_msgs/share/can_msgs/cmake/can_msgs__rosidl_typesupport_cppExport-noconfig.cmake
[0.418s] -- Up-to-date: /home/offroad/radar_ws/install/can_msgs/share/can_msgs/cmake/rosidl_cmake-extras.cmake
[0.418s] -- Up-to-date: /home/offroad/radar_ws/install/can_msgs/share/can_msgs/cmake/ament_cmake_export_dependencies-extras.cmake
[0.419s] -- Up-to-date: /home/offroad/radar_ws/install/can_msgs/share/can_msgs/cmake/ament_cmake_export_libraries-extras.cmake
[0.419s] -- Up-to-date: /home/offroad/radar_ws/install/can_msgs/share/can_msgs/cmake/ament_cmake_export_targets-extras.cmake
[0.419s] -- Up-to-date: /home/offroad/radar_ws/install/can_msgs/share/can_msgs/cmake/ament_cmake_export_include_directories-extras.cmake
[0.419s] -- Up-to-date: /home/offroad/radar_ws/install/can_msgs/share/can_msgs/cmake/rosidl_cmake_export_typesupport_libraries-extras.cmake
[0.419s] -- Up-to-date: /home/offroad/radar_ws/install/can_msgs/share/can_msgs/cmake/rosidl_cmake_export_typesupport_targets-extras.cmake
[0.419s] -- Up-to-date: /home/offroad/radar_ws/install/can_msgs/share/can_msgs/cmake/can_msgsConfig.cmake
[0.419s] -- Up-to-date: /home/offroad/radar_ws/install/can_msgs/share/can_msgs/cmake/can_msgsConfig-version.cmake
[0.419s] -- Up-to-date: /home/offroad/radar_ws/install/can_msgs/share/can_msgs/package.xml
[0.421s] Invoked command in '/home/offroad/radar_ws/build/can_msgs' returned '0': CMAKE_PREFIX_PATH=/opt/ros/foxy /usr/bin/cmake --install /home/offroad/radar_ws/build/can_msgs
