[0.038s] Invoking command in '/home/offroad/radar_ws/src/build/radar_conti_ars408_msgs': CMAKE_PREFIX_PATH=${CMAKE_PREFIX_PATH}:/opt/ros/foxy /usr/bin/cmake --build /home/offroad/radar_ws/src/build/radar_conti_ars408_msgs -- -j12 -l12
[0.173s] [  0%] Built target radar_conti_ars408_msgs__cpp
[0.200s] [ 12%] Built target radar_conti_ars408_msgs__rosidl_generator_c
[0.281s] [ 24%] Built target radar_conti_ars408_msgs__rosidl_typesupport_introspection_cpp
[0.290s] [ 36%] Built target radar_conti_ars408_msgs__rosidl_typesupport_cpp
[0.303s] [ 48%] Built target radar_conti_ars408_msgs__rosidl_typesupport_fastrtps_cpp
[0.319s] [ 60%] Built target radar_conti_ars408_msgs__rosidl_typesupport_c
[0.326s] [ 72%] Built target radar_conti_ars408_msgs__rosidl_typesupport_introspection_c
[0.401s] [ 84%] Built target radar_conti_ars408_msgs__rosidl_typesupport_fastrtps_c
[0.459s] [ 84%] Built target radar_conti_ars408_msgs
[0.523s] [ 85%] Built target radar_conti_ars408_msgs__py
[0.660s] [ 96%] Built target radar_conti_ars408_msgs__python
[0.793s] [ 99%] Built target radar_conti_ars408_msgs__rosidl_typesupport_introspection_c__pyext
[0.794s] [ 99%] Built target radar_conti_ars408_msgs__rosidl_typesupport_c__pyext
[0.814s] [100%] Built target radar_conti_ars408_msgs__rosidl_typesupport_fastrtps_c__pyext
[0.882s] Invoked command in '/home/offroad/radar_ws/src/build/radar_conti_ars408_msgs' returned '0': CMAKE_PREFIX_PATH=${CMAKE_PREFIX_PATH}:/opt/ros/foxy /usr/bin/cmake --build /home/offroad/radar_ws/src/build/radar_conti_ars408_msgs -- -j12 -l12
[1.789s] Invoking command in '/home/offroad/radar_ws/src/build/radar_conti_ars408_msgs': CMAKE_PREFIX_PATH=${CMAKE_PREFIX_PATH}:/opt/ros/foxy /usr/bin/cmake --install /home/offroad/radar_ws/src/build/radar_conti_ars408_msgs
[1.807s] -- Install configuration: ""
[1.807s] -- Up-to-date: /home/offroad/radar_ws/src/install/radar_conti_ars408_msgs/share/ament_index/resource_index/rosidl_interfaces/radar_conti_ars408_msgs
[1.807s] -- Up-to-date: /home/offroad/radar_ws/src/install/radar_conti_ars408_msgs/include/radar_conti_ars408_msgs
[1.807s] -- Up-to-date: /home/offroad/radar_ws/src/install/radar_conti_ars408_msgs/include/radar_conti_ars408_msgs/srv
[1.808s] -- Up-to-date: /home/offroad/radar_ws/src/install/radar_conti_ars408_msgs/include/radar_conti_ars408_msgs/srv/detail
[1.808s] -- Up-to-date: /home/offroad/radar_ws/src/install/radar_conti_ars408_msgs/include/radar_conti_ars408_msgs/srv/detail/add_three_ints__functions.h
[1.808s] -- Up-to-date: /home/offroad/radar_ws/src/install/radar_conti_ars408_msgs/include/radar_conti_ars408_msgs/srv/detail/add_three_ints__functions.c
[1.808s] -- Up-to-date: /home/offroad/radar_ws/src/install/radar_conti_ars408_msgs/include/radar_conti_ars408_msgs/srv/detail/add_three_ints__type_support.h
[1.808s] -- Up-to-date: /home/offroad/radar_ws/src/install/radar_conti_ars408_msgs/include/radar_conti_ars408_msgs/srv/detail/add_three_ints__struct.h
[1.808s] -- Up-to-date: /home/offroad/radar_ws/src/install/radar_conti_ars408_msgs/include/radar_conti_ars408_msgs/srv/add_three_ints.h
[1.808s] -- Up-to-date: /home/offroad/radar_ws/src/install/radar_conti_ars408_msgs/include/radar_conti_ars408_msgs/msg
[1.808s] -- Up-to-date: /home/offroad/radar_ws/src/install/radar_conti_ars408_msgs/include/radar_conti_ars408_msgs/msg/detail
[1.808s] -- Up-to-date: /home/offroad/radar_ws/src/install/radar_conti_ars408_msgs/include/radar_conti_ars408_msgs/msg/detail/cluster_list__functions.c
[1.809s] -- Up-to-date: /home/offroad/radar_ws/src/install/radar_conti_ars408_msgs/include/radar_conti_ars408_msgs/msg/detail/cluster_quality__struct.h
[1.809s] -- Up-to-date: /home/offroad/radar_ws/src/install/radar_conti_ars408_msgs/include/radar_conti_ars408_msgs/msg/detail/radar_configuration__struct.h
[1.809s] -- Up-to-date: /home/offroad/radar_ws/src/install/radar_conti_ars408_msgs/include/radar_conti_ars408_msgs/msg/detail/version_id__type_support.h
[1.809s] -- Up-to-date: /home/offroad/radar_ws/src/install/radar_conti_ars408_msgs/include/radar_conti_ars408_msgs/msg/detail/cluster_general__functions.h
[1.809s] -- Up-to-date: /home/offroad/radar_ws/src/install/radar_conti_ars408_msgs/include/radar_conti_ars408_msgs/msg/detail/filter_state_header__type_support.h
[1.809s] -- Up-to-date: /home/offroad/radar_ws/src/install/radar_conti_ars408_msgs/include/radar_conti_ars408_msgs/msg/detail/object_quality__struct.h
[1.809s] -- Up-to-date: /home/offroad/radar_ws/src/install/radar_conti_ars408_msgs/include/radar_conti_ars408_msgs/msg/detail/cluster__functions.h
[1.809s] -- Up-to-date: /home/offroad/radar_ws/src/install/radar_conti_ars408_msgs/include/radar_conti_ars408_msgs/msg/detail/filter_state_cfg__struct.h
[1.810s] -- Up-to-date: /home/offroad/radar_ws/src/install/radar_conti_ars408_msgs/include/radar_conti_ars408_msgs/msg/detail/cluster_general__struct.h
[1.810s] -- Up-to-date: /home/offroad/radar_ws/src/install/radar_conti_ars408_msgs/include/radar_conti_ars408_msgs/msg/detail/object_list__functions.h
[1.810s] -- Up-to-date: /home/offroad/radar_ws/src/install/radar_conti_ars408_msgs/include/radar_conti_ars408_msgs/msg/detail/filter_state_header__functions.h
[1.811s] -- Up-to-date: /home/offroad/radar_ws/src/install/radar_conti_ars408_msgs/include/radar_conti_ars408_msgs/msg/detail/cluster_list__struct.h
[1.812s] -- Up-to-date: /home/offroad/radar_ws/src/install/radar_conti_ars408_msgs/include/radar_conti_ars408_msgs/msg/detail/version_id__functions.h
[1.814s] -- Up-to-date: /home/offroad/radar_ws/src/install/radar_conti_ars408_msgs/include/radar_conti_ars408_msgs/msg/detail/cluster__functions.c
[1.815s] -- Up-to-date: /home/offroad/radar_ws/src/install/radar_conti_ars408_msgs/include/radar_conti_ars408_msgs/msg/detail/filter_state_cfg__type_support.h
[1.815s] -- Up-to-date: /home/offroad/radar_ws/src/install/radar_conti_ars408_msgs/include/radar_conti_ars408_msgs/msg/detail/num__struct.h
[1.815s] -- Up-to-date: /home/offroad/radar_ws/src/install/radar_conti_ars408_msgs/include/radar_conti_ars408_msgs/msg/detail/radar_state__functions.h
[1.815s] -- Up-to-date: /home/offroad/radar_ws/src/install/radar_conti_ars408_msgs/include/radar_conti_ars408_msgs/msg/detail/object_extended__struct.h
[1.815s] -- Up-to-date: /home/offroad/radar_ws/src/install/radar_conti_ars408_msgs/include/radar_conti_ars408_msgs/msg/detail/num__functions.c
[1.815s] -- Up-to-date: /home/offroad/radar_ws/src/install/radar_conti_ars408_msgs/include/radar_conti_ars408_msgs/msg/detail/radar_configuration__type_support.h
[1.815s] -- Up-to-date: /home/offroad/radar_ws/src/install/radar_conti_ars408_msgs/include/radar_conti_ars408_msgs/msg/detail/version_id__functions.c
[1.816s] -- Up-to-date: /home/offroad/radar_ws/src/install/radar_conti_ars408_msgs/include/radar_conti_ars408_msgs/msg/detail/object_list__struct.h
[1.816s] -- Up-to-date: /home/offroad/radar_ws/src/install/radar_conti_ars408_msgs/include/radar_conti_ars408_msgs/msg/detail/object_general__functions.c
[1.816s] -- Up-to-date: /home/offroad/radar_ws/src/install/radar_conti_ars408_msgs/include/radar_conti_ars408_msgs/msg/detail/filter_cfg__type_support.h
[1.816s] -- Up-to-date: /home/offroad/radar_ws/src/install/radar_conti_ars408_msgs/include/radar_conti_ars408_msgs/msg/detail/filter_state_header__functions.c
[1.816s] -- Up-to-date: /home/offroad/radar_ws/src/install/radar_conti_ars408_msgs/include/radar_conti_ars408_msgs/msg/detail/cluster_status__functions.h
[1.816s] -- Up-to-date: /home/offroad/radar_ws/src/install/radar_conti_ars408_msgs/include/radar_conti_ars408_msgs/msg/detail/cluster_list__type_support.h
[1.816s] -- Up-to-date: /home/offroad/radar_ws/src/install/radar_conti_ars408_msgs/include/radar_conti_ars408_msgs/msg/detail/radar_configuration__functions.h
[1.816s] -- Up-to-date: /home/offroad/radar_ws/src/install/radar_conti_ars408_msgs/include/radar_conti_ars408_msgs/msg/detail/object_status__struct.h
[1.817s] -- Up-to-date: /home/offroad/radar_ws/src/install/radar_conti_ars408_msgs/include/radar_conti_ars408_msgs/msg/detail/cluster_status__struct.h
[1.817s] -- Up-to-date: /home/offroad/radar_ws/src/install/radar_conti_ars408_msgs/include/radar_conti_ars408_msgs/msg/detail/object_general__struct.h
[1.817s] -- Up-to-date: /home/offroad/radar_ws/src/install/radar_conti_ars408_msgs/include/radar_conti_ars408_msgs/msg/detail/filter_state_cfg__functions.h
[1.817s] -- Up-to-date: /home/offroad/radar_ws/src/install/radar_conti_ars408_msgs/include/radar_conti_ars408_msgs/msg/detail/radar_configuration__functions.c
[1.817s] -- Up-to-date: /home/offroad/radar_ws/src/install/radar_conti_ars408_msgs/include/radar_conti_ars408_msgs/msg/detail/object_quality__type_support.h
[1.817s] -- Up-to-date: /home/offroad/radar_ws/src/install/radar_conti_ars408_msgs/include/radar_conti_ars408_msgs/msg/detail/filter_state_header__struct.h
[1.817s] -- Up-to-date: /home/offroad/radar_ws/src/install/radar_conti_ars408_msgs/include/radar_conti_ars408_msgs/msg/detail/cluster_list__functions.h
[1.817s] -- Up-to-date: /home/offroad/radar_ws/src/install/radar_conti_ars408_msgs/include/radar_conti_ars408_msgs/msg/detail/cluster__type_support.h
[1.817s] -- Up-to-date: /home/offroad/radar_ws/src/install/radar_conti_ars408_msgs/include/radar_conti_ars408_msgs/msg/detail/object_extended__functions.c
[1.817s] -- Up-to-date: /home/offroad/radar_ws/src/install/radar_conti_ars408_msgs/include/radar_conti_ars408_msgs/msg/detail/cluster_status__type_support.h
[1.818s] -- Up-to-date: /home/offroad/radar_ws/src/install/radar_conti_ars408_msgs/include/radar_conti_ars408_msgs/msg/detail/object__functions.c
[1.818s] -- Up-to-date: /home/offroad/radar_ws/src/install/radar_conti_ars408_msgs/include/radar_conti_ars408_msgs/msg/detail/filter_cfg__functions.c
[1.818s] -- Up-to-date: /home/offroad/radar_ws/src/install/radar_conti_ars408_msgs/include/radar_conti_ars408_msgs/msg/detail/object_extended__type_support.h
[1.818s] -- Up-to-date: /home/offroad/radar_ws/src/install/radar_conti_ars408_msgs/include/radar_conti_ars408_msgs/msg/detail/object_extended__functions.h
[1.818s] -- Up-to-date: /home/offroad/radar_ws/src/install/radar_conti_ars408_msgs/include/radar_conti_ars408_msgs/msg/detail/version_id__struct.h
[1.818s] -- Up-to-date: /home/offroad/radar_ws/src/install/radar_conti_ars408_msgs/include/radar_conti_ars408_msgs/msg/detail/object__type_support.h
[1.819s] -- Up-to-date: /home/offroad/radar_ws/src/install/radar_conti_ars408_msgs/include/radar_conti_ars408_msgs/msg/detail/cluster_quality__functions.c
[1.819s] -- Up-to-date: /home/offroad/radar_ws/src/install/radar_conti_ars408_msgs/include/radar_conti_ars408_msgs/msg/detail/object_quality__functions.h
[1.819s] -- Up-to-date: /home/offroad/radar_ws/src/install/radar_conti_ars408_msgs/include/radar_conti_ars408_msgs/msg/detail/cluster_general__functions.c
[1.819s] -- Up-to-date: /home/offroad/radar_ws/src/install/radar_conti_ars408_msgs/include/radar_conti_ars408_msgs/msg/detail/cluster_general__type_support.h
[1.819s] -- Up-to-date: /home/offroad/radar_ws/src/install/radar_conti_ars408_msgs/include/radar_conti_ars408_msgs/msg/detail/radar_state__type_support.h
[1.819s] -- Up-to-date: /home/offroad/radar_ws/src/install/radar_conti_ars408_msgs/include/radar_conti_ars408_msgs/msg/detail/object_status__functions.c
[1.819s] -- Up-to-date: /home/offroad/radar_ws/src/install/radar_conti_ars408_msgs/include/radar_conti_ars408_msgs/msg/detail/object_status__functions.h
[1.819s] -- Up-to-date: /home/offroad/radar_ws/src/install/radar_conti_ars408_msgs/include/radar_conti_ars408_msgs/msg/detail/num__type_support.h
[1.820s] -- Up-to-date: /home/offroad/radar_ws/src/install/radar_conti_ars408_msgs/include/radar_conti_ars408_msgs/msg/detail/object_list__functions.c
[1.820s] -- Up-to-date: /home/offroad/radar_ws/src/install/radar_conti_ars408_msgs/include/radar_conti_ars408_msgs/msg/detail/radar_state__struct.h
[1.820s] -- Up-to-date: /home/offroad/radar_ws/src/install/radar_conti_ars408_msgs/include/radar_conti_ars408_msgs/msg/detail/object_list__type_support.h
[1.822s] -- Up-to-date: /home/offroad/radar_ws/src/install/radar_conti_ars408_msgs/include/radar_conti_ars408_msgs/msg/detail/radar_state__functions.c
[1.822s] -- Up-to-date: /home/offroad/radar_ws/src/install/radar_conti_ars408_msgs/include/radar_conti_ars408_msgs/msg/detail/filter_cfg__functions.h
[1.822s] -- Up-to-date: /home/offroad/radar_ws/src/install/radar_conti_ars408_msgs/include/radar_conti_ars408_msgs/msg/detail/filter_state_cfg__functions.c
[1.822s] -- Up-to-date: /home/offroad/radar_ws/src/install/radar_conti_ars408_msgs/include/radar_conti_ars408_msgs/msg/detail/cluster_quality__type_support.h
[1.823s] -- Up-to-date: /home/offroad/radar_ws/src/install/radar_conti_ars408_msgs/include/radar_conti_ars408_msgs/msg/detail/object_general__type_support.h
[1.823s] -- Up-to-date: /home/offroad/radar_ws/src/install/radar_conti_ars408_msgs/include/radar_conti_ars408_msgs/msg/detail/num__functions.h
[1.823s] -- Up-to-date: /home/offroad/radar_ws/src/install/radar_conti_ars408_msgs/include/radar_conti_ars408_msgs/msg/detail/filter_cfg__struct.h
[1.823s] -- Up-to-date: /home/offroad/radar_ws/src/install/radar_conti_ars408_msgs/include/radar_conti_ars408_msgs/msg/detail/object_status__type_support.h
[1.823s] -- Up-to-date: /home/offroad/radar_ws/src/install/radar_conti_ars408_msgs/include/radar_conti_ars408_msgs/msg/detail/object__struct.h
[1.823s] -- Up-to-date: /home/offroad/radar_ws/src/install/radar_conti_ars408_msgs/include/radar_conti_ars408_msgs/msg/detail/cluster_status__functions.c
[1.823s] -- Up-to-date: /home/offroad/radar_ws/src/install/radar_conti_ars408_msgs/include/radar_conti_ars408_msgs/msg/detail/object__functions.h
[1.823s] -- Up-to-date: /home/offroad/radar_ws/src/install/radar_conti_ars408_msgs/include/radar_conti_ars408_msgs/msg/detail/cluster__struct.h
[1.823s] -- Up-to-date: /home/offroad/radar_ws/src/install/radar_conti_ars408_msgs/include/radar_conti_ars408_msgs/msg/detail/object_quality__functions.c
[1.823s] -- Up-to-date: /home/offroad/radar_ws/src/install/radar_conti_ars408_msgs/include/radar_conti_ars408_msgs/msg/detail/object_general__functions.h
[1.823s] -- Up-to-date: /home/offroad/radar_ws/src/install/radar_conti_ars408_msgs/include/radar_conti_ars408_msgs/msg/detail/cluster_quality__functions.h
[1.823s] -- Up-to-date: /home/offroad/radar_ws/src/install/radar_conti_ars408_msgs/include/radar_conti_ars408_msgs/msg/object_status.h
[1.823s] -- Up-to-date: /home/offroad/radar_ws/src/install/radar_conti_ars408_msgs/include/radar_conti_ars408_msgs/msg/radar_configuration.h
[1.823s] -- Up-to-date: /home/offroad/radar_ws/src/install/radar_conti_ars408_msgs/include/radar_conti_ars408_msgs/msg/cluster_list.h
[1.823s] -- Up-to-date: /home/offroad/radar_ws/src/install/radar_conti_ars408_msgs/include/radar_conti_ars408_msgs/msg/rosidl_generator_c__visibility_control.h
[1.824s] -- Up-to-date: /home/offroad/radar_ws/src/install/radar_conti_ars408_msgs/include/radar_conti_ars408_msgs/msg/cluster_general.h
[1.824s] -- Up-to-date: /home/offroad/radar_ws/src/install/radar_conti_ars408_msgs/include/radar_conti_ars408_msgs/msg/object_extended.h
[1.824s] -- Up-to-date: /home/offroad/radar_ws/src/install/radar_conti_ars408_msgs/include/radar_conti_ars408_msgs/msg/filter_cfg.h
[1.824s] -- Up-to-date: /home/offroad/radar_ws/src/install/radar_conti_ars408_msgs/include/radar_conti_ars408_msgs/msg/num.h
[1.824s] -- Up-to-date: /home/offroad/radar_ws/src/install/radar_conti_ars408_msgs/include/radar_conti_ars408_msgs/msg/filter_state_header.h
[1.824s] -- Up-to-date: /home/offroad/radar_ws/src/install/radar_conti_ars408_msgs/include/radar_conti_ars408_msgs/msg/object_general.h
[1.824s] -- Up-to-date: /home/offroad/radar_ws/src/install/radar_conti_ars408_msgs/include/radar_conti_ars408_msgs/msg/radar_state.h
[1.824s] -- Up-to-date: /home/offroad/radar_ws/src/install/radar_conti_ars408_msgs/include/radar_conti_ars408_msgs/msg/version_id.h
[1.824s] -- Up-to-date: /home/offroad/radar_ws/src/install/radar_conti_ars408_msgs/include/radar_conti_ars408_msgs/msg/object.h
[1.824s] -- Up-to-date: /home/offroad/radar_ws/src/install/radar_conti_ars408_msgs/include/radar_conti_ars408_msgs/msg/cluster_status.h
[1.824s] -- Up-to-date: /home/offroad/radar_ws/src/install/radar_conti_ars408_msgs/include/radar_conti_ars408_msgs/msg/filter_state_cfg.h
[1.824s] -- Up-to-date: /home/offroad/radar_ws/src/install/radar_conti_ars408_msgs/include/radar_conti_ars408_msgs/msg/cluster.h
[1.824s] -- Up-to-date: /home/offroad/radar_ws/src/install/radar_conti_ars408_msgs/include/radar_conti_ars408_msgs/msg/object_list.h
[1.824s] -- Up-to-date: /home/offroad/radar_ws/src/install/radar_conti_ars408_msgs/include/radar_conti_ars408_msgs/msg/object_quality.h
[1.824s] -- Up-to-date: /home/offroad/radar_ws/src/install/radar_conti_ars408_msgs/include/radar_conti_ars408_msgs/msg/cluster_quality.h
[1.824s] -- Up-to-date: /home/offroad/radar_ws/src/install/radar_conti_ars408_msgs/share/radar_conti_ars408_msgs/environment/library_path.sh
[1.824s] -- Up-to-date: /home/offroad/radar_ws/src/install/radar_conti_ars408_msgs/share/radar_conti_ars408_msgs/environment/library_path.dsv
[1.825s] -- Up-to-date: /home/offroad/radar_ws/src/install/radar_conti_ars408_msgs/lib/libradar_conti_ars408_msgs__rosidl_generator_c.so
[1.825s] -- Up-to-date: /home/offroad/radar_ws/src/install/radar_conti_ars408_msgs/include/radar_conti_ars408_msgs
[1.825s] -- Up-to-date: /home/offroad/radar_ws/src/install/radar_conti_ars408_msgs/include/radar_conti_ars408_msgs/srv
[1.825s] -- Up-to-date: /home/offroad/radar_ws/src/install/radar_conti_ars408_msgs/include/radar_conti_ars408_msgs/srv/detail
[1.825s] -- Up-to-date: /home/offroad/radar_ws/src/install/radar_conti_ars408_msgs/include/radar_conti_ars408_msgs/srv/detail/add_three_ints__rosidl_typesupport_fastrtps_c.h
[1.825s] -- Up-to-date: /home/offroad/radar_ws/src/install/radar_conti_ars408_msgs/include/radar_conti_ars408_msgs/msg
[1.825s] -- Up-to-date: /home/offroad/radar_ws/src/install/radar_conti_ars408_msgs/include/radar_conti_ars408_msgs/msg/detail
[1.825s] -- Up-to-date: /home/offroad/radar_ws/src/install/radar_conti_ars408_msgs/include/radar_conti_ars408_msgs/msg/detail/radar_configuration__rosidl_typesupport_fastrtps_c.h
[1.825s] -- Up-to-date: /home/offroad/radar_ws/src/install/radar_conti_ars408_msgs/include/radar_conti_ars408_msgs/msg/detail/cluster_list__rosidl_typesupport_fastrtps_c.h
[1.825s] -- Up-to-date: /home/offroad/radar_ws/src/install/radar_conti_ars408_msgs/include/radar_conti_ars408_msgs/msg/detail/object_extended__rosidl_typesupport_fastrtps_c.h
[1.825s] -- Up-to-date: /home/offroad/radar_ws/src/install/radar_conti_ars408_msgs/include/radar_conti_ars408_msgs/msg/detail/object_status__rosidl_typesupport_fastrtps_c.h
[1.825s] -- Up-to-date: /home/offroad/radar_ws/src/install/radar_conti_ars408_msgs/include/radar_conti_ars408_msgs/msg/detail/cluster_general__rosidl_typesupport_fastrtps_c.h
[1.825s] -- Up-to-date: /home/offroad/radar_ws/src/install/radar_conti_ars408_msgs/include/radar_conti_ars408_msgs/msg/detail/cluster_quality__rosidl_typesupport_fastrtps_c.h
[1.825s] -- Up-to-date: /home/offroad/radar_ws/src/install/radar_conti_ars408_msgs/include/radar_conti_ars408_msgs/msg/detail/filter_state_cfg__rosidl_typesupport_fastrtps_c.h
[1.825s] -- Up-to-date: /home/offroad/radar_ws/src/install/radar_conti_ars408_msgs/include/radar_conti_ars408_msgs/msg/detail/radar_state__rosidl_typesupport_fastrtps_c.h
[1.825s] -- Up-to-date: /home/offroad/radar_ws/src/install/radar_conti_ars408_msgs/include/radar_conti_ars408_msgs/msg/detail/object__rosidl_typesupport_fastrtps_c.h
[1.826s] -- Up-to-date: /home/offroad/radar_ws/src/install/radar_conti_ars408_msgs/include/radar_conti_ars408_msgs/msg/detail/filter_cfg__rosidl_typesupport_fastrtps_c.h
[1.826s] -- Up-to-date: /home/offroad/radar_ws/src/install/radar_conti_ars408_msgs/include/radar_conti_ars408_msgs/msg/detail/cluster__rosidl_typesupport_fastrtps_c.h
[1.826s] -- Up-to-date: /home/offroad/radar_ws/src/install/radar_conti_ars408_msgs/include/radar_conti_ars408_msgs/msg/detail/filter_state_header__rosidl_typesupport_fastrtps_c.h
[1.826s] -- Up-to-date: /home/offroad/radar_ws/src/install/radar_conti_ars408_msgs/include/radar_conti_ars408_msgs/msg/detail/cluster_status__rosidl_typesupport_fastrtps_c.h
[1.826s] -- Up-to-date: /home/offroad/radar_ws/src/install/radar_conti_ars408_msgs/include/radar_conti_ars408_msgs/msg/detail/version_id__rosidl_typesupport_fastrtps_c.h
[1.826s] -- Up-to-date: /home/offroad/radar_ws/src/install/radar_conti_ars408_msgs/include/radar_conti_ars408_msgs/msg/detail/num__rosidl_typesupport_fastrtps_c.h
[1.826s] -- Up-to-date: /home/offroad/radar_ws/src/install/radar_conti_ars408_msgs/include/radar_conti_ars408_msgs/msg/detail/object_quality__rosidl_typesupport_fastrtps_c.h
[1.826s] -- Up-to-date: /home/offroad/radar_ws/src/install/radar_conti_ars408_msgs/include/radar_conti_ars408_msgs/msg/detail/object_list__rosidl_typesupport_fastrtps_c.h
[1.826s] -- Up-to-date: /home/offroad/radar_ws/src/install/radar_conti_ars408_msgs/include/radar_conti_ars408_msgs/msg/detail/object_general__rosidl_typesupport_fastrtps_c.h
[1.826s] -- Up-to-date: /home/offroad/radar_ws/src/install/radar_conti_ars408_msgs/include/radar_conti_ars408_msgs/msg/rosidl_typesupport_fastrtps_c__visibility_control.h
[1.826s] -- Up-to-date: /home/offroad/radar_ws/src/install/radar_conti_ars408_msgs/lib/libradar_conti_ars408_msgs__rosidl_typesupport_fastrtps_c.so
[1.826s] -- Up-to-date: /home/offroad/radar_ws/src/install/radar_conti_ars408_msgs/include/radar_conti_ars408_msgs
[1.826s] -- Up-to-date: /home/offroad/radar_ws/src/install/radar_conti_ars408_msgs/include/radar_conti_ars408_msgs/srv
[1.827s] -- Up-to-date: /home/offroad/radar_ws/src/install/radar_conti_ars408_msgs/include/radar_conti_ars408_msgs/srv/detail
[1.827s] -- Up-to-date: /home/offroad/radar_ws/src/install/radar_conti_ars408_msgs/include/radar_conti_ars408_msgs/srv/detail/dds_fastrtps
[1.827s] -- Up-to-date: /home/offroad/radar_ws/src/install/radar_conti_ars408_msgs/include/radar_conti_ars408_msgs/srv/detail/add_three_ints__rosidl_typesupport_fastrtps_cpp.hpp
[1.827s] -- Up-to-date: /home/offroad/radar_ws/src/install/radar_conti_ars408_msgs/include/radar_conti_ars408_msgs/msg
[1.827s] -- Up-to-date: /home/offroad/radar_ws/src/install/radar_conti_ars408_msgs/include/radar_conti_ars408_msgs/msg/detail
[1.827s] -- Up-to-date: /home/offroad/radar_ws/src/install/radar_conti_ars408_msgs/include/radar_conti_ars408_msgs/msg/detail/cluster_list__rosidl_typesupport_fastrtps_cpp.hpp
[1.827s] -- Up-to-date: /home/offroad/radar_ws/src/install/radar_conti_ars408_msgs/include/radar_conti_ars408_msgs/msg/detail/cluster_quality__rosidl_typesupport_fastrtps_cpp.hpp
[1.827s] -- Up-to-date: /home/offroad/radar_ws/src/install/radar_conti_ars408_msgs/include/radar_conti_ars408_msgs/msg/detail/object_list__rosidl_typesupport_fastrtps_cpp.hpp
[1.827s] -- Up-to-date: /home/offroad/radar_ws/src/install/radar_conti_ars408_msgs/include/radar_conti_ars408_msgs/msg/detail/filter_state_cfg__rosidl_typesupport_fastrtps_cpp.hpp
[1.827s] -- Up-to-date: /home/offroad/radar_ws/src/install/radar_conti_ars408_msgs/include/radar_conti_ars408_msgs/msg/detail/object__rosidl_typesupport_fastrtps_cpp.hpp
[1.827s] -- Up-to-date: /home/offroad/radar_ws/src/install/radar_conti_ars408_msgs/include/radar_conti_ars408_msgs/msg/detail/dds_fastrtps
[1.827s] -- Up-to-date: /home/offroad/radar_ws/src/install/radar_conti_ars408_msgs/include/radar_conti_ars408_msgs/msg/detail/object_extended__rosidl_typesupport_fastrtps_cpp.hpp
[1.827s] -- Up-to-date: /home/offroad/radar_ws/src/install/radar_conti_ars408_msgs/include/radar_conti_ars408_msgs/msg/detail/cluster_general__rosidl_typesupport_fastrtps_cpp.hpp
[1.828s] -- Up-to-date: /home/offroad/radar_ws/src/install/radar_conti_ars408_msgs/include/radar_conti_ars408_msgs/msg/detail/filter_cfg__rosidl_typesupport_fastrtps_cpp.hpp
[1.828s] -- Up-to-date: /home/offroad/radar_ws/src/install/radar_conti_ars408_msgs/include/radar_conti_ars408_msgs/msg/detail/object_status__rosidl_typesupport_fastrtps_cpp.hpp
[1.829s] -- Up-to-date: /home/offroad/radar_ws/src/install/radar_conti_ars408_msgs/include/radar_conti_ars408_msgs/msg/detail/cluster__rosidl_typesupport_fastrtps_cpp.hpp
[1.829s] -- Up-to-date: /home/offroad/radar_ws/src/install/radar_conti_ars408_msgs/include/radar_conti_ars408_msgs/msg/detail/radar_configuration__rosidl_typesupport_fastrtps_cpp.hpp
[1.830s] -- Up-to-date: /home/offroad/radar_ws/src/install/radar_conti_ars408_msgs/include/radar_conti_ars408_msgs/msg/detail/filter_state_header__rosidl_typesupport_fastrtps_cpp.hpp
[1.831s] -- Up-to-date: /home/offroad/radar_ws/src/install/radar_conti_ars408_msgs/include/radar_conti_ars408_msgs/msg/detail/radar_state__rosidl_typesupport_fastrtps_cpp.hpp
[1.831s] -- Up-to-date: /home/offroad/radar_ws/src/install/radar_conti_ars408_msgs/include/radar_conti_ars408_msgs/msg/detail/num__rosidl_typesupport_fastrtps_cpp.hpp
[1.831s] -- Up-to-date: /home/offroad/radar_ws/src/install/radar_conti_ars408_msgs/include/radar_conti_ars408_msgs/msg/detail/object_quality__rosidl_typesupport_fastrtps_cpp.hpp
[1.831s] -- Up-to-date: /home/offroad/radar_ws/src/install/radar_conti_ars408_msgs/include/radar_conti_ars408_msgs/msg/detail/cluster_status__rosidl_typesupport_fastrtps_cpp.hpp
[1.832s] -- Up-to-date: /home/offroad/radar_ws/src/install/radar_conti_ars408_msgs/include/radar_conti_ars408_msgs/msg/detail/version_id__rosidl_typesupport_fastrtps_cpp.hpp
[1.832s] -- Up-to-date: /home/offroad/radar_ws/src/install/radar_conti_ars408_msgs/include/radar_conti_ars408_msgs/msg/detail/object_general__rosidl_typesupport_fastrtps_cpp.hpp
[1.832s] -- Up-to-date: /home/offroad/radar_ws/src/install/radar_conti_ars408_msgs/include/radar_conti_ars408_msgs/msg/rosidl_typesupport_fastrtps_cpp__visibility_control.h
[1.832s] -- Up-to-date: /home/offroad/radar_ws/src/install/radar_conti_ars408_msgs/lib/libradar_conti_ars408_msgs__rosidl_typesupport_fastrtps_cpp.so
[1.832s] -- Up-to-date: /home/offroad/radar_ws/src/install/radar_conti_ars408_msgs/include/radar_conti_ars408_msgs
[1.832s] -- Up-to-date: /home/offroad/radar_ws/src/install/radar_conti_ars408_msgs/include/radar_conti_ars408_msgs/srv
[1.832s] -- Up-to-date: /home/offroad/radar_ws/src/install/radar_conti_ars408_msgs/include/radar_conti_ars408_msgs/srv/detail
[1.832s] -- Up-to-date: /home/offroad/radar_ws/src/install/radar_conti_ars408_msgs/include/radar_conti_ars408_msgs/srv/detail/add_three_ints__rosidl_typesupport_introspection_c.h
[1.832s] -- Up-to-date: /home/offroad/radar_ws/src/install/radar_conti_ars408_msgs/include/radar_conti_ars408_msgs/srv/detail/add_three_ints__type_support.c
[1.832s] -- Up-to-date: /home/offroad/radar_ws/src/install/radar_conti_ars408_msgs/include/radar_conti_ars408_msgs/msg
[1.832s] -- Up-to-date: /home/offroad/radar_ws/src/install/radar_conti_ars408_msgs/include/radar_conti_ars408_msgs/msg/detail
[1.832s] -- Up-to-date: /home/offroad/radar_ws/src/install/radar_conti_ars408_msgs/include/radar_conti_ars408_msgs/msg/detail/filter_cfg__type_support.c
[1.832s] -- Up-to-date: /home/offroad/radar_ws/src/install/radar_conti_ars408_msgs/include/radar_conti_ars408_msgs/msg/detail/radar_configuration__type_support.c
[1.833s] -- Up-to-date: /home/offroad/radar_ws/src/install/radar_conti_ars408_msgs/include/radar_conti_ars408_msgs/msg/detail/version_id__rosidl_typesupport_introspection_c.h
[1.833s] -- Up-to-date: /home/offroad/radar_ws/src/install/radar_conti_ars408_msgs/include/radar_conti_ars408_msgs/msg/detail/cluster_general__type_support.c
[1.833s] -- Up-to-date: /home/offroad/radar_ws/src/install/radar_conti_ars408_msgs/include/radar_conti_ars408_msgs/msg/detail/object_extended__rosidl_typesupport_introspection_c.h
[1.833s] -- Up-to-date: /home/offroad/radar_ws/src/install/radar_conti_ars408_msgs/include/radar_conti_ars408_msgs/msg/detail/filter_cfg__rosidl_typesupport_introspection_c.h
[1.833s] -- Up-to-date: /home/offroad/radar_ws/src/install/radar_conti_ars408_msgs/include/radar_conti_ars408_msgs/msg/detail/radar_state__rosidl_typesupport_introspection_c.h
[1.833s] -- Up-to-date: /home/offroad/radar_ws/src/install/radar_conti_ars408_msgs/include/radar_conti_ars408_msgs/msg/detail/object_list__rosidl_typesupport_introspection_c.h
[1.833s] -- Up-to-date: /home/offroad/radar_ws/src/install/radar_conti_ars408_msgs/include/radar_conti_ars408_msgs/msg/detail/filter_state_cfg__type_support.c
[1.833s] -- Up-to-date: /home/offroad/radar_ws/src/install/radar_conti_ars408_msgs/include/radar_conti_ars408_msgs/msg/detail/radar_state__type_support.c
[1.834s] -- Up-to-date: /home/offroad/radar_ws/src/install/radar_conti_ars408_msgs/include/radar_conti_ars408_msgs/msg/detail/num__rosidl_typesupport_introspection_c.h
[1.834s] -- Up-to-date: /home/offroad/radar_ws/src/install/radar_conti_ars408_msgs/include/radar_conti_ars408_msgs/msg/detail/object_quality__type_support.c
[1.834s] -- Up-to-date: /home/offroad/radar_ws/src/install/radar_conti_ars408_msgs/include/radar_conti_ars408_msgs/msg/detail/radar_configuration__rosidl_typesupport_introspection_c.h
[1.834s] -- Up-to-date: /home/offroad/radar_ws/src/install/radar_conti_ars408_msgs/include/radar_conti_ars408_msgs/msg/detail/num__type_support.c
[1.834s] -- Up-to-date: /home/offroad/radar_ws/src/install/radar_conti_ars408_msgs/include/radar_conti_ars408_msgs/msg/detail/cluster__type_support.c
[1.834s] -- Up-to-date: /home/offroad/radar_ws/src/install/radar_conti_ars408_msgs/include/radar_conti_ars408_msgs/msg/detail/object_general__rosidl_typesupport_introspection_c.h
[1.834s] -- Up-to-date: /home/offroad/radar_ws/src/install/radar_conti_ars408_msgs/include/radar_conti_ars408_msgs/msg/detail/filter_state_header__rosidl_typesupport_introspection_c.h
[1.834s] -- Up-to-date: /home/offroad/radar_ws/src/install/radar_conti_ars408_msgs/include/radar_conti_ars408_msgs/msg/detail/cluster_quality__type_support.c
[1.834s] -- Up-to-date: /home/offroad/radar_ws/src/install/radar_conti_ars408_msgs/include/radar_conti_ars408_msgs/msg/detail/version_id__type_support.c
[1.834s] -- Up-to-date: /home/offroad/radar_ws/src/install/radar_conti_ars408_msgs/include/radar_conti_ars408_msgs/msg/detail/object_list__type_support.c
[1.834s] -- Up-to-date: /home/offroad/radar_ws/src/install/radar_conti_ars408_msgs/include/radar_conti_ars408_msgs/msg/detail/filter_state_header__type_support.c
[1.834s] -- Up-to-date: /home/offroad/radar_ws/src/install/radar_conti_ars408_msgs/include/radar_conti_ars408_msgs/msg/detail/object_status__type_support.c
[1.834s] -- Up-to-date: /home/offroad/radar_ws/src/install/radar_conti_ars408_msgs/include/radar_conti_ars408_msgs/msg/detail/object__type_support.c
[1.834s] -- Up-to-date: /home/offroad/radar_ws/src/install/radar_conti_ars408_msgs/include/radar_conti_ars408_msgs/msg/detail/object_status__rosidl_typesupport_introspection_c.h
[1.834s] -- Up-to-date: /home/offroad/radar_ws/src/install/radar_conti_ars408_msgs/include/radar_conti_ars408_msgs/msg/detail/cluster_status__type_support.c
[1.834s] -- Up-to-date: /home/offroad/radar_ws/src/install/radar_conti_ars408_msgs/include/radar_conti_ars408_msgs/msg/detail/object_quality__rosidl_typesupport_introspection_c.h
[1.835s] -- Up-to-date: /home/offroad/radar_ws/src/install/radar_conti_ars408_msgs/include/radar_conti_ars408_msgs/msg/detail/object_extended__type_support.c
[1.835s] -- Up-to-date: /home/offroad/radar_ws/src/install/radar_conti_ars408_msgs/include/radar_conti_ars408_msgs/msg/detail/cluster__rosidl_typesupport_introspection_c.h
[1.835s] -- Up-to-date: /home/offroad/radar_ws/src/install/radar_conti_ars408_msgs/include/radar_conti_ars408_msgs/msg/detail/filter_state_cfg__rosidl_typesupport_introspection_c.h
[1.835s] -- Up-to-date: /home/offroad/radar_ws/src/install/radar_conti_ars408_msgs/include/radar_conti_ars408_msgs/msg/detail/cluster_quality__rosidl_typesupport_introspection_c.h
[1.835s] -- Up-to-date: /home/offroad/radar_ws/src/install/radar_conti_ars408_msgs/include/radar_conti_ars408_msgs/msg/detail/object__rosidl_typesupport_introspection_c.h
[1.835s] -- Up-to-date: /home/offroad/radar_ws/src/install/radar_conti_ars408_msgs/include/radar_conti_ars408_msgs/msg/detail/cluster_general__rosidl_typesupport_introspection_c.h
[1.835s] -- Up-to-date: /home/offroad/radar_ws/src/install/radar_conti_ars408_msgs/include/radar_conti_ars408_msgs/msg/detail/object_general__type_support.c
[1.835s] -- Up-to-date: /home/offroad/radar_ws/src/install/radar_conti_ars408_msgs/include/radar_conti_ars408_msgs/msg/detail/cluster_status__rosidl_typesupport_introspection_c.h
[1.835s] -- Up-to-date: /home/offroad/radar_ws/src/install/radar_conti_ars408_msgs/include/radar_conti_ars408_msgs/msg/detail/cluster_list__rosidl_typesupport_introspection_c.h
[1.835s] -- Up-to-date: /home/offroad/radar_ws/src/install/radar_conti_ars408_msgs/include/radar_conti_ars408_msgs/msg/detail/cluster_list__type_support.c
[1.835s] -- Up-to-date: /home/offroad/radar_ws/src/install/radar_conti_ars408_msgs/include/radar_conti_ars408_msgs/msg/rosidl_typesupport_introspection_c__visibility_control.h
[1.835s] -- Up-to-date: /home/offroad/radar_ws/src/install/radar_conti_ars408_msgs/lib/libradar_conti_ars408_msgs__rosidl_typesupport_introspection_c.so
[1.835s] -- Up-to-date: /home/offroad/radar_ws/src/install/radar_conti_ars408_msgs/lib/libradar_conti_ars408_msgs__rosidl_typesupport_c.so
[1.835s] -- Up-to-date: /home/offroad/radar_ws/src/install/radar_conti_ars408_msgs/include/radar_conti_ars408_msgs
[1.836s] -- Up-to-date: /home/offroad/radar_ws/src/install/radar_conti_ars408_msgs/include/radar_conti_ars408_msgs/srv
[1.836s] -- Up-to-date: /home/offroad/radar_ws/src/install/radar_conti_ars408_msgs/include/radar_conti_ars408_msgs/srv/detail
[1.836s] -- Up-to-date: /home/offroad/radar_ws/src/install/radar_conti_ars408_msgs/include/radar_conti_ars408_msgs/srv/detail/add_three_ints__traits.hpp
[1.836s] -- Up-to-date: /home/offroad/radar_ws/src/install/radar_conti_ars408_msgs/include/radar_conti_ars408_msgs/srv/detail/add_three_ints__struct.hpp
[1.836s] -- Up-to-date: /home/offroad/radar_ws/src/install/radar_conti_ars408_msgs/include/radar_conti_ars408_msgs/srv/detail/add_three_ints__builder.hpp
[1.836s] -- Up-to-date: /home/offroad/radar_ws/src/install/radar_conti_ars408_msgs/include/radar_conti_ars408_msgs/srv/add_three_ints.hpp
[1.836s] -- Up-to-date: /home/offroad/radar_ws/src/install/radar_conti_ars408_msgs/include/radar_conti_ars408_msgs/msg
[1.836s] -- Up-to-date: /home/offroad/radar_ws/src/install/radar_conti_ars408_msgs/include/radar_conti_ars408_msgs/msg/detail
[1.836s] -- Up-to-date: /home/offroad/radar_ws/src/install/radar_conti_ars408_msgs/include/radar_conti_ars408_msgs/msg/detail/radar_state__traits.hpp
[1.836s] -- Up-to-date: /home/offroad/radar_ws/src/install/radar_conti_ars408_msgs/include/radar_conti_ars408_msgs/msg/detail/object_status__builder.hpp
[1.836s] -- Up-to-date: /home/offroad/radar_ws/src/install/radar_conti_ars408_msgs/include/radar_conti_ars408_msgs/msg/detail/cluster_quality__struct.hpp
[1.837s] -- Up-to-date: /home/offroad/radar_ws/src/install/radar_conti_ars408_msgs/include/radar_conti_ars408_msgs/msg/detail/filter_state_header__traits.hpp
[1.837s] -- Up-to-date: /home/offroad/radar_ws/src/install/radar_conti_ars408_msgs/include/radar_conti_ars408_msgs/msg/detail/cluster_status__builder.hpp
[1.837s] -- Up-to-date: /home/offroad/radar_ws/src/install/radar_conti_ars408_msgs/include/radar_conti_ars408_msgs/msg/detail/object_extended__builder.hpp
[1.837s] -- Up-to-date: /home/offroad/radar_ws/src/install/radar_conti_ars408_msgs/include/radar_conti_ars408_msgs/msg/detail/num__traits.hpp
[1.837s] -- Up-to-date: /home/offroad/radar_ws/src/install/radar_conti_ars408_msgs/include/radar_conti_ars408_msgs/msg/detail/object_list__struct.hpp
[1.837s] -- Up-to-date: /home/offroad/radar_ws/src/install/radar_conti_ars408_msgs/include/radar_conti_ars408_msgs/msg/detail/cluster_list__traits.hpp
[1.837s] -- Up-to-date: /home/offroad/radar_ws/src/install/radar_conti_ars408_msgs/include/radar_conti_ars408_msgs/msg/detail/filter_state_header__struct.hpp
[1.837s] -- Up-to-date: /home/offroad/radar_ws/src/install/radar_conti_ars408_msgs/include/radar_conti_ars408_msgs/msg/detail/num__struct.hpp
[1.837s] -- Up-to-date: /home/offroad/radar_ws/src/install/radar_conti_ars408_msgs/include/radar_conti_ars408_msgs/msg/detail/cluster_general__traits.hpp
[1.837s] -- Up-to-date: /home/offroad/radar_ws/src/install/radar_conti_ars408_msgs/include/radar_conti_ars408_msgs/msg/detail/cluster_general__struct.hpp
[1.837s] -- Up-to-date: /home/offroad/radar_ws/src/install/radar_conti_ars408_msgs/include/radar_conti_ars408_msgs/msg/detail/object_list__traits.hpp
[1.837s] -- Up-to-date: /home/offroad/radar_ws/src/install/radar_conti_ars408_msgs/include/radar_conti_ars408_msgs/msg/detail/object_status__struct.hpp
[1.838s] -- Up-to-date: /home/offroad/radar_ws/src/install/radar_conti_ars408_msgs/include/radar_conti_ars408_msgs/msg/detail/filter_cfg__traits.hpp
[1.838s] -- Up-to-date: /home/offroad/radar_ws/src/install/radar_conti_ars408_msgs/include/radar_conti_ars408_msgs/msg/detail/filter_state_cfg__builder.hpp
[1.838s] -- Up-to-date: /home/offroad/radar_ws/src/install/radar_conti_ars408_msgs/include/radar_conti_ars408_msgs/msg/detail/version_id__traits.hpp
[1.838s] -- Up-to-date: /home/offroad/radar_ws/src/install/radar_conti_ars408_msgs/include/radar_conti_ars408_msgs/msg/detail/object_general__struct.hpp
[1.838s] -- Up-to-date: /home/offroad/radar_ws/src/install/radar_conti_ars408_msgs/include/radar_conti_ars408_msgs/msg/detail/cluster_list__builder.hpp
[1.838s] -- Up-to-date: /home/offroad/radar_ws/src/install/radar_conti_ars408_msgs/include/radar_conti_ars408_msgs/msg/detail/version_id__struct.hpp
[1.838s] -- Up-to-date: /home/offroad/radar_ws/src/install/radar_conti_ars408_msgs/include/radar_conti_ars408_msgs/msg/detail/radar_configuration__builder.hpp
[1.838s] -- Up-to-date: /home/offroad/radar_ws/src/install/radar_conti_ars408_msgs/include/radar_conti_ars408_msgs/msg/detail/radar_state__builder.hpp
[1.838s] -- Up-to-date: /home/offroad/radar_ws/src/install/radar_conti_ars408_msgs/include/radar_conti_ars408_msgs/msg/detail/object_quality__traits.hpp
[1.838s] -- Up-to-date: /home/offroad/radar_ws/src/install/radar_conti_ars408_msgs/include/radar_conti_ars408_msgs/msg/detail/filter_cfg__builder.hpp
[1.838s] -- Up-to-date: /home/offroad/radar_ws/src/install/radar_conti_ars408_msgs/include/radar_conti_ars408_msgs/msg/detail/filter_cfg__struct.hpp
[1.838s] -- Up-to-date: /home/offroad/radar_ws/src/install/radar_conti_ars408_msgs/include/radar_conti_ars408_msgs/msg/detail/object_extended__struct.hpp
[1.838s] -- Up-to-date: /home/offroad/radar_ws/src/install/radar_conti_ars408_msgs/include/radar_conti_ars408_msgs/msg/detail/object_status__traits.hpp
[1.838s] -- Up-to-date: /home/offroad/radar_ws/src/install/radar_conti_ars408_msgs/include/radar_conti_ars408_msgs/msg/detail/object_quality__builder.hpp
[1.838s] -- Up-to-date: /home/offroad/radar_ws/src/install/radar_conti_ars408_msgs/include/radar_conti_ars408_msgs/msg/detail/object_general__builder.hpp
[1.838s] -- Up-to-date: /home/offroad/radar_ws/src/install/radar_conti_ars408_msgs/include/radar_conti_ars408_msgs/msg/detail/cluster__struct.hpp
[1.839s] -- Up-to-date: /home/offroad/radar_ws/src/install/radar_conti_ars408_msgs/include/radar_conti_ars408_msgs/msg/detail/cluster_quality__builder.hpp
[1.839s] -- Up-to-date: /home/offroad/radar_ws/src/install/radar_conti_ars408_msgs/include/radar_conti_ars408_msgs/msg/detail/object_extended__traits.hpp
[1.839s] -- Up-to-date: /home/offroad/radar_ws/src/install/radar_conti_ars408_msgs/include/radar_conti_ars408_msgs/msg/detail/filter_state_header__builder.hpp
[1.839s] -- Up-to-date: /home/offroad/radar_ws/src/install/radar_conti_ars408_msgs/include/radar_conti_ars408_msgs/msg/detail/version_id__builder.hpp
[1.839s] -- Up-to-date: /home/offroad/radar_ws/src/install/radar_conti_ars408_msgs/include/radar_conti_ars408_msgs/msg/detail/object_general__traits.hpp
[1.839s] -- Up-to-date: /home/offroad/radar_ws/src/install/radar_conti_ars408_msgs/include/radar_conti_ars408_msgs/msg/detail/radar_configuration__traits.hpp
[1.839s] -- Up-to-date: /home/offroad/radar_ws/src/install/radar_conti_ars408_msgs/include/radar_conti_ars408_msgs/msg/detail/object__builder.hpp
[1.839s] -- Up-to-date: /home/offroad/radar_ws/src/install/radar_conti_ars408_msgs/include/radar_conti_ars408_msgs/msg/detail/filter_state_cfg__traits.hpp
[1.839s] -- Up-to-date: /home/offroad/radar_ws/src/install/radar_conti_ars408_msgs/include/radar_conti_ars408_msgs/msg/detail/object_list__builder.hpp
[1.839s] -- Up-to-date: /home/offroad/radar_ws/src/install/radar_conti_ars408_msgs/include/radar_conti_ars408_msgs/msg/detail/cluster__traits.hpp
[1.839s] -- Up-to-date: /home/offroad/radar_ws/src/install/radar_conti_ars408_msgs/include/radar_conti_ars408_msgs/msg/detail/object_quality__struct.hpp
[1.839s] -- Up-to-date: /home/offroad/radar_ws/src/install/radar_conti_ars408_msgs/include/radar_conti_ars408_msgs/msg/detail/radar_configuration__struct.hpp
[1.839s] -- Up-to-date: /home/offroad/radar_ws/src/install/radar_conti_ars408_msgs/include/radar_conti_ars408_msgs/msg/detail/object__traits.hpp
[1.839s] -- Up-to-date: /home/offroad/radar_ws/src/install/radar_conti_ars408_msgs/include/radar_conti_ars408_msgs/msg/detail/cluster__builder.hpp
[1.840s] -- Up-to-date: /home/offroad/radar_ws/src/install/radar_conti_ars408_msgs/include/radar_conti_ars408_msgs/msg/detail/cluster_quality__traits.hpp
[1.840s] -- Up-to-date: /home/offroad/radar_ws/src/install/radar_conti_ars408_msgs/include/radar_conti_ars408_msgs/msg/detail/cluster_status__struct.hpp
[1.840s] -- Up-to-date: /home/offroad/radar_ws/src/install/radar_conti_ars408_msgs/include/radar_conti_ars408_msgs/msg/detail/radar_state__struct.hpp
[1.840s] -- Up-to-date: /home/offroad/radar_ws/src/install/radar_conti_ars408_msgs/include/radar_conti_ars408_msgs/msg/detail/object__struct.hpp
[1.840s] -- Up-to-date: /home/offroad/radar_ws/src/install/radar_conti_ars408_msgs/include/radar_conti_ars408_msgs/msg/detail/cluster_list__struct.hpp
[1.840s] -- Up-to-date: /home/offroad/radar_ws/src/install/radar_conti_ars408_msgs/include/radar_conti_ars408_msgs/msg/detail/cluster_general__builder.hpp
[1.840s] -- Up-to-date: /home/offroad/radar_ws/src/install/radar_conti_ars408_msgs/include/radar_conti_ars408_msgs/msg/detail/num__builder.hpp
[1.840s] -- Up-to-date: /home/offroad/radar_ws/src/install/radar_conti_ars408_msgs/include/radar_conti_ars408_msgs/msg/detail/cluster_status__traits.hpp
[1.840s] -- Up-to-date: /home/offroad/radar_ws/src/install/radar_conti_ars408_msgs/include/radar_conti_ars408_msgs/msg/detail/filter_state_cfg__struct.hpp
[1.840s] -- Up-to-date: /home/offroad/radar_ws/src/install/radar_conti_ars408_msgs/include/radar_conti_ars408_msgs/msg/object_quality.hpp
[1.840s] -- Up-to-date: /home/offroad/radar_ws/src/install/radar_conti_ars408_msgs/include/radar_conti_ars408_msgs/msg/cluster_status.hpp
[1.840s] -- Up-to-date: /home/offroad/radar_ws/src/install/radar_conti_ars408_msgs/include/radar_conti_ars408_msgs/msg/radar_state.hpp
[1.840s] -- Up-to-date: /home/offroad/radar_ws/src/install/radar_conti_ars408_msgs/include/radar_conti_ars408_msgs/msg/object_general.hpp
[1.840s] -- Up-to-date: /home/offroad/radar_ws/src/install/radar_conti_ars408_msgs/include/radar_conti_ars408_msgs/msg/version_id.hpp
[1.840s] -- Up-to-date: /home/offroad/radar_ws/src/install/radar_conti_ars408_msgs/include/radar_conti_ars408_msgs/msg/filter_state_header.hpp
[1.840s] -- Up-to-date: /home/offroad/radar_ws/src/install/radar_conti_ars408_msgs/include/radar_conti_ars408_msgs/msg/cluster.hpp
[1.841s] -- Up-to-date: /home/offroad/radar_ws/src/install/radar_conti_ars408_msgs/include/radar_conti_ars408_msgs/msg/object_status.hpp
[1.841s] -- Up-to-date: /home/offroad/radar_ws/src/install/radar_conti_ars408_msgs/include/radar_conti_ars408_msgs/msg/filter_cfg.hpp
[1.841s] -- Up-to-date: /home/offroad/radar_ws/src/install/radar_conti_ars408_msgs/include/radar_conti_ars408_msgs/msg/object_list.hpp
[1.841s] -- Up-to-date: /home/offroad/radar_ws/src/install/radar_conti_ars408_msgs/include/radar_conti_ars408_msgs/msg/radar_configuration.hpp
[1.841s] -- Up-to-date: /home/offroad/radar_ws/src/install/radar_conti_ars408_msgs/include/radar_conti_ars408_msgs/msg/object.hpp
[1.841s] -- Up-to-date: /home/offroad/radar_ws/src/install/radar_conti_ars408_msgs/include/radar_conti_ars408_msgs/msg/num.hpp
[1.841s] -- Up-to-date: /home/offroad/radar_ws/src/install/radar_conti_ars408_msgs/include/radar_conti_ars408_msgs/msg/object_extended.hpp
[1.841s] -- Up-to-date: /home/offroad/radar_ws/src/install/radar_conti_ars408_msgs/include/radar_conti_ars408_msgs/msg/filter_state_cfg.hpp
[1.841s] -- Up-to-date: /home/offroad/radar_ws/src/install/radar_conti_ars408_msgs/include/radar_conti_ars408_msgs/msg/cluster_list.hpp
[1.841s] -- Up-to-date: /home/offroad/radar_ws/src/install/radar_conti_ars408_msgs/include/radar_conti_ars408_msgs/msg/cluster_general.hpp
[1.841s] -- Up-to-date: /home/offroad/radar_ws/src/install/radar_conti_ars408_msgs/include/radar_conti_ars408_msgs/msg/cluster_quality.hpp
[1.841s] -- Up-to-date: /home/offroad/radar_ws/src/install/radar_conti_ars408_msgs/include/radar_conti_ars408_msgs
[1.841s] -- Up-to-date: /home/offroad/radar_ws/src/install/radar_conti_ars408_msgs/include/radar_conti_ars408_msgs/srv
[1.841s] -- Up-to-date: /home/offroad/radar_ws/src/install/radar_conti_ars408_msgs/include/radar_conti_ars408_msgs/srv/detail
[1.842s] -- Up-to-date: /home/offroad/radar_ws/src/install/radar_conti_ars408_msgs/include/radar_conti_ars408_msgs/srv/detail/add_three_ints__type_support.cpp
[1.842s] -- Up-to-date: /home/offroad/radar_ws/src/install/radar_conti_ars408_msgs/include/radar_conti_ars408_msgs/srv/detail/add_three_ints__rosidl_typesupport_introspection_cpp.hpp
[1.842s] -- Up-to-date: /home/offroad/radar_ws/src/install/radar_conti_ars408_msgs/include/radar_conti_ars408_msgs/msg
[1.842s] -- Up-to-date: /home/offroad/radar_ws/src/install/radar_conti_ars408_msgs/include/radar_conti_ars408_msgs/msg/detail
[1.842s] -- Up-to-date: /home/offroad/radar_ws/src/install/radar_conti_ars408_msgs/include/radar_conti_ars408_msgs/msg/detail/object_quality__rosidl_typesupport_introspection_cpp.hpp
[1.842s] -- Up-to-date: /home/offroad/radar_ws/src/install/radar_conti_ars408_msgs/include/radar_conti_ars408_msgs/msg/detail/version_id__rosidl_typesupport_introspection_cpp.hpp
[1.842s] -- Up-to-date: /home/offroad/radar_ws/src/install/radar_conti_ars408_msgs/include/radar_conti_ars408_msgs/msg/detail/num__type_support.cpp
[1.842s] -- Up-to-date: /home/offroad/radar_ws/src/install/radar_conti_ars408_msgs/include/radar_conti_ars408_msgs/msg/detail/object_status__type_support.cpp
[1.842s] -- Up-to-date: /home/offroad/radar_ws/src/install/radar_conti_ars408_msgs/include/radar_conti_ars408_msgs/msg/detail/object_extended__type_support.cpp
[1.842s] -- Up-to-date: /home/offroad/radar_ws/src/install/radar_conti_ars408_msgs/include/radar_conti_ars408_msgs/msg/detail/cluster_status__rosidl_typesupport_introspection_cpp.hpp
[1.842s] -- Up-to-date: /home/offroad/radar_ws/src/install/radar_conti_ars408_msgs/include/radar_conti_ars408_msgs/msg/detail/filter_cfg__type_support.cpp
[1.843s] -- Up-to-date: /home/offroad/radar_ws/src/install/radar_conti_ars408_msgs/include/radar_conti_ars408_msgs/msg/detail/object_general__rosidl_typesupport_introspection_cpp.hpp
[1.843s] -- Up-to-date: /home/offroad/radar_ws/src/install/radar_conti_ars408_msgs/include/radar_conti_ars408_msgs/msg/detail/cluster_general__type_support.cpp
[1.844s] -- Up-to-date: /home/offroad/radar_ws/src/install/radar_conti_ars408_msgs/include/radar_conti_ars408_msgs/msg/detail/cluster__type_support.cpp
[1.844s] -- Up-to-date: /home/offroad/radar_ws/src/install/radar_conti_ars408_msgs/include/radar_conti_ars408_msgs/msg/detail/cluster_list__type_support.cpp
[1.845s] -- Up-to-date: /home/offroad/radar_ws/src/install/radar_conti_ars408_msgs/include/radar_conti_ars408_msgs/msg/detail/cluster_status__type_support.cpp
[1.846s] -- Up-to-date: /home/offroad/radar_ws/src/install/radar_conti_ars408_msgs/include/radar_conti_ars408_msgs/msg/detail/object_list__type_support.cpp
[1.846s] -- Up-to-date: /home/offroad/radar_ws/src/install/radar_conti_ars408_msgs/include/radar_conti_ars408_msgs/msg/detail/filter_state_cfg__type_support.cpp
[1.846s] -- Up-to-date: /home/offroad/radar_ws/src/install/radar_conti_ars408_msgs/include/radar_conti_ars408_msgs/msg/detail/filter_state_cfg__rosidl_typesupport_introspection_cpp.hpp
[1.846s] -- Up-to-date: /home/offroad/radar_ws/src/install/radar_conti_ars408_msgs/include/radar_conti_ars408_msgs/msg/detail/object_list__rosidl_typesupport_introspection_cpp.hpp
[1.847s] -- Up-to-date: /home/offroad/radar_ws/src/install/radar_conti_ars408_msgs/include/radar_conti_ars408_msgs/msg/detail/cluster_list__rosidl_typesupport_introspection_cpp.hpp
[1.847s] -- Up-to-date: /home/offroad/radar_ws/src/install/radar_conti_ars408_msgs/include/radar_conti_ars408_msgs/msg/detail/filter_state_header__rosidl_typesupport_introspection_cpp.hpp
[1.847s] -- Up-to-date: /home/offroad/radar_ws/src/install/radar_conti_ars408_msgs/include/radar_conti_ars408_msgs/msg/detail/filter_state_header__type_support.cpp
[1.847s] -- Up-to-date: /home/offroad/radar_ws/src/install/radar_conti_ars408_msgs/include/radar_conti_ars408_msgs/msg/detail/version_id__type_support.cpp
[1.847s] -- Up-to-date: /home/offroad/radar_ws/src/install/radar_conti_ars408_msgs/include/radar_conti_ars408_msgs/msg/detail/radar_state__type_support.cpp
[1.847s] -- Up-to-date: /home/offroad/radar_ws/src/install/radar_conti_ars408_msgs/include/radar_conti_ars408_msgs/msg/detail/num__rosidl_typesupport_introspection_cpp.hpp
[1.847s] -- Up-to-date: /home/offroad/radar_ws/src/install/radar_conti_ars408_msgs/include/radar_conti_ars408_msgs/msg/detail/object_extended__rosidl_typesupport_introspection_cpp.hpp
[1.847s] -- Up-to-date: /home/offroad/radar_ws/src/install/radar_conti_ars408_msgs/include/radar_conti_ars408_msgs/msg/detail/cluster__rosidl_typesupport_introspection_cpp.hpp
[1.847s] -- Up-to-date: /home/offroad/radar_ws/src/install/radar_conti_ars408_msgs/include/radar_conti_ars408_msgs/msg/detail/cluster_general__rosidl_typesupport_introspection_cpp.hpp
[1.847s] -- Up-to-date: /home/offroad/radar_ws/src/install/radar_conti_ars408_msgs/include/radar_conti_ars408_msgs/msg/detail/object_general__type_support.cpp
[1.847s] -- Up-to-date: /home/offroad/radar_ws/src/install/radar_conti_ars408_msgs/include/radar_conti_ars408_msgs/msg/detail/radar_state__rosidl_typesupport_introspection_cpp.hpp
[1.847s] -- Up-to-date: /home/offroad/radar_ws/src/install/radar_conti_ars408_msgs/include/radar_conti_ars408_msgs/msg/detail/cluster_quality__type_support.cpp
[1.847s] -- Up-to-date: /home/offroad/radar_ws/src/install/radar_conti_ars408_msgs/include/radar_conti_ars408_msgs/msg/detail/object_quality__type_support.cpp
[1.847s] -- Up-to-date: /home/offroad/radar_ws/src/install/radar_conti_ars408_msgs/include/radar_conti_ars408_msgs/msg/detail/object__type_support.cpp
[1.847s] -- Up-to-date: /home/offroad/radar_ws/src/install/radar_conti_ars408_msgs/include/radar_conti_ars408_msgs/msg/detail/radar_configuration__rosidl_typesupport_introspection_cpp.hpp
[1.848s] -- Up-to-date: /home/offroad/radar_ws/src/install/radar_conti_ars408_msgs/include/radar_conti_ars408_msgs/msg/detail/filter_cfg__rosidl_typesupport_introspection_cpp.hpp
[1.848s] -- Up-to-date: /home/offroad/radar_ws/src/install/radar_conti_ars408_msgs/include/radar_conti_ars408_msgs/msg/detail/object__rosidl_typesupport_introspection_cpp.hpp
[1.848s] -- Up-to-date: /home/offroad/radar_ws/src/install/radar_conti_ars408_msgs/include/radar_conti_ars408_msgs/msg/detail/cluster_quality__rosidl_typesupport_introspection_cpp.hpp
[1.848s] -- Up-to-date: /home/offroad/radar_ws/src/install/radar_conti_ars408_msgs/include/radar_conti_ars408_msgs/msg/detail/radar_configuration__type_support.cpp
[1.848s] -- Up-to-date: /home/offroad/radar_ws/src/install/radar_conti_ars408_msgs/include/radar_conti_ars408_msgs/msg/detail/object_status__rosidl_typesupport_introspection_cpp.hpp
[1.848s] -- Up-to-date: /home/offroad/radar_ws/src/install/radar_conti_ars408_msgs/lib/libradar_conti_ars408_msgs__rosidl_typesupport_introspection_cpp.so
[1.848s] -- Up-to-date: /home/offroad/radar_ws/src/install/radar_conti_ars408_msgs/lib/libradar_conti_ars408_msgs__rosidl_typesupport_cpp.so
[1.848s] -- Up-to-date: /home/offroad/radar_ws/src/install/radar_conti_ars408_msgs/share/radar_conti_ars408_msgs/environment/pythonpath.sh
[1.848s] -- Up-to-date: /home/offroad/radar_ws/src/install/radar_conti_ars408_msgs/share/radar_conti_ars408_msgs/environment/pythonpath.dsv
[1.848s] -- Up-to-date: /home/offroad/radar_ws/src/install/radar_conti_ars408_msgs/lib/python3.8/site-packages/radar_conti_ars408_msgs/__init__.py
[1.887s] -- Up-to-date: /home/offroad/radar_ws/src/install/radar_conti_ars408_msgs/lib/python3.8/site-packages/radar_conti_ars408_msgs/msg
[1.887s] -- Up-to-date: /home/offroad/radar_ws/src/install/radar_conti_ars408_msgs/lib/python3.8/site-packages/radar_conti_ars408_msgs/msg/__init__.py
[1.887s] -- Up-to-date: /home/offroad/radar_ws/src/install/radar_conti_ars408_msgs/lib/python3.8/site-packages/radar_conti_ars408_msgs/msg/_version_id_s.c
[1.887s] -- Up-to-date: /home/offroad/radar_ws/src/install/radar_conti_ars408_msgs/lib/python3.8/site-packages/radar_conti_ars408_msgs/msg/_cluster_general_s.c
[1.887s] -- Up-to-date: /home/offroad/radar_ws/src/install/radar_conti_ars408_msgs/lib/python3.8/site-packages/radar_conti_ars408_msgs/msg/_cluster_list.py
[1.887s] -- Up-to-date: /home/offroad/radar_ws/src/install/radar_conti_ars408_msgs/lib/python3.8/site-packages/radar_conti_ars408_msgs/msg/_object_general_s.c
[1.887s] -- Up-to-date: /home/offroad/radar_ws/src/install/radar_conti_ars408_msgs/lib/python3.8/site-packages/radar_conti_ars408_msgs/msg/_cluster_status.py
[1.887s] -- Up-to-date: /home/offroad/radar_ws/src/install/radar_conti_ars408_msgs/lib/python3.8/site-packages/radar_conti_ars408_msgs/msg/_object_general.py
[1.888s] -- Up-to-date: /home/offroad/radar_ws/src/install/radar_conti_ars408_msgs/lib/python3.8/site-packages/radar_conti_ars408_msgs/msg/_cluster_status_s.c
[1.888s] -- Up-to-date: /home/offroad/radar_ws/src/install/radar_conti_ars408_msgs/lib/python3.8/site-packages/radar_conti_ars408_msgs/msg/_object_s.c
[1.888s] -- Up-to-date: /home/offroad/radar_ws/src/install/radar_conti_ars408_msgs/lib/python3.8/site-packages/radar_conti_ars408_msgs/msg/_filter_state_header_s.c
[1.888s] -- Up-to-date: /home/offroad/radar_ws/src/install/radar_conti_ars408_msgs/lib/python3.8/site-packages/radar_conti_ars408_msgs/msg/_cluster_quality_s.c
[1.888s] -- Up-to-date: /home/offroad/radar_ws/src/install/radar_conti_ars408_msgs/lib/python3.8/site-packages/radar_conti_ars408_msgs/msg/_object_quality_s.c
[1.888s] -- Up-to-date: /home/offroad/radar_ws/src/install/radar_conti_ars408_msgs/lib/python3.8/site-packages/radar_conti_ars408_msgs/msg/_filter_cfg.py
[1.888s] -- Up-to-date: /home/offroad/radar_ws/src/install/radar_conti_ars408_msgs/lib/python3.8/site-packages/radar_conti_ars408_msgs/msg/_radar_state_s.c
[1.888s] -- Up-to-date: /home/offroad/radar_ws/src/install/radar_conti_ars408_msgs/lib/python3.8/site-packages/radar_conti_ars408_msgs/msg/_filter_state_cfg_s.c
[1.888s] -- Up-to-date: /home/offroad/radar_ws/src/install/radar_conti_ars408_msgs/lib/python3.8/site-packages/radar_conti_ars408_msgs/msg/_cluster_quality.py
[1.888s] -- Up-to-date: /home/offroad/radar_ws/src/install/radar_conti_ars408_msgs/lib/python3.8/site-packages/radar_conti_ars408_msgs/msg/_filter_cfg_s.c
[1.888s] -- Up-to-date: /home/offroad/radar_ws/src/install/radar_conti_ars408_msgs/lib/python3.8/site-packages/radar_conti_ars408_msgs/msg/_cluster_list_s.c
[1.888s] -- Up-to-date: /home/offroad/radar_ws/src/install/radar_conti_ars408_msgs/lib/python3.8/site-packages/radar_conti_ars408_msgs/msg/_object_extended_s.c
[1.888s] -- Up-to-date: /home/offroad/radar_ws/src/install/radar_conti_ars408_msgs/lib/python3.8/site-packages/radar_conti_ars408_msgs/msg/_object_status.py
[1.888s] -- Up-to-date: /home/offroad/radar_ws/src/install/radar_conti_ars408_msgs/lib/python3.8/site-packages/radar_conti_ars408_msgs/msg/_filter_state_cfg.py
[1.889s] -- Up-to-date: /home/offroad/radar_ws/src/install/radar_conti_ars408_msgs/lib/python3.8/site-packages/radar_conti_ars408_msgs/msg/_radar_configuration_s.c
[1.889s] -- Up-to-date: /home/offroad/radar_ws/src/install/radar_conti_ars408_msgs/lib/python3.8/site-packages/radar_conti_ars408_msgs/msg/_cluster_general.py
[1.889s] -- Up-to-date: /home/offroad/radar_ws/src/install/radar_conti_ars408_msgs/lib/python3.8/site-packages/radar_conti_ars408_msgs/msg/_object_extended.py
[1.889s] -- Up-to-date: /home/offroad/radar_ws/src/install/radar_conti_ars408_msgs/lib/python3.8/site-packages/radar_conti_ars408_msgs/msg/_radar_state.py
[1.889s] -- Up-to-date: /home/offroad/radar_ws/src/install/radar_conti_ars408_msgs/lib/python3.8/site-packages/radar_conti_ars408_msgs/msg/_object_status_s.c
[1.889s] -- Up-to-date: /home/offroad/radar_ws/src/install/radar_conti_ars408_msgs/lib/python3.8/site-packages/radar_conti_ars408_msgs/msg/_object.py
[1.889s] -- Up-to-date: /home/offroad/radar_ws/src/install/radar_conti_ars408_msgs/lib/python3.8/site-packages/radar_conti_ars408_msgs/msg/_filter_state_header.py
[1.889s] -- Up-to-date: /home/offroad/radar_ws/src/install/radar_conti_ars408_msgs/lib/python3.8/site-packages/radar_conti_ars408_msgs/msg/_object_list.py
[1.889s] -- Up-to-date: /home/offroad/radar_ws/src/install/radar_conti_ars408_msgs/lib/python3.8/site-packages/radar_conti_ars408_msgs/msg/_version_id.py
[1.889s] -- Up-to-date: /home/offroad/radar_ws/src/install/radar_conti_ars408_msgs/lib/python3.8/site-packages/radar_conti_ars408_msgs/msg/_radar_configuration.py
[1.889s] -- Up-to-date: /home/offroad/radar_ws/src/install/radar_conti_ars408_msgs/lib/python3.8/site-packages/radar_conti_ars408_msgs/msg/_cluster_s.c
[1.890s] -- Up-to-date: /home/offroad/radar_ws/src/install/radar_conti_ars408_msgs/lib/python3.8/site-packages/radar_conti_ars408_msgs/msg/_num.py
[1.891s] -- Up-to-date: /home/offroad/radar_ws/src/install/radar_conti_ars408_msgs/lib/python3.8/site-packages/radar_conti_ars408_msgs/msg/_num_s.c
[1.893s] -- Up-to-date: /home/offroad/radar_ws/src/install/radar_conti_ars408_msgs/lib/python3.8/site-packages/radar_conti_ars408_msgs/msg/_object_quality.py
[1.894s] -- Up-to-date: /home/offroad/radar_ws/src/install/radar_conti_ars408_msgs/lib/python3.8/site-packages/radar_conti_ars408_msgs/msg/_object_list_s.c
[1.894s] -- Up-to-date: /home/offroad/radar_ws/src/install/radar_conti_ars408_msgs/lib/python3.8/site-packages/radar_conti_ars408_msgs/msg/_cluster.py
[1.894s] -- Up-to-date: /home/offroad/radar_ws/src/install/radar_conti_ars408_msgs/lib/python3.8/site-packages/radar_conti_ars408_msgs/srv
[1.894s] -- Up-to-date: /home/offroad/radar_ws/src/install/radar_conti_ars408_msgs/lib/python3.8/site-packages/radar_conti_ars408_msgs/srv/__init__.py
[1.895s] -- Up-to-date: /home/offroad/radar_ws/src/install/radar_conti_ars408_msgs/lib/python3.8/site-packages/radar_conti_ars408_msgs/srv/_add_three_ints_s.c
[1.895s] -- Up-to-date: /home/offroad/radar_ws/src/install/radar_conti_ars408_msgs/lib/python3.8/site-packages/radar_conti_ars408_msgs/srv/_add_three_ints.py
[1.895s] -- Up-to-date: /home/offroad/radar_ws/src/install/radar_conti_ars408_msgs/lib/python3.8/site-packages/radar_conti_ars408_msgs/radar_conti_ars408_msgs_s__rosidl_typesupport_fastrtps_c.cpython-38-x86_64-linux-gnu.so
[1.895s] -- Up-to-date: /home/offroad/radar_ws/src/install/radar_conti_ars408_msgs/lib/python3.8/site-packages/radar_conti_ars408_msgs/radar_conti_ars408_msgs_s__rosidl_typesupport_introspection_c.cpython-38-x86_64-linux-gnu.so
[1.895s] -- Up-to-date: /home/offroad/radar_ws/src/install/radar_conti_ars408_msgs/lib/python3.8/site-packages/radar_conti_ars408_msgs/radar_conti_ars408_msgs_s__rosidl_typesupport_c.cpython-38-x86_64-linux-gnu.so
[1.895s] -- Up-to-date: /home/offroad/radar_ws/src/install/radar_conti_ars408_msgs/lib/libradar_conti_ars408_msgs__python.so
[1.895s] -- Up-to-date: /home/offroad/radar_ws/src/install/radar_conti_ars408_msgs/share/radar_conti_ars408_msgs/msg/ClusterGeneral.idl
[1.895s] -- Up-to-date: /home/offroad/radar_ws/src/install/radar_conti_ars408_msgs/share/radar_conti_ars408_msgs/msg/ClusterQuality.idl
[1.896s] -- Up-to-date: /home/offroad/radar_ws/src/install/radar_conti_ars408_msgs/share/radar_conti_ars408_msgs/msg/ClusterStatus.idl
[1.896s] -- Up-to-date: /home/offroad/radar_ws/src/install/radar_conti_ars408_msgs/share/radar_conti_ars408_msgs/msg/ObjectGeneral.idl
[1.896s] -- Up-to-date: /home/offroad/radar_ws/src/install/radar_conti_ars408_msgs/share/radar_conti_ars408_msgs/msg/ObjectExtended.idl
[1.896s] -- Up-to-date: /home/offroad/radar_ws/src/install/radar_conti_ars408_msgs/share/radar_conti_ars408_msgs/msg/ObjectQuality.idl
[1.896s] -- Up-to-date: /home/offroad/radar_ws/src/install/radar_conti_ars408_msgs/share/radar_conti_ars408_msgs/msg/ObjectStatus.idl
[1.896s] -- Up-to-date: /home/offroad/radar_ws/src/install/radar_conti_ars408_msgs/share/radar_conti_ars408_msgs/msg/RadarConfiguration.idl
[1.896s] -- Up-to-date: /home/offroad/radar_ws/src/install/radar_conti_ars408_msgs/share/radar_conti_ars408_msgs/msg/RadarState.idl
[1.896s] -- Up-to-date: /home/offroad/radar_ws/src/install/radar_conti_ars408_msgs/share/radar_conti_ars408_msgs/msg/VersionID.idl
[1.897s] -- Up-to-date: /home/offroad/radar_ws/src/install/radar_conti_ars408_msgs/share/radar_conti_ars408_msgs/msg/Cluster.idl
[1.897s] -- Up-to-date: /home/offroad/radar_ws/src/install/radar_conti_ars408_msgs/share/radar_conti_ars408_msgs/msg/Object.idl
[1.897s] -- Up-to-date: /home/offroad/radar_ws/src/install/radar_conti_ars408_msgs/share/radar_conti_ars408_msgs/msg/ClusterList.idl
[1.897s] -- Up-to-date: /home/offroad/radar_ws/src/install/radar_conti_ars408_msgs/share/radar_conti_ars408_msgs/msg/ObjectList.idl
[1.897s] -- Up-to-date: /home/offroad/radar_ws/src/install/radar_conti_ars408_msgs/share/radar_conti_ars408_msgs/msg/FilterStateCfg.idl
[1.897s] -- Up-to-date: /home/offroad/radar_ws/src/install/radar_conti_ars408_msgs/share/radar_conti_ars408_msgs/msg/FilterCfg.idl
[1.897s] -- Up-to-date: /home/offroad/radar_ws/src/install/radar_conti_ars408_msgs/share/radar_conti_ars408_msgs/msg/FilterStateHeader.idl
[1.897s] -- Up-to-date: /home/offroad/radar_ws/src/install/radar_conti_ars408_msgs/share/radar_conti_ars408_msgs/msg/Num.idl
[1.897s] -- Up-to-date: /home/offroad/radar_ws/src/install/radar_conti_ars408_msgs/share/radar_conti_ars408_msgs/srv/AddThreeInts.idl
[1.897s] -- Up-to-date: /home/offroad/radar_ws/src/install/radar_conti_ars408_msgs/share/radar_conti_ars408_msgs/msg/ClusterGeneral.msg
[1.898s] -- Up-to-date: /home/offroad/radar_ws/src/install/radar_conti_ars408_msgs/share/radar_conti_ars408_msgs/msg/ClusterQuality.msg
[1.898s] -- Up-to-date: /home/offroad/radar_ws/src/install/radar_conti_ars408_msgs/share/radar_conti_ars408_msgs/msg/ClusterStatus.msg
[1.898s] -- Up-to-date: /home/offroad/radar_ws/src/install/radar_conti_ars408_msgs/share/radar_conti_ars408_msgs/msg/ObjectGeneral.msg
[1.898s] -- Up-to-date: /home/offroad/radar_ws/src/install/radar_conti_ars408_msgs/share/radar_conti_ars408_msgs/msg/ObjectExtended.msg
[1.898s] -- Up-to-date: /home/offroad/radar_ws/src/install/radar_conti_ars408_msgs/share/radar_conti_ars408_msgs/msg/ObjectQuality.msg
[1.898s] -- Up-to-date: /home/offroad/radar_ws/src/install/radar_conti_ars408_msgs/share/radar_conti_ars408_msgs/msg/ObjectStatus.msg
[1.898s] -- Up-to-date: /home/offroad/radar_ws/src/install/radar_conti_ars408_msgs/share/radar_conti_ars408_msgs/msg/RadarConfiguration.msg
[1.898s] -- Up-to-date: /home/offroad/radar_ws/src/install/radar_conti_ars408_msgs/share/radar_conti_ars408_msgs/msg/RadarState.msg
[1.898s] -- Up-to-date: /home/offroad/radar_ws/src/install/radar_conti_ars408_msgs/share/radar_conti_ars408_msgs/msg/VersionID.msg
[1.898s] -- Up-to-date: /home/offroad/radar_ws/src/install/radar_conti_ars408_msgs/share/radar_conti_ars408_msgs/msg/Cluster.msg
[1.898s] -- Up-to-date: /home/offroad/radar_ws/src/install/radar_conti_ars408_msgs/share/radar_conti_ars408_msgs/msg/Object.msg
[1.898s] -- Up-to-date: /home/offroad/radar_ws/src/install/radar_conti_ars408_msgs/share/radar_conti_ars408_msgs/msg/ClusterList.msg
[1.899s] -- Up-to-date: /home/offroad/radar_ws/src/install/radar_conti_ars408_msgs/share/radar_conti_ars408_msgs/msg/ObjectList.msg
[1.899s] -- Up-to-date: /home/offroad/radar_ws/src/install/radar_conti_ars408_msgs/share/radar_conti_ars408_msgs/msg/FilterStateCfg.msg
[1.899s] -- Up-to-date: /home/offroad/radar_ws/src/install/radar_conti_ars408_msgs/share/radar_conti_ars408_msgs/msg/FilterCfg.msg
[1.899s] -- Up-to-date: /home/offroad/radar_ws/src/install/radar_conti_ars408_msgs/share/radar_conti_ars408_msgs/msg/FilterStateHeader.msg
[1.899s] -- Up-to-date: /home/offroad/radar_ws/src/install/radar_conti_ars408_msgs/share/radar_conti_ars408_msgs/msg/Num.msg
[1.899s] -- Up-to-date: /home/offroad/radar_ws/src/install/radar_conti_ars408_msgs/share/radar_conti_ars408_msgs/srv/AddThreeInts.srv
[1.900s] -- Up-to-date: /home/offroad/radar_ws/src/install/radar_conti_ars408_msgs/share/radar_conti_ars408_msgs/srv/AddThreeInts_Request.msg
[1.900s] -- Up-to-date: /home/offroad/radar_ws/src/install/radar_conti_ars408_msgs/share/radar_conti_ars408_msgs/srv/AddThreeInts_Response.msg
[1.900s] -- Up-to-date: /home/offroad/radar_ws/src/install/radar_conti_ars408_msgs/share/ament_index/resource_index/package_run_dependencies/radar_conti_ars408_msgs
[1.900s] -- Up-to-date: /home/offroad/radar_ws/src/install/radar_conti_ars408_msgs/share/ament_index/resource_index/parent_prefix_path/radar_conti_ars408_msgs
[1.900s] -- Up-to-date: /home/offroad/radar_ws/src/install/radar_conti_ars408_msgs/share/radar_conti_ars408_msgs/environment/ament_prefix_path.sh
[1.900s] -- Up-to-date: /home/offroad/radar_ws/src/install/radar_conti_ars408_msgs/share/radar_conti_ars408_msgs/environment/ament_prefix_path.dsv
[1.900s] -- Up-to-date: /home/offroad/radar_ws/src/install/radar_conti_ars408_msgs/share/radar_conti_ars408_msgs/environment/path.sh
[1.900s] -- Up-to-date: /home/offroad/radar_ws/src/install/radar_conti_ars408_msgs/share/radar_conti_ars408_msgs/environment/path.dsv
[1.901s] -- Up-to-date: /home/offroad/radar_ws/src/install/radar_conti_ars408_msgs/share/radar_conti_ars408_msgs/local_setup.bash
[1.901s] -- Up-to-date: /home/offroad/radar_ws/src/install/radar_conti_ars408_msgs/share/radar_conti_ars408_msgs/local_setup.sh
[1.901s] -- Up-to-date: /home/offroad/radar_ws/src/install/radar_conti_ars408_msgs/share/radar_conti_ars408_msgs/local_setup.zsh
[1.901s] -- Up-to-date: /home/offroad/radar_ws/src/install/radar_conti_ars408_msgs/share/radar_conti_ars408_msgs/local_setup.dsv
[1.901s] -- Installing: /home/offroad/radar_ws/src/install/radar_conti_ars408_msgs/share/radar_conti_ars408_msgs/package.dsv
[1.901s] -- Up-to-date: /home/offroad/radar_ws/src/install/radar_conti_ars408_msgs/share/ament_index/resource_index/packages/radar_conti_ars408_msgs
[1.901s] -- Up-to-date: /home/offroad/radar_ws/src/install/radar_conti_ars408_msgs/share/radar_conti_ars408_msgs/cmake/radar_conti_ars408_msgs__rosidl_generator_cExport.cmake
[1.901s] -- Up-to-date: /home/offroad/radar_ws/src/install/radar_conti_ars408_msgs/share/radar_conti_ars408_msgs/cmake/radar_conti_ars408_msgs__rosidl_generator_cExport-noconfig.cmake
[1.901s] -- Up-to-date: /home/offroad/radar_ws/src/install/radar_conti_ars408_msgs/share/radar_conti_ars408_msgs/cmake/radar_conti_ars408_msgs__rosidl_typesupport_introspection_cExport.cmake
[1.901s] -- Up-to-date: /home/offroad/radar_ws/src/install/radar_conti_ars408_msgs/share/radar_conti_ars408_msgs/cmake/radar_conti_ars408_msgs__rosidl_typesupport_introspection_cExport-noconfig.cmake
[1.901s] -- Up-to-date: /home/offroad/radar_ws/src/install/radar_conti_ars408_msgs/share/radar_conti_ars408_msgs/cmake/radar_conti_ars408_msgs__rosidl_typesupport_cExport.cmake
[1.902s] -- Up-to-date: /home/offroad/radar_ws/src/install/radar_conti_ars408_msgs/share/radar_conti_ars408_msgs/cmake/radar_conti_ars408_msgs__rosidl_typesupport_cExport-noconfig.cmake
[1.902s] -- Up-to-date: /home/offroad/radar_ws/src/install/radar_conti_ars408_msgs/share/radar_conti_ars408_msgs/cmake/radar_conti_ars408_msgs__rosidl_generator_cppExport.cmake
[1.902s] -- Up-to-date: /home/offroad/radar_ws/src/install/radar_conti_ars408_msgs/share/radar_conti_ars408_msgs/cmake/radar_conti_ars408_msgs__rosidl_typesupport_introspection_cppExport.cmake
[1.902s] -- Up-to-date: /home/offroad/radar_ws/src/install/radar_conti_ars408_msgs/share/radar_conti_ars408_msgs/cmake/radar_conti_ars408_msgs__rosidl_typesupport_introspection_cppExport-noconfig.cmake
[1.902s] -- Up-to-date: /home/offroad/radar_ws/src/install/radar_conti_ars408_msgs/share/radar_conti_ars408_msgs/cmake/radar_conti_ars408_msgs__rosidl_typesupport_cppExport.cmake
[1.902s] -- Up-to-date: /home/offroad/radar_ws/src/install/radar_conti_ars408_msgs/share/radar_conti_ars408_msgs/cmake/radar_conti_ars408_msgs__rosidl_typesupport_cppExport-noconfig.cmake
[1.902s] -- Up-to-date: /home/offroad/radar_ws/src/install/radar_conti_ars408_msgs/share/radar_conti_ars408_msgs/cmake/rosidl_cmake-extras.cmake
[1.902s] -- Up-to-date: /home/offroad/radar_ws/src/install/radar_conti_ars408_msgs/share/radar_conti_ars408_msgs/cmake/ament_cmake_export_dependencies-extras.cmake
[1.902s] -- Up-to-date: /home/offroad/radar_ws/src/install/radar_conti_ars408_msgs/share/radar_conti_ars408_msgs/cmake/ament_cmake_export_libraries-extras.cmake
[1.902s] -- Up-to-date: /home/offroad/radar_ws/src/install/radar_conti_ars408_msgs/share/radar_conti_ars408_msgs/cmake/ament_cmake_export_targets-extras.cmake
[1.902s] -- Up-to-date: /home/offroad/radar_ws/src/install/radar_conti_ars408_msgs/share/radar_conti_ars408_msgs/cmake/ament_cmake_export_include_directories-extras.cmake
[1.902s] -- Up-to-date: /home/offroad/radar_ws/src/install/radar_conti_ars408_msgs/share/radar_conti_ars408_msgs/cmake/rosidl_cmake_export_typesupport_libraries-extras.cmake
[1.902s] -- Up-to-date: /home/offroad/radar_ws/src/install/radar_conti_ars408_msgs/share/radar_conti_ars408_msgs/cmake/rosidl_cmake_export_typesupport_targets-extras.cmake
[1.902s] -- Up-to-date: /home/offroad/radar_ws/src/install/radar_conti_ars408_msgs/share/radar_conti_ars408_msgs/cmake/radar_conti_ars408_msgsConfig.cmake
[1.903s] -- Up-to-date: /home/offroad/radar_ws/src/install/radar_conti_ars408_msgs/share/radar_conti_ars408_msgs/cmake/radar_conti_ars408_msgsConfig-version.cmake
[1.903s] -- Up-to-date: /home/offroad/radar_ws/src/install/radar_conti_ars408_msgs/share/radar_conti_ars408_msgs/package.xml
[1.909s] Invoked command in '/home/offroad/radar_ws/src/build/radar_conti_ars408_msgs' returned '0': CMAKE_PREFIX_PATH=${CMAKE_PREFIX_PATH}:/opt/ros/foxy /usr/bin/cmake --install /home/offroad/radar_ws/src/build/radar_conti_ars408_msgs
