[0.036s] Invoking command in '/home/offroad/radar_ws/src/build/can_msgs': CMAKE_PREFIX_PATH=${CMAKE_PREFIX_PATH}:/opt/ros/foxy /usr/bin/cmake --build /home/offroad/radar_ws/src/build/can_msgs -- -j12 -l12
[0.151s] [ 12%] Built target can_msgs__cpp
[0.151s] [ 12%] Built target can_msgs__rosidl_generator_c
[0.224s] [ 25%] Built target can_msgs__rosidl_typesupport_cpp
[0.225s] [ 32%] Built target can_msgs__rosidl_typesupport_introspection_c
[0.225s] [ 41%] Built target can_msgs__rosidl_typesupport_c
[0.259s] [ 51%] Built target can_msgs__rosidl_typesupport_fastrtps_cpp
[0.260s] [ 61%] Built target can_msgs__rosidl_typesupport_introspection_cpp
[0.352s] [ 70%] Built target can_msgs__rosidl_typesupport_fastrtps_c
[0.406s] [ 70%] Built target can_msgs
[0.482s] [ 74%] Built target can_msgs__py
[0.586s] [ 80%] Built target can_msgs__python
[0.714s] [ 87%] Built target can_msgs__rosidl_typesupport_c__pyext
[0.717s] [ 93%] Built target can_msgs__rosidl_typesupport_introspection_c__pyext
[0.731s] [100%] Built target can_msgs__rosidl_typesupport_fastrtps_c__pyext
[0.767s] Invoked command in '/home/offroad/radar_ws/src/build/can_msgs' returned '0': CMAKE_PREFIX_PATH=${CMAKE_PREFIX_PATH}:/opt/ros/foxy /usr/bin/cmake --build /home/offroad/radar_ws/src/build/can_msgs -- -j12 -l12
[0.943s] Invoking command in '/home/offroad/radar_ws/src/build/can_msgs': CMAKE_PREFIX_PATH=${CMAKE_PREFIX_PATH}:/opt/ros/foxy /usr/bin/cmake --install /home/offroad/radar_ws/src/build/can_msgs
[0.965s] -- Install configuration: ""
[0.966s] -- Up-to-date: /home/offroad/radar_ws/src/install/can_msgs/share/ament_index/resource_index/rosidl_interfaces/can_msgs
[0.966s] -- Up-to-date: /home/offroad/radar_ws/src/install/can_msgs/include/can_msgs
[0.966s] -- Up-to-date: /home/offroad/radar_ws/src/install/can_msgs/include/can_msgs/msg
[0.966s] -- Up-to-date: /home/offroad/radar_ws/src/install/can_msgs/include/can_msgs/msg/detail
[0.967s] -- Up-to-date: /home/offroad/radar_ws/src/install/can_msgs/include/can_msgs/msg/detail/frame__functions.h
[0.967s] -- Up-to-date: /home/offroad/radar_ws/src/install/can_msgs/include/can_msgs/msg/detail/frame__struct.h
[0.967s] -- Up-to-date: /home/offroad/radar_ws/src/install/can_msgs/include/can_msgs/msg/detail/frame__functions.c
[0.967s] -- Up-to-date: /home/offroad/radar_ws/src/install/can_msgs/include/can_msgs/msg/detail/frame__type_support.h
[0.967s] -- Up-to-date: /home/offroad/radar_ws/src/install/can_msgs/include/can_msgs/msg/rosidl_generator_c__visibility_control.h
[0.967s] -- Up-to-date: /home/offroad/radar_ws/src/install/can_msgs/include/can_msgs/msg/frame.h
[0.967s] -- Up-to-date: /home/offroad/radar_ws/src/install/can_msgs/share/can_msgs/environment/library_path.sh
[0.967s] -- Up-to-date: /home/offroad/radar_ws/src/install/can_msgs/share/can_msgs/environment/library_path.dsv
[0.967s] -- Up-to-date: /home/offroad/radar_ws/src/install/can_msgs/lib/libcan_msgs__rosidl_generator_c.so
[0.968s] -- Up-to-date: /home/offroad/radar_ws/src/install/can_msgs/include/can_msgs
[0.968s] -- Up-to-date: /home/offroad/radar_ws/src/install/can_msgs/include/can_msgs/msg
[0.968s] -- Up-to-date: /home/offroad/radar_ws/src/install/can_msgs/include/can_msgs/msg/detail
[0.968s] -- Up-to-date: /home/offroad/radar_ws/src/install/can_msgs/include/can_msgs/msg/detail/frame__rosidl_typesupport_fastrtps_c.h
[0.968s] -- Up-to-date: /home/offroad/radar_ws/src/install/can_msgs/include/can_msgs/msg/rosidl_typesupport_fastrtps_c__visibility_control.h
[0.968s] -- Up-to-date: /home/offroad/radar_ws/src/install/can_msgs/lib/libcan_msgs__rosidl_typesupport_fastrtps_c.so
[0.968s] -- Up-to-date: /home/offroad/radar_ws/src/install/can_msgs/include/can_msgs
[0.969s] -- Up-to-date: /home/offroad/radar_ws/src/install/can_msgs/include/can_msgs/msg
[0.969s] -- Up-to-date: /home/offroad/radar_ws/src/install/can_msgs/include/can_msgs/msg/detail
[0.969s] -- Up-to-date: /home/offroad/radar_ws/src/install/can_msgs/include/can_msgs/msg/detail/dds_fastrtps
[0.969s] -- Up-to-date: /home/offroad/radar_ws/src/install/can_msgs/include/can_msgs/msg/detail/frame__rosidl_typesupport_fastrtps_cpp.hpp
[0.970s] -- Up-to-date: /home/offroad/radar_ws/src/install/can_msgs/include/can_msgs/msg/rosidl_typesupport_fastrtps_cpp__visibility_control.h
[0.970s] -- Up-to-date: /home/offroad/radar_ws/src/install/can_msgs/lib/libcan_msgs__rosidl_typesupport_fastrtps_cpp.so
[0.971s] -- Up-to-date: /home/offroad/radar_ws/src/install/can_msgs/include/can_msgs
[0.974s] -- Up-to-date: /home/offroad/radar_ws/src/install/can_msgs/include/can_msgs/msg
[0.975s] -- Up-to-date: /home/offroad/radar_ws/src/install/can_msgs/include/can_msgs/msg/detail
[0.975s] -- Up-to-date: /home/offroad/radar_ws/src/install/can_msgs/include/can_msgs/msg/detail/frame__rosidl_typesupport_introspection_c.h
[0.975s] -- Up-to-date: /home/offroad/radar_ws/src/install/can_msgs/include/can_msgs/msg/detail/frame__type_support.c
[0.975s] -- Up-to-date: /home/offroad/radar_ws/src/install/can_msgs/include/can_msgs/msg/rosidl_typesupport_introspection_c__visibility_control.h
[0.975s] -- Up-to-date: /home/offroad/radar_ws/src/install/can_msgs/lib/libcan_msgs__rosidl_typesupport_introspection_c.so
[0.976s] -- Up-to-date: /home/offroad/radar_ws/src/install/can_msgs/lib/libcan_msgs__rosidl_typesupport_c.so
[0.976s] -- Up-to-date: /home/offroad/radar_ws/src/install/can_msgs/include/can_msgs
[0.976s] -- Up-to-date: /home/offroad/radar_ws/src/install/can_msgs/include/can_msgs/msg
[0.976s] -- Up-to-date: /home/offroad/radar_ws/src/install/can_msgs/include/can_msgs/msg/detail
[0.976s] -- Up-to-date: /home/offroad/radar_ws/src/install/can_msgs/include/can_msgs/msg/detail/frame__builder.hpp
[0.977s] -- Up-to-date: /home/offroad/radar_ws/src/install/can_msgs/include/can_msgs/msg/detail/frame__traits.hpp
[0.977s] -- Up-to-date: /home/offroad/radar_ws/src/install/can_msgs/include/can_msgs/msg/detail/frame__struct.hpp
[0.977s] -- Up-to-date: /home/offroad/radar_ws/src/install/can_msgs/include/can_msgs/msg/frame.hpp
[0.977s] -- Up-to-date: /home/offroad/radar_ws/src/install/can_msgs/include/can_msgs
[0.977s] -- Up-to-date: /home/offroad/radar_ws/src/install/can_msgs/include/can_msgs/msg
[0.977s] -- Up-to-date: /home/offroad/radar_ws/src/install/can_msgs/include/can_msgs/msg/detail
[0.977s] -- Up-to-date: /home/offroad/radar_ws/src/install/can_msgs/include/can_msgs/msg/detail/frame__type_support.cpp
[0.977s] -- Up-to-date: /home/offroad/radar_ws/src/install/can_msgs/include/can_msgs/msg/detail/frame__rosidl_typesupport_introspection_cpp.hpp
[0.977s] -- Up-to-date: /home/offroad/radar_ws/src/install/can_msgs/lib/libcan_msgs__rosidl_typesupport_introspection_cpp.so
[0.977s] -- Up-to-date: /home/offroad/radar_ws/src/install/can_msgs/lib/libcan_msgs__rosidl_typesupport_cpp.so
[0.977s] -- Up-to-date: /home/offroad/radar_ws/src/install/can_msgs/share/can_msgs/environment/pythonpath.sh
[0.978s] -- Up-to-date: /home/offroad/radar_ws/src/install/can_msgs/share/can_msgs/environment/pythonpath.dsv
[0.978s] -- Up-to-date: /home/offroad/radar_ws/src/install/can_msgs/lib/python3.8/site-packages/can_msgs/__init__.py
[1.054s] -- Up-to-date: /home/offroad/radar_ws/src/install/can_msgs/lib/python3.8/site-packages/can_msgs/msg
[1.054s] -- Up-to-date: /home/offroad/radar_ws/src/install/can_msgs/lib/python3.8/site-packages/can_msgs/msg/__init__.py
[1.055s] -- Up-to-date: /home/offroad/radar_ws/src/install/can_msgs/lib/python3.8/site-packages/can_msgs/msg/_frame.py
[1.059s] -- Up-to-date: /home/offroad/radar_ws/src/install/can_msgs/lib/python3.8/site-packages/can_msgs/msg/_frame_s.c
[1.061s] -- Up-to-date: /home/offroad/radar_ws/src/install/can_msgs/lib/python3.8/site-packages/can_msgs/can_msgs_s__rosidl_typesupport_fastrtps_c.cpython-38-x86_64-linux-gnu.so
[1.062s] -- Up-to-date: /home/offroad/radar_ws/src/install/can_msgs/lib/python3.8/site-packages/can_msgs/can_msgs_s__rosidl_typesupport_introspection_c.cpython-38-x86_64-linux-gnu.so
[1.062s] -- Up-to-date: /home/offroad/radar_ws/src/install/can_msgs/lib/python3.8/site-packages/can_msgs/can_msgs_s__rosidl_typesupport_c.cpython-38-x86_64-linux-gnu.so
[1.063s] -- Up-to-date: /home/offroad/radar_ws/src/install/can_msgs/lib/libcan_msgs__python.so
[1.064s] -- Up-to-date: /home/offroad/radar_ws/src/install/can_msgs/share/can_msgs/msg/Frame.idl
[1.065s] -- Up-to-date: /home/offroad/radar_ws/src/install/can_msgs/share/can_msgs/msg/Frame.msg
[1.067s] -- Up-to-date: /home/offroad/radar_ws/src/install/can_msgs/share/ament_index/resource_index/package_run_dependencies/can_msgs
[1.068s] -- Up-to-date: /home/offroad/radar_ws/src/install/can_msgs/share/ament_index/resource_index/parent_prefix_path/can_msgs
[1.068s] -- Up-to-date: /home/offroad/radar_ws/src/install/can_msgs/share/can_msgs/environment/ament_prefix_path.sh
[1.069s] -- Up-to-date: /home/offroad/radar_ws/src/install/can_msgs/share/can_msgs/environment/ament_prefix_path.dsv
[1.069s] -- Up-to-date: /home/offroad/radar_ws/src/install/can_msgs/share/can_msgs/environment/path.sh
[1.069s] -- Up-to-date: /home/offroad/radar_ws/src/install/can_msgs/share/can_msgs/environment/path.dsv
[1.069s] -- Up-to-date: /home/offroad/radar_ws/src/install/can_msgs/share/can_msgs/local_setup.bash
[1.069s] -- Up-to-date: /home/offroad/radar_ws/src/install/can_msgs/share/can_msgs/local_setup.sh
[1.070s] -- Up-to-date: /home/offroad/radar_ws/src/install/can_msgs/share/can_msgs/local_setup.zsh
[1.072s] -- Up-to-date: /home/offroad/radar_ws/src/install/can_msgs/share/can_msgs/local_setup.dsv
[1.076s] -- Installing: /home/offroad/radar_ws/src/install/can_msgs/share/can_msgs/package.dsv
[1.077s] -- Up-to-date: /home/offroad/radar_ws/src/install/can_msgs/share/ament_index/resource_index/packages/can_msgs
[1.077s] -- Up-to-date: /home/offroad/radar_ws/src/install/can_msgs/share/can_msgs/cmake/can_msgs__rosidl_generator_cExport.cmake
[1.077s] -- Up-to-date: /home/offroad/radar_ws/src/install/can_msgs/share/can_msgs/cmake/can_msgs__rosidl_generator_cExport-noconfig.cmake
[1.078s] -- Up-to-date: /home/offroad/radar_ws/src/install/can_msgs/share/can_msgs/cmake/can_msgs__rosidl_typesupport_introspection_cExport.cmake
[1.078s] -- Up-to-date: /home/offroad/radar_ws/src/install/can_msgs/share/can_msgs/cmake/can_msgs__rosidl_typesupport_introspection_cExport-noconfig.cmake
[1.079s] -- Up-to-date: /home/offroad/radar_ws/src/install/can_msgs/share/can_msgs/cmake/can_msgs__rosidl_typesupport_cExport.cmake
[1.079s] -- Up-to-date: /home/offroad/radar_ws/src/install/can_msgs/share/can_msgs/cmake/can_msgs__rosidl_typesupport_cExport-noconfig.cmake
[1.081s] -- Up-to-date: /home/offroad/radar_ws/src/install/can_msgs/share/can_msgs/cmake/can_msgs__rosidl_generator_cppExport.cmake
[1.082s] -- Up-to-date: /home/offroad/radar_ws/src/install/can_msgs/share/can_msgs/cmake/can_msgs__rosidl_typesupport_introspection_cppExport.cmake
[1.083s] -- Up-to-date: /home/offroad/radar_ws/src/install/can_msgs/share/can_msgs/cmake/can_msgs__rosidl_typesupport_introspection_cppExport-noconfig.cmake
[1.084s] -- Up-to-date: /home/offroad/radar_ws/src/install/can_msgs/share/can_msgs/cmake/can_msgs__rosidl_typesupport_cppExport.cmake
[1.084s] -- Up-to-date: /home/offroad/radar_ws/src/install/can_msgs/share/can_msgs/cmake/can_msgs__rosidl_typesupport_cppExport-noconfig.cmake
[1.085s] -- Up-to-date: /home/offroad/radar_ws/src/install/can_msgs/share/can_msgs/cmake/rosidl_cmake-extras.cmake
[1.085s] -- Up-to-date: /home/offroad/radar_ws/src/install/can_msgs/share/can_msgs/cmake/ament_cmake_export_dependencies-extras.cmake
[1.085s] -- Up-to-date: /home/offroad/radar_ws/src/install/can_msgs/share/can_msgs/cmake/ament_cmake_export_libraries-extras.cmake
[1.086s] -- Up-to-date: /home/offroad/radar_ws/src/install/can_msgs/share/can_msgs/cmake/ament_cmake_export_targets-extras.cmake
[1.086s] -- Up-to-date: /home/offroad/radar_ws/src/install/can_msgs/share/can_msgs/cmake/ament_cmake_export_include_directories-extras.cmake
[1.086s] -- Up-to-date: /home/offroad/radar_ws/src/install/can_msgs/share/can_msgs/cmake/rosidl_cmake_export_typesupport_libraries-extras.cmake
[1.086s] -- Up-to-date: /home/offroad/radar_ws/src/install/can_msgs/share/can_msgs/cmake/rosidl_cmake_export_typesupport_targets-extras.cmake
[1.087s] -- Up-to-date: /home/offroad/radar_ws/src/install/can_msgs/share/can_msgs/cmake/can_msgsConfig.cmake
[1.087s] -- Up-to-date: /home/offroad/radar_ws/src/install/can_msgs/share/can_msgs/cmake/can_msgsConfig-version.cmake
[1.089s] -- Up-to-date: /home/offroad/radar_ws/src/install/can_msgs/share/can_msgs/package.xml
[1.093s] Invoked command in '/home/offroad/radar_ws/src/build/can_msgs' returned '0': CMAKE_PREFIX_PATH=${CMAKE_PREFIX_PATH}:/opt/ros/foxy /usr/bin/cmake --install /home/offroad/radar_ws/src/build/can_msgs
