[0.081s] Invoking command in '/home/offroad/radar_ws/src/build/can_msgs': CMAKE_PREFIX_PATH=${CMAKE_PREFIX_PATH}:/opt/ros/foxy /usr/bin/cmake --build /home/offroad/radar_ws/src/build/can_msgs -- -j12 -l12
[0.234s] [35m[1mScanning dependencies of target can_msgs__cpp[0m
[0.342s] [  3%] [34m[1mGenerating C code for ROS interfaces[0m
[0.345s] [  6%] [34m[1mGenerating C++ code for ROS interfaces[0m
[1.149s] [35m[1mScanning dependencies of target can_msgs__rosidl_generator_c[0m
[1.172s] [  6%] Built target can_msgs__cpp
[1.181s] [  9%] [32mBuilding C object CMakeFiles/can_msgs__rosidl_generator_c.dir/rosidl_generator_c/can_msgs/msg/detail/frame__functions.c.o[0m
[1.197s] [ 16%] [34m[1mGenerating C++ introspection for ROS interfaces[0m
[1.197s] [ 16%] [34m[1mGenerating C++ type support for eProsima Fast-RTPS[0m
[1.197s] [ 19%] [34m[1mGenerating C++ type support dispatch for ROS interfaces[0m
[1.339s] [ 22%] [32m[1mLinking C shared library libcan_msgs__rosidl_generator_c.so[0m
[1.533s] [ 22%] Built target can_msgs__rosidl_generator_c
[1.585s] [ 29%] [34m[1mGenerating C introspection for ROS interfaces[0m
[1.586s] [ 29%] [34m[1mGenerating C type support dispatch for ROS interfaces[0m
[1.999s] [35m[1mScanning dependencies of target can_msgs__rosidl_typesupport_cpp[0m
[2.064s] [ 32%] [32mBuilding CXX object CMakeFiles/can_msgs__rosidl_typesupport_cpp.dir/rosidl_typesupport_cpp/can_msgs/msg/frame__type_support.cpp.o[0m
[2.085s] [35m[1mScanning dependencies of target can_msgs__rosidl_typesupport_fastrtps_cpp[0m
[2.144s] [35m[1mScanning dependencies of target can_msgs__rosidl_typesupport_introspection_cpp[0m
[2.175s] [ 35%] [32mBuilding CXX object CMakeFiles/can_msgs__rosidl_typesupport_fastrtps_cpp.dir/rosidl_typesupport_fastrtps_cpp/can_msgs/msg/detail/dds_fastrtps/frame__type_support.cpp.o[0m
[2.215s] [ 38%] [32mBuilding CXX object CMakeFiles/can_msgs__rosidl_typesupport_introspection_cpp.dir/rosidl_typesupport_introspection_cpp/can_msgs/msg/detail/frame__type_support.cpp.o[0m
[2.690s] [35m[1mScanning dependencies of target can_msgs__rosidl_typesupport_c[0m
[2.719s] [35m[1mScanning dependencies of target can_msgs__rosidl_typesupport_introspection_c[0m
[2.840s] [ 41%] [32mBuilding C object CMakeFiles/can_msgs__rosidl_typesupport_introspection_c.dir/rosidl_typesupport_introspection_c/can_msgs/msg/detail/frame__type_support.c.o[0m
[2.843s] [ 45%] [32mBuilding CXX object CMakeFiles/can_msgs__rosidl_typesupport_c.dir/rosidl_typesupport_c/can_msgs/msg/frame__type_support.cpp.o[0m
[3.010s] [ 48%] [32m[1mLinking C shared library libcan_msgs__rosidl_typesupport_introspection_c.so[0m
[3.020s] [ 51%] [32m[1mLinking CXX shared library libcan_msgs__rosidl_typesupport_c.so[0m
[3.198s] [ 51%] Built target can_msgs__rosidl_typesupport_introspection_c
[3.252s] [ 51%] Built target can_msgs__rosidl_typesupport_c
[3.517s] [ 54%] [32m[1mLinking CXX shared library libcan_msgs__rosidl_typesupport_cpp.so[0m
[3.549s] [ 58%] [32m[1mLinking CXX shared library libcan_msgs__rosidl_typesupport_introspection_cpp.so[0m
[3.670s] [ 58%] Built target can_msgs__rosidl_typesupport_cpp
[3.915s] [ 58%] Built target can_msgs__rosidl_typesupport_introspection_cpp
[4.087s] [ 61%] [32m[1mLinking CXX shared library libcan_msgs__rosidl_typesupport_fastrtps_cpp.so[0m
[4.398s] [ 61%] Built target can_msgs__rosidl_typesupport_fastrtps_cpp
[4.428s] [ 64%] [34m[1mGenerating C type support for eProsima Fast-RTPS[0m
[4.996s] [35m[1mScanning dependencies of target can_msgs__rosidl_typesupport_fastrtps_c[0m
[5.035s] [ 67%] [32mBuilding CXX object CMakeFiles/can_msgs__rosidl_typesupport_fastrtps_c.dir/rosidl_typesupport_fastrtps_c/can_msgs/msg/detail/frame__type_support_c.cpp.o[0m
[5.854s] [ 70%] [32m[1mLinking CXX shared library libcan_msgs__rosidl_typesupport_fastrtps_c.so[0m
[6.134s] [ 70%] Built target can_msgs__rosidl_typesupport_fastrtps_c
[6.158s] [35m[1mScanning dependencies of target can_msgs[0m
[6.179s] [ 70%] Built target can_msgs
[6.209s] [35m[1mScanning dependencies of target can_msgs__py[0m
[6.235s] [ 74%] [34m[1mGenerating Python code for ROS interfaces[0m
[8.513s] [ 74%] Built target can_msgs__py
[8.562s] [35m[1mScanning dependencies of target can_msgs__python[0m
[8.631s] [ 77%] [32mBuilding C object CMakeFiles/can_msgs__python.dir/rosidl_generator_py/can_msgs/msg/_frame_s.c.o[0m
[8.987s] [ 80%] [32m[1mLinking C shared library rosidl_generator_py/can_msgs/libcan_msgs__python.so[0m
[9.217s] [ 80%] Built target can_msgs__python
[9.283s] [35m[1mScanning dependencies of target can_msgs__rosidl_typesupport_fastrtps_c__pyext[0m
[9.284s] [35m[1mScanning dependencies of target can_msgs__rosidl_typesupport_c__pyext[0m
[9.284s] [35m[1mScanning dependencies of target can_msgs__rosidl_typesupport_introspection_c__pyext[0m
[9.370s] [ 83%] [32mBuilding C object CMakeFiles/can_msgs__rosidl_typesupport_fastrtps_c__pyext.dir/rosidl_generator_py/can_msgs/_can_msgs_s.ep.rosidl_typesupport_fastrtps_c.c.o[0m
[9.371s] [ 87%] [32mBuilding C object CMakeFiles/can_msgs__rosidl_typesupport_introspection_c__pyext.dir/rosidl_generator_py/can_msgs/_can_msgs_s.ep.rosidl_typesupport_introspection_c.c.o[0m
[9.443s] [ 90%] [32mBuilding C object CMakeFiles/can_msgs__rosidl_typesupport_c__pyext.dir/rosidl_generator_py/can_msgs/_can_msgs_s.ep.rosidl_typesupport_c.c.o[0m
[9.794s] [ 93%] [32m[1mLinking C shared library rosidl_generator_py/can_msgs/can_msgs_s__rosidl_typesupport_introspection_c.cpython-38-x86_64-linux-gnu.so[0m
[9.815s] [ 96%] [32m[1mLinking CXX shared library rosidl_generator_py/can_msgs/can_msgs_s__rosidl_typesupport_fastrtps_c.cpython-38-x86_64-linux-gnu.so[0m
[10.044s] [ 96%] Built target can_msgs__rosidl_typesupport_introspection_c__pyext
[10.209s] [100%] [32m[1mLinking C shared library rosidl_generator_py/can_msgs/can_msgs_s__rosidl_typesupport_c.cpython-38-x86_64-linux-gnu.so[0m
[10.218s] [100%] Built target can_msgs__rosidl_typesupport_fastrtps_c__pyext
[10.419s] [100%] Built target can_msgs__rosidl_typesupport_c__pyext
