[0.082s] Invoking command in '/home/offroad/radar_ws/src/build/can_msgs': CMAKE_PREFIX_PATH=${CMAKE_PREFIX_PATH}:/opt/ros/foxy /usr/bin/cmake /home/offroad/radar_ws/src/ros2_socketcan_bridge/can_msgs -DCMAKE_INSTALL_PREFIX=/home/offroad/radar_ws/src/install/can_msgs
[0.311s] -- The C compiler identification is GNU 9.4.0
[0.532s] -- The CXX compiler identification is GNU 9.4.0
[0.548s] -- Check for working C compiler: /usr/bin/cc
[0.926s] -- Check for working C compiler: /usr/bin/cc -- works
[0.930s] -- Detecting C compiler ABI info
[1.347s] -- Detecting C compiler ABI info - done
[1.420s] -- Detecting C compile features
[1.421s] -- Detecting C compile features - done
[1.436s] -- Check for working CXX compiler: /usr/bin/c++
[2.048s] -- Check for working CXX compiler: /usr/bin/c++ -- works
[2.071s] -- Detecting CXX compiler ABI info
[2.600s] -- Detecting CXX compiler ABI info - done
[2.645s] -- Detecting CXX compile features
[2.646s] -- Detecting CXX compile features - done
[2.662s] -- Found ament_cmake: 0.9.9 (/opt/ros/foxy/share/ament_cmake/cmake)
[2.849s] -- Found PythonInterp: /usr/bin/python3 (found suitable version "3.8.10", minimum required is "3") 
[2.850s] -- Using PYTHON_EXECUTABLE: /usr/bin/python3
[3.862s] -- Found builtin_interfaces: 1.0.0 (/opt/ros/foxy/share/builtin_interfaces/cmake)
[3.964s] -- Using all available rosidl_typesupport_c: rosidl_typesupport_fastrtps_c;rosidl_typesupport_introspection_c
[3.991s] -- Found rosidl_adapter: 1.2.1 (/opt/ros/foxy/share/rosidl_adapter/cmake)
[4.227s] -- Found OpenSSL: /usr/lib/x86_64-linux-gnu/libcrypto.so (found version "1.1.1f")  
[4.286s] -- Found FastRTPS: /opt/ros/foxy/include  
[4.457s] -- Using all available rosidl_typesupport_cpp: rosidl_typesupport_fastrtps_cpp;rosidl_typesupport_introspection_cpp
[4.541s] -- Found rosidl_default_generators: 1.0.1 (/opt/ros/foxy/share/rosidl_default_generators/cmake)
[4.586s] -- Found geometry_msgs: 2.0.5 (/opt/ros/foxy/share/geometry_msgs/cmake)
