[0.045s] Invoking command in '/home/offroad/radar_ws/src/build/cpp_srvcli': AMENT_PREFIX_PATH=/home/offroad/radar_ws/src/install/radar_conti_ars408_msgs:${AMENT_PREFIX_PATH} CMAKE_PREFIX_PATH=/home/offroad/radar_ws/src/install/radar_conti_ars408_msgs:/home/offroad/radar_ws/install/ros2socketcan_bridge:/home/offroad/radar_ws/install/radar_conti_ars408:/home/offroad/radar_ws/install/cpp_srvcli:/home/offroad/radar_ws/install/radar_conti_ars408_msgs:/home/offroad/radar_ws/install/cpp_pubsub:/home/offroad/radar_ws/install/can_msgs:/opt/ros/foxy LD_LIBRARY_PATH=/home/offroad/radar_ws/src/install/radar_conti_ars408_msgs/lib:${LD_LIBRARY_PATH} PYTHONPATH=/home/offroad/radar_ws/src/install/radar_conti_ars408_msgs/lib/python3.8/site-packages:${PYTHONPATH} /usr/bin/cmake --build /home/offroad/radar_ws/src/build/cpp_srvcli -- -j12 -l12
[0.176s] [100%] Built target server
[0.176s] [100%] Built target client
[0.226s] Invoked command in '/home/offroad/radar_ws/src/build/cpp_srvcli' returned '0': AMENT_PREFIX_PATH=/home/offroad/radar_ws/src/install/radar_conti_ars408_msgs:${AMENT_PREFIX_PATH} CMAKE_PREFIX_PATH=/home/offroad/radar_ws/src/install/radar_conti_ars408_msgs:/home/offroad/radar_ws/install/ros2socketcan_bridge:/home/offroad/radar_ws/install/radar_conti_ars408:/home/offroad/radar_ws/install/cpp_srvcli:/home/offroad/radar_ws/install/radar_conti_ars408_msgs:/home/offroad/radar_ws/install/cpp_pubsub:/home/offroad/radar_ws/install/can_msgs:/opt/ros/foxy LD_LIBRARY_PATH=/home/offroad/radar_ws/src/install/radar_conti_ars408_msgs/lib:${LD_LIBRARY_PATH} PYTHONPATH=/home/offroad/radar_ws/src/install/radar_conti_ars408_msgs/lib/python3.8/site-packages:${PYTHONPATH} /usr/bin/cmake --build /home/offroad/radar_ws/src/build/cpp_srvcli -- -j12 -l12
[0.310s] Invoking command in '/home/offroad/radar_ws/src/build/cpp_srvcli': AMENT_PREFIX_PATH=/home/offroad/radar_ws/src/install/radar_conti_ars408_msgs:${AMENT_PREFIX_PATH} CMAKE_PREFIX_PATH=/home/offroad/radar_ws/src/install/radar_conti_ars408_msgs:/home/offroad/radar_ws/install/ros2socketcan_bridge:/home/offroad/radar_ws/install/radar_conti_ars408:/home/offroad/radar_ws/install/cpp_srvcli:/home/offroad/radar_ws/install/radar_conti_ars408_msgs:/home/offroad/radar_ws/install/cpp_pubsub:/home/offroad/radar_ws/install/can_msgs:/opt/ros/foxy LD_LIBRARY_PATH=/home/offroad/radar_ws/src/install/radar_conti_ars408_msgs/lib:${LD_LIBRARY_PATH} PYTHONPATH=/home/offroad/radar_ws/src/install/radar_conti_ars408_msgs/lib/python3.8/site-packages:${PYTHONPATH} /usr/bin/cmake --install /home/offroad/radar_ws/src/build/cpp_srvcli
[0.334s] -- Install configuration: ""
[0.334s] -- Up-to-date: /home/offroad/radar_ws/src/install/cpp_srvcli/lib/cpp_srvcli/server
[0.335s] -- Up-to-date: /home/offroad/radar_ws/src/install/cpp_srvcli/lib/cpp_srvcli/client
[0.335s] -- Up-to-date: /home/offroad/radar_ws/src/install/cpp_srvcli/share/ament_index/resource_index/package_run_dependencies/cpp_srvcli
[0.336s] -- Up-to-date: /home/offroad/radar_ws/src/install/cpp_srvcli/share/ament_index/resource_index/parent_prefix_path/cpp_srvcli
[0.336s] -- Up-to-date: /home/offroad/radar_ws/src/install/cpp_srvcli/share/cpp_srvcli/environment/ament_prefix_path.sh
[0.337s] -- Up-to-date: /home/offroad/radar_ws/src/install/cpp_srvcli/share/cpp_srvcli/environment/ament_prefix_path.dsv
[0.337s] -- Up-to-date: /home/offroad/radar_ws/src/install/cpp_srvcli/share/cpp_srvcli/environment/path.sh
[0.338s] -- Up-to-date: /home/offroad/radar_ws/src/install/cpp_srvcli/share/cpp_srvcli/environment/path.dsv
[0.338s] -- Up-to-date: /home/offroad/radar_ws/src/install/cpp_srvcli/share/cpp_srvcli/local_setup.bash
[0.338s] -- Up-to-date: /home/offroad/radar_ws/src/install/cpp_srvcli/share/cpp_srvcli/local_setup.sh
[0.338s] -- Up-to-date: /home/offroad/radar_ws/src/install/cpp_srvcli/share/cpp_srvcli/local_setup.zsh
[0.339s] -- Up-to-date: /home/offroad/radar_ws/src/install/cpp_srvcli/share/cpp_srvcli/local_setup.dsv
[0.339s] -- Installing: /home/offroad/radar_ws/src/install/cpp_srvcli/share/cpp_srvcli/package.dsv
[0.339s] -- Up-to-date: /home/offroad/radar_ws/src/install/cpp_srvcli/share/ament_index/resource_index/packages/cpp_srvcli
[0.339s] -- Up-to-date: /home/offroad/radar_ws/src/install/cpp_srvcli/share/cpp_srvcli/cmake/cpp_srvcliConfig.cmake
[0.339s] -- Up-to-date: /home/offroad/radar_ws/src/install/cpp_srvcli/share/cpp_srvcli/cmake/cpp_srvcliConfig-version.cmake
[0.339s] -- Up-to-date: /home/offroad/radar_ws/src/install/cpp_srvcli/share/cpp_srvcli/package.xml
[0.348s] Invoked command in '/home/offroad/radar_ws/src/build/cpp_srvcli' returned '0': AMENT_PREFIX_PATH=/home/offroad/radar_ws/src/install/radar_conti_ars408_msgs:${AMENT_PREFIX_PATH} CMAKE_PREFIX_PATH=/home/offroad/radar_ws/src/install/radar_conti_ars408_msgs:/home/offroad/radar_ws/install/ros2socketcan_bridge:/home/offroad/radar_ws/install/radar_conti_ars408:/home/offroad/radar_ws/install/cpp_srvcli:/home/offroad/radar_ws/install/radar_conti_ars408_msgs:/home/offroad/radar_ws/install/cpp_pubsub:/home/offroad/radar_ws/install/can_msgs:/opt/ros/foxy LD_LIBRARY_PATH=/home/offroad/radar_ws/src/install/radar_conti_ars408_msgs/lib:${LD_LIBRARY_PATH} PYTHONPATH=/home/offroad/radar_ws/src/install/radar_conti_ars408_msgs/lib/python3.8/site-packages:${PYTHONPATH} /usr/bin/cmake --install /home/offroad/radar_ws/src/build/cpp_srvcli
