[0.026s] Invoking command in '/home/offroad/radar_ws/build/cpp_srvcli': CMAKE_PREFIX_PATH=${CMAKE_PREFIX_PATH}:/opt/ros/foxy /usr/bin/cmake --build /home/offroad/radar_ws/build/cpp_srvcli -- -j12 -l12
[0.079s] [ 50%] Built target client
[0.085s] [100%] Built target server
[0.097s] Invoked command in '/home/offroad/radar_ws/build/cpp_srvcli' returned '0': CMAKE_PREFIX_PATH=${CMAKE_PREFIX_PATH}:/opt/ros/foxy /usr/bin/cmake --build /home/offroad/radar_ws/build/cpp_srvcli -- -j12 -l12
[0.136s] Invoking command in '/home/offroad/radar_ws/build/cpp_srvcli': CMAKE_PREFIX_PATH=${CMAKE_PREFIX_PATH}:/opt/ros/foxy /usr/bin/cmake --install /home/offroad/radar_ws/build/cpp_srvcli
[0.144s] -- Install configuration: ""
[0.144s] -- Up-to-date: /home/offroad/radar_ws/install/cpp_srvcli/lib/cpp_srvcli/server
[0.145s] -- Up-to-date: /home/offroad/radar_ws/install/cpp_srvcli/lib/cpp_srvcli/client
[0.145s] -- Up-to-date: /home/offroad/radar_ws/install/cpp_srvcli/share/ament_index/resource_index/package_run_dependencies/cpp_srvcli
[0.145s] -- Up-to-date: /home/offroad/radar_ws/install/cpp_srvcli/share/ament_index/resource_index/parent_prefix_path/cpp_srvcli
[0.145s] -- Up-to-date: /home/offroad/radar_ws/install/cpp_srvcli/share/cpp_srvcli/environment/ament_prefix_path.sh
[0.145s] -- Up-to-date: /home/offroad/radar_ws/install/cpp_srvcli/share/cpp_srvcli/environment/ament_prefix_path.dsv
[0.145s] -- Up-to-date: /home/offroad/radar_ws/install/cpp_srvcli/share/cpp_srvcli/environment/path.sh
[0.145s] -- Up-to-date: /home/offroad/radar_ws/install/cpp_srvcli/share/cpp_srvcli/environment/path.dsv
[0.145s] -- Up-to-date: /home/offroad/radar_ws/install/cpp_srvcli/share/cpp_srvcli/local_setup.bash
[0.146s] -- Up-to-date: /home/offroad/radar_ws/install/cpp_srvcli/share/cpp_srvcli/local_setup.sh
[0.146s] -- Up-to-date: /home/offroad/radar_ws/install/cpp_srvcli/share/cpp_srvcli/local_setup.zsh
[0.146s] -- Up-to-date: /home/offroad/radar_ws/install/cpp_srvcli/share/cpp_srvcli/local_setup.dsv
[0.146s] -- Installing: /home/offroad/radar_ws/install/cpp_srvcli/share/cpp_srvcli/package.dsv
[0.146s] -- Up-to-date: /home/offroad/radar_ws/install/cpp_srvcli/share/ament_index/resource_index/packages/cpp_srvcli
[0.146s] -- Up-to-date: /home/offroad/radar_ws/install/cpp_srvcli/share/cpp_srvcli/cmake/cpp_srvcliConfig.cmake
[0.146s] -- Up-to-date: /home/offroad/radar_ws/install/cpp_srvcli/share/cpp_srvcli/cmake/cpp_srvcliConfig-version.cmake
[0.146s] -- Up-to-date: /home/offroad/radar_ws/install/cpp_srvcli/share/cpp_srvcli/package.xml
[0.147s] Invoked command in '/home/offroad/radar_ws/build/cpp_srvcli' returned '0': CMAKE_PREFIX_PATH=${CMAKE_PREFIX_PATH}:/opt/ros/foxy /usr/bin/cmake --install /home/offroad/radar_ws/build/cpp_srvcli
