[0.109s] DEBUG:colcon:Command line arguments: ['/usr/bin/colcon', 'build']
[0.109s] DEBUG:colcon:Parsed command line arguments: Namespace(allow_overriding=[], ament_cmake_args=None, base_paths=['.'], build_base='build', catkin_cmake_args=None, catkin_skip_building_tests=False, cmake_args=None, cmake_clean_cache=False, cmake_clean_first=False, cmake_force_configure=False, cmake_target=None, cmake_target_skip_unavailable=False, continue_on_error=False, event_handlers=None, executor='parallel', ignore_user_meta=False, install_base='install', log_base=None, log_level=None, main=<bound method BuildVerb.main of <colcon_core.verb.build.BuildVerb object at 0x7f6d03727bb0>>, merge_install=False, metas=['./colcon.meta'], packages_above=None, packages_above_and_dependencies=None, packages_above_depth=None, packages_end=None, packages_ignore=None, packages_ignore_regex=None, packages_select=None, packages_select_build_failed=False, packages_select_by_dep=None, packages_select_regex=None, packages_select_test_failures=False, packages_skip=None, packages_skip_build_finished=False, packages_skip_by_dep=None, packages_skip_regex=None, packages_skip_test_passed=False, packages_skip_up_to=None, packages_start=None, packages_up_to=None, packages_up_to_regex=None, parallel_workers=12, paths=None, symlink_install=False, test_result_base=None, verb_extension=<colcon_core.verb.build.BuildVerb object at 0x7f6d03727bb0>, verb_name='build', verb_parser=<colcon_defaults.argument_parser.defaults.DefaultArgumentsDecorator object at 0x7f6d036b0160>)
[0.128s] Level 1:colcon.colcon_core.package_discovery:discover_packages(colcon_meta) check parameters
[0.128s] Level 1:colcon.colcon_core.package_discovery:discover_packages(recursive) check parameters
[0.128s] Level 1:colcon.colcon_core.package_discovery:discover_packages(ignore) check parameters
[0.128s] Level 1:colcon.colcon_core.package_discovery:discover_packages(path) check parameters
[0.128s] Level 1:colcon.colcon_core.package_discovery:discover_packages(colcon_meta) discover
[0.128s] Level 1:colcon.colcon_core.package_discovery:discover_packages(recursive) discover
[0.128s] INFO:colcon.colcon_core.package_discovery:Crawling recursively for packages in '/home/offroad/radar_ws'
[0.128s] Level 1:colcon.colcon_core.package_identification:_identify(.) by extensions ['ignore', 'ignore_ament_install']
[0.129s] Level 1:colcon.colcon_core.package_identification:_identify(.) by extension 'ignore'
[0.129s] Level 1:colcon.colcon_core.package_identification:_identify(.) by extension 'ignore_ament_install'
[0.129s] Level 1:colcon.colcon_core.package_identification:_identify(.) by extensions ['colcon_pkg']
[0.129s] Level 1:colcon.colcon_core.package_identification:_identify(.) by extension 'colcon_pkg'
[0.129s] Level 1:colcon.colcon_core.package_identification:_identify(.) by extensions ['colcon_meta']
[0.129s] Level 1:colcon.colcon_core.package_identification:_identify(.) by extension 'colcon_meta'
[0.129s] Level 1:colcon.colcon_core.package_identification:_identify(.) by extensions ['ros']
[0.129s] Level 1:colcon.colcon_core.package_identification:_identify(.) by extension 'ros'
[0.138s] Level 1:colcon.colcon_core.package_identification:_identify(.) by extensions ['cmake', 'python']
[0.138s] Level 1:colcon.colcon_core.package_identification:_identify(.) by extension 'cmake'
[0.138s] Level 1:colcon.colcon_core.package_identification:_identify(.) by extension 'python'
[0.138s] Level 1:colcon.colcon_core.package_identification:_identify(.) by extensions ['python_setup_py']
[0.138s] Level 1:colcon.colcon_core.package_identification:_identify(.) by extension 'python_setup_py'
[0.138s] Level 1:colcon.colcon_core.package_identification:_identify(build) by extensions ['ignore', 'ignore_ament_install']
[0.138s] Level 1:colcon.colcon_core.package_identification:_identify(build) by extension 'ignore'
[0.138s] Level 1:colcon.colcon_core.package_identification:_identify(build) ignored
[0.138s] Level 1:colcon.colcon_core.package_identification:_identify(install) by extensions ['ignore', 'ignore_ament_install']
[0.138s] Level 1:colcon.colcon_core.package_identification:_identify(install) by extension 'ignore'
[0.138s] Level 1:colcon.colcon_core.package_identification:_identify(install) ignored
[0.138s] Level 1:colcon.colcon_core.package_identification:_identify(log) by extensions ['ignore', 'ignore_ament_install']
[0.138s] Level 1:colcon.colcon_core.package_identification:_identify(log) by extension 'ignore'
[0.138s] Level 1:colcon.colcon_core.package_identification:_identify(log) ignored
[0.138s] Level 1:colcon.colcon_core.package_identification:_identify(src) by extensions ['ignore', 'ignore_ament_install']
[0.139s] Level 1:colcon.colcon_core.package_identification:_identify(src) by extension 'ignore'
[0.139s] Level 1:colcon.colcon_core.package_identification:_identify(src) by extension 'ignore_ament_install'
[0.139s] Level 1:colcon.colcon_core.package_identification:_identify(src) by extensions ['colcon_pkg']
[0.139s] Level 1:colcon.colcon_core.package_identification:_identify(src) by extension 'colcon_pkg'
[0.139s] Level 1:colcon.colcon_core.package_identification:_identify(src) by extensions ['colcon_meta']
[0.139s] Level 1:colcon.colcon_core.package_identification:_identify(src) by extension 'colcon_meta'
[0.139s] Level 1:colcon.colcon_core.package_identification:_identify(src) by extensions ['ros']
[0.139s] Level 1:colcon.colcon_core.package_identification:_identify(src) by extension 'ros'
[0.139s] Level 1:colcon.colcon_core.package_identification:_identify(src) by extensions ['cmake', 'python']
[0.139s] Level 1:colcon.colcon_core.package_identification:_identify(src) by extension 'cmake'
[0.139s] Level 1:colcon.colcon_core.package_identification:_identify(src) by extension 'python'
[0.139s] Level 1:colcon.colcon_core.package_identification:_identify(src) by extensions ['python_setup_py']
[0.139s] Level 1:colcon.colcon_core.package_identification:_identify(src) by extension 'python_setup_py'
[0.139s] Level 1:colcon.colcon_core.package_identification:_identify(src/CAN_Recording) by extensions ['ignore', 'ignore_ament_install']
[0.139s] Level 1:colcon.colcon_core.package_identification:_identify(src/CAN_Recording) by extension 'ignore'
[0.139s] Level 1:colcon.colcon_core.package_identification:_identify(src/CAN_Recording) by extension 'ignore_ament_install'
[0.139s] Level 1:colcon.colcon_core.package_identification:_identify(src/CAN_Recording) by extensions ['colcon_pkg']
[0.139s] Level 1:colcon.colcon_core.package_identification:_identify(src/CAN_Recording) by extension 'colcon_pkg'
[0.139s] Level 1:colcon.colcon_core.package_identification:_identify(src/CAN_Recording) by extensions ['colcon_meta']
[0.139s] Level 1:colcon.colcon_core.package_identification:_identify(src/CAN_Recording) by extension 'colcon_meta'
[0.139s] Level 1:colcon.colcon_core.package_identification:_identify(src/CAN_Recording) by extensions ['ros']
[0.140s] Level 1:colcon.colcon_core.package_identification:_identify(src/CAN_Recording) by extension 'ros'
[0.140s] Level 1:colcon.colcon_core.package_identification:_identify(src/CAN_Recording) by extensions ['cmake', 'python']
[0.140s] Level 1:colcon.colcon_core.package_identification:_identify(src/CAN_Recording) by extension 'cmake'
[0.140s] Level 1:colcon.colcon_core.package_identification:_identify(src/CAN_Recording) by extension 'python'
[0.140s] Level 1:colcon.colcon_core.package_identification:_identify(src/CAN_Recording) by extensions ['python_setup_py']
[0.140s] Level 1:colcon.colcon_core.package_identification:_identify(src/CAN_Recording) by extension 'python_setup_py'
[0.140s] Level 1:colcon.colcon_core.package_identification:_identify(src/cpp_srvcli) by extensions ['ignore', 'ignore_ament_install']
[0.140s] Level 1:colcon.colcon_core.package_identification:_identify(src/cpp_srvcli) by extension 'ignore'
[0.140s] Level 1:colcon.colcon_core.package_identification:_identify(src/cpp_srvcli) by extension 'ignore_ament_install'
[0.140s] Level 1:colcon.colcon_core.package_identification:_identify(src/cpp_srvcli) by extensions ['colcon_pkg']
[0.140s] Level 1:colcon.colcon_core.package_identification:_identify(src/cpp_srvcli) by extension 'colcon_pkg'
[0.140s] Level 1:colcon.colcon_core.package_identification:_identify(src/cpp_srvcli) by extensions ['colcon_meta']
[0.140s] Level 1:colcon.colcon_core.package_identification:_identify(src/cpp_srvcli) by extension 'colcon_meta'
[0.140s] Level 1:colcon.colcon_core.package_identification:_identify(src/cpp_srvcli) by extensions ['ros']
[0.140s] Level 1:colcon.colcon_core.package_identification:_identify(src/cpp_srvcli) by extension 'ros'
[0.144s] DEBUG:colcon.colcon_core.package_identification:Package 'src/cpp_srvcli' with type 'ros.ament_cmake' and name 'cpp_srvcli'
[0.144s] Level 1:colcon.colcon_core.package_identification:_identify(src/radar_conti_ars408) by extensions ['ignore', 'ignore_ament_install']
[0.144s] Level 1:colcon.colcon_core.package_identification:_identify(src/radar_conti_ars408) by extension 'ignore'
[0.144s] Level 1:colcon.colcon_core.package_identification:_identify(src/radar_conti_ars408) by extension 'ignore_ament_install'
[0.144s] Level 1:colcon.colcon_core.package_identification:_identify(src/radar_conti_ars408) by extensions ['colcon_pkg']
[0.144s] Level 1:colcon.colcon_core.package_identification:_identify(src/radar_conti_ars408) by extension 'colcon_pkg'
[0.144s] Level 1:colcon.colcon_core.package_identification:_identify(src/radar_conti_ars408) by extensions ['colcon_meta']
[0.144s] Level 1:colcon.colcon_core.package_identification:_identify(src/radar_conti_ars408) by extension 'colcon_meta'
[0.144s] Level 1:colcon.colcon_core.package_identification:_identify(src/radar_conti_ars408) by extensions ['ros']
[0.144s] Level 1:colcon.colcon_core.package_identification:_identify(src/radar_conti_ars408) by extension 'ros'
[0.144s] Level 1:colcon.colcon_core.package_identification:_identify(src/radar_conti_ars408) by extensions ['cmake', 'python']
[0.144s] Level 1:colcon.colcon_core.package_identification:_identify(src/radar_conti_ars408) by extension 'cmake'
[0.144s] Level 1:colcon.colcon_core.package_identification:_identify(src/radar_conti_ars408) by extension 'python'
[0.144s] Level 1:colcon.colcon_core.package_identification:_identify(src/radar_conti_ars408) by extensions ['python_setup_py']
[0.144s] Level 1:colcon.colcon_core.package_identification:_identify(src/radar_conti_ars408) by extension 'python_setup_py'
[0.145s] Level 1:colcon.colcon_core.package_identification:_identify(src/radar_conti_ars408/src) by extensions ['ignore', 'ignore_ament_install']
[0.145s] Level 1:colcon.colcon_core.package_identification:_identify(src/radar_conti_ars408/src) by extension 'ignore'
[0.145s] Level 1:colcon.colcon_core.package_identification:_identify(src/radar_conti_ars408/src) by extension 'ignore_ament_install'
[0.145s] Level 1:colcon.colcon_core.package_identification:_identify(src/radar_conti_ars408/src) by extensions ['colcon_pkg']
[0.145s] Level 1:colcon.colcon_core.package_identification:_identify(src/radar_conti_ars408/src) by extension 'colcon_pkg'
[0.145s] Level 1:colcon.colcon_core.package_identification:_identify(src/radar_conti_ars408/src) by extensions ['colcon_meta']
[0.145s] Level 1:colcon.colcon_core.package_identification:_identify(src/radar_conti_ars408/src) by extension 'colcon_meta'
[0.145s] Level 1:colcon.colcon_core.package_identification:_identify(src/radar_conti_ars408/src) by extensions ['ros']
[0.145s] Level 1:colcon.colcon_core.package_identification:_identify(src/radar_conti_ars408/src) by extension 'ros'
[0.146s] DEBUG:colcon.colcon_core.package_identification:Package 'src/radar_conti_ars408/src' with type 'ros.ament_cmake' and name 'radar_conti_ars408'
[0.146s] Level 1:colcon.colcon_core.package_identification:_identify(src/radar_conti_ars408_msgs) by extensions ['ignore', 'ignore_ament_install']
[0.146s] Level 1:colcon.colcon_core.package_identification:_identify(src/radar_conti_ars408_msgs) by extension 'ignore'
[0.146s] Level 1:colcon.colcon_core.package_identification:_identify(src/radar_conti_ars408_msgs) by extension 'ignore_ament_install'
[0.146s] Level 1:colcon.colcon_core.package_identification:_identify(src/radar_conti_ars408_msgs) by extensions ['colcon_pkg']
[0.146s] Level 1:colcon.colcon_core.package_identification:_identify(src/radar_conti_ars408_msgs) by extension 'colcon_pkg'
[0.146s] Level 1:colcon.colcon_core.package_identification:_identify(src/radar_conti_ars408_msgs) by extensions ['colcon_meta']
[0.146s] Level 1:colcon.colcon_core.package_identification:_identify(src/radar_conti_ars408_msgs) by extension 'colcon_meta'
[0.146s] Level 1:colcon.colcon_core.package_identification:_identify(src/radar_conti_ars408_msgs) by extensions ['ros']
[0.146s] Level 1:colcon.colcon_core.package_identification:_identify(src/radar_conti_ars408_msgs) by extension 'ros'
[0.146s] DEBUG:colcon.colcon_core.package_identification:Package 'src/radar_conti_ars408_msgs' with type 'ros.ament_cmake' and name 'radar_conti_ars408_msgs'
[0.147s] Level 1:colcon.colcon_core.package_identification:_identify(src/ros2_socketcan_bridge) by extensions ['ignore', 'ignore_ament_install']
[0.147s] Level 1:colcon.colcon_core.package_identification:_identify(src/ros2_socketcan_bridge) by extension 'ignore'
[0.147s] Level 1:colcon.colcon_core.package_identification:_identify(src/ros2_socketcan_bridge) by extension 'ignore_ament_install'
[0.147s] Level 1:colcon.colcon_core.package_identification:_identify(src/ros2_socketcan_bridge) by extensions ['colcon_pkg']
[0.147s] Level 1:colcon.colcon_core.package_identification:_identify(src/ros2_socketcan_bridge) by extension 'colcon_pkg'
[0.147s] Level 1:colcon.colcon_core.package_identification:_identify(src/ros2_socketcan_bridge) by extensions ['colcon_meta']
[0.147s] Level 1:colcon.colcon_core.package_identification:_identify(src/ros2_socketcan_bridge) by extension 'colcon_meta'
[0.147s] Level 1:colcon.colcon_core.package_identification:_identify(src/ros2_socketcan_bridge) by extensions ['ros']
[0.147s] Level 1:colcon.colcon_core.package_identification:_identify(src/ros2_socketcan_bridge) by extension 'ros'
[0.147s] Level 1:colcon.colcon_core.package_identification:_identify(src/ros2_socketcan_bridge) by extensions ['cmake', 'python']
[0.147s] Level 1:colcon.colcon_core.package_identification:_identify(src/ros2_socketcan_bridge) by extension 'cmake'
[0.147s] Level 1:colcon.colcon_core.package_identification:_identify(src/ros2_socketcan_bridge) by extension 'python'
[0.147s] Level 1:colcon.colcon_core.package_identification:_identify(src/ros2_socketcan_bridge) by extensions ['python_setup_py']
[0.147s] Level 1:colcon.colcon_core.package_identification:_identify(src/ros2_socketcan_bridge) by extension 'python_setup_py'
[0.147s] Level 1:colcon.colcon_core.package_identification:_identify(src/ros2_socketcan_bridge/can_msgs) by extensions ['ignore', 'ignore_ament_install']
[0.147s] Level 1:colcon.colcon_core.package_identification:_identify(src/ros2_socketcan_bridge/can_msgs) by extension 'ignore'
[0.147s] Level 1:colcon.colcon_core.package_identification:_identify(src/ros2_socketcan_bridge/can_msgs) by extension 'ignore_ament_install'
[0.147s] Level 1:colcon.colcon_core.package_identification:_identify(src/ros2_socketcan_bridge/can_msgs) by extensions ['colcon_pkg']
[0.147s] Level 1:colcon.colcon_core.package_identification:_identify(src/ros2_socketcan_bridge/can_msgs) by extension 'colcon_pkg'
[0.147s] Level 1:colcon.colcon_core.package_identification:_identify(src/ros2_socketcan_bridge/can_msgs) by extensions ['colcon_meta']
[0.147s] Level 1:colcon.colcon_core.package_identification:_identify(src/ros2_socketcan_bridge/can_msgs) by extension 'colcon_meta'
[0.147s] Level 1:colcon.colcon_core.package_identification:_identify(src/ros2_socketcan_bridge/can_msgs) by extensions ['ros']
[0.148s] Level 1:colcon.colcon_core.package_identification:_identify(src/ros2_socketcan_bridge/can_msgs) by extension 'ros'
[0.148s] DEBUG:colcon.colcon_core.package_identification:Package 'src/ros2_socketcan_bridge/can_msgs' with type 'ros.ament_cmake' and name 'can_msgs'
[0.148s] Level 1:colcon.colcon_core.package_identification:_identify(src/ros2_socketcan_bridge/ros2socketcan_bridge) by extensions ['ignore', 'ignore_ament_install']
[0.148s] Level 1:colcon.colcon_core.package_identification:_identify(src/ros2_socketcan_bridge/ros2socketcan_bridge) by extension 'ignore'
[0.148s] Level 1:colcon.colcon_core.package_identification:_identify(src/ros2_socketcan_bridge/ros2socketcan_bridge) by extension 'ignore_ament_install'
[0.148s] Level 1:colcon.colcon_core.package_identification:_identify(src/ros2_socketcan_bridge/ros2socketcan_bridge) by extensions ['colcon_pkg']
[0.148s] Level 1:colcon.colcon_core.package_identification:_identify(src/ros2_socketcan_bridge/ros2socketcan_bridge) by extension 'colcon_pkg'
[0.148s] Level 1:colcon.colcon_core.package_identification:_identify(src/ros2_socketcan_bridge/ros2socketcan_bridge) by extensions ['colcon_meta']
[0.148s] Level 1:colcon.colcon_core.package_identification:_identify(src/ros2_socketcan_bridge/ros2socketcan_bridge) by extension 'colcon_meta'
[0.148s] Level 1:colcon.colcon_core.package_identification:_identify(src/ros2_socketcan_bridge/ros2socketcan_bridge) by extensions ['ros']
[0.148s] Level 1:colcon.colcon_core.package_identification:_identify(src/ros2_socketcan_bridge/ros2socketcan_bridge) by extension 'ros'
[0.149s] DEBUG:colcon.colcon_core.package_identification:Package 'src/ros2_socketcan_bridge/ros2socketcan_bridge' with type 'ros.ament_cmake' and name 'ros2socketcan_bridge'
[0.149s] Level 1:colcon.colcon_core.package_discovery:discover_packages(recursive) using defaults
[0.149s] Level 1:colcon.colcon_core.package_discovery:discover_packages(ignore) discover
[0.149s] Level 1:colcon.colcon_core.package_discovery:discover_packages(ignore) using defaults
[0.149s] Level 1:colcon.colcon_core.package_discovery:discover_packages(path) discover
[0.149s] Level 1:colcon.colcon_core.package_discovery:discover_packages(path) using defaults
[0.164s] Level 1:colcon.colcon_core.package_discovery:discover_packages(prefix_path) check parameters
[0.164s] Level 1:colcon.colcon_core.package_discovery:discover_packages(prefix_path) discover
[0.166s] DEBUG:colcon.colcon_installed_package_information.package_discovery:Found 6 installed packages in /home/offroad/radar_ws/install
[0.167s] DEBUG:colcon.colcon_installed_package_information.package_discovery:Found 303 installed packages in /opt/ros/foxy
[0.168s] Level 1:colcon.colcon_core.package_discovery:discover_packages(prefix_path) using defaults
[0.243s] Level 5:colcon.colcon_core.verb:set package 'can_msgs' build argument 'cmake_args' from command line to 'None'
[0.243s] Level 5:colcon.colcon_core.verb:set package 'can_msgs' build argument 'cmake_target' from command line to 'None'
[0.243s] Level 5:colcon.colcon_core.verb:set package 'can_msgs' build argument 'cmake_target_skip_unavailable' from command line to 'False'
[0.243s] Level 5:colcon.colcon_core.verb:set package 'can_msgs' build argument 'cmake_clean_cache' from command line to 'False'
[0.243s] Level 5:colcon.colcon_core.verb:set package 'can_msgs' build argument 'cmake_clean_first' from command line to 'False'
[0.243s] Level 5:colcon.colcon_core.verb:set package 'can_msgs' build argument 'cmake_force_configure' from command line to 'False'
[0.243s] Level 5:colcon.colcon_core.verb:set package 'can_msgs' build argument 'ament_cmake_args' from command line to 'None'
[0.243s] Level 5:colcon.colcon_core.verb:set package 'can_msgs' build argument 'catkin_cmake_args' from command line to 'None'
[0.243s] Level 5:colcon.colcon_core.verb:set package 'can_msgs' build argument 'catkin_skip_building_tests' from command line to 'False'
[0.243s] DEBUG:colcon.colcon_core.verb:Building package 'can_msgs' with the following arguments: {'ament_cmake_args': None, 'build_base': '/home/offroad/radar_ws/build/can_msgs', 'catkin_cmake_args': None, 'catkin_skip_building_tests': False, 'cmake_args': None, 'cmake_clean_cache': False, 'cmake_clean_first': False, 'cmake_force_configure': False, 'cmake_target': None, 'cmake_target_skip_unavailable': False, 'install_base': '/home/offroad/radar_ws/install/can_msgs', 'merge_install': False, 'path': '/home/offroad/radar_ws/src/ros2_socketcan_bridge/can_msgs', 'symlink_install': False, 'test_result_base': None}
[0.243s] Level 5:colcon.colcon_core.verb:set package 'radar_conti_ars408_msgs' build argument 'cmake_args' from command line to 'None'
[0.244s] Level 5:colcon.colcon_core.verb:set package 'radar_conti_ars408_msgs' build argument 'cmake_target' from command line to 'None'
[0.244s] Level 5:colcon.colcon_core.verb:set package 'radar_conti_ars408_msgs' build argument 'cmake_target_skip_unavailable' from command line to 'False'
[0.244s] Level 5:colcon.colcon_core.verb:set package 'radar_conti_ars408_msgs' build argument 'cmake_clean_cache' from command line to 'False'
[0.244s] Level 5:colcon.colcon_core.verb:set package 'radar_conti_ars408_msgs' build argument 'cmake_clean_first' from command line to 'False'
[0.244s] Level 5:colcon.colcon_core.verb:set package 'radar_conti_ars408_msgs' build argument 'cmake_force_configure' from command line to 'False'
[0.244s] Level 5:colcon.colcon_core.verb:set package 'radar_conti_ars408_msgs' build argument 'ament_cmake_args' from command line to 'None'
[0.244s] Level 5:colcon.colcon_core.verb:set package 'radar_conti_ars408_msgs' build argument 'catkin_cmake_args' from command line to 'None'
[0.244s] Level 5:colcon.colcon_core.verb:set package 'radar_conti_ars408_msgs' build argument 'catkin_skip_building_tests' from command line to 'False'
[0.244s] DEBUG:colcon.colcon_core.verb:Building package 'radar_conti_ars408_msgs' with the following arguments: {'ament_cmake_args': None, 'build_base': '/home/offroad/radar_ws/build/radar_conti_ars408_msgs', 'catkin_cmake_args': None, 'catkin_skip_building_tests': False, 'cmake_args': None, 'cmake_clean_cache': False, 'cmake_clean_first': False, 'cmake_force_configure': False, 'cmake_target': None, 'cmake_target_skip_unavailable': False, 'install_base': '/home/offroad/radar_ws/install/radar_conti_ars408_msgs', 'merge_install': False, 'path': '/home/offroad/radar_ws/src/radar_conti_ars408_msgs', 'symlink_install': False, 'test_result_base': None}
[0.244s] Level 5:colcon.colcon_core.verb:set package 'cpp_srvcli' build argument 'cmake_args' from command line to 'None'
[0.244s] Level 5:colcon.colcon_core.verb:set package 'cpp_srvcli' build argument 'cmake_target' from command line to 'None'
[0.244s] Level 5:colcon.colcon_core.verb:set package 'cpp_srvcli' build argument 'cmake_target_skip_unavailable' from command line to 'False'
[0.244s] Level 5:colcon.colcon_core.verb:set package 'cpp_srvcli' build argument 'cmake_clean_cache' from command line to 'False'
[0.244s] Level 5:colcon.colcon_core.verb:set package 'cpp_srvcli' build argument 'cmake_clean_first' from command line to 'False'
[0.244s] Level 5:colcon.colcon_core.verb:set package 'cpp_srvcli' build argument 'cmake_force_configure' from command line to 'False'
[0.244s] Level 5:colcon.colcon_core.verb:set package 'cpp_srvcli' build argument 'ament_cmake_args' from command line to 'None'
[0.244s] Level 5:colcon.colcon_core.verb:set package 'cpp_srvcli' build argument 'catkin_cmake_args' from command line to 'None'
[0.245s] Level 5:colcon.colcon_core.verb:set package 'cpp_srvcli' build argument 'catkin_skip_building_tests' from command line to 'False'
[0.245s] DEBUG:colcon.colcon_core.verb:Building package 'cpp_srvcli' with the following arguments: {'ament_cmake_args': None, 'build_base': '/home/offroad/radar_ws/build/cpp_srvcli', 'catkin_cmake_args': None, 'catkin_skip_building_tests': False, 'cmake_args': None, 'cmake_clean_cache': False, 'cmake_clean_first': False, 'cmake_force_configure': False, 'cmake_target': None, 'cmake_target_skip_unavailable': False, 'install_base': '/home/offroad/radar_ws/install/cpp_srvcli', 'merge_install': False, 'path': '/home/offroad/radar_ws/src/cpp_srvcli', 'symlink_install': False, 'test_result_base': None}
[0.245s] Level 5:colcon.colcon_core.verb:set package 'ros2socketcan_bridge' build argument 'cmake_args' from command line to 'None'
[0.245s] Level 5:colcon.colcon_core.verb:set package 'ros2socketcan_bridge' build argument 'cmake_target' from command line to 'None'
[0.245s] Level 5:colcon.colcon_core.verb:set package 'ros2socketcan_bridge' build argument 'cmake_target_skip_unavailable' from command line to 'False'
[0.245s] Level 5:colcon.colcon_core.verb:set package 'ros2socketcan_bridge' build argument 'cmake_clean_cache' from command line to 'False'
[0.245s] Level 5:colcon.colcon_core.verb:set package 'ros2socketcan_bridge' build argument 'cmake_clean_first' from command line to 'False'
[0.245s] Level 5:colcon.colcon_core.verb:set package 'ros2socketcan_bridge' build argument 'cmake_force_configure' from command line to 'False'
[0.245s] Level 5:colcon.colcon_core.verb:set package 'ros2socketcan_bridge' build argument 'ament_cmake_args' from command line to 'None'
[0.245s] Level 5:colcon.colcon_core.verb:set package 'ros2socketcan_bridge' build argument 'catkin_cmake_args' from command line to 'None'
[0.245s] Level 5:colcon.colcon_core.verb:set package 'ros2socketcan_bridge' build argument 'catkin_skip_building_tests' from command line to 'False'
[0.245s] DEBUG:colcon.colcon_core.verb:Building package 'ros2socketcan_bridge' with the following arguments: {'ament_cmake_args': None, 'build_base': '/home/offroad/radar_ws/build/ros2socketcan_bridge', 'catkin_cmake_args': None, 'catkin_skip_building_tests': False, 'cmake_args': None, 'cmake_clean_cache': False, 'cmake_clean_first': False, 'cmake_force_configure': False, 'cmake_target': None, 'cmake_target_skip_unavailable': False, 'install_base': '/home/offroad/radar_ws/install/ros2socketcan_bridge', 'merge_install': False, 'path': '/home/offroad/radar_ws/src/ros2_socketcan_bridge/ros2socketcan_bridge', 'symlink_install': False, 'test_result_base': None}
[0.246s] Level 5:colcon.colcon_core.verb:set package 'radar_conti_ars408' build argument 'cmake_args' from command line to 'None'
[0.246s] Level 5:colcon.colcon_core.verb:set package 'radar_conti_ars408' build argument 'cmake_target' from command line to 'None'
[0.246s] Level 5:colcon.colcon_core.verb:set package 'radar_conti_ars408' build argument 'cmake_target_skip_unavailable' from command line to 'False'
[0.246s] Level 5:colcon.colcon_core.verb:set package 'radar_conti_ars408' build argument 'cmake_clean_cache' from command line to 'False'
[0.246s] Level 5:colcon.colcon_core.verb:set package 'radar_conti_ars408' build argument 'cmake_clean_first' from command line to 'False'
[0.246s] Level 5:colcon.colcon_core.verb:set package 'radar_conti_ars408' build argument 'cmake_force_configure' from command line to 'False'
[0.246s] Level 5:colcon.colcon_core.verb:set package 'radar_conti_ars408' build argument 'ament_cmake_args' from command line to 'None'
[0.246s] Level 5:colcon.colcon_core.verb:set package 'radar_conti_ars408' build argument 'catkin_cmake_args' from command line to 'None'
[0.246s] Level 5:colcon.colcon_core.verb:set package 'radar_conti_ars408' build argument 'catkin_skip_building_tests' from command line to 'False'
[0.246s] DEBUG:colcon.colcon_core.verb:Building package 'radar_conti_ars408' with the following arguments: {'ament_cmake_args': None, 'build_base': '/home/offroad/radar_ws/build/radar_conti_ars408', 'catkin_cmake_args': None, 'catkin_skip_building_tests': False, 'cmake_args': None, 'cmake_clean_cache': False, 'cmake_clean_first': False, 'cmake_force_configure': False, 'cmake_target': None, 'cmake_target_skip_unavailable': False, 'install_base': '/home/offroad/radar_ws/install/radar_conti_ars408', 'merge_install': False, 'path': '/home/offroad/radar_ws/src/radar_conti_ars408/src', 'symlink_install': False, 'test_result_base': None}
[0.246s] INFO:colcon.colcon_core.executor:Executing jobs using 'parallel' executor
[0.248s] DEBUG:colcon.colcon_parallel_executor.executor.parallel:run_until_complete
[0.248s] INFO:colcon.colcon_ros.task.ament_cmake.build:Building ROS package in '/home/offroad/radar_ws/src/ros2_socketcan_bridge/can_msgs' with build type 'ament_cmake'
[0.248s] INFO:colcon.colcon_cmake.task.cmake.build:Building CMake package in '/home/offroad/radar_ws/src/ros2_socketcan_bridge/can_msgs'
[0.251s] INFO:colcon.colcon_core.plugin_system:Skipping extension 'colcon_core.shell.bat': Not used on non-Windows systems
[0.251s] INFO:colcon.colcon_core.shell:Skip shell extension 'powershell' for command environment: Not usable outside of PowerShell
[0.251s] DEBUG:colcon.colcon_core.shell:Skip shell extension 'dsv' for command environment
[0.256s] INFO:colcon.colcon_ros.task.ament_cmake.build:Building ROS package in '/home/offroad/radar_ws/src/radar_conti_ars408_msgs' with build type 'ament_cmake'
[0.256s] INFO:colcon.colcon_cmake.task.cmake.build:Building CMake package in '/home/offroad/radar_ws/src/radar_conti_ars408_msgs'
[0.257s] INFO:colcon.colcon_core.shell:Skip shell extension 'powershell' for command environment: Not usable outside of PowerShell
[0.257s] DEBUG:colcon.colcon_core.shell:Skip shell extension 'dsv' for command environment
[0.265s] DEBUG:colcon.colcon_core.event_handler.log_command:Invoking command in '/home/offroad/radar_ws/build/can_msgs': CMAKE_PREFIX_PATH=${CMAKE_PREFIX_PATH}:/opt/ros/foxy /usr/bin/cmake --build /home/offroad/radar_ws/build/can_msgs -- -j12 -l12
[0.272s] DEBUG:colcon.colcon_core.event_handler.log_command:Invoking command in '/home/offroad/radar_ws/build/radar_conti_ars408_msgs': CMAKE_PREFIX_PATH=${CMAKE_PREFIX_PATH}:/opt/ros/foxy /usr/bin/cmake --build /home/offroad/radar_ws/build/radar_conti_ars408_msgs -- -j12 -l12
[0.460s] DEBUG:colcon.colcon_core.event_handler.log_command:Invoked command in '/home/offroad/radar_ws/build/can_msgs' returned '0': CMAKE_PREFIX_PATH=${CMAKE_PREFIX_PATH}:/opt/ros/foxy /usr/bin/cmake --build /home/offroad/radar_ws/build/can_msgs -- -j12 -l12
[0.511s] DEBUG:colcon.colcon_core.event_handler.log_command:Invoking command in '/home/offroad/radar_ws/build/can_msgs': CMAKE_PREFIX_PATH=${CMAKE_PREFIX_PATH}:/opt/ros/foxy /usr/bin/cmake --install /home/offroad/radar_ws/build/can_msgs
[0.513s] DEBUG:colcon.colcon_core.event_handler.log_command:Invoked command in '/home/offroad/radar_ws/build/radar_conti_ars408_msgs' returned '0': CMAKE_PREFIX_PATH=${CMAKE_PREFIX_PATH}:/opt/ros/foxy /usr/bin/cmake --build /home/offroad/radar_ws/build/radar_conti_ars408_msgs -- -j12 -l12
[0.557s] Level 1:colcon.colcon_core.environment:create_environment_scripts_only(can_msgs)
[0.559s] DEBUG:colcon.colcon_core.event_handler.log_command:Invoked command in '/home/offroad/radar_ws/build/can_msgs' returned '0': CMAKE_PREFIX_PATH=${CMAKE_PREFIX_PATH}:/opt/ros/foxy /usr/bin/cmake --install /home/offroad/radar_ws/build/can_msgs
[0.562s] Level 1:colcon.colcon_core.environment:checking '/home/offroad/radar_ws/install/can_msgs' for CMake module files
[0.562s] Level 1:colcon.colcon_core.environment:checking '/home/offroad/radar_ws/install/can_msgs' for CMake config files
[0.562s] Level 1:colcon.colcon_core.shell:create_environment_hook('can_msgs', 'cmake_prefix_path')
[0.563s] INFO:colcon.colcon_core.shell:Creating environment hook '/home/offroad/radar_ws/install/can_msgs/share/can_msgs/hook/cmake_prefix_path.ps1'
[0.564s] INFO:colcon.colcon_core.shell:Creating environment descriptor '/home/offroad/radar_ws/install/can_msgs/share/can_msgs/hook/cmake_prefix_path.dsv'
[0.564s] INFO:colcon.colcon_core.shell:Creating environment hook '/home/offroad/radar_ws/install/can_msgs/share/can_msgs/hook/cmake_prefix_path.sh'
[0.565s] Level 1:colcon.colcon_core.environment:checking '/home/offroad/radar_ws/install/can_msgs/lib'
[0.565s] Level 1:colcon.colcon_core.shell:create_environment_hook('can_msgs', 'ld_library_path_lib')
[0.565s] INFO:colcon.colcon_core.shell:Creating environment hook '/home/offroad/radar_ws/install/can_msgs/share/can_msgs/hook/ld_library_path_lib.ps1'
[0.566s] INFO:colcon.colcon_core.shell:Creating environment descriptor '/home/offroad/radar_ws/install/can_msgs/share/can_msgs/hook/ld_library_path_lib.dsv'
[0.566s] INFO:colcon.colcon_core.shell:Creating environment hook '/home/offroad/radar_ws/install/can_msgs/share/can_msgs/hook/ld_library_path_lib.sh'
[0.566s] Level 1:colcon.colcon_core.environment:checking '/home/offroad/radar_ws/install/can_msgs/bin'
[0.566s] Level 1:colcon.colcon_core.environment:checking '/home/offroad/radar_ws/install/can_msgs/lib/pkgconfig/can_msgs.pc'
[0.567s] Level 1:colcon.colcon_core.environment:checking '/home/offroad/radar_ws/install/can_msgs/lib/python3.8/site-packages'
[0.567s] Level 1:colcon.colcon_core.shell:create_environment_hook('can_msgs', 'pythonpath')
[0.567s] INFO:colcon.colcon_core.shell:Creating environment hook '/home/offroad/radar_ws/install/can_msgs/share/can_msgs/hook/pythonpath.ps1'
[0.567s] INFO:colcon.colcon_core.shell:Creating environment descriptor '/home/offroad/radar_ws/install/can_msgs/share/can_msgs/hook/pythonpath.dsv'
[0.568s] INFO:colcon.colcon_core.shell:Creating environment hook '/home/offroad/radar_ws/install/can_msgs/share/can_msgs/hook/pythonpath.sh'
[0.568s] Level 1:colcon.colcon_core.environment:checking '/home/offroad/radar_ws/install/can_msgs/bin'
[0.569s] INFO:colcon.colcon_core.shell:Creating package script '/home/offroad/radar_ws/install/can_msgs/share/can_msgs/package.ps1'
[0.569s] INFO:colcon.colcon_core.shell:Creating package descriptor '/home/offroad/radar_ws/install/can_msgs/share/can_msgs/package.dsv'
[0.570s] INFO:colcon.colcon_core.shell:Creating package script '/home/offroad/radar_ws/install/can_msgs/share/can_msgs/package.sh'
[0.570s] INFO:colcon.colcon_core.shell:Creating package script '/home/offroad/radar_ws/install/can_msgs/share/can_msgs/package.bash'
[0.571s] INFO:colcon.colcon_core.shell:Creating package script '/home/offroad/radar_ws/install/can_msgs/share/can_msgs/package.zsh'
[0.571s] Level 1:colcon.colcon_core.environment:create_file_with_runtime_dependencies(/home/offroad/radar_ws/install/can_msgs/share/colcon-core/packages/can_msgs)
[0.611s] Level 1:colcon.colcon_core.environment:create_environment_scripts_only(can_msgs)
[0.612s] Level 1:colcon.colcon_core.environment:checking '/home/offroad/radar_ws/install/can_msgs' for CMake module files
[0.613s] Level 1:colcon.colcon_core.environment:checking '/home/offroad/radar_ws/install/can_msgs' for CMake config files
[0.613s] Level 1:colcon.colcon_core.shell:create_environment_hook('can_msgs', 'cmake_prefix_path')
[0.613s] INFO:colcon.colcon_core.shell:Creating environment hook '/home/offroad/radar_ws/install/can_msgs/share/can_msgs/hook/cmake_prefix_path.ps1'
[0.614s] INFO:colcon.colcon_core.shell:Creating environment descriptor '/home/offroad/radar_ws/install/can_msgs/share/can_msgs/hook/cmake_prefix_path.dsv'
[0.614s] INFO:colcon.colcon_core.shell:Creating environment hook '/home/offroad/radar_ws/install/can_msgs/share/can_msgs/hook/cmake_prefix_path.sh'
[0.614s] Level 1:colcon.colcon_core.environment:checking '/home/offroad/radar_ws/install/can_msgs/lib'
[0.614s] Level 1:colcon.colcon_core.shell:create_environment_hook('can_msgs', 'ld_library_path_lib')
[0.615s] INFO:colcon.colcon_core.shell:Creating environment hook '/home/offroad/radar_ws/install/can_msgs/share/can_msgs/hook/ld_library_path_lib.ps1'
[0.615s] INFO:colcon.colcon_core.shell:Creating environment descriptor '/home/offroad/radar_ws/install/can_msgs/share/can_msgs/hook/ld_library_path_lib.dsv'
[0.615s] INFO:colcon.colcon_core.shell:Creating environment hook '/home/offroad/radar_ws/install/can_msgs/share/can_msgs/hook/ld_library_path_lib.sh'
[0.616s] Level 1:colcon.colcon_core.environment:checking '/home/offroad/radar_ws/install/can_msgs/bin'
[0.616s] Level 1:colcon.colcon_core.environment:checking '/home/offroad/radar_ws/install/can_msgs/lib/pkgconfig/can_msgs.pc'
[0.616s] Level 1:colcon.colcon_core.environment:checking '/home/offroad/radar_ws/install/can_msgs/lib/python3.8/site-packages'
[0.616s] Level 1:colcon.colcon_core.shell:create_environment_hook('can_msgs', 'pythonpath')
[0.616s] INFO:colcon.colcon_core.shell:Creating environment hook '/home/offroad/radar_ws/install/can_msgs/share/can_msgs/hook/pythonpath.ps1'
[0.617s] INFO:colcon.colcon_core.shell:Creating environment descriptor '/home/offroad/radar_ws/install/can_msgs/share/can_msgs/hook/pythonpath.dsv'
[0.617s] INFO:colcon.colcon_core.shell:Creating environment hook '/home/offroad/radar_ws/install/can_msgs/share/can_msgs/hook/pythonpath.sh'
[0.617s] Level 1:colcon.colcon_core.environment:checking '/home/offroad/radar_ws/install/can_msgs/bin'
[0.618s] INFO:colcon.colcon_core.shell:Creating package script '/home/offroad/radar_ws/install/can_msgs/share/can_msgs/package.ps1'
[0.618s] INFO:colcon.colcon_core.shell:Creating package descriptor '/home/offroad/radar_ws/install/can_msgs/share/can_msgs/package.dsv'
[0.619s] INFO:colcon.colcon_core.shell:Creating package script '/home/offroad/radar_ws/install/can_msgs/share/can_msgs/package.sh'
[0.619s] INFO:colcon.colcon_core.shell:Creating package script '/home/offroad/radar_ws/install/can_msgs/share/can_msgs/package.bash'
[0.619s] INFO:colcon.colcon_core.shell:Creating package script '/home/offroad/radar_ws/install/can_msgs/share/can_msgs/package.zsh'
[0.620s] Level 1:colcon.colcon_core.environment:create_file_with_runtime_dependencies(/home/offroad/radar_ws/install/can_msgs/share/colcon-core/packages/can_msgs)
[0.620s] INFO:colcon.colcon_ros.task.ament_cmake.build:Building ROS package in '/home/offroad/radar_ws/src/ros2_socketcan_bridge/ros2socketcan_bridge' with build type 'ament_cmake'
[0.620s] INFO:colcon.colcon_cmake.task.cmake.build:Building CMake package in '/home/offroad/radar_ws/src/ros2_socketcan_bridge/ros2socketcan_bridge'
[0.621s] INFO:colcon.colcon_core.shell:Skip shell extension 'powershell' for command environment: Not usable outside of PowerShell
[0.621s] DEBUG:colcon.colcon_core.shell:Skip shell extension 'dsv' for command environment
[0.632s] DEBUG:colcon.colcon_core.event_handler.log_command:Invoking command in '/home/offroad/radar_ws/build/ros2socketcan_bridge': CMAKE_PREFIX_PATH=/home/offroad/radar_ws/install/can_msgs:/home/offroad/radar_ws/install/ros2socketcan_bridge:/home/offroad/radar_ws/install/radar_conti_ars408:/home/offroad/radar_ws/install/radar_conti_ars408_msgs:/opt/ros/foxy LD_LIBRARY_PATH=/home/offroad/radar_ws/install/can_msgs/lib:/home/offroad/radar_ws/install/radar_conti_ars408/lib:/home/offroad/radar_ws/install/radar_conti_ars408_msgs/lib:/usr/lib/x86_64-linux-gnu/gazebo-11/plugins:/opt/ros/foxy/opt/yaml_cpp_vendor/lib:/opt/ros/foxy/opt/rviz_ogre_vendor/lib:/opt/ros/foxy/lib/x86_64-linux-gnu:/opt/ros/foxy/lib PYTHONPATH=/home/offroad/radar_ws/install/can_msgs/lib/python3.8/site-packages:/home/offroad/radar_ws/install/radar_conti_ars408_msgs/lib/python3.8/site-packages:/opt/ros/foxy/lib/python3.8/site-packages /usr/bin/cmake --build /home/offroad/radar_ws/build/ros2socketcan_bridge -- -j12 -l12
[0.686s] DEBUG:colcon.colcon_core.event_handler.log_command:Invoked command in '/home/offroad/radar_ws/build/ros2socketcan_bridge' returned '0': CMAKE_PREFIX_PATH=/home/offroad/radar_ws/install/can_msgs:/home/offroad/radar_ws/install/ros2socketcan_bridge:/home/offroad/radar_ws/install/radar_conti_ars408:/home/offroad/radar_ws/install/radar_conti_ars408_msgs:/opt/ros/foxy LD_LIBRARY_PATH=/home/offroad/radar_ws/install/can_msgs/lib:/home/offroad/radar_ws/install/radar_conti_ars408/lib:/home/offroad/radar_ws/install/radar_conti_ars408_msgs/lib:/usr/lib/x86_64-linux-gnu/gazebo-11/plugins:/opt/ros/foxy/opt/yaml_cpp_vendor/lib:/opt/ros/foxy/opt/rviz_ogre_vendor/lib:/opt/ros/foxy/lib/x86_64-linux-gnu:/opt/ros/foxy/lib PYTHONPATH=/home/offroad/radar_ws/install/can_msgs/lib/python3.8/site-packages:/home/offroad/radar_ws/install/radar_conti_ars408_msgs/lib/python3.8/site-packages:/opt/ros/foxy/lib/python3.8/site-packages /usr/bin/cmake --build /home/offroad/radar_ws/build/ros2socketcan_bridge -- -j12 -l12
[0.706s] DEBUG:colcon.colcon_core.event_handler.log_command:Invoking command in '/home/offroad/radar_ws/build/ros2socketcan_bridge': CMAKE_PREFIX_PATH=/home/offroad/radar_ws/install/can_msgs:/home/offroad/radar_ws/install/ros2socketcan_bridge:/home/offroad/radar_ws/install/radar_conti_ars408:/home/offroad/radar_ws/install/radar_conti_ars408_msgs:/opt/ros/foxy LD_LIBRARY_PATH=/home/offroad/radar_ws/install/can_msgs/lib:/home/offroad/radar_ws/install/radar_conti_ars408/lib:/home/offroad/radar_ws/install/radar_conti_ars408_msgs/lib:/usr/lib/x86_64-linux-gnu/gazebo-11/plugins:/opt/ros/foxy/opt/yaml_cpp_vendor/lib:/opt/ros/foxy/opt/rviz_ogre_vendor/lib:/opt/ros/foxy/lib/x86_64-linux-gnu:/opt/ros/foxy/lib PYTHONPATH=/home/offroad/radar_ws/install/can_msgs/lib/python3.8/site-packages:/home/offroad/radar_ws/install/radar_conti_ars408_msgs/lib/python3.8/site-packages:/opt/ros/foxy/lib/python3.8/site-packages /usr/bin/cmake --install /home/offroad/radar_ws/build/ros2socketcan_bridge
[0.716s] Level 1:colcon.colcon_core.environment:create_environment_scripts_only(ros2socketcan_bridge)
[0.717s] Level 1:colcon.colcon_core.environment:checking '/home/offroad/radar_ws/install/ros2socketcan_bridge' for CMake module files
[0.718s] DEBUG:colcon.colcon_core.event_handler.log_command:Invoked command in '/home/offroad/radar_ws/build/ros2socketcan_bridge' returned '0': CMAKE_PREFIX_PATH=/home/offroad/radar_ws/install/can_msgs:/home/offroad/radar_ws/install/ros2socketcan_bridge:/home/offroad/radar_ws/install/radar_conti_ars408:/home/offroad/radar_ws/install/radar_conti_ars408_msgs:/opt/ros/foxy LD_LIBRARY_PATH=/home/offroad/radar_ws/install/can_msgs/lib:/home/offroad/radar_ws/install/radar_conti_ars408/lib:/home/offroad/radar_ws/install/radar_conti_ars408_msgs/lib:/usr/lib/x86_64-linux-gnu/gazebo-11/plugins:/opt/ros/foxy/opt/yaml_cpp_vendor/lib:/opt/ros/foxy/opt/rviz_ogre_vendor/lib:/opt/ros/foxy/lib/x86_64-linux-gnu:/opt/ros/foxy/lib PYTHONPATH=/home/offroad/radar_ws/install/can_msgs/lib/python3.8/site-packages:/home/offroad/radar_ws/install/radar_conti_ars408_msgs/lib/python3.8/site-packages:/opt/ros/foxy/lib/python3.8/site-packages /usr/bin/cmake --install /home/offroad/radar_ws/build/ros2socketcan_bridge
[0.718s] Level 1:colcon.colcon_core.environment:checking '/home/offroad/radar_ws/install/ros2socketcan_bridge' for CMake config files
[0.718s] Level 1:colcon.colcon_core.shell:create_environment_hook('ros2socketcan_bridge', 'cmake_prefix_path')
[0.719s] INFO:colcon.colcon_core.shell:Creating environment hook '/home/offroad/radar_ws/install/ros2socketcan_bridge/share/ros2socketcan_bridge/hook/cmake_prefix_path.ps1'
[0.719s] INFO:colcon.colcon_core.shell:Creating environment descriptor '/home/offroad/radar_ws/install/ros2socketcan_bridge/share/ros2socketcan_bridge/hook/cmake_prefix_path.dsv'
[0.719s] INFO:colcon.colcon_core.shell:Creating environment hook '/home/offroad/radar_ws/install/ros2socketcan_bridge/share/ros2socketcan_bridge/hook/cmake_prefix_path.sh'
[0.720s] Level 1:colcon.colcon_core.environment:checking '/home/offroad/radar_ws/install/ros2socketcan_bridge/lib'
[0.720s] Level 1:colcon.colcon_core.environment:checking '/home/offroad/radar_ws/install/ros2socketcan_bridge/bin'
[0.720s] Level 1:colcon.colcon_core.environment:checking '/home/offroad/radar_ws/install/ros2socketcan_bridge/lib/pkgconfig/ros2socketcan_bridge.pc'
[0.721s] Level 1:colcon.colcon_core.environment:checking '/home/offroad/radar_ws/install/ros2socketcan_bridge/lib/python3.8/site-packages'
[0.721s] Level 1:colcon.colcon_core.environment:checking '/home/offroad/radar_ws/install/ros2socketcan_bridge/bin'
[0.722s] INFO:colcon.colcon_core.shell:Creating package script '/home/offroad/radar_ws/install/ros2socketcan_bridge/share/ros2socketcan_bridge/package.ps1'
[0.722s] INFO:colcon.colcon_core.shell:Creating package descriptor '/home/offroad/radar_ws/install/ros2socketcan_bridge/share/ros2socketcan_bridge/package.dsv'
[0.723s] INFO:colcon.colcon_core.shell:Creating package script '/home/offroad/radar_ws/install/ros2socketcan_bridge/share/ros2socketcan_bridge/package.sh'
[0.723s] INFO:colcon.colcon_core.shell:Creating package script '/home/offroad/radar_ws/install/ros2socketcan_bridge/share/ros2socketcan_bridge/package.bash'
[0.723s] INFO:colcon.colcon_core.shell:Creating package script '/home/offroad/radar_ws/install/ros2socketcan_bridge/share/ros2socketcan_bridge/package.zsh'
[0.724s] Level 1:colcon.colcon_core.environment:create_file_with_runtime_dependencies(/home/offroad/radar_ws/install/ros2socketcan_bridge/share/colcon-core/packages/ros2socketcan_bridge)
[0.745s] Level 1:colcon.colcon_core.environment:create_environment_scripts_only(ros2socketcan_bridge)
[0.745s] Level 1:colcon.colcon_core.environment:checking '/home/offroad/radar_ws/install/ros2socketcan_bridge' for CMake module files
[0.746s] Level 1:colcon.colcon_core.environment:checking '/home/offroad/radar_ws/install/ros2socketcan_bridge' for CMake config files
[0.746s] Level 1:colcon.colcon_core.shell:create_environment_hook('ros2socketcan_bridge', 'cmake_prefix_path')
[0.746s] INFO:colcon.colcon_core.shell:Creating environment hook '/home/offroad/radar_ws/install/ros2socketcan_bridge/share/ros2socketcan_bridge/hook/cmake_prefix_path.ps1'
[0.747s] INFO:colcon.colcon_core.shell:Creating environment descriptor '/home/offroad/radar_ws/install/ros2socketcan_bridge/share/ros2socketcan_bridge/hook/cmake_prefix_path.dsv'
[0.747s] INFO:colcon.colcon_core.shell:Creating environment hook '/home/offroad/radar_ws/install/ros2socketcan_bridge/share/ros2socketcan_bridge/hook/cmake_prefix_path.sh'
[0.748s] Level 1:colcon.colcon_core.environment:checking '/home/offroad/radar_ws/install/ros2socketcan_bridge/lib'
[0.748s] Level 1:colcon.colcon_core.environment:checking '/home/offroad/radar_ws/install/ros2socketcan_bridge/bin'
[0.748s] Level 1:colcon.colcon_core.environment:checking '/home/offroad/radar_ws/install/ros2socketcan_bridge/lib/pkgconfig/ros2socketcan_bridge.pc'
[0.748s] Level 1:colcon.colcon_core.environment:checking '/home/offroad/radar_ws/install/ros2socketcan_bridge/lib/python3.8/site-packages'
[0.748s] Level 1:colcon.colcon_core.environment:checking '/home/offroad/radar_ws/install/ros2socketcan_bridge/bin'
[0.749s] INFO:colcon.colcon_core.shell:Creating package script '/home/offroad/radar_ws/install/ros2socketcan_bridge/share/ros2socketcan_bridge/package.ps1'
[0.750s] INFO:colcon.colcon_core.shell:Creating package descriptor '/home/offroad/radar_ws/install/ros2socketcan_bridge/share/ros2socketcan_bridge/package.dsv'
[0.750s] INFO:colcon.colcon_core.shell:Creating package script '/home/offroad/radar_ws/install/ros2socketcan_bridge/share/ros2socketcan_bridge/package.sh'
[0.751s] INFO:colcon.colcon_core.shell:Creating package script '/home/offroad/radar_ws/install/ros2socketcan_bridge/share/ros2socketcan_bridge/package.bash'
[0.751s] INFO:colcon.colcon_core.shell:Creating package script '/home/offroad/radar_ws/install/ros2socketcan_bridge/share/ros2socketcan_bridge/package.zsh'
[0.751s] Level 1:colcon.colcon_core.environment:create_file_with_runtime_dependencies(/home/offroad/radar_ws/install/ros2socketcan_bridge/share/colcon-core/packages/ros2socketcan_bridge)
[0.771s] DEBUG:colcon.colcon_core.event_handler.log_command:Invoking command in '/home/offroad/radar_ws/build/radar_conti_ars408_msgs': CMAKE_PREFIX_PATH=${CMAKE_PREFIX_PATH}:/opt/ros/foxy /usr/bin/cmake --install /home/offroad/radar_ws/build/radar_conti_ars408_msgs
[0.827s] Level 1:colcon.colcon_core.environment:create_environment_scripts_only(radar_conti_ars408_msgs)
[0.828s] Level 1:colcon.colcon_core.environment:checking '/home/offroad/radar_ws/install/radar_conti_ars408_msgs' for CMake module files
[0.828s] DEBUG:colcon.colcon_core.event_handler.log_command:Invoked command in '/home/offroad/radar_ws/build/radar_conti_ars408_msgs' returned '0': CMAKE_PREFIX_PATH=${CMAKE_PREFIX_PATH}:/opt/ros/foxy /usr/bin/cmake --install /home/offroad/radar_ws/build/radar_conti_ars408_msgs
[0.829s] Level 1:colcon.colcon_core.environment:checking '/home/offroad/radar_ws/install/radar_conti_ars408_msgs' for CMake config files
[0.829s] Level 1:colcon.colcon_core.shell:create_environment_hook('radar_conti_ars408_msgs', 'cmake_prefix_path')
[0.829s] INFO:colcon.colcon_core.shell:Creating environment hook '/home/offroad/radar_ws/install/radar_conti_ars408_msgs/share/radar_conti_ars408_msgs/hook/cmake_prefix_path.ps1'
[0.830s] INFO:colcon.colcon_core.shell:Creating environment descriptor '/home/offroad/radar_ws/install/radar_conti_ars408_msgs/share/radar_conti_ars408_msgs/hook/cmake_prefix_path.dsv'
[0.830s] INFO:colcon.colcon_core.shell:Creating environment hook '/home/offroad/radar_ws/install/radar_conti_ars408_msgs/share/radar_conti_ars408_msgs/hook/cmake_prefix_path.sh'
[0.830s] Level 1:colcon.colcon_core.environment:checking '/home/offroad/radar_ws/install/radar_conti_ars408_msgs/lib'
[0.830s] Level 1:colcon.colcon_core.shell:create_environment_hook('radar_conti_ars408_msgs', 'ld_library_path_lib')
[0.831s] INFO:colcon.colcon_core.shell:Creating environment hook '/home/offroad/radar_ws/install/radar_conti_ars408_msgs/share/radar_conti_ars408_msgs/hook/ld_library_path_lib.ps1'
[0.831s] INFO:colcon.colcon_core.shell:Creating environment descriptor '/home/offroad/radar_ws/install/radar_conti_ars408_msgs/share/radar_conti_ars408_msgs/hook/ld_library_path_lib.dsv'
[0.831s] INFO:colcon.colcon_core.shell:Creating environment hook '/home/offroad/radar_ws/install/radar_conti_ars408_msgs/share/radar_conti_ars408_msgs/hook/ld_library_path_lib.sh'
[0.832s] Level 1:colcon.colcon_core.environment:checking '/home/offroad/radar_ws/install/radar_conti_ars408_msgs/bin'
[0.832s] Level 1:colcon.colcon_core.environment:checking '/home/offroad/radar_ws/install/radar_conti_ars408_msgs/lib/pkgconfig/radar_conti_ars408_msgs.pc'
[0.832s] Level 1:colcon.colcon_core.environment:checking '/home/offroad/radar_ws/install/radar_conti_ars408_msgs/lib/python3.8/site-packages'
[0.832s] Level 1:colcon.colcon_core.shell:create_environment_hook('radar_conti_ars408_msgs', 'pythonpath')
[0.832s] INFO:colcon.colcon_core.shell:Creating environment hook '/home/offroad/radar_ws/install/radar_conti_ars408_msgs/share/radar_conti_ars408_msgs/hook/pythonpath.ps1'
[0.833s] INFO:colcon.colcon_core.shell:Creating environment descriptor '/home/offroad/radar_ws/install/radar_conti_ars408_msgs/share/radar_conti_ars408_msgs/hook/pythonpath.dsv'
[0.833s] INFO:colcon.colcon_core.shell:Creating environment hook '/home/offroad/radar_ws/install/radar_conti_ars408_msgs/share/radar_conti_ars408_msgs/hook/pythonpath.sh'
[0.833s] Level 1:colcon.colcon_core.environment:checking '/home/offroad/radar_ws/install/radar_conti_ars408_msgs/bin'
[0.834s] INFO:colcon.colcon_core.shell:Creating package script '/home/offroad/radar_ws/install/radar_conti_ars408_msgs/share/radar_conti_ars408_msgs/package.ps1'
[0.834s] INFO:colcon.colcon_core.shell:Creating package descriptor '/home/offroad/radar_ws/install/radar_conti_ars408_msgs/share/radar_conti_ars408_msgs/package.dsv'
[0.835s] INFO:colcon.colcon_core.shell:Creating package script '/home/offroad/radar_ws/install/radar_conti_ars408_msgs/share/radar_conti_ars408_msgs/package.sh'
[0.835s] INFO:colcon.colcon_core.shell:Creating package script '/home/offroad/radar_ws/install/radar_conti_ars408_msgs/share/radar_conti_ars408_msgs/package.bash'
[0.835s] INFO:colcon.colcon_core.shell:Creating package script '/home/offroad/radar_ws/install/radar_conti_ars408_msgs/share/radar_conti_ars408_msgs/package.zsh'
[0.836s] Level 1:colcon.colcon_core.environment:create_file_with_runtime_dependencies(/home/offroad/radar_ws/install/radar_conti_ars408_msgs/share/colcon-core/packages/radar_conti_ars408_msgs)
[1.075s] Level 1:colcon.colcon_core.environment:create_environment_scripts_only(radar_conti_ars408_msgs)
[1.076s] Level 1:colcon.colcon_core.environment:checking '/home/offroad/radar_ws/install/radar_conti_ars408_msgs' for CMake module files
[1.076s] Level 1:colcon.colcon_core.environment:checking '/home/offroad/radar_ws/install/radar_conti_ars408_msgs' for CMake config files
[1.076s] Level 1:colcon.colcon_core.shell:create_environment_hook('radar_conti_ars408_msgs', 'cmake_prefix_path')
[1.077s] INFO:colcon.colcon_core.shell:Creating environment hook '/home/offroad/radar_ws/install/radar_conti_ars408_msgs/share/radar_conti_ars408_msgs/hook/cmake_prefix_path.ps1'
[1.077s] INFO:colcon.colcon_core.shell:Creating environment descriptor '/home/offroad/radar_ws/install/radar_conti_ars408_msgs/share/radar_conti_ars408_msgs/hook/cmake_prefix_path.dsv'
[1.077s] INFO:colcon.colcon_core.shell:Creating environment hook '/home/offroad/radar_ws/install/radar_conti_ars408_msgs/share/radar_conti_ars408_msgs/hook/cmake_prefix_path.sh'
[1.078s] Level 1:colcon.colcon_core.environment:checking '/home/offroad/radar_ws/install/radar_conti_ars408_msgs/lib'
[1.078s] Level 1:colcon.colcon_core.shell:create_environment_hook('radar_conti_ars408_msgs', 'ld_library_path_lib')
[1.078s] INFO:colcon.colcon_core.shell:Creating environment hook '/home/offroad/radar_ws/install/radar_conti_ars408_msgs/share/radar_conti_ars408_msgs/hook/ld_library_path_lib.ps1'
[1.079s] INFO:colcon.colcon_core.shell:Creating environment descriptor '/home/offroad/radar_ws/install/radar_conti_ars408_msgs/share/radar_conti_ars408_msgs/hook/ld_library_path_lib.dsv'
[1.079s] INFO:colcon.colcon_core.shell:Creating environment hook '/home/offroad/radar_ws/install/radar_conti_ars408_msgs/share/radar_conti_ars408_msgs/hook/ld_library_path_lib.sh'
[1.079s] Level 1:colcon.colcon_core.environment:checking '/home/offroad/radar_ws/install/radar_conti_ars408_msgs/bin'
[1.079s] Level 1:colcon.colcon_core.environment:checking '/home/offroad/radar_ws/install/radar_conti_ars408_msgs/lib/pkgconfig/radar_conti_ars408_msgs.pc'
[1.079s] Level 1:colcon.colcon_core.environment:checking '/home/offroad/radar_ws/install/radar_conti_ars408_msgs/lib/python3.8/site-packages'
[1.080s] Level 1:colcon.colcon_core.shell:create_environment_hook('radar_conti_ars408_msgs', 'pythonpath')
[1.080s] INFO:colcon.colcon_core.shell:Creating environment hook '/home/offroad/radar_ws/install/radar_conti_ars408_msgs/share/radar_conti_ars408_msgs/hook/pythonpath.ps1'
[1.080s] INFO:colcon.colcon_core.shell:Creating environment descriptor '/home/offroad/radar_ws/install/radar_conti_ars408_msgs/share/radar_conti_ars408_msgs/hook/pythonpath.dsv'
[1.080s] INFO:colcon.colcon_core.shell:Creating environment hook '/home/offroad/radar_ws/install/radar_conti_ars408_msgs/share/radar_conti_ars408_msgs/hook/pythonpath.sh'
[1.081s] Level 1:colcon.colcon_core.environment:checking '/home/offroad/radar_ws/install/radar_conti_ars408_msgs/bin'
[1.081s] INFO:colcon.colcon_core.shell:Creating package script '/home/offroad/radar_ws/install/radar_conti_ars408_msgs/share/radar_conti_ars408_msgs/package.ps1'
[1.082s] INFO:colcon.colcon_core.shell:Creating package descriptor '/home/offroad/radar_ws/install/radar_conti_ars408_msgs/share/radar_conti_ars408_msgs/package.dsv'
[1.082s] INFO:colcon.colcon_core.shell:Creating package script '/home/offroad/radar_ws/install/radar_conti_ars408_msgs/share/radar_conti_ars408_msgs/package.sh'
[1.083s] INFO:colcon.colcon_core.shell:Creating package script '/home/offroad/radar_ws/install/radar_conti_ars408_msgs/share/radar_conti_ars408_msgs/package.bash'
[1.083s] INFO:colcon.colcon_core.shell:Creating package script '/home/offroad/radar_ws/install/radar_conti_ars408_msgs/share/radar_conti_ars408_msgs/package.zsh'
[1.083s] Level 1:colcon.colcon_core.environment:create_file_with_runtime_dependencies(/home/offroad/radar_ws/install/radar_conti_ars408_msgs/share/colcon-core/packages/radar_conti_ars408_msgs)
[1.083s] INFO:colcon.colcon_ros.task.ament_cmake.build:Building ROS package in '/home/offroad/radar_ws/src/cpp_srvcli' with build type 'ament_cmake'
[1.084s] INFO:colcon.colcon_cmake.task.cmake.build:Building CMake package in '/home/offroad/radar_ws/src/cpp_srvcli'
[1.084s] INFO:colcon.colcon_core.shell:Skip shell extension 'powershell' for command environment: Not usable outside of PowerShell
[1.084s] DEBUG:colcon.colcon_core.shell:Skip shell extension 'dsv' for command environment
[1.089s] INFO:colcon.colcon_ros.task.ament_cmake.build:Building ROS package in '/home/offroad/radar_ws/src/radar_conti_ars408/src' with build type 'ament_cmake'
[1.089s] INFO:colcon.colcon_cmake.task.cmake.build:Building CMake package in '/home/offroad/radar_ws/src/radar_conti_ars408/src'
[1.090s] INFO:colcon.colcon_core.shell:Skip shell extension 'powershell' for command environment: Not usable outside of PowerShell
[1.090s] DEBUG:colcon.colcon_core.shell:Skip shell extension 'dsv' for command environment
[1.100s] DEBUG:colcon.colcon_core.event_handler.log_command:Invoking command in '/home/offroad/radar_ws/build/cpp_srvcli': CMAKE_PREFIX_PATH=/home/offroad/radar_ws/install/radar_conti_ars408_msgs:/home/offroad/radar_ws/install/ros2socketcan_bridge:/home/offroad/radar_ws/install/radar_conti_ars408:/home/offroad/radar_ws/install/can_msgs:/opt/ros/foxy LD_LIBRARY_PATH=/home/offroad/radar_ws/install/radar_conti_ars408_msgs/lib:/home/offroad/radar_ws/install/radar_conti_ars408/lib:/home/offroad/radar_ws/install/can_msgs/lib:/usr/lib/x86_64-linux-gnu/gazebo-11/plugins:/opt/ros/foxy/opt/yaml_cpp_vendor/lib:/opt/ros/foxy/opt/rviz_ogre_vendor/lib:/opt/ros/foxy/lib/x86_64-linux-gnu:/opt/ros/foxy/lib /usr/bin/cmake --build /home/offroad/radar_ws/build/cpp_srvcli -- -j12 -l12
[1.104s] DEBUG:colcon.colcon_core.event_handler.log_command:Invoking command in '/home/offroad/radar_ws/build/radar_conti_ars408': CMAKE_PREFIX_PATH=/home/offroad/radar_ws/install/ros2socketcan_bridge:/home/offroad/radar_ws/install/radar_conti_ars408_msgs:/home/offroad/radar_ws/install/can_msgs:/home/offroad/radar_ws/install/radar_conti_ars408:/opt/ros/foxy LD_LIBRARY_PATH=/home/offroad/radar_ws/install/radar_conti_ars408_msgs/lib:/home/offroad/radar_ws/install/can_msgs/lib:/home/offroad/radar_ws/install/radar_conti_ars408/lib:/usr/lib/x86_64-linux-gnu/gazebo-11/plugins:/opt/ros/foxy/opt/yaml_cpp_vendor/lib:/opt/ros/foxy/opt/rviz_ogre_vendor/lib:/opt/ros/foxy/lib/x86_64-linux-gnu:/opt/ros/foxy/lib /usr/bin/cmake --build /home/offroad/radar_ws/build/radar_conti_ars408 -- -j12 -l12
[1.162s] DEBUG:colcon.colcon_core.event_handler.log_command:Invoked command in '/home/offroad/radar_ws/build/cpp_srvcli' returned '0': CMAKE_PREFIX_PATH=/home/offroad/radar_ws/install/radar_conti_ars408_msgs:/home/offroad/radar_ws/install/ros2socketcan_bridge:/home/offroad/radar_ws/install/radar_conti_ars408:/home/offroad/radar_ws/install/can_msgs:/opt/ros/foxy LD_LIBRARY_PATH=/home/offroad/radar_ws/install/radar_conti_ars408_msgs/lib:/home/offroad/radar_ws/install/radar_conti_ars408/lib:/home/offroad/radar_ws/install/can_msgs/lib:/usr/lib/x86_64-linux-gnu/gazebo-11/plugins:/opt/ros/foxy/opt/yaml_cpp_vendor/lib:/opt/ros/foxy/opt/rviz_ogre_vendor/lib:/opt/ros/foxy/lib/x86_64-linux-gnu:/opt/ros/foxy/lib /usr/bin/cmake --build /home/offroad/radar_ws/build/cpp_srvcli -- -j12 -l12
[1.186s] DEBUG:colcon.colcon_core.event_handler.log_command:Invoking command in '/home/offroad/radar_ws/build/cpp_srvcli': CMAKE_PREFIX_PATH=/home/offroad/radar_ws/install/radar_conti_ars408_msgs:/home/offroad/radar_ws/install/ros2socketcan_bridge:/home/offroad/radar_ws/install/radar_conti_ars408:/home/offroad/radar_ws/install/can_msgs:/opt/ros/foxy LD_LIBRARY_PATH=/home/offroad/radar_ws/install/radar_conti_ars408_msgs/lib:/home/offroad/radar_ws/install/radar_conti_ars408/lib:/home/offroad/radar_ws/install/can_msgs/lib:/usr/lib/x86_64-linux-gnu/gazebo-11/plugins:/opt/ros/foxy/opt/yaml_cpp_vendor/lib:/opt/ros/foxy/opt/rviz_ogre_vendor/lib:/opt/ros/foxy/lib/x86_64-linux-gnu:/opt/ros/foxy/lib /usr/bin/cmake --install /home/offroad/radar_ws/build/cpp_srvcli
[1.196s] Level 1:colcon.colcon_core.environment:create_environment_scripts_only(cpp_srvcli)
[1.197s] Level 1:colcon.colcon_core.environment:checking '/home/offroad/radar_ws/install/cpp_srvcli' for CMake module files
[1.197s] DEBUG:colcon.colcon_core.event_handler.log_command:Invoked command in '/home/offroad/radar_ws/build/cpp_srvcli' returned '0': CMAKE_PREFIX_PATH=/home/offroad/radar_ws/install/radar_conti_ars408_msgs:/home/offroad/radar_ws/install/ros2socketcan_bridge:/home/offroad/radar_ws/install/radar_conti_ars408:/home/offroad/radar_ws/install/can_msgs:/opt/ros/foxy LD_LIBRARY_PATH=/home/offroad/radar_ws/install/radar_conti_ars408_msgs/lib:/home/offroad/radar_ws/install/radar_conti_ars408/lib:/home/offroad/radar_ws/install/can_msgs/lib:/usr/lib/x86_64-linux-gnu/gazebo-11/plugins:/opt/ros/foxy/opt/yaml_cpp_vendor/lib:/opt/ros/foxy/opt/rviz_ogre_vendor/lib:/opt/ros/foxy/lib/x86_64-linux-gnu:/opt/ros/foxy/lib /usr/bin/cmake --install /home/offroad/radar_ws/build/cpp_srvcli
[1.198s] Level 1:colcon.colcon_core.environment:checking '/home/offroad/radar_ws/install/cpp_srvcli' for CMake config files
[1.198s] Level 1:colcon.colcon_core.shell:create_environment_hook('cpp_srvcli', 'cmake_prefix_path')
[1.198s] INFO:colcon.colcon_core.shell:Creating environment hook '/home/offroad/radar_ws/install/cpp_srvcli/share/cpp_srvcli/hook/cmake_prefix_path.ps1'
[1.199s] INFO:colcon.colcon_core.shell:Creating environment descriptor '/home/offroad/radar_ws/install/cpp_srvcli/share/cpp_srvcli/hook/cmake_prefix_path.dsv'
[1.199s] INFO:colcon.colcon_core.shell:Creating environment hook '/home/offroad/radar_ws/install/cpp_srvcli/share/cpp_srvcli/hook/cmake_prefix_path.sh'
[1.199s] Level 1:colcon.colcon_core.environment:checking '/home/offroad/radar_ws/install/cpp_srvcli/lib'
[1.199s] Level 1:colcon.colcon_core.environment:checking '/home/offroad/radar_ws/install/cpp_srvcli/bin'
[1.199s] Level 1:colcon.colcon_core.environment:checking '/home/offroad/radar_ws/install/cpp_srvcli/lib/pkgconfig/cpp_srvcli.pc'
[1.200s] Level 1:colcon.colcon_core.environment:checking '/home/offroad/radar_ws/install/cpp_srvcli/lib/python3.8/site-packages'
[1.200s] Level 1:colcon.colcon_core.environment:checking '/home/offroad/radar_ws/install/cpp_srvcli/bin'
[1.200s] INFO:colcon.colcon_core.shell:Creating package script '/home/offroad/radar_ws/install/cpp_srvcli/share/cpp_srvcli/package.ps1'
[1.201s] INFO:colcon.colcon_core.shell:Creating package descriptor '/home/offroad/radar_ws/install/cpp_srvcli/share/cpp_srvcli/package.dsv'
[1.201s] INFO:colcon.colcon_core.shell:Creating package script '/home/offroad/radar_ws/install/cpp_srvcli/share/cpp_srvcli/package.sh'
[1.201s] INFO:colcon.colcon_core.shell:Creating package script '/home/offroad/radar_ws/install/cpp_srvcli/share/cpp_srvcli/package.bash'
[1.202s] INFO:colcon.colcon_core.shell:Creating package script '/home/offroad/radar_ws/install/cpp_srvcli/share/cpp_srvcli/package.zsh'
[1.202s] Level 1:colcon.colcon_core.environment:create_file_with_runtime_dependencies(/home/offroad/radar_ws/install/cpp_srvcli/share/colcon-core/packages/cpp_srvcli)
[1.225s] Level 1:colcon.colcon_core.environment:create_environment_scripts_only(cpp_srvcli)
[1.225s] Level 1:colcon.colcon_core.environment:checking '/home/offroad/radar_ws/install/cpp_srvcli' for CMake module files
[1.226s] Level 1:colcon.colcon_core.environment:checking '/home/offroad/radar_ws/install/cpp_srvcli' for CMake config files
[1.226s] Level 1:colcon.colcon_core.shell:create_environment_hook('cpp_srvcli', 'cmake_prefix_path')
[1.226s] INFO:colcon.colcon_core.shell:Creating environment hook '/home/offroad/radar_ws/install/cpp_srvcli/share/cpp_srvcli/hook/cmake_prefix_path.ps1'
[1.227s] INFO:colcon.colcon_core.shell:Creating environment descriptor '/home/offroad/radar_ws/install/cpp_srvcli/share/cpp_srvcli/hook/cmake_prefix_path.dsv'
[1.227s] INFO:colcon.colcon_core.shell:Creating environment hook '/home/offroad/radar_ws/install/cpp_srvcli/share/cpp_srvcli/hook/cmake_prefix_path.sh'
[1.228s] Level 1:colcon.colcon_core.environment:checking '/home/offroad/radar_ws/install/cpp_srvcli/lib'
[1.228s] Level 1:colcon.colcon_core.environment:checking '/home/offroad/radar_ws/install/cpp_srvcli/bin'
[1.228s] Level 1:colcon.colcon_core.environment:checking '/home/offroad/radar_ws/install/cpp_srvcli/lib/pkgconfig/cpp_srvcli.pc'
[1.228s] Level 1:colcon.colcon_core.environment:checking '/home/offroad/radar_ws/install/cpp_srvcli/lib/python3.8/site-packages'
[1.228s] Level 1:colcon.colcon_core.environment:checking '/home/offroad/radar_ws/install/cpp_srvcli/bin'
[1.229s] INFO:colcon.colcon_core.shell:Creating package script '/home/offroad/radar_ws/install/cpp_srvcli/share/cpp_srvcli/package.ps1'
[1.229s] INFO:colcon.colcon_core.shell:Creating package descriptor '/home/offroad/radar_ws/install/cpp_srvcli/share/cpp_srvcli/package.dsv'
[1.230s] INFO:colcon.colcon_core.shell:Creating package script '/home/offroad/radar_ws/install/cpp_srvcli/share/cpp_srvcli/package.sh'
[1.230s] INFO:colcon.colcon_core.shell:Creating package script '/home/offroad/radar_ws/install/cpp_srvcli/share/cpp_srvcli/package.bash'
[1.230s] INFO:colcon.colcon_core.shell:Creating package script '/home/offroad/radar_ws/install/cpp_srvcli/share/cpp_srvcli/package.zsh'
[1.231s] Level 1:colcon.colcon_core.environment:create_file_with_runtime_dependencies(/home/offroad/radar_ws/install/cpp_srvcli/share/colcon-core/packages/cpp_srvcli)
[4.631s] DEBUG:colcon.colcon_core.event_handler.log_command:Invoked command in '/home/offroad/radar_ws/build/radar_conti_ars408' returned '2': CMAKE_PREFIX_PATH=/home/offroad/radar_ws/install/ros2socketcan_bridge:/home/offroad/radar_ws/install/radar_conti_ars408_msgs:/home/offroad/radar_ws/install/can_msgs:/home/offroad/radar_ws/install/radar_conti_ars408:/opt/ros/foxy LD_LIBRARY_PATH=/home/offroad/radar_ws/install/radar_conti_ars408_msgs/lib:/home/offroad/radar_ws/install/can_msgs/lib:/home/offroad/radar_ws/install/radar_conti_ars408/lib:/usr/lib/x86_64-linux-gnu/gazebo-11/plugins:/opt/ros/foxy/opt/yaml_cpp_vendor/lib:/opt/ros/foxy/opt/rviz_ogre_vendor/lib:/opt/ros/foxy/lib/x86_64-linux-gnu:/opt/ros/foxy/lib /usr/bin/cmake --build /home/offroad/radar_ws/build/radar_conti_ars408 -- -j12 -l12
[4.658s] Level 1:colcon.colcon_core.environment:create_environment_scripts_only(radar_conti_ars408)
[4.659s] Level 1:colcon.colcon_core.environment:checking '/home/offroad/radar_ws/install/radar_conti_ars408' for CMake module files
[4.659s] Level 1:colcon.colcon_core.environment:checking '/home/offroad/radar_ws/install/radar_conti_ars408' for CMake config files
[4.659s] Level 1:colcon.colcon_core.shell:create_environment_hook('radar_conti_ars408', 'cmake_prefix_path')
[4.660s] INFO:colcon.colcon_core.shell:Creating environment hook '/home/offroad/radar_ws/install/radar_conti_ars408/share/radar_conti_ars408/hook/cmake_prefix_path.ps1'
[4.660s] INFO:colcon.colcon_core.shell:Creating environment descriptor '/home/offroad/radar_ws/install/radar_conti_ars408/share/radar_conti_ars408/hook/cmake_prefix_path.dsv'
[4.661s] INFO:colcon.colcon_core.shell:Creating environment hook '/home/offroad/radar_ws/install/radar_conti_ars408/share/radar_conti_ars408/hook/cmake_prefix_path.sh'
[4.661s] Level 1:colcon.colcon_core.environment:checking '/home/offroad/radar_ws/install/radar_conti_ars408/lib'
[4.661s] Level 1:colcon.colcon_core.shell:create_environment_hook('radar_conti_ars408', 'ld_library_path_lib')
[4.661s] INFO:colcon.colcon_core.shell:Creating environment hook '/home/offroad/radar_ws/install/radar_conti_ars408/share/radar_conti_ars408/hook/ld_library_path_lib.ps1'
[4.662s] INFO:colcon.colcon_core.shell:Creating environment descriptor '/home/offroad/radar_ws/install/radar_conti_ars408/share/radar_conti_ars408/hook/ld_library_path_lib.dsv'
[4.662s] INFO:colcon.colcon_core.shell:Creating environment hook '/home/offroad/radar_ws/install/radar_conti_ars408/share/radar_conti_ars408/hook/ld_library_path_lib.sh'
[4.662s] Level 1:colcon.colcon_core.environment:checking '/home/offroad/radar_ws/install/radar_conti_ars408/bin'
[4.662s] Level 1:colcon.colcon_core.environment:checking '/home/offroad/radar_ws/install/radar_conti_ars408/lib/pkgconfig/radar_conti_ars408.pc'
[4.663s] Level 1:colcon.colcon_core.environment:checking '/home/offroad/radar_ws/install/radar_conti_ars408/lib/python3.8/site-packages'
[4.663s] Level 1:colcon.colcon_core.environment:checking '/home/offroad/radar_ws/install/radar_conti_ars408/bin'
[4.663s] INFO:colcon.colcon_core.shell:Creating package script '/home/offroad/radar_ws/install/radar_conti_ars408/share/radar_conti_ars408/package.ps1'
[4.664s] INFO:colcon.colcon_core.shell:Creating package descriptor '/home/offroad/radar_ws/install/radar_conti_ars408/share/radar_conti_ars408/package.dsv'
[4.664s] INFO:colcon.colcon_core.shell:Creating package script '/home/offroad/radar_ws/install/radar_conti_ars408/share/radar_conti_ars408/package.sh'
[4.665s] INFO:colcon.colcon_core.shell:Creating package script '/home/offroad/radar_ws/install/radar_conti_ars408/share/radar_conti_ars408/package.bash'
[4.665s] INFO:colcon.colcon_core.shell:Creating package script '/home/offroad/radar_ws/install/radar_conti_ars408/share/radar_conti_ars408/package.zsh'
[4.665s] Level 1:colcon.colcon_core.environment:create_file_with_runtime_dependencies(/home/offroad/radar_ws/install/radar_conti_ars408/share/colcon-core/packages/radar_conti_ars408)
[4.676s] DEBUG:colcon.colcon_parallel_executor.executor.parallel:closing loop
[4.676s] DEBUG:colcon.colcon_parallel_executor.executor.parallel:loop closed
[4.676s] DEBUG:colcon.colcon_parallel_executor.executor.parallel:run_until_complete finished with '2'
[4.676s] DEBUG:colcon.colcon_core.event_reactor:joining thread
[4.682s] INFO:colcon.colcon_core.plugin_system:Skipping extension 'colcon_notification.desktop_notification.terminal_notifier': Not used on non-Darwin systems
[4.682s] INFO:colcon.colcon_core.plugin_system:Skipping extension 'colcon_notification.desktop_notification.win32': Not used on non-Windows systems
[4.682s] INFO:colcon.colcon_notification.desktop_notification:Sending desktop notification using 'notify2'
[4.697s] DEBUG:colcon.colcon_core.event_reactor:joined thread
[4.697s] INFO:colcon.colcon_core.shell:Creating prefix script '/home/offroad/radar_ws/install/local_setup.ps1'
[4.698s] INFO:colcon.colcon_core.shell:Creating prefix util module '/home/offroad/radar_ws/install/_local_setup_util_ps1.py'
[4.699s] INFO:colcon.colcon_core.shell:Creating prefix chain script '/home/offroad/radar_ws/install/setup.ps1'
[4.700s] INFO:colcon.colcon_core.shell:Creating prefix script '/home/offroad/radar_ws/install/local_setup.sh'
[4.701s] INFO:colcon.colcon_core.shell:Creating prefix util module '/home/offroad/radar_ws/install/_local_setup_util_sh.py'
[4.701s] INFO:colcon.colcon_core.shell:Creating prefix chain script '/home/offroad/radar_ws/install/setup.sh'
[4.703s] INFO:colcon.colcon_core.shell:Creating prefix script '/home/offroad/radar_ws/install/local_setup.bash'
[4.703s] INFO:colcon.colcon_core.shell:Creating prefix chain script '/home/offroad/radar_ws/install/setup.bash'
[4.704s] INFO:colcon.colcon_core.shell:Creating prefix script '/home/offroad/radar_ws/install/local_setup.zsh'
[4.705s] INFO:colcon.colcon_core.shell:Creating prefix chain script '/home/offroad/radar_ws/install/setup.zsh'
