[0.067s] Invoking command in '/home/offroad/radar_ws/build/can_msgs': CMAKE_PREFIX_PATH=${CMAKE_PREFIX_PATH}:/opt/ros/foxy /usr/bin/cmake --build /home/offroad/radar_ws/build/can_msgs -- -j12 -l12
[0.263s] [  3%] Built target can_msgs__cpp
[0.267s] [ 12%] Built target can_msgs__rosidl_generator_c
[0.341s] [ 22%] Built target can_msgs__rosidl_typesupport_cpp
[0.343s] [ 32%] Built target can_msgs__rosidl_typesupport_introspection_cpp
[0.351s] [ 41%] Built target can_msgs__rosidl_typesupport_c
[0.351s] [ 51%] Built target can_msgs__rosidl_typesupport_introspection_c
[0.365s] [ 61%] Built target can_msgs__rosidl_typesupport_fastrtps_cpp
[0.450s] [ 70%] Built target can_msgs__rosidl_typesupport_fastrtps_c
[0.522s] [ 70%] Built target can_msgs
[0.611s] [ 74%] Built target can_msgs__py
[0.721s] [ 80%] Built target can_msgs__python
[0.816s] [100%] Built target can_msgs__rosidl_typesupport_fastrtps_c__pyext
[0.816s] [100%] Built target can_msgs__rosidl_typesupport_c__pyext
[0.816s] [100%] Built target can_msgs__rosidl_typesupport_introspection_c__pyext
[0.869s] Invoked command in '/home/offroad/radar_ws/build/can_msgs' returned '0': CMAKE_PREFIX_PATH=${CMAKE_PREFIX_PATH}:/opt/ros/foxy /usr/bin/cmake --build /home/offroad/radar_ws/build/can_msgs -- -j12 -l12
[1.134s] Invoking command in '/home/offroad/radar_ws/build/can_msgs': CMAKE_PREFIX_PATH=${CMAKE_PREFIX_PATH}:/opt/ros/foxy /usr/bin/cmake --install /home/offroad/radar_ws/build/can_msgs
[1.172s] -- Install configuration: ""
[1.174s] -- Up-to-date: /home/offroad/radar_ws/install/can_msgs/share/ament_index/resource_index/rosidl_interfaces/can_msgs
[1.175s] -- Up-to-date: /home/offroad/radar_ws/install/can_msgs/include/can_msgs
[1.175s] -- Up-to-date: /home/offroad/radar_ws/install/can_msgs/include/can_msgs/msg
[1.175s] -- Up-to-date: /home/offroad/radar_ws/install/can_msgs/include/can_msgs/msg/detail
[1.175s] -- Up-to-date: /home/offroad/radar_ws/install/can_msgs/include/can_msgs/msg/detail/frame__functions.h
[1.175s] -- Up-to-date: /home/offroad/radar_ws/install/can_msgs/include/can_msgs/msg/detail/frame__struct.h
[1.175s] -- Up-to-date: /home/offroad/radar_ws/install/can_msgs/include/can_msgs/msg/detail/frame__functions.c
[1.176s] -- Up-to-date: /home/offroad/radar_ws/install/can_msgs/include/can_msgs/msg/detail/frame__type_support.h
[1.176s] -- Up-to-date: /home/offroad/radar_ws/install/can_msgs/include/can_msgs/msg/rosidl_generator_c__visibility_control.h
[1.177s] -- Up-to-date: /home/offroad/radar_ws/install/can_msgs/include/can_msgs/msg/frame.h
[1.177s] -- Up-to-date: /home/offroad/radar_ws/install/can_msgs/share/can_msgs/environment/library_path.sh
[1.179s] -- Up-to-date: /home/offroad/radar_ws/install/can_msgs/share/can_msgs/environment/library_path.dsv
[1.180s] -- Up-to-date: /home/offroad/radar_ws/install/can_msgs/lib/libcan_msgs__rosidl_generator_c.so
[1.180s] -- Up-to-date: /home/offroad/radar_ws/install/can_msgs/include/can_msgs
[1.182s] -- Up-to-date: /home/offroad/radar_ws/install/can_msgs/include/can_msgs/msg
[1.183s] -- Up-to-date: /home/offroad/radar_ws/install/can_msgs/include/can_msgs/msg/detail
[1.184s] -- Up-to-date: /home/offroad/radar_ws/install/can_msgs/include/can_msgs/msg/detail/frame__rosidl_typesupport_fastrtps_c.h
[1.184s] -- Up-to-date: /home/offroad/radar_ws/install/can_msgs/include/can_msgs/msg/rosidl_typesupport_fastrtps_c__visibility_control.h
[1.184s] -- Up-to-date: /home/offroad/radar_ws/install/can_msgs/lib/libcan_msgs__rosidl_typesupport_fastrtps_c.so
[1.184s] -- Up-to-date: /home/offroad/radar_ws/install/can_msgs/include/can_msgs
[1.184s] -- Up-to-date: /home/offroad/radar_ws/install/can_msgs/include/can_msgs/msg
[1.184s] -- Up-to-date: /home/offroad/radar_ws/install/can_msgs/include/can_msgs/msg/detail
[1.185s] -- Up-to-date: /home/offroad/radar_ws/install/can_msgs/include/can_msgs/msg/detail/dds_fastrtps
[1.185s] -- Up-to-date: /home/offroad/radar_ws/install/can_msgs/include/can_msgs/msg/detail/frame__rosidl_typesupport_fastrtps_cpp.hpp
[1.187s] -- Up-to-date: /home/offroad/radar_ws/install/can_msgs/include/can_msgs/msg/rosidl_typesupport_fastrtps_cpp__visibility_control.h
[1.188s] -- Up-to-date: /home/offroad/radar_ws/install/can_msgs/lib/libcan_msgs__rosidl_typesupport_fastrtps_cpp.so
[1.188s] -- Up-to-date: /home/offroad/radar_ws/install/can_msgs/include/can_msgs
[1.188s] -- Up-to-date: /home/offroad/radar_ws/install/can_msgs/include/can_msgs/msg
[1.188s] -- Up-to-date: /home/offroad/radar_ws/install/can_msgs/include/can_msgs/msg/detail
[1.188s] -- Up-to-date: /home/offroad/radar_ws/install/can_msgs/include/can_msgs/msg/detail/frame__rosidl_typesupport_introspection_c.h
[1.189s] -- Up-to-date: /home/offroad/radar_ws/install/can_msgs/include/can_msgs/msg/detail/frame__type_support.c
[1.190s] -- Up-to-date: /home/offroad/radar_ws/install/can_msgs/include/can_msgs/msg/rosidl_typesupport_introspection_c__visibility_control.h
[1.190s] -- Up-to-date: /home/offroad/radar_ws/install/can_msgs/lib/libcan_msgs__rosidl_typesupport_introspection_c.so
[1.190s] -- Up-to-date: /home/offroad/radar_ws/install/can_msgs/lib/libcan_msgs__rosidl_typesupport_c.so
[1.192s] -- Up-to-date: /home/offroad/radar_ws/install/can_msgs/include/can_msgs
[1.192s] -- Up-to-date: /home/offroad/radar_ws/install/can_msgs/include/can_msgs/msg
[1.192s] -- Up-to-date: /home/offroad/radar_ws/install/can_msgs/include/can_msgs/msg/detail
[1.192s] -- Up-to-date: /home/offroad/radar_ws/install/can_msgs/include/can_msgs/msg/detail/frame__builder.hpp
[1.193s] -- Up-to-date: /home/offroad/radar_ws/install/can_msgs/include/can_msgs/msg/detail/frame__traits.hpp
[1.193s] -- Up-to-date: /home/offroad/radar_ws/install/can_msgs/include/can_msgs/msg/detail/frame__struct.hpp
[1.193s] -- Up-to-date: /home/offroad/radar_ws/install/can_msgs/include/can_msgs/msg/frame.hpp
[1.193s] -- Up-to-date: /home/offroad/radar_ws/install/can_msgs/include/can_msgs
[1.193s] -- Up-to-date: /home/offroad/radar_ws/install/can_msgs/include/can_msgs/msg
[1.194s] -- Up-to-date: /home/offroad/radar_ws/install/can_msgs/include/can_msgs/msg/detail
[1.194s] -- Up-to-date: /home/offroad/radar_ws/install/can_msgs/include/can_msgs/msg/detail/frame__type_support.cpp
[1.194s] -- Up-to-date: /home/offroad/radar_ws/install/can_msgs/include/can_msgs/msg/detail/frame__rosidl_typesupport_introspection_cpp.hpp
[1.194s] -- Up-to-date: /home/offroad/radar_ws/install/can_msgs/lib/libcan_msgs__rosidl_typesupport_introspection_cpp.so
[1.194s] -- Up-to-date: /home/offroad/radar_ws/install/can_msgs/lib/libcan_msgs__rosidl_typesupport_cpp.so
[1.194s] -- Up-to-date: /home/offroad/radar_ws/install/can_msgs/share/can_msgs/environment/pythonpath.sh
[1.195s] -- Up-to-date: /home/offroad/radar_ws/install/can_msgs/share/can_msgs/environment/pythonpath.dsv
[1.196s] -- Up-to-date: /home/offroad/radar_ws/install/can_msgs/lib/python3.8/site-packages/can_msgs/__init__.py
[1.320s] -- Up-to-date: /home/offroad/radar_ws/install/can_msgs/lib/python3.8/site-packages/can_msgs/msg
[1.321s] -- Up-to-date: /home/offroad/radar_ws/install/can_msgs/lib/python3.8/site-packages/can_msgs/msg/__init__.py
[1.322s] -- Up-to-date: /home/offroad/radar_ws/install/can_msgs/lib/python3.8/site-packages/can_msgs/msg/_frame.py
[1.322s] -- Up-to-date: /home/offroad/radar_ws/install/can_msgs/lib/python3.8/site-packages/can_msgs/msg/_frame_s.c
[1.323s] -- Up-to-date: /home/offroad/radar_ws/install/can_msgs/lib/python3.8/site-packages/can_msgs/can_msgs_s__rosidl_typesupport_fastrtps_c.cpython-38-x86_64-linux-gnu.so
[1.324s] -- Up-to-date: /home/offroad/radar_ws/install/can_msgs/lib/python3.8/site-packages/can_msgs/can_msgs_s__rosidl_typesupport_introspection_c.cpython-38-x86_64-linux-gnu.so
[1.324s] -- Up-to-date: /home/offroad/radar_ws/install/can_msgs/lib/python3.8/site-packages/can_msgs/can_msgs_s__rosidl_typesupport_c.cpython-38-x86_64-linux-gnu.so
[1.325s] -- Up-to-date: /home/offroad/radar_ws/install/can_msgs/lib/libcan_msgs__python.so
[1.326s] -- Up-to-date: /home/offroad/radar_ws/install/can_msgs/share/can_msgs/msg/Frame.idl
[1.327s] -- Up-to-date: /home/offroad/radar_ws/install/can_msgs/share/can_msgs/msg/Frame.msg
[1.328s] -- Up-to-date: /home/offroad/radar_ws/install/can_msgs/share/ament_index/resource_index/package_run_dependencies/can_msgs
[1.328s] -- Up-to-date: /home/offroad/radar_ws/install/can_msgs/share/ament_index/resource_index/parent_prefix_path/can_msgs
[1.328s] -- Up-to-date: /home/offroad/radar_ws/install/can_msgs/share/can_msgs/environment/ament_prefix_path.sh
[1.328s] -- Up-to-date: /home/offroad/radar_ws/install/can_msgs/share/can_msgs/environment/ament_prefix_path.dsv
[1.329s] -- Up-to-date: /home/offroad/radar_ws/install/can_msgs/share/can_msgs/environment/path.sh
[1.329s] -- Up-to-date: /home/offroad/radar_ws/install/can_msgs/share/can_msgs/environment/path.dsv
[1.330s] -- Up-to-date: /home/offroad/radar_ws/install/can_msgs/share/can_msgs/local_setup.bash
[1.331s] -- Up-to-date: /home/offroad/radar_ws/install/can_msgs/share/can_msgs/local_setup.sh
[1.331s] -- Up-to-date: /home/offroad/radar_ws/install/can_msgs/share/can_msgs/local_setup.zsh
[1.332s] -- Up-to-date: /home/offroad/radar_ws/install/can_msgs/share/can_msgs/local_setup.dsv
[1.332s] -- Installing: /home/offroad/radar_ws/install/can_msgs/share/can_msgs/package.dsv
[1.332s] -- Up-to-date: /home/offroad/radar_ws/install/can_msgs/share/ament_index/resource_index/packages/can_msgs
[1.332s] -- Up-to-date: /home/offroad/radar_ws/install/can_msgs/share/can_msgs/cmake/can_msgs__rosidl_generator_cExport.cmake
[1.332s] -- Up-to-date: /home/offroad/radar_ws/install/can_msgs/share/can_msgs/cmake/can_msgs__rosidl_generator_cExport-noconfig.cmake
[1.332s] -- Up-to-date: /home/offroad/radar_ws/install/can_msgs/share/can_msgs/cmake/can_msgs__rosidl_typesupport_introspection_cExport.cmake
[1.332s] -- Up-to-date: /home/offroad/radar_ws/install/can_msgs/share/can_msgs/cmake/can_msgs__rosidl_typesupport_introspection_cExport-noconfig.cmake
[1.332s] -- Up-to-date: /home/offroad/radar_ws/install/can_msgs/share/can_msgs/cmake/can_msgs__rosidl_typesupport_cExport.cmake
[1.333s] -- Up-to-date: /home/offroad/radar_ws/install/can_msgs/share/can_msgs/cmake/can_msgs__rosidl_typesupport_cExport-noconfig.cmake
[1.333s] -- Up-to-date: /home/offroad/radar_ws/install/can_msgs/share/can_msgs/cmake/can_msgs__rosidl_generator_cppExport.cmake
[1.333s] -- Up-to-date: /home/offroad/radar_ws/install/can_msgs/share/can_msgs/cmake/can_msgs__rosidl_typesupport_introspection_cppExport.cmake
[1.333s] -- Up-to-date: /home/offroad/radar_ws/install/can_msgs/share/can_msgs/cmake/can_msgs__rosidl_typesupport_introspection_cppExport-noconfig.cmake
[1.334s] -- Up-to-date: /home/offroad/radar_ws/install/can_msgs/share/can_msgs/cmake/can_msgs__rosidl_typesupport_cppExport.cmake
[1.334s] -- Up-to-date: /home/offroad/radar_ws/install/can_msgs/share/can_msgs/cmake/can_msgs__rosidl_typesupport_cppExport-noconfig.cmake
[1.334s] -- Up-to-date: /home/offroad/radar_ws/install/can_msgs/share/can_msgs/cmake/rosidl_cmake-extras.cmake
[1.335s] -- Up-to-date: /home/offroad/radar_ws/install/can_msgs/share/can_msgs/cmake/ament_cmake_export_dependencies-extras.cmake
[1.335s] -- Up-to-date: /home/offroad/radar_ws/install/can_msgs/share/can_msgs/cmake/ament_cmake_export_libraries-extras.cmake
[1.335s] -- Up-to-date: /home/offroad/radar_ws/install/can_msgs/share/can_msgs/cmake/ament_cmake_export_targets-extras.cmake
[1.335s] -- Up-to-date: /home/offroad/radar_ws/install/can_msgs/share/can_msgs/cmake/ament_cmake_export_include_directories-extras.cmake
[1.335s] -- Up-to-date: /home/offroad/radar_ws/install/can_msgs/share/can_msgs/cmake/rosidl_cmake_export_typesupport_libraries-extras.cmake
[1.335s] -- Up-to-date: /home/offroad/radar_ws/install/can_msgs/share/can_msgs/cmake/rosidl_cmake_export_typesupport_targets-extras.cmake
[1.335s] -- Up-to-date: /home/offroad/radar_ws/install/can_msgs/share/can_msgs/cmake/can_msgsConfig.cmake
[1.335s] -- Up-to-date: /home/offroad/radar_ws/install/can_msgs/share/can_msgs/cmake/can_msgsConfig-version.cmake
[1.336s] -- Up-to-date: /home/offroad/radar_ws/install/can_msgs/share/can_msgs/package.xml
[1.344s] Invoked command in '/home/offroad/radar_ws/build/can_msgs' returned '0': CMAKE_PREFIX_PATH=${CMAKE_PREFIX_PATH}:/opt/ros/foxy /usr/bin/cmake --install /home/offroad/radar_ws/build/can_msgs
